	.text
	.syntax unified
	.eabi_attribute	67, "2.09"	@ Tag_conformance
	.cpu	cortex-m4
	.eabi_attribute	6, 13	@ Tag_CPU_arch
	.eabi_attribute	7, 77	@ Tag_CPU_arch_profile
	.eabi_attribute	8, 0	@ Tag_ARM_ISA_use
	.eabi_attribute	9, 2	@ Tag_THUMB_ISA_use
	.fpu	fpv4-sp-d16
	.eabi_attribute	27, 1	@ Tag_ABI_HardFP_use
	.eabi_attribute	36, 1	@ Tag_FP_HP_extension
	.eabi_attribute	34, 1	@ Tag_CPU_unaligned_access
	.eabi_attribute	17, 1	@ Tag_ABI_PCS_GOT_use
	.eabi_attribute	20, 2	@ Tag_ABI_FP_denormal
	.eabi_attribute	21, 0	@ Tag_ABI_FP_exceptions
	.eabi_attribute	23, 1	@ Tag_ABI_FP_number_model
	.eabi_attribute	24, 1	@ Tag_ABI_align_needed
	.eabi_attribute	25, 1	@ Tag_ABI_align_preserved
	.eabi_attribute	28, 1	@ Tag_ABI_VFP_args
	.eabi_attribute	38, 1	@ Tag_ABI_FP_16bit_format
	.eabi_attribute	18, 2	@ Tag_ABI_PCS_wchar_t
	.eabi_attribute	26, 1	@ Tag_ABI_enum_size
	.eabi_attribute	14, 0	@ Tag_ABI_PCS_R9_use
	.file	"flash_if.c"
	.file	1 "F:\\SkyDrive\\OtvoreniProjekti\\HotelSaplast\\fw\\KontrolerHotela\\HCBL020318\\Project" "../Libraries/CMSIS/Device/ST/STM32F4xx/Include\\stm32f4xx.h"
	.file	2 "F:\\SkyDrive\\OtvoreniProjekti\\HotelSaplast\\fw\\KontrolerHotela\\HCBL020318\\Project" "../Libraries/STM32F4xx_StdPeriph_Driver/inc\\stm32f4xx_flash.h"
	.file	3 "C:\\Keil\\ARM\\ARMCLANG\\Bin\\..\\include" "stdint.h"
	.section	.text.FLASH_If_FlashUnlock,"ax",%progbits
	.hidden	FLASH_If_FlashUnlock    @ -- Begin function FLASH_If_FlashUnlock
	.globl	FLASH_If_FlashUnlock
	.p2align	1
	.type	FLASH_If_FlashUnlock,%function
	.code	16                      @ @FLASH_If_FlashUnlock
	.thumb_func
FLASH_If_FlashUnlock:
.Lfunc_begin0:
	.file	4 "F:\\SkyDrive\\OtvoreniProjekti\\HotelSaplast\\fw\\KontrolerHotela\\HCBL020318\\Project" "../Driver/flash_if.c"
	.loc	4 56 0                  @ ../Driver/flash_if.c:56:0
	.fnstart
	.cfi_sections .debug_frame
	.cfi_startproc
@ %bb.0:
	.loc	4 57 3 prologue_end     @ ../Driver/flash_if.c:57:3
	b	FLASH_Unlock
.Ltmp0:
.Lfunc_end0:
	.size	FLASH_If_FlashUnlock, .Lfunc_end0-FLASH_If_FlashUnlock
	.cfi_endproc
	.cantunwind
	.fnend
                                        @ -- End function
	.section	.text.FLASH_If_ReadOutProtectionStatus,"ax",%progbits
	.hidden	FLASH_If_ReadOutProtectionStatus @ -- Begin function FLASH_If_ReadOutProtectionStatus
	.globl	FLASH_If_ReadOutProtectionStatus
	.p2align	1
	.type	FLASH_If_ReadOutProtectionStatus,%function
	.code	16                      @ @FLASH_If_ReadOutProtectionStatus
	.thumb_func
FLASH_If_ReadOutProtectionStatus:
.Lfunc_begin1:
	.loc	4 66 0                  @ ../Driver/flash_if.c:66:0
	.fnstart
	.cfi_startproc
@ %bb.0:
	.save	{r7, lr}
	push	{r7, lr}
	.cfi_def_cfa_offset 8
	.cfi_offset lr, -4
	.cfi_offset r7, -8
.Ltmp1:
	@DEBUG_VALUE: FLASH_If_ReadOutProtectionStatus:readoutstatus <- 0
	.loc	4 68 7 prologue_end     @ ../Driver/flash_if.c:68:7
	bl	FLASH_OB_GetRDP
	.loc	4 68 25 is_stmt 0       @ ../Driver/flash_if.c:68:25
	subs	r0, #1
	clz	r0, r0
	lsrs	r0, r0, #5
.Ltmp2:
	@DEBUG_VALUE: FLASH_If_ReadOutProtectionStatus:readoutstatus <- undef
	.loc	4 76 3 is_stmt 1        @ ../Driver/flash_if.c:76:3
	pop	{r7, pc}
.Ltmp3:
.Lfunc_end1:
	.size	FLASH_If_ReadOutProtectionStatus, .Lfunc_end1-FLASH_If_ReadOutProtectionStatus
	.cfi_endproc
	.cantunwind
	.fnend
                                        @ -- End function
	.section	.text.FLASH_If_EraseSectors,"ax",%progbits
	.hidden	FLASH_If_EraseSectors   @ -- Begin function FLASH_If_EraseSectors
	.globl	FLASH_If_EraseSectors
	.p2align	2
	.type	FLASH_If_EraseSectors,%function
	.code	16                      @ @FLASH_If_EraseSectors
	.thumb_func
FLASH_If_EraseSectors:
.Lfunc_begin2:
	.loc	4 86 0                  @ ../Driver/flash_if.c:86:0
	.fnstart
	.cfi_startproc
@ %bb.0:
	.save	{r4, lr}
	push	{r4, lr}
	.cfi_def_cfa_offset 8
	.cfi_offset lr, -4
	.cfi_offset r4, -8
	@DEBUG_VALUE: FLASH_If_EraseSectors:Address <- $r0
	@DEBUG_VALUE: FLASH_If_EraseSectors:Address <- $r0
.Ltmp4:
	@DEBUG_VALUE: FLASH_If_GetSectorNumber:Address <- $r0
	@DEBUG_VALUE: FLASH_If_GetSectorNumber:Address <- $r0
	@DEBUG_VALUE: FLASH_If_EraseSectors:startsector <- 0
	@DEBUG_VALUE: FLASH_If_EraseSectors:erasestatus <- 9
	@DEBUG_VALUE: FLASH_If_GetSectorNumber:sector <- 0
	.loc	4 136 36 prologue_end   @ ../Driver/flash_if.c:136:36
	add.w	r1, r0, #-134217728
	cmp.w	r1, #65536
	bhs	.LBB2_2
.Ltmp5:
@ %bb.1:
	@DEBUG_VALUE: FLASH_If_GetSectorNumber:Address <- $r0
	@DEBUG_VALUE: FLASH_If_EraseSectors:Address <- $r0
	.loc	4 0 36 is_stmt 0        @ ../Driver/flash_if.c:0:36
	mvn	r0, #7
.Ltmp6:
	.loc	4 136 36                @ ../Driver/flash_if.c:136:36
	and.w	r4, r0, r1, lsr #11
	b	.LBB2_7
.LBB2_2:
.Ltmp7:
	@DEBUG_VALUE: FLASH_If_GetSectorNumber:Address <- $r0
	@DEBUG_VALUE: FLASH_If_EraseSectors:Address <- $r0
	.loc	4 0 36                  @ ../Driver/flash_if.c:0:36
	movw	r1, #2049
.Ltmp8:
	.loc	4 152 41 is_stmt 1      @ ../Driver/flash_if.c:152:41
	cmp.w	r1, r0, lsr #16
	bne	.LBB2_4
.Ltmp9:
@ %bb.3:
	@DEBUG_VALUE: FLASH_If_GetSectorNumber:Address <- $r0
	@DEBUG_VALUE: FLASH_If_EraseSectors:Address <- $r0
	.loc	4 0 41 is_stmt 0        @ ../Driver/flash_if.c:0:41
	movs	r4, #32
	b	.LBB2_7
.Ltmp10:
.LBB2_4:
	@DEBUG_VALUE: FLASH_If_GetSectorNumber:Address <- $r0
	@DEBUG_VALUE: FLASH_If_EraseSectors:Address <- $r0
	ldr	r1, __arm_cp.2_1
.Ltmp11:
	.loc	4 156 41 is_stmt 1      @ ../Driver/flash_if.c:156:41
	add.w	r2, r1, #134217728
	ands	r0, r2
.Ltmp12:
	add	r1, r0
	cmp.w	r1, #655360
	bhs	.LBB2_6
@ %bb.5:
	.loc	4 0 41 is_stmt 0        @ ../Driver/flash_if.c:0:41
	movs	r0, #40
	.loc	4 156 41                @ ../Driver/flash_if.c:156:41
	add.w	r4, r0, r1, lsr #14
	b	.LBB2_7
.LBB2_6:
	.loc	4 0 41                  @ ../Driver/flash_if.c:0:41
	ldr	r1, __arm_cp.2_0
	movs	r4, #88
.Ltmp13:
	.loc	4 176 42 is_stmt 1      @ ../Driver/flash_if.c:176:42
	add.w	r1, r1, #720896
	cmp	r0, r1
	it	eq
	moveq	r4, #80
.Ltmp14:
.LBB2_7:
	.loc	4 0 42 is_stmt 0        @ ../Driver/flash_if.c:0:42
	movs	r0, #9
	b	.LBB2_10
.LBB2_8:                                @   in Loop: Header=BB2_10 Depth=1
.Ltmp15:
	@DEBUG_VALUE: FLASH_If_EraseSectors:erasestatus <- $r0
	@DEBUG_VALUE: FLASH_If_EraseSectors:sectorindex <- $r4
	.loc	4 96 3 is_stmt 1        @ ../Driver/flash_if.c:96:3
	cmp	r0, #9
	bne	.LBB2_11
.Ltmp16:
@ %bb.9:                                @   in Loop: Header=BB2_10 Depth=1
	@DEBUG_VALUE: FLASH_If_EraseSectors:erasestatus <- $r0
	@DEBUG_VALUE: FLASH_If_EraseSectors:sectorindex <- $r4
	.loc	4 98 19                 @ ../Driver/flash_if.c:98:19
	mov	r0, r4
.Ltmp17:
	movs	r1, #2
	bl	FLASH_EraseSector
	.loc	4 99 17                 @ ../Driver/flash_if.c:99:17
	adds	r4, #8
.Ltmp18:
	@DEBUG_VALUE: FLASH_If_EraseSectors:sectorindex <- $r4
	@DEBUG_VALUE: FLASH_If_EraseSectors:erasestatus <- undef
.LBB2_10:                               @ =>This Inner Loop Header: Depth=1
	@DEBUG_VALUE: FLASH_If_EraseSectors:erasestatus <- $r0
	@DEBUG_VALUE: FLASH_If_EraseSectors:sectorindex <- $r4
	.loc	4 96 3                  @ ../Driver/flash_if.c:96:3
	cmp	r4, #88
	bls	.LBB2_8
.Ltmp19:
.LBB2_11:
	@DEBUG_VALUE: FLASH_If_EraseSectors:erasestatus <- $r0
	@DEBUG_VALUE: FLASH_If_EraseSectors:sectorindex <- $r4
	.loc	4 96 23 is_stmt 0       @ ../Driver/flash_if.c:96:23
	eor	r0, r0, #9
.Ltmp20:
	.loc	4 102 20 is_stmt 1      @ ../Driver/flash_if.c:102:20
	eor	r1, r4, #96
	.loc	4 102 46 is_stmt 0      @ ../Driver/flash_if.c:102:46
	orrs	r0, r1
	it	ne
	movne	r0, #1
.Ltmp21:
	.loc	4 110 1 is_stmt 1       @ ../Driver/flash_if.c:110:1
	pop	{r4, pc}
.Ltmp22:
	.p2align	2
@ %bb.12:
	.loc	4 0 1 is_stmt 0         @ ../Driver/flash_if.c:0:1
__arm_cp.2_0:
	.long	134283264               @ 0x8010000
.Lcpi_end0:
	.size	__arm_cp.2_0, .Lcpi_end0-__arm_cp.2_0
__arm_cp.2_1:
	.long	4160618496              @ 0xf7fe0000
.Lcpi_end1:
	.size	__arm_cp.2_1, .Lcpi_end1-__arm_cp.2_1
.Lfunc_end2:
	.size	FLASH_If_EraseSectors, .Lfunc_end2-FLASH_If_EraseSectors
	.cfi_endproc
	.cantunwind
	.fnend
                                        @ -- End function
	.section	.text.FLASH_If_ProgramWord,"ax",%progbits
	.hidden	FLASH_If_ProgramWord    @ -- Begin function FLASH_If_ProgramWord
	.globl	FLASH_If_ProgramWord
	.p2align	1
	.type	FLASH_If_ProgramWord,%function
	.code	16                      @ @FLASH_If_ProgramWord
	.thumb_func
FLASH_If_ProgramWord:
.Lfunc_begin3:
	.loc	4 120 0 is_stmt 1       @ ../Driver/flash_if.c:120:0
	.fnstart
	.cfi_startproc
@ %bb.0:
	@DEBUG_VALUE: FLASH_If_ProgramWord:Address <- $r0
	@DEBUG_VALUE: FLASH_If_ProgramWord:Address <- $r0
	@DEBUG_VALUE: FLASH_If_ProgramWord:Address <- $r0
	@DEBUG_VALUE: FLASH_If_ProgramWord:Data <- $r1
	@DEBUG_VALUE: FLASH_If_ProgramWord:Data <- $r1
	@DEBUG_VALUE: FLASH_If_ProgramWord:Data <- $r1
	@DEBUG_VALUE: FLASH_If_ProgramWord:status <- 9
	.loc	4 123 12 prologue_end   @ ../Driver/flash_if.c:123:12
	b	FLASH_ProgramWord
.Ltmp23:
.Lfunc_end3:
	.size	FLASH_If_ProgramWord, .Lfunc_end3-FLASH_If_ProgramWord
	.cfi_endproc
	.cantunwind
	.fnend
                                        @ -- End function
	.section	.debug_str,"MS",%progbits,1
.Linfo_string0:
	.asciz	"Component: ARM Compiler 6.12 Tool: armclang [5d624a00]" @ string offset=0
.Linfo_string1:
	.asciz	"../Driver\\flash_if.c" @ string offset=55
.Linfo_string2:
	.asciz	"F:\\SkyDrive\\OtvoreniProjekti\\HotelSaplast\\fw\\KontrolerHotela\\HCBL020318\\Project" @ string offset=76
.Linfo_string3:
	.asciz	"unsigned char"         @ string offset=156
.Linfo_string4:
	.asciz	"RESET"                 @ string offset=170
.Linfo_string5:
	.asciz	"SET"                   @ string offset=176
.Linfo_string6:
	.asciz	"FLASH_BUSY"            @ string offset=180
.Linfo_string7:
	.asciz	"FLASH_ERROR_RD"        @ string offset=191
.Linfo_string8:
	.asciz	"FLASH_ERROR_PGS"       @ string offset=206
.Linfo_string9:
	.asciz	"FLASH_ERROR_PGP"       @ string offset=222
.Linfo_string10:
	.asciz	"FLASH_ERROR_PGA"       @ string offset=238
.Linfo_string11:
	.asciz	"FLASH_ERROR_WRP"       @ string offset=254
.Linfo_string12:
	.asciz	"FLASH_ERROR_PROGRAM"   @ string offset=270
.Linfo_string13:
	.asciz	"FLASH_ERROR_OPERATION" @ string offset=290
.Linfo_string14:
	.asciz	"FLASH_COMPLETE"        @ string offset=312
.Linfo_string15:
	.asciz	"unsigned short"        @ string offset=327
.Linfo_string16:
	.asciz	"uint16_t"              @ string offset=342
.Linfo_string17:
	.asciz	"uint8_t"               @ string offset=351
.Linfo_string18:
	.asciz	"unsigned int"          @ string offset=359
.Linfo_string19:
	.asciz	"uint32_t"              @ string offset=372
.Linfo_string20:
	.asciz	"FLASH_If_GetSectorNumber" @ string offset=381
.Linfo_string21:
	.asciz	"Address"               @ string offset=406
.Linfo_string22:
	.asciz	"sector"                @ string offset=414
.Linfo_string23:
	.asciz	"FLASH_If_FlashUnlock"  @ string offset=421
.Linfo_string24:
	.asciz	"FLASH_If_ReadOutProtectionStatus" @ string offset=442
.Linfo_string25:
	.asciz	"FlagStatus"            @ string offset=475
.Linfo_string26:
	.asciz	"FLASH_If_EraseSectors" @ string offset=486
.Linfo_string27:
	.asciz	"FLASH_If_ProgramWord"  @ string offset=508
.Linfo_string28:
	.asciz	"FLASH_Status"          @ string offset=529
.Linfo_string29:
	.asciz	"readoutstatus"         @ string offset=542
.Linfo_string30:
	.asciz	"startsector"           @ string offset=556
.Linfo_string31:
	.asciz	"erasestatus"           @ string offset=568
.Linfo_string32:
	.asciz	"sectorindex"           @ string offset=580
.Linfo_string33:
	.asciz	"Data"                  @ string offset=592
.Linfo_string34:
	.asciz	"status"                @ string offset=597
	.section	.debug_loc,"",%progbits
.Ldebug_loc0:
	.long	.Ltmp1
	.long	.Ltmp2
	.short	1                       @ Loc expr size
	.byte	48                      @ DW_OP_lit0
	.long	0
	.long	0
.Ldebug_loc1:
	.long	.Lfunc_begin2
	.long	.Ltmp6
	.short	1                       @ Loc expr size
	.byte	80                      @ DW_OP_reg0
	.long	.Ltmp7
	.long	.Ltmp12
	.short	1                       @ Loc expr size
	.byte	80                      @ DW_OP_reg0
	.long	0
	.long	0
.Ldebug_loc2:
	.long	.Ltmp4
	.long	.Ltmp6
	.short	1                       @ Loc expr size
	.byte	80                      @ DW_OP_reg0
	.long	.Ltmp7
	.long	.Ltmp12
	.short	1                       @ Loc expr size
	.byte	80                      @ DW_OP_reg0
	.long	0
	.long	0
.Ldebug_loc3:
	.long	.Ltmp4
	.long	.Ltmp15
	.short	1                       @ Loc expr size
	.byte	57                      @ DW_OP_lit9
	.long	.Ltmp15
	.long	.Ltmp17
	.short	1                       @ Loc expr size
	.byte	80                      @ DW_OP_reg0
	.long	.Ltmp18
	.long	.Ltmp20
	.short	1                       @ Loc expr size
	.byte	80                      @ DW_OP_reg0
	.long	0
	.long	0
.Ldebug_loc4:
	.long	.Ltmp15
	.long	.Ltmp22
	.short	1                       @ Loc expr size
	.byte	84                      @ DW_OP_reg4
	.long	0
	.long	0
	.section	.debug_abbrev,"",%progbits
	.byte	1                       @ Abbreviation Code
	.byte	17                      @ DW_TAG_compile_unit
	.byte	1                       @ DW_CHILDREN_yes
	.byte	37                      @ DW_AT_producer
	.byte	14                      @ DW_FORM_strp
	.byte	19                      @ DW_AT_language
	.byte	5                       @ DW_FORM_data2
	.byte	3                       @ DW_AT_name
	.byte	14                      @ DW_FORM_strp
	.byte	16                      @ DW_AT_stmt_list
	.byte	6                       @ DW_FORM_data4
	.byte	27                      @ DW_AT_comp_dir
	.byte	14                      @ DW_FORM_strp
	.byte	17                      @ DW_AT_low_pc
	.byte	1                       @ DW_FORM_addr
	.byte	85                      @ DW_AT_ranges
	.byte	6                       @ DW_FORM_data4
	.byte	0                       @ EOM(1)
	.byte	0                       @ EOM(2)
	.byte	2                       @ Abbreviation Code
	.byte	4                       @ DW_TAG_enumeration_type
	.byte	1                       @ DW_CHILDREN_yes
	.byte	73                      @ DW_AT_type
	.byte	19                      @ DW_FORM_ref4
	.byte	11                      @ DW_AT_byte_size
	.byte	11                      @ DW_FORM_data1
	.byte	58                      @ DW_AT_decl_file
	.byte	11                      @ DW_FORM_data1
	.byte	59                      @ DW_AT_decl_line
	.byte	5                       @ DW_FORM_data2
	.byte	0                       @ EOM(1)
	.byte	0                       @ EOM(2)
	.byte	3                       @ Abbreviation Code
	.byte	40                      @ DW_TAG_enumerator
	.byte	0                       @ DW_CHILDREN_no
	.byte	3                       @ DW_AT_name
	.byte	14                      @ DW_FORM_strp
	.byte	28                      @ DW_AT_const_value
	.byte	15                      @ DW_FORM_udata
	.byte	0                       @ EOM(1)
	.byte	0                       @ EOM(2)
	.byte	4                       @ Abbreviation Code
	.byte	36                      @ DW_TAG_base_type
	.byte	0                       @ DW_CHILDREN_no
	.byte	3                       @ DW_AT_name
	.byte	14                      @ DW_FORM_strp
	.byte	62                      @ DW_AT_encoding
	.byte	11                      @ DW_FORM_data1
	.byte	11                      @ DW_AT_byte_size
	.byte	11                      @ DW_FORM_data1
	.byte	0                       @ EOM(1)
	.byte	0                       @ EOM(2)
	.byte	5                       @ Abbreviation Code
	.byte	4                       @ DW_TAG_enumeration_type
	.byte	1                       @ DW_CHILDREN_yes
	.byte	73                      @ DW_AT_type
	.byte	19                      @ DW_FORM_ref4
	.byte	11                      @ DW_AT_byte_size
	.byte	11                      @ DW_FORM_data1
	.byte	58                      @ DW_AT_decl_file
	.byte	11                      @ DW_FORM_data1
	.byte	59                      @ DW_AT_decl_line
	.byte	11                      @ DW_FORM_data1
	.byte	0                       @ EOM(1)
	.byte	0                       @ EOM(2)
	.byte	6                       @ Abbreviation Code
	.byte	22                      @ DW_TAG_typedef
	.byte	0                       @ DW_CHILDREN_no
	.byte	73                      @ DW_AT_type
	.byte	19                      @ DW_FORM_ref4
	.byte	3                       @ DW_AT_name
	.byte	14                      @ DW_FORM_strp
	.byte	58                      @ DW_AT_decl_file
	.byte	11                      @ DW_FORM_data1
	.byte	59                      @ DW_AT_decl_line
	.byte	11                      @ DW_FORM_data1
	.byte	0                       @ EOM(1)
	.byte	0                       @ EOM(2)
	.byte	7                       @ Abbreviation Code
	.byte	46                      @ DW_TAG_subprogram
	.byte	0                       @ DW_CHILDREN_no
	.byte	17                      @ DW_AT_low_pc
	.byte	1                       @ DW_FORM_addr
	.byte	18                      @ DW_AT_high_pc
	.byte	1                       @ DW_FORM_addr
	.byte	64                      @ DW_AT_frame_base
	.byte	10                      @ DW_FORM_block1
	.byte	3                       @ DW_AT_name
	.byte	14                      @ DW_FORM_strp
	.byte	58                      @ DW_AT_decl_file
	.byte	11                      @ DW_FORM_data1
	.byte	59                      @ DW_AT_decl_line
	.byte	11                      @ DW_FORM_data1
	.byte	39                      @ DW_AT_prototyped
	.byte	12                      @ DW_FORM_flag
	.byte	63                      @ DW_AT_external
	.byte	12                      @ DW_FORM_flag
	.byte	0                       @ EOM(1)
	.byte	0                       @ EOM(2)
	.byte	8                       @ Abbreviation Code
	.byte	46                      @ DW_TAG_subprogram
	.byte	1                       @ DW_CHILDREN_yes
	.byte	17                      @ DW_AT_low_pc
	.byte	1                       @ DW_FORM_addr
	.byte	18                      @ DW_AT_high_pc
	.byte	1                       @ DW_FORM_addr
	.byte	64                      @ DW_AT_frame_base
	.byte	10                      @ DW_FORM_block1
	.byte	3                       @ DW_AT_name
	.byte	14                      @ DW_FORM_strp
	.byte	58                      @ DW_AT_decl_file
	.byte	11                      @ DW_FORM_data1
	.byte	59                      @ DW_AT_decl_line
	.byte	11                      @ DW_FORM_data1
	.byte	39                      @ DW_AT_prototyped
	.byte	12                      @ DW_FORM_flag
	.byte	73                      @ DW_AT_type
	.byte	19                      @ DW_FORM_ref4
	.byte	63                      @ DW_AT_external
	.byte	12                      @ DW_FORM_flag
	.byte	0                       @ EOM(1)
	.byte	0                       @ EOM(2)
	.byte	9                       @ Abbreviation Code
	.byte	52                      @ DW_TAG_variable
	.byte	0                       @ DW_CHILDREN_no
	.byte	2                       @ DW_AT_location
	.byte	6                       @ DW_FORM_data4
	.byte	3                       @ DW_AT_name
	.byte	14                      @ DW_FORM_strp
	.byte	58                      @ DW_AT_decl_file
	.byte	11                      @ DW_FORM_data1
	.byte	59                      @ DW_AT_decl_line
	.byte	11                      @ DW_FORM_data1
	.byte	73                      @ DW_AT_type
	.byte	19                      @ DW_FORM_ref4
	.byte	0                       @ EOM(1)
	.byte	0                       @ EOM(2)
	.byte	10                      @ Abbreviation Code
	.byte	46                      @ DW_TAG_subprogram
	.byte	1                       @ DW_CHILDREN_yes
	.byte	3                       @ DW_AT_name
	.byte	14                      @ DW_FORM_strp
	.byte	58                      @ DW_AT_decl_file
	.byte	11                      @ DW_FORM_data1
	.byte	59                      @ DW_AT_decl_line
	.byte	11                      @ DW_FORM_data1
	.byte	39                      @ DW_AT_prototyped
	.byte	12                      @ DW_FORM_flag
	.byte	73                      @ DW_AT_type
	.byte	19                      @ DW_FORM_ref4
	.byte	32                      @ DW_AT_inline
	.byte	11                      @ DW_FORM_data1
	.byte	0                       @ EOM(1)
	.byte	0                       @ EOM(2)
	.byte	11                      @ Abbreviation Code
	.byte	5                       @ DW_TAG_formal_parameter
	.byte	0                       @ DW_CHILDREN_no
	.byte	3                       @ DW_AT_name
	.byte	14                      @ DW_FORM_strp
	.byte	58                      @ DW_AT_decl_file
	.byte	11                      @ DW_FORM_data1
	.byte	59                      @ DW_AT_decl_line
	.byte	11                      @ DW_FORM_data1
	.byte	73                      @ DW_AT_type
	.byte	19                      @ DW_FORM_ref4
	.byte	0                       @ EOM(1)
	.byte	0                       @ EOM(2)
	.byte	12                      @ Abbreviation Code
	.byte	52                      @ DW_TAG_variable
	.byte	0                       @ DW_CHILDREN_no
	.byte	3                       @ DW_AT_name
	.byte	14                      @ DW_FORM_strp
	.byte	58                      @ DW_AT_decl_file
	.byte	11                      @ DW_FORM_data1
	.byte	59                      @ DW_AT_decl_line
	.byte	11                      @ DW_FORM_data1
	.byte	73                      @ DW_AT_type
	.byte	19                      @ DW_FORM_ref4
	.byte	0                       @ EOM(1)
	.byte	0                       @ EOM(2)
	.byte	13                      @ Abbreviation Code
	.byte	5                       @ DW_TAG_formal_parameter
	.byte	0                       @ DW_CHILDREN_no
	.byte	2                       @ DW_AT_location
	.byte	6                       @ DW_FORM_data4
	.byte	3                       @ DW_AT_name
	.byte	14                      @ DW_FORM_strp
	.byte	58                      @ DW_AT_decl_file
	.byte	11                      @ DW_FORM_data1
	.byte	59                      @ DW_AT_decl_line
	.byte	11                      @ DW_FORM_data1
	.byte	73                      @ DW_AT_type
	.byte	19                      @ DW_FORM_ref4
	.byte	0                       @ EOM(1)
	.byte	0                       @ EOM(2)
	.byte	14                      @ Abbreviation Code
	.byte	52                      @ DW_TAG_variable
	.byte	0                       @ DW_CHILDREN_no
	.byte	28                      @ DW_AT_const_value
	.byte	15                      @ DW_FORM_udata
	.byte	3                       @ DW_AT_name
	.byte	14                      @ DW_FORM_strp
	.byte	58                      @ DW_AT_decl_file
	.byte	11                      @ DW_FORM_data1
	.byte	59                      @ DW_AT_decl_line
	.byte	11                      @ DW_FORM_data1
	.byte	73                      @ DW_AT_type
	.byte	19                      @ DW_FORM_ref4
	.byte	0                       @ EOM(1)
	.byte	0                       @ EOM(2)
	.byte	15                      @ Abbreviation Code
	.byte	29                      @ DW_TAG_inlined_subroutine
	.byte	1                       @ DW_CHILDREN_yes
	.byte	49                      @ DW_AT_abstract_origin
	.byte	19                      @ DW_FORM_ref4
	.byte	17                      @ DW_AT_low_pc
	.byte	1                       @ DW_FORM_addr
	.byte	18                      @ DW_AT_high_pc
	.byte	1                       @ DW_FORM_addr
	.byte	88                      @ DW_AT_call_file
	.byte	11                      @ DW_FORM_data1
	.byte	89                      @ DW_AT_call_line
	.byte	11                      @ DW_FORM_data1
	.byte	0                       @ EOM(1)
	.byte	0                       @ EOM(2)
	.byte	16                      @ Abbreviation Code
	.byte	5                       @ DW_TAG_formal_parameter
	.byte	0                       @ DW_CHILDREN_no
	.byte	2                       @ DW_AT_location
	.byte	6                       @ DW_FORM_data4
	.byte	49                      @ DW_AT_abstract_origin
	.byte	19                      @ DW_FORM_ref4
	.byte	0                       @ EOM(1)
	.byte	0                       @ EOM(2)
	.byte	17                      @ Abbreviation Code
	.byte	52                      @ DW_TAG_variable
	.byte	0                       @ DW_CHILDREN_no
	.byte	28                      @ DW_AT_const_value
	.byte	15                      @ DW_FORM_udata
	.byte	49                      @ DW_AT_abstract_origin
	.byte	19                      @ DW_FORM_ref4
	.byte	0                       @ EOM(1)
	.byte	0                       @ EOM(2)
	.byte	18                      @ Abbreviation Code
	.byte	5                       @ DW_TAG_formal_parameter
	.byte	0                       @ DW_CHILDREN_no
	.byte	2                       @ DW_AT_location
	.byte	10                      @ DW_FORM_block1
	.byte	3                       @ DW_AT_name
	.byte	14                      @ DW_FORM_strp
	.byte	58                      @ DW_AT_decl_file
	.byte	11                      @ DW_FORM_data1
	.byte	59                      @ DW_AT_decl_line
	.byte	11                      @ DW_FORM_data1
	.byte	73                      @ DW_AT_type
	.byte	19                      @ DW_FORM_ref4
	.byte	0                       @ EOM(1)
	.byte	0                       @ EOM(2)
	.byte	19                      @ Abbreviation Code
	.byte	52                      @ DW_TAG_variable
	.byte	0                       @ DW_CHILDREN_no
	.byte	28                      @ DW_AT_const_value
	.byte	13                      @ DW_FORM_sdata
	.byte	3                       @ DW_AT_name
	.byte	14                      @ DW_FORM_strp
	.byte	58                      @ DW_AT_decl_file
	.byte	11                      @ DW_FORM_data1
	.byte	59                      @ DW_AT_decl_line
	.byte	11                      @ DW_FORM_data1
	.byte	73                      @ DW_AT_type
	.byte	19                      @ DW_FORM_ref4
	.byte	0                       @ EOM(1)
	.byte	0                       @ EOM(2)
	.byte	20                      @ Abbreviation Code
	.byte	22                      @ DW_TAG_typedef
	.byte	0                       @ DW_CHILDREN_no
	.byte	73                      @ DW_AT_type
	.byte	19                      @ DW_FORM_ref4
	.byte	3                       @ DW_AT_name
	.byte	14                      @ DW_FORM_strp
	.byte	58                      @ DW_AT_decl_file
	.byte	11                      @ DW_FORM_data1
	.byte	59                      @ DW_AT_decl_line
	.byte	5                       @ DW_FORM_data2
	.byte	0                       @ EOM(1)
	.byte	0                       @ EOM(2)
	.byte	0                       @ EOM(3)
	.section	.debug_info,"",%progbits
.Lcu_begin0:
	.long	.Ldebug_info_end0-.Ldebug_info_start0 @ Length of Unit
.Ldebug_info_start0:
	.short	3                       @ DWARF version number
	.long	.debug_abbrev           @ Offset Into Abbrev. Section
	.byte	4                       @ Address Size (in bytes)
	.byte	1                       @ Abbrev [1] 0xb:0x1ca DW_TAG_compile_unit
	.long	.Linfo_string0          @ DW_AT_producer
	.short	12                      @ DW_AT_language
	.long	.Linfo_string1          @ DW_AT_name
	.long	.Lline_table_start0     @ DW_AT_stmt_list
	.long	.Linfo_string2          @ DW_AT_comp_dir
	.long	0                       @ DW_AT_low_pc
	.long	.Ldebug_ranges0         @ DW_AT_ranges
	.byte	2                       @ Abbrev [2] 0x26:0x16 DW_TAG_enumeration_type
	.long	60                      @ DW_AT_type
	.byte	1                       @ DW_AT_byte_size
	.byte	1                       @ DW_AT_decl_file
	.short	587                     @ DW_AT_decl_line
	.byte	3                       @ Abbrev [3] 0x2f:0x6 DW_TAG_enumerator
	.long	.Linfo_string4          @ DW_AT_name
	.byte	0                       @ DW_AT_const_value
	.byte	3                       @ Abbrev [3] 0x35:0x6 DW_TAG_enumerator
	.long	.Linfo_string5          @ DW_AT_name
	.byte	1                       @ DW_AT_const_value
	.byte	0                       @ End Of Children Mark
	.byte	4                       @ Abbrev [4] 0x3c:0x7 DW_TAG_base_type
	.long	.Linfo_string3          @ DW_AT_name
	.byte	8                       @ DW_AT_encoding
	.byte	1                       @ DW_AT_byte_size
	.byte	5                       @ Abbrev [5] 0x43:0x3f DW_TAG_enumeration_type
	.long	60                      @ DW_AT_type
	.byte	1                       @ DW_AT_byte_size
	.byte	2                       @ DW_AT_decl_file
	.byte	52                      @ DW_AT_decl_line
	.byte	3                       @ Abbrev [3] 0x4b:0x6 DW_TAG_enumerator
	.long	.Linfo_string6          @ DW_AT_name
	.byte	1                       @ DW_AT_const_value
	.byte	3                       @ Abbrev [3] 0x51:0x6 DW_TAG_enumerator
	.long	.Linfo_string7          @ DW_AT_name
	.byte	2                       @ DW_AT_const_value
	.byte	3                       @ Abbrev [3] 0x57:0x6 DW_TAG_enumerator
	.long	.Linfo_string8          @ DW_AT_name
	.byte	3                       @ DW_AT_const_value
	.byte	3                       @ Abbrev [3] 0x5d:0x6 DW_TAG_enumerator
	.long	.Linfo_string9          @ DW_AT_name
	.byte	4                       @ DW_AT_const_value
	.byte	3                       @ Abbrev [3] 0x63:0x6 DW_TAG_enumerator
	.long	.Linfo_string10         @ DW_AT_name
	.byte	5                       @ DW_AT_const_value
	.byte	3                       @ Abbrev [3] 0x69:0x6 DW_TAG_enumerator
	.long	.Linfo_string11         @ DW_AT_name
	.byte	6                       @ DW_AT_const_value
	.byte	3                       @ Abbrev [3] 0x6f:0x6 DW_TAG_enumerator
	.long	.Linfo_string12         @ DW_AT_name
	.byte	7                       @ DW_AT_const_value
	.byte	3                       @ Abbrev [3] 0x75:0x6 DW_TAG_enumerator
	.long	.Linfo_string13         @ DW_AT_name
	.byte	8                       @ DW_AT_const_value
	.byte	3                       @ Abbrev [3] 0x7b:0x6 DW_TAG_enumerator
	.long	.Linfo_string14         @ DW_AT_name
	.byte	9                       @ DW_AT_const_value
	.byte	0                       @ End Of Children Mark
	.byte	6                       @ Abbrev [6] 0x82:0xb DW_TAG_typedef
	.long	141                     @ DW_AT_type
	.long	.Linfo_string16         @ DW_AT_name
	.byte	3                       @ DW_AT_decl_file
	.byte	63                      @ DW_AT_decl_line
	.byte	4                       @ Abbrev [4] 0x8d:0x7 DW_TAG_base_type
	.long	.Linfo_string15         @ DW_AT_name
	.byte	7                       @ DW_AT_encoding
	.byte	2                       @ DW_AT_byte_size
	.byte	6                       @ Abbrev [6] 0x94:0xb DW_TAG_typedef
	.long	60                      @ DW_AT_type
	.long	.Linfo_string17         @ DW_AT_name
	.byte	3                       @ DW_AT_decl_file
	.byte	62                      @ DW_AT_decl_line
	.byte	6                       @ Abbrev [6] 0x9f:0xb DW_TAG_typedef
	.long	170                     @ DW_AT_type
	.long	.Linfo_string19         @ DW_AT_name
	.byte	3                       @ DW_AT_decl_file
	.byte	64                      @ DW_AT_decl_line
	.byte	4                       @ Abbrev [4] 0xaa:0x7 DW_TAG_base_type
	.long	.Linfo_string18         @ DW_AT_name
	.byte	7                       @ DW_AT_encoding
	.byte	4                       @ DW_AT_byte_size
	.byte	7                       @ Abbrev [7] 0xb1:0x13 DW_TAG_subprogram
	.long	.Lfunc_begin0           @ DW_AT_low_pc
	.long	.Lfunc_end0             @ DW_AT_high_pc
	.byte	1                       @ DW_AT_frame_base
	.byte	93
	.long	.Linfo_string23         @ DW_AT_name
	.byte	4                       @ DW_AT_decl_file
	.byte	55                      @ DW_AT_decl_line
	.byte	1                       @ DW_AT_prototyped
	.byte	1                       @ DW_AT_external
	.byte	8                       @ Abbrev [8] 0xc4:0x27 DW_TAG_subprogram
	.long	.Lfunc_begin1           @ DW_AT_low_pc
	.long	.Lfunc_end1             @ DW_AT_high_pc
	.byte	1                       @ DW_AT_frame_base
	.byte	93
	.long	.Linfo_string24         @ DW_AT_name
	.byte	4                       @ DW_AT_decl_file
	.byte	65                      @ DW_AT_decl_line
	.byte	1                       @ DW_AT_prototyped
	.long	445                     @ DW_AT_type
	.byte	1                       @ DW_AT_external
	.byte	9                       @ Abbrev [9] 0xdb:0xf DW_TAG_variable
	.long	.Ldebug_loc0            @ DW_AT_location
	.long	.Linfo_string29         @ DW_AT_name
	.byte	4                       @ DW_AT_decl_file
	.byte	67                      @ DW_AT_decl_line
	.long	445                     @ DW_AT_type
	.byte	0                       @ End Of Children Mark
	.byte	10                      @ Abbrev [10] 0xeb:0x24 DW_TAG_subprogram
	.long	.Linfo_string20         @ DW_AT_name
	.byte	4                       @ DW_AT_decl_file
	.byte	132                     @ DW_AT_decl_line
	.byte	1                       @ DW_AT_prototyped
	.long	159                     @ DW_AT_type
	.byte	1                       @ DW_AT_inline
	.byte	11                      @ Abbrev [11] 0xf8:0xb DW_TAG_formal_parameter
	.long	.Linfo_string21         @ DW_AT_name
	.byte	4                       @ DW_AT_decl_file
	.byte	132                     @ DW_AT_decl_line
	.long	159                     @ DW_AT_type
	.byte	12                      @ Abbrev [12] 0x103:0xb DW_TAG_variable
	.long	.Linfo_string22         @ DW_AT_name
	.byte	4                       @ DW_AT_decl_file
	.byte	134                     @ DW_AT_decl_line
	.long	159                     @ DW_AT_type
	.byte	0                       @ End Of Children Mark
	.byte	8                       @ Abbrev [8] 0x10f:0x70 DW_TAG_subprogram
	.long	.Lfunc_begin2           @ DW_AT_low_pc
	.long	.Lfunc_end2             @ DW_AT_high_pc
	.byte	1                       @ DW_AT_frame_base
	.byte	93
	.long	.Linfo_string26         @ DW_AT_name
	.byte	4                       @ DW_AT_decl_file
	.byte	85                      @ DW_AT_decl_line
	.byte	1                       @ DW_AT_prototyped
	.long	159                     @ DW_AT_type
	.byte	1                       @ DW_AT_external
	.byte	13                      @ Abbrev [13] 0x126:0xf DW_TAG_formal_parameter
	.long	.Ldebug_loc1            @ DW_AT_location
	.long	.Linfo_string21         @ DW_AT_name
	.byte	4                       @ DW_AT_decl_file
	.byte	85                      @ DW_AT_decl_line
	.long	159                     @ DW_AT_type
	.byte	14                      @ Abbrev [14] 0x135:0xc DW_TAG_variable
	.byte	0                       @ DW_AT_const_value
	.long	.Linfo_string30         @ DW_AT_name
	.byte	4                       @ DW_AT_decl_file
	.byte	87                      @ DW_AT_decl_line
	.long	159                     @ DW_AT_type
	.byte	9                       @ Abbrev [9] 0x141:0xf DW_TAG_variable
	.long	.Ldebug_loc3            @ DW_AT_location
	.long	.Linfo_string31         @ DW_AT_name
	.byte	4                       @ DW_AT_decl_file
	.byte	88                      @ DW_AT_decl_line
	.long	457                     @ DW_AT_type
	.byte	9                       @ Abbrev [9] 0x150:0xf DW_TAG_variable
	.long	.Ldebug_loc4            @ DW_AT_location
	.long	.Linfo_string32         @ DW_AT_name
	.byte	4                       @ DW_AT_decl_file
	.byte	87                      @ DW_AT_decl_line
	.long	159                     @ DW_AT_type
	.byte	15                      @ Abbrev [15] 0x15f:0x1f DW_TAG_inlined_subroutine
	.long	235                     @ DW_AT_abstract_origin
	.long	.Ltmp4                  @ DW_AT_low_pc
	.long	.Ltmp14                 @ DW_AT_high_pc
	.byte	4                       @ DW_AT_call_file
	.byte	91                      @ DW_AT_call_line
	.byte	16                      @ Abbrev [16] 0x16e:0x9 DW_TAG_formal_parameter
	.long	.Ldebug_loc2            @ DW_AT_location
	.long	248                     @ DW_AT_abstract_origin
	.byte	17                      @ Abbrev [17] 0x177:0x6 DW_TAG_variable
	.byte	0                       @ DW_AT_const_value
	.long	259                     @ DW_AT_abstract_origin
	.byte	0                       @ End Of Children Mark
	.byte	0                       @ End Of Children Mark
	.byte	8                       @ Abbrev [8] 0x17f:0x3e DW_TAG_subprogram
	.long	.Lfunc_begin3           @ DW_AT_low_pc
	.long	.Lfunc_end3             @ DW_AT_high_pc
	.byte	1                       @ DW_AT_frame_base
	.byte	93
	.long	.Linfo_string27         @ DW_AT_name
	.byte	4                       @ DW_AT_decl_file
	.byte	119                     @ DW_AT_decl_line
	.byte	1                       @ DW_AT_prototyped
	.long	457                     @ DW_AT_type
	.byte	1                       @ DW_AT_external
	.byte	18                      @ Abbrev [18] 0x196:0xd DW_TAG_formal_parameter
	.byte	1                       @ DW_AT_location
	.byte	80
	.long	.Linfo_string21         @ DW_AT_name
	.byte	4                       @ DW_AT_decl_file
	.byte	119                     @ DW_AT_decl_line
	.long	159                     @ DW_AT_type
	.byte	18                      @ Abbrev [18] 0x1a3:0xd DW_TAG_formal_parameter
	.byte	1                       @ DW_AT_location
	.byte	81
	.long	.Linfo_string33         @ DW_AT_name
	.byte	4                       @ DW_AT_decl_file
	.byte	119                     @ DW_AT_decl_line
	.long	159                     @ DW_AT_type
	.byte	19                      @ Abbrev [19] 0x1b0:0xc DW_TAG_variable
	.byte	9                       @ DW_AT_const_value
	.long	.Linfo_string34         @ DW_AT_name
	.byte	4                       @ DW_AT_decl_file
	.byte	121                     @ DW_AT_decl_line
	.long	457                     @ DW_AT_type
	.byte	0                       @ End Of Children Mark
	.byte	20                      @ Abbrev [20] 0x1bd:0xc DW_TAG_typedef
	.long	38                      @ DW_AT_type
	.long	.Linfo_string25         @ DW_AT_name
	.byte	1                       @ DW_AT_decl_file
	.short	587                     @ DW_AT_decl_line
	.byte	6                       @ Abbrev [6] 0x1c9:0xb DW_TAG_typedef
	.long	67                      @ DW_AT_type
	.long	.Linfo_string28         @ DW_AT_name
	.byte	2                       @ DW_AT_decl_file
	.byte	63                      @ DW_AT_decl_line
	.byte	0                       @ End Of Children Mark
.Ldebug_info_end0:
	.section	.debug_ranges,"",%progbits
.Ldebug_ranges0:
	.long	.Lfunc_begin0
	.long	.Lfunc_end0
	.long	.Lfunc_begin1
	.long	.Lfunc_end1
	.long	.Lfunc_begin2
	.long	.Lfunc_end2
	.long	.Lfunc_begin3
	.long	.Lfunc_end3
	.long	0
	.long	0
	.section	.debug_macinfo,"",%progbits
	.byte	0                       @ End Of Macro List Mark

	.ident	"Component: ARM Compiler 6.12 Tool: armclang [5d624a00]"
	.section	".note.GNU-stack","",%progbits
	.eabi_attribute	30, 4	@ Tag_ABI_optimization_goals
	.ARM_attribute	16, 1	@ Tag_AV_eba
	.section	.debug_line,"",%progbits
.Lline_table_start0:
