	.text
	.syntax unified
	.eabi_attribute	67, "2.09"	@ Tag_conformance
	.cpu	cortex-m4
	.eabi_attribute	6, 13	@ Tag_CPU_arch
	.eabi_attribute	7, 77	@ Tag_CPU_arch_profile
	.eabi_attribute	8, 0	@ Tag_ARM_ISA_use
	.eabi_attribute	9, 2	@ Tag_THUMB_ISA_use
	.fpu	fpv4-sp-d16
	.eabi_attribute	27, 1	@ Tag_ABI_HardFP_use
	.eabi_attribute	36, 1	@ Tag_FP_HP_extension
	.eabi_attribute	34, 1	@ Tag_CPU_unaligned_access
	.eabi_attribute	17, 1	@ Tag_ABI_PCS_GOT_use
	.eabi_attribute	20, 2	@ Tag_ABI_FP_denormal
	.eabi_attribute	21, 0	@ Tag_ABI_FP_exceptions
	.eabi_attribute	23, 1	@ Tag_ABI_FP_number_model
	.eabi_attribute	24, 1	@ Tag_ABI_align_needed
	.eabi_attribute	25, 1	@ Tag_ABI_align_preserved
	.eabi_attribute	28, 1	@ Tag_ABI_VFP_args
	.eabi_attribute	38, 1	@ Tag_ABI_FP_16bit_format
	.eabi_attribute	18, 2	@ Tag_ABI_PCS_wchar_t
	.eabi_attribute	26, 1	@ Tag_ABI_enum_size
	.eabi_attribute	14, 0	@ Tag_ABI_PCS_R9_use
	.file	"misc.c"
	.file	1 "F:\\SkyDrive\\OtvoreniProjekti\\HotelSaplast\\fw\\KontrolerHotela\\HCBL020318\\Project" "../Libraries/CMSIS/Device/ST/STM32F4xx/Include\\stm32f4xx.h"
	.file	2 "C:\\Keil\\ARM\\ARMCLANG\\Bin\\..\\include" "stdint.h"
	.file	3 "C:/Keil\\ARM\\CMSIS\\Include" "core_cm4.h"
	.section	.text.NVIC_PriorityGroupConfig,"ax",%progbits
	.hidden	NVIC_PriorityGroupConfig @ -- Begin function NVIC_PriorityGroupConfig
	.globl	NVIC_PriorityGroupConfig
	.p2align	2
	.type	NVIC_PriorityGroupConfig,%function
	.code	16                      @ @NVIC_PriorityGroupConfig
	.thumb_func
NVIC_PriorityGroupConfig:
.Lfunc_begin0:
	.file	4 "F:\\SkyDrive\\OtvoreniProjekti\\HotelSaplast\\fw\\KontrolerHotela\\HCBL020318\\Project" "../Libraries/STM32F4xx_StdPeriph_Driver/src/misc.c"
	.loc	4 119 0                 @ ../Libraries/STM32F4xx_StdPeriph_Driver/src/misc.c:119:0
	.fnstart
	.cfi_sections .debug_frame
	.cfi_startproc
@ %bb.0:
	@DEBUG_VALUE: NVIC_PriorityGroupConfig:NVIC_PriorityGroup <- $r0
	ldr	r1, __arm_cp.0_0
	@DEBUG_VALUE: NVIC_PriorityGroupConfig:NVIC_PriorityGroup <- $r0
.Ltmp0:
	.loc	4 124 35 prologue_end   @ ../Libraries/STM32F4xx_StdPeriph_Driver/src/misc.c:124:35
	orrs	r0, r1
.Ltmp1:
	.loc	4 0 35 is_stmt 0        @ ../Libraries/STM32F4xx_StdPeriph_Driver/src/misc.c:0:35
	ldr	r1, __arm_cp.0_1
	.loc	4 124 14                @ ../Libraries/STM32F4xx_StdPeriph_Driver/src/misc.c:124:14
	str	r0, [r1]
	.loc	4 125 1 is_stmt 1       @ ../Libraries/STM32F4xx_StdPeriph_Driver/src/misc.c:125:1
	bx	lr
.Ltmp2:
	.p2align	2
@ %bb.1:
	.loc	4 0 1 is_stmt 0         @ ../Libraries/STM32F4xx_StdPeriph_Driver/src/misc.c:0:1
__arm_cp.0_0:
	.long	100270080               @ 0x5fa0000
.Lcpi_end0:
	.size	__arm_cp.0_0, .Lcpi_end0-__arm_cp.0_0
__arm_cp.0_1:
	.long	3758157068              @ 0xe000ed0c
.Lcpi_end1:
	.size	__arm_cp.0_1, .Lcpi_end1-__arm_cp.0_1
.Lfunc_end0:
	.size	NVIC_PriorityGroupConfig, .Lfunc_end0-NVIC_PriorityGroupConfig
	.cfi_endproc
	.cantunwind
	.fnend
                                        @ -- End function
	.section	.text.NVIC_Init,"ax",%progbits
	.hidden	NVIC_Init               @ -- Begin function NVIC_Init
	.globl	NVIC_Init
	.p2align	2
	.type	NVIC_Init,%function
	.code	16                      @ @NVIC_Init
	.thumb_func
NVIC_Init:
.Lfunc_begin1:
	.loc	4 137 0 is_stmt 1       @ ../Libraries/STM32F4xx_StdPeriph_Driver/src/misc.c:137:0
	.fnstart
	.cfi_startproc
@ %bb.0:
	@DEBUG_VALUE: NVIC_Init:NVIC_InitStruct <- $r0
	@DEBUG_VALUE: NVIC_Init:NVIC_InitStruct <- $r0
	@DEBUG_VALUE: NVIC_Init:tmppriority <- 0
	@DEBUG_VALUE: NVIC_Init:tmppre <- 0
	@DEBUG_VALUE: NVIC_Init:tmpsub <- 15
	.loc	4 145 24 prologue_end   @ ../Libraries/STM32F4xx_StdPeriph_Driver/src/misc.c:145:24
	ldrb	r2, [r0, #3]
	ldr	r1, __arm_cp.1_0
.Ltmp3:
	.loc	4 145 7 is_stmt 0       @ ../Libraries/STM32F4xx_StdPeriph_Driver/src/misc.c:145:7
	cbz	r2, .LBB1_2
.Ltmp4:
@ %bb.1:
	@DEBUG_VALUE: NVIC_Init:NVIC_InitStruct <- $r0
	.save	{r4, lr}
	push	{r4, lr}
	.cfi_def_cfa_offset 8
	.cfi_offset lr, -4
	.cfi_offset r4, -8
	ldr	r2, __arm_cp.1_1
	movs	r3, #7
.Ltmp5:
	.loc	4 148 35 is_stmt 1      @ ../Libraries/STM32F4xx_StdPeriph_Driver/src/misc.c:148:35
	ldr	r2, [r2]
	.loc	4 152 36                @ ../Libraries/STM32F4xx_StdPeriph_Driver/src/misc.c:152:36
	ldrb.w	lr, [r0, #1]
	.loc	4 153 48                @ ../Libraries/STM32F4xx_StdPeriph_Driver/src/misc.c:153:48
	ldrb	r4, [r0, #2]
	.loc	4 157 31                @ ../Libraries/STM32F4xx_StdPeriph_Driver/src/misc.c:157:31
	ldrb.w	r12, [r0]
	.loc	4 148 19                @ ../Libraries/STM32F4xx_StdPeriph_Driver/src/misc.c:148:19
	bic.w	r2, r3, r2, lsr #8
.Ltmp6:
	@DEBUG_VALUE: NVIC_Init:tmppriority <- $r2
	.loc	4 0 19 is_stmt 0        @ ../Libraries/STM32F4xx_StdPeriph_Driver/src/misc.c:0:19
	movs	r3, #15
	.loc	4 150 21 is_stmt 1      @ ../Libraries/STM32F4xx_StdPeriph_Driver/src/misc.c:150:21
	lsrs	r3, r2
	.loc	4 149 14                @ ../Libraries/STM32F4xx_StdPeriph_Driver/src/misc.c:149:14
	rsb.w	r2, r2, #4
.Ltmp7:
	.loc	4 152 73                @ ../Libraries/STM32F4xx_StdPeriph_Driver/src/misc.c:152:73
	uxtb	r2, r2
	.loc	4 153 21                @ ../Libraries/STM32F4xx_StdPeriph_Driver/src/misc.c:153:21
	ands	r3, r4
	.loc	4 152 70                @ ../Libraries/STM32F4xx_StdPeriph_Driver/src/misc.c:152:70
	lsl.w	r2, lr, r2
	.loc	4 153 17                @ ../Libraries/STM32F4xx_StdPeriph_Driver/src/misc.c:153:17
	orrs	r2, r3
.Ltmp8:
	@DEBUG_VALUE: NVIC_Init:tmppriority <- $r2
	.loc	4 157 5                 @ ../Libraries/STM32F4xx_StdPeriph_Driver/src/misc.c:157:5
	add.w	r3, r1, r12
	.loc	4 155 31                @ ../Libraries/STM32F4xx_StdPeriph_Driver/src/misc.c:155:31
	lsls	r2, r2, #4
.Ltmp9:
	@DEBUG_VALUE: NVIC_Init:tmppriority <- $r2
	.loc	4 157 48                @ ../Libraries/STM32F4xx_StdPeriph_Driver/src/misc.c:157:48
	strb.w	r2, [r3, #768]
	.loc	4 162 3                 @ ../Libraries/STM32F4xx_StdPeriph_Driver/src/misc.c:162:3
	pop.w	{r4, lr}
	b	.LBB1_3
.Ltmp10:
.LBB1_2:
	@DEBUG_VALUE: NVIC_Init:NVIC_InitStruct <- $r0
	.loc	4 0 3 is_stmt 0         @ ../Libraries/STM32F4xx_StdPeriph_Driver/src/misc.c:0:3
	adds	r1, #128
.Ltmp11:
.LBB1_3:
	@DEBUG_VALUE: NVIC_Init:NVIC_InitStruct <- $r0
	ldrb	r0, [r0]
.Ltmp12:
	movs	r3, #1
	and	r2, r0, #31
	ubfx	r0, r0, #5, #3
	lsl.w	r2, r3, r2
	str.w	r2, [r1, r0, lsl #2]
.Ltmp13:
	.loc	4 169 1 is_stmt 1       @ ../Libraries/STM32F4xx_StdPeriph_Driver/src/misc.c:169:1
	bx	lr
.Ltmp14:
	.p2align	2
@ %bb.4:
	.loc	4 0 1 is_stmt 0         @ ../Libraries/STM32F4xx_StdPeriph_Driver/src/misc.c:0:1
__arm_cp.1_0:
	.long	3758153984              @ 0xe000e100
.Lcpi_end2:
	.size	__arm_cp.1_0, .Lcpi_end2-__arm_cp.1_0
__arm_cp.1_1:
	.long	3758157068              @ 0xe000ed0c
.Lcpi_end3:
	.size	__arm_cp.1_1, .Lcpi_end3-__arm_cp.1_1
.Lfunc_end1:
	.size	NVIC_Init, .Lfunc_end1-NVIC_Init
	.cfi_endproc
	.cantunwind
	.fnend
                                        @ -- End function
	.section	.text.NVIC_SetVectorTable,"ax",%progbits
	.hidden	NVIC_SetVectorTable     @ -- Begin function NVIC_SetVectorTable
	.globl	NVIC_SetVectorTable
	.p2align	2
	.type	NVIC_SetVectorTable,%function
	.code	16                      @ @NVIC_SetVectorTable
	.thumb_func
NVIC_SetVectorTable:
.Lfunc_begin2:
	.loc	4 181 0 is_stmt 1       @ ../Libraries/STM32F4xx_StdPeriph_Driver/src/misc.c:181:0
	.fnstart
	.cfi_startproc
@ %bb.0:
	@DEBUG_VALUE: NVIC_SetVectorTable:NVIC_VectTab <- $r0
	@DEBUG_VALUE: NVIC_SetVectorTable:Offset <- $r1
	ldr	r2, __arm_cp.2_0
	@DEBUG_VALUE: NVIC_SetVectorTable:Offset <- $r1
	@DEBUG_VALUE: NVIC_SetVectorTable:NVIC_VectTab <- $r0
.Ltmp15:
	.loc	4 186 38 prologue_end   @ ../Libraries/STM32F4xx_StdPeriph_Driver/src/misc.c:186:38
	ands	r1, r2
.Ltmp16:
	.loc	4 186 28 is_stmt 0      @ ../Libraries/STM32F4xx_StdPeriph_Driver/src/misc.c:186:28
	orrs	r0, r1
.Ltmp17:
	.loc	4 0 28                  @ ../Libraries/STM32F4xx_StdPeriph_Driver/src/misc.c:0:28
	ldr	r1, __arm_cp.2_1
	.loc	4 186 13                @ ../Libraries/STM32F4xx_StdPeriph_Driver/src/misc.c:186:13
	str	r0, [r1]
	.loc	4 187 1 is_stmt 1       @ ../Libraries/STM32F4xx_StdPeriph_Driver/src/misc.c:187:1
	bx	lr
.Ltmp18:
	.p2align	2
@ %bb.1:
	.loc	4 0 1 is_stmt 0         @ ../Libraries/STM32F4xx_StdPeriph_Driver/src/misc.c:0:1
__arm_cp.2_0:
	.long	536870784               @ 0x1fffff80
.Lcpi_end4:
	.size	__arm_cp.2_0, .Lcpi_end4-__arm_cp.2_0
__arm_cp.2_1:
	.long	3758157064              @ 0xe000ed08
.Lcpi_end5:
	.size	__arm_cp.2_1, .Lcpi_end5-__arm_cp.2_1
.Lfunc_end2:
	.size	NVIC_SetVectorTable, .Lfunc_end2-NVIC_SetVectorTable
	.cfi_endproc
	.cantunwind
	.fnend
                                        @ -- End function
	.section	.text.NVIC_SystemLPConfig,"ax",%progbits
	.hidden	NVIC_SystemLPConfig     @ -- Begin function NVIC_SystemLPConfig
	.globl	NVIC_SystemLPConfig
	.p2align	2
	.type	NVIC_SystemLPConfig,%function
	.code	16                      @ @NVIC_SystemLPConfig
	.thumb_func
NVIC_SystemLPConfig:
.Lfunc_begin3:
	.loc	4 200 0 is_stmt 1       @ ../Libraries/STM32F4xx_StdPeriph_Driver/src/misc.c:200:0
	.fnstart
	.cfi_startproc
@ %bb.0:
	@DEBUG_VALUE: NVIC_SystemLPConfig:LowPowerMode <- $r0
	@DEBUG_VALUE: NVIC_SystemLPConfig:NewState <- $r1
	ldr	r2, __arm_cp.3_0
	@DEBUG_VALUE: NVIC_SystemLPConfig:NewState <- $r1
	@DEBUG_VALUE: NVIC_SystemLPConfig:LowPowerMode <- $r0
.Ltmp19:
	.loc	4 205 7 prologue_end    @ ../Libraries/STM32F4xx_StdPeriph_Driver/src/misc.c:205:7
	cmp	r1, #0
.Ltmp20:
	.loc	4 211 14                @ ../Libraries/STM32F4xx_StdPeriph_Driver/src/misc.c:211:14
	ldr	r1, [r2]
.Ltmp21:
	ite	eq
	biceq.w	r0, r1, r0
.Ltmp22:
	.loc	4 207 14                @ ../Libraries/STM32F4xx_StdPeriph_Driver/src/misc.c:207:14
	orrne	r0, r1
.Ltmp23:
	.loc	4 0 0 is_stmt 0         @ ../Libraries/STM32F4xx_StdPeriph_Driver/src/misc.c:0:0
	str	r0, [r2]
.Ltmp24:
	.loc	4 213 1 is_stmt 1       @ ../Libraries/STM32F4xx_StdPeriph_Driver/src/misc.c:213:1
	bx	lr
.Ltmp25:
	.p2align	2
@ %bb.1:
	.loc	4 0 1 is_stmt 0         @ ../Libraries/STM32F4xx_StdPeriph_Driver/src/misc.c:0:1
__arm_cp.3_0:
	.long	3758157072              @ 0xe000ed10
.Lcpi_end6:
	.size	__arm_cp.3_0, .Lcpi_end6-__arm_cp.3_0
.Lfunc_end3:
	.size	NVIC_SystemLPConfig, .Lfunc_end3-NVIC_SystemLPConfig
	.cfi_endproc
	.cantunwind
	.fnend
                                        @ -- End function
	.section	.text.SysTick_CLKSourceConfig,"ax",%progbits
	.hidden	SysTick_CLKSourceConfig @ -- Begin function SysTick_CLKSourceConfig
	.globl	SysTick_CLKSourceConfig
	.p2align	2
	.type	SysTick_CLKSourceConfig,%function
	.code	16                      @ @SysTick_CLKSourceConfig
	.thumb_func
SysTick_CLKSourceConfig:
.Lfunc_begin4:
	.loc	4 224 0 is_stmt 1       @ ../Libraries/STM32F4xx_StdPeriph_Driver/src/misc.c:224:0
	.fnstart
	.cfi_startproc
@ %bb.0:
	@DEBUG_VALUE: SysTick_CLKSourceConfig:SysTick_CLKSource <- $r0
	ldr	r1, __arm_cp.4_0
	@DEBUG_VALUE: SysTick_CLKSourceConfig:SysTick_CLKSource <- $r0
.Ltmp26:
	.loc	4 227 7 prologue_end    @ ../Libraries/STM32F4xx_StdPeriph_Driver/src/misc.c:227:7
	cmp	r0, #4
.Ltmp27:
	.loc	4 0 0 is_stmt 0         @ ../Libraries/STM32F4xx_StdPeriph_Driver/src/misc.c:0:0
	ldr	r2, [r1]
.Ltmp28:
	.loc	4 227 7                 @ ../Libraries/STM32F4xx_StdPeriph_Driver/src/misc.c:227:7
	bic	r3, r2, #4
	it	eq
	orreq	r3, r2, #4
.Ltmp29:
	.loc	4 0 0                   @ ../Libraries/STM32F4xx_StdPeriph_Driver/src/misc.c:0:0
	str	r3, [r1]
.Ltmp30:
	.loc	4 235 1 is_stmt 1       @ ../Libraries/STM32F4xx_StdPeriph_Driver/src/misc.c:235:1
	bx	lr
.Ltmp31:
	.p2align	2
@ %bb.1:
	.loc	4 0 1 is_stmt 0         @ ../Libraries/STM32F4xx_StdPeriph_Driver/src/misc.c:0:1
__arm_cp.4_0:
	.long	3758153744              @ 0xe000e010
.Lcpi_end7:
	.size	__arm_cp.4_0, .Lcpi_end7-__arm_cp.4_0
.Lfunc_end4:
	.size	SysTick_CLKSourceConfig, .Lfunc_end4-SysTick_CLKSourceConfig
	.cfi_endproc
	.cantunwind
	.fnend
                                        @ -- End function
	.file	5 "F:\\SkyDrive\\OtvoreniProjekti\\HotelSaplast\\fw\\KontrolerHotela\\HCBL020318\\Project" "../Libraries/STM32F4xx_StdPeriph_Driver/inc\\misc.h"
	.section	.debug_str,"MS",%progbits,1
.Linfo_string0:
	.asciz	"Component: ARM Compiler 6.12 Tool: armclang [5d624a00]" @ string offset=0
.Linfo_string1:
	.asciz	"../Libraries/STM32F4xx_StdPeriph_Driver/src\\misc.c" @ string offset=55
.Linfo_string2:
	.asciz	"F:\\SkyDrive\\OtvoreniProjekti\\HotelSaplast\\fw\\KontrolerHotela\\HCBL020318\\Project" @ string offset=106
.Linfo_string3:
	.asciz	"unsigned char"         @ string offset=186
.Linfo_string4:
	.asciz	"DISABLE"               @ string offset=200
.Linfo_string5:
	.asciz	"ENABLE"                @ string offset=208
.Linfo_string6:
	.asciz	"unsigned int"          @ string offset=215
.Linfo_string7:
	.asciz	"uint32_t"              @ string offset=228
.Linfo_string8:
	.asciz	"CPUID"                 @ string offset=237
.Linfo_string9:
	.asciz	"ICSR"                  @ string offset=243
.Linfo_string10:
	.asciz	"VTOR"                  @ string offset=248
.Linfo_string11:
	.asciz	"AIRCR"                 @ string offset=253
.Linfo_string12:
	.asciz	"SCR"                   @ string offset=259
.Linfo_string13:
	.asciz	"CCR"                   @ string offset=263
.Linfo_string14:
	.asciz	"SHP"                   @ string offset=267
.Linfo_string15:
	.asciz	"uint8_t"               @ string offset=271
.Linfo_string16:
	.asciz	"__ARRAY_SIZE_TYPE__"   @ string offset=279
.Linfo_string17:
	.asciz	"SHCSR"                 @ string offset=299
.Linfo_string18:
	.asciz	"CFSR"                  @ string offset=305
.Linfo_string19:
	.asciz	"HFSR"                  @ string offset=310
.Linfo_string20:
	.asciz	"DFSR"                  @ string offset=315
.Linfo_string21:
	.asciz	"MMFAR"                 @ string offset=320
.Linfo_string22:
	.asciz	"BFAR"                  @ string offset=326
.Linfo_string23:
	.asciz	"AFSR"                  @ string offset=331
.Linfo_string24:
	.asciz	"PFR"                   @ string offset=336
.Linfo_string25:
	.asciz	"DFR"                   @ string offset=340
.Linfo_string26:
	.asciz	"ADR"                   @ string offset=344
.Linfo_string27:
	.asciz	"MMFR"                  @ string offset=348
.Linfo_string28:
	.asciz	"ISAR"                  @ string offset=353
.Linfo_string29:
	.asciz	"RESERVED0"             @ string offset=358
.Linfo_string30:
	.asciz	"CPACR"                 @ string offset=368
.Linfo_string31:
	.asciz	"SCB_Type"              @ string offset=374
.Linfo_string32:
	.asciz	"ISER"                  @ string offset=383
.Linfo_string33:
	.asciz	"ICER"                  @ string offset=388
.Linfo_string34:
	.asciz	"RSERVED1"              @ string offset=393
.Linfo_string35:
	.asciz	"ISPR"                  @ string offset=402
.Linfo_string36:
	.asciz	"RESERVED2"             @ string offset=407
.Linfo_string37:
	.asciz	"ICPR"                  @ string offset=417
.Linfo_string38:
	.asciz	"RESERVED3"             @ string offset=422
.Linfo_string39:
	.asciz	"IABR"                  @ string offset=432
.Linfo_string40:
	.asciz	"RESERVED4"             @ string offset=437
.Linfo_string41:
	.asciz	"IP"                    @ string offset=447
.Linfo_string42:
	.asciz	"RESERVED5"             @ string offset=450
.Linfo_string43:
	.asciz	"STIR"                  @ string offset=460
.Linfo_string44:
	.asciz	"NVIC_Type"             @ string offset=465
.Linfo_string45:
	.asciz	"CTRL"                  @ string offset=475
.Linfo_string46:
	.asciz	"LOAD"                  @ string offset=480
.Linfo_string47:
	.asciz	"VAL"                   @ string offset=485
.Linfo_string48:
	.asciz	"CALIB"                 @ string offset=489
.Linfo_string49:
	.asciz	"SysTick_Type"          @ string offset=495
.Linfo_string50:
	.asciz	"NVIC_PriorityGroupConfig" @ string offset=508
.Linfo_string51:
	.asciz	"NVIC_Init"             @ string offset=533
.Linfo_string52:
	.asciz	"NVIC_SetVectorTable"   @ string offset=543
.Linfo_string53:
	.asciz	"NVIC_SystemLPConfig"   @ string offset=563
.Linfo_string54:
	.asciz	"SysTick_CLKSourceConfig" @ string offset=583
.Linfo_string55:
	.asciz	"NVIC_PriorityGroup"    @ string offset=607
.Linfo_string56:
	.asciz	"NVIC_InitStruct"       @ string offset=626
.Linfo_string57:
	.asciz	"NVIC_IRQChannel"       @ string offset=642
.Linfo_string58:
	.asciz	"NVIC_IRQChannelPreemptionPriority" @ string offset=658
.Linfo_string59:
	.asciz	"NVIC_IRQChannelSubPriority" @ string offset=692
.Linfo_string60:
	.asciz	"NVIC_IRQChannelCmd"    @ string offset=719
.Linfo_string61:
	.asciz	"FunctionalState"       @ string offset=738
.Linfo_string62:
	.asciz	"NVIC_InitTypeDef"      @ string offset=754
.Linfo_string63:
	.asciz	"tmppriority"           @ string offset=771
.Linfo_string64:
	.asciz	"tmppre"                @ string offset=783
.Linfo_string65:
	.asciz	"tmpsub"                @ string offset=790
.Linfo_string66:
	.asciz	"NVIC_VectTab"          @ string offset=797
.Linfo_string67:
	.asciz	"Offset"                @ string offset=810
.Linfo_string68:
	.asciz	"LowPowerMode"          @ string offset=817
.Linfo_string69:
	.asciz	"NewState"              @ string offset=830
.Linfo_string70:
	.asciz	"SysTick_CLKSource"     @ string offset=839
	.section	.debug_loc,"",%progbits
.Ldebug_loc0:
	.long	.Lfunc_begin0
	.long	.Ltmp1
	.short	1                       @ Loc expr size
	.byte	80                      @ DW_OP_reg0
	.long	0
	.long	0
.Ldebug_loc1:
	.long	.Lfunc_begin1
	.long	.Ltmp12
	.short	1                       @ Loc expr size
	.byte	80                      @ DW_OP_reg0
	.long	0
	.long	0
.Ldebug_loc2:
	.long	.Lfunc_begin1
	.long	.Ltmp6
	.short	1                       @ Loc expr size
	.byte	48                      @ DW_OP_lit0
	.long	.Ltmp6
	.long	.Ltmp7
	.short	1                       @ Loc expr size
	.byte	82                      @ DW_OP_reg2
	.long	.Ltmp8
	.long	.Ltmp10
	.short	1                       @ Loc expr size
	.byte	82                      @ DW_OP_reg2
	.long	0
	.long	0
.Ldebug_loc3:
	.long	.Lfunc_begin2
	.long	.Ltmp17
	.short	1                       @ Loc expr size
	.byte	80                      @ DW_OP_reg0
	.long	0
	.long	0
.Ldebug_loc4:
	.long	.Lfunc_begin2
	.long	.Ltmp16
	.short	1                       @ Loc expr size
	.byte	81                      @ DW_OP_reg1
	.long	0
	.long	0
.Ldebug_loc5:
	.long	.Lfunc_begin3
	.long	.Ltmp22
	.short	1                       @ Loc expr size
	.byte	80                      @ DW_OP_reg0
	.long	0
	.long	0
.Ldebug_loc6:
	.long	.Lfunc_begin3
	.long	.Ltmp21
	.short	1                       @ Loc expr size
	.byte	81                      @ DW_OP_reg1
	.long	0
	.long	0
	.section	.debug_abbrev,"",%progbits
	.byte	1                       @ Abbreviation Code
	.byte	17                      @ DW_TAG_compile_unit
	.byte	1                       @ DW_CHILDREN_yes
	.byte	37                      @ DW_AT_producer
	.byte	14                      @ DW_FORM_strp
	.byte	19                      @ DW_AT_language
	.byte	5                       @ DW_FORM_data2
	.byte	3                       @ DW_AT_name
	.byte	14                      @ DW_FORM_strp
	.byte	16                      @ DW_AT_stmt_list
	.byte	6                       @ DW_FORM_data4
	.byte	27                      @ DW_AT_comp_dir
	.byte	14                      @ DW_FORM_strp
	.byte	17                      @ DW_AT_low_pc
	.byte	1                       @ DW_FORM_addr
	.byte	85                      @ DW_AT_ranges
	.byte	6                       @ DW_FORM_data4
	.byte	0                       @ EOM(1)
	.byte	0                       @ EOM(2)
	.byte	2                       @ Abbreviation Code
	.byte	4                       @ DW_TAG_enumeration_type
	.byte	1                       @ DW_CHILDREN_yes
	.byte	73                      @ DW_AT_type
	.byte	19                      @ DW_FORM_ref4
	.byte	11                      @ DW_AT_byte_size
	.byte	11                      @ DW_FORM_data1
	.byte	58                      @ DW_AT_decl_file
	.byte	11                      @ DW_FORM_data1
	.byte	59                      @ DW_AT_decl_line
	.byte	5                       @ DW_FORM_data2
	.byte	0                       @ EOM(1)
	.byte	0                       @ EOM(2)
	.byte	3                       @ Abbreviation Code
	.byte	40                      @ DW_TAG_enumerator
	.byte	0                       @ DW_CHILDREN_no
	.byte	3                       @ DW_AT_name
	.byte	14                      @ DW_FORM_strp
	.byte	28                      @ DW_AT_const_value
	.byte	15                      @ DW_FORM_udata
	.byte	0                       @ EOM(1)
	.byte	0                       @ EOM(2)
	.byte	4                       @ Abbreviation Code
	.byte	36                      @ DW_TAG_base_type
	.byte	0                       @ DW_CHILDREN_no
	.byte	3                       @ DW_AT_name
	.byte	14                      @ DW_FORM_strp
	.byte	62                      @ DW_AT_encoding
	.byte	11                      @ DW_FORM_data1
	.byte	11                      @ DW_AT_byte_size
	.byte	11                      @ DW_FORM_data1
	.byte	0                       @ EOM(1)
	.byte	0                       @ EOM(2)
	.byte	5                       @ Abbreviation Code
	.byte	22                      @ DW_TAG_typedef
	.byte	0                       @ DW_CHILDREN_no
	.byte	73                      @ DW_AT_type
	.byte	19                      @ DW_FORM_ref4
	.byte	3                       @ DW_AT_name
	.byte	14                      @ DW_FORM_strp
	.byte	58                      @ DW_AT_decl_file
	.byte	11                      @ DW_FORM_data1
	.byte	59                      @ DW_AT_decl_line
	.byte	11                      @ DW_FORM_data1
	.byte	0                       @ EOM(1)
	.byte	0                       @ EOM(2)
	.byte	6                       @ Abbreviation Code
	.byte	15                      @ DW_TAG_pointer_type
	.byte	0                       @ DW_CHILDREN_no
	.byte	73                      @ DW_AT_type
	.byte	19                      @ DW_FORM_ref4
	.byte	0                       @ EOM(1)
	.byte	0                       @ EOM(2)
	.byte	7                       @ Abbreviation Code
	.byte	22                      @ DW_TAG_typedef
	.byte	0                       @ DW_CHILDREN_no
	.byte	73                      @ DW_AT_type
	.byte	19                      @ DW_FORM_ref4
	.byte	3                       @ DW_AT_name
	.byte	14                      @ DW_FORM_strp
	.byte	58                      @ DW_AT_decl_file
	.byte	11                      @ DW_FORM_data1
	.byte	59                      @ DW_AT_decl_line
	.byte	5                       @ DW_FORM_data2
	.byte	0                       @ EOM(1)
	.byte	0                       @ EOM(2)
	.byte	8                       @ Abbreviation Code
	.byte	19                      @ DW_TAG_structure_type
	.byte	1                       @ DW_CHILDREN_yes
	.byte	11                      @ DW_AT_byte_size
	.byte	11                      @ DW_FORM_data1
	.byte	58                      @ DW_AT_decl_file
	.byte	11                      @ DW_FORM_data1
	.byte	59                      @ DW_AT_decl_line
	.byte	5                       @ DW_FORM_data2
	.byte	0                       @ EOM(1)
	.byte	0                       @ EOM(2)
	.byte	9                       @ Abbreviation Code
	.byte	13                      @ DW_TAG_member
	.byte	0                       @ DW_CHILDREN_no
	.byte	3                       @ DW_AT_name
	.byte	14                      @ DW_FORM_strp
	.byte	73                      @ DW_AT_type
	.byte	19                      @ DW_FORM_ref4
	.byte	58                      @ DW_AT_decl_file
	.byte	11                      @ DW_FORM_data1
	.byte	59                      @ DW_AT_decl_line
	.byte	5                       @ DW_FORM_data2
	.byte	56                      @ DW_AT_data_member_location
	.byte	11                      @ DW_FORM_data1
	.byte	0                       @ EOM(1)
	.byte	0                       @ EOM(2)
	.byte	10                      @ Abbreviation Code
	.byte	38                      @ DW_TAG_const_type
	.byte	0                       @ DW_CHILDREN_no
	.byte	73                      @ DW_AT_type
	.byte	19                      @ DW_FORM_ref4
	.byte	0                       @ EOM(1)
	.byte	0                       @ EOM(2)
	.byte	11                      @ Abbreviation Code
	.byte	53                      @ DW_TAG_volatile_type
	.byte	0                       @ DW_CHILDREN_no
	.byte	73                      @ DW_AT_type
	.byte	19                      @ DW_FORM_ref4
	.byte	0                       @ EOM(1)
	.byte	0                       @ EOM(2)
	.byte	12                      @ Abbreviation Code
	.byte	1                       @ DW_TAG_array_type
	.byte	1                       @ DW_CHILDREN_yes
	.byte	73                      @ DW_AT_type
	.byte	19                      @ DW_FORM_ref4
	.byte	0                       @ EOM(1)
	.byte	0                       @ EOM(2)
	.byte	13                      @ Abbreviation Code
	.byte	33                      @ DW_TAG_subrange_type
	.byte	0                       @ DW_CHILDREN_no
	.byte	73                      @ DW_AT_type
	.byte	19                      @ DW_FORM_ref4
	.byte	55                      @ DW_AT_count
	.byte	11                      @ DW_FORM_data1
	.byte	0                       @ EOM(1)
	.byte	0                       @ EOM(2)
	.byte	14                      @ Abbreviation Code
	.byte	36                      @ DW_TAG_base_type
	.byte	0                       @ DW_CHILDREN_no
	.byte	3                       @ DW_AT_name
	.byte	14                      @ DW_FORM_strp
	.byte	11                      @ DW_AT_byte_size
	.byte	11                      @ DW_FORM_data1
	.byte	62                      @ DW_AT_encoding
	.byte	11                      @ DW_FORM_data1
	.byte	0                       @ EOM(1)
	.byte	0                       @ EOM(2)
	.byte	15                      @ Abbreviation Code
	.byte	19                      @ DW_TAG_structure_type
	.byte	1                       @ DW_CHILDREN_yes
	.byte	11                      @ DW_AT_byte_size
	.byte	5                       @ DW_FORM_data2
	.byte	58                      @ DW_AT_decl_file
	.byte	11                      @ DW_FORM_data1
	.byte	59                      @ DW_AT_decl_line
	.byte	5                       @ DW_FORM_data2
	.byte	0                       @ EOM(1)
	.byte	0                       @ EOM(2)
	.byte	16                      @ Abbreviation Code
	.byte	13                      @ DW_TAG_member
	.byte	0                       @ DW_CHILDREN_no
	.byte	3                       @ DW_AT_name
	.byte	14                      @ DW_FORM_strp
	.byte	73                      @ DW_AT_type
	.byte	19                      @ DW_FORM_ref4
	.byte	58                      @ DW_AT_decl_file
	.byte	11                      @ DW_FORM_data1
	.byte	59                      @ DW_AT_decl_line
	.byte	5                       @ DW_FORM_data2
	.byte	56                      @ DW_AT_data_member_location
	.byte	5                       @ DW_FORM_data2
	.byte	0                       @ EOM(1)
	.byte	0                       @ EOM(2)
	.byte	17                      @ Abbreviation Code
	.byte	33                      @ DW_TAG_subrange_type
	.byte	0                       @ DW_CHILDREN_no
	.byte	73                      @ DW_AT_type
	.byte	19                      @ DW_FORM_ref4
	.byte	55                      @ DW_AT_count
	.byte	5                       @ DW_FORM_data2
	.byte	0                       @ EOM(1)
	.byte	0                       @ EOM(2)
	.byte	18                      @ Abbreviation Code
	.byte	46                      @ DW_TAG_subprogram
	.byte	1                       @ DW_CHILDREN_yes
	.byte	17                      @ DW_AT_low_pc
	.byte	1                       @ DW_FORM_addr
	.byte	18                      @ DW_AT_high_pc
	.byte	1                       @ DW_FORM_addr
	.byte	64                      @ DW_AT_frame_base
	.byte	10                      @ DW_FORM_block1
	.byte	3                       @ DW_AT_name
	.byte	14                      @ DW_FORM_strp
	.byte	58                      @ DW_AT_decl_file
	.byte	11                      @ DW_FORM_data1
	.byte	59                      @ DW_AT_decl_line
	.byte	11                      @ DW_FORM_data1
	.byte	39                      @ DW_AT_prototyped
	.byte	12                      @ DW_FORM_flag
	.byte	63                      @ DW_AT_external
	.byte	12                      @ DW_FORM_flag
	.byte	0                       @ EOM(1)
	.byte	0                       @ EOM(2)
	.byte	19                      @ Abbreviation Code
	.byte	5                       @ DW_TAG_formal_parameter
	.byte	0                       @ DW_CHILDREN_no
	.byte	2                       @ DW_AT_location
	.byte	6                       @ DW_FORM_data4
	.byte	3                       @ DW_AT_name
	.byte	14                      @ DW_FORM_strp
	.byte	58                      @ DW_AT_decl_file
	.byte	11                      @ DW_FORM_data1
	.byte	59                      @ DW_AT_decl_line
	.byte	11                      @ DW_FORM_data1
	.byte	73                      @ DW_AT_type
	.byte	19                      @ DW_FORM_ref4
	.byte	0                       @ EOM(1)
	.byte	0                       @ EOM(2)
	.byte	20                      @ Abbreviation Code
	.byte	52                      @ DW_TAG_variable
	.byte	0                       @ DW_CHILDREN_no
	.byte	2                       @ DW_AT_location
	.byte	6                       @ DW_FORM_data4
	.byte	3                       @ DW_AT_name
	.byte	14                      @ DW_FORM_strp
	.byte	58                      @ DW_AT_decl_file
	.byte	11                      @ DW_FORM_data1
	.byte	59                      @ DW_AT_decl_line
	.byte	11                      @ DW_FORM_data1
	.byte	73                      @ DW_AT_type
	.byte	19                      @ DW_FORM_ref4
	.byte	0                       @ EOM(1)
	.byte	0                       @ EOM(2)
	.byte	21                      @ Abbreviation Code
	.byte	52                      @ DW_TAG_variable
	.byte	0                       @ DW_CHILDREN_no
	.byte	28                      @ DW_AT_const_value
	.byte	15                      @ DW_FORM_udata
	.byte	3                       @ DW_AT_name
	.byte	14                      @ DW_FORM_strp
	.byte	58                      @ DW_AT_decl_file
	.byte	11                      @ DW_FORM_data1
	.byte	59                      @ DW_AT_decl_line
	.byte	11                      @ DW_FORM_data1
	.byte	73                      @ DW_AT_type
	.byte	19                      @ DW_FORM_ref4
	.byte	0                       @ EOM(1)
	.byte	0                       @ EOM(2)
	.byte	22                      @ Abbreviation Code
	.byte	5                       @ DW_TAG_formal_parameter
	.byte	0                       @ DW_CHILDREN_no
	.byte	2                       @ DW_AT_location
	.byte	10                      @ DW_FORM_block1
	.byte	3                       @ DW_AT_name
	.byte	14                      @ DW_FORM_strp
	.byte	58                      @ DW_AT_decl_file
	.byte	11                      @ DW_FORM_data1
	.byte	59                      @ DW_AT_decl_line
	.byte	11                      @ DW_FORM_data1
	.byte	73                      @ DW_AT_type
	.byte	19                      @ DW_FORM_ref4
	.byte	0                       @ EOM(1)
	.byte	0                       @ EOM(2)
	.byte	23                      @ Abbreviation Code
	.byte	19                      @ DW_TAG_structure_type
	.byte	1                       @ DW_CHILDREN_yes
	.byte	11                      @ DW_AT_byte_size
	.byte	11                      @ DW_FORM_data1
	.byte	58                      @ DW_AT_decl_file
	.byte	11                      @ DW_FORM_data1
	.byte	59                      @ DW_AT_decl_line
	.byte	11                      @ DW_FORM_data1
	.byte	0                       @ EOM(1)
	.byte	0                       @ EOM(2)
	.byte	24                      @ Abbreviation Code
	.byte	13                      @ DW_TAG_member
	.byte	0                       @ DW_CHILDREN_no
	.byte	3                       @ DW_AT_name
	.byte	14                      @ DW_FORM_strp
	.byte	73                      @ DW_AT_type
	.byte	19                      @ DW_FORM_ref4
	.byte	58                      @ DW_AT_decl_file
	.byte	11                      @ DW_FORM_data1
	.byte	59                      @ DW_AT_decl_line
	.byte	11                      @ DW_FORM_data1
	.byte	56                      @ DW_AT_data_member_location
	.byte	11                      @ DW_FORM_data1
	.byte	0                       @ EOM(1)
	.byte	0                       @ EOM(2)
	.byte	0                       @ EOM(3)
	.section	.debug_info,"",%progbits
.Lcu_begin0:
	.long	.Ldebug_info_end0-.Ldebug_info_start0 @ Length of Unit
.Ldebug_info_start0:
	.short	3                       @ DWARF version number
	.long	.debug_abbrev           @ Offset Into Abbrev. Section
	.byte	4                       @ Address Size (in bytes)
	.byte	1                       @ Abbrev [1] 0xb:0x465 DW_TAG_compile_unit
	.long	.Linfo_string0          @ DW_AT_producer
	.short	12                      @ DW_AT_language
	.long	.Linfo_string1          @ DW_AT_name
	.long	.Lline_table_start0     @ DW_AT_stmt_list
	.long	.Linfo_string2          @ DW_AT_comp_dir
	.long	0                       @ DW_AT_low_pc
	.long	.Ldebug_ranges0         @ DW_AT_ranges
	.byte	2                       @ Abbrev [2] 0x26:0x16 DW_TAG_enumeration_type
	.long	60                      @ DW_AT_type
	.byte	1                       @ DW_AT_byte_size
	.byte	1                       @ DW_AT_decl_file
	.short	589                     @ DW_AT_decl_line
	.byte	3                       @ Abbrev [3] 0x2f:0x6 DW_TAG_enumerator
	.long	.Linfo_string4          @ DW_AT_name
	.byte	0                       @ DW_AT_const_value
	.byte	3                       @ Abbrev [3] 0x35:0x6 DW_TAG_enumerator
	.long	.Linfo_string5          @ DW_AT_name
	.byte	1                       @ DW_AT_const_value
	.byte	0                       @ End Of Children Mark
	.byte	4                       @ Abbrev [4] 0x3c:0x7 DW_TAG_base_type
	.long	.Linfo_string3          @ DW_AT_name
	.byte	8                       @ DW_AT_encoding
	.byte	1                       @ DW_AT_byte_size
	.byte	5                       @ Abbrev [5] 0x43:0xb DW_TAG_typedef
	.long	78                      @ DW_AT_type
	.long	.Linfo_string7          @ DW_AT_name
	.byte	2                       @ DW_AT_decl_file
	.byte	64                      @ DW_AT_decl_line
	.byte	4                       @ Abbrev [4] 0x4e:0x7 DW_TAG_base_type
	.long	.Linfo_string6          @ DW_AT_name
	.byte	7                       @ DW_AT_encoding
	.byte	4                       @ DW_AT_byte_size
	.byte	6                       @ Abbrev [6] 0x55:0x5 DW_TAG_pointer_type
	.long	90                      @ DW_AT_type
	.byte	7                       @ Abbrev [7] 0x5a:0xc DW_TAG_typedef
	.long	102                     @ DW_AT_type
	.long	.Linfo_string31         @ DW_AT_name
	.byte	3                       @ DW_AT_decl_file
	.short	376                     @ DW_AT_decl_line
	.byte	8                       @ Abbrev [8] 0x66:0x117 DW_TAG_structure_type
	.byte	140                     @ DW_AT_byte_size
	.byte	3                       @ DW_AT_decl_file
	.short	353                     @ DW_AT_decl_line
	.byte	9                       @ Abbrev [9] 0x6b:0xd DW_TAG_member
	.long	.Linfo_string8          @ DW_AT_name
	.long	381                     @ DW_AT_type
	.byte	3                       @ DW_AT_decl_file
	.short	355                     @ DW_AT_decl_line
	.byte	0                       @ DW_AT_data_member_location
	.byte	9                       @ Abbrev [9] 0x78:0xd DW_TAG_member
	.long	.Linfo_string9          @ DW_AT_name
	.long	386                     @ DW_AT_type
	.byte	3                       @ DW_AT_decl_file
	.short	356                     @ DW_AT_decl_line
	.byte	4                       @ DW_AT_data_member_location
	.byte	9                       @ Abbrev [9] 0x85:0xd DW_TAG_member
	.long	.Linfo_string10         @ DW_AT_name
	.long	386                     @ DW_AT_type
	.byte	3                       @ DW_AT_decl_file
	.short	357                     @ DW_AT_decl_line
	.byte	8                       @ DW_AT_data_member_location
	.byte	9                       @ Abbrev [9] 0x92:0xd DW_TAG_member
	.long	.Linfo_string11         @ DW_AT_name
	.long	386                     @ DW_AT_type
	.byte	3                       @ DW_AT_decl_file
	.short	358                     @ DW_AT_decl_line
	.byte	12                      @ DW_AT_data_member_location
	.byte	9                       @ Abbrev [9] 0x9f:0xd DW_TAG_member
	.long	.Linfo_string12         @ DW_AT_name
	.long	386                     @ DW_AT_type
	.byte	3                       @ DW_AT_decl_file
	.short	359                     @ DW_AT_decl_line
	.byte	16                      @ DW_AT_data_member_location
	.byte	9                       @ Abbrev [9] 0xac:0xd DW_TAG_member
	.long	.Linfo_string13         @ DW_AT_name
	.long	386                     @ DW_AT_type
	.byte	3                       @ DW_AT_decl_file
	.short	360                     @ DW_AT_decl_line
	.byte	20                      @ DW_AT_data_member_location
	.byte	9                       @ Abbrev [9] 0xb9:0xd DW_TAG_member
	.long	.Linfo_string14         @ DW_AT_name
	.long	391                     @ DW_AT_type
	.byte	3                       @ DW_AT_decl_file
	.short	361                     @ DW_AT_decl_line
	.byte	24                      @ DW_AT_data_member_location
	.byte	9                       @ Abbrev [9] 0xc6:0xd DW_TAG_member
	.long	.Linfo_string17         @ DW_AT_name
	.long	386                     @ DW_AT_type
	.byte	3                       @ DW_AT_decl_file
	.short	362                     @ DW_AT_decl_line
	.byte	36                      @ DW_AT_data_member_location
	.byte	9                       @ Abbrev [9] 0xd3:0xd DW_TAG_member
	.long	.Linfo_string18         @ DW_AT_name
	.long	386                     @ DW_AT_type
	.byte	3                       @ DW_AT_decl_file
	.short	363                     @ DW_AT_decl_line
	.byte	40                      @ DW_AT_data_member_location
	.byte	9                       @ Abbrev [9] 0xe0:0xd DW_TAG_member
	.long	.Linfo_string19         @ DW_AT_name
	.long	386                     @ DW_AT_type
	.byte	3                       @ DW_AT_decl_file
	.short	364                     @ DW_AT_decl_line
	.byte	44                      @ DW_AT_data_member_location
	.byte	9                       @ Abbrev [9] 0xed:0xd DW_TAG_member
	.long	.Linfo_string20         @ DW_AT_name
	.long	386                     @ DW_AT_type
	.byte	3                       @ DW_AT_decl_file
	.short	365                     @ DW_AT_decl_line
	.byte	48                      @ DW_AT_data_member_location
	.byte	9                       @ Abbrev [9] 0xfa:0xd DW_TAG_member
	.long	.Linfo_string21         @ DW_AT_name
	.long	386                     @ DW_AT_type
	.byte	3                       @ DW_AT_decl_file
	.short	366                     @ DW_AT_decl_line
	.byte	52                      @ DW_AT_data_member_location
	.byte	9                       @ Abbrev [9] 0x107:0xd DW_TAG_member
	.long	.Linfo_string22         @ DW_AT_name
	.long	386                     @ DW_AT_type
	.byte	3                       @ DW_AT_decl_file
	.short	367                     @ DW_AT_decl_line
	.byte	56                      @ DW_AT_data_member_location
	.byte	9                       @ Abbrev [9] 0x114:0xd DW_TAG_member
	.long	.Linfo_string23         @ DW_AT_name
	.long	386                     @ DW_AT_type
	.byte	3                       @ DW_AT_decl_file
	.short	368                     @ DW_AT_decl_line
	.byte	60                      @ DW_AT_data_member_location
	.byte	9                       @ Abbrev [9] 0x121:0xd DW_TAG_member
	.long	.Linfo_string24         @ DW_AT_name
	.long	426                     @ DW_AT_type
	.byte	3                       @ DW_AT_decl_file
	.short	369                     @ DW_AT_decl_line
	.byte	64                      @ DW_AT_data_member_location
	.byte	9                       @ Abbrev [9] 0x12e:0xd DW_TAG_member
	.long	.Linfo_string25         @ DW_AT_name
	.long	381                     @ DW_AT_type
	.byte	3                       @ DW_AT_decl_file
	.short	370                     @ DW_AT_decl_line
	.byte	72                      @ DW_AT_data_member_location
	.byte	9                       @ Abbrev [9] 0x13b:0xd DW_TAG_member
	.long	.Linfo_string26         @ DW_AT_name
	.long	381                     @ DW_AT_type
	.byte	3                       @ DW_AT_decl_file
	.short	371                     @ DW_AT_decl_line
	.byte	76                      @ DW_AT_data_member_location
	.byte	9                       @ Abbrev [9] 0x148:0xd DW_TAG_member
	.long	.Linfo_string27         @ DW_AT_name
	.long	438                     @ DW_AT_type
	.byte	3                       @ DW_AT_decl_file
	.short	372                     @ DW_AT_decl_line
	.byte	80                      @ DW_AT_data_member_location
	.byte	9                       @ Abbrev [9] 0x155:0xd DW_TAG_member
	.long	.Linfo_string28         @ DW_AT_name
	.long	450                     @ DW_AT_type
	.byte	3                       @ DW_AT_decl_file
	.short	373                     @ DW_AT_decl_line
	.byte	96                      @ DW_AT_data_member_location
	.byte	9                       @ Abbrev [9] 0x162:0xd DW_TAG_member
	.long	.Linfo_string29         @ DW_AT_name
	.long	462                     @ DW_AT_type
	.byte	3                       @ DW_AT_decl_file
	.short	374                     @ DW_AT_decl_line
	.byte	116                     @ DW_AT_data_member_location
	.byte	9                       @ Abbrev [9] 0x16f:0xd DW_TAG_member
	.long	.Linfo_string30         @ DW_AT_name
	.long	386                     @ DW_AT_type
	.byte	3                       @ DW_AT_decl_file
	.short	375                     @ DW_AT_decl_line
	.byte	136                     @ DW_AT_data_member_location
	.byte	0                       @ End Of Children Mark
	.byte	10                      @ Abbrev [10] 0x17d:0x5 DW_TAG_const_type
	.long	386                     @ DW_AT_type
	.byte	11                      @ Abbrev [11] 0x182:0x5 DW_TAG_volatile_type
	.long	67                      @ DW_AT_type
	.byte	12                      @ Abbrev [12] 0x187:0xc DW_TAG_array_type
	.long	403                     @ DW_AT_type
	.byte	13                      @ Abbrev [13] 0x18c:0x6 DW_TAG_subrange_type
	.long	419                     @ DW_AT_type
	.byte	12                      @ DW_AT_count
	.byte	0                       @ End Of Children Mark
	.byte	11                      @ Abbrev [11] 0x193:0x5 DW_TAG_volatile_type
	.long	408                     @ DW_AT_type
	.byte	5                       @ Abbrev [5] 0x198:0xb DW_TAG_typedef
	.long	60                      @ DW_AT_type
	.long	.Linfo_string15         @ DW_AT_name
	.byte	2                       @ DW_AT_decl_file
	.byte	62                      @ DW_AT_decl_line
	.byte	14                      @ Abbrev [14] 0x1a3:0x7 DW_TAG_base_type
	.long	.Linfo_string16         @ DW_AT_name
	.byte	8                       @ DW_AT_byte_size
	.byte	7                       @ DW_AT_encoding
	.byte	12                      @ Abbrev [12] 0x1aa:0xc DW_TAG_array_type
	.long	381                     @ DW_AT_type
	.byte	13                      @ Abbrev [13] 0x1af:0x6 DW_TAG_subrange_type
	.long	419                     @ DW_AT_type
	.byte	2                       @ DW_AT_count
	.byte	0                       @ End Of Children Mark
	.byte	12                      @ Abbrev [12] 0x1b6:0xc DW_TAG_array_type
	.long	381                     @ DW_AT_type
	.byte	13                      @ Abbrev [13] 0x1bb:0x6 DW_TAG_subrange_type
	.long	419                     @ DW_AT_type
	.byte	4                       @ DW_AT_count
	.byte	0                       @ End Of Children Mark
	.byte	12                      @ Abbrev [12] 0x1c2:0xc DW_TAG_array_type
	.long	381                     @ DW_AT_type
	.byte	13                      @ Abbrev [13] 0x1c7:0x6 DW_TAG_subrange_type
	.long	419                     @ DW_AT_type
	.byte	5                       @ DW_AT_count
	.byte	0                       @ End Of Children Mark
	.byte	12                      @ Abbrev [12] 0x1ce:0xc DW_TAG_array_type
	.long	67                      @ DW_AT_type
	.byte	13                      @ Abbrev [13] 0x1d3:0x6 DW_TAG_subrange_type
	.long	419                     @ DW_AT_type
	.byte	5                       @ DW_AT_count
	.byte	0                       @ End Of Children Mark
	.byte	6                       @ Abbrev [6] 0x1da:0x5 DW_TAG_pointer_type
	.long	479                     @ DW_AT_type
	.byte	7                       @ Abbrev [7] 0x1df:0xc DW_TAG_typedef
	.long	491                     @ DW_AT_type
	.long	.Linfo_string44         @ DW_AT_name
	.byte	3                       @ DW_AT_decl_file
	.short	336                     @ DW_AT_decl_line
	.byte	15                      @ Abbrev [15] 0x1eb:0xb9 DW_TAG_structure_type
	.short	3588                    @ DW_AT_byte_size
	.byte	3                       @ DW_AT_decl_file
	.short	321                     @ DW_AT_decl_line
	.byte	9                       @ Abbrev [9] 0x1f1:0xd DW_TAG_member
	.long	.Linfo_string32         @ DW_AT_name
	.long	676                     @ DW_AT_type
	.byte	3                       @ DW_AT_decl_file
	.short	323                     @ DW_AT_decl_line
	.byte	0                       @ DW_AT_data_member_location
	.byte	9                       @ Abbrev [9] 0x1fe:0xd DW_TAG_member
	.long	.Linfo_string29         @ DW_AT_name
	.long	688                     @ DW_AT_type
	.byte	3                       @ DW_AT_decl_file
	.short	324                     @ DW_AT_decl_line
	.byte	32                      @ DW_AT_data_member_location
	.byte	9                       @ Abbrev [9] 0x20b:0xd DW_TAG_member
	.long	.Linfo_string33         @ DW_AT_name
	.long	676                     @ DW_AT_type
	.byte	3                       @ DW_AT_decl_file
	.short	325                     @ DW_AT_decl_line
	.byte	128                     @ DW_AT_data_member_location
	.byte	9                       @ Abbrev [9] 0x218:0xd DW_TAG_member
	.long	.Linfo_string34         @ DW_AT_name
	.long	688                     @ DW_AT_type
	.byte	3                       @ DW_AT_decl_file
	.short	326                     @ DW_AT_decl_line
	.byte	160                     @ DW_AT_data_member_location
	.byte	16                      @ Abbrev [16] 0x225:0xe DW_TAG_member
	.long	.Linfo_string35         @ DW_AT_name
	.long	676                     @ DW_AT_type
	.byte	3                       @ DW_AT_decl_file
	.short	327                     @ DW_AT_decl_line
	.short	256                     @ DW_AT_data_member_location
	.byte	16                      @ Abbrev [16] 0x233:0xe DW_TAG_member
	.long	.Linfo_string36         @ DW_AT_name
	.long	688                     @ DW_AT_type
	.byte	3                       @ DW_AT_decl_file
	.short	328                     @ DW_AT_decl_line
	.short	288                     @ DW_AT_data_member_location
	.byte	16                      @ Abbrev [16] 0x241:0xe DW_TAG_member
	.long	.Linfo_string37         @ DW_AT_name
	.long	676                     @ DW_AT_type
	.byte	3                       @ DW_AT_decl_file
	.short	329                     @ DW_AT_decl_line
	.short	384                     @ DW_AT_data_member_location
	.byte	16                      @ Abbrev [16] 0x24f:0xe DW_TAG_member
	.long	.Linfo_string38         @ DW_AT_name
	.long	688                     @ DW_AT_type
	.byte	3                       @ DW_AT_decl_file
	.short	330                     @ DW_AT_decl_line
	.short	416                     @ DW_AT_data_member_location
	.byte	16                      @ Abbrev [16] 0x25d:0xe DW_TAG_member
	.long	.Linfo_string39         @ DW_AT_name
	.long	676                     @ DW_AT_type
	.byte	3                       @ DW_AT_decl_file
	.short	331                     @ DW_AT_decl_line
	.short	512                     @ DW_AT_data_member_location
	.byte	16                      @ Abbrev [16] 0x26b:0xe DW_TAG_member
	.long	.Linfo_string40         @ DW_AT_name
	.long	700                     @ DW_AT_type
	.byte	3                       @ DW_AT_decl_file
	.short	332                     @ DW_AT_decl_line
	.short	544                     @ DW_AT_data_member_location
	.byte	16                      @ Abbrev [16] 0x279:0xe DW_TAG_member
	.long	.Linfo_string41         @ DW_AT_name
	.long	712                     @ DW_AT_type
	.byte	3                       @ DW_AT_decl_file
	.short	333                     @ DW_AT_decl_line
	.short	768                     @ DW_AT_data_member_location
	.byte	16                      @ Abbrev [16] 0x287:0xe DW_TAG_member
	.long	.Linfo_string42         @ DW_AT_name
	.long	724                     @ DW_AT_type
	.byte	3                       @ DW_AT_decl_file
	.short	334                     @ DW_AT_decl_line
	.short	1008                    @ DW_AT_data_member_location
	.byte	16                      @ Abbrev [16] 0x295:0xe DW_TAG_member
	.long	.Linfo_string43         @ DW_AT_name
	.long	386                     @ DW_AT_type
	.byte	3                       @ DW_AT_decl_file
	.short	335                     @ DW_AT_decl_line
	.short	3584                    @ DW_AT_data_member_location
	.byte	0                       @ End Of Children Mark
	.byte	12                      @ Abbrev [12] 0x2a4:0xc DW_TAG_array_type
	.long	386                     @ DW_AT_type
	.byte	13                      @ Abbrev [13] 0x2a9:0x6 DW_TAG_subrange_type
	.long	419                     @ DW_AT_type
	.byte	8                       @ DW_AT_count
	.byte	0                       @ End Of Children Mark
	.byte	12                      @ Abbrev [12] 0x2b0:0xc DW_TAG_array_type
	.long	67                      @ DW_AT_type
	.byte	13                      @ Abbrev [13] 0x2b5:0x6 DW_TAG_subrange_type
	.long	419                     @ DW_AT_type
	.byte	24                      @ DW_AT_count
	.byte	0                       @ End Of Children Mark
	.byte	12                      @ Abbrev [12] 0x2bc:0xc DW_TAG_array_type
	.long	67                      @ DW_AT_type
	.byte	13                      @ Abbrev [13] 0x2c1:0x6 DW_TAG_subrange_type
	.long	419                     @ DW_AT_type
	.byte	56                      @ DW_AT_count
	.byte	0                       @ End Of Children Mark
	.byte	12                      @ Abbrev [12] 0x2c8:0xc DW_TAG_array_type
	.long	403                     @ DW_AT_type
	.byte	13                      @ Abbrev [13] 0x2cd:0x6 DW_TAG_subrange_type
	.long	419                     @ DW_AT_type
	.byte	240                     @ DW_AT_count
	.byte	0                       @ End Of Children Mark
	.byte	12                      @ Abbrev [12] 0x2d4:0xd DW_TAG_array_type
	.long	67                      @ DW_AT_type
	.byte	17                      @ Abbrev [17] 0x2d9:0x7 DW_TAG_subrange_type
	.long	419                     @ DW_AT_type
	.short	644                     @ DW_AT_count
	.byte	0                       @ End Of Children Mark
	.byte	6                       @ Abbrev [6] 0x2e1:0x5 DW_TAG_pointer_type
	.long	742                     @ DW_AT_type
	.byte	7                       @ Abbrev [7] 0x2e6:0xc DW_TAG_typedef
	.long	754                     @ DW_AT_type
	.long	.Linfo_string49         @ DW_AT_name
	.byte	3                       @ DW_AT_decl_file
	.short	614                     @ DW_AT_decl_line
	.byte	8                       @ Abbrev [8] 0x2f2:0x3a DW_TAG_structure_type
	.byte	16                      @ DW_AT_byte_size
	.byte	3                       @ DW_AT_decl_file
	.short	608                     @ DW_AT_decl_line
	.byte	9                       @ Abbrev [9] 0x2f7:0xd DW_TAG_member
	.long	.Linfo_string45         @ DW_AT_name
	.long	386                     @ DW_AT_type
	.byte	3                       @ DW_AT_decl_file
	.short	610                     @ DW_AT_decl_line
	.byte	0                       @ DW_AT_data_member_location
	.byte	9                       @ Abbrev [9] 0x304:0xd DW_TAG_member
	.long	.Linfo_string46         @ DW_AT_name
	.long	386                     @ DW_AT_type
	.byte	3                       @ DW_AT_decl_file
	.short	611                     @ DW_AT_decl_line
	.byte	4                       @ DW_AT_data_member_location
	.byte	9                       @ Abbrev [9] 0x311:0xd DW_TAG_member
	.long	.Linfo_string47         @ DW_AT_name
	.long	386                     @ DW_AT_type
	.byte	3                       @ DW_AT_decl_file
	.short	612                     @ DW_AT_decl_line
	.byte	8                       @ DW_AT_data_member_location
	.byte	9                       @ Abbrev [9] 0x31e:0xd DW_TAG_member
	.long	.Linfo_string48         @ DW_AT_name
	.long	381                     @ DW_AT_type
	.byte	3                       @ DW_AT_decl_file
	.short	613                     @ DW_AT_decl_line
	.byte	12                      @ DW_AT_data_member_location
	.byte	0                       @ End Of Children Mark
	.byte	18                      @ Abbrev [18] 0x32c:0x23 DW_TAG_subprogram
	.long	.Lfunc_begin0           @ DW_AT_low_pc
	.long	.Lfunc_end0             @ DW_AT_high_pc
	.byte	1                       @ DW_AT_frame_base
	.byte	93
	.long	.Linfo_string50         @ DW_AT_name
	.byte	4                       @ DW_AT_decl_file
	.byte	118                     @ DW_AT_decl_line
	.byte	1                       @ DW_AT_prototyped
	.byte	1                       @ DW_AT_external
	.byte	19                      @ Abbrev [19] 0x33f:0xf DW_TAG_formal_parameter
	.long	.Ldebug_loc0            @ DW_AT_location
	.long	.Linfo_string55         @ DW_AT_name
	.byte	4                       @ DW_AT_decl_file
	.byte	118                     @ DW_AT_decl_line
	.long	67                      @ DW_AT_type
	.byte	0                       @ End Of Children Mark
	.byte	18                      @ Abbrev [18] 0x34f:0x4a DW_TAG_subprogram
	.long	.Lfunc_begin1           @ DW_AT_low_pc
	.long	.Lfunc_end1             @ DW_AT_high_pc
	.byte	1                       @ DW_AT_frame_base
	.byte	93
	.long	.Linfo_string51         @ DW_AT_name
	.byte	4                       @ DW_AT_decl_file
	.byte	136                     @ DW_AT_decl_line
	.byte	1                       @ DW_AT_prototyped
	.byte	1                       @ DW_AT_external
	.byte	19                      @ Abbrev [19] 0x362:0xf DW_TAG_formal_parameter
	.long	.Ldebug_loc1            @ DW_AT_location
	.long	.Linfo_string56         @ DW_AT_name
	.byte	4                       @ DW_AT_decl_file
	.byte	136                     @ DW_AT_decl_line
	.long	1054                    @ DW_AT_type
	.byte	20                      @ Abbrev [20] 0x371:0xf DW_TAG_variable
	.long	.Ldebug_loc2            @ DW_AT_location
	.long	.Linfo_string63         @ DW_AT_name
	.byte	4                       @ DW_AT_decl_file
	.byte	138                     @ DW_AT_decl_line
	.long	408                     @ DW_AT_type
	.byte	21                      @ Abbrev [21] 0x380:0xc DW_TAG_variable
	.byte	0                       @ DW_AT_const_value
	.long	.Linfo_string64         @ DW_AT_name
	.byte	4                       @ DW_AT_decl_file
	.byte	138                     @ DW_AT_decl_line
	.long	408                     @ DW_AT_type
	.byte	21                      @ Abbrev [21] 0x38c:0xc DW_TAG_variable
	.byte	15                      @ DW_AT_const_value
	.long	.Linfo_string65         @ DW_AT_name
	.byte	4                       @ DW_AT_decl_file
	.byte	138                     @ DW_AT_decl_line
	.long	408                     @ DW_AT_type
	.byte	0                       @ End Of Children Mark
	.byte	18                      @ Abbrev [18] 0x399:0x32 DW_TAG_subprogram
	.long	.Lfunc_begin2           @ DW_AT_low_pc
	.long	.Lfunc_end2             @ DW_AT_high_pc
	.byte	1                       @ DW_AT_frame_base
	.byte	93
	.long	.Linfo_string52         @ DW_AT_name
	.byte	4                       @ DW_AT_decl_file
	.byte	180                     @ DW_AT_decl_line
	.byte	1                       @ DW_AT_prototyped
	.byte	1                       @ DW_AT_external
	.byte	19                      @ Abbrev [19] 0x3ac:0xf DW_TAG_formal_parameter
	.long	.Ldebug_loc3            @ DW_AT_location
	.long	.Linfo_string66         @ DW_AT_name
	.byte	4                       @ DW_AT_decl_file
	.byte	180                     @ DW_AT_decl_line
	.long	67                      @ DW_AT_type
	.byte	19                      @ Abbrev [19] 0x3bb:0xf DW_TAG_formal_parameter
	.long	.Ldebug_loc4            @ DW_AT_location
	.long	.Linfo_string67         @ DW_AT_name
	.byte	4                       @ DW_AT_decl_file
	.byte	180                     @ DW_AT_decl_line
	.long	67                      @ DW_AT_type
	.byte	0                       @ End Of Children Mark
	.byte	18                      @ Abbrev [18] 0x3cb:0x32 DW_TAG_subprogram
	.long	.Lfunc_begin3           @ DW_AT_low_pc
	.long	.Lfunc_end3             @ DW_AT_high_pc
	.byte	1                       @ DW_AT_frame_base
	.byte	93
	.long	.Linfo_string53         @ DW_AT_name
	.byte	4                       @ DW_AT_decl_file
	.byte	199                     @ DW_AT_decl_line
	.byte	1                       @ DW_AT_prototyped
	.byte	1                       @ DW_AT_external
	.byte	19                      @ Abbrev [19] 0x3de:0xf DW_TAG_formal_parameter
	.long	.Ldebug_loc5            @ DW_AT_location
	.long	.Linfo_string68         @ DW_AT_name
	.byte	4                       @ DW_AT_decl_file
	.byte	199                     @ DW_AT_decl_line
	.long	408                     @ DW_AT_type
	.byte	19                      @ Abbrev [19] 0x3ed:0xf DW_TAG_formal_parameter
	.long	.Ldebug_loc6            @ DW_AT_location
	.long	.Linfo_string69         @ DW_AT_name
	.byte	4                       @ DW_AT_decl_file
	.byte	199                     @ DW_AT_decl_line
	.long	1123                    @ DW_AT_type
	.byte	0                       @ End Of Children Mark
	.byte	18                      @ Abbrev [18] 0x3fd:0x21 DW_TAG_subprogram
	.long	.Lfunc_begin4           @ DW_AT_low_pc
	.long	.Lfunc_end4             @ DW_AT_high_pc
	.byte	1                       @ DW_AT_frame_base
	.byte	93
	.long	.Linfo_string54         @ DW_AT_name
	.byte	4                       @ DW_AT_decl_file
	.byte	223                     @ DW_AT_decl_line
	.byte	1                       @ DW_AT_prototyped
	.byte	1                       @ DW_AT_external
	.byte	22                      @ Abbrev [22] 0x410:0xd DW_TAG_formal_parameter
	.byte	1                       @ DW_AT_location
	.byte	80
	.long	.Linfo_string70         @ DW_AT_name
	.byte	4                       @ DW_AT_decl_file
	.byte	223                     @ DW_AT_decl_line
	.long	67                      @ DW_AT_type
	.byte	0                       @ End Of Children Mark
	.byte	6                       @ Abbrev [6] 0x41e:0x5 DW_TAG_pointer_type
	.long	1059                    @ DW_AT_type
	.byte	5                       @ Abbrev [5] 0x423:0xb DW_TAG_typedef
	.long	1070                    @ DW_AT_type
	.long	.Linfo_string62         @ DW_AT_name
	.byte	5                       @ DW_AT_decl_file
	.byte	74                      @ DW_AT_decl_line
	.byte	23                      @ Abbrev [23] 0x42e:0x35 DW_TAG_structure_type
	.byte	4                       @ DW_AT_byte_size
	.byte	5                       @ DW_AT_decl_file
	.byte	54                      @ DW_AT_decl_line
	.byte	24                      @ Abbrev [24] 0x432:0xc DW_TAG_member
	.long	.Linfo_string57         @ DW_AT_name
	.long	408                     @ DW_AT_type
	.byte	5                       @ DW_AT_decl_file
	.byte	56                      @ DW_AT_decl_line
	.byte	0                       @ DW_AT_data_member_location
	.byte	24                      @ Abbrev [24] 0x43e:0xc DW_TAG_member
	.long	.Linfo_string58         @ DW_AT_name
	.long	408                     @ DW_AT_type
	.byte	5                       @ DW_AT_decl_file
	.byte	61                      @ DW_AT_decl_line
	.byte	1                       @ DW_AT_data_member_location
	.byte	24                      @ Abbrev [24] 0x44a:0xc DW_TAG_member
	.long	.Linfo_string59         @ DW_AT_name
	.long	408                     @ DW_AT_type
	.byte	5                       @ DW_AT_decl_file
	.byte	66                      @ DW_AT_decl_line
	.byte	2                       @ DW_AT_data_member_location
	.byte	24                      @ Abbrev [24] 0x456:0xc DW_TAG_member
	.long	.Linfo_string60         @ DW_AT_name
	.long	1123                    @ DW_AT_type
	.byte	5                       @ DW_AT_decl_file
	.byte	71                      @ DW_AT_decl_line
	.byte	3                       @ DW_AT_data_member_location
	.byte	0                       @ End Of Children Mark
	.byte	7                       @ Abbrev [7] 0x463:0xc DW_TAG_typedef
	.long	38                      @ DW_AT_type
	.long	.Linfo_string61         @ DW_AT_name
	.byte	1                       @ DW_AT_decl_file
	.short	589                     @ DW_AT_decl_line
	.byte	0                       @ End Of Children Mark
.Ldebug_info_end0:
	.section	.debug_ranges,"",%progbits
.Ldebug_ranges0:
	.long	.Lfunc_begin0
	.long	.Lfunc_end0
	.long	.Lfunc_begin1
	.long	.Lfunc_end1
	.long	.Lfunc_begin2
	.long	.Lfunc_end2
	.long	.Lfunc_begin3
	.long	.Lfunc_end3
	.long	.Lfunc_begin4
	.long	.Lfunc_end4
	.long	0
	.long	0
	.section	.debug_macinfo,"",%progbits
	.byte	0                       @ End Of Macro List Mark

	.ident	"Component: ARM Compiler 6.12 Tool: armclang [5d624a00]"
	.section	".note.GNU-stack","",%progbits
	.eabi_attribute	30, 4	@ Tag_ABI_optimization_goals
	.ARM_attribute	16, 1	@ Tag_AV_eba
	.section	.debug_line,"",%progbits
.Lline_table_start0:
