	.text
	.syntax unified
	.eabi_attribute	67, "2.09"	@ Tag_conformance
	.cpu	cortex-m4
	.eabi_attribute	6, 13	@ Tag_CPU_arch
	.eabi_attribute	7, 77	@ Tag_CPU_arch_profile
	.eabi_attribute	8, 0	@ Tag_ARM_ISA_use
	.eabi_attribute	9, 2	@ Tag_THUMB_ISA_use
	.fpu	fpv4-sp-d16
	.eabi_attribute	27, 1	@ Tag_ABI_HardFP_use
	.eabi_attribute	36, 1	@ Tag_FP_HP_extension
	.eabi_attribute	34, 1	@ Tag_CPU_unaligned_access
	.eabi_attribute	17, 1	@ Tag_ABI_PCS_GOT_use
	.eabi_attribute	20, 2	@ Tag_ABI_FP_denormal
	.eabi_attribute	21, 0	@ Tag_ABI_FP_exceptions
	.eabi_attribute	23, 1	@ Tag_ABI_FP_number_model
	.eabi_attribute	24, 1	@ Tag_ABI_align_needed
	.eabi_attribute	25, 1	@ Tag_ABI_align_preserved
	.eabi_attribute	28, 1	@ Tag_ABI_VFP_args
	.eabi_attribute	38, 1	@ Tag_ABI_FP_16bit_format
	.eabi_attribute	18, 2	@ Tag_ABI_PCS_wchar_t
	.eabi_attribute	26, 1	@ Tag_ABI_enum_size
	.eabi_attribute	14, 0	@ Tag_ABI_PCS_R9_use
	.file	"stm32f429i_sdram.c"
	.file	1 "F:\\SkyDrive\\OtvoreniProjekti\\HotelSaplast\\fw\\KontrolerHotela\\HCBL020318\\Project" "../Libraries/CMSIS/Device/ST/STM32F4xx/Include\\stm32f4xx.h"
	.file	2 "F:\\SkyDrive\\OtvoreniProjekti\\HotelSaplast\\fw\\KontrolerHotela\\HCBL020318\\Project" "../Libraries/STM32F4xx_StdPeriph_Driver/inc\\stm32f4xx_gpio.h"
	.file	3 "C:\\Keil\\ARM\\ARMCLANG\\Bin\\..\\include" "stdint.h"
	.section	.text.SDRAM_Init,"ax",%progbits
	.hidden	SDRAM_Init              @ -- Begin function SDRAM_Init
	.globl	SDRAM_Init
	.p2align	1
	.type	SDRAM_Init,%function
	.code	16                      @ @SDRAM_Init
	.thumb_func
SDRAM_Init:
.Lfunc_begin0:
	.file	4 "F:\\SkyDrive\\OtvoreniProjekti\\HotelSaplast\\fw\\KontrolerHotela\\HCBL020318\\Project" "../Driver/stm32f429i_sdram.c"
	.loc	4 24 0                  @ ../Driver/stm32f429i_sdram.c:24:0
	.fnstart
	.cfi_sections .debug_frame
	.cfi_startproc
@ %bb.0:
	.save	{r4, lr}
	push	{r4, lr}
	.cfi_def_cfa_offset 8
	.cfi_offset lr, -4
	.cfi_offset r4, -8
	.pad	#72
	sub	sp, #72
	.cfi_def_cfa_offset 80
.Ltmp0:
	.loc	4 28 2 prologue_end     @ ../Driver/stm32f429i_sdram.c:28:2
	bl	SDRAM_GPIOConfig
	.loc	4 30 2                  @ ../Driver/stm32f429i_sdram.c:30:2
	movs	r0, #1
	movs	r1, #1
	movs	r4, #1
	bl	RCC_AHB3PeriphClockCmd
	movs	r0, #2
	movs	r1, #7
	.loc	4 51 43                 @ ../Driver/stm32f429i_sdram.c:51:43
	strd	r0, r0, [sp, #20]
	movs	r0, #4
	.loc	4 49 53                 @ ../Driver/stm32f429i_sdram.c:49:53
	str	r0, [sp, #16]
	.loc	4 45 51                 @ ../Driver/stm32f429i_sdram.c:45:51
	strd	r0, r1, [sp, #8]
	movs	r1, #8
	.loc	4 41 53                 @ ../Driver/stm32f429i_sdram.c:41:53
	strd	r0, r1, [sp]
	mov	r0, sp
	.loc	4 65 47                 @ ../Driver/stm32f429i_sdram.c:65:47
	str	r0, [sp, #68]
	mov.w	r0, #8192
	.loc	4 64 43                 @ ../Driver/stm32f429i_sdram.c:64:43
	str	r0, [sp, #64]
	mov.w	r0, #4096
	.loc	4 63 39                 @ ../Driver/stm32f429i_sdram.c:63:39
	str	r0, [sp, #60]
	mov.w	r0, #2048
	.loc	4 62 43                 @ ../Driver/stm32f429i_sdram.c:62:43
	str	r0, [sp, #56]
	movs	r0, #0
	.loc	4 61 45                 @ ../Driver/stm32f429i_sdram.c:61:45
	str	r0, [sp, #52]
	mov.w	r0, #384
	.loc	4 60 40                 @ ../Driver/stm32f429i_sdram.c:60:40
	str	r0, [sp, #48]
	movs	r0, #64
	.loc	4 59 48                 @ ../Driver/stm32f429i_sdram.c:59:48
	str	r0, [sp, #44]
	movs	r0, #16
	.loc	4 57 43                 @ ../Driver/stm32f429i_sdram.c:57:43
	strd	r1, r0, [sp, #36]
	add	r0, sp, #28
	.loc	4 55 34                 @ ../Driver/stm32f429i_sdram.c:55:34
	strd	r4, r4, [sp, #28]
.Ltmp1:
	@DEBUG_VALUE: SDRAM_Init:FMC_SDRAMInitStructure <- [DW_OP_plus_uconst 28, DW_OP_deref] $sp
	.loc	4 66 2                  @ ../Driver/stm32f429i_sdram.c:66:2
	bl	FMC_SDRAMInit
	.loc	4 68 2                  @ ../Driver/stm32f429i_sdram.c:68:2
	bl	SDRAM_InitSequence
	.loc	4 69 1                  @ ../Driver/stm32f429i_sdram.c:69:1
	add	sp, #72
.Ltmp2:
	pop	{r4, pc}
.Ltmp3:
.Lfunc_end0:
	.size	SDRAM_Init, .Lfunc_end0-SDRAM_Init
	.cfi_endproc
	.cantunwind
	.fnend
                                        @ -- End function
	.section	.text.SDRAM_GPIOConfig,"ax",%progbits
	.hidden	SDRAM_GPIOConfig        @ -- Begin function SDRAM_GPIOConfig
	.globl	SDRAM_GPIOConfig
	.p2align	2
	.type	SDRAM_GPIOConfig,%function
	.code	16                      @ @SDRAM_GPIOConfig
	.thumb_func
SDRAM_GPIOConfig:
.Lfunc_begin1:
	.loc	4 77 0                  @ ../Driver/stm32f429i_sdram.c:77:0
	.fnstart
	.cfi_startproc
@ %bb.0:
	.save	{r4, r5, r6, r7, r8, r9, lr}
	.pad	#12
	push.w	{r1, r2, r3, r4, r5, r6, r7, r8, r9, lr}
	.cfi_def_cfa_offset 40
	.cfi_offset lr, -4
	.cfi_offset r9, -8
	.cfi_offset r8, -12
	.cfi_offset r7, -16
	.cfi_offset r6, -20
	.cfi_offset r5, -24
	.cfi_offset r4, -28
.Ltmp4:
	.loc	4 98 2 prologue_end     @ ../Driver/stm32f429i_sdram.c:98:2
	movs	r0, #254
	movs	r1, #1
	movs	r4, #1
	bl	RCC_AHB1PeriphClockCmd
	ldr	r5, __arm_cp.1_0
	movw	r0, #770
	.loc	4 107 2                 @ ../Driver/stm32f429i_sdram.c:107:2
	ldr	r7, __arm_cp.1_1
	movs	r1, #7
	movs	r2, #12
	.loc	4 102 32                @ ../Driver/stm32f429i_sdram.c:102:32
	str	r0, [sp, #8]
	.loc	4 107 2                 @ ../Driver/stm32f429i_sdram.c:107:2
	add.w	r6, r5, #5120
	mov	r0, r6
	blx	r7
	.loc	4 108 2                 @ ../Driver/stm32f429i_sdram.c:108:2
	mov	r0, r6
	movs	r1, #6
	movs	r2, #12
	blx	r7
	movs	r0, #192
	add.w	r9, sp, #4
	.loc	4 110 2                 @ ../Driver/stm32f429i_sdram.c:110:2
	ldr.w	r8, __arm_cp.1_2
	.loc	4 109 30                @ ../Driver/stm32f429i_sdram.c:109:30
	str	r0, [sp, #4]
.Ltmp5:
	@DEBUG_VALUE: SDRAM_GPIOConfig:GPIO_InitStructure <- [DW_OP_plus_uconst 4, DW_OP_deref] $sp
	.loc	4 110 2                 @ ../Driver/stm32f429i_sdram.c:110:2
	mov	r0, r6
	mov	r1, r9
	blx	r8
	.loc	4 112 2                 @ ../Driver/stm32f429i_sdram.c:112:2
	mov	r0, r5
	movs	r1, #0
	movs	r2, #12
	blx	r7
	.loc	4 114 2                 @ ../Driver/stm32f429i_sdram.c:114:2
	mov	r0, r5
	mov	r1, r9
	.loc	4 113 30                @ ../Driver/stm32f429i_sdram.c:113:30
	str	r4, [sp, #4]
	.loc	4 114 2                 @ ../Driver/stm32f429i_sdram.c:114:2
	blx	r8
	.loc	4 116 2                 @ ../Driver/stm32f429i_sdram.c:116:2
	add.w	r6, r5, #1024
	movs	r1, #0
	movs	r2, #12
	mov	r0, r6
	blx	r7
	.loc	4 117 2                 @ ../Driver/stm32f429i_sdram.c:117:2
	mov	r0, r6
	movs	r1, #1
	movs	r2, #12
	blx	r7
	.loc	4 118 2                 @ ../Driver/stm32f429i_sdram.c:118:2
	mov	r0, r6
	movs	r1, #8
	movs	r2, #12
	blx	r7
	.loc	4 119 2                 @ ../Driver/stm32f429i_sdram.c:119:2
	mov	r0, r6
	movs	r1, #9
	movs	r2, #12
	blx	r7
	.loc	4 120 2                 @ ../Driver/stm32f429i_sdram.c:120:2
	mov	r0, r6
	movs	r1, #10
	movs	r2, #12
	blx	r7
	.loc	4 121 2                 @ ../Driver/stm32f429i_sdram.c:121:2
	mov	r0, r6
	movs	r1, #14
	movs	r2, #12
	blx	r7
	.loc	4 122 2                 @ ../Driver/stm32f429i_sdram.c:122:2
	mov	r0, r6
	movs	r1, #15
	movs	r2, #12
	blx	r7
	movw	r0, #50947
	.loc	4 125 2                 @ ../Driver/stm32f429i_sdram.c:125:2
	mov	r1, r9
	.loc	4 123 30                @ ../Driver/stm32f429i_sdram.c:123:30
	str	r0, [sp, #4]
	.loc	4 125 2                 @ ../Driver/stm32f429i_sdram.c:125:2
	mov	r0, r6
	blx	r8
	.loc	4 127 2                 @ ../Driver/stm32f429i_sdram.c:127:2
	add.w	r6, r5, #2048
	movs	r1, #0
	movs	r2, #12
	mov	r0, r6
	blx	r7
	.loc	4 128 2                 @ ../Driver/stm32f429i_sdram.c:128:2
	mov	r0, r6
	movs	r1, #1
	movs	r2, #12
	blx	r7
	.loc	4 129 2                 @ ../Driver/stm32f429i_sdram.c:129:2
	mov	r0, r6
	movs	r1, #7
	movs	r2, #12
	blx	r7
	.loc	4 130 2                 @ ../Driver/stm32f429i_sdram.c:130:2
	mov	r0, r6
	movs	r1, #8
	movs	r2, #12
	blx	r7
	.loc	4 131 2                 @ ../Driver/stm32f429i_sdram.c:131:2
	mov	r0, r6
	movs	r1, #9
	movs	r2, #12
	blx	r7
	.loc	4 132 2                 @ ../Driver/stm32f429i_sdram.c:132:2
	mov	r0, r6
	movs	r1, #10
	movs	r2, #12
	blx	r7
	.loc	4 133 2                 @ ../Driver/stm32f429i_sdram.c:133:2
	mov	r0, r6
	movs	r1, #11
	movs	r2, #12
	blx	r7
	.loc	4 134 2                 @ ../Driver/stm32f429i_sdram.c:134:2
	mov	r0, r6
	movs	r1, #12
	movs	r2, #12
	blx	r7
	.loc	4 135 2                 @ ../Driver/stm32f429i_sdram.c:135:2
	mov	r0, r6
	movs	r1, #13
	movs	r2, #12
	blx	r7
	.loc	4 136 2                 @ ../Driver/stm32f429i_sdram.c:136:2
	mov	r0, r6
	movs	r1, #14
	movs	r2, #12
	blx	r7
	.loc	4 137 2                 @ ../Driver/stm32f429i_sdram.c:137:2
	mov	r0, r6
	movs	r1, #15
	movs	r2, #12
	blx	r7
	movw	r0, #65411
	.loc	4 141 2                 @ ../Driver/stm32f429i_sdram.c:141:2
	mov	r1, r9
	.loc	4 138 30                @ ../Driver/stm32f429i_sdram.c:138:30
	str	r0, [sp, #4]
	.loc	4 141 2                 @ ../Driver/stm32f429i_sdram.c:141:2
	mov	r0, r6
	blx	r8
	.loc	4 143 2                 @ ../Driver/stm32f429i_sdram.c:143:2
	add.w	r6, r5, #3072
	movs	r1, #0
	movs	r2, #12
	mov	r0, r6
	blx	r7
	.loc	4 144 2                 @ ../Driver/stm32f429i_sdram.c:144:2
	mov	r0, r6
	movs	r1, #1
	movs	r2, #12
	blx	r7
	.loc	4 145 2                 @ ../Driver/stm32f429i_sdram.c:145:2
	mov	r0, r6
	movs	r1, #2
	movs	r2, #12
	blx	r7
	.loc	4 146 2                 @ ../Driver/stm32f429i_sdram.c:146:2
	mov	r0, r6
	movs	r1, #3
	movs	r2, #12
	blx	r7
	.loc	4 147 2                 @ ../Driver/stm32f429i_sdram.c:147:2
	mov	r0, r6
	movs	r1, #4
	movs	r2, #12
	blx	r7
	.loc	4 148 2                 @ ../Driver/stm32f429i_sdram.c:148:2
	mov	r0, r6
	movs	r1, #5
	movs	r2, #12
	blx	r7
	.loc	4 149 2                 @ ../Driver/stm32f429i_sdram.c:149:2
	mov	r0, r6
	movs	r1, #11
	movs	r2, #12
	blx	r7
	.loc	4 150 2                 @ ../Driver/stm32f429i_sdram.c:150:2
	mov	r0, r6
	movs	r1, #12
	movs	r2, #12
	blx	r7
	.loc	4 151 2                 @ ../Driver/stm32f429i_sdram.c:151:2
	mov	r0, r6
	movs	r1, #13
	movs	r2, #12
	blx	r7
	.loc	4 152 2                 @ ../Driver/stm32f429i_sdram.c:152:2
	mov	r0, r6
	movs	r1, #14
	movs	r2, #12
	blx	r7
	.loc	4 153 2                 @ ../Driver/stm32f429i_sdram.c:153:2
	mov	r0, r6
	movs	r1, #15
	movs	r2, #12
	blx	r7
	movw	r0, #63551
	.loc	4 157 2                 @ ../Driver/stm32f429i_sdram.c:157:2
	mov	r1, r9
	.loc	4 154 30                @ ../Driver/stm32f429i_sdram.c:154:30
	str	r0, [sp, #4]
	.loc	4 157 2                 @ ../Driver/stm32f429i_sdram.c:157:2
	mov	r0, r6
	blx	r8
	.loc	4 159 2                 @ ../Driver/stm32f429i_sdram.c:159:2
	add.w	r5, r5, #4096
	movs	r1, #0
	movs	r2, #12
	mov	r0, r5
	blx	r7
	.loc	4 160 2                 @ ../Driver/stm32f429i_sdram.c:160:2
	mov	r0, r5
	movs	r1, #1
	movs	r2, #12
	blx	r7
	.loc	4 161 2                 @ ../Driver/stm32f429i_sdram.c:161:2
	mov	r0, r5
	movs	r1, #2
	movs	r2, #12
	blx	r7
	.loc	4 162 2                 @ ../Driver/stm32f429i_sdram.c:162:2
	mov	r0, r5
	movs	r1, #4
	movs	r2, #12
	blx	r7
	.loc	4 163 2                 @ ../Driver/stm32f429i_sdram.c:163:2
	mov	r0, r5
	movs	r1, #5
	movs	r2, #12
	blx	r7
	.loc	4 164 2                 @ ../Driver/stm32f429i_sdram.c:164:2
	mov	r0, r5
	movs	r1, #8
	movs	r2, #12
	blx	r7
	.loc	4 165 2                 @ ../Driver/stm32f429i_sdram.c:165:2
	mov	r0, r5
	movs	r1, #15
	movs	r2, #12
	blx	r7
	movw	r0, #33079
	.loc	4 168 2                 @ ../Driver/stm32f429i_sdram.c:168:2
	mov	r1, r9
	.loc	4 166 30                @ ../Driver/stm32f429i_sdram.c:166:30
	str	r0, [sp, #4]
	.loc	4 168 2                 @ ../Driver/stm32f429i_sdram.c:168:2
	mov	r0, r5
	blx	r8
	.loc	4 170 1                 @ ../Driver/stm32f429i_sdram.c:170:1
	pop.w	{r1, r2, r3, r4, r5, r6, r7, r8, r9, pc}
.Ltmp6:
	.p2align	2
@ %bb.1:
	.loc	4 0 1 is_stmt 0         @ ../Driver/stm32f429i_sdram.c:0:1
__arm_cp.1_0:
	.long	1073874944              @ 0x40020800
.Lcpi_end0:
	.size	__arm_cp.1_0, .Lcpi_end0-__arm_cp.1_0
__arm_cp.1_1:
	.long	GPIO_PinAFConfig
.Lcpi_end1:
	.size	__arm_cp.1_1, .Lcpi_end1-__arm_cp.1_1
__arm_cp.1_2:
	.long	GPIO_Init
.Lcpi_end2:
	.size	__arm_cp.1_2, .Lcpi_end2-__arm_cp.1_2
.Lfunc_end1:
	.size	SDRAM_GPIOConfig, .Lfunc_end1-SDRAM_GPIOConfig
	.cfi_endproc
	.cantunwind
	.fnend
                                        @ -- End function
	.section	.text.SDRAM_InitSequence,"ax",%progbits
	.hidden	SDRAM_InitSequence      @ -- Begin function SDRAM_InitSequence
	.globl	SDRAM_InitSequence
	.p2align	2
	.type	SDRAM_InitSequence,%function
	.code	16                      @ @SDRAM_InitSequence
	.thumb_func
SDRAM_InitSequence:
.Lfunc_begin2:
	.loc	4 178 0 is_stmt 1       @ ../Driver/stm32f429i_sdram.c:178:0
	.fnstart
	.cfi_startproc
@ %bb.0:
	.save	{r7, lr}
	.pad	#24
	push	{r1, r2, r3, r4, r5, r6, r7, lr}
	.cfi_def_cfa_offset 32
	.cfi_offset lr, -4
	.cfi_offset r7, -8
	movs	r0, #0
	movs	r1, #8
.Ltmp7:
	@DEBUG_VALUE: SDRAM_InitSequence:tmpr <- 0
	.loc	4 187 56 prologue_end   @ ../Driver/stm32f429i_sdram.c:187:56
	str	r0, [sp, #12]
	movs	r0, #1
	.loc	4 186 51                @ ../Driver/stm32f429i_sdram.c:186:51
	str	r0, [sp, #8]
	.loc	4 184 45                @ ../Driver/stm32f429i_sdram.c:184:45
	strd	r0, r1, [sp]
.LBB2_1:                                @ =>This Inner Loop Header: Depth=1
	.loc	4 189 9                 @ ../Driver/stm32f429i_sdram.c:189:9
	movs	r0, #1
	movs	r1, #32
	bl	FMC_GetFlagStatus
	.loc	4 189 3 is_stmt 0       @ ../Driver/stm32f429i_sdram.c:189:3
	cmp	r0, #0
	bne	.LBB2_1
@ %bb.2:
.Ltmp8:
	@DEBUG_VALUE: SDRAM_InitSequence:FMC_SDRAMCommandStructure <- [DW_OP_deref] $sp
	.loc	4 0 3                   @ ../Driver/stm32f429i_sdram.c:0:3
	mov	r0, sp
	.loc	4 193 3 is_stmt 1       @ ../Driver/stm32f429i_sdram.c:193:3
	bl	FMC_SDRAMCmdConfig
	movs	r0, #10
	str	r0, [sp, #20]
	movs	r0, #0
.Ltmp9:
	.loc	4 333 17                @ ../Driver/stm32f429i_sdram.c:333:17
	str	r0, [sp, #16]
	ldr	r0, __arm_cp.2_0
.Ltmp10:
	.loc	4 334 25                @ ../Driver/stm32f429i_sdram.c:334:25
	ldr	r1, [sp, #20]
	.loc	4 334 23 is_stmt 0      @ ../Driver/stm32f429i_sdram.c:334:23
	muls	r0, r1, r0
	b	.LBB2_4
.Ltmp11:
.LBB2_3:                                @   in Loop: Header=BB2_4 Depth=1
	@DEBUG_VALUE: SDRAM_InitSequence:FMC_SDRAMCommandStructure <- [DW_OP_deref] $sp
	.loc	4 334 51                @ ../Driver/stm32f429i_sdram.c:334:51
	ldr	r0, [sp, #16]
	subs	r0, #1
.Ltmp12:
.LBB2_4:                                @ =>This Inner Loop Header: Depth=1
	@DEBUG_VALUE: SDRAM_InitSequence:FMC_SDRAMCommandStructure <- [DW_OP_deref] $sp
	.loc	4 0 0                   @ ../Driver/stm32f429i_sdram.c:0:0
	str	r0, [sp, #16]
.Ltmp13:
	.loc	4 334 34                @ ../Driver/stm32f429i_sdram.c:334:34
	ldr	r0, [sp, #16]
.Ltmp14:
	.loc	4 334 3                 @ ../Driver/stm32f429i_sdram.c:334:3
	cmp	r0, #0
	bne	.LBB2_3
.Ltmp15:
@ %bb.5:
	@DEBUG_VALUE: SDRAM_InitSequence:FMC_SDRAMCommandStructure <- [DW_OP_deref] $sp
	.loc	4 0 3                   @ ../Driver/stm32f429i_sdram.c:0:3
	movs	r0, #0
	.loc	4 204 56 is_stmt 1      @ ../Driver/stm32f429i_sdram.c:204:56
	str	r0, [sp, #12]
	movs	r0, #4
	.loc	4 203 51                @ ../Driver/stm32f429i_sdram.c:203:51
	str	r0, [sp, #8]
	movs	r0, #8
	.loc	4 202 47                @ ../Driver/stm32f429i_sdram.c:202:47
	str	r0, [sp, #4]
	movs	r0, #2
	.loc	4 201 45                @ ../Driver/stm32f429i_sdram.c:201:45
	str	r0, [sp]
.Ltmp16:
.LBB2_6:                                @ =>This Inner Loop Header: Depth=1
	@DEBUG_VALUE: SDRAM_InitSequence:FMC_SDRAMCommandStructure <- [DW_OP_deref] $sp
	.loc	4 206 9                 @ ../Driver/stm32f429i_sdram.c:206:9
	movs	r0, #1
	movs	r1, #32
	bl	FMC_GetFlagStatus
	.loc	4 206 3 is_stmt 0       @ ../Driver/stm32f429i_sdram.c:206:3
	cmp	r0, #0
	bne	.LBB2_6
.Ltmp17:
@ %bb.7:
	@DEBUG_VALUE: SDRAM_InitSequence:FMC_SDRAMCommandStructure <- [DW_OP_deref] $sp
	@DEBUG_VALUE: SDRAM_InitSequence:FMC_SDRAMCommandStructure <- [DW_OP_deref] $sp
	.loc	4 0 3                   @ ../Driver/stm32f429i_sdram.c:0:3
	mov	r0, sp
	.loc	4 210 3 is_stmt 1       @ ../Driver/stm32f429i_sdram.c:210:3
	bl	FMC_SDRAMCmdConfig
	movs	r0, #0
	.loc	4 217 56                @ ../Driver/stm32f429i_sdram.c:217:56
	str	r0, [sp, #12]
	movs	r0, #2
	.loc	4 216 51                @ ../Driver/stm32f429i_sdram.c:216:51
	str	r0, [sp, #8]
	movs	r0, #8
	.loc	4 215 47                @ ../Driver/stm32f429i_sdram.c:215:47
	str	r0, [sp, #4]
	movs	r0, #3
	.loc	4 214 45                @ ../Driver/stm32f429i_sdram.c:214:45
	str	r0, [sp]
.Ltmp18:
.LBB2_8:                                @ =>This Inner Loop Header: Depth=1
	@DEBUG_VALUE: SDRAM_InitSequence:FMC_SDRAMCommandStructure <- [DW_OP_deref] $sp
	.loc	4 219 9                 @ ../Driver/stm32f429i_sdram.c:219:9
	movs	r0, #1
	movs	r1, #32
	bl	FMC_GetFlagStatus
	.loc	4 219 3 is_stmt 0       @ ../Driver/stm32f429i_sdram.c:219:3
	cmp	r0, #0
	bne	.LBB2_8
.Ltmp19:
@ %bb.9:
	@DEBUG_VALUE: SDRAM_InitSequence:FMC_SDRAMCommandStructure <- [DW_OP_deref] $sp
	@DEBUG_VALUE: SDRAM_InitSequence:FMC_SDRAMCommandStructure <- [DW_OP_deref] $sp
	.loc	4 0 3                   @ ../Driver/stm32f429i_sdram.c:0:3
	mov	r0, sp
	.loc	4 223 3 is_stmt 1       @ ../Driver/stm32f429i_sdram.c:223:3
	bl	FMC_SDRAMCmdConfig
.Ltmp20:
.LBB2_10:                               @ =>This Inner Loop Header: Depth=1
	@DEBUG_VALUE: SDRAM_InitSequence:FMC_SDRAMCommandStructure <- [DW_OP_deref] $sp
	.loc	4 226 9                 @ ../Driver/stm32f429i_sdram.c:226:9
	movs	r0, #1
	movs	r1, #32
	bl	FMC_GetFlagStatus
	.loc	4 226 3 is_stmt 0       @ ../Driver/stm32f429i_sdram.c:226:3
	cmp	r0, #0
	bne	.LBB2_10
.Ltmp21:
@ %bb.11:
	@DEBUG_VALUE: SDRAM_InitSequence:FMC_SDRAMCommandStructure <- [DW_OP_deref] $sp
	@DEBUG_VALUE: SDRAM_InitSequence:FMC_SDRAMCommandStructure <- [DW_OP_deref] $sp
	.loc	4 0 3                   @ ../Driver/stm32f429i_sdram.c:0:3
	mov	r0, sp
	.loc	4 230 3 is_stmt 1       @ ../Driver/stm32f429i_sdram.c:230:3
	bl	FMC_SDRAMCmdConfig
	movw	r0, #561
	.loc	4 244 56                @ ../Driver/stm32f429i_sdram.c:244:56
	str	r0, [sp, #12]
	movs	r0, #1
	.loc	4 243 51                @ ../Driver/stm32f429i_sdram.c:243:51
	str	r0, [sp, #8]
	movs	r0, #8
	.loc	4 242 47                @ ../Driver/stm32f429i_sdram.c:242:47
	str	r0, [sp, #4]
	movs	r0, #4
.Ltmp22:
	@DEBUG_VALUE: SDRAM_InitSequence:tmpr <- 561
	.loc	4 241 45                @ ../Driver/stm32f429i_sdram.c:241:45
	str	r0, [sp]
.Ltmp23:
.LBB2_12:                               @ =>This Inner Loop Header: Depth=1
	@DEBUG_VALUE: SDRAM_InitSequence:FMC_SDRAMCommandStructure <- [DW_OP_deref] $sp
	.loc	4 246 9                 @ ../Driver/stm32f429i_sdram.c:246:9
	movs	r0, #1
	movs	r1, #32
	bl	FMC_GetFlagStatus
	.loc	4 246 3 is_stmt 0       @ ../Driver/stm32f429i_sdram.c:246:3
	cmp	r0, #0
	bne	.LBB2_12
.Ltmp24:
@ %bb.13:
	@DEBUG_VALUE: SDRAM_InitSequence:FMC_SDRAMCommandStructure <- [DW_OP_deref] $sp
	@DEBUG_VALUE: SDRAM_InitSequence:FMC_SDRAMCommandStructure <- [DW_OP_deref] $sp
	.loc	4 0 3                   @ ../Driver/stm32f429i_sdram.c:0:3
	mov	r0, sp
	.loc	4 250 3 is_stmt 1       @ ../Driver/stm32f429i_sdram.c:250:3
	bl	FMC_SDRAMCmdConfig
	.loc	4 257 3                 @ ../Driver/stm32f429i_sdram.c:257:3
	movs	r0, #33
	bl	FMC_SetRefreshCount
.Ltmp25:
.LBB2_14:                               @ =>This Inner Loop Header: Depth=1
	@DEBUG_VALUE: SDRAM_InitSequence:FMC_SDRAMCommandStructure <- [DW_OP_deref] $sp
	.loc	4 259 9                 @ ../Driver/stm32f429i_sdram.c:259:9
	movs	r0, #1
	movs	r1, #32
	bl	FMC_GetFlagStatus
	.loc	4 259 3 is_stmt 0       @ ../Driver/stm32f429i_sdram.c:259:3
	cmp	r0, #0
	bne	.LBB2_14
.Ltmp26:
@ %bb.15:
	@DEBUG_VALUE: SDRAM_InitSequence:FMC_SDRAMCommandStructure <- [DW_OP_deref] $sp
	.loc	4 262 1 is_stmt 1       @ ../Driver/stm32f429i_sdram.c:262:1
	add	sp, #24
.Ltmp27:
	pop	{r7, pc}
.Ltmp28:
	.p2align	2
@ %bb.16:
	.loc	4 0 1 is_stmt 0         @ ../Driver/stm32f429i_sdram.c:0:1
__arm_cp.2_0:
	.long	100000                  @ 0x186a0
.Lcpi_end3:
	.size	__arm_cp.2_0, .Lcpi_end3-__arm_cp.2_0
.Lfunc_end2:
	.size	SDRAM_InitSequence, .Lfunc_end2-SDRAM_InitSequence
	.cfi_endproc
	.cantunwind
	.fnend
                                        @ -- End function
	.section	.text.SDRAM_WriteBuffer,"ax",%progbits
	.hidden	SDRAM_WriteBuffer       @ -- Begin function SDRAM_WriteBuffer
	.globl	SDRAM_WriteBuffer
	.p2align	1
	.type	SDRAM_WriteBuffer,%function
	.code	16                      @ @SDRAM_WriteBuffer
	.thumb_func
SDRAM_WriteBuffer:
.Lfunc_begin3:
	.loc	4 274 0 is_stmt 1       @ ../Driver/stm32f429i_sdram.c:274:0
	.fnstart
	.cfi_startproc
@ %bb.0:
	.save	{r4, r5, r7, lr}
	.pad	#8
	push	{r2, r3, r4, r5, r7, lr}
	.cfi_def_cfa_offset 24
	.cfi_offset lr, -4
	.cfi_offset r7, -8
	.cfi_offset r5, -12
	.cfi_offset r4, -16
	@DEBUG_VALUE: SDRAM_WriteBuffer:pBuffer <- $r0
	@DEBUG_VALUE: SDRAM_WriteBuffer:uwWriteAddress <- $r1
	@DEBUG_VALUE: SDRAM_WriteBuffer:uwBufferSize <- $r2
	mov	r5, r0
.Ltmp29:
	@DEBUG_VALUE: SDRAM_WriteBuffer:uwBufferSize <- $r4
	@DEBUG_VALUE: SDRAM_WriteBuffer:uwWriteAddress <- $r1
	@DEBUG_VALUE: SDRAM_WriteBuffer:pBuffer <- $r5
	.loc	4 275 17 prologue_end   @ ../Driver/stm32f429i_sdram.c:275:17
	str	r1, [sp, #4]
	.loc	4 278 3                 @ ../Driver/stm32f429i_sdram.c:278:3
	movs	r0, #1
	movs	r1, #0
.Ltmp30:
	.loc	4 0 3 is_stmt 0         @ ../Driver/stm32f429i_sdram.c:0:3
	mov	r4, r2
.Ltmp31:
	.loc	4 278 3                 @ ../Driver/stm32f429i_sdram.c:278:3
	bl	FMC_SDRAMWriteProtectionConfig
.Ltmp32:
.LBB3_1:                                @ =>This Inner Loop Header: Depth=1
	@DEBUG_VALUE: SDRAM_WriteBuffer:pBuffer <- $r5
	.loc	4 281 9 is_stmt 1       @ ../Driver/stm32f429i_sdram.c:281:9
	movs	r0, #1
	movs	r1, #32
	bl	FMC_GetFlagStatus
	.loc	4 281 3 is_stmt 0       @ ../Driver/stm32f429i_sdram.c:281:3
	cmp	r0, #0
	bne	.LBB3_1
.Ltmp33:
@ %bb.2:
	@DEBUG_VALUE: SDRAM_WriteBuffer:pBuffer <- $r5
	.loc	4 0 3                   @ ../Driver/stm32f429i_sdram.c:0:3
	mov.w	r0, #-805306368
	b	.LBB3_4
.Ltmp34:
.LBB3_3:                                @   in Loop: Header=BB3_4 Depth=1
	@DEBUG_VALUE: SDRAM_WriteBuffer:pBuffer <- $r5
	@DEBUG_VALUE: SDRAM_WriteBuffer:uwBufferSize <- $r4
	@DEBUG_VALUE: SDRAM_WriteBuffer:pBuffer <- $r5
	.loc	4 289 55 is_stmt 1      @ ../Driver/stm32f429i_sdram.c:289:55
	ldm	r5!, {r1}
.Ltmp35:
	.loc	4 289 38 is_stmt 0      @ ../Driver/stm32f429i_sdram.c:289:38
	ldr	r2, [sp, #4]
.Ltmp36:
	.loc	4 286 41 is_stmt 1      @ ../Driver/stm32f429i_sdram.c:286:41
	subs	r4, #1
.Ltmp37:
	@DEBUG_VALUE: SDRAM_WriteBuffer:uwBufferSize <- $r4
	.loc	4 289 53                @ ../Driver/stm32f429i_sdram.c:289:53
	str	r1, [r2, r0]
	.loc	4 292 19                @ ../Driver/stm32f429i_sdram.c:292:19
	ldr	r1, [sp, #4]
	adds	r1, #4
	str	r1, [sp, #4]
.Ltmp38:
.LBB3_4:                                @ =>This Inner Loop Header: Depth=1
	@DEBUG_VALUE: SDRAM_WriteBuffer:pBuffer <- $r5
	@DEBUG_VALUE: SDRAM_WriteBuffer:pBuffer <- $r5
	@DEBUG_VALUE: SDRAM_WriteBuffer:uwBufferSize <- $r4
	.loc	4 286 3                 @ ../Driver/stm32f429i_sdram.c:286:3
	cmp	r4, #0
	bne	.LBB3_3
.Ltmp39:
@ %bb.5:
	@DEBUG_VALUE: SDRAM_WriteBuffer:pBuffer <- $r5
	@DEBUG_VALUE: SDRAM_WriteBuffer:uwBufferSize <- $r4
	.loc	4 295 1                 @ ../Driver/stm32f429i_sdram.c:295:1
	pop	{r2, r3, r4, r5, r7, pc}
.Ltmp40:
.Lfunc_end3:
	.size	SDRAM_WriteBuffer, .Lfunc_end3-SDRAM_WriteBuffer
	.cfi_endproc
	.cantunwind
	.fnend
                                        @ -- End function
	.section	.text.SDRAM_ReadBuffer,"ax",%progbits
	.hidden	SDRAM_ReadBuffer        @ -- Begin function SDRAM_ReadBuffer
	.globl	SDRAM_ReadBuffer
	.p2align	1
	.type	SDRAM_ReadBuffer,%function
	.code	16                      @ @SDRAM_ReadBuffer
	.thumb_func
SDRAM_ReadBuffer:
.Lfunc_begin4:
	.loc	4 306 0                 @ ../Driver/stm32f429i_sdram.c:306:0
	.fnstart
	.cfi_startproc
@ %bb.0:
	.save	{r4, r5, r7, lr}
	.pad	#8
	push	{r2, r3, r4, r5, r7, lr}
	.cfi_def_cfa_offset 24
	.cfi_offset lr, -4
	.cfi_offset r7, -8
	.cfi_offset r5, -12
	.cfi_offset r4, -16
	@DEBUG_VALUE: SDRAM_ReadBuffer:pBuffer <- $r0
	@DEBUG_VALUE: SDRAM_ReadBuffer:uwReadAddress <- $r1
	@DEBUG_VALUE: SDRAM_ReadBuffer:uwBufferSize <- $r2
	mov	r4, r2
	mov	r5, r0
.Ltmp41:
	@DEBUG_VALUE: SDRAM_ReadBuffer:uwBufferSize <- $r4
	@DEBUG_VALUE: SDRAM_ReadBuffer:uwReadAddress <- $r1
	@DEBUG_VALUE: SDRAM_ReadBuffer:pBuffer <- $r5
	.loc	4 307 17 prologue_end   @ ../Driver/stm32f429i_sdram.c:307:17
	str	r1, [sp, #4]
.Ltmp42:
.LBB4_1:                                @ =>This Inner Loop Header: Depth=1
	@DEBUG_VALUE: SDRAM_ReadBuffer:pBuffer <- $r5
	@DEBUG_VALUE: SDRAM_ReadBuffer:uwBufferSize <- $r4
	@DEBUG_VALUE: SDRAM_ReadBuffer:uwReadAddress <- $r1
	.loc	4 311 9                 @ ../Driver/stm32f429i_sdram.c:311:9
	movs	r0, #1
	movs	r1, #32
.Ltmp43:
	bl	FMC_GetFlagStatus
	.loc	4 311 3 is_stmt 0       @ ../Driver/stm32f429i_sdram.c:311:3
	cmp	r0, #0
	bne	.LBB4_1
.Ltmp44:
@ %bb.2:
	@DEBUG_VALUE: SDRAM_ReadBuffer:pBuffer <- $r5
	@DEBUG_VALUE: SDRAM_ReadBuffer:uwBufferSize <- $r4
	.loc	4 0 3                   @ ../Driver/stm32f429i_sdram.c:0:3
	mov.w	r0, #-805306368
	b	.LBB4_4
.Ltmp45:
.LBB4_3:                                @   in Loop: Header=BB4_4 Depth=1
	@DEBUG_VALUE: SDRAM_ReadBuffer:pBuffer <- $r5
	@DEBUG_VALUE: SDRAM_ReadBuffer:uwBufferSize <- $r4
	.loc	4 318 54 is_stmt 1      @ ../Driver/stm32f429i_sdram.c:318:54
	ldr	r1, [sp, #4]
.Ltmp46:
	.loc	4 316 43                @ ../Driver/stm32f429i_sdram.c:316:43
	subs	r4, #1
.Ltmp47:
	@DEBUG_VALUE: SDRAM_ReadBuffer:uwBufferSize <- $r4
	.loc	4 318 17                @ ../Driver/stm32f429i_sdram.c:318:17
	ldr	r1, [r1, r0]
	@DEBUG_VALUE: SDRAM_ReadBuffer:pBuffer <- $r5
	.loc	4 318 15 is_stmt 0      @ ../Driver/stm32f429i_sdram.c:318:15
	stm	r5!, {r1}
.Ltmp48:
	.loc	4 321 19 is_stmt 1      @ ../Driver/stm32f429i_sdram.c:321:19
	ldr	r1, [sp, #4]
	adds	r1, #4
	str	r1, [sp, #4]
.Ltmp49:
.LBB4_4:                                @ =>This Inner Loop Header: Depth=1
	@DEBUG_VALUE: SDRAM_ReadBuffer:pBuffer <- $r5
	@DEBUG_VALUE: SDRAM_ReadBuffer:uwBufferSize <- $r4
	@DEBUG_VALUE: SDRAM_ReadBuffer:pBuffer <- $r5
	@DEBUG_VALUE: SDRAM_ReadBuffer:uwBufferSize <- $r4
	.loc	4 316 3                 @ ../Driver/stm32f429i_sdram.c:316:3
	cmp	r4, #0
	bne	.LBB4_3
.Ltmp50:
@ %bb.5:
	@DEBUG_VALUE: SDRAM_ReadBuffer:pBuffer <- $r5
	@DEBUG_VALUE: SDRAM_ReadBuffer:uwBufferSize <- $r4
	.loc	4 323 1                 @ ../Driver/stm32f429i_sdram.c:323:1
	pop	{r2, r3, r4, r5, r7, pc}
.Ltmp51:
.Lfunc_end4:
	.size	SDRAM_ReadBuffer, .Lfunc_end4-SDRAM_ReadBuffer
	.cfi_endproc
	.cantunwind
	.fnend
                                        @ -- End function
	.file	5 "F:\\SkyDrive\\OtvoreniProjekti\\HotelSaplast\\fw\\KontrolerHotela\\HCBL020318\\Project" "../Libraries/STM32F4xx_StdPeriph_Driver/inc\\stm32f4xx_fmc.h"
	.section	.debug_str,"MS",%progbits,1
.Linfo_string0:
	.asciz	"Component: ARM Compiler 6.12 Tool: armclang [5d624a00]" @ string offset=0
.Linfo_string1:
	.asciz	"../Driver\\stm32f429i_sdram.c" @ string offset=55
.Linfo_string2:
	.asciz	"F:\\SkyDrive\\OtvoreniProjekti\\HotelSaplast\\fw\\KontrolerHotela\\HCBL020318\\Project" @ string offset=84
.Linfo_string3:
	.asciz	"unsigned char"         @ string offset=164
.Linfo_string4:
	.asciz	"DISABLE"               @ string offset=178
.Linfo_string5:
	.asciz	"ENABLE"                @ string offset=186
.Linfo_string6:
	.asciz	"GPIO_Mode_IN"          @ string offset=193
.Linfo_string7:
	.asciz	"GPIO_Mode_OUT"         @ string offset=206
.Linfo_string8:
	.asciz	"GPIO_Mode_AF"          @ string offset=220
.Linfo_string9:
	.asciz	"GPIO_Mode_AN"          @ string offset=233
.Linfo_string10:
	.asciz	"GPIO_Low_Speed"        @ string offset=246
.Linfo_string11:
	.asciz	"GPIO_Medium_Speed"     @ string offset=261
.Linfo_string12:
	.asciz	"GPIO_Fast_Speed"       @ string offset=279
.Linfo_string13:
	.asciz	"GPIO_High_Speed"       @ string offset=295
.Linfo_string14:
	.asciz	"GPIO_OType_PP"         @ string offset=311
.Linfo_string15:
	.asciz	"GPIO_OType_OD"         @ string offset=325
.Linfo_string16:
	.asciz	"GPIO_PuPd_NOPULL"      @ string offset=339
.Linfo_string17:
	.asciz	"GPIO_PuPd_UP"          @ string offset=356
.Linfo_string18:
	.asciz	"GPIO_PuPd_DOWN"        @ string offset=369
.Linfo_string19:
	.asciz	"RESET"                 @ string offset=384
.Linfo_string20:
	.asciz	"SET"                   @ string offset=390
.Linfo_string21:
	.asciz	"unsigned int"          @ string offset=394
.Linfo_string22:
	.asciz	"uint32_t"              @ string offset=407
.Linfo_string23:
	.asciz	"MODER"                 @ string offset=416
.Linfo_string24:
	.asciz	"OTYPER"                @ string offset=422
.Linfo_string25:
	.asciz	"OSPEEDR"               @ string offset=429
.Linfo_string26:
	.asciz	"PUPDR"                 @ string offset=437
.Linfo_string27:
	.asciz	"IDR"                   @ string offset=443
.Linfo_string28:
	.asciz	"ODR"                   @ string offset=447
.Linfo_string29:
	.asciz	"BSRRL"                 @ string offset=451
.Linfo_string30:
	.asciz	"unsigned short"        @ string offset=457
.Linfo_string31:
	.asciz	"uint16_t"              @ string offset=472
.Linfo_string32:
	.asciz	"BSRRH"                 @ string offset=481
.Linfo_string33:
	.asciz	"LCKR"                  @ string offset=487
.Linfo_string34:
	.asciz	"AFR"                   @ string offset=492
.Linfo_string35:
	.asciz	"__ARRAY_SIZE_TYPE__"   @ string offset=496
.Linfo_string36:
	.asciz	"GPIO_TypeDef"          @ string offset=516
.Linfo_string37:
	.asciz	"uint8_t"               @ string offset=529
.Linfo_string38:
	.asciz	"delay"                 @ string offset=537
.Linfo_string39:
	.asciz	"nCount"                @ string offset=543
.Linfo_string40:
	.asciz	"index"                 @ string offset=550
.Linfo_string41:
	.asciz	"SDRAM_Init"            @ string offset=556
.Linfo_string42:
	.asciz	"SDRAM_GPIOConfig"      @ string offset=567
.Linfo_string43:
	.asciz	"SDRAM_InitSequence"    @ string offset=584
.Linfo_string44:
	.asciz	"SDRAM_WriteBuffer"     @ string offset=603
.Linfo_string45:
	.asciz	"SDRAM_ReadBuffer"      @ string offset=621
.Linfo_string46:
	.asciz	"FMC_SDRAMInitStructure" @ string offset=638
.Linfo_string47:
	.asciz	"FMC_Bank"              @ string offset=661
.Linfo_string48:
	.asciz	"FMC_ColumnBitsNumber"  @ string offset=670
.Linfo_string49:
	.asciz	"FMC_RowBitsNumber"     @ string offset=691
.Linfo_string50:
	.asciz	"FMC_SDMemoryDataWidth" @ string offset=709
.Linfo_string51:
	.asciz	"FMC_InternalBankNumber" @ string offset=731
.Linfo_string52:
	.asciz	"FMC_CASLatency"        @ string offset=754
.Linfo_string53:
	.asciz	"FMC_WriteProtection"   @ string offset=769
.Linfo_string54:
	.asciz	"FMC_SDClockPeriod"     @ string offset=789
.Linfo_string55:
	.asciz	"FMC_ReadBurst"         @ string offset=807
.Linfo_string56:
	.asciz	"FMC_ReadPipeDelay"     @ string offset=821
.Linfo_string57:
	.asciz	"FMC_SDRAMTimingStruct" @ string offset=839
.Linfo_string58:
	.asciz	"FMC_LoadToActiveDelay" @ string offset=861
.Linfo_string59:
	.asciz	"FMC_ExitSelfRefreshDelay" @ string offset=883
.Linfo_string60:
	.asciz	"FMC_SelfRefreshTime"   @ string offset=908
.Linfo_string61:
	.asciz	"FMC_RowCycleDelay"     @ string offset=928
.Linfo_string62:
	.asciz	"FMC_WriteRecoveryTime" @ string offset=946
.Linfo_string63:
	.asciz	"FMC_RPDelay"           @ string offset=968
.Linfo_string64:
	.asciz	"FMC_RCDDelay"          @ string offset=980
.Linfo_string65:
	.asciz	"FMC_SDRAMTimingInitTypeDef" @ string offset=993
.Linfo_string66:
	.asciz	"FMC_SDRAMInitTypeDef"  @ string offset=1020
.Linfo_string67:
	.asciz	"FMC_SDRAMTimingInitStructure" @ string offset=1041
.Linfo_string68:
	.asciz	"GPIO_InitStructure"    @ string offset=1070
.Linfo_string69:
	.asciz	"GPIO_Pin"              @ string offset=1089
.Linfo_string70:
	.asciz	"GPIO_Mode"             @ string offset=1098
.Linfo_string71:
	.asciz	"GPIOMode_TypeDef"      @ string offset=1108
.Linfo_string72:
	.asciz	"GPIO_Speed"            @ string offset=1125
.Linfo_string73:
	.asciz	"GPIOSpeed_TypeDef"     @ string offset=1136
.Linfo_string74:
	.asciz	"GPIO_OType"            @ string offset=1154
.Linfo_string75:
	.asciz	"GPIOOType_TypeDef"     @ string offset=1165
.Linfo_string76:
	.asciz	"GPIO_PuPd"             @ string offset=1183
.Linfo_string77:
	.asciz	"GPIOPuPd_TypeDef"      @ string offset=1193
.Linfo_string78:
	.asciz	"GPIO_InitTypeDef"      @ string offset=1210
.Linfo_string79:
	.asciz	"tmpr"                  @ string offset=1227
.Linfo_string80:
	.asciz	"FMC_SDRAMCommandStructure" @ string offset=1232
.Linfo_string81:
	.asciz	"FMC_CommandMode"       @ string offset=1258
.Linfo_string82:
	.asciz	"FMC_CommandTarget"     @ string offset=1274
.Linfo_string83:
	.asciz	"FMC_AutoRefreshNumber" @ string offset=1292
.Linfo_string84:
	.asciz	"FMC_ModeRegisterDefinition" @ string offset=1314
.Linfo_string85:
	.asciz	"FMC_SDRAMCommandTypeDef" @ string offset=1341
.Linfo_string86:
	.asciz	"write_pointer"         @ string offset=1365
.Linfo_string87:
	.asciz	"pBuffer"               @ string offset=1379
.Linfo_string88:
	.asciz	"uwWriteAddress"        @ string offset=1387
.Linfo_string89:
	.asciz	"uwBufferSize"          @ string offset=1402
.Linfo_string90:
	.asciz	"uwReadAddress"         @ string offset=1415
	.section	.debug_loc,"",%progbits
.Ldebug_loc0:
	.long	.Ltmp1
	.long	.Ltmp2
	.short	2                       @ Loc expr size
	.byte	125                     @ DW_OP_breg13
	.byte	28                      @ 28
	.long	0
	.long	0
.Ldebug_loc1:
	.long	.Ltmp5
	.long	.Ltmp6
	.short	2                       @ Loc expr size
	.byte	125                     @ DW_OP_breg13
	.byte	4                       @ 4
	.long	0
	.long	0
.Ldebug_loc2:
	.long	.Ltmp7
	.long	.Ltmp22
	.short	1                       @ Loc expr size
	.byte	48                      @ DW_OP_lit0
	.long	.Ltmp22
	.long	.Lfunc_end2
	.short	3                       @ Loc expr size
	.byte	16                      @ DW_OP_constu
	.byte	177                     @ 561
	.byte	4                       @ 
	.long	0
	.long	0
.Ldebug_loc3:
	.long	.Ltmp8
	.long	.Ltmp27
	.short	2                       @ Loc expr size
	.byte	125                     @ DW_OP_breg13
	.byte	0                       @ 0
	.long	0
	.long	0
.Ldebug_loc4:
	.long	.Lfunc_begin3
	.long	.Ltmp29
	.short	1                       @ Loc expr size
	.byte	80                      @ DW_OP_reg0
	.long	.Ltmp29
	.long	.Ltmp35
	.short	1                       @ Loc expr size
	.byte	85                      @ DW_OP_reg5
	.long	.Ltmp38
	.long	.Ltmp40
	.short	1                       @ Loc expr size
	.byte	85                      @ DW_OP_reg5
	.long	0
	.long	0
.Ldebug_loc5:
	.long	.Lfunc_begin3
	.long	.Ltmp30
	.short	1                       @ Loc expr size
	.byte	81                      @ DW_OP_reg1
	.long	0
	.long	0
.Ldebug_loc6:
	.long	.Lfunc_begin3
	.long	.Ltmp29
	.short	1                       @ Loc expr size
	.byte	82                      @ DW_OP_reg2
	.long	.Ltmp29
	.long	.Ltmp31
	.short	1                       @ Loc expr size
	.byte	84                      @ DW_OP_reg4
	.long	.Ltmp34
	.long	.Ltmp40
	.short	1                       @ Loc expr size
	.byte	84                      @ DW_OP_reg4
	.long	0
	.long	0
.Ldebug_loc7:
	.long	.Lfunc_begin4
	.long	.Ltmp41
	.short	1                       @ Loc expr size
	.byte	80                      @ DW_OP_reg0
	.long	.Ltmp41
	.long	.Ltmp48
	.short	1                       @ Loc expr size
	.byte	85                      @ DW_OP_reg5
	.long	.Ltmp49
	.long	.Ltmp51
	.short	1                       @ Loc expr size
	.byte	85                      @ DW_OP_reg5
	.long	0
	.long	0
.Ldebug_loc8:
	.long	.Lfunc_begin4
	.long	.Ltmp43
	.short	1                       @ Loc expr size
	.byte	81                      @ DW_OP_reg1
	.long	0
	.long	0
.Ldebug_loc9:
	.long	.Lfunc_begin4
	.long	.Ltmp41
	.short	1                       @ Loc expr size
	.byte	82                      @ DW_OP_reg2
	.long	.Ltmp41
	.long	.Ltmp51
	.short	1                       @ Loc expr size
	.byte	84                      @ DW_OP_reg4
	.long	0
	.long	0
	.section	.debug_abbrev,"",%progbits
	.byte	1                       @ Abbreviation Code
	.byte	17                      @ DW_TAG_compile_unit
	.byte	1                       @ DW_CHILDREN_yes
	.byte	37                      @ DW_AT_producer
	.byte	14                      @ DW_FORM_strp
	.byte	19                      @ DW_AT_language
	.byte	5                       @ DW_FORM_data2
	.byte	3                       @ DW_AT_name
	.byte	14                      @ DW_FORM_strp
	.byte	16                      @ DW_AT_stmt_list
	.byte	6                       @ DW_FORM_data4
	.byte	27                      @ DW_AT_comp_dir
	.byte	14                      @ DW_FORM_strp
	.byte	17                      @ DW_AT_low_pc
	.byte	1                       @ DW_FORM_addr
	.byte	85                      @ DW_AT_ranges
	.byte	6                       @ DW_FORM_data4
	.byte	0                       @ EOM(1)
	.byte	0                       @ EOM(2)
	.byte	2                       @ Abbreviation Code
	.byte	4                       @ DW_TAG_enumeration_type
	.byte	1                       @ DW_CHILDREN_yes
	.byte	73                      @ DW_AT_type
	.byte	19                      @ DW_FORM_ref4
	.byte	11                      @ DW_AT_byte_size
	.byte	11                      @ DW_FORM_data1
	.byte	58                      @ DW_AT_decl_file
	.byte	11                      @ DW_FORM_data1
	.byte	59                      @ DW_AT_decl_line
	.byte	5                       @ DW_FORM_data2
	.byte	0                       @ EOM(1)
	.byte	0                       @ EOM(2)
	.byte	3                       @ Abbreviation Code
	.byte	40                      @ DW_TAG_enumerator
	.byte	0                       @ DW_CHILDREN_no
	.byte	3                       @ DW_AT_name
	.byte	14                      @ DW_FORM_strp
	.byte	28                      @ DW_AT_const_value
	.byte	15                      @ DW_FORM_udata
	.byte	0                       @ EOM(1)
	.byte	0                       @ EOM(2)
	.byte	4                       @ Abbreviation Code
	.byte	36                      @ DW_TAG_base_type
	.byte	0                       @ DW_CHILDREN_no
	.byte	3                       @ DW_AT_name
	.byte	14                      @ DW_FORM_strp
	.byte	62                      @ DW_AT_encoding
	.byte	11                      @ DW_FORM_data1
	.byte	11                      @ DW_AT_byte_size
	.byte	11                      @ DW_FORM_data1
	.byte	0                       @ EOM(1)
	.byte	0                       @ EOM(2)
	.byte	5                       @ Abbreviation Code
	.byte	4                       @ DW_TAG_enumeration_type
	.byte	1                       @ DW_CHILDREN_yes
	.byte	73                      @ DW_AT_type
	.byte	19                      @ DW_FORM_ref4
	.byte	11                      @ DW_AT_byte_size
	.byte	11                      @ DW_FORM_data1
	.byte	58                      @ DW_AT_decl_file
	.byte	11                      @ DW_FORM_data1
	.byte	59                      @ DW_AT_decl_line
	.byte	11                      @ DW_FORM_data1
	.byte	0                       @ EOM(1)
	.byte	0                       @ EOM(2)
	.byte	6                       @ Abbreviation Code
	.byte	22                      @ DW_TAG_typedef
	.byte	0                       @ DW_CHILDREN_no
	.byte	73                      @ DW_AT_type
	.byte	19                      @ DW_FORM_ref4
	.byte	3                       @ DW_AT_name
	.byte	14                      @ DW_FORM_strp
	.byte	58                      @ DW_AT_decl_file
	.byte	11                      @ DW_FORM_data1
	.byte	59                      @ DW_AT_decl_line
	.byte	11                      @ DW_FORM_data1
	.byte	0                       @ EOM(1)
	.byte	0                       @ EOM(2)
	.byte	7                       @ Abbreviation Code
	.byte	15                      @ DW_TAG_pointer_type
	.byte	0                       @ DW_CHILDREN_no
	.byte	73                      @ DW_AT_type
	.byte	19                      @ DW_FORM_ref4
	.byte	0                       @ EOM(1)
	.byte	0                       @ EOM(2)
	.byte	8                       @ Abbreviation Code
	.byte	22                      @ DW_TAG_typedef
	.byte	0                       @ DW_CHILDREN_no
	.byte	73                      @ DW_AT_type
	.byte	19                      @ DW_FORM_ref4
	.byte	3                       @ DW_AT_name
	.byte	14                      @ DW_FORM_strp
	.byte	58                      @ DW_AT_decl_file
	.byte	11                      @ DW_FORM_data1
	.byte	59                      @ DW_AT_decl_line
	.byte	5                       @ DW_FORM_data2
	.byte	0                       @ EOM(1)
	.byte	0                       @ EOM(2)
	.byte	9                       @ Abbreviation Code
	.byte	19                      @ DW_TAG_structure_type
	.byte	1                       @ DW_CHILDREN_yes
	.byte	11                      @ DW_AT_byte_size
	.byte	11                      @ DW_FORM_data1
	.byte	58                      @ DW_AT_decl_file
	.byte	11                      @ DW_FORM_data1
	.byte	59                      @ DW_AT_decl_line
	.byte	5                       @ DW_FORM_data2
	.byte	0                       @ EOM(1)
	.byte	0                       @ EOM(2)
	.byte	10                      @ Abbreviation Code
	.byte	13                      @ DW_TAG_member
	.byte	0                       @ DW_CHILDREN_no
	.byte	3                       @ DW_AT_name
	.byte	14                      @ DW_FORM_strp
	.byte	73                      @ DW_AT_type
	.byte	19                      @ DW_FORM_ref4
	.byte	58                      @ DW_AT_decl_file
	.byte	11                      @ DW_FORM_data1
	.byte	59                      @ DW_AT_decl_line
	.byte	5                       @ DW_FORM_data2
	.byte	56                      @ DW_AT_data_member_location
	.byte	11                      @ DW_FORM_data1
	.byte	0                       @ EOM(1)
	.byte	0                       @ EOM(2)
	.byte	11                      @ Abbreviation Code
	.byte	53                      @ DW_TAG_volatile_type
	.byte	0                       @ DW_CHILDREN_no
	.byte	73                      @ DW_AT_type
	.byte	19                      @ DW_FORM_ref4
	.byte	0                       @ EOM(1)
	.byte	0                       @ EOM(2)
	.byte	12                      @ Abbreviation Code
	.byte	1                       @ DW_TAG_array_type
	.byte	1                       @ DW_CHILDREN_yes
	.byte	73                      @ DW_AT_type
	.byte	19                      @ DW_FORM_ref4
	.byte	0                       @ EOM(1)
	.byte	0                       @ EOM(2)
	.byte	13                      @ Abbreviation Code
	.byte	33                      @ DW_TAG_subrange_type
	.byte	0                       @ DW_CHILDREN_no
	.byte	73                      @ DW_AT_type
	.byte	19                      @ DW_FORM_ref4
	.byte	55                      @ DW_AT_count
	.byte	11                      @ DW_FORM_data1
	.byte	0                       @ EOM(1)
	.byte	0                       @ EOM(2)
	.byte	14                      @ Abbreviation Code
	.byte	36                      @ DW_TAG_base_type
	.byte	0                       @ DW_CHILDREN_no
	.byte	3                       @ DW_AT_name
	.byte	14                      @ DW_FORM_strp
	.byte	11                      @ DW_AT_byte_size
	.byte	11                      @ DW_FORM_data1
	.byte	62                      @ DW_AT_encoding
	.byte	11                      @ DW_FORM_data1
	.byte	0                       @ EOM(1)
	.byte	0                       @ EOM(2)
	.byte	15                      @ Abbreviation Code
	.byte	46                      @ DW_TAG_subprogram
	.byte	1                       @ DW_CHILDREN_yes
	.byte	17                      @ DW_AT_low_pc
	.byte	1                       @ DW_FORM_addr
	.byte	18                      @ DW_AT_high_pc
	.byte	1                       @ DW_FORM_addr
	.byte	64                      @ DW_AT_frame_base
	.byte	10                      @ DW_FORM_block1
	.byte	3                       @ DW_AT_name
	.byte	14                      @ DW_FORM_strp
	.byte	58                      @ DW_AT_decl_file
	.byte	11                      @ DW_FORM_data1
	.byte	59                      @ DW_AT_decl_line
	.byte	11                      @ DW_FORM_data1
	.byte	39                      @ DW_AT_prototyped
	.byte	12                      @ DW_FORM_flag
	.byte	63                      @ DW_AT_external
	.byte	12                      @ DW_FORM_flag
	.byte	0                       @ EOM(1)
	.byte	0                       @ EOM(2)
	.byte	16                      @ Abbreviation Code
	.byte	52                      @ DW_TAG_variable
	.byte	0                       @ DW_CHILDREN_no
	.byte	2                       @ DW_AT_location
	.byte	6                       @ DW_FORM_data4
	.byte	3                       @ DW_AT_name
	.byte	14                      @ DW_FORM_strp
	.byte	58                      @ DW_AT_decl_file
	.byte	11                      @ DW_FORM_data1
	.byte	59                      @ DW_AT_decl_line
	.byte	11                      @ DW_FORM_data1
	.byte	73                      @ DW_AT_type
	.byte	19                      @ DW_FORM_ref4
	.byte	0                       @ EOM(1)
	.byte	0                       @ EOM(2)
	.byte	17                      @ Abbreviation Code
	.byte	52                      @ DW_TAG_variable
	.byte	0                       @ DW_CHILDREN_no
	.byte	3                       @ DW_AT_name
	.byte	14                      @ DW_FORM_strp
	.byte	58                      @ DW_AT_decl_file
	.byte	11                      @ DW_FORM_data1
	.byte	59                      @ DW_AT_decl_line
	.byte	11                      @ DW_FORM_data1
	.byte	73                      @ DW_AT_type
	.byte	19                      @ DW_FORM_ref4
	.byte	0                       @ EOM(1)
	.byte	0                       @ EOM(2)
	.byte	18                      @ Abbreviation Code
	.byte	46                      @ DW_TAG_subprogram
	.byte	1                       @ DW_CHILDREN_yes
	.byte	3                       @ DW_AT_name
	.byte	14                      @ DW_FORM_strp
	.byte	58                      @ DW_AT_decl_file
	.byte	11                      @ DW_FORM_data1
	.byte	59                      @ DW_AT_decl_line
	.byte	5                       @ DW_FORM_data2
	.byte	39                      @ DW_AT_prototyped
	.byte	12                      @ DW_FORM_flag
	.byte	32                      @ DW_AT_inline
	.byte	11                      @ DW_FORM_data1
	.byte	0                       @ EOM(1)
	.byte	0                       @ EOM(2)
	.byte	19                      @ Abbreviation Code
	.byte	5                       @ DW_TAG_formal_parameter
	.byte	0                       @ DW_CHILDREN_no
	.byte	3                       @ DW_AT_name
	.byte	14                      @ DW_FORM_strp
	.byte	58                      @ DW_AT_decl_file
	.byte	11                      @ DW_FORM_data1
	.byte	59                      @ DW_AT_decl_line
	.byte	5                       @ DW_FORM_data2
	.byte	73                      @ DW_AT_type
	.byte	19                      @ DW_FORM_ref4
	.byte	0                       @ EOM(1)
	.byte	0                       @ EOM(2)
	.byte	20                      @ Abbreviation Code
	.byte	52                      @ DW_TAG_variable
	.byte	0                       @ DW_CHILDREN_no
	.byte	3                       @ DW_AT_name
	.byte	14                      @ DW_FORM_strp
	.byte	58                      @ DW_AT_decl_file
	.byte	11                      @ DW_FORM_data1
	.byte	59                      @ DW_AT_decl_line
	.byte	5                       @ DW_FORM_data2
	.byte	73                      @ DW_AT_type
	.byte	19                      @ DW_FORM_ref4
	.byte	0                       @ EOM(1)
	.byte	0                       @ EOM(2)
	.byte	21                      @ Abbreviation Code
	.byte	29                      @ DW_TAG_inlined_subroutine
	.byte	1                       @ DW_CHILDREN_yes
	.byte	49                      @ DW_AT_abstract_origin
	.byte	19                      @ DW_FORM_ref4
	.byte	17                      @ DW_AT_low_pc
	.byte	1                       @ DW_FORM_addr
	.byte	18                      @ DW_AT_high_pc
	.byte	1                       @ DW_FORM_addr
	.byte	88                      @ DW_AT_call_file
	.byte	11                      @ DW_FORM_data1
	.byte	89                      @ DW_AT_call_line
	.byte	11                      @ DW_FORM_data1
	.byte	0                       @ EOM(1)
	.byte	0                       @ EOM(2)
	.byte	22                      @ Abbreviation Code
	.byte	5                       @ DW_TAG_formal_parameter
	.byte	0                       @ DW_CHILDREN_no
	.byte	2                       @ DW_AT_location
	.byte	10                      @ DW_FORM_block1
	.byte	49                      @ DW_AT_abstract_origin
	.byte	19                      @ DW_FORM_ref4
	.byte	0                       @ EOM(1)
	.byte	0                       @ EOM(2)
	.byte	23                      @ Abbreviation Code
	.byte	52                      @ DW_TAG_variable
	.byte	0                       @ DW_CHILDREN_no
	.byte	2                       @ DW_AT_location
	.byte	10                      @ DW_FORM_block1
	.byte	49                      @ DW_AT_abstract_origin
	.byte	19                      @ DW_FORM_ref4
	.byte	0                       @ EOM(1)
	.byte	0                       @ EOM(2)
	.byte	24                      @ Abbreviation Code
	.byte	46                      @ DW_TAG_subprogram
	.byte	1                       @ DW_CHILDREN_yes
	.byte	17                      @ DW_AT_low_pc
	.byte	1                       @ DW_FORM_addr
	.byte	18                      @ DW_AT_high_pc
	.byte	1                       @ DW_FORM_addr
	.byte	64                      @ DW_AT_frame_base
	.byte	10                      @ DW_FORM_block1
	.byte	3                       @ DW_AT_name
	.byte	14                      @ DW_FORM_strp
	.byte	58                      @ DW_AT_decl_file
	.byte	11                      @ DW_FORM_data1
	.byte	59                      @ DW_AT_decl_line
	.byte	5                       @ DW_FORM_data2
	.byte	39                      @ DW_AT_prototyped
	.byte	12                      @ DW_FORM_flag
	.byte	63                      @ DW_AT_external
	.byte	12                      @ DW_FORM_flag
	.byte	0                       @ EOM(1)
	.byte	0                       @ EOM(2)
	.byte	25                      @ Abbreviation Code
	.byte	5                       @ DW_TAG_formal_parameter
	.byte	0                       @ DW_CHILDREN_no
	.byte	2                       @ DW_AT_location
	.byte	6                       @ DW_FORM_data4
	.byte	3                       @ DW_AT_name
	.byte	14                      @ DW_FORM_strp
	.byte	58                      @ DW_AT_decl_file
	.byte	11                      @ DW_FORM_data1
	.byte	59                      @ DW_AT_decl_line
	.byte	5                       @ DW_FORM_data2
	.byte	73                      @ DW_AT_type
	.byte	19                      @ DW_FORM_ref4
	.byte	0                       @ EOM(1)
	.byte	0                       @ EOM(2)
	.byte	26                      @ Abbreviation Code
	.byte	52                      @ DW_TAG_variable
	.byte	0                       @ DW_CHILDREN_no
	.byte	2                       @ DW_AT_location
	.byte	10                      @ DW_FORM_block1
	.byte	3                       @ DW_AT_name
	.byte	14                      @ DW_FORM_strp
	.byte	58                      @ DW_AT_decl_file
	.byte	11                      @ DW_FORM_data1
	.byte	59                      @ DW_AT_decl_line
	.byte	5                       @ DW_FORM_data2
	.byte	73                      @ DW_AT_type
	.byte	19                      @ DW_FORM_ref4
	.byte	0                       @ EOM(1)
	.byte	0                       @ EOM(2)
	.byte	27                      @ Abbreviation Code
	.byte	19                      @ DW_TAG_structure_type
	.byte	1                       @ DW_CHILDREN_yes
	.byte	11                      @ DW_AT_byte_size
	.byte	11                      @ DW_FORM_data1
	.byte	58                      @ DW_AT_decl_file
	.byte	11                      @ DW_FORM_data1
	.byte	59                      @ DW_AT_decl_line
	.byte	11                      @ DW_FORM_data1
	.byte	0                       @ EOM(1)
	.byte	0                       @ EOM(2)
	.byte	28                      @ Abbreviation Code
	.byte	13                      @ DW_TAG_member
	.byte	0                       @ DW_CHILDREN_no
	.byte	3                       @ DW_AT_name
	.byte	14                      @ DW_FORM_strp
	.byte	73                      @ DW_AT_type
	.byte	19                      @ DW_FORM_ref4
	.byte	58                      @ DW_AT_decl_file
	.byte	11                      @ DW_FORM_data1
	.byte	59                      @ DW_AT_decl_line
	.byte	11                      @ DW_FORM_data1
	.byte	56                      @ DW_AT_data_member_location
	.byte	11                      @ DW_FORM_data1
	.byte	0                       @ EOM(1)
	.byte	0                       @ EOM(2)
	.byte	0                       @ EOM(3)
	.section	.debug_info,"",%progbits
.Lcu_begin0:
	.long	.Ldebug_info_end0-.Ldebug_info_start0 @ Length of Unit
.Ldebug_info_start0:
	.short	3                       @ DWARF version number
	.long	.debug_abbrev           @ Offset Into Abbrev. Section
	.byte	4                       @ Address Size (in bytes)
	.byte	1                       @ Abbrev [1] 0xb:0x4ec DW_TAG_compile_unit
	.long	.Linfo_string0          @ DW_AT_producer
	.short	12                      @ DW_AT_language
	.long	.Linfo_string1          @ DW_AT_name
	.long	.Lline_table_start0     @ DW_AT_stmt_list
	.long	.Linfo_string2          @ DW_AT_comp_dir
	.long	0                       @ DW_AT_low_pc
	.long	.Ldebug_ranges0         @ DW_AT_ranges
	.byte	2                       @ Abbrev [2] 0x26:0x16 DW_TAG_enumeration_type
	.long	60                      @ DW_AT_type
	.byte	1                       @ DW_AT_byte_size
	.byte	1                       @ DW_AT_decl_file
	.short	589                     @ DW_AT_decl_line
	.byte	3                       @ Abbrev [3] 0x2f:0x6 DW_TAG_enumerator
	.long	.Linfo_string4          @ DW_AT_name
	.byte	0                       @ DW_AT_const_value
	.byte	3                       @ Abbrev [3] 0x35:0x6 DW_TAG_enumerator
	.long	.Linfo_string5          @ DW_AT_name
	.byte	1                       @ DW_AT_const_value
	.byte	0                       @ End Of Children Mark
	.byte	4                       @ Abbrev [4] 0x3c:0x7 DW_TAG_base_type
	.long	.Linfo_string3          @ DW_AT_name
	.byte	8                       @ DW_AT_encoding
	.byte	1                       @ DW_AT_byte_size
	.byte	5                       @ Abbrev [5] 0x43:0x21 DW_TAG_enumeration_type
	.long	60                      @ DW_AT_type
	.byte	1                       @ DW_AT_byte_size
	.byte	2                       @ DW_AT_decl_file
	.byte	65                      @ DW_AT_decl_line
	.byte	3                       @ Abbrev [3] 0x4b:0x6 DW_TAG_enumerator
	.long	.Linfo_string6          @ DW_AT_name
	.byte	0                       @ DW_AT_const_value
	.byte	3                       @ Abbrev [3] 0x51:0x6 DW_TAG_enumerator
	.long	.Linfo_string7          @ DW_AT_name
	.byte	1                       @ DW_AT_const_value
	.byte	3                       @ Abbrev [3] 0x57:0x6 DW_TAG_enumerator
	.long	.Linfo_string8          @ DW_AT_name
	.byte	2                       @ DW_AT_const_value
	.byte	3                       @ Abbrev [3] 0x5d:0x6 DW_TAG_enumerator
	.long	.Linfo_string9          @ DW_AT_name
	.byte	3                       @ DW_AT_const_value
	.byte	0                       @ End Of Children Mark
	.byte	5                       @ Abbrev [5] 0x64:0x21 DW_TAG_enumeration_type
	.long	60                      @ DW_AT_type
	.byte	1                       @ DW_AT_byte_size
	.byte	2                       @ DW_AT_decl_file
	.byte	89                      @ DW_AT_decl_line
	.byte	3                       @ Abbrev [3] 0x6c:0x6 DW_TAG_enumerator
	.long	.Linfo_string10         @ DW_AT_name
	.byte	0                       @ DW_AT_const_value
	.byte	3                       @ Abbrev [3] 0x72:0x6 DW_TAG_enumerator
	.long	.Linfo_string11         @ DW_AT_name
	.byte	1                       @ DW_AT_const_value
	.byte	3                       @ Abbrev [3] 0x78:0x6 DW_TAG_enumerator
	.long	.Linfo_string12         @ DW_AT_name
	.byte	2                       @ DW_AT_const_value
	.byte	3                       @ Abbrev [3] 0x7e:0x6 DW_TAG_enumerator
	.long	.Linfo_string13         @ DW_AT_name
	.byte	3                       @ DW_AT_const_value
	.byte	0                       @ End Of Children Mark
	.byte	5                       @ Abbrev [5] 0x85:0x15 DW_TAG_enumeration_type
	.long	60                      @ DW_AT_type
	.byte	1                       @ DW_AT_byte_size
	.byte	2                       @ DW_AT_decl_file
	.byte	78                      @ DW_AT_decl_line
	.byte	3                       @ Abbrev [3] 0x8d:0x6 DW_TAG_enumerator
	.long	.Linfo_string14         @ DW_AT_name
	.byte	0                       @ DW_AT_const_value
	.byte	3                       @ Abbrev [3] 0x93:0x6 DW_TAG_enumerator
	.long	.Linfo_string15         @ DW_AT_name
	.byte	1                       @ DW_AT_const_value
	.byte	0                       @ End Of Children Mark
	.byte	5                       @ Abbrev [5] 0x9a:0x1b DW_TAG_enumeration_type
	.long	60                      @ DW_AT_type
	.byte	1                       @ DW_AT_byte_size
	.byte	2                       @ DW_AT_decl_file
	.byte	109                     @ DW_AT_decl_line
	.byte	3                       @ Abbrev [3] 0xa2:0x6 DW_TAG_enumerator
	.long	.Linfo_string16         @ DW_AT_name
	.byte	0                       @ DW_AT_const_value
	.byte	3                       @ Abbrev [3] 0xa8:0x6 DW_TAG_enumerator
	.long	.Linfo_string17         @ DW_AT_name
	.byte	1                       @ DW_AT_const_value
	.byte	3                       @ Abbrev [3] 0xae:0x6 DW_TAG_enumerator
	.long	.Linfo_string18         @ DW_AT_name
	.byte	2                       @ DW_AT_const_value
	.byte	0                       @ End Of Children Mark
	.byte	2                       @ Abbrev [2] 0xb5:0x16 DW_TAG_enumeration_type
	.long	60                      @ DW_AT_type
	.byte	1                       @ DW_AT_byte_size
	.byte	1                       @ DW_AT_decl_file
	.short	587                     @ DW_AT_decl_line
	.byte	3                       @ Abbrev [3] 0xbe:0x6 DW_TAG_enumerator
	.long	.Linfo_string19         @ DW_AT_name
	.byte	0                       @ DW_AT_const_value
	.byte	3                       @ Abbrev [3] 0xc4:0x6 DW_TAG_enumerator
	.long	.Linfo_string20         @ DW_AT_name
	.byte	1                       @ DW_AT_const_value
	.byte	0                       @ End Of Children Mark
	.byte	6                       @ Abbrev [6] 0xcb:0xb DW_TAG_typedef
	.long	214                     @ DW_AT_type
	.long	.Linfo_string22         @ DW_AT_name
	.byte	3                       @ DW_AT_decl_file
	.byte	64                      @ DW_AT_decl_line
	.byte	4                       @ Abbrev [4] 0xd6:0x7 DW_TAG_base_type
	.long	.Linfo_string21         @ DW_AT_name
	.byte	7                       @ DW_AT_encoding
	.byte	4                       @ DW_AT_byte_size
	.byte	7                       @ Abbrev [7] 0xdd:0x5 DW_TAG_pointer_type
	.long	226                     @ DW_AT_type
	.byte	8                       @ Abbrev [8] 0xe2:0xc DW_TAG_typedef
	.long	238                     @ DW_AT_type
	.long	.Linfo_string36         @ DW_AT_name
	.byte	1                       @ DW_AT_decl_file
	.short	1091                    @ DW_AT_decl_line
	.byte	9                       @ Abbrev [9] 0xee:0x88 DW_TAG_structure_type
	.byte	40                      @ DW_AT_byte_size
	.byte	1                       @ DW_AT_decl_file
	.short	1079                    @ DW_AT_decl_line
	.byte	10                      @ Abbrev [10] 0xf3:0xd DW_TAG_member
	.long	.Linfo_string23         @ DW_AT_name
	.long	374                     @ DW_AT_type
	.byte	1                       @ DW_AT_decl_file
	.short	1081                    @ DW_AT_decl_line
	.byte	0                       @ DW_AT_data_member_location
	.byte	10                      @ Abbrev [10] 0x100:0xd DW_TAG_member
	.long	.Linfo_string24         @ DW_AT_name
	.long	374                     @ DW_AT_type
	.byte	1                       @ DW_AT_decl_file
	.short	1082                    @ DW_AT_decl_line
	.byte	4                       @ DW_AT_data_member_location
	.byte	10                      @ Abbrev [10] 0x10d:0xd DW_TAG_member
	.long	.Linfo_string25         @ DW_AT_name
	.long	374                     @ DW_AT_type
	.byte	1                       @ DW_AT_decl_file
	.short	1083                    @ DW_AT_decl_line
	.byte	8                       @ DW_AT_data_member_location
	.byte	10                      @ Abbrev [10] 0x11a:0xd DW_TAG_member
	.long	.Linfo_string26         @ DW_AT_name
	.long	374                     @ DW_AT_type
	.byte	1                       @ DW_AT_decl_file
	.short	1084                    @ DW_AT_decl_line
	.byte	12                      @ DW_AT_data_member_location
	.byte	10                      @ Abbrev [10] 0x127:0xd DW_TAG_member
	.long	.Linfo_string27         @ DW_AT_name
	.long	374                     @ DW_AT_type
	.byte	1                       @ DW_AT_decl_file
	.short	1085                    @ DW_AT_decl_line
	.byte	16                      @ DW_AT_data_member_location
	.byte	10                      @ Abbrev [10] 0x134:0xd DW_TAG_member
	.long	.Linfo_string28         @ DW_AT_name
	.long	374                     @ DW_AT_type
	.byte	1                       @ DW_AT_decl_file
	.short	1086                    @ DW_AT_decl_line
	.byte	20                      @ DW_AT_data_member_location
	.byte	10                      @ Abbrev [10] 0x141:0xd DW_TAG_member
	.long	.Linfo_string29         @ DW_AT_name
	.long	379                     @ DW_AT_type
	.byte	1                       @ DW_AT_decl_file
	.short	1087                    @ DW_AT_decl_line
	.byte	24                      @ DW_AT_data_member_location
	.byte	10                      @ Abbrev [10] 0x14e:0xd DW_TAG_member
	.long	.Linfo_string32         @ DW_AT_name
	.long	379                     @ DW_AT_type
	.byte	1                       @ DW_AT_decl_file
	.short	1088                    @ DW_AT_decl_line
	.byte	26                      @ DW_AT_data_member_location
	.byte	10                      @ Abbrev [10] 0x15b:0xd DW_TAG_member
	.long	.Linfo_string33         @ DW_AT_name
	.long	374                     @ DW_AT_type
	.byte	1                       @ DW_AT_decl_file
	.short	1089                    @ DW_AT_decl_line
	.byte	28                      @ DW_AT_data_member_location
	.byte	10                      @ Abbrev [10] 0x168:0xd DW_TAG_member
	.long	.Linfo_string34         @ DW_AT_name
	.long	402                     @ DW_AT_type
	.byte	1                       @ DW_AT_decl_file
	.short	1090                    @ DW_AT_decl_line
	.byte	32                      @ DW_AT_data_member_location
	.byte	0                       @ End Of Children Mark
	.byte	11                      @ Abbrev [11] 0x176:0x5 DW_TAG_volatile_type
	.long	203                     @ DW_AT_type
	.byte	11                      @ Abbrev [11] 0x17b:0x5 DW_TAG_volatile_type
	.long	384                     @ DW_AT_type
	.byte	6                       @ Abbrev [6] 0x180:0xb DW_TAG_typedef
	.long	395                     @ DW_AT_type
	.long	.Linfo_string31         @ DW_AT_name
	.byte	3                       @ DW_AT_decl_file
	.byte	63                      @ DW_AT_decl_line
	.byte	4                       @ Abbrev [4] 0x18b:0x7 DW_TAG_base_type
	.long	.Linfo_string30         @ DW_AT_name
	.byte	7                       @ DW_AT_encoding
	.byte	2                       @ DW_AT_byte_size
	.byte	12                      @ Abbrev [12] 0x192:0xc DW_TAG_array_type
	.long	374                     @ DW_AT_type
	.byte	13                      @ Abbrev [13] 0x197:0x6 DW_TAG_subrange_type
	.long	414                     @ DW_AT_type
	.byte	2                       @ DW_AT_count
	.byte	0                       @ End Of Children Mark
	.byte	14                      @ Abbrev [14] 0x19e:0x7 DW_TAG_base_type
	.long	.Linfo_string35         @ DW_AT_name
	.byte	8                       @ DW_AT_byte_size
	.byte	7                       @ DW_AT_encoding
	.byte	6                       @ Abbrev [6] 0x1a5:0xb DW_TAG_typedef
	.long	60                      @ DW_AT_type
	.long	.Linfo_string37         @ DW_AT_name
	.byte	3                       @ DW_AT_decl_file
	.byte	62                      @ DW_AT_decl_line
	.byte	7                       @ Abbrev [7] 0x1b0:0x5 DW_TAG_pointer_type
	.long	203                     @ DW_AT_type
	.byte	7                       @ Abbrev [7] 0x1b5:0x5 DW_TAG_pointer_type
	.long	374                     @ DW_AT_type
	.byte	15                      @ Abbrev [15] 0x1ba:0x2e DW_TAG_subprogram
	.long	.Lfunc_begin0           @ DW_AT_low_pc
	.long	.Lfunc_end0             @ DW_AT_high_pc
	.byte	1                       @ DW_AT_frame_base
	.byte	93
	.long	.Linfo_string41         @ DW_AT_name
	.byte	4                       @ DW_AT_decl_file
	.byte	23                      @ DW_AT_decl_line
	.byte	1                       @ DW_AT_prototyped
	.byte	1                       @ DW_AT_external
	.byte	16                      @ Abbrev [16] 0x1cd:0xf DW_TAG_variable
	.long	.Ldebug_loc0            @ DW_AT_location
	.long	.Linfo_string46         @ DW_AT_name
	.byte	4                       @ DW_AT_decl_file
	.byte	25                      @ DW_AT_decl_line
	.long	808                     @ DW_AT_type
	.byte	17                      @ Abbrev [17] 0x1dc:0xb DW_TAG_variable
	.long	.Linfo_string67         @ DW_AT_name
	.byte	4                       @ DW_AT_decl_file
	.byte	26                      @ DW_AT_decl_line
	.long	974                     @ DW_AT_type
	.byte	0                       @ End Of Children Mark
	.byte	15                      @ Abbrev [15] 0x1e8:0x23 DW_TAG_subprogram
	.long	.Lfunc_begin1           @ DW_AT_low_pc
	.long	.Lfunc_end1             @ DW_AT_high_pc
	.byte	1                       @ DW_AT_frame_base
	.byte	93
	.long	.Linfo_string42         @ DW_AT_name
	.byte	4                       @ DW_AT_decl_file
	.byte	76                      @ DW_AT_decl_line
	.byte	1                       @ DW_AT_prototyped
	.byte	1                       @ DW_AT_external
	.byte	16                      @ Abbrev [16] 0x1fb:0xf DW_TAG_variable
	.long	.Ldebug_loc1            @ DW_AT_location
	.long	.Linfo_string68         @ DW_AT_name
	.byte	4                       @ DW_AT_decl_file
	.byte	78                      @ DW_AT_decl_line
	.long	1080                    @ DW_AT_type
	.byte	0                       @ End Of Children Mark
	.byte	18                      @ Abbrev [18] 0x20b:0x23 DW_TAG_subprogram
	.long	.Linfo_string38         @ DW_AT_name
	.byte	4                       @ DW_AT_decl_file
	.short	331                     @ DW_AT_decl_line
	.byte	1                       @ DW_AT_prototyped
	.byte	1                       @ DW_AT_inline
	.byte	19                      @ Abbrev [19] 0x215:0xc DW_TAG_formal_parameter
	.long	.Linfo_string39         @ DW_AT_name
	.byte	4                       @ DW_AT_decl_file
	.short	331                     @ DW_AT_decl_line
	.long	374                     @ DW_AT_type
	.byte	20                      @ Abbrev [20] 0x221:0xc DW_TAG_variable
	.long	.Linfo_string40         @ DW_AT_name
	.byte	4                       @ DW_AT_decl_file
	.short	333                     @ DW_AT_decl_line
	.long	374                     @ DW_AT_type
	.byte	0                       @ End Of Children Mark
	.byte	15                      @ Abbrev [15] 0x22e:0x52 DW_TAG_subprogram
	.long	.Lfunc_begin2           @ DW_AT_low_pc
	.long	.Lfunc_end2             @ DW_AT_high_pc
	.byte	1                       @ DW_AT_frame_base
	.byte	93
	.long	.Linfo_string43         @ DW_AT_name
	.byte	4                       @ DW_AT_decl_file
	.byte	177                     @ DW_AT_decl_line
	.byte	1                       @ DW_AT_prototyped
	.byte	1                       @ DW_AT_external
	.byte	16                      @ Abbrev [16] 0x241:0xf DW_TAG_variable
	.long	.Ldebug_loc2            @ DW_AT_location
	.long	.Linfo_string79         @ DW_AT_name
	.byte	4                       @ DW_AT_decl_file
	.byte	180                     @ DW_AT_decl_line
	.long	203                     @ DW_AT_type
	.byte	16                      @ Abbrev [16] 0x250:0xf DW_TAG_variable
	.long	.Ldebug_loc3            @ DW_AT_location
	.long	.Linfo_string80         @ DW_AT_name
	.byte	4                       @ DW_AT_decl_file
	.byte	179                     @ DW_AT_decl_line
	.long	1200                    @ DW_AT_type
	.byte	21                      @ Abbrev [21] 0x25f:0x20 DW_TAG_inlined_subroutine
	.long	523                     @ DW_AT_abstract_origin
	.long	.Ltmp9                  @ DW_AT_low_pc
	.long	.Ltmp15                 @ DW_AT_high_pc
	.byte	4                       @ DW_AT_call_file
	.byte	197                     @ DW_AT_call_line
	.byte	22                      @ Abbrev [22] 0x26e:0x8 DW_TAG_formal_parameter
	.byte	2                       @ DW_AT_location
	.byte	145
	.byte	20
	.long	533                     @ DW_AT_abstract_origin
	.byte	23                      @ Abbrev [23] 0x276:0x8 DW_TAG_variable
	.byte	2                       @ DW_AT_location
	.byte	145
	.byte	16
	.long	545                     @ DW_AT_abstract_origin
	.byte	0                       @ End Of Children Mark
	.byte	0                       @ End Of Children Mark
	.byte	24                      @ Abbrev [24] 0x280:0x54 DW_TAG_subprogram
	.long	.Lfunc_begin3           @ DW_AT_low_pc
	.long	.Lfunc_end3             @ DW_AT_high_pc
	.byte	1                       @ DW_AT_frame_base
	.byte	93
	.long	.Linfo_string44         @ DW_AT_name
	.byte	4                       @ DW_AT_decl_file
	.short	273                     @ DW_AT_decl_line
	.byte	1                       @ DW_AT_prototyped
	.byte	1                       @ DW_AT_external
	.byte	25                      @ Abbrev [25] 0x294:0x10 DW_TAG_formal_parameter
	.long	.Ldebug_loc4            @ DW_AT_location
	.long	.Linfo_string87         @ DW_AT_name
	.byte	4                       @ DW_AT_decl_file
	.short	273                     @ DW_AT_decl_line
	.long	432                     @ DW_AT_type
	.byte	25                      @ Abbrev [25] 0x2a4:0x10 DW_TAG_formal_parameter
	.long	.Ldebug_loc5            @ DW_AT_location
	.long	.Linfo_string88         @ DW_AT_name
	.byte	4                       @ DW_AT_decl_file
	.short	273                     @ DW_AT_decl_line
	.long	203                     @ DW_AT_type
	.byte	25                      @ Abbrev [25] 0x2b4:0x10 DW_TAG_formal_parameter
	.long	.Ldebug_loc6            @ DW_AT_location
	.long	.Linfo_string89         @ DW_AT_name
	.byte	4                       @ DW_AT_decl_file
	.short	273                     @ DW_AT_decl_line
	.long	203                     @ DW_AT_type
	.byte	26                      @ Abbrev [26] 0x2c4:0xf DW_TAG_variable
	.byte	2                       @ DW_AT_location
	.byte	145
	.byte	4
	.long	.Linfo_string86         @ DW_AT_name
	.byte	4                       @ DW_AT_decl_file
	.short	275                     @ DW_AT_decl_line
	.long	374                     @ DW_AT_type
	.byte	0                       @ End Of Children Mark
	.byte	24                      @ Abbrev [24] 0x2d4:0x54 DW_TAG_subprogram
	.long	.Lfunc_begin4           @ DW_AT_low_pc
	.long	.Lfunc_end4             @ DW_AT_high_pc
	.byte	1                       @ DW_AT_frame_base
	.byte	93
	.long	.Linfo_string45         @ DW_AT_name
	.byte	4                       @ DW_AT_decl_file
	.short	305                     @ DW_AT_decl_line
	.byte	1                       @ DW_AT_prototyped
	.byte	1                       @ DW_AT_external
	.byte	25                      @ Abbrev [25] 0x2e8:0x10 DW_TAG_formal_parameter
	.long	.Ldebug_loc7            @ DW_AT_location
	.long	.Linfo_string87         @ DW_AT_name
	.byte	4                       @ DW_AT_decl_file
	.short	305                     @ DW_AT_decl_line
	.long	432                     @ DW_AT_type
	.byte	25                      @ Abbrev [25] 0x2f8:0x10 DW_TAG_formal_parameter
	.long	.Ldebug_loc8            @ DW_AT_location
	.long	.Linfo_string90         @ DW_AT_name
	.byte	4                       @ DW_AT_decl_file
	.short	305                     @ DW_AT_decl_line
	.long	203                     @ DW_AT_type
	.byte	25                      @ Abbrev [25] 0x308:0x10 DW_TAG_formal_parameter
	.long	.Ldebug_loc9            @ DW_AT_location
	.long	.Linfo_string89         @ DW_AT_name
	.byte	4                       @ DW_AT_decl_file
	.short	305                     @ DW_AT_decl_line
	.long	203                     @ DW_AT_type
	.byte	26                      @ Abbrev [26] 0x318:0xf DW_TAG_variable
	.byte	2                       @ DW_AT_location
	.byte	145
	.byte	4
	.long	.Linfo_string86         @ DW_AT_name
	.byte	4                       @ DW_AT_decl_file
	.short	307                     @ DW_AT_decl_line
	.long	374                     @ DW_AT_type
	.byte	0                       @ End Of Children Mark
	.byte	8                       @ Abbrev [8] 0x328:0xc DW_TAG_typedef
	.long	820                     @ DW_AT_type
	.long	.Linfo_string66         @ DW_AT_name
	.byte	5                       @ DW_AT_decl_file
	.short	341                     @ DW_AT_decl_line
	.byte	9                       @ Abbrev [9] 0x334:0x95 DW_TAG_structure_type
	.byte	44                      @ DW_AT_byte_size
	.byte	5                       @ DW_AT_decl_file
	.short	305                     @ DW_AT_decl_line
	.byte	10                      @ Abbrev [10] 0x339:0xd DW_TAG_member
	.long	.Linfo_string47         @ DW_AT_name
	.long	203                     @ DW_AT_type
	.byte	5                       @ DW_AT_decl_file
	.short	307                     @ DW_AT_decl_line
	.byte	0                       @ DW_AT_data_member_location
	.byte	10                      @ Abbrev [10] 0x346:0xd DW_TAG_member
	.long	.Linfo_string48         @ DW_AT_name
	.long	203                     @ DW_AT_type
	.byte	5                       @ DW_AT_decl_file
	.short	310                     @ DW_AT_decl_line
	.byte	4                       @ DW_AT_data_member_location
	.byte	10                      @ Abbrev [10] 0x353:0xd DW_TAG_member
	.long	.Linfo_string49         @ DW_AT_name
	.long	203                     @ DW_AT_type
	.byte	5                       @ DW_AT_decl_file
	.short	313                     @ DW_AT_decl_line
	.byte	8                       @ DW_AT_data_member_location
	.byte	10                      @ Abbrev [10] 0x360:0xd DW_TAG_member
	.long	.Linfo_string50         @ DW_AT_name
	.long	203                     @ DW_AT_type
	.byte	5                       @ DW_AT_decl_file
	.short	316                     @ DW_AT_decl_line
	.byte	12                      @ DW_AT_data_member_location
	.byte	10                      @ Abbrev [10] 0x36d:0xd DW_TAG_member
	.long	.Linfo_string51         @ DW_AT_name
	.long	203                     @ DW_AT_type
	.byte	5                       @ DW_AT_decl_file
	.short	319                     @ DW_AT_decl_line
	.byte	16                      @ DW_AT_data_member_location
	.byte	10                      @ Abbrev [10] 0x37a:0xd DW_TAG_member
	.long	.Linfo_string52         @ DW_AT_name
	.long	203                     @ DW_AT_type
	.byte	5                       @ DW_AT_decl_file
	.short	322                     @ DW_AT_decl_line
	.byte	20                      @ DW_AT_data_member_location
	.byte	10                      @ Abbrev [10] 0x387:0xd DW_TAG_member
	.long	.Linfo_string53         @ DW_AT_name
	.long	203                     @ DW_AT_type
	.byte	5                       @ DW_AT_decl_file
	.short	325                     @ DW_AT_decl_line
	.byte	24                      @ DW_AT_data_member_location
	.byte	10                      @ Abbrev [10] 0x394:0xd DW_TAG_member
	.long	.Linfo_string54         @ DW_AT_name
	.long	203                     @ DW_AT_type
	.byte	5                       @ DW_AT_decl_file
	.short	328                     @ DW_AT_decl_line
	.byte	28                      @ DW_AT_data_member_location
	.byte	10                      @ Abbrev [10] 0x3a1:0xd DW_TAG_member
	.long	.Linfo_string55         @ DW_AT_name
	.long	203                     @ DW_AT_type
	.byte	5                       @ DW_AT_decl_file
	.short	332                     @ DW_AT_decl_line
	.byte	32                      @ DW_AT_data_member_location
	.byte	10                      @ Abbrev [10] 0x3ae:0xd DW_TAG_member
	.long	.Linfo_string56         @ DW_AT_name
	.long	203                     @ DW_AT_type
	.byte	5                       @ DW_AT_decl_file
	.short	336                     @ DW_AT_decl_line
	.byte	36                      @ DW_AT_data_member_location
	.byte	10                      @ Abbrev [10] 0x3bb:0xd DW_TAG_member
	.long	.Linfo_string57         @ DW_AT_name
	.long	969                     @ DW_AT_type
	.byte	5                       @ DW_AT_decl_file
	.short	339                     @ DW_AT_decl_line
	.byte	40                      @ DW_AT_data_member_location
	.byte	0                       @ End Of Children Mark
	.byte	7                       @ Abbrev [7] 0x3c9:0x5 DW_TAG_pointer_type
	.long	974                     @ DW_AT_type
	.byte	8                       @ Abbrev [8] 0x3ce:0xc DW_TAG_typedef
	.long	986                     @ DW_AT_type
	.long	.Linfo_string65         @ DW_AT_name
	.byte	5                       @ DW_AT_decl_file
	.short	278                     @ DW_AT_decl_line
	.byte	27                      @ Abbrev [27] 0x3da:0x5e DW_TAG_structure_type
	.byte	28                      @ DW_AT_byte_size
	.byte	5                       @ DW_AT_decl_file
	.byte	248                     @ DW_AT_decl_line
	.byte	28                      @ Abbrev [28] 0x3de:0xc DW_TAG_member
	.long	.Linfo_string58         @ DW_AT_name
	.long	203                     @ DW_AT_type
	.byte	5                       @ DW_AT_decl_file
	.byte	250                     @ DW_AT_decl_line
	.byte	0                       @ DW_AT_data_member_location
	.byte	28                      @ Abbrev [28] 0x3ea:0xc DW_TAG_member
	.long	.Linfo_string59         @ DW_AT_name
	.long	203                     @ DW_AT_type
	.byte	5                       @ DW_AT_decl_file
	.byte	254                     @ DW_AT_decl_line
	.byte	4                       @ DW_AT_data_member_location
	.byte	10                      @ Abbrev [10] 0x3f6:0xd DW_TAG_member
	.long	.Linfo_string60         @ DW_AT_name
	.long	203                     @ DW_AT_type
	.byte	5                       @ DW_AT_decl_file
	.short	258                     @ DW_AT_decl_line
	.byte	8                       @ DW_AT_data_member_location
	.byte	10                      @ Abbrev [10] 0x403:0xd DW_TAG_member
	.long	.Linfo_string61         @ DW_AT_name
	.long	203                     @ DW_AT_type
	.byte	5                       @ DW_AT_decl_file
	.short	262                     @ DW_AT_decl_line
	.byte	12                      @ DW_AT_data_member_location
	.byte	10                      @ Abbrev [10] 0x410:0xd DW_TAG_member
	.long	.Linfo_string62         @ DW_AT_name
	.long	203                     @ DW_AT_type
	.byte	5                       @ DW_AT_decl_file
	.short	267                     @ DW_AT_decl_line
	.byte	16                      @ DW_AT_data_member_location
	.byte	10                      @ Abbrev [10] 0x41d:0xd DW_TAG_member
	.long	.Linfo_string63         @ DW_AT_name
	.long	203                     @ DW_AT_type
	.byte	5                       @ DW_AT_decl_file
	.short	270                     @ DW_AT_decl_line
	.byte	20                      @ DW_AT_data_member_location
	.byte	10                      @ Abbrev [10] 0x42a:0xd DW_TAG_member
	.long	.Linfo_string64         @ DW_AT_name
	.long	203                     @ DW_AT_type
	.byte	5                       @ DW_AT_decl_file
	.short	274                     @ DW_AT_decl_line
	.byte	24                      @ DW_AT_data_member_location
	.byte	0                       @ End Of Children Mark
	.byte	6                       @ Abbrev [6] 0x438:0xb DW_TAG_typedef
	.long	1091                    @ DW_AT_type
	.long	.Linfo_string78         @ DW_AT_name
	.byte	2                       @ DW_AT_decl_file
	.byte	148                     @ DW_AT_decl_line
	.byte	27                      @ Abbrev [27] 0x443:0x41 DW_TAG_structure_type
	.byte	8                       @ DW_AT_byte_size
	.byte	2                       @ DW_AT_decl_file
	.byte	132                     @ DW_AT_decl_line
	.byte	28                      @ Abbrev [28] 0x447:0xc DW_TAG_member
	.long	.Linfo_string69         @ DW_AT_name
	.long	203                     @ DW_AT_type
	.byte	2                       @ DW_AT_decl_file
	.byte	134                     @ DW_AT_decl_line
	.byte	0                       @ DW_AT_data_member_location
	.byte	28                      @ Abbrev [28] 0x453:0xc DW_TAG_member
	.long	.Linfo_string70         @ DW_AT_name
	.long	1156                    @ DW_AT_type
	.byte	2                       @ DW_AT_decl_file
	.byte	137                     @ DW_AT_decl_line
	.byte	4                       @ DW_AT_data_member_location
	.byte	28                      @ Abbrev [28] 0x45f:0xc DW_TAG_member
	.long	.Linfo_string72         @ DW_AT_name
	.long	1167                    @ DW_AT_type
	.byte	2                       @ DW_AT_decl_file
	.byte	140                     @ DW_AT_decl_line
	.byte	5                       @ DW_AT_data_member_location
	.byte	28                      @ Abbrev [28] 0x46b:0xc DW_TAG_member
	.long	.Linfo_string74         @ DW_AT_name
	.long	1178                    @ DW_AT_type
	.byte	2                       @ DW_AT_decl_file
	.byte	143                     @ DW_AT_decl_line
	.byte	6                       @ DW_AT_data_member_location
	.byte	28                      @ Abbrev [28] 0x477:0xc DW_TAG_member
	.long	.Linfo_string76         @ DW_AT_name
	.long	1189                    @ DW_AT_type
	.byte	2                       @ DW_AT_decl_file
	.byte	146                     @ DW_AT_decl_line
	.byte	7                       @ DW_AT_data_member_location
	.byte	0                       @ End Of Children Mark
	.byte	6                       @ Abbrev [6] 0x484:0xb DW_TAG_typedef
	.long	67                      @ DW_AT_type
	.long	.Linfo_string71         @ DW_AT_name
	.byte	2                       @ DW_AT_decl_file
	.byte	71                      @ DW_AT_decl_line
	.byte	6                       @ Abbrev [6] 0x48f:0xb DW_TAG_typedef
	.long	100                     @ DW_AT_type
	.long	.Linfo_string73         @ DW_AT_name
	.byte	2                       @ DW_AT_decl_file
	.byte	95                      @ DW_AT_decl_line
	.byte	6                       @ Abbrev [6] 0x49a:0xb DW_TAG_typedef
	.long	133                     @ DW_AT_type
	.long	.Linfo_string75         @ DW_AT_name
	.byte	2                       @ DW_AT_decl_file
	.byte	82                      @ DW_AT_decl_line
	.byte	6                       @ Abbrev [6] 0x4a5:0xb DW_TAG_typedef
	.long	154                     @ DW_AT_type
	.long	.Linfo_string77         @ DW_AT_name
	.byte	2                       @ DW_AT_decl_file
	.byte	114                     @ DW_AT_decl_line
	.byte	8                       @ Abbrev [8] 0x4b0:0xc DW_TAG_typedef
	.long	1212                    @ DW_AT_type
	.long	.Linfo_string85         @ DW_AT_name
	.byte	5                       @ DW_AT_decl_file
	.short	299                     @ DW_AT_decl_line
	.byte	9                       @ Abbrev [9] 0x4bc:0x3a DW_TAG_structure_type
	.byte	16                      @ DW_AT_byte_size
	.byte	5                       @ DW_AT_decl_file
	.short	285                     @ DW_AT_decl_line
	.byte	10                      @ Abbrev [10] 0x4c1:0xd DW_TAG_member
	.long	.Linfo_string81         @ DW_AT_name
	.long	203                     @ DW_AT_type
	.byte	5                       @ DW_AT_decl_file
	.short	287                     @ DW_AT_decl_line
	.byte	0                       @ DW_AT_data_member_location
	.byte	10                      @ Abbrev [10] 0x4ce:0xd DW_TAG_member
	.long	.Linfo_string82         @ DW_AT_name
	.long	203                     @ DW_AT_type
	.byte	5                       @ DW_AT_decl_file
	.short	290                     @ DW_AT_decl_line
	.byte	4                       @ DW_AT_data_member_location
	.byte	10                      @ Abbrev [10] 0x4db:0xd DW_TAG_member
	.long	.Linfo_string83         @ DW_AT_name
	.long	203                     @ DW_AT_type
	.byte	5                       @ DW_AT_decl_file
	.short	293                     @ DW_AT_decl_line
	.byte	8                       @ DW_AT_data_member_location
	.byte	10                      @ Abbrev [10] 0x4e8:0xd DW_TAG_member
	.long	.Linfo_string84         @ DW_AT_name
	.long	203                     @ DW_AT_type
	.byte	5                       @ DW_AT_decl_file
	.short	297                     @ DW_AT_decl_line
	.byte	12                      @ DW_AT_data_member_location
	.byte	0                       @ End Of Children Mark
	.byte	0                       @ End Of Children Mark
.Ldebug_info_end0:
	.section	.debug_ranges,"",%progbits
.Ldebug_ranges0:
	.long	.Lfunc_begin0
	.long	.Lfunc_end0
	.long	.Lfunc_begin1
	.long	.Lfunc_end1
	.long	.Lfunc_begin2
	.long	.Lfunc_end2
	.long	.Lfunc_begin3
	.long	.Lfunc_end3
	.long	.Lfunc_begin4
	.long	.Lfunc_end4
	.long	0
	.long	0
	.section	.debug_macinfo,"",%progbits
	.byte	0                       @ End Of Macro List Mark

	.ident	"Component: ARM Compiler 6.12 Tool: armclang [5d624a00]"
	.section	".note.GNU-stack","",%progbits
	.eabi_attribute	30, 4	@ Tag_ABI_optimization_goals
	.ARM_attribute	16, 1	@ Tag_AV_eba
	.section	.debug_line,"",%progbits
.Lline_table_start0:
