Add component (AddParameter): Name = "Code_IPC"; Value = "1608 [0603]"; VariantName = "[No Variations]"
Add component (AddParameter): Name = "ComponentLink1Description"; Value = "Manufacturer Link"; VariantName = "[No Variations]"
Add component (AddParameter): Name = "ComponentLink1URL"; Value = "http://www.panasonic.com/industrial/components/resistive_products.htm"; VariantName = "[No Variations]"
Add component (AddParameter): Name = "ComponentLink2Description"; Value = "Datasheet"; VariantName = "[No Variations]"
Add component (AddParameter): Name = "ComponentLink2URL"; Value = "http://www.panasonic.com/industrial/components/pdf/AOA0000CE3.pdf"; VariantName = "[No Variations]"
Add component (AddParameter): Name = "LatestRevisionDate"; Value = "19-Mar-2004"; VariantName = "[No Variations]"
Add component (AddParameter): Name = "LatestRevisionNote"; Value = "Silkscreen size reduced."; VariantName = "[No Variations]"
Add component (AddParameter): Name = "PackageDocument"; Value = "Mar-2003"; VariantName = "[No Variations]"
Add component (AddParameter): Name = "PackageReference"; Value = "3-0603"; VariantName = "[No Variations]"
Add component (AddParameter): Name = "Published"; Value = "17-Dec-2003"; VariantName = "[No Variations]"
Add component (AddParameter): Name = "Publisher"; Value = "Altium Limited"; VariantName = "[No Variations]"
Added Component: Designator=R1(ERA-0603)
Add component. Clean all parameters for all variants
Add component (AddParameter): Name = "Code_IPC"; Value = "1608 [0603]"; VariantName = "[No Variations]"
Add component (AddParameter): Name = "ComponentLink1Description"; Value = "Manufacturer Link"; VariantName = "[No Variations]"
Add component (AddParameter): Name = "ComponentLink1URL"; Value = "http://www.panasonic.com/industrial/components/resistive_products.htm"; VariantName = "[No Variations]"
Add component (AddParameter): Name = "ComponentLink2Description"; Value = "Datasheet"; VariantName = "[No Variations]"
Add component (AddParameter): Name = "ComponentLink2URL"; Value = "http://www.panasonic.com/industrial/components/pdf/AOA0000CE3.pdf"; VariantName = "[No Variations]"
Add component (AddParameter): Name = "LatestRevisionDate"; Value = "19-Mar-2004"; VariantName = "[No Variations]"
Add component (AddParameter): Name = "LatestRevisionNote"; Value = "Silkscreen size reduced."; VariantName = "[No Variations]"
Add component (AddParameter): Name = "PackageDocument"; Value = "Mar-2003"; VariantName = "[No Variations]"
Add component (AddParameter): Name = "PackageReference"; Value = "3-0603"; VariantName = "[No Variations]"
Add component (AddParameter): Name = "Published"; Value = "17-Dec-2003"; VariantName = "[No Variations]"
Add component (AddParameter): Name = "Publisher"; Value = "Altium Limited"; VariantName = "[No Variations]"
Add component (AddParameter): Name = "Code_IPC"; Value = "1608 [0603]"; VariantName = "[No Variations]"
Add component (AddParameter): Name = "ComponentLink1Description"; Value = "Manufacturer Link"; VariantName = "[No Variations]"
Add component (AddParameter): Name = "ComponentLink1URL"; Value = "http://www.panasonic.com/industrial/components/resistive_products.htm"; VariantName = "[No Variations]"
Add component (AddParameter): Name = "ComponentLink2Description"; Value = "Datasheet"; VariantName = "[No Variations]"
Add component (AddParameter): Name = "ComponentLink2URL"; Value = "http://www.panasonic.com/industrial/components/pdf/AOA0000CE3.pdf"; VariantName = "[No Variations]"
Add component (AddParameter): Name = "LatestRevisionDate"; Value = "19-Mar-2004"; VariantName = "[No Variations]"
Add component (AddParameter): Name = "LatestRevisionNote"; Value = "Silkscreen size reduced."; VariantName = "[No Variations]"
Add component (AddParameter): Name = "PackageDocument"; Value = "Mar-2003"; VariantName = "[No Variations]"
Add component (AddParameter): Name = "PackageReference"; Value = "3-0603"; VariantName = "[No Variations]"
Add component (AddParameter): Name = "Published"; Value = "17-Dec-2003"; VariantName = "[No Variations]"
Add component (AddParameter): Name = "Publisher"; Value = "Altium Limited"; VariantName = "[No Variations]"
Added Component: Designator=R2(ERA-0603)
Add component. Clean all parameters for all variants
Add component (AddParameter): Name = "Code_IPC"; Value = "1608 [0603]"; VariantName = "[No Variations]"
Add component (AddParameter): Name = "ComponentLink1Description"; Value = "Manufacturer Link"; VariantName = "[No Variations]"
Add component (AddParameter): Name = "ComponentLink1URL"; Value = "http://www.panasonic.com/industrial/components/resistive_products.htm"; VariantName = "[No Variations]"
Add component (AddParameter): Name = "ComponentLink2Description"; Value = "Datasheet"; VariantName = "[No Variations]"
Add component (AddParameter): Name = "ComponentLink2URL"; Value = "http://www.panasonic.com/industrial/components/pdf/AOA0000CE3.pdf"; VariantName = "[No Variations]"
Add component (AddParameter): Name = "LatestRevisionDate"; Value = "19-Mar-2004"; VariantName = "[No Variations]"
Add component (AddParameter): Name = "LatestRevisionNote"; Value = "Silkscreen size reduced."; VariantName = "[No Variations]"
Add component (AddParameter): Name = "PackageDocument"; Value = "Mar-2003"; VariantName = "[No Variations]"
Add component (AddParameter): Name = "PackageReference"; Value = "3-0603"; VariantName = "[No Variations]"
Add component (AddParameter): Name = "Published"; Value = "17-Dec-2003"; VariantName = "[No Variations]"
Add component (AddParameter): Name = "Publisher"; Value = "Altium Limited"; VariantName = "[No Variations]"
Add component (AddParameter): Name = "Code_IPC"; Value = "1608 [0603]"; VariantName = "[No Variations]"
Add component (AddParameter): Name = "ComponentLink1Description"; Value = "Manufacturer Link"; VariantName = "[No Variations]"
Add component (AddParameter): Name = "ComponentLink1URL"; Value = "http://www.panasonic.com/industrial/components/resistive_products.htm"; VariantName = "[No Variations]"
Add component (AddParameter): Name = "ComponentLink2Description"; Value = "Datasheet"; VariantName = "[No Variations]"
Add component (AddParameter): Name = "ComponentLink2URL"; Value = "http://www.panasonic.com/industrial/components/pdf/AOA0000CE3.pdf"; VariantName = "[No Variations]"
Add component (AddParameter): Name = "LatestRevisionDate"; Value = "19-Mar-2004"; VariantName = "[No Variations]"
Add component (AddParameter): Name = "LatestRevisionNote"; Value = "Silkscreen size reduced."; VariantName = "[No Variations]"
Add component (AddParameter): Name = "PackageDocument"; Value = "Mar-2003"; VariantName = "[No Variations]"
Add component (AddParameter): Name = "PackageReference"; Value = "3-0603"; VariantName = "[No Variations]"
Add component (AddParameter): Name = "Published"; Value = "17-Dec-2003"; VariantName = "[No Variations]"
Add component (AddParameter): Name = "Publisher"; Value = "Altium Limited"; VariantName = "[No Variations]"
Added Component: Designator=R3(ERA-0603)
Add component. Clean all parameters for all variants
Add component (AddParameter): Name = "Code_IPC"; Value = "1608 [0603]"; VariantName = "[No Variations]"
Add component (AddParameter): Name = "ComponentLink1Description"; Value = "Manufacturer Link"; VariantName = "[No Variations]"
Add component (AddParameter): Name = "ComponentLink1URL"; Value = "http://www.panasonic.com/industrial/components/resistive_products.htm"; VariantName = "[No Variations]"
Add component (AddParameter): Name = "ComponentLink2Description"; Value = "Datasheet"; VariantName = "[No Variations]"
Add component (AddParameter): Name = "ComponentLink2URL"; Value = "http://www.panasonic.com/industrial/components/pdf/AOA0000CE3.pdf"; VariantName = "[No Variations]"
Add component (AddParameter): Name = "LatestRevisionDate"; Value = "19-Mar-2004"; VariantName = "[No Variations]"
Add component (AddParameter): Name = "LatestRevisionNote"; Value = "Silkscreen size reduced."; VariantName = "[No Variations]"
Add component (AddParameter): Name = "PackageDocument"; Value = "Mar-2003"; VariantName = "[No Variations]"
Add component (AddParameter): Name = "PackageReference"; Value = "3-0603"; VariantName = "[No Variations]"
Add component (AddParameter): Name = "Published"; Value = "17-Dec-2003"; VariantName = "[No Variations]"
Add component (AddParameter): Name = "Publisher"; Value = "Altium Limited"; VariantName = "[No Variations]"
Add component (AddParameter): Name = "Code_IPC"; Value = "1608 [0603]"; VariantName = "[No Variations]"
Add component (AddParameter): Name = "ComponentLink1Description"; Value = "Manufacturer Link"; VariantName = "[No Variations]"
Add component (AddParameter): Name = "ComponentLink1URL"; Value = "http://www.panasonic.com/industrial/components/resistive_products.htm"; VariantName = "[No Variations]"
Add component (AddParameter): Name = "ComponentLink2Description"; Value = "Datasheet"; VariantName = "[No Variations]"
Add component (AddParameter): Name = "ComponentLink2URL"; Value = "http://www.panasonic.com/industrial/components/pdf/AOA0000CE3.pdf"; VariantName = "[No Variations]"
Add component (AddParameter): Name = "LatestRevisionDate"; Value = "19-Mar-2004"; VariantName = "[No Variations]"
Add component (AddParameter): Name = "LatestRevisionNote"; Value = "Silkscreen size reduced."; VariantName = "[No Variations]"
Add component (AddParameter): Name = "PackageDocument"; Value = "Mar-2003"; VariantName = "[No Variations]"
Add component (AddParameter): Name = "PackageReference"; Value = "3-0603"; VariantName = "[No Variations]"
Add component (AddParameter): Name = "Published"; Value = "17-Dec-2003"; VariantName = "[No Variations]"
Add component (AddParameter): Name = "Publisher"; Value = "Altium Limited"; VariantName = "[No Variations]"
Added Component: Designator=R4(ERA-0603)
Add component. Clean all parameters for all variants
Add component (AddParameter): Name = "Code_IPC"; Value = "1608 [0603]"; VariantName = "[No Variations]"
Add component (AddParameter): Name = "ComponentLink1Description"; Value = "Manufacturer Link"; VariantName = "[No Variations]"
Add component (AddParameter): Name = "ComponentLink1URL"; Value = "http://www.panasonic.com/industrial/components/resistive_products.htm"; VariantName = "[No Variations]"
Add component (AddParameter): Name = "ComponentLink2Description"; Value = "Datasheet"; VariantName = "[No Variations]"
Add component (AddParameter): Name = "ComponentLink2URL"; Value = "http://www.panasonic.com/industrial/components/pdf/AOA0000CE3.pdf"; VariantName = "[No Variations]"
Add component (AddParameter): Name = "LatestRevisionDate"; Value = "19-Mar-2004"; VariantName = "[No Variations]"
Add component (AddParameter): Name = "LatestRevisionNote"; Value = "Silkscreen size reduced."; VariantName = "[No Variations]"
Add component (AddParameter): Name = "PackageDocument"; Value = "Mar-2003"; VariantName = "[No Variations]"
Add component (AddParameter): Name = "PackageReference"; Value = "3-0603"; VariantName = "[No Variations]"
Add component (AddParameter): Name = "Published"; Value = "17-Dec-2003"; VariantName = "[No Variations]"
Add component (AddParameter): Name = "Publisher"; Value = "Altium Limited"; VariantName = "[No Variations]"
Add component (AddParameter): Name = "Code_IPC"; Value = "1608 [0603]"; VariantName = "[No Variations]"
Add component (AddParameter): Name = "ComponentLink1Description"; Value = "Manufacturer Link"; VariantName = "[No Variations]"
Add component (AddParameter): Name = "ComponentLink1URL"; Value = "http://www.panasonic.com/industrial/components/resistive_products.htm"; VariantName = "[No Variations]"
Add component (AddParameter): Name = "ComponentLink2Description"; Value = "Datasheet"; VariantName = "[No Variations]"
Add component (AddParameter): Name = "ComponentLink2URL"; Value = "http://www.panasonic.com/industrial/components/pdf/AOA0000CE3.pdf"; VariantName = "[No Variations]"
Add component (AddParameter): Name = "LatestRevisionDate"; Value = "19-Mar-2004"; VariantName = "[No Variations]"
Add component (AddParameter): Name = "LatestRevisionNote"; Value = "Silkscreen size reduced."; VariantName = "[No Variations]"
Add component (AddParameter): Name = "PackageDocument"; Value = "Mar-2003"; VariantName = "[No Variations]"
Add component (AddParameter): Name = "PackageReference"; Value = "3-0603"; VariantName = "[No Variations]"
Add component (AddParameter): Name = "Published"; Value = "17-Dec-2003"; VariantName = "[No Variations]"
Add component (AddParameter): Name = "Publisher"; Value = "Altium Limited"; VariantName = "[No Variations]"
Added Component: Designator=R5(ERA-0603)
Add component. Clean all parameters for all variants
Add component (AddParameter): Name = "Code_IPC"; Value = "1608 [0603]"; VariantName = "[No Variations]"
Add component (AddParameter): Name = "ComponentLink1Description"; Value = "Manufacturer Link"; VariantName = "[No Variations]"
Add component (AddParameter): Name = "ComponentLink1URL"; Value = "http://www.panasonic.com/industrial/components/resistive_products.htm"; VariantName = "[No Variations]"
Add component (AddParameter): Name = "ComponentLink2Description"; Value = "Datasheet"; VariantName = "[No Variations]"
Add component (AddParameter): Name = "ComponentLink2URL"; Value = "http://www.panasonic.com/industrial/components/pdf/AOA0000CE3.pdf"; VariantName = "[No Variations]"
Add component (AddParameter): Name = "LatestRevisionDate"; Value = "19-Mar-2004"; VariantName = "[No Variations]"
Add component (AddParameter): Name = "LatestRevisionNote"; Value = "Silkscreen size reduced."; VariantName = "[No Variations]"
Add component (AddParameter): Name = "PackageDocument"; Value = "Mar-2003"; VariantName = "[No Variations]"
Add component (AddParameter): Name = "PackageReference"; Value = "3-0603"; VariantName = "[No Variations]"
Add component (AddParameter): Name = "Published"; Value = "17-Dec-2003"; VariantName = "[No Variations]"
Add component (AddParameter): Name = "Publisher"; Value = "Altium Limited"; VariantName = "[No Variations]"
Add component (AddParameter): Name = "Code_IPC"; Value = "1608 [0603]"; VariantName = "[No Variations]"
Add component (AddParameter): Name = "ComponentLink1Description"; Value = "Manufacturer Link"; VariantName = "[No Variations]"
Add component (AddParameter): Name = "ComponentLink1URL"; Value = "http://www.panasonic.com/industrial/components/resistive_products.htm"; VariantName = "[No Variations]"
Add component (AddParameter): Name = "ComponentLink2Description"; Value = "Datasheet"; VariantName = "[No Variations]"
Add component (AddParameter): Name = "ComponentLink2URL"; Value = "http://www.panasonic.com/industrial/components/pdf/AOA0000CE3.pdf"; VariantName = "[No Variations]"
Add component (AddParameter): Name = "LatestRevisionDate"; Value = "19-Mar-2004"; VariantName = "[No Variations]"
Add component (AddParameter): Name = "LatestRevisionNote"; Value = "Silkscreen size reduced."; VariantName = "[No Variations]"
Add component (AddParameter): Name = "PackageDocument"; Value = "Mar-2003"; VariantName = "[No Variations]"
Add component (AddParameter): Name = "PackageReference"; Value = "3-0603"; VariantName = "[No Variations]"
Add component (AddParameter): Name = "Published"; Value = "17-Dec-2003"; VariantName = "[No Variations]"
Add component (AddParameter): Name = "Publisher"; Value = "Altium Limited"; VariantName = "[No Variations]"
Added Component: Designator=R6(ERA-0603)
Add component. Clean all parameters for all variants
Add component (AddParameter): Name = "Code_IPC"; Value = "1608 [0603]"; VariantName = "[No Variations]"
Add component (AddParameter): Name = "ComponentLink1Description"; Value = "Manufacturer Link"; VariantName = "[No Variations]"
Add component (AddParameter): Name = "ComponentLink1URL"; Value = "http://www.panasonic.com/industrial/components/resistive_products.htm"; VariantName = "[No Variations]"
Add component (AddParameter): Name = "ComponentLink2Description"; Value = "Datasheet"; VariantName = "[No Variations]"
Add component (AddParameter): Name = "ComponentLink2URL"; Value = "http://www.panasonic.com/industrial/components/pdf/AOA0000CE3.pdf"; VariantName = "[No Variations]"
Add component (AddParameter): Name = "LatestRevisionDate"; Value = "19-Mar-2004"; VariantName = "[No Variations]"
Add component (AddParameter): Name = "LatestRevisionNote"; Value = "Silkscreen size reduced."; VariantName = "[No Variations]"
Add component (AddParameter): Name = "PackageDocument"; Value = "Mar-2003"; VariantName = "[No Variations]"
Add component (AddParameter): Name = "PackageReference"; Value = "3-0603"; VariantName = "[No Variations]"
Add component (AddParameter): Name = "Published"; Value = "17-Dec-2003"; VariantName = "[No Variations]"
Add component (AddParameter): Name = "Publisher"; Value = "Altium Limited"; VariantName = "[No Variations]"
Add component (AddParameter): Name = "Code_IPC"; Value = "1608 [0603]"; VariantName = "[No Variations]"
Add component (AddParameter): Name = "ComponentLink1Description"; Value = "Manufacturer Link"; VariantName = "[No Variations]"
Add component (AddParameter): Name = "ComponentLink1URL"; Value = "http://www.panasonic.com/industrial/components/resistive_products.htm"; VariantName = "[No Variations]"
Add component (AddParameter): Name = "ComponentLink2Description"; Value = "Datasheet"; VariantName = "[No Variations]"
Add component (AddParameter): Name = "ComponentLink2URL"; Value = "http://www.panasonic.com/industrial/components/pdf/AOA0000CE3.pdf"; VariantName = "[No Variations]"
Add component (AddParameter): Name = "LatestRevisionDate"; Value = "19-Mar-2004"; VariantName = "[No Variations]"
Add component (AddParameter): Name = "LatestRevisionNote"; Value = "Silkscreen size reduced."; VariantName = "[No Variations]"
Add component (AddParameter): Name = "PackageDocument"; Value = "Mar-2003"; VariantName = "[No Variations]"
Add component (AddParameter): Name = "PackageReference"; Value = "3-0603"; VariantName = "[No Variations]"
Add component (AddParameter): Name = "Published"; Value = "17-Dec-2003"; VariantName = "[No Variations]"
Add component (AddParameter): Name = "Publisher"; Value = "Altium Limited"; VariantName = "[No Variations]"
Added Component: Designator=R7(ERA-0603)
Add component. Clean all parameters for all variants
Add component (AddParameter): Name = "Code_IPC"; Value = "1608 [0603]"; VariantName = "[No Variations]"
Add component (AddParameter): Name = "ComponentLink1Description"; Value = "Manufacturer Link"; VariantName = "[No Variations]"
Add component (AddParameter): Name = "ComponentLink1URL"; Value = "http://www.panasonic.com/industrial/components/resistive_products.htm"; VariantName = "[No Variations]"
Add component (AddParameter): Name = "ComponentLink2Description"; Value = "Datasheet"; VariantName = "[No Variations]"
Add component (AddParameter): Name = "ComponentLink2URL"; Value = "http://www.panasonic.com/industrial/components/pdf/AOA0000CE3.pdf"; VariantName = "[No Variations]"
Add component (AddParameter): Name = "LatestRevisionDate"; Value = "19-Mar-2004"; VariantName = "[No Variations]"
Add component (AddParameter): Name = "LatestRevisionNote"; Value = "Silkscreen size reduced."; VariantName = "[No Variations]"
Add component (AddParameter): Name = "PackageDocument"; Value = "Mar-2003"; VariantName = "[No Variations]"
Add component (AddParameter): Name = "PackageReference"; Value = "3-0603"; VariantName = "[No Variations]"
Add component (AddParameter): Name = "Published"; Value = "17-Dec-2003"; VariantName = "[No Variations]"
Add component (AddParameter): Name = "Publisher"; Value = "Altium Limited"; VariantName = "[No Variations]"
Add component (AddParameter): Name = "Code_IPC"; Value = "1608 [0603]"; VariantName = "[No Variations]"
Add component (AddParameter): Name = "ComponentLink1Description"; Value = "Manufacturer Link"; VariantName = "[No Variations]"
Add component (AddParameter): Name = "ComponentLink1URL"; Value = "http://www.panasonic.com/industrial/components/resistive_products.htm"; VariantName = "[No Variations]"
Add component (AddParameter): Name = "ComponentLink2Description"; Value = "Datasheet"; VariantName = "[No Variations]"
Add component (AddParameter): Name = "ComponentLink2URL"; Value = "http://www.panasonic.com/industrial/components/pdf/AOA0000CE3.pdf"; VariantName = "[No Variations]"
Add component (AddParameter): Name = "LatestRevisionDate"; Value = "19-Mar-2004"; VariantName = "[No Variations]"
Add component (AddParameter): Name = "LatestRevisionNote"; Value = "Silkscreen size reduced."; VariantName = "[No Variations]"
Add component (AddParameter): Name = "PackageDocument"; Value = "Mar-2003"; VariantName = "[No Variations]"
Add component (AddParameter): Name = "PackageReference"; Value = "3-0603"; VariantName = "[No Variations]"
Add component (AddParameter): Name = "Published"; Value = "17-Dec-2003"; VariantName = "[No Variations]"
Add component (AddParameter): Name = "Publisher"; Value = "Altium Limited"; VariantName = "[No Variations]"
Added Component: Designator=R8(ERA-0603)
Add component. Clean all parameters for all variants
Add component (AddParameter): Name = "Code_IPC"; Value = "1608 [0603]"; VariantName = "[No Variations]"
Add component (AddParameter): Name = "ComponentLink1Description"; Value = "Manufacturer Link"; VariantName = "[No Variations]"
Add component (AddParameter): Name = "ComponentLink1URL"; Value = "http://www.panasonic.com/industrial/components/resistive_products.htm"; VariantName = "[No Variations]"
Add component (AddParameter): Name = "ComponentLink2Description"; Value = "Datasheet"; VariantName = "[No Variations]"
Add component (AddParameter): Name = "ComponentLink2URL"; Value = "http://www.panasonic.com/industrial/components/pdf/AOA0000CE3.pdf"; VariantName = "[No Variations]"
Add component (AddParameter): Name = "LatestRevisionDate"; Value = "19-Mar-2004"; VariantName = "[No Variations]"
Add component (AddParameter): Name = "LatestRevisionNote"; Value = "Silkscreen size reduced."; VariantName = "[No Variations]"
Add component (AddParameter): Name = "PackageDocument"; Value = "Mar-2003"; VariantName = "[No Variations]"
Add component (AddParameter): Name = "PackageReference"; Value = "3-0603"; VariantName = "[No Variations]"
Add component (AddParameter): Name = "Published"; Value = "17-Dec-2003"; VariantName = "[No Variations]"
Add component (AddParameter): Name = "Publisher"; Value = "Altium Limited"; VariantName = "[No Variations]"
Add component (AddParameter): Name = "Code_IPC"; Value = "1608 [0603]"; VariantName = "[No Variations]"
Add component (AddParameter): Name = "ComponentLink1Description"; Value = "Manufacturer Link"; VariantName = "[No Variations]"
Add component (AddParameter): Name = "ComponentLink1URL"; Value = "http://www.panasonic.com/industrial/components/resistive_products.htm"; VariantName = "[No Variations]"
Add component (AddParameter): Name = "ComponentLink2Description"; Value = "Datasheet"; VariantName = "[No Variations]"
Add component (AddParameter): Name = "ComponentLink2URL"; Value = "http://www.panasonic.com/industrial/components/pdf/AOA0000CE3.pdf"; VariantName = "[No Variations]"
Add component (AddParameter): Name = "LatestRevisionDate"; Value = "19-Mar-2004"; VariantName = "[No Variations]"
Add component (AddParameter): Name = "LatestRevisionNote"; Value = "Silkscreen size reduced."; VariantName = "[No Variations]"
Add component (AddParameter): Name = "PackageDocument"; Value = "Mar-2003"; VariantName = "[No Variations]"
Add component (AddParameter): Name = "PackageReference"; Value = "3-0603"; VariantName = "[No Variations]"
Add component (AddParameter): Name = "Published"; Value = "17-Dec-2003"; VariantName = "[No Variations]"
Add component (AddParameter): Name = "Publisher"; Value = "Altium Limited"; VariantName = "[No Variations]"
Added Component: Designator=R9(ERA-0603)
Add component. Clean all parameters for all variants
Add component (AddParameter): Name = "Code_IPC"; Value = "1608 [0603]"; VariantName = "[No Variations]"
Add component (AddParameter): Name = "ComponentLink1Description"; Value = "Manufacturer Link"; VariantName = "[No Variations]"
Add component (AddParameter): Name = "ComponentLink1URL"; Value = "http://www.panasonic.com/industrial/components/resistive_products.htm"; VariantName = "[No Variations]"
Add component (AddParameter): Name = "ComponentLink2Description"; Value = "Datasheet"; VariantName = "[No Variations]"
Add component (AddParameter): Name = "ComponentLink2URL"; Value = "http://www.panasonic.com/industrial/components/pdf/AOA0000CE3.pdf"; VariantName = "[No Variations]"
Add component (AddParameter): Name = "LatestRevisionDate"; Value = "19-Mar-2004"; VariantName = "[No Variations]"
Add component (AddParameter): Name = "LatestRevisionNote"; Value = "Silkscreen size reduced."; VariantName = "[No Variations]"
Add component (AddParameter): Name = "PackageDocument"; Value = "Mar-2003"; VariantName = "[No Variations]"
Add component (AddParameter): Name = "PackageReference"; Value = "3-0603"; VariantName = "[No Variations]"
Add component (AddParameter): Name = "Published"; Value = "17-Dec-2003"; VariantName = "[No Variations]"
Add component (AddParameter): Name = "Publisher"; Value = "Altium Limited"; VariantName = "[No Variations]"
Added Pin To Net: NetName=VMID Pin=R1-1
Added Pin To Net: NetName=RX Pin=R1-2
Added Pin To Net: NetName=NetC3_2 Pin=R2-1
Added Pin To Net: NetName=VDD2 Pin=R2-2
Added Pin To Net: NetName=NetC2_2 Pin=R3-1
Added Pin To Net: NetName=RX Pin=R3-2
Added Pin To Net: NetName=VSS2 Pin=R4-1
Added Pin To Net: NetName=NetC2_1 Pin=R4-2
Added Pin To Net: NetName=VSS2 Pin=R5-1
Added Pin To Net: NetName=NetC9_1 Pin=R5-2
Added Pin To Net: NetName=+3V3 Pin=R6-1
Added Pin To Net: NetName=NetD2_2 Pin=R6-2
Added Pin To Net: NetName=+3V3 Pin=R7-1
Added Pin To Net: NetName=NetD3_2 Pin=R7-2
Added Pin To Net: NetName=NetR8_1 Pin=R8-1
Added Pin To Net: NetName=+3V3 Pin=R8-2
Added Pin To Net: NetName=NetQ2_1 Pin=R9-1
Added Pin To Net: NetName=BUZZER Pin=R9-2
Added Member To Class: ClassName=DE-060718 Member=Component R1 1K8
Added Member To Class: ClassName=DE-060718 Member=Component R2 10K
Added Member To Class: ClassName=DE-060718 Member=Component R3 1K8
Added Member To Class: ClassName=DE-060718 Member=Component R4 1R8
Added Member To Class: ClassName=DE-060718 Member=Component R5 1R8
Added Member To Class: ClassName=DE-060718 Member=Component R6 120R
Added Member To Class: ClassName=DE-060718 Member=Component R7 120R
Added Member To Class: ClassName=DE-060718 Member=Component R8 120R
Added Member To Class: ClassName=DE-060718 Member=Component R9 1K
