Added Component: Designator=C1(0805)
Added Component: Designator=C5(0603)
Added Component: Designator=C6(0805)
Added Component: Designator=D1(SMB)
Added Component: Designator=D2(SMB)
Added Component: Designator=D3(SMB)
Added Component: Designator=D4(SMB)
Added Component: Designator=D5(SMB)
Added Component: Designator=P2(TERMINAL BLOK 2)
Added Component: Designator=P3(HDR1X3)
Added Component: Designator=P4(TERMINAL BLOK 3)
Added Component: Designator=P5(TERMINAL BLOK 2)
Added Component: Designator=P6(8 PIN TERMINAL BLOCK)
Added Component: Designator=Q1(SOT23_N)
Added Component: Designator=U1(DIP-4)
Added Component: Designator=U2(DIP6)
Added Component: Designator=U3(DIP6)
Added Pin To Net: NetName=FANCOIL_NTC Pin=P6-3
Added Net: Name=FANCOIL_NTC
Added Pin To Net: NetName=LIVE Pin=P2-1
Added Net: Name=LIVE
Added Pin To Net: NetName=MOTOR_RPM Pin=P3-2
Added Pin To Net: NetName=MOTOR_RPM Pin=P6-4
Added Net: Name=MOTOR_RPM
Added Pin To Net: NetName=MOTOR_TRIAC Pin=P6-7
Added Net: Name=MOTOR_TRIAC
Added Pin To Net: NetName=NetC1_1 Pin=C1-1
Added Pin To Net: NetName=NetC1_1 Pin=D3-1
Added Pin To Net: NetName=NetC1_1 Pin=Q1-2
Added Net: Name=NetC1_1
Added Pin To Net: NetName=NetC1_2 Pin=C1-2
Added Pin To Net: NetName=NetC1_2 Pin=D1-2
Added Pin To Net: NetName=NetC1_2 Pin=D2-2
Added Net: Name=NetC1_2
Added Pin To Net: NetName=NetC2_1 Pin=P4-2
Added Net: Name=NetC2_1
Added Pin To Net: NetName=NetC2_2 Pin=P4-1
Added Net: Name=NetC2_2
Added Net: Name=NetC3_2
Added Pin To Net: NetName=NetC4_1 Pin=P5-1
Added Net: Name=NetC4_1
Added Net: Name=NetC4_2
Added Pin To Net: NetName=NetD1_1 Pin=D1-1
Added Pin To Net: NetName=NetD1_1 Pin=D4-2
Added Net: Name=NetD1_1
Added Pin To Net: NetName=NetD2_1 Pin=D2-1
Added Pin To Net: NetName=NetD2_1 Pin=D5-2
Added Net: Name=NetD2_1
Added Pin To Net: NetName=NetD3_2 Pin=D3-2
Added Pin To Net: NetName=NetD3_2 Pin=D4-1
Added Pin To Net: NetName=NetD3_2 Pin=D5-1
Added Pin To Net: NetName=NetD3_2 Pin=Q1-1
Added Net: Name=NetD3_2
Added Pin To Net: NetName=NetD6_3 Pin=U2-4
Added Net: Name=NetD6_3
Added Pin To Net: NetName=NetD7_3 Pin=U3-4
Added Net: Name=NetD7_3
Added Pin To Net: NetName=NetQ1_3 Pin=Q1-3
Added Pin To Net: NetName=NetQ1_3 Pin=U1-2
Added Net: Name=NetQ1_3
Added Pin To Net: NetName=NetR2_1 Pin=U1-1
Added Net: Name=NetR2_1
Added Net: Name=NetR4_2
Added Net: Name=NetR5_2
Added Net: Name=NetR9_2
Added Net: Name=NetR10_2
Added Pin To Net: NetName=NetR12_1 Pin=U2-6
Added Net: Name=NetR12_1
Added Net: Name=NetR12_2
Added Net: Name=NetR14_2
Added Pin To Net: NetName=NetR16_1 Pin=U2-1
Added Net: Name=NetR16_1
Added Pin To Net: NetName=NetR17_1 Pin=U3-6
Added Net: Name=NetR17_1
Added Net: Name=NetR17_2
Added Net: Name=NetR19_2
Added Pin To Net: NetName=NetR21_1 Pin=U3-1
Added Net: Name=NetR21_1
Added Pin To Net: NetName=NEUTRAL Pin=P2-2
Added Pin To Net: NetName=NEUTRAL Pin=P4-3
Added Pin To Net: NetName=NEUTRAL Pin=P5-2
Added Net: Name=NEUTRAL
Added Pin To Net: NetName=PIPE_NTC Pin=P6-2
Added Net: Name=PIPE_NTC
Added Pin To Net: NetName=VALVE_TRIAC Pin=P6-6
Added Net: Name=VALVE_TRIAC
Added Pin To Net: NetName=VDD Pin=C5-2
Added Pin To Net: NetName=VDD Pin=C6-2
Added Pin To Net: NetName=VDD Pin=P3-3
Added Pin To Net: NetName=VDD Pin=P6-8
Added Net: Name=VDD
Added Pin To Net: NetName=VSS Pin=C5-1
Added Pin To Net: NetName=VSS Pin=C6-1
Added Pin To Net: NetName=VSS Pin=P3-1
Added Pin To Net: NetName=VSS Pin=P6-1
Added Pin To Net: NetName=VSS Pin=U1-3
Added Pin To Net: NetName=VSS Pin=U2-2
Added Pin To Net: NetName=VSS Pin=U3-2
Added Net: Name=VSS
Added Pin To Net: NetName=ZERO_CROSS Pin=P6-5
Added Pin To Net: NetName=ZERO_CROSS Pin=U1-4
Added Net: Name=ZERO_CROSS
Added Class: Name=DE-060418
Added Room: Name=DE-060418
