Removed Pin From Net: NetName=NetR2_2 Pin=U1-3
Removed Pin From Net: NetName=ZERO_CROSS Pin=U1-4
Removed Pin From Net: NetName=NetP1_2 Pin=U1-5
Removed Pin From Net: NetName=MOTOR_RPM Pin=U1-6
Removed Pin From Net: NetName=ZERO_CROSS Pin=U1-8
Removed Pin From Net: NetName=NetR2_2 Pin=U1-9
Removed Pin From Net: NetName=NetR20_2 Pin=U1-10
Removed Pin From Net: NetName=MOTOR_TRIAC Pin=U1-11
Removed Pin From Net: NetName=NetR26_2 Pin=U1-12
Removed Pin From Net: NetName=VALVE_TRIAC Pin=U1-13
Added Pin To Net: NetName=NetP1_2 Pin=U1-3
Added Pin To Net: NetName=MOTOR_RPM Pin=U1-4
Added Pin To Net: NetName=MOTOR_TRIAC Pin=U1-5
Added Pin To Net: NetName=NetR20_2 Pin=U1-6
Added Pin To Net: NetName=NetR26_2 Pin=U1-8
Added Pin To Net: NetName=VALVE_TRIAC Pin=U1-9
Added Pin To Net: NetName=ZERO_CROSS Pin=U1-10
Added Pin To Net: NetName=NetR2_2 Pin=U1-11
Added Pin To Net: NetName=ZERO_CROSS Pin=U1-12
Added Pin To Net: NetName=NetR2_2 Pin=U1-13
