Removed Pin From Net: NetName=NetC1_2 Pin=D1-2
Removed Pin From Net: NetName=NetC1_2 Pin=D2-2
Removed Pin From Net: NetName=NetD3_2 Pin=D4-1
Removed Pin From Net: NetName=NetD3_2 Pin=D5-1
Removed Pin From Net: NetName=NetP1_2 Pin=U1-3
Removed Pin From Net: NetName=MOTOR_RPM Pin=U1-4
Removed Pin From Net: NetName=MOTOR_TRIAC Pin=U1-5
Removed Pin From Net: NetName=NetR20_2 Pin=U1-6
Removed Pin From Net: NetName=NetR26_2 Pin=U1-8
Removed Pin From Net: NetName=VALVE_TRIAC Pin=U1-9
Removed Pin From Net: NetName=ZERO_CROSS Pin=U1-10
Removed Pin From Net: NetName=NetR2_2 Pin=U1-11
Removed Pin From Net: NetName=ZERO_CROSS Pin=U1-12
Removed Pin From Net: NetName=NetR2_2 Pin=U1-13
Change Component DesignItemId : Designator=D1 Old DesignItemId=D Schottky New DesignItemId=BAS321
Change Component DesignItemId : Designator=D2 Old DesignItemId=D Schottky New DesignItemId=BAS321
Change Component DesignItemId : Designator=D4 Old DesignItemId=D Schottky New DesignItemId=BAS321
Change Component DesignItemId : Designator=D5 Old DesignItemId=D Schottky New DesignItemId=BAS321
Change Component Footprint: Designator=D1 Old Footprint=SMB New Footprint=SOD323
Change Component Footprint: Designator=D2 Old Footprint=SMB New Footprint=SOD323
Change Component Footprint: Designator=D4 Old Footprint=SMB New Footprint=SOD323
Change Component Footprint: Designator=D5 Old Footprint=SMB New Footprint=SOD323
Added Pin To Net: NetName=NetC1_2 Pin=D1-1
Added Pin To Net: NetName=NetC1_2 Pin=D2-1
Added Pin To Net: NetName=NetD3_2 Pin=D4-2
Added Pin To Net: NetName=NetD3_2 Pin=D5-2
Added Pin To Net: NetName=NetR2_2 Pin=U1-3
Added Pin To Net: NetName=ZERO_CROSS Pin=U1-4
Added Pin To Net: NetName=NetP1_2 Pin=U1-5
Added Pin To Net: NetName=MOTOR_RPM Pin=U1-6
Added Pin To Net: NetName=ZERO_CROSS Pin=U1-8
Added Pin To Net: NetName=NetR2_2 Pin=U1-9
Added Pin To Net: NetName=NetR20_2 Pin=U1-10
Added Pin To Net: NetName=MOTOR_TRIAC Pin=U1-11
Added Pin To Net: NetName=NetR26_2 Pin=U1-12
Added Pin To Net: NetName=VALVE_TRIAC Pin=U1-13
Added Pin To Net: NetName=NetD1_2 Pin=D1-2
Added Pin To Net: NetName=NetD1_2 Pin=D4-1
Added Pin To Net: NetName=NetD1_2 Pin=R4-1
Added Net: Name=NetD1_2
Added Pin To Net: NetName=NetD2_2 Pin=D2-2
Added Pin To Net: NetName=NetD2_2 Pin=D5-1
Added Pin To Net: NetName=NetD2_2 Pin=R11-1
Added Net: Name=NetD2_2
