Added Component: Designator=C2(VP52-2.5)
Added Component: Designator=C3(VP52-2.5)
Added Component: Designator=C4(VP52-2.5)
Added Component: Designator=D6(ONSC-TO-220-3-221A-07)
Added Component: Designator=D7(ONSC-TO-220-3-221A-07)
Added Component: Designator=P1(HDR1X2)
Added Component: Designator=P7(HDR1X2)
Added Component: Designator=R1(6-0805)
Added Component: Designator=R2(6-0805)
Added Component: Designator=R3(6-0805)
Added Component: Designator=R4(6-0805)
Added Component: Designator=R5(6-0805)
Added Component: Designator=R6(6-0805)
Added Component: Designator=R7(6-0805)
Added Component: Designator=R8(6-0805)
Added Component: Designator=R9(6-0805)
Added Component: Designator=R10(6-0805)
Added Component: Designator=R11(6-0805)
Added Component: Designator=R12(6-0805)
Added Component: Designator=R13(6-0805)
Added Component: Designator=R14(6-0805)
Added Component: Designator=R15(6-0805)
Added Component: Designator=R16(6-0805)
Added Component: Designator=R17(6-0805)
Added Component: Designator=R18(6-0805)
Added Component: Designator=R19(6-0805)
Added Component: Designator=R20(6-0805)
Added Component: Designator=R21(6-0805)
Added Pin To Net: NetName=NetC2_1 Pin=C2-1
Added Pin To Net: NetName=NetC2_2 Pin=C2-2
Added Pin To Net: NetName=NetC2_1 Pin=C3-1
Added Pin To Net: NetName=NetC3_2 Pin=C3-2
Added Pin To Net: NetName=NetC4_1 Pin=C4-1
Added Pin To Net: NetName=NetC4_2 Pin=C4-2
Added Pin To Net: NetName=NetC2_1 Pin=D6-1
Added Pin To Net: NetName=LIVE Pin=D6-2
Added Pin To Net: NetName=NetD6_3 Pin=D6-3
Added Pin To Net: NetName=NetC4_1 Pin=D7-1
Added Pin To Net: NetName=LIVE Pin=D7-2
Added Pin To Net: NetName=NetD7_3 Pin=D7-3
Added Pin To Net: NetName=VSS Pin=P1-1
Added Pin To Net: NetName=FANCOIL_NTC Pin=P1-2
Added Pin To Net: NetName=PIPE_NTC Pin=P7-1
Added Pin To Net: NetName=VSS Pin=P7-2
Added Pin To Net: NetName=VDD Pin=R1-1
Added Pin To Net: NetName=ZERO_CROSS Pin=R1-2
Added Pin To Net: NetName=NetR2_1 Pin=R2-1
Added Pin To Net: NetName=NetC1_2 Pin=R2-2
Added Pin To Net: NetName=NetD1_1 Pin=R3-1
Added Pin To Net: NetName=NetR4_2 Pin=R4-2
Added Pin To Net: NetName=NetR4_2 Pin=R5-1
Added Pin To Net: NetName=NetR5_2 Pin=R5-2
Added Pin To Net: NetName=NetR5_2 Pin=R6-1
Added Pin To Net: NetName=LIVE Pin=R6-2
Added Pin To Net: NetName=NetD3_2 Pin=R7-1
Added Pin To Net: NetName=NetC1_2 Pin=R7-2
Added Pin To Net: NetName=NetD2_1 Pin=R8-1
Added Pin To Net: NetName=NetR9_2 Pin=R9-2
Added Pin To Net: NetName=NetR9_2 Pin=R10-1
Added Pin To Net: NetName=NetR10_2 Pin=R10-2
Added Pin To Net: NetName=NetR10_2 Pin=R11-1
Added Pin To Net: NetName=NEUTRAL Pin=R11-2
Added Pin To Net: NetName=NetR12_1 Pin=R12-1
Added Pin To Net: NetName=NetR12_2 Pin=R12-2
Added Pin To Net: NetName=NetR12_2 Pin=R13-1
Added Pin To Net: NetName=NetC3_2 Pin=R13-2
Added Pin To Net: NetName=NetC3_2 Pin=R14-1
Added Pin To Net: NetName=NetR14_2 Pin=R14-2
Added Pin To Net: NetName=NetR14_2 Pin=R15-1
Added Pin To Net: NetName=LIVE Pin=R15-2
Added Pin To Net: NetName=NetR16_1 Pin=R16-1
Added Pin To Net: NetName=MOTOR_TRIAC Pin=R16-2
Added Pin To Net: NetName=NetR17_1 Pin=R17-1
Added Pin To Net: NetName=NetR17_2 Pin=R17-2
Added Pin To Net: NetName=NetR17_2 Pin=R18-1
Added Pin To Net: NetName=NetC4_2 Pin=R18-2
Added Pin To Net: NetName=NetC4_2 Pin=R19-1
Added Pin To Net: NetName=NetR19_2 Pin=R19-2
Added Pin To Net: NetName=NetR19_2 Pin=R20-1
Added Pin To Net: NetName=LIVE Pin=R20-2
Added Pin To Net: NetName=NetR21_1 Pin=R21-1
Added Pin To Net: NetName=VALVE_TRIAC Pin=R21-2
Added Member To Class: ClassName=DE-060418 Member=Component C2 47nF/X2
Added Member To Class: ClassName=DE-060418 Member=Component C3 47nF/X2
Added Member To Class: ClassName=DE-060418 Member=Component C4 47nF/X2
Added Member To Class: ClassName=DE-060418 Member=Component D6 BTA16-600
Added Member To Class: ClassName=DE-060418 Member=Component D7 BTA16-600
Added Member To Class: ClassName=DE-060418 Member=Component P1 NTC_2K_FANCOIL
Added Member To Class: ClassName=DE-060418 Member=Component P7 NTC_10K_FANCOIL_PIPE
Added Member To Class: ClassName=DE-060418 Member=Component R1 220R
Added Member To Class: ClassName=DE-060418 Member=Component R2 1K
Added Member To Class: ClassName=DE-060418 Member=Component R3 56K
Added Member To Class: ClassName=DE-060418 Member=Component R4 56K
Added Member To Class: ClassName=DE-060418 Member=Component R5 56K
Added Member To Class: ClassName=DE-060418 Member=Component R6 56K
Added Member To Class: ClassName=DE-060418 Member=Component R7 10K
Added Member To Class: ClassName=DE-060418 Member=Component R8 56K
Added Member To Class: ClassName=DE-060418 Member=Component R9 56K
Added Member To Class: ClassName=DE-060418 Member=Component R10 56K
Added Member To Class: ClassName=DE-060418 Member=Component R11 56K
Added Member To Class: ClassName=DE-060418 Member=Component R12 220R
Added Member To Class: ClassName=DE-060418 Member=Component R13 220R
Added Member To Class: ClassName=DE-060418 Member=Component R14 220R
Added Member To Class: ClassName=DE-060418 Member=Component R15 220R
Added Member To Class: ClassName=DE-060418 Member=Component R16 220R
Added Member To Class: ClassName=DE-060418 Member=Component R17 220R
Added Member To Class: ClassName=DE-060418 Member=Component R18 220R
Added Member To Class: ClassName=DE-060418 Member=Component R19 220R
Added Member To Class: ClassName=DE-060418 Member=Component R20 220R
Added Member To Class: ClassName=DE-060418 Member=Component R21 220R
