	.text
	.syntax unified
	.eabi_attribute	67, "2.09"	@ Tag_conformance
	.cpu	cortex-m7
	.eabi_attribute	6, 13	@ Tag_CPU_arch
	.eabi_attribute	7, 77	@ Tag_CPU_arch_profile
	.eabi_attribute	8, 0	@ Tag_ARM_ISA_use
	.eabi_attribute	9, 2	@ Tag_THUMB_ISA_use
	.fpu	fpv5-sp-d16
	.eabi_attribute	27, 1	@ Tag_ABI_HardFP_use
	.eabi_attribute	36, 1	@ Tag_FP_HP_extension
	.eabi_attribute	34, 1	@ Tag_CPU_unaligned_access
	.eabi_attribute	17, 1	@ Tag_ABI_PCS_GOT_use
	.eabi_attribute	20, 2	@ Tag_ABI_FP_denormal
	.eabi_attribute	21, 0	@ Tag_ABI_FP_exceptions
	.eabi_attribute	23, 1	@ Tag_ABI_FP_number_model
	.eabi_attribute	24, 1	@ Tag_ABI_align_needed
	.eabi_attribute	25, 1	@ Tag_ABI_align_preserved
	.eabi_attribute	28, 1	@ Tag_ABI_VFP_args
	.eabi_attribute	38, 1	@ Tag_ABI_FP_16bit_format
	.eabi_attribute	18, 2	@ Tag_ABI_PCS_wchar_t
	.eabi_attribute	26, 1	@ Tag_ABI_enum_size
	.eabi_attribute	14, 0	@ Tag_ABI_PCS_R9_use
	.file	"display.c"
	.file	1 "../Middlewares/ST/STemWin/inc" "BUTTON.h"
	.file	2 "../Src" "display.c"
	.file	3 "C:\\Keil\\ARM\\ARMCLANG\\Bin\\..\\include" "stdint.h"
	.type	.Lllvm.embedded.module,%object @ @llvm.embedded.module
	.section	.llvmbc,"a",%progbits
	.p2align	4
.Lllvm.embedded.module:
	.asciz	"BC\300\3365\024\000\000\005\000\000\000b\f0$LY\276\346\356\323>-U\215\020\005\310\024\000\000!\f\000\000D\004\000\000\013\002!\000\002\000\000\000\023\000\000\000\007\201#\221A\310\004I\006\02029\222\001\204\f%\005\b\031\036\004\213b\200\020E\002B\222\013B\204\0202\0248\b\030K\n2B\210H\220\024 CF\210\245\000\0312B\344H\016\220\021\"\304PAQ\201\214\341\203\345\212\004!F\006Q\030\000\000\033\002\000\000\033\360'\370\377\377\377\377\0010\000\t\230\210qx\007y\220\207r\030\007z`\207|h\003yx\207zp\007r(\007rh\003rH\007{H\007r(\2076\230\207x\220\007zh\003s\200\2076h\207p\240\007t\000\314!\034\330a\036\312\001 \310\241\034\334\341\035\344\241\035\302\201\035\332\300\034\340\241\r\332!\034\350\001\035\000x\220\207r\230\207r\220\007{(\2076\230\207t8\007w\000\brH\207y\b\007q`\207rh\003z\b\207t`\2076\030\207p`\007v\230\007\300\034\302\201\035\346\241\034\000\202\035\312a\036\346\241\r\340A\036\312a\034\322a\036\312\241\r\314\001\036\332!\034\310\0010\207p`\207y(\007\200p\207wh\003s\220\207ph\207rh\003xx\207tp\007z(\007yh\203r`\207th\007\300\034\302\201\035\346\241\034\000\302\035\336\241\r\322\301\035\314a\036\332\300\034\340\241\r\332!\034\350\001\035\000z\220\207z(\007\200p\207wh\003u\250\207v\200\2076\240\207p\020\007v(\207y\000\314!\034\330a\036\312\001 \334\341\035\332\300\035\302\301\035\346\241\r\314\001\036\332\240\035\302\201\036\320\001\240\007y\250\207r\000\bwx\2076\230\207t8\007w(\007rh\003}(\007yx\207yh\003s\200\2076h\207p\240\007t\000\350A\036\352\241\034\000\302\035\336\241\r\350A\036\302\001\036\340!\035\334\341\034\332\240\035\302\201\036\320\001\240\007y\250\207r\000\210y\240\207p\030\207uh\003x\220\207w\240\207r\030\007zx\007yh\003q\250\007s0\207r\220\2076\230\207t\320\207r\000\360\000 \350!\034\344\341\034\312\201\036\332`\034\340\241\036\200qx\007y\240\207r\300\2076h\207;\000\bz\b\007y8\207r\240\20760\207r\b\007z\250\007y(\207y\000\326\200\034\342\300\016\330`\r\310a\036\340\201\r\326\300\034\340\241\r\302A\036\332\301\036\360\200\r\326\300\034\340\241\r\336\301\035\330!\037\332`\036\340\201\r\326\000\035\356\201\034\322\301\036\330`\r\350\001\035\352\241\035\304\241\r\332\341\035\310\241\034\330\240\r\306A\036\306\201\r\332`\034\344!\037\340\201\036\336\201\r\332\200\034\336\201\036\340A\036\336\201\034\330\240\r\314\241\036\330\201\035\314\001\036\342\300\016\330\240\r\320\341\036\310!\035\354\241\r\302A\036\332\201\r\332\300\035\312\341\035\334\201\r\332@\036\302a\036\000\242\036\334a\036\302\301\034\312\241\r\314\001\036\332\240\035\302\201\036\320\0010\207p`\207y(\007\200\250\207y(\2076\230\207w0\007zh\003s`\207w\b\007z\000\314!\034\330a\036\312\001\330\000>\302\377\377\377\377\017\200\001L\3048\274\203<\310C9\214\003=\260C>\264\201<\274C=\270\0039\224\0039\264\0019\244\203=\244\0039\224C\033\314C<\310\003=\264\2019\300C\033\264C8\320\003:\000\346\020\016\3540\017\345\000\020\344P\016\356\360\016\362\320\016\341\300\016m`\016\360\320\006\355\020\016\364\200\016\000<\310C9\314C9\310\203=\224C\033\314C:\234\203;\000\0049\244\303<\204\2038\260C9\264\001=\204C:\260C\033\214C8\260\003;\314\003`\016\341\300\016\363P\016\000\301\016\3450\017\363\320\006\360 \017\3450\016\3510\017\345\320\006\346\000\017\355\020\016\344\000\230C8\260\303<\224\003@\270\303;\264\2019\310C8\264C9\264\001<\274C:\270\003=\224\203<\264A9\260C:\264\003`\016\341\300\016\363P\016\000\341\016\357\320\006\351\340\016\3460\017m`\016\360\320\006\355\020\016\364\200\016\000=\310C=\224\003@\270\303;\264\201;\204\203;\314C\033\230\003<\264A;\204\003=\240\003@\017\362P\017\345\000\020\356\360\016m0\017\351p\016\356P\016\344\320\006\372P\016\362\360\016\363\320\006\346\000\017m\320\016\341@\017\350\000\320\203<\324C9\000\204;\274C\033\320\203<\204\003<\300C:\270\3039\264A;\204\003=\240\003@\017\362P\017\345\000\020\363@\017\3410\016\353\320\006\360 \017\357@\017\3450\016\364\360\016\362\320\006\342P\017\346`\016\345 \017m0\017\351\240\017\345\000\340\001@\320C8\310\3039\224\003=\264\3018\300C=\000\343\360\016\362@\017\345\200\017m\320\016w\000\020\364\020\016\362p\016\345@\017m`\016\345\020\016\364P\017\362P\016\363\000\254\0019\304\201\035\260\301\032\220\303<\300\003\033\254\2019\300C\033\204\203<\264\203=\340\001\033\254\2019\300C\033\274\203;\260C>\264\301<\300\003\033\254\001:\334\0039\244\203=\260\301\032\320\003:\324C;\210C\033\264\303;\220C9\260A\033\214\203<\214\003\033\264\3018\310C>\300\003=\274\003\033\264\0019\274\003=\300\203<\274\0039\260A\033\230C=\260\003;\230\003<\304\201\035\260A\033\240\303=\220C:\330C\033\204\203<\264\003\033\264\201;\224\303;\270\003\033\264\201<\204\303<\000D=\270\303<\204\2039\224C\033\230\003<\264A;\204\003=\240\003`\016\341\300\016\363P\016\000Q\017\363P\016m0\017\357`\016\364\320\006\346\300\016\357\020\016\364\000\230C8\260\303<\224\003\260\201\177\206\377\377\377\377\037\000\003\200\003@\002&\200\"\306\341\035\344A\036\312a\034\350\201\035\362\241\r\344\341\035\352\301\035\310\241\034\310\241\r\310!\035\354!\035\310\241\034\332`\036\342A\036\350\241\r\314\001\036\332\240\035\302\201\036\320\0010\207p`\207y(\007\200 \207rp\207w\220\207v\b\007vh\003s\200\2076h\207p\240\007t\000\340A\036\312a\036\312A\036\354\241\034\332`\036\322\341\034\334\001 \310!\035\346!\034\304\201\035\312\241\r\350!\034\322\201\035\332`\034\302\201\035\330a\036\000s\b\007v\230\207r\000\bv(\207y\230\2076\200\007y(\207qH\207y(\20760\007xh\207p \007\300\034\302\201\035\346\241\034\000\302\035\336\241\r\314A\036\302\241\035\312\241\r\340\341\035\322\301\035\350\241\034\344\241\r\312\201\035\322\241\035\000s\b\007v\230\207r\000\bwx\2076H\007w0\207yh\003s\200\2076h\207p\240\007t\000\350A\036\352\241\034\000\302\035\336\241\r\324\241\036\332\001\036\332\200\036\302A\034\330\241\034\346\0010\207p`\207y(\007\200p\207wh\003w\b\007w\230\20760\007xh\203v\b\007z@\007\200\036\344\241\036\312\001 \334\341\035\332`\036\322\341\034\334\241\034\310\241\r\364\241\034\344\341\035\346\241\r\314\001\036\332\240\035\302\201\036\320\001\240\007y\250\207r\000\bwx\2076\240\007y\b\007x\200\207tp\207sh\203v\b\007z@\007\200\036\344\241\036\312\001 \346\201\036\302a\034\326\241\r\340A\036\336\201\036\312a\034\350\341\035\344\241\r\304\241\036\314\301\034\312A\036\332`\036\322A\037\312\001\300\003\200\240\207p\220\207s(\007zh\203q\200\207z\000\306\341\035\344\201\036\312\001\037\332\240\035\356\000 \350!\034\344\341\034\312\201\036\332\300\034\312!\034\350\241\036\344\241\034\346\001X\003r\210\003;`\2035 \207y\200\0076X\003s\200\2076\b\007yh\007{\300\0036X\003s\200\2076x\007w`\207|h\203y\200\0076X\003t\270\007rH\007{`\2035\240\007t\250\207v\020\2076h\207w \207r`\2036\030\007y\030\0076h\203q\220\207|\200\007zx\0076h\003rx\007z\200\007yx\007r`\20360\207z`\007v0\007x\210\003;`\2036@\207{ \207t\260\2076\b\007yh\0076h\003w(\207wp\0076h\003y\b\207y\000\210zp\207y\b\007s(\20760\007xh\203v\b\007z@\007\300\034\302\201\035\346\241\034\000\242\036\346\241\034\332`\036\336\301\034\350\241\r\314\201\035\336!\034\350\0010\207p`\207y(\007`\003B\374\377\377\377\377\000\030\200\004L\000\000I\030\000\000\003\000\000\000\023\202`B L\b\206\t\001\001\000\211 \000\000\r\000\000\0002\"\b\t d\205\004\023\"\244\204\004\023\"\343\204\241\220\024\022L\210\214\013\204\204L\0200s\004`@0\002P\002\241)\001P\025\001\200\256\b\002\224\003\001\000\023.z@\207zh\007q\260\207;(\207vh\203p\220\207vh\003wx\007w(\2076(\207p\020\207t\330\360\006\345\320\006\355\240\007\345\320\006\360\240\007s \007z0\007r\320\006\351`\007t\240\007v@\007m`\017q \007x\240\007v@\007z\020\007r\200\007m\020\016z\000\007z0\007r\320\006\3560\007r\320\006\263`\007t\240\364\200\020!\001d\310H\021\021@#\204\311)\344r\275\246\362\361\213\234\236\303\331\341\274k\274\003\002\024@P\200\001\b\000\001\000\000 \330\001)\r (\300\000\004\200\000\000\000\020\f\221.f \005\000\b\000 \000\004\000\000\000 \030\"\215\001R\220B\000\b\000\000\000\002\000\000\000\000\f\221\326\3409H!\000\004\000\000\000\001\000\000\000\000\206Hz\220\f\244\020\000\002\000\000\200\000\000\000\000\000C\244Qp\022R\b\000\001\000\000@\000\000\000\000\200!R, \005)\004\200\000\000\000 \000\000\000\000\300\020)\027\236\201\024\000`\000\200\000\020\000\000\000\200@b\203@a$\002\000\200,\020\000\006\000\000\0002\036\230\020\031\021L\220\214\t&G\306\004C\202\021\200\"(\203\022\000\000\261\030\000\000t\000\000\0003\b\200\034\304\341\034f\024\001=\210C8\204\303\214B\200\007yx\007s\230q\f\346\000\017\355\020\016\364\200\0163\fB\036\302\301\035\316\241\034f0\005=\210C8\204\203\033\314\003=\310C=\214\003=\314x\214tp\007{\b\007yH\207pp\007zp\003vx\207p \207\031\314\021\016\354\220\016\3410\017n0\017\343\360\016\360P\0163\020\304\035\336!\034\330!\035\302a\036f0\211;\274\203;\320C9\264\003<\274\203<\204\003;\314\360\024v`\007{h\0077h\207rh\0077\200\207p\220\207p`\007v(\007v\370\005vx\207w\200\207_\b\207q\030\207r\230\207y\230\201,\356\360\016\356\340\016\365\300\016\3540\003b\310\241\034\344\241\034\314\241\034\344\241\034\334a\034\312!\034\304\201\035\312a\006\326\220C9\310C9\230C9\310C9\270\3038\224C8\210\003;\224\303/\274\203<\374\202;\324\003;\260\303\f\307i\207pX\207rp\203th\007x`\207t\030\207t\240\207\031\316S\017\356\000\017\362P\016\344\220\016\343@\017\341 \016\354P\0163 (\035\334\301\036\302A\036\322!\034\334\201\036\334\340\034\344\341\035\352\001\036f\030Q8\260C:\234\203;\314P$v`\007{h\0077`\207wx\007x\230QL\364\220\017\360P\0163\036j\036\312a\034\350!\035\336\301\035~\001\036\344\241\034\314!\035\360a\006T\205\2038\314\303;\260C=\320C9\374\302<\344C;\210\303;\260\303\214\305\n\207y\230\207w\030\207t\b\007z(\007r\230\201\\\343\020\016\354\300\016\345P\016\3630#\301\322A\036\344\341\027\330\341\035\336\001\036\000\000\000\000y \000\000\301\000\000\000b\036H C\210\f\0319\031$\220\221@\306\310\310h\"P\b\0242\236\030\031!G\310\220Q\224\250\262\001\000P+\340A\003\261\001\302(f\320 \215\2444\222\004\000\000\000../Src\\display.cF:\\SkyDrive\\OtvoreniProjekti\\HotelSaplast\\fw\\RoomThermostat\\DE-301018\\MDK-ARMComponent: ARM Compiler 6.10.1 Tool: armclang [5d143200]display_flags../Src/display.cC:\\Keil\\ARM\\ARMCLANG\\Bin\\..\\include\\stdint.huint32_tunsigned inthBUTTON_Ok../Middlewares/ST/STemWin/inc/BUTTON.hBUTTON_Handlelong intDwarf VersionDebug Info Versionwchar_sizestatic_rwdataenumsize_buildattrarmlib_unavailable\000\000\000\246_\000\000\000\000\000\0000\202\000(#\b\3002\202\0000#\b@2\0333d\004\000\006c@\006@\000\000\300l\314\220%\000\030|g\000\004\000\000\f5\005\2146\004\000\000\004\033\000|\000\000\004\0000P\001\004\002\000\314\000L\027\030S\006\003\200qS\006\003pq3\b\2357P\001\024\002\000\fT\000\206\000\000\363\030\000\031 `\000\034\0235\200u\204\001(\000b\000\000\000\000\000\0235@\035\000\000\000\214\001\000\000\000\000\fT\000\212\000\000\363\030\000\0310`\000\024\0235\200\265\224\301<\000f\000\000\000\000\0003\fSC\3150L\0165\303P=\323\fC\005U3\fUT\3150T\2225C0\314\020\0003\021\002\360\006\300y\000\307q\234:\220\203H\270\001d\241\001\032pn\340\006\240\000\017\352\340\006\240\000\017b \006b \006b \006\226%#\201\t\312\205\215\315\256\315\205L\354\314e\254n\224\000\313\210\215\315\256\315\245\355\215\254\216\255\314\305\214-\354ln\024\343\f\320 \r\324`\r\330 \02566\2736\2274\26227\272Q\2026\0302\030\000\200\0332\030\002\240\003\251\030\000\000\023\000\000\000\013\nr(\207w\200\007zXp\230C=\270\3038\260C9\320\303\202\346\034\306\241\r\350A\036\302\301\035\346!\035\350!\035\336\301\035\026(\342P\016\346\360\016\362P\016\351\340\016\363@\017\013\222p0\007z(\007yH\007w\230\007z\000\321\020\000\000\006\000\000\000\007\314<\244\203;\234\003;\224\003=\240\203<\224C8\220\303\001\000\000\000a \000\0005\000\000\000\023\004A,\020\000\000\000\002\000\000\000\004\025\b\b\b\001\000\000\3610\000\000\f\000\000\000\"G\310\220Q\006\004\004\f\000\000\000DISPLAY_Init\253\252\001\f\342\000\000\0036\200\003 h\003\000\000@$\310\000`\003\000\000#\006\004\221\222`P,3\006\204\033\024r\000\214\030\024DJ\202\301\261\0303\006\304\033\024r\000\214\030\020DJ\202\301\260\314\030\020pP\310\0010bP\020)\t\006\007C\314\030\020qP\310\0010bP\020)\t\006\311B\314\030\020rP\310\0010b@\020)\t\006\0033c@\314A!\007\300\210\001A\244$\030\024\312\214\001A\007\205\034\0008c@\324A \007@@\f\000\002\000\000\000[\004 \016\000\000\000\000\000\000\000\000a \000\000\027\000\000\000\023\004A<\f\000\000\000\r\000\000\000\"G\310\220Q\006\304\004\017\000\000\000DISPLAY_Service\000\253\252\001\f\342\000\000\003<\200\003 \310\003\000\000@$\310\000`\003\000\0008c@\354A \007@@\f\000\000\002\000\000\000[\004 \016\000\000\000\000\000\000\000\000q \000\000\003\000\000\0002\016\020\"\204\002\370\007\210\360\212\000\000\000\000\000e\f\000\000M\000\000\000\022\003\224h\002\000\000\000\001\000\000\000h\000\000\000\b\000\000\000D\000\000\000\001\000\000\000P\000\000\000\000\000\000\000P\000\000\000\t\000\000\000(\001\000\000\000\000\000\000p\000\000\000\027\000\000\000\207\000\000\000\020\000\000\000\227\000\000\000\000\000\000\000\000\000\000\000\t\000\000\000\000\000\000\000\027\000\000\000\f\000\000\000\027\000\000\000\f\000\000\000\377\377\377\377\001$\000\000#\000\000\000\b\000\000\000#\000\000\000\b\000\000\000\377\377\377\377\b$\000\000+\000\000\000\017\000\000\000+\000\000\000\017\000\000\000\377\377\377\377\b$\000\000:\000\000\000\t\000\000\000:\000\000\000\t\000\000\000\377\377\377\377\b$\000\000C\000\000\000\016\000\000\000C\000\000\000\016\000\000\000\377\377\377\377\b$\000\000Q\000\000\000\b\000\000\000Q\000\000\000\b\000\000\000\377\377\377\377\b$\000\000Y\000\000\000\017\000\000\000Y\000\000\000\017\000\000\000\377\377\377\377\001$\000\000\000\000\000\000\n\000\000\000\000\000\000\000\n\000\000\000\377\377\377\377\001\004\000\000\n\000\000\000\r\000\000\000\n\000\000\000\r\000\000\000\377\377\377\377\001\004\000\000\000\000\000\000]\f\000\000)\000\000\000\022\003\2247\001\000\000\000hBUTTON_Okdisplay_flagsDISPLAY_InitGUI_InitGUI_SelectLayerGUI_ClearGUI_SetBkColorGUI_ExecDISPLAY_Service7.0.0svnthumbv7em-arm-none-eabi../Src/display.c\000\000\000\000"
	.size	.Lllvm.embedded.module, 4896

	.section	.debug_str,"MS",%progbits,1
.Linfo_string0:
	.asciz	"Component: ARM Compiler 6.10.1 Tool: armclang [5d143200]" @ string offset=0
.Linfo_string1:
	.asciz	"../Src\\display.c"     @ string offset=57
.Linfo_string2:
	.asciz	"F:\\SkyDrive\\OtvoreniProjekti\\HotelSaplast\\fw\\RoomThermostat\\DE-301018\\MDK-ARM" @ string offset=74
.Linfo_string3:
	.asciz	"hBUTTON_Ok"            @ string offset=152
.Linfo_string4:
	.asciz	"long int"              @ string offset=163
.Linfo_string5:
	.asciz	"BUTTON_Handle"         @ string offset=172
.Linfo_string6:
	.asciz	"display_flags"         @ string offset=186
.Linfo_string7:
	.asciz	"unsigned int"          @ string offset=200
.Linfo_string8:
	.asciz	"uint32_t"              @ string offset=213
	.section	.debug_abbrev,"",%progbits
	.byte	1                       @ Abbreviation Code
	.byte	17                      @ DW_TAG_compile_unit
	.byte	1                       @ DW_CHILDREN_yes
	.byte	37                      @ DW_AT_producer
	.byte	14                      @ DW_FORM_strp
	.byte	19                      @ DW_AT_language
	.byte	5                       @ DW_FORM_data2
	.byte	3                       @ DW_AT_name
	.byte	14                      @ DW_FORM_strp
	.byte	16                      @ DW_AT_stmt_list
	.byte	6                       @ DW_FORM_data4
	.byte	27                      @ DW_AT_comp_dir
	.byte	14                      @ DW_FORM_strp
	.ascii	"\264B"                 @ DW_AT_GNU_pubnames
	.byte	12                      @ DW_FORM_flag
	.byte	0                       @ EOM(1)
	.byte	0                       @ EOM(2)
	.byte	2                       @ Abbreviation Code
	.byte	52                      @ DW_TAG_variable
	.byte	0                       @ DW_CHILDREN_no
	.byte	3                       @ DW_AT_name
	.byte	14                      @ DW_FORM_strp
	.byte	73                      @ DW_AT_type
	.byte	19                      @ DW_FORM_ref4
	.byte	63                      @ DW_AT_external
	.byte	12                      @ DW_FORM_flag
	.byte	58                      @ DW_AT_decl_file
	.byte	11                      @ DW_FORM_data1
	.byte	59                      @ DW_AT_decl_line
	.byte	11                      @ DW_FORM_data1
	.byte	0                       @ EOM(1)
	.byte	0                       @ EOM(2)
	.byte	3                       @ Abbreviation Code
	.byte	22                      @ DW_TAG_typedef
	.byte	0                       @ DW_CHILDREN_no
	.byte	73                      @ DW_AT_type
	.byte	19                      @ DW_FORM_ref4
	.byte	3                       @ DW_AT_name
	.byte	14                      @ DW_FORM_strp
	.byte	58                      @ DW_AT_decl_file
	.byte	11                      @ DW_FORM_data1
	.byte	59                      @ DW_AT_decl_line
	.byte	11                      @ DW_FORM_data1
	.byte	0                       @ EOM(1)
	.byte	0                       @ EOM(2)
	.byte	4                       @ Abbreviation Code
	.byte	36                      @ DW_TAG_base_type
	.byte	0                       @ DW_CHILDREN_no
	.byte	3                       @ DW_AT_name
	.byte	14                      @ DW_FORM_strp
	.byte	62                      @ DW_AT_encoding
	.byte	11                      @ DW_FORM_data1
	.byte	11                      @ DW_AT_byte_size
	.byte	11                      @ DW_FORM_data1
	.byte	0                       @ EOM(1)
	.byte	0                       @ EOM(2)
	.byte	5                       @ Abbreviation Code
	.byte	53                      @ DW_TAG_volatile_type
	.byte	0                       @ DW_CHILDREN_no
	.byte	73                      @ DW_AT_type
	.byte	19                      @ DW_FORM_ref4
	.byte	0                       @ EOM(1)
	.byte	0                       @ EOM(2)
	.byte	0                       @ EOM(3)
	.section	.debug_info,"",%progbits
.Lcu_begin0:
	.long	93                      @ Length of Unit
	.short	3                       @ DWARF version number
	.long	.debug_abbrev           @ Offset Into Abbrev. Section
	.byte	4                       @ Address Size (in bytes)
	.byte	1                       @ Abbrev [1] 0xb:0x56 DW_TAG_compile_unit
	.long	.Linfo_string0          @ DW_AT_producer
	.short	12                      @ DW_AT_language
	.long	.Linfo_string1          @ DW_AT_name
	.long	.Lline_table_start0     @ DW_AT_stmt_list
	.long	.Linfo_string2          @ DW_AT_comp_dir
	.byte	1                       @ DW_AT_GNU_pubnames
	.byte	2                       @ Abbrev [2] 0x1f:0xc DW_TAG_variable
	.long	.Linfo_string3          @ DW_AT_name
	.long	43                      @ DW_AT_type
	.byte	1                       @ DW_AT_external
	.byte	2                       @ DW_AT_decl_file
	.byte	31                      @ DW_AT_decl_line
	.byte	3                       @ Abbrev [3] 0x2b:0xb DW_TAG_typedef
	.long	54                      @ DW_AT_type
	.long	.Linfo_string5          @ DW_AT_name
	.byte	1                       @ DW_AT_decl_file
	.byte	115                     @ DW_AT_decl_line
	.byte	4                       @ Abbrev [4] 0x36:0x7 DW_TAG_base_type
	.long	.Linfo_string4          @ DW_AT_name
	.byte	5                       @ DW_AT_encoding
	.byte	4                       @ DW_AT_byte_size
	.byte	2                       @ Abbrev [2] 0x3d:0xc DW_TAG_variable
	.long	.Linfo_string6          @ DW_AT_name
	.long	73                      @ DW_AT_type
	.byte	1                       @ DW_AT_external
	.byte	2                       @ DW_AT_decl_file
	.byte	35                      @ DW_AT_decl_line
	.byte	5                       @ Abbrev [5] 0x49:0x5 DW_TAG_volatile_type
	.long	78                      @ DW_AT_type
	.byte	3                       @ Abbrev [3] 0x4e:0xb DW_TAG_typedef
	.long	89                      @ DW_AT_type
	.long	.Linfo_string8          @ DW_AT_name
	.byte	3                       @ DW_AT_decl_file
	.byte	64                      @ DW_AT_decl_line
	.byte	4                       @ Abbrev [4] 0x59:0x7 DW_TAG_base_type
	.long	.Linfo_string7          @ DW_AT_name
	.byte	7                       @ DW_AT_encoding
	.byte	4                       @ DW_AT_byte_size
	.byte	0                       @ End Of Children Mark
	.section	.debug_ranges,"",%progbits
	.section	.debug_macinfo,"",%progbits
.Lcu_macro_begin0:
	.byte	0                       @ End Of Macro List Mark
	.section	.debug_pubnames,"",%progbits
	.long	.LpubNames_end0-.LpubNames_begin0 @ Length of Public Names Info
.LpubNames_begin0:
	.short	2                       @ DWARF Version
	.long	.Lcu_begin0             @ Offset of Compilation Unit Info
	.long	97                      @ Compilation Unit Length
	.long	61                      @ DIE offset
	.asciz	"display_flags"         @ External Name
	.long	31                      @ DIE offset
	.asciz	"hBUTTON_Ok"            @ External Name
	.long	0                       @ End Mark
.LpubNames_end0:
	.section	.debug_pubtypes,"",%progbits
	.long	.LpubTypes_end0-.LpubTypes_begin0 @ Length of Public Types Info
.LpubTypes_begin0:
	.short	2                       @ DWARF Version
	.long	.Lcu_begin0             @ Offset of Compilation Unit Info
	.long	97                      @ Compilation Unit Length
	.long	43                      @ DIE offset
	.asciz	"BUTTON_Handle"         @ External Name
	.long	78                      @ DIE offset
	.asciz	"uint32_t"              @ External Name
	.long	89                      @ DIE offset
	.asciz	"unsigned int"          @ External Name
	.long	54                      @ DIE offset
	.asciz	"long int"              @ External Name
	.long	0                       @ End Mark
.LpubTypes_end0:

	.ident	"Component: ARM Compiler 6.10.1 Tool: armclang [5d143200]"
	.section	".note.GNU-stack","",%progbits
	.ARM_attribute	16, 1	@ Tag_AV_eba
	.section	.debug_line,"",%progbits
.Lline_table_start0:
