	.text
	.syntax unified
	.eabi_attribute	67, "2.09"	@ Tag_conformance
	.cpu	cortex-m7
	.eabi_attribute	6, 13	@ Tag_CPU_arch
	.eabi_attribute	7, 77	@ Tag_CPU_arch_profile
	.eabi_attribute	8, 0	@ Tag_ARM_ISA_use
	.eabi_attribute	9, 2	@ Tag_THUMB_ISA_use
	.fpu	fpv5-sp-d16
	.eabi_attribute	27, 1	@ Tag_ABI_HardFP_use
	.eabi_attribute	36, 1	@ Tag_FP_HP_extension
	.eabi_attribute	34, 1	@ Tag_CPU_unaligned_access
	.eabi_attribute	17, 1	@ Tag_ABI_PCS_GOT_use
	.eabi_attribute	20, 2	@ Tag_ABI_FP_denormal
	.eabi_attribute	21, 0	@ Tag_ABI_FP_exceptions
	.eabi_attribute	23, 1	@ Tag_ABI_FP_number_model
	.eabi_attribute	24, 1	@ Tag_ABI_align_needed
	.eabi_attribute	25, 1	@ Tag_ABI_align_preserved
	.eabi_attribute	28, 1	@ Tag_ABI_VFP_args
	.eabi_attribute	38, 1	@ Tag_ABI_FP_16bit_format
	.eabi_attribute	18, 2	@ Tag_ABI_PCS_wchar_t
	.eabi_attribute	26, 1	@ Tag_ABI_enum_size
	.eabi_attribute	14, 0	@ Tag_ABI_PCS_R9_use
	.file	"GUI_X.c"
	.file	1 "../Middlewares/ST/STemWin/OS" "GUI_X.c"
	.type	.Lllvm.embedded.module,%object @ @llvm.embedded.module
	.section	.llvmbc,"a",%progbits
	.p2align	4
.Lllvm.embedded.module:
	.asciz	"BC\300\3365\024\000\000\005\000\000\000b\f0$LY\276\346\356\323>-U\215\020\005\310\024\000\000!\f\000\000\300\005\000\000\013\002!\000\002\000\000\000\023\000\000\000\007\201#\221A\310\004I\006\02029\222\001\204\f%\005\b\031\036\004\213b\200\024E\002B\222\013B\244\0202\0248\b\030K\n2R\210H\220\024 CF\210\245\000\0312B\344H\016\220\221\"\304PAQ\201\214\341\203\345\212\004)F\006Q\030\000\000\332\002\000\000\033\364'\370\377\377\377\377\0010\0008\000$`\"\306\341\035\344A\036\312a\034\350\201\035\362\241\r\344\341\035\352\301\035\310\241\034\310\241\r\310!\035\354!\035\310\241\034\332`\036\342A\036\350\241\r\314\001\036\332\240\035\302\201\036\320\0010\207p`\207y(\007\200 \207rp\207w\220\207v\b\007vh\003s\200\2076h\207p\240\007t\000\340A\036\312a\036\312A\036\354\241\034\332`\036\322\341\034\334\001 \310!\035\346!\034\304\201\035\312\241\r\350!\034\322\201\035\332`\034\302\201\035\330a\036\000s\b\007v\230\207r\000\bv(\207y\230\2076\200\007y(\207qH\207y(\20760\007xh\207p \007\300\034\302\201\035\346\241\034\000\302\035\336\241\r\314A\036\302\241\035\312\241\r\340\341\035\322\301\035\350\241\034\344\241\r\312\201\035\322\241\035\000s\b\007v\230\207r\000\bwx\2076H\007w0\207yh\003s\200\2076h\207p\240\007t\000\350A\036\352\241\034\000\302\035\336\241\r\324\241\036\332\001\036\332\200\036\302A\034\330\241\034\346\0010\207p`\207y(\007\200p\207wh\003w\b\007w\230\20760\007xh\203v\b\007z@\007\200\036\344\241\036\312\001 \334\341\035\332`\036\322\341\034\334\241\034\310\241\r\364\241\034\344\341\035\346\241\r\314\001\036\332\240\035\302\201\036\320\001\240\007y\250\207r\000\bwx\2076\240\007y\b\007x\200\207tp\207sh\203v\b\007z@\007\200\036\344\241\036\312\001 \346\201\036\302a\034\326\241\r\340A\036\336\201\036\312a\034\350\341\035\344\241\r\304\241\036\314\301\034\312A\036\332`\036\322A\037\312\001\300\003\200\240\207p\220\207s(\007zh\203q\200\207z\000\306\341\035\344\201\036\312\001\037\332\240\035\356\000 \350!\034\344\341\034\312\201\036\332\300\034\312!\034\350\241\036\344\241\034\346\001X\003r\210\003;`\2035 \207y\200\0076X\003s\200\2076\b\007yh\007{\300\0036X\003s\200\2076x\007w`\207|h\203y\200\0076X\003t\270\007rH\007{`\2035\240\007t\250\207v\020\2076h\207w \207r`\2036\030\007y\030\0076h\203q\220\207|\200\007zx\0076h\003rx\007z\200\007yx\007r`\20360\207z`\007v0\007x\210\003;`\2036@\207{ \207t\260\2076\b\007yh\0076h\003w(\207wp\0076h\003y\b\207y\000\210zp\207y\b\007s(\20760\007xh\203v\b\007z@\007\300\034\302\201\035\346\241\034\000\242\036\346\241\034\332`\036\336\301\034\350\241\r\314\201\035\336!\034\350\0010\207p`\207y(\007`\003\376\b\377\377\377\377?\000\006 \001\0231\016\357 \017\362P\016\343@\017\354\220\017m \017\357P\017\356@\016\345@\016m@\016\351`\017\351@\016\345\320\006\363\020\017\362@\017m`\016\360\320\006\355\020\016\364\200\016\2009\204\003;\314C9\000\0049\224\203;\274\203<\264C8\260C\033\230\003<\264A;\204\003=\240\003\000\017\362P\016\363P\016\362`\017\345\320\006\363\220\016\347\340\016\000A\016\3510\017\341 \016\354P\016m@\017\341\220\016\354\320\006\343\020\016\354\300\016\363\000\230C8\260\303<\224\003@\260C9\314\303<\264\001<\310C9\214C:\314C9\264\2019\300C;\204\0039\000\346\020\016\3540\017\345\000\020\356\360\016m`\016\362\020\016\355P\016m\000\017\357\220\016\356@\017\345 \017mP\016\354\220\016\355\000\230C8\260\303<\224\003@\270\303;\264A:\270\2039\314C\033\230\003<\264A;\204\003=\240\003@\017\362P\017\345\000\020\356\360\016m\240\016\365\320\016\360\320\006\364\020\016\342\300\016\3450\017\2009\204\003;\314C9\000\204;\274C\033\270C8\270\303<\264\2019\300C\033\264C8\320\003:\000\364 \017\365P\016\000\341\016\357\320\006\363\220\016\347\340\016\345@\016m\240\017\345 \017\3570\017m`\016\360\320\006\355\020\016\364\200\016\000=\310C=\224\003@\270\303;\264\001=\310C8\300\003<\244\203;\234C\033\264C8\320\003:\000\364 \017\365P\016\0001\017\364\020\016\343\260\016m\000\017\362\360\016\364P\016\343@\017\357 \017m \016\365`\016\346P\016\362\320\006\363\220\016\372P\016\000\036\000\004=\204\203<\234C9\320C\033\214\003<\324\0030\016\357 \017\364P\016\370\320\006\355p\007\000A\017\341 \017\347P\016\364\320\006\346P\016\341@\017\365 \017\3450\017\300\032\220C\034\330\001\033\254\0019\314\003<\260\301\032\230\003<\264A8\310C;\330\003\036\260\301\032\230\003<\264\301;\270\003;\344C\033\314\003<\260\301\032\240\303=\220C:\330\003\033\254\001=\240C=\264\2038\264A;\274\0039\224\003\033\264\3018\310\3038\260A\033\214\203<\344\003<\320\303;\260A\033\220\303;\320\003<\310\303;\220\003\033\264\2019\324\003;\260\2039\300C\034\330\001\033\264\001:\334\0039\244\203=\264A8\310C;\260A\033\270C9\274\203;\260A\033\310C8\314\003@\324\203;\314C8\230C9\264\2019\300C\033\264C8\320\003:\000\346\020\016\3540\017\345\000\020\3650\017\345\320\006\363\360\016\346@\017m`\016\354\360\016\341@\017\2009\204\003;\314C9\000\033\370g\370\377\377\377\377\0010\0008\000$`\002(b\034\336A\036\344\241\034\306\201\036\330!\037\332@\036\336\241\036\334\201\034\312\201\034\332\200\034\322\301\036\322\201\034\312\241\r\346!\036\344\201\036\332\300\034\340\241\r\332!\034\350\001\035\000s\b\007v\230\207r\000\br(\007wx\007yh\207p`\20760\007xh\203v\b\007z@\007\000\036\344\241\034\346\241\034\344\301\036\312\241\r\346!\035\316\301\035\000\202\034\322a\036\302A\034\330\241\034\332\200\036\302!\035\330\241\r\306!\034\330\201\035\346\0010\207p`\207y(\007\200`\207r\230\207yh\003x\220\207r\030\207t\230\207rh\003s\200\207v\b\007r\000\314!\034\330a\036\312\001 \334\341\035\332\300\034\344!\034\332\241\034\332\000\036\336!\035\334\201\036\312A\036\332\240\034\330!\035\332\0010\207p`\207y(\007\200p\207wh\203tp\007s\230\20760\007xh\203v\b\007z@\007\200\036\344\241\036\312\001 \334\341\035\332@\035\352\241\035\340\241\r\350!\034\304\201\035\312a\036\000s\b\007v\230\207r\000\bwx\2076p\207pp\207yh\003s\200\2076h\207p\240\007t\000\350A\036\352\241\034\000\302\035\336\241\r\346!\035\316\301\035\312\201\034\332@\037\312A\036\336a\036\332\300\034\340\241\r\332!\034\350\001\035\000z\220\207z(\007\200p\207wh\003z\220\207p\200\007xH\007w8\2076h\207p\240\007t\000\350A\036\352\241\034\000b\036\350!\034\306a\035\332\000\036\344\341\035\350\241\034\306\201\036\336A\036\332@\034\352\301\034\314\241\034\344\241\r\346!\035\364\241\034\000<\000\bz\b\007y8\207r\240\2076\030\007x\250\007`\034\336A\036\350\241\034\360\241\r\332\341\016\000\202\036\302A\036\316\241\034\350\241\r\314\241\034\302\201\036\352A\036\312a\036\2005 \2078\260\0036X\003r\230\007x`\20350\007xh\203p\220\207v\260\007<`\20350\007xh\203wp\007v\310\2076\230\007x`\2035@\207{ \207t\260\0076X\003z@\207zh\007qh\203vx\007r(\0076h\203q\220\207q`\2036\030\007y\310\007x\240\207w`\2036 \207w\240\007x\220\207w \0076h\003s\250\007v`\007s\200\2078\260\0036h\003t\270\007rH\007{h\203p\220\207v`\2036p\207rx\007w`\2036\220\207p\230\007\200\250\007w\230\207p0\207rh\003s\200\2076h\207p\240\007t\000\314!\034\330a\036\312\001 \352a\036\312\241\r\346\341\035\314\201\036\332\300\034\330\341\035\302\201\036\000s\b\007v\230\207r\0006\350\017\361\377\377\377\377\003`\000\0220\001\0241\016\357 \017\362P\016\343@\017\354\220\017m \017\357P\017\356@\016\345@\016m@\016\351`\017\351@\016\345\320\006\363\020\017\362@\017m`\016\360\320\006\355\020\016\364\200\016\2009\204\003;\314C9\000\0049\224\203;\274\203<\264C8\260C\033\230\003<\264A;\204\003=\240\003\000\017\362P\016\363P\016\362`\017\345\320\006\363\220\016\347\340\016\000A\016\3510\017\341 \016\354P\016m@\017\341\220\016\354\320\006\343\020\016\354\300\016\363\000\230C8\260\303<\224\003@\260C9\314\303<\264\001<\310C9\214C:\314C9\264\2019\300C;\204\0039\000\346\020\016\3540\017\345\000\020\356\360\016m`\016\362\020\016\355P\016m\000\017\357\220\016\356@\017\345 \017mP\016\354\220\016\355\000\230C8\260\303<\224\003@\270\303;\264A:\270\2039\314C\033\230\003<\264A;\204\003=\240\003@\017\362P\017\345\000\020\356\360\016m\240\016\365\320\016\360\320\006\364\020\016\342\300\016\3450\017\2009\204\003;\314C9\000\204;\274C\033\270C8\270\303<\264\2019\300C\033\264C8\320\003:\000\364 \017\365P\016\000\341\016\357\320\006\363\220\016\347\340\016\345@\016m\240\017\345 \017\3570\017m`\016\360\320\006\355\020\016\364\200\016\000=\310C=\224\003@\270\303;\264\001=\310C8\300\003<\244\203;\234C\033\264C8\320\003:\000\364 \017\365P\016\0001\017\364\020\016\343\260\016m\000\017\362\360\016\364P\016\343@\017\357 \017m \016\365`\016\346P\016\362\320\006\363\220\016\372P\016\000\036\000\004=\204\203<\234C9\320C\033\214\003<\324\0030\016\357 \017\364P\016\370\320\006\355p\007\000A\017\341 \017\347P\016\364\320\006\346P\016\341@\017\365 \017\3450\017\300\032\220C\034\330\001\033\254\0019\314\003<\260\301\032\230\003<\264A8\310C;\330\003\036\260\301\032\230\003<\264\301;\270\003;\344C\033\314\003<\260\301\032\240\303=\220C:\330\003\033\254\001=\240C=\264\2038\264A;\274\0039\224\003\033\264\3018\310\3038\260A\033\214\203<\344\003<\320\303;\260A\033\220\303;\320\003<\310\303;\220\003\033\264\2019\324\003;\260\2039\300C\034\330\001\033\264\001:\334\0039\244\203=\264A8\310C;\260A\033\270C9\274\203;\260A\033\310C8\314\003@\324\203;\314C8\230C9\264\2019\300C\033\264C8\320\003:\000\346\020\016\3540\017\345\000\020\3650\017\345\320\006\363\360\016\346@\017m`\016\354\360\016\341@\017\2009\204\003;\314C9\000\033\210\"\000\226\r\210\361\377\377\377\377\003 \001\024P\007\000I\030\000\000\004\000\000\000\023\202`B L\b\206\t\002QL\b\f\000\000\211 \000\000\022\000\000\0002\"H\t d\205\004\223\"\244\204\004\223\"\343\204\241\220\024\022L\212\214\013\204\244L\020Ls\004`@\240\004\200\304\b@\021\b\240R\002Bg\216\000\241T\004\242h\r\004\024\202\264\326\310\315\021\200\302\024\300\034A\000\000\000\023.z@\207zh\007q\260\207;(\207vh\203p\220\207vh\003wx\007w(\2076(\207p\020\207t\330\360\006\345\320\006\355\240\007\345\320\006\360\240\007s \007z0\007r\320\006\351`\007t\240\007v@\007m`\017q \007x\240\007v@\007z\020\007r\200\007m\020\016z\000\007z0\007r\320\006\3560\007r\320\006\263`\007t\240\364\200\020!\001d\310H\021\021@#\204\311)\031\270\\\257f\232Lf\227\357ayy\376\232R_Sj\271}M\273_\317\351\353XM~\261\256\361\016\bH\000A\001\006 \000\000\000\000\200`\210\2244\002)\000@\000\000\001 \000\000\000\000\301\020\311Z\nR\000\000\001\000\002@\000\000\000\000\202!R\030(\007)\000\300\000\000\001 \000\000\000\000\301\020i\r\234\203\024\000`\000\200\000\020\000\000\000\200`\210\224\007\311B\n\000@\000@\000\b\000\000\000@0D\022\005e!\005\000 \000 \000\004\000\000\000 \030\"\261\202\263\220\002\000\020\000\020\000\002\000\000\000\020\f\221t\301q\200\000(\000\000\000\000\000\000\000\000\220\330 P\370\267\000\000 \013\004\000\007\000\000\0002\036\230\020\031\021L\220\214\t&G\306\004C\002#\000EP\006%@p\004\000\000\000\261\030\000\000t\000\000\0003\b\200\034\304\341\034f\024\001=\210C8\204\303\214B\200\007yx\007s\230q\f\346\000\017\355\020\016\364\200\0163\fB\036\302\301\035\316\241\034f0\005=\210C8\204\203\033\314\003=\310C=\214\003=\314x\214tp\007{\b\007yH\207pp\007zp\003vx\207p \207\031\314\021\016\354\220\016\3410\017n0\017\343\360\016\360P\0163\020\304\035\336!\034\330!\035\302a\036f0\211;\274\203;\320C9\264\003<\274\203<\204\003;\314\360\024v`\007{h\0077h\207rh\0077\200\207p\220\207p`\007v(\007v\370\005vx\207w\200\207_\b\207q\030\207r\230\207y\230\201,\356\360\016\356\340\016\365\300\016\3540\003b\310\241\034\344\241\034\314\241\034\344\241\034\334a\034\312!\034\304\201\035\312a\006\326\220C9\310C9\230C9\310C9\270\3038\224C8\210\003;\224\303/\274\203<\374\202;\324\003;\260\303\f\307i\207pX\207rp\203th\007x`\207t\030\207t\240\207\031\316S\017\356\000\017\362P\016\344\220\016\343@\017\341 \016\354P\0163 (\035\334\301\036\302A\036\322!\034\334\201\036\334\340\034\344\341\035\352\001\036f\030Q8\260C:\234\203;\314P$v`\007{h\0077`\207wx\007x\230QL\364\220\017\360P\0163\036j\036\312a\034\350!\035\336\301\035~\001\036\344\241\034\314!\035\360a\006T\205\2038\314\303;\260C=\320C9\374\302<\344C;\210\303;\260\303\214\305\n\207y\230\207w\030\207t\b\007z(\007r\230\201\\\343\020\016\354\300\016\345P\016\3630#\301\322A\036\344\341\027\330\341\035\336\001\036\000\000\000\000y \000\000\260\000\000\000b\036H C\210\f\0319\031$\220\221@\306\310\310h\"P\b\0242\236\030\031!G\310\220Q\204 t\001\000d\320\nx\220\220\301\320HJ#IOD\004\000../Middlewares/ST/STemWin/OS\\GUI_X.cF:\\SkyDrive\\OtvoreniProjekti\\HotelSaplast\\fw\\RoomThermostat\\DE-301018\\MDK-ARMComponent: ARM Compiler 6.10.1 Tool: armclang [5d143200]OS_TimeMS../Middlewares/ST/STemWin/OS/GUI_X.cintDwarf VersionDebug Info Versionwchar_sizestatic_rwdataenumsize_buildattrarmlib_unavailableomnipotent charSimple C/C++ TBAAchars\206^\000\000\000\000\000\0000\202\000(#\b\3002\202\0000#\b@2\202\0005\2631\303E\000\335\036|@\000\000\300PS\300`C\000\000@\220\001\000\007\000@\000\000\003\025@ \000\300\f\300t\2011e0\000\2266C\260\rT\000\205\000\000\363\030\000\031\030`\000\024\0235@\035\000\000\000x\000\000\000\0000\303\020\035\322\fC\204H3\fS\022\3150L\3124\3030-\323\f\303\304P3\004\303\f\2013\303\320\234A5\303`\240A5\303\220\006iP\315\020\0003\021\002\260\006\300<\006@\006\017\002 \0235\200\031\000\000\000\264\001\000\000\000\000L\324\000\017\000\000\200\033\200\001\000\000\0000\203\000\274\301L\204\000\300\001pa\000p\034\307q\276 \022n\000Yh`\271\001(\220\203\030\210\201\030\210\201\030\210\201e\241\001\032\270\201\345\006z\240\016\352 \0062\022\230\240\\\330\330\354\332\\\310\304\316\\\306\352F\t\254\214\330\330\354\332\\\332\336\310\352\330\312\\\314\330\302\316\346F1>0\b\0031\030\0032H\205\215\315\256\315%\215\254\314\215n\224\240\f\206\f\006\000\320\000\251\030\000\000\023\000\000\000\013\nr(\207w\200\007zXp\230C=\270\3038\260C9\320\303\202\346\034\306\241\r\350A\036\302\301\035\346!\035\350!\035\336\301\035\026(\342P\016\346\360\016\362P\016\351\340\016\363@\017\013\222p0\007z(\007yH\007w\230\007z\000\321\020\000\000\006\000\000\000\007\314<\244\203;\234\003;\224\003=\240\203<\224C8\220\303\001\000\000\000a \000\000\035\000\000\000\023\004A<\f\000\000\000\017\000\000\000\"G\310\220Q\006D\004\r\000\000\000GUI_X_GetTime\000\000\000\253\252\241\223\003\240C\205:\000\202T\000\000\000D\202\013\0002\000\330\020x\233\b\001\240\003\000\000\000\344\2009c@\250B2\007@\0063\006\204*\bs\000\004\304\000\000\000\000\003\000\000\000[\004@\016\266\f@\220\006\000\000\000\000\000\000\000a \000\000K\000\000\000\023\004C<\f\000\000\000\037\000\000\000\"G\310\220Q\016D\005\213@\000\000GUI_X_DelaymstEnd\000\000\000\253\252\241\223\003\240s\005<\000\202W\000\000\000D\202\013\000\366\000\000V\fv\300\007}\260A\000\274M\204\000\334\0010.\021\352`\016:W\360\002\000\030\227\bu@\007\035,x\000\000l\020\362@\017d\036H C\210\f\231\212\005\001:\000*\026@\350\000\230 \000\316\004\001\200\000\000\000#\006\007\000\202`\340\034\262\377\377\377?\334\376\377\377\377`\377\377\377\377\303\214\001\341\nV\035\000\364\2009c@\300BS\007\200\005\002\bf\f\bX\270\352\000\03018\000\020\004\003'\231\375\377\377\377\001\367\377\377\377\007\374\377\377\377\037f\f\bX0\352\000\230%\bf\f\210X\020\352\000\240\b\314\031\003\"\026\242:\000\206\033\204\300\ff\f\210X\340\352\000\230e\b\204`\306\200\210\005\241\016\000\2341 d!\250\003  \006\005\000\000\000[\004\200\016\266\fA\220\006[\206\"H\203-\303!\325\001\000\000\000\000\000a \000\000\026\000\000\000\023\004A<\f\000\000\000\f\000\000\000\"G\310\220Q\006\204\003\n\000\000\000GUI_X_Init\000\000\253\252\241\223\003\240\363\0056\000\002_\000\000\000D\202\013\0002\000\000\000\0008c@\370\0026\007@@\f\000\000\002\000\000\000[\004@\016\000\000\000\000\000\000\000\000a \000\000\027\000\000\000\023\004A<\f\000\000\000\r\000\000\000\"G\310\220Q\006\204\004\016\000\000\000GUI_X_ExecIdle\000\000\253\252\241\223\003\240K\0076\000\202t\000\000\000D\202\013\0002\000\000\000\0008c@\244\0037\007@@\f\000\000\002\000\000\000[\004@\016\000\000\000\000\000\000\000\000a \000\000#\000\000\000\023\004A<\f\000\000\000\021\000\000\000\"G\310\220Q\006D\003\t\000\000\000GUI_X_Log\000\000\000\253\252\241\223\003\240\313\2078\000\202|\000\000\000D\202\013\000\352\000\000\306%\302\034@]>\274A\000\000\033\002:\230 (\016\000\000\000\000#\006\007\000\202`\340\034\272\377\377\377?\360\376\377\377\377`\377\377\377\377\303\214\001\221\017a0\007\000\316\030\020\371p\007s\000\004\304\000\000\002\000\000\000[\004@\016\000\000\000\000\000\000\000\000a \000\000#\000\000\000\023\004A<\f\000\000\000\021\000\000\000\"G\310\220Q\006\204\003\n\000\000\000GUI_X_Warn\000\000\253\252\241\223\003\240\323\2078\000\002}\000\000\000D\202\013\000\352\000\000\306%\302\034@\235>\274A\000\000\033\002:\230 (\016\000\000\000\000#\006\007\000\202`\340\034\272\377\377\377?\360\376\377\377\377`\377\377\377\377\303\214\001\241\017a0\007\000\316\030\020\372p\007s\000\004\304\000\000\002\000\000\000[\004@\016\000\000\000\000\000\000\000\000a \000\000$\000\000\000\023\004A<\f\000\000\000\022\000\000\000\"G\310\220Q\006\204\004\016\000\000\000GUI_X_ErrorOut\000\000\253\252\241\223\003\240\333\2078\000\202}\000\000\000D\202\013\000\352\000\000\306%\302\034@\335>\274A\000\000\033\002:\230 (\016\000\000\000\000#\006\007\000\202`\340\034\272\377\377\377?\360\376\377\377\377`\377\377\377\377\303\214\001\261\017a0\007\000\316\030\020\373p\007s\000\004\304\000\000\002\000\000\000[\004@\016\000\000\000\000\000\000\000\000q \000\000\b\000\000\0002\016\020\"\204\001\262\t(\020\235\200\003\236\nH`\253\200\005\317\nh@\257\200\007\231\013\000\000\000\000\000\000\000e\f\000\000M\000\000\000\022\003\224h\002\000\000\000\001\000\000\000h\000\000\000\b\000\000\000D\000\000\000\001\000\000\000P\000\000\000\000\000\000\000P\000\000\000\t\000\000\000(\001\000\000\000\000\000\000p\000\000\000\027\000\000\000\207\000\000\000$\000\000\000\253\000\000\000\000\000\000\000\000\000\000\000\t\000\000\000\000\000\000\000\t\000\000\000\r\000\000\000\t\000\000\000\r\000\000\000\377\377\377\377\001$\000\000\026\000\000\000\013\000\000\000\026\000\000\000\013\000\000\000\377\377\377\377\001$\000\000!\000\000\000\n\000\000\000!\000\000\000\n\000\000\000\377\377\377\377\001$\000\000+\000\000\000\016\000\000\000+\000\000\000\016\000\000\000\377\377\377\377\001$\000\0009\000\000\000\t\000\000\0009\000\000\000\t\000\000\000\377\377\377\377\001$\000\000B\000\000\000\n\000\000\000B\000\000\000\n\000\000\000\377\377\377\377\001$\000\000L\000\000\000\016\000\000\000L\000\000\000\016\000\000\000\377\377\377\377\001$\000\000Z\000\000\000\016\000\000\000Z\000\000\000\016\000\000\000\377\377\377\377\b,\000\000\000\000\000\000\t\000\000\000\000\000\000\000\t\000\000\000\377\377\377\377\001\004\000\000\000\000\000\000]\f\000\000.\000\000\000\022\003\224k\001\000\000\000OS_TimeMSGUI_X_GetTimeGUI_X_DelayGUI_X_InitGUI_X_ExecIdleGUI_X_LogGUI_X_WarnGUI_X_ErrorOutllvm.dbg.value7.0.0svnthumbv7em-arm-none-eabi../Middlewares/ST/STemWin/OS/GUI_X.c\000\000\000\000"
	.size	.Lllvm.embedded.module, 6436

	.section	.debug_str,"MS",%progbits,1
.Linfo_string0:
	.asciz	"Component: ARM Compiler 6.10.1 Tool: armclang [5d143200]" @ string offset=0
.Linfo_string1:
	.asciz	"../Middlewares/ST/STemWin/OS\\GUI_X.c" @ string offset=57
.Linfo_string2:
	.asciz	"F:\\SkyDrive\\OtvoreniProjekti\\HotelSaplast\\fw\\RoomThermostat\\DE-301018\\MDK-ARM" @ string offset=94
.Linfo_string3:
	.asciz	"OS_TimeMS"             @ string offset=172
.Linfo_string4:
	.asciz	"int"                   @ string offset=182
	.section	.debug_abbrev,"",%progbits
	.byte	1                       @ Abbreviation Code
	.byte	17                      @ DW_TAG_compile_unit
	.byte	1                       @ DW_CHILDREN_yes
	.byte	37                      @ DW_AT_producer
	.byte	14                      @ DW_FORM_strp
	.byte	19                      @ DW_AT_language
	.byte	5                       @ DW_FORM_data2
	.byte	3                       @ DW_AT_name
	.byte	14                      @ DW_FORM_strp
	.byte	16                      @ DW_AT_stmt_list
	.byte	6                       @ DW_FORM_data4
	.byte	27                      @ DW_AT_comp_dir
	.byte	14                      @ DW_FORM_strp
	.ascii	"\264B"                 @ DW_AT_GNU_pubnames
	.byte	12                      @ DW_FORM_flag
	.byte	0                       @ EOM(1)
	.byte	0                       @ EOM(2)
	.byte	2                       @ Abbreviation Code
	.byte	52                      @ DW_TAG_variable
	.byte	0                       @ DW_CHILDREN_no
	.byte	3                       @ DW_AT_name
	.byte	14                      @ DW_FORM_strp
	.byte	73                      @ DW_AT_type
	.byte	19                      @ DW_FORM_ref4
	.byte	63                      @ DW_AT_external
	.byte	12                      @ DW_FORM_flag
	.byte	58                      @ DW_AT_decl_file
	.byte	11                      @ DW_FORM_data1
	.byte	59                      @ DW_AT_decl_line
	.byte	11                      @ DW_FORM_data1
	.byte	0                       @ EOM(1)
	.byte	0                       @ EOM(2)
	.byte	3                       @ Abbreviation Code
	.byte	53                      @ DW_TAG_volatile_type
	.byte	0                       @ DW_CHILDREN_no
	.byte	73                      @ DW_AT_type
	.byte	19                      @ DW_FORM_ref4
	.byte	0                       @ EOM(1)
	.byte	0                       @ EOM(2)
	.byte	4                       @ Abbreviation Code
	.byte	36                      @ DW_TAG_base_type
	.byte	0                       @ DW_CHILDREN_no
	.byte	3                       @ DW_AT_name
	.byte	14                      @ DW_FORM_strp
	.byte	62                      @ DW_AT_encoding
	.byte	11                      @ DW_FORM_data1
	.byte	11                      @ DW_AT_byte_size
	.byte	11                      @ DW_FORM_data1
	.byte	0                       @ EOM(1)
	.byte	0                       @ EOM(2)
	.byte	0                       @ EOM(3)
	.section	.debug_info,"",%progbits
.Lcu_begin0:
	.long	52                      @ Length of Unit
	.short	3                       @ DWARF version number
	.long	.debug_abbrev           @ Offset Into Abbrev. Section
	.byte	4                       @ Address Size (in bytes)
	.byte	1                       @ Abbrev [1] 0xb:0x2d DW_TAG_compile_unit
	.long	.Linfo_string0          @ DW_AT_producer
	.short	12                      @ DW_AT_language
	.long	.Linfo_string1          @ DW_AT_name
	.long	.Lline_table_start0     @ DW_AT_stmt_list
	.long	.Linfo_string2          @ DW_AT_comp_dir
	.byte	1                       @ DW_AT_GNU_pubnames
	.byte	2                       @ Abbrev [2] 0x1f:0xc DW_TAG_variable
	.long	.Linfo_string3          @ DW_AT_name
	.long	43                      @ DW_AT_type
	.byte	1                       @ DW_AT_external
	.byte	1                       @ DW_AT_decl_file
	.byte	59                      @ DW_AT_decl_line
	.byte	3                       @ Abbrev [3] 0x2b:0x5 DW_TAG_volatile_type
	.long	48                      @ DW_AT_type
	.byte	4                       @ Abbrev [4] 0x30:0x7 DW_TAG_base_type
	.long	.Linfo_string4          @ DW_AT_name
	.byte	5                       @ DW_AT_encoding
	.byte	4                       @ DW_AT_byte_size
	.byte	0                       @ End Of Children Mark
	.section	.debug_ranges,"",%progbits
	.section	.debug_macinfo,"",%progbits
.Lcu_macro_begin0:
	.byte	0                       @ End Of Macro List Mark
	.section	.debug_pubnames,"",%progbits
	.long	.LpubNames_end0-.LpubNames_begin0 @ Length of Public Names Info
.LpubNames_begin0:
	.short	2                       @ DWARF Version
	.long	.Lcu_begin0             @ Offset of Compilation Unit Info
	.long	56                      @ Compilation Unit Length
	.long	31                      @ DIE offset
	.asciz	"OS_TimeMS"             @ External Name
	.long	0                       @ End Mark
.LpubNames_end0:
	.section	.debug_pubtypes,"",%progbits
	.long	.LpubTypes_end0-.LpubTypes_begin0 @ Length of Public Types Info
.LpubTypes_begin0:
	.short	2                       @ DWARF Version
	.long	.Lcu_begin0             @ Offset of Compilation Unit Info
	.long	56                      @ Compilation Unit Length
	.long	48                      @ DIE offset
	.asciz	"int"                   @ External Name
	.long	0                       @ End Mark
.LpubTypes_end0:

	.ident	"Component: ARM Compiler 6.10.1 Tool: armclang [5d143200]"
	.section	".note.GNU-stack","",%progbits
	.ARM_attribute	16, 1	@ Tag_AV_eba
	.section	.debug_line,"",%progbits
.Lline_table_start0:
