	.text
	.syntax unified
	.eabi_attribute	67, "2.09"	@ Tag_conformance
	.cpu	cortex-m7
	.eabi_attribute	6, 13	@ Tag_CPU_arch
	.eabi_attribute	7, 77	@ Tag_CPU_arch_profile
	.eabi_attribute	8, 0	@ Tag_ARM_ISA_use
	.eabi_attribute	9, 2	@ Tag_THUMB_ISA_use
	.fpu	fpv5-sp-d16
	.eabi_attribute	27, 1	@ Tag_ABI_HardFP_use
	.eabi_attribute	36, 1	@ Tag_FP_HP_extension
	.eabi_attribute	34, 1	@ Tag_CPU_unaligned_access
	.eabi_attribute	17, 1	@ Tag_ABI_PCS_GOT_use
	.eabi_attribute	20, 2	@ Tag_ABI_FP_denormal
	.eabi_attribute	21, 0	@ Tag_ABI_FP_exceptions
	.eabi_attribute	23, 1	@ Tag_ABI_FP_number_model
	.eabi_attribute	24, 1	@ Tag_ABI_align_needed
	.eabi_attribute	25, 1	@ Tag_ABI_align_preserved
	.eabi_attribute	28, 1	@ Tag_ABI_VFP_args
	.eabi_attribute	38, 1	@ Tag_ABI_FP_16bit_format
	.eabi_attribute	18, 2	@ Tag_ABI_PCS_wchar_t
	.eabi_attribute	26, 1	@ Tag_ABI_enum_size
	.eabi_attribute	14, 0	@ Tag_ABI_PCS_R9_use
	.file	"stm32f7xx_hal_iwdg.c"
	.file	1 "../Drivers/STM32F7xx_HAL_Driver/Inc" "stm32f7xx_hal_def.h"
	.file	2 "../Drivers/CMSIS/Device/ST/STM32F7xx/Include" "stm32f7xx.h"
	.section	.text.HAL_IWDG_Init,"ax",%progbits
	.hidden	HAL_IWDG_Init           @ -- Begin function HAL_IWDG_Init
	.globl	HAL_IWDG_Init
	.p2align	1
	.type	HAL_IWDG_Init,%function
	.code	16                      @ @HAL_IWDG_Init
	.thumb_func
HAL_IWDG_Init:
.Lfunc_begin0:
	.file	3 "../Drivers/STM32F7xx_HAL_Driver/Src" "stm32f7xx_hal_iwdg.c"
	.loc	3 171 0                 @ ../Drivers/STM32F7xx_HAL_Driver/Src/stm32f7xx_hal_iwdg.c:171:0
	.fnstart
	.cfi_sections .debug_frame
	.cfi_startproc
@ %bb.0:
	.save	{r4, r5, r7, lr}
	push	{r4, r5, r7, lr}
	.cfi_def_cfa_offset 16
	.cfi_offset lr, -4
	.cfi_offset r7, -8
	.cfi_offset r5, -12
	.cfi_offset r4, -16
	@DEBUG_VALUE: HAL_IWDG_Init:hiwdg <- $r0
	mov	r4, r0
.Ltmp0:
	@DEBUG_VALUE: HAL_IWDG_Init:hiwdg <- $r4
	.loc	3 175 6 prologue_end    @ ../Drivers/STM32F7xx_HAL_Driver/Src/stm32f7xx_hal_iwdg.c:175:6
	cbz	r0, .LBB0_5
.Ltmp1:
@ %bb.1:
	@DEBUG_VALUE: HAL_IWDG_Init:hiwdg <- $r4
	.loc	3 187 3                 @ ../Drivers/STM32F7xx_HAL_Driver/Src/stm32f7xx_hal_iwdg.c:187:3
	ldr	r0, [r4]
	movw	r1, #52428
	str	r1, [r0]
	.loc	3 191 3                 @ ../Drivers/STM32F7xx_HAL_Driver/Src/stm32f7xx_hal_iwdg.c:191:3
	movw	r1, #21845
	str	r1, [r0]
	.loc	3 194 37                @ ../Drivers/STM32F7xx_HAL_Driver/Src/stm32f7xx_hal_iwdg.c:194:37
	ldr	r1, [r4, #4]
	.loc	3 194 23 is_stmt 0      @ ../Drivers/STM32F7xx_HAL_Driver/Src/stm32f7xx_hal_iwdg.c:194:23
	str	r1, [r0, #4]
	.loc	3 195 38 is_stmt 1      @ ../Drivers/STM32F7xx_HAL_Driver/Src/stm32f7xx_hal_iwdg.c:195:38
	ldr	r1, [r4, #8]
	.loc	3 195 24 is_stmt 0      @ ../Drivers/STM32F7xx_HAL_Driver/Src/stm32f7xx_hal_iwdg.c:195:24
	str	r1, [r0, #8]
	.loc	3 198 15 is_stmt 1      @ ../Drivers/STM32F7xx_HAL_Driver/Src/stm32f7xx_hal_iwdg.c:198:15
	bl	HAL_GetTick
	mov	r5, r0
.Ltmp2:
	@DEBUG_VALUE: HAL_IWDG_Init:tickstart <- $r5
.LBB0_2:                                @ =>This Inner Loop Header: Depth=1
	@DEBUG_VALUE: HAL_IWDG_Init:tickstart <- $r5
	@DEBUG_VALUE: HAL_IWDG_Init:hiwdg <- $r4
	.loc	3 201 16                @ ../Drivers/STM32F7xx_HAL_Driver/Src/stm32f7xx_hal_iwdg.c:201:16
	ldr	r0, [r4]
	.loc	3 201 26 is_stmt 0      @ ../Drivers/STM32F7xx_HAL_Driver/Src/stm32f7xx_hal_iwdg.c:201:26
	ldr	r1, [r0, #12]
	.loc	3 201 3                 @ ../Drivers/STM32F7xx_HAL_Driver/Src/stm32f7xx_hal_iwdg.c:201:3
	cbz	r1, .LBB0_6
.Ltmp3:
@ %bb.3:                                @   in Loop: Header=BB0_2 Depth=1
	@DEBUG_VALUE: HAL_IWDG_Init:tickstart <- $r5
	@DEBUG_VALUE: HAL_IWDG_Init:hiwdg <- $r4
	.loc	3 203 9 is_stmt 1       @ ../Drivers/STM32F7xx_HAL_Driver/Src/stm32f7xx_hal_iwdg.c:203:9
	bl	HAL_GetTick
	.loc	3 203 23 is_stmt 0      @ ../Drivers/STM32F7xx_HAL_Driver/Src/stm32f7xx_hal_iwdg.c:203:23
	subs	r0, r0, r5
.Ltmp4:
	.loc	3 203 8                 @ ../Drivers/STM32F7xx_HAL_Driver/Src/stm32f7xx_hal_iwdg.c:203:8
	cmp	r0, #48
	bls	.LBB0_2
.Ltmp5:
@ %bb.4:
	@DEBUG_VALUE: HAL_IWDG_Init:tickstart <- $r5
	@DEBUG_VALUE: HAL_IWDG_Init:hiwdg <- $r4
	.loc	3 0 8                   @ ../Drivers/STM32F7xx_HAL_Driver/Src/stm32f7xx_hal_iwdg.c:0:8
	movs	r0, #3
	b	.LBB0_7
.Ltmp6:
.LBB0_5:
	@DEBUG_VALUE: HAL_IWDG_Init:hiwdg <- $r4
	movs	r0, #1
	b	.LBB0_7
.Ltmp7:
.LBB0_6:
	@DEBUG_VALUE: HAL_IWDG_Init:tickstart <- $r5
	@DEBUG_VALUE: HAL_IWDG_Init:hiwdg <- $r4
	.loc	3 211 23 is_stmt 1      @ ../Drivers/STM32F7xx_HAL_Driver/Src/stm32f7xx_hal_iwdg.c:211:23
	ldr	r2, [r0, #16]
	.loc	3 211 43 is_stmt 0      @ ../Drivers/STM32F7xx_HAL_Driver/Src/stm32f7xx_hal_iwdg.c:211:43
	ldr	r1, [r4, #12]
.Ltmp8:
	.loc	3 211 6                 @ ../Drivers/STM32F7xx_HAL_Driver/Src/stm32f7xx_hal_iwdg.c:211:6
	cmp	r2, r1
.Ltmp9:
	.loc	3 221 5 is_stmt 1       @ ../Drivers/STM32F7xx_HAL_Driver/Src/stm32f7xx_hal_iwdg.c:221:5
	itte	eq
	movweq	r1, #43690
	streq	r1, [r0]
.Ltmp10:
	.loc	3 216 27                @ ../Drivers/STM32F7xx_HAL_Driver/Src/stm32f7xx_hal_iwdg.c:216:27
	strne	r1, [r0, #16]
	movs	r0, #0
.Ltmp11:
.LBB0_7:
	@DEBUG_VALUE: HAL_IWDG_Init:hiwdg <- $r4
	.loc	3 226 1                 @ ../Drivers/STM32F7xx_HAL_Driver/Src/stm32f7xx_hal_iwdg.c:226:1
	uxtb	r0, r0
	pop	{r4, r5, r7, pc}
.Ltmp12:
.Lfunc_end0:
	.size	HAL_IWDG_Init, .Lfunc_end0-HAL_IWDG_Init
	.cfi_endproc
	.cantunwind
	.fnend
                                        @ -- End function
	.section	.text.HAL_IWDG_Refresh,"ax",%progbits
	.hidden	HAL_IWDG_Refresh        @ -- Begin function HAL_IWDG_Refresh
	.globl	HAL_IWDG_Refresh
	.p2align	1
	.type	HAL_IWDG_Refresh,%function
	.code	16                      @ @HAL_IWDG_Refresh
	.thumb_func
HAL_IWDG_Refresh:
.Lfunc_begin1:
	.loc	3 255 0                 @ ../Drivers/STM32F7xx_HAL_Driver/Src/stm32f7xx_hal_iwdg.c:255:0
	.fnstart
	.cfi_startproc
@ %bb.0:
	@DEBUG_VALUE: HAL_IWDG_Refresh:hiwdg <- $r0
	@DEBUG_VALUE: HAL_IWDG_Refresh:hiwdg <- $r0
	.loc	3 257 3 prologue_end    @ ../Drivers/STM32F7xx_HAL_Driver/Src/stm32f7xx_hal_iwdg.c:257:3
	ldr	r0, [r0]
.Ltmp13:
	movw	r1, #43690
	str	r1, [r0]
	.loc	3 260 3                 @ ../Drivers/STM32F7xx_HAL_Driver/Src/stm32f7xx_hal_iwdg.c:260:3
	movs	r0, #0
	bx	lr
.Ltmp14:
.Lfunc_end1:
	.size	HAL_IWDG_Refresh, .Lfunc_end1-HAL_IWDG_Refresh
	.cfi_endproc
	.cantunwind
	.fnend
                                        @ -- End function
	.file	4 "C:\\Keil\\ARM\\ARMCLANG\\Bin\\..\\include" "stdint.h"
	.file	5 "../Drivers/CMSIS/Device/ST/STM32F7xx/Include" "stm32f746xx.h"
	.file	6 "../Drivers/STM32F7xx_HAL_Driver/Inc" "stm32f7xx_hal_iwdg.h"
	.section	.debug_str,"MS",%progbits,1
.Linfo_string0:
	.asciz	"Component: ARM Compiler 6.10.1 Tool: armclang [5d143200]" @ string offset=0
.Linfo_string1:
	.asciz	"../Drivers/STM32F7xx_HAL_Driver/Src\\stm32f7xx_hal_iwdg.c" @ string offset=57
.Linfo_string2:
	.asciz	"F:\\SkyDrive\\OtvoreniProjekti\\HotelSaplast\\fw\\RoomThermostat\\DE-301018\\MDK-ARM" @ string offset=114
.Linfo_string3:
	.asciz	"unsigned char"         @ string offset=192
.Linfo_string4:
	.asciz	"HAL_OK"                @ string offset=206
.Linfo_string5:
	.asciz	"HAL_ERROR"             @ string offset=213
.Linfo_string6:
	.asciz	"HAL_BUSY"              @ string offset=223
.Linfo_string7:
	.asciz	"HAL_TIMEOUT"           @ string offset=232
.Linfo_string8:
	.asciz	"RESET"                 @ string offset=244
.Linfo_string9:
	.asciz	"SET"                   @ string offset=250
.Linfo_string10:
	.asciz	"HAL_IWDG_Init"         @ string offset=254
.Linfo_string11:
	.asciz	"HAL_StatusTypeDef"     @ string offset=268
.Linfo_string12:
	.asciz	"HAL_IWDG_Refresh"      @ string offset=286
.Linfo_string13:
	.asciz	"hiwdg"                 @ string offset=303
.Linfo_string14:
	.asciz	"Instance"              @ string offset=309
.Linfo_string15:
	.asciz	"KR"                    @ string offset=318
.Linfo_string16:
	.asciz	"unsigned int"          @ string offset=321
.Linfo_string17:
	.asciz	"uint32_t"              @ string offset=334
.Linfo_string18:
	.asciz	"PR"                    @ string offset=343
.Linfo_string19:
	.asciz	"RLR"                   @ string offset=346
.Linfo_string20:
	.asciz	"SR"                    @ string offset=350
.Linfo_string21:
	.asciz	"WINR"                  @ string offset=353
.Linfo_string22:
	.asciz	"IWDG_TypeDef"          @ string offset=358
.Linfo_string23:
	.asciz	"Init"                  @ string offset=371
.Linfo_string24:
	.asciz	"Prescaler"             @ string offset=376
.Linfo_string25:
	.asciz	"Reload"                @ string offset=386
.Linfo_string26:
	.asciz	"Window"                @ string offset=393
.Linfo_string27:
	.asciz	"IWDG_InitTypeDef"      @ string offset=400
.Linfo_string28:
	.asciz	"IWDG_HandleTypeDef"    @ string offset=417
.Linfo_string29:
	.asciz	"tickstart"             @ string offset=436
	.section	.debug_loc,"",%progbits
.Ldebug_loc0:
	.long	.Lfunc_begin0
	.long	.Ltmp0
	.short	1                       @ Loc expr size
	.byte	80                      @ DW_OP_reg0
	.long	.Ltmp0
	.long	.Ltmp12
	.short	1                       @ Loc expr size
	.byte	84                      @ DW_OP_reg4
	.long	0
	.long	0
.Ldebug_loc1:
	.long	.Ltmp2
	.long	.Ltmp6
	.short	1                       @ Loc expr size
	.byte	85                      @ DW_OP_reg5
	.long	.Ltmp7
	.long	.Ltmp11
	.short	1                       @ Loc expr size
	.byte	85                      @ DW_OP_reg5
	.long	0
	.long	0
.Ldebug_loc2:
	.long	.Lfunc_begin1
	.long	.Ltmp13
	.short	1                       @ Loc expr size
	.byte	80                      @ DW_OP_reg0
	.long	0
	.long	0
	.section	.debug_abbrev,"",%progbits
	.byte	1                       @ Abbreviation Code
	.byte	17                      @ DW_TAG_compile_unit
	.byte	1                       @ DW_CHILDREN_yes
	.byte	37                      @ DW_AT_producer
	.byte	14                      @ DW_FORM_strp
	.byte	19                      @ DW_AT_language
	.byte	5                       @ DW_FORM_data2
	.byte	3                       @ DW_AT_name
	.byte	14                      @ DW_FORM_strp
	.byte	16                      @ DW_AT_stmt_list
	.byte	6                       @ DW_FORM_data4
	.byte	27                      @ DW_AT_comp_dir
	.byte	14                      @ DW_FORM_strp
	.ascii	"\264B"                 @ DW_AT_GNU_pubnames
	.byte	12                      @ DW_FORM_flag
	.byte	17                      @ DW_AT_low_pc
	.byte	1                       @ DW_FORM_addr
	.byte	85                      @ DW_AT_ranges
	.byte	6                       @ DW_FORM_data4
	.byte	0                       @ EOM(1)
	.byte	0                       @ EOM(2)
	.byte	2                       @ Abbreviation Code
	.byte	4                       @ DW_TAG_enumeration_type
	.byte	1                       @ DW_CHILDREN_yes
	.byte	73                      @ DW_AT_type
	.byte	19                      @ DW_FORM_ref4
	.byte	11                      @ DW_AT_byte_size
	.byte	11                      @ DW_FORM_data1
	.byte	58                      @ DW_AT_decl_file
	.byte	11                      @ DW_FORM_data1
	.byte	59                      @ DW_AT_decl_line
	.byte	11                      @ DW_FORM_data1
	.byte	0                       @ EOM(1)
	.byte	0                       @ EOM(2)
	.byte	3                       @ Abbreviation Code
	.byte	40                      @ DW_TAG_enumerator
	.byte	0                       @ DW_CHILDREN_no
	.byte	3                       @ DW_AT_name
	.byte	14                      @ DW_FORM_strp
	.byte	28                      @ DW_AT_const_value
	.byte	15                      @ DW_FORM_udata
	.byte	0                       @ EOM(1)
	.byte	0                       @ EOM(2)
	.byte	4                       @ Abbreviation Code
	.byte	36                      @ DW_TAG_base_type
	.byte	0                       @ DW_CHILDREN_no
	.byte	3                       @ DW_AT_name
	.byte	14                      @ DW_FORM_strp
	.byte	62                      @ DW_AT_encoding
	.byte	11                      @ DW_FORM_data1
	.byte	11                      @ DW_AT_byte_size
	.byte	11                      @ DW_FORM_data1
	.byte	0                       @ EOM(1)
	.byte	0                       @ EOM(2)
	.byte	5                       @ Abbreviation Code
	.byte	46                      @ DW_TAG_subprogram
	.byte	1                       @ DW_CHILDREN_yes
	.byte	17                      @ DW_AT_low_pc
	.byte	1                       @ DW_FORM_addr
	.byte	18                      @ DW_AT_high_pc
	.byte	1                       @ DW_FORM_addr
	.byte	64                      @ DW_AT_frame_base
	.byte	10                      @ DW_FORM_block1
	.byte	3                       @ DW_AT_name
	.byte	14                      @ DW_FORM_strp
	.byte	58                      @ DW_AT_decl_file
	.byte	11                      @ DW_FORM_data1
	.byte	59                      @ DW_AT_decl_line
	.byte	11                      @ DW_FORM_data1
	.byte	39                      @ DW_AT_prototyped
	.byte	12                      @ DW_FORM_flag
	.byte	73                      @ DW_AT_type
	.byte	19                      @ DW_FORM_ref4
	.byte	63                      @ DW_AT_external
	.byte	12                      @ DW_FORM_flag
	.byte	0                       @ EOM(1)
	.byte	0                       @ EOM(2)
	.byte	6                       @ Abbreviation Code
	.byte	5                       @ DW_TAG_formal_parameter
	.byte	0                       @ DW_CHILDREN_no
	.byte	2                       @ DW_AT_location
	.byte	6                       @ DW_FORM_data4
	.byte	3                       @ DW_AT_name
	.byte	14                      @ DW_FORM_strp
	.byte	58                      @ DW_AT_decl_file
	.byte	11                      @ DW_FORM_data1
	.byte	59                      @ DW_AT_decl_line
	.byte	11                      @ DW_FORM_data1
	.byte	73                      @ DW_AT_type
	.byte	19                      @ DW_FORM_ref4
	.byte	0                       @ EOM(1)
	.byte	0                       @ EOM(2)
	.byte	7                       @ Abbreviation Code
	.byte	52                      @ DW_TAG_variable
	.byte	0                       @ DW_CHILDREN_no
	.byte	2                       @ DW_AT_location
	.byte	6                       @ DW_FORM_data4
	.byte	3                       @ DW_AT_name
	.byte	14                      @ DW_FORM_strp
	.byte	58                      @ DW_AT_decl_file
	.byte	11                      @ DW_FORM_data1
	.byte	59                      @ DW_AT_decl_line
	.byte	11                      @ DW_FORM_data1
	.byte	73                      @ DW_AT_type
	.byte	19                      @ DW_FORM_ref4
	.byte	0                       @ EOM(1)
	.byte	0                       @ EOM(2)
	.byte	8                       @ Abbreviation Code
	.byte	22                      @ DW_TAG_typedef
	.byte	0                       @ DW_CHILDREN_no
	.byte	73                      @ DW_AT_type
	.byte	19                      @ DW_FORM_ref4
	.byte	3                       @ DW_AT_name
	.byte	14                      @ DW_FORM_strp
	.byte	58                      @ DW_AT_decl_file
	.byte	11                      @ DW_FORM_data1
	.byte	59                      @ DW_AT_decl_line
	.byte	11                      @ DW_FORM_data1
	.byte	0                       @ EOM(1)
	.byte	0                       @ EOM(2)
	.byte	9                       @ Abbreviation Code
	.byte	15                      @ DW_TAG_pointer_type
	.byte	0                       @ DW_CHILDREN_no
	.byte	73                      @ DW_AT_type
	.byte	19                      @ DW_FORM_ref4
	.byte	0                       @ EOM(1)
	.byte	0                       @ EOM(2)
	.byte	10                      @ Abbreviation Code
	.byte	19                      @ DW_TAG_structure_type
	.byte	1                       @ DW_CHILDREN_yes
	.byte	11                      @ DW_AT_byte_size
	.byte	11                      @ DW_FORM_data1
	.byte	58                      @ DW_AT_decl_file
	.byte	11                      @ DW_FORM_data1
	.byte	59                      @ DW_AT_decl_line
	.byte	11                      @ DW_FORM_data1
	.byte	0                       @ EOM(1)
	.byte	0                       @ EOM(2)
	.byte	11                      @ Abbreviation Code
	.byte	13                      @ DW_TAG_member
	.byte	0                       @ DW_CHILDREN_no
	.byte	3                       @ DW_AT_name
	.byte	14                      @ DW_FORM_strp
	.byte	73                      @ DW_AT_type
	.byte	19                      @ DW_FORM_ref4
	.byte	58                      @ DW_AT_decl_file
	.byte	11                      @ DW_FORM_data1
	.byte	59                      @ DW_AT_decl_line
	.byte	11                      @ DW_FORM_data1
	.byte	56                      @ DW_AT_data_member_location
	.byte	11                      @ DW_FORM_data1
	.byte	0                       @ EOM(1)
	.byte	0                       @ EOM(2)
	.byte	12                      @ Abbreviation Code
	.byte	22                      @ DW_TAG_typedef
	.byte	0                       @ DW_CHILDREN_no
	.byte	73                      @ DW_AT_type
	.byte	19                      @ DW_FORM_ref4
	.byte	3                       @ DW_AT_name
	.byte	14                      @ DW_FORM_strp
	.byte	58                      @ DW_AT_decl_file
	.byte	11                      @ DW_FORM_data1
	.byte	59                      @ DW_AT_decl_line
	.byte	5                       @ DW_FORM_data2
	.byte	0                       @ EOM(1)
	.byte	0                       @ EOM(2)
	.byte	13                      @ Abbreviation Code
	.byte	19                      @ DW_TAG_structure_type
	.byte	1                       @ DW_CHILDREN_yes
	.byte	11                      @ DW_AT_byte_size
	.byte	11                      @ DW_FORM_data1
	.byte	58                      @ DW_AT_decl_file
	.byte	11                      @ DW_FORM_data1
	.byte	59                      @ DW_AT_decl_line
	.byte	5                       @ DW_FORM_data2
	.byte	0                       @ EOM(1)
	.byte	0                       @ EOM(2)
	.byte	14                      @ Abbreviation Code
	.byte	13                      @ DW_TAG_member
	.byte	0                       @ DW_CHILDREN_no
	.byte	3                       @ DW_AT_name
	.byte	14                      @ DW_FORM_strp
	.byte	73                      @ DW_AT_type
	.byte	19                      @ DW_FORM_ref4
	.byte	58                      @ DW_AT_decl_file
	.byte	11                      @ DW_FORM_data1
	.byte	59                      @ DW_AT_decl_line
	.byte	5                       @ DW_FORM_data2
	.byte	56                      @ DW_AT_data_member_location
	.byte	11                      @ DW_FORM_data1
	.byte	0                       @ EOM(1)
	.byte	0                       @ EOM(2)
	.byte	15                      @ Abbreviation Code
	.byte	53                      @ DW_TAG_volatile_type
	.byte	0                       @ DW_CHILDREN_no
	.byte	73                      @ DW_AT_type
	.byte	19                      @ DW_FORM_ref4
	.byte	0                       @ EOM(1)
	.byte	0                       @ EOM(2)
	.byte	0                       @ EOM(3)
	.section	.debug_info,"",%progbits
.Lcu_begin0:
	.long	409                     @ Length of Unit
	.short	3                       @ DWARF version number
	.long	.debug_abbrev           @ Offset Into Abbrev. Section
	.byte	4                       @ Address Size (in bytes)
	.byte	1                       @ Abbrev [1] 0xb:0x192 DW_TAG_compile_unit
	.long	.Linfo_string0          @ DW_AT_producer
	.short	12                      @ DW_AT_language
	.long	.Linfo_string1          @ DW_AT_name
	.long	.Lline_table_start0     @ DW_AT_stmt_list
	.long	.Linfo_string2          @ DW_AT_comp_dir
	.byte	1                       @ DW_AT_GNU_pubnames
	.long	0                       @ DW_AT_low_pc
	.long	.Ldebug_ranges0         @ DW_AT_ranges
	.byte	2                       @ Abbrev [2] 0x27:0x21 DW_TAG_enumeration_type
	.long	72                      @ DW_AT_type
	.byte	1                       @ DW_AT_byte_size
	.byte	1                       @ DW_AT_decl_file
	.byte	54                      @ DW_AT_decl_line
	.byte	3                       @ Abbrev [3] 0x2f:0x6 DW_TAG_enumerator
	.long	.Linfo_string4          @ DW_AT_name
	.byte	0                       @ DW_AT_const_value
	.byte	3                       @ Abbrev [3] 0x35:0x6 DW_TAG_enumerator
	.long	.Linfo_string5          @ DW_AT_name
	.byte	1                       @ DW_AT_const_value
	.byte	3                       @ Abbrev [3] 0x3b:0x6 DW_TAG_enumerator
	.long	.Linfo_string6          @ DW_AT_name
	.byte	2                       @ DW_AT_const_value
	.byte	3                       @ Abbrev [3] 0x41:0x6 DW_TAG_enumerator
	.long	.Linfo_string7          @ DW_AT_name
	.byte	3                       @ DW_AT_const_value
	.byte	0                       @ End Of Children Mark
	.byte	4                       @ Abbrev [4] 0x48:0x7 DW_TAG_base_type
	.long	.Linfo_string3          @ DW_AT_name
	.byte	8                       @ DW_AT_encoding
	.byte	1                       @ DW_AT_byte_size
	.byte	2                       @ Abbrev [2] 0x4f:0x15 DW_TAG_enumeration_type
	.long	72                      @ DW_AT_type
	.byte	1                       @ DW_AT_byte_size
	.byte	2                       @ DW_AT_decl_file
	.byte	164                     @ DW_AT_decl_line
	.byte	3                       @ Abbrev [3] 0x57:0x6 DW_TAG_enumerator
	.long	.Linfo_string8          @ DW_AT_name
	.byte	0                       @ DW_AT_const_value
	.byte	3                       @ Abbrev [3] 0x5d:0x6 DW_TAG_enumerator
	.long	.Linfo_string9          @ DW_AT_name
	.byte	1                       @ DW_AT_const_value
	.byte	0                       @ End Of Children Mark
	.byte	5                       @ Abbrev [5] 0x64:0x36 DW_TAG_subprogram
	.long	.Lfunc_begin0           @ DW_AT_low_pc
	.long	.Lfunc_end0             @ DW_AT_high_pc
	.byte	1                       @ DW_AT_frame_base
	.byte	93
	.long	.Linfo_string10         @ DW_AT_name
	.byte	3                       @ DW_AT_decl_file
	.byte	170                     @ DW_AT_decl_line
	.byte	1                       @ DW_AT_prototyped
	.long	193                     @ DW_AT_type
	.byte	1                       @ DW_AT_external
	.byte	6                       @ Abbrev [6] 0x7b:0xf DW_TAG_formal_parameter
	.long	.Ldebug_loc0            @ DW_AT_location
	.long	.Linfo_string13         @ DW_AT_name
	.byte	3                       @ DW_AT_decl_file
	.byte	170                     @ DW_AT_decl_line
	.long	204                     @ DW_AT_type
	.byte	7                       @ Abbrev [7] 0x8a:0xf DW_TAG_variable
	.long	.Ldebug_loc1            @ DW_AT_location
	.long	.Linfo_string29         @ DW_AT_name
	.byte	3                       @ DW_AT_decl_file
	.byte	172                     @ DW_AT_decl_line
	.long	342                     @ DW_AT_type
	.byte	0                       @ End Of Children Mark
	.byte	5                       @ Abbrev [5] 0x9a:0x27 DW_TAG_subprogram
	.long	.Lfunc_begin1           @ DW_AT_low_pc
	.long	.Lfunc_end1             @ DW_AT_high_pc
	.byte	1                       @ DW_AT_frame_base
	.byte	93
	.long	.Linfo_string12         @ DW_AT_name
	.byte	3                       @ DW_AT_decl_file
	.byte	254                     @ DW_AT_decl_line
	.byte	1                       @ DW_AT_prototyped
	.long	193                     @ DW_AT_type
	.byte	1                       @ DW_AT_external
	.byte	6                       @ Abbrev [6] 0xb1:0xf DW_TAG_formal_parameter
	.long	.Ldebug_loc2            @ DW_AT_location
	.long	.Linfo_string13         @ DW_AT_name
	.byte	3                       @ DW_AT_decl_file
	.byte	254                     @ DW_AT_decl_line
	.long	204                     @ DW_AT_type
	.byte	0                       @ End Of Children Mark
	.byte	8                       @ Abbrev [8] 0xc1:0xb DW_TAG_typedef
	.long	39                      @ DW_AT_type
	.long	.Linfo_string11         @ DW_AT_name
	.byte	1                       @ DW_AT_decl_file
	.byte	60                      @ DW_AT_decl_line
	.byte	9                       @ Abbrev [9] 0xcc:0x5 DW_TAG_pointer_type
	.long	209                     @ DW_AT_type
	.byte	8                       @ Abbrev [8] 0xd1:0xb DW_TAG_typedef
	.long	220                     @ DW_AT_type
	.long	.Linfo_string28         @ DW_AT_name
	.byte	6                       @ DW_AT_decl_file
	.byte	85                      @ DW_AT_decl_line
	.byte	10                      @ Abbrev [10] 0xdc:0x1d DW_TAG_structure_type
	.byte	16                      @ DW_AT_byte_size
	.byte	6                       @ DW_AT_decl_file
	.byte	79                      @ DW_AT_decl_line
	.byte	11                      @ Abbrev [11] 0xe0:0xc DW_TAG_member
	.long	.Linfo_string14         @ DW_AT_name
	.long	249                     @ DW_AT_type
	.byte	6                       @ DW_AT_decl_file
	.byte	81                      @ DW_AT_decl_line
	.byte	0                       @ DW_AT_data_member_location
	.byte	11                      @ Abbrev [11] 0xec:0xc DW_TAG_member
	.long	.Linfo_string23         @ DW_AT_name
	.long	360                     @ DW_AT_type
	.byte	6                       @ DW_AT_decl_file
	.byte	83                      @ DW_AT_decl_line
	.byte	4                       @ DW_AT_data_member_location
	.byte	0                       @ End Of Children Mark
	.byte	9                       @ Abbrev [9] 0xf9:0x5 DW_TAG_pointer_type
	.long	254                     @ DW_AT_type
	.byte	12                      @ Abbrev [12] 0xfe:0xc DW_TAG_typedef
	.long	266                     @ DW_AT_type
	.long	.Linfo_string22         @ DW_AT_name
	.byte	5                       @ DW_AT_decl_file
	.short	651                     @ DW_AT_decl_line
	.byte	13                      @ Abbrev [13] 0x10a:0x47 DW_TAG_structure_type
	.byte	20                      @ DW_AT_byte_size
	.byte	5                       @ DW_AT_decl_file
	.short	644                     @ DW_AT_decl_line
	.byte	14                      @ Abbrev [14] 0x10f:0xd DW_TAG_member
	.long	.Linfo_string15         @ DW_AT_name
	.long	337                     @ DW_AT_type
	.byte	5                       @ DW_AT_decl_file
	.short	646                     @ DW_AT_decl_line
	.byte	0                       @ DW_AT_data_member_location
	.byte	14                      @ Abbrev [14] 0x11c:0xd DW_TAG_member
	.long	.Linfo_string18         @ DW_AT_name
	.long	337                     @ DW_AT_type
	.byte	5                       @ DW_AT_decl_file
	.short	647                     @ DW_AT_decl_line
	.byte	4                       @ DW_AT_data_member_location
	.byte	14                      @ Abbrev [14] 0x129:0xd DW_TAG_member
	.long	.Linfo_string19         @ DW_AT_name
	.long	337                     @ DW_AT_type
	.byte	5                       @ DW_AT_decl_file
	.short	648                     @ DW_AT_decl_line
	.byte	8                       @ DW_AT_data_member_location
	.byte	14                      @ Abbrev [14] 0x136:0xd DW_TAG_member
	.long	.Linfo_string20         @ DW_AT_name
	.long	337                     @ DW_AT_type
	.byte	5                       @ DW_AT_decl_file
	.short	649                     @ DW_AT_decl_line
	.byte	12                      @ DW_AT_data_member_location
	.byte	14                      @ Abbrev [14] 0x143:0xd DW_TAG_member
	.long	.Linfo_string21         @ DW_AT_name
	.long	337                     @ DW_AT_type
	.byte	5                       @ DW_AT_decl_file
	.short	650                     @ DW_AT_decl_line
	.byte	16                      @ DW_AT_data_member_location
	.byte	0                       @ End Of Children Mark
	.byte	15                      @ Abbrev [15] 0x151:0x5 DW_TAG_volatile_type
	.long	342                     @ DW_AT_type
	.byte	8                       @ Abbrev [8] 0x156:0xb DW_TAG_typedef
	.long	353                     @ DW_AT_type
	.long	.Linfo_string17         @ DW_AT_name
	.byte	4                       @ DW_AT_decl_file
	.byte	64                      @ DW_AT_decl_line
	.byte	4                       @ Abbrev [4] 0x161:0x7 DW_TAG_base_type
	.long	.Linfo_string16         @ DW_AT_name
	.byte	7                       @ DW_AT_encoding
	.byte	4                       @ DW_AT_byte_size
	.byte	8                       @ Abbrev [8] 0x168:0xb DW_TAG_typedef
	.long	371                     @ DW_AT_type
	.long	.Linfo_string27         @ DW_AT_name
	.byte	6                       @ DW_AT_decl_file
	.byte	74                      @ DW_AT_decl_line
	.byte	10                      @ Abbrev [10] 0x173:0x29 DW_TAG_structure_type
	.byte	12                      @ DW_AT_byte_size
	.byte	6                       @ DW_AT_decl_file
	.byte	63                      @ DW_AT_decl_line
	.byte	11                      @ Abbrev [11] 0x177:0xc DW_TAG_member
	.long	.Linfo_string24         @ DW_AT_name
	.long	342                     @ DW_AT_type
	.byte	6                       @ DW_AT_decl_file
	.byte	65                      @ DW_AT_decl_line
	.byte	0                       @ DW_AT_data_member_location
	.byte	11                      @ Abbrev [11] 0x183:0xc DW_TAG_member
	.long	.Linfo_string25         @ DW_AT_name
	.long	342                     @ DW_AT_type
	.byte	6                       @ DW_AT_decl_file
	.byte	68                      @ DW_AT_decl_line
	.byte	4                       @ DW_AT_data_member_location
	.byte	11                      @ Abbrev [11] 0x18f:0xc DW_TAG_member
	.long	.Linfo_string26         @ DW_AT_name
	.long	342                     @ DW_AT_type
	.byte	6                       @ DW_AT_decl_file
	.byte	71                      @ DW_AT_decl_line
	.byte	8                       @ DW_AT_data_member_location
	.byte	0                       @ End Of Children Mark
	.byte	0                       @ End Of Children Mark
	.section	.debug_ranges,"",%progbits
.Ldebug_ranges0:
	.long	.Lfunc_begin0
	.long	.Lfunc_end0
	.long	.Lfunc_begin1
	.long	.Lfunc_end1
	.long	0
	.long	0
	.section	.debug_macinfo,"",%progbits
.Lcu_macro_begin0:
	.byte	0                       @ End Of Macro List Mark
	.section	.debug_pubnames,"",%progbits
	.long	.LpubNames_end0-.LpubNames_begin0 @ Length of Public Names Info
.LpubNames_begin0:
	.short	2                       @ DWARF Version
	.long	.Lcu_begin0             @ Offset of Compilation Unit Info
	.long	413                     @ Compilation Unit Length
	.long	100                     @ DIE offset
	.asciz	"HAL_IWDG_Init"         @ External Name
	.long	154                     @ DIE offset
	.asciz	"HAL_IWDG_Refresh"      @ External Name
	.long	0                       @ End Mark
.LpubNames_end0:
	.section	.debug_pubtypes,"",%progbits
	.long	.LpubTypes_end0-.LpubTypes_begin0 @ Length of Public Types Info
.LpubTypes_begin0:
	.short	2                       @ DWARF Version
	.long	.Lcu_begin0             @ Offset of Compilation Unit Info
	.long	413                     @ Compilation Unit Length
	.long	209                     @ DIE offset
	.asciz	"IWDG_HandleTypeDef"    @ External Name
	.long	342                     @ DIE offset
	.asciz	"uint32_t"              @ External Name
	.long	193                     @ DIE offset
	.asciz	"HAL_StatusTypeDef"     @ External Name
	.long	72                      @ DIE offset
	.asciz	"unsigned char"         @ External Name
	.long	254                     @ DIE offset
	.asciz	"IWDG_TypeDef"          @ External Name
	.long	353                     @ DIE offset
	.asciz	"unsigned int"          @ External Name
	.long	360                     @ DIE offset
	.asciz	"IWDG_InitTypeDef"      @ External Name
	.long	0                       @ End Mark
.LpubTypes_end0:

	.ident	"Component: ARM Compiler 6.10.1 Tool: armclang [5d143200]"
	.section	".note.GNU-stack","",%progbits
	.eabi_attribute	30, 4	@ Tag_ABI_optimization_goals
	.ARM_attribute	16, 1	@ Tag_AV_eba
	.section	.debug_line,"",%progbits
.Lline_table_start0:
