	.text
	.syntax unified
	.eabi_attribute	67, "2.09"	@ Tag_conformance
	.cpu	cortex-m3
	.eabi_attribute	6, 10	@ Tag_CPU_arch
	.eabi_attribute	7, 77	@ Tag_CPU_arch_profile
	.eabi_attribute	8, 0	@ Tag_ARM_ISA_use
	.eabi_attribute	9, 2	@ Tag_THUMB_ISA_use
	.eabi_attribute	34, 1	@ Tag_CPU_unaligned_access
	.eabi_attribute	17, 1	@ Tag_ABI_PCS_GOT_use
	.eabi_attribute	20, 2	@ Tag_ABI_FP_denormal
	.eabi_attribute	21, 0	@ Tag_ABI_FP_exceptions
	.eabi_attribute	23, 1	@ Tag_ABI_FP_number_model
	.eabi_attribute	24, 1	@ Tag_ABI_align_needed
	.eabi_attribute	25, 1	@ Tag_ABI_align_preserved
	.eabi_attribute	38, 1	@ Tag_ABI_FP_16bit_format
	.eabi_attribute	18, 4	@ Tag_ABI_PCS_wchar_t
	.eabi_attribute	26, 2	@ Tag_ABI_enum_size
	.eabi_attribute	14, 0	@ Tag_ABI_PCS_R9_use
	.file	"stm32f1xx_hal_spi_ex.c"
	.file	1 "C:\\Keil\\ARM\\ARMCLANG\\Bin\\..\\include" "stdint.h"
	.file	2 "../Drivers/STM32F1xx_HAL_Driver/Src" "stm32f1xx_hal_spi_ex.c"
	.file	3 "../Drivers/STM32F1xx_HAL_Driver/Inc" "stm32f1xx_hal_def.h"
	.file	4 "../Drivers/STM32F1xx_HAL_Driver/Inc" "stm32f1xx_hal_dma.h"
	.file	5 "../Drivers/STM32F1xx_HAL_Driver/Inc" "stm32f1xx_hal_spi.h"
	.type	.Lllvm.embedded.module,%object @ @llvm.embedded.module
	.section	.llvmbc,"a",%progbits
	.p2align	4
.Lllvm.embedded.module:
	.asciz	"BC\300\3365\024\000\000\005\000\000\000b\f0$LY\276\346\356\323>-U\215\020\005\310\024\000\000!\f\000\000q\b\000\000\013\002!\000\002\000\000\000\023\000\000\000\007\201#\221A\310\004I\006\02029\222\001\204\f%\005\b\031\036\004\213b\200\024E\002B\222\013B\244\0202\0248\b\030K\n2R\210H\220\024 CF\210\245\000\0312B\344H\016\220\221\"\304PAQ\201\214\341\203\345\212\004)F\006Q\030\000\000\351\001\000\000\033J'\370\377\377\377\377\0010\000\t\230\210qx\007y\220\207r\030\007z`\207|h\003yx\207zp\007r(\007rh\003rH\007{H\007r(\2076\230\207x\220\007zh\003s\200\2076h\207p\240\007t\000\314!\034\330a\036\312\001 \310\241\034\334\341\035\344\241\035\302\201\035\332\300\034\340\241\r\332!\034\350\001\035\000x\220\207r\230\207r\220\007{(\2076\230\207t8\007w\000\brH\207y\b\007q`\207rh\003z\b\207t`\2076\030\207p`\007v\230\007\300\034\302\201\035\346\241\034\000\202\035\312a\036\346\241\r\340A\036\312a\034\322a\036\312\241\r\314\001\036\332!\034\310\0010\207p`\207y(\007\200p\207wh\003s\220\207ph\207rh\003xx\207tp\007z(\007yh\203r`\207th\007\300\034\302\201\035\346\241\034\000\302\035\336\241\r\322\301\035\314a\036\332\300\034\340\241\r\332!\034\350\001\035\000z\220\207z(\007\200p\207wh\003u\250\207v\200\2076\240\207p\020\007v(\207y\000\314!\034\330a\036\312\001 \334\341\035\332\300\035\302\301\035\346\241\r\314\001\036\332\240\035\302\201\036\320\001\240\007y\250\207r\000\bwx\2076\230\207t8\007w(\007rh\003}(\007yx\207yh\003s\200\2076h\207p\240\007t\000\350A\036\352\241\034\000\302\035\336\241\r\350A\036\302\001\036\340!\035\334\341\034\332\240\035\302\201\036\320\001\240\007y\250\207r\000\210y\240\207p\030\207uh\003x\220\207w\240\207r\030\007zx\007yh\003q\250\007s0\207r\220\2076\230\207t\320\207r\000\360\000 \350!\034\344\341\034\312\201\036\332`\034\340\241\036\200qx\007y\240\207r\300\2076h\2079\000\bz\b\007y8\207r\240\20760\207r\b\007z\250\007y(\207y\000\326\000\035\356\201\034\322\301\036\330`\r\350\001\035\352\241\035\304\241\r\332\341\035\310\241\034\330\240\r\306A\036\306\201\r\332\200\034\336\201\036\340A\036\336\201\034\330\240\r\310a\036\340\201\r\332\000\035\356\201\034\322\301\036\332 \034\344\241\035\330\240\r\344!\034\346\001 \352\301\035\346!\034\314\241\034\332\300\034\340\241\r\332!\034\350\001\035\000s\b\007v\230\207r\000\210z\230\207rh\203yx\007s\240\20760\007vx\207p\240\007\300\034\302\201\035\346\241\034\200\rm#\374\377\377\377\377\000\030\300D\214\303;\310\203<\224\3038\320\003;\344C\033\310\303;\324\203;\220C9\220C\033\220C:\330C:\220C9\264\301<\304\203<\320C\033\230\003<\264A;\204\003=\240\003`\016\341\300\016\363P\016\000A\016\345\340\016\357 \017\355\020\016\354\320\006\346\000\017m\320\016\341@\017\350\000\300\203<\224\303<\224\203<\330C9\264\301<\244\3039\270\003@\220C:\314C8\210\003;\224C\033\320C8\244\003;\264\3018\204\003;\260\303<\000\346\020\016\3540\017\345\000\020\354P\016\3630\017m\000\017\362P\016\343\220\016\363P\016m`\016\360\320\016\341@\016\2009\204\003;\314C9\000\204;\274C\033\230\203<\204C;\224C\033\300\303;\244\203;\320C9\310C\033\224\003;\244C;\000\346\020\016\3540\017\345\000\020\356\360\016m\220\016\356`\016\363\320\006\346\000\017m\320\016\341@\017\350\000\320\203<\324C9\000\204;\274C\033\270C8\270\303<\264\2019\300C\033\264C8\320\003:\000\364 \017\365P\016\000\341\016\357\320\006\363\220\016\347\340\016\345@\016m\240\017\345 \017\3570\017m`\016\360\320\006\355\020\016\364\200\016\000=\310C=\224\003@\270\303;\264\001=\310C8\300\003<\244\203;\234C\033\264C8\320\003:\000\364 \017\365P\016\0001\017\364\020\016\343\260\016m\000\017\362\360\016\364P\016\343@\017\357 \017m \016\365`\016\346P\016\362\320\006\363\220\016\372P\016\000\036\000\004=\204\203<\234C9\320C\033\214\003<\324\0030\016\357 \017\364P\016\370\320\006\3550\007\000A\017\341 \017\347P\016\364\320\006\346P\016\341@\017\365 \017\3450\017\300\032\240\303=\220C:\330\003\033\254\001=\240C=\264\2038\264A;\274\0039\224\003\033\264\3018\310\3038\260A\033\220\303;\320\003<\310\303;\220\003\033\264\0019\314\003<\260A\033\240\303=\220C:\330C\033\204\203<\264\003\033\264\201<\204\303<\000D=\270\303<\204\2039\224C\033\230\003<\264A;\204\003=\240\003`\016\341\300\016\363P\016\000Q\017\363P\016m0\017\357`\016\364\320\006\346\300\016\357\020\016\364\000\230C8\260\303<\224\003\260\341t\206\377\377\377\377\037\000\003\220\200\t\240\210qx\007y\220\207r\030\007z`\207|h\003yx\207zp\007r(\007rh\003rH\007{H\007r(\2076\230\207x\220\007zh\003s\200\2076h\207p\240\007t\000\314!\034\330a\036\312\001 \310\241\034\334\341\035\344\241\035\302\201\035\332\300\034\340\241\r\332!\034\350\001\035\000x\220\207r\230\207r\220\007{(\2076\230\207t8\007w\000\brH\207y\b\007q`\207rh\003z\b\207t`\2076\030\207p`\007v\230\007\300\034\302\201\035\346\241\034\000\202\035\312a\036\346\241\r\340A\036\312a\034\322a\036\312\241\r\314\001\036\332!\034\310\0010\207p`\207y(\007\200p\207wh\003s\220\207ph\207rh\003xx\207tp\007z(\007yh\203r`\207th\007\300\034\302\201\035\346\241\034\000\302\035\336\241\r\322\301\035\314a\036\332\300\034\340\241\r\332!\034\350\001\035\000z\220\207z(\007\200p\207wh\003u\250\207v\200\2076\240\207p\020\007v(\207y\000\314!\034\330a\036\312\001 \334\341\035\332\300\035\302\301\035\346\241\r\314\001\036\332\240\035\302\201\036\320\001\240\007y\250\207r\000\bwx\2076\230\207t8\007w(\007rh\003}(\007yx\207yh\003s\200\2076h\207p\240\007t\000\350A\036\352\241\034\000\302\035\336\241\r\350A\036\302\001\036\340!\035\334\341\034\332\240\035\302\201\036\320\001\240\007y\250\207r\000\210y\240\207p\030\207uh\003x\220\207w\240\207r\030\007zx\007yh\003q\250\007s0\207r\220\2076\230\207t\320\207r\000\360\000 \350!\034\344\341\034\312\201\036\332`\034\340\241\036\200qx\007y\240\207r\300\2076h\2079\000\bz\b\007y8\207r\240\20760\207r\b\007z\250\007y(\207y\000\326\000\035\356\201\034\322\301\036\330`\r\350\001\035\352\241\035\304\241\r\332\341\035\310\241\034\330\240\r\306A\036\306\201\r\332\200\034\336\201\036\340A\036\336\201\034\330\240\r\310a\036\340\201\r\332\000\035\356\201\034\322\301\036\332 \034\344\241\035\330\240\r\344!\034\346\001 \352\301\035\346!\034\314\241\034\332\300\034\340\241\r\332!\034\350\001\035\000s\b\007v\230\207r\000\210z\230\207rh\203yx\007s\240\20760\007vx\207p\240\007\300\034\302\201\035\346\241\034\200\r\004\001\000b\260\301(\002`\001\250\r\210\361\377\377\377\377\003 \001\024P\007\033\220\343\377\377\377\377\007\300\000$`\332@ \001p\006\000\000\000I\030\000\000\004\000\000\000\023\202`B L\030\006\242\230\020\030\023\204\003\001\211 \000\000;\000\000\0002\"H\t d\205\004\223\"\244\204\004\223\"\343\204\241\220\024\022L\212\214\013\204\244L\020|s\004\b\2019\00208I\232\"J\230|6\025\377\026{\210\216(\020\"\204\020B\bA\343,i\212(a\362\331T\374\305\006\231Z\354!:\242@\213\020B\b!\204\020b\216\000:M\232\"J\230\374\316\324~\356\000\232\206X\376\026{\210\216(\020!\204\020t\316\222\246\210\022&\2773\265_l\220\251\305\036\242#\nt\b!\204\020b\004\200\\\021\324\"v\2324E\2240\371\377\337\231\332\037\002\315\260\020-\366\020\035Q\240\004%!BkM\220,\202z\004O\223\246\210\022&\377\377\331T\374C\240\031\026\242\305\036\242#\n\364\220\022\214\t\306\254\025\243\020\242\b\342\321,\002xT\007\002\n\241\356\275\204\347\b\202)\000\022s\004\240@\004\000\000\023,z@\207zh\007q\260\207;h\2076\b\007yh\2076p\207wp\207rh\203r\b\007qH\207\roP\016m\320\016zP\016m\000\017z0\007r\240\007s \007m\220\016v@\007z`\007t\320\006\366\020\007r\200\007z`\007t\240\007q \007x\320\006\341\240\007p\240\007s \007m\340\016s \007m0\013v@\007J\017\b\021\022@\206\214\024\t\0014B\230\234\352\201\313\365\"\312\323\366\262|\376\232R\2333\2311\206\307\177\221A\346\227(O\333\313\362\327T>~\315\351\355\231\314\034\303\343\277\3500\373;\207\247\277e\274k\274\003\0020@0\200\000\b\000\001\000\000 \030\"a\314\004\000@\000\000\001 \000\000\000\000\301\020\211\f\036\b\b\000\001\000\000@\000\000\000\000\200!\322\034L\025\000\000\003\000\004\200\000\000\000\000\004C$Sp0 \000\b\000\000\000\000\000\000\000\000$6\b\024\256C\000\000\310\002\001\023\000\000\0002\036\230\030\031\021L\220\214\t&G\306\004C\002#\000$\212\240\fJ\240\020F\000\250\217\000\024BA\024F\201\024J\301\024N\001\025RA\025X\241\025[\301\025^\361\025`@!\006\024d@a\006\024h@\241\006\024l@a\001\000\000\261\030\000\000t\000\000\0003\b\200\034\304\341\034f\024\001=\210C8\204\303\214B\200\007yx\007s\230q\f\346\000\017\355\020\016\364\200\0163\fB\036\302\301\035\316\241\034f0\005=\210C8\204\203\033\314\003=\310C=\214\003=\314x\214tp\007{\b\007yH\207pp\007zp\003vx\207p \207\031\314\021\016\354\220\016\3410\017n0\017\343\360\016\360P\0163\020\304\035\336!\034\330!\035\302a\036f0\211;\274\203;\320C9\264\003<\274\203<\204\003;\314\360\024v`\007{h\0077h\207rh\0077\200\207p\220\207p`\007v(\007v\370\005vx\207w\200\207_\b\207q\030\207r\230\207y\230\201,\356\360\016\356\340\016\365\300\016\3540\003b\310\241\034\344\241\034\314\241\034\344\241\034\334a\034\312!\034\304\201\035\312a\006\326\220C9\310C9\230C9\310C9\270\3038\224C8\210\003;\224\303/\274\203<\374\202;\324\003;\260\303\f\307i\207pX\207rp\203th\007x`\207t\030\207t\240\207\031\316S\017\356\000\017\362P\016\344\220\016\343@\017\341 \016\354P\0163 (\035\334\301\036\302A\036\322!\034\334\201\036\334\340\034\344\341\035\352\001\036f\030Q8\260C:\234\203;\314P$v`\007{h\0077`\207wx\007x\230QL\364\220\017\360P\0163\036j\036\312a\034\350!\035\336\301\035~\001\036\344\241\034\314!\035\360a\006T\205\2038\314\303;\260C=\320C9\374\302<\344C;\210\303;\260\303\214\305\n\207y\230\207w\030\207t\b\007z(\007r\230\201\\\343\020\016\354\300\016\345P\016\3630#\301\322A\036\344\341\027\330\341\035\336\001\036\000\000\000\000y \000\000\300\003\000\000b\036H C\210\f\0319\031$\220\221@\306\310\310h\"P\b\0242\236\030\031!G\310\220Q$\007Z\020\351\000\000\000\000z\320\nxp\007\214\221 \013\243\334\3014aR5\335\3014IU\205Ml\200`zp4\215\2444\222\024M\210\036,\304\243(\210\263(\312bDFQ\020OA%\323\364P\006DEIbL\020\201\f\005A \0132D\210\3414\303 \b\205a\034\004\000\000../Drivers/STM32F1xx_HAL_Driver/Src\\stm32f1xx_hal_spi_ex.cF:\\SkyDrive\\OtvoreniProjekti\\HotelSaplast\\fw\\RoomController\\DE-160318\\MDK-ARMComponent: ARM Compiler 6.10.1 Tool: armclang [5d143200]../Drivers/STM32F1xx_HAL_Driver/Inc/stm32f1xx_hal_def.hunsigned intHAL_OKHAL_ERRORHAL_BUSYHAL_TIMEOUTHAL_UNLOCKEDHAL_LOCKED../Drivers/STM32F1xx_HAL_Driver/Inc\\stm32f1xx_hal_dma.hHAL_DMA_STATE_RESETHAL_DMA_STATE_READYHAL_DMA_STATE_READY_HALFHAL_DMA_STATE_BUSYHAL_DMA_STATE_TIMEOUTHAL_DMA_STATE_ERROR../Drivers/STM32F1xx_HAL_Driver/Inc\\stm32f1xx_hal_spi.hHAL_SPI_STATE_RESETHAL_SPI_STATE_READYHAL_SPI_STATE_BUSYHAL_SPI_STATE_BUSY_TXHAL_SPI_STATE_BUSY_RXHAL_SPI_STATE_BUSY_TX_RXHAL_SPI_STATE_ERRORC:\\Keil\\ARM\\ARMCLANG\\Bin\\..\\include\\stdint.huint32_tuCRCErrorWorkaroundCheck../Drivers/STM32F1xx_HAL_Driver/Src/stm32f1xx_hal_spi_ex.cuint8_tunsigned charDwarf VersionDebug Info Versionwchar_sizestatic_rwdataenumsize_buildattrarmlib_unavailableSPI_HandleTypeDef__SPI_HandleTypeDefInstance../Drivers/CMSIS/Device/ST/STM32F1xx/Include/stm32f103xb.hSPI_TypeDefInitSPI_InitTypeDefpTxBuffPtrTxXferSizeuint16_tunsigned shortTxXferCountpRxBuffPtrRxXferSizeRxXferCounthdmatxDMA_HandleTypeDefhdmarxRxISRTxISRLockHAL_LockTypeDefStateHAL_SPI_StateTypeDefErrorCode__DMA_HandleTypeDefDMA_Channel_TypeDefDMA_InitTypeDefHAL_DMA_StateTypeDefParentXferCpltCallbackXferHalfCpltCallbackXferErrorCallbackDirectionPeriphIncMemIncPeriphDataAlignmentMemDataAlignmentModePriorityCCRCNDTRCPARCMARDataSizeCLKPolarityCLKPhaseNSSBaudRatePrescalerFirstBitTIModeCRCCalculationCRCPolynomialCR1CR2SRDRCRCPRRXCRCRTXCRCRI2SCFGRhspi\000\000\346\224\003\000\000\000\000\0000\202 \030#\b\3021\202  #\bB2\202 (\2631\303:t@N\224\302N\000\001\000\000CM\001#\017C\000\000@ \0235\001\340\004\000\000\001\000\214\004\r\023\360\017\242\000\000\340\001\000\000x\000\000\000\214\004\r\023P\026s\002\000 \001\000@y\000\000\000\214\004\r\023(\374\003H\000\000\370\000\000\200\033\000\000\000#A\303\004\240D(\000\000\270\000\000\020\037\000\000\000#A\303\004\224\205\376\000\000\210\000\000\240\037\000\000\000#A\303\204\006(\321\017\000\000^\000\000\224\006\000\000\300@\005\020\b\0000P\001\020\002\000\314c\000dP\200\001p\2143\b\2001\316 \b\3078\203@ \343\f\202\221\314@\324\203=\334\003>\214\004\t\0040\017y\000\320\003\030\000\000\220\017\000\000\000\343\f\002\240\2143\b\3022\203\260\017\3740\022$\020\300<\220\002@\017`\000\000@?\000\000\000\fT\000\214\000\000\343\f\002\320\2143\b\2023\316 \210\3013\316 \020\3208\203`D\343\f\002\"\315`\200DH\210\304H\220DI\214\004\t\004\360\017\352\000\320\003\030\000\000`\022\000\000\000\003\025\300$\000\3008\203\000P\343\f\202P\2153\b\2045\316 \220\3015\316 \220\0026\316 \220C6\316 \030\332\fGJ\250\304J\260DK\270\304K\214\004\t\004\200\022\355\000\320\003\030\000\000\000\023\000\000\0003\020\372\340\017'\021\023\003\025\300&\000\300D\r`q3\001\n\000=\000\000\000\000\300\f\001ML\027\030S\006\003\240\01661Cp\023\003\025\200'\000\300<\006@\006`\200\000\310D\r`}3\341\007\200N\000\000\000\000\300\fC9\204\2019\3140\224\203\030\230\303\f\3039\214\001:\3140\234\003\031\234\303\f\3039\224A9\3140\234\203\031\244\303\f\3010Q\003Xg\200\022=\001\304\003\000\000\000\000L\324\000\017\000\000\300X\200\001\000\000\0000P\001\250\201\000\000\0235\200\265\006eAB\000<\000\000\000\000\300D\r\360\000\000\000\230\005\030\000\000\000\000\0235@\223\006(\361\017\361p\026`\000\000\000\000L\324\000V\033\240\004:\000\357\000\000\000\000\000\0235@\303\006(\021\022\361\220\026\340\002\200\001\000\000\0235\300\003\000\000\260\023`\000\000\000\000L\324\000\215\033\240\304H\304\303Z\200\001\0002\000\000\314c\000d\020\007\020pL\324\000\026\034\314\304\037\000m\001\000\000\000\000\0235@\363\006(Q\022\361\340\026\020\0006\000\000L\324\000\215\034\240\304I\304\203[@\000\334\000\0000Q\0034s\200\022)\021\017k\001\006\000\350\000\0000Q\0034t\200\022+\021\017n\001\001\340\003\000\300D\r\320\324\001J\264D<\270\005\004\300\017\000\000\0235\200u\007\3770\023\200;\000\000\000\000\300D\r\360\000\000\000\320\005\030\000\000\000\000\0235@c\007(\361\022\361P\027`\000\200\020\000\000\0235@\203\007(\021\023\361P\027`\000\200\021\000\000\0235\300\003\000\000\020\017`\000\000\000\000\314 \000x1\023!\000y\001L\324\000\017\000\000\200^\200\001\000\000\0000Q\0034y\200\0223\021\017{\001\006\000(\001\0000Q\0034z\200\0225\021\017{\001\006\0008\001\0000Q\003X|0\017\250\000\370\003\000\000\000\000L\324\000\315\036\240\304M\304\203_\200\001\000R\000\000L\324\000\226\037\240\304=\0001\001\000\000\000\000\0235@\035\000\000\000\200\006\000\000\000\000L\324\000M\037\240DN\304Ch\200\001\000V\000\000L\324\000u\000\000\000@\023\000\000\000\0000Q\0034\177\200\022;\021\017\243\001\006\000h\001\0000\303\203\026j\301\026o\001\027q!\027sa\027w\301\027}\361\027\242A\032\0235\200\025\ne\221'@;\000\000\000\000\300D\r\360\000\000\000\230\006\030\000\000\000\000\0235@\223\006\377 \022\356p\032`\000\000\000\000L\324\000\226(\374\303.\000\354\000\000\000\000\000\0235@\303\006\377@\022\356\220\032\340\001\200\001\000\000\0235@\263\007\377`\022\356\340\027`\000\200\b\000\000\0235\2005\n\377 \017\300I\000\000\000\000\300D\r\320\364\301?\240\204;\260\006\030\000`\002\000\300D\r\360\000\000\000\000`\000\000\000\000L\324\000\r)\374\203J\270\203k\200\001\000*\000\000L\324\000\017\000\000\200;\200\001\000\000\0000\203\000\300\306L\204\000\304\0060Q\003<\000\000\000\262\001\006\000\000\000\300D\r\320\224\302?\260\204;\314\006\030\000\340\002\000\300D\r\320\230\302?\270\204;\314\006\030\000 \003\000\300D\r\320\234\302?\300\204;\314\006\030\000`\003\000\300D\r\320\374\301?\310\204;\214\006\030\000\240\003\000\300\f\tj\250\306j\264\306k\320Fm\330\306mL\324\000\r*\374\003)\260\003M\200\001\000\000\0000Q\0034\251\360\017\250\300\0164\001\006\000\030\000\0000Q\0034\252\360\017\253\300\0164\001\006\000(\000\0000Q\0034\253\360\017\256\300\0164\001\006\0008\000\0000Q\0034\254\360\017\261\300\0164\001\006\000H\000\0000Q\0034\255\360\017\264\300\0164\001\006\000X\000\0000Q\0034\256\360\017\271\300\0164\001\006\000h\000\0000\303\221\033\272\261\033\274\321\033\276\361\033\0235@\363\neQ'\3550\032`\000\000\000\000L\324\000\r,\224\205\235\264\303h\200\001\000\006\000\000L\324\000M,\224\305\235\264\303h\200\001\000\n\000\000L\324\000\215,\224\005\236\264\303h\200\001\000\016\000\000\314@\204\207x\214\007yL\324\000M+\240\304(\274\003M\200\001\000\000\0000Q\0034\250\200\022\246\360\0164\001\006\000\030\000\0000Q\0034\263\200\022\251\360\0164\001\006\000(\000\0000Q\0034\264\200\022\254\360\0164\001\006\0008\000\0000Q\0034\265\200\022\257\360\0164\001\006\000H\000\0000Q\0034\266\200\022\262\360\0164\001\006\000X\000\0000Q\0034\267\200\022\266\360\0164\001\006\000h\000\0000Q\0034\270\200\022\274\360\0164\001\006\000x\000\0000Q\0034\271\200\022\277\360\0164\001\006\000\210\000\0000Q\0034\272\200\022\342\360\0164\001\006\000\230\000\0000Q\0034\273\200\022\345\360\0164\001\006\000\250\000\0000\303b\036\347\201\036\351\241\036\353\301\036\355\341\036\357\001\037\0235@\303\013e\301?\3600\032`\000\000\000\000L\324\000M/\224E\377\300\303h\200\001\000\006\000\000L\324\000\215/\224\205\377\300\303h\200\001\000\n\000\000L\324\000\315/\224\305\377\300\303h\200\001\000\016\000\000L\324\000\r8\224\005\b\301\303h\200\001\000\022\000\000L\324\000M8\224E\b\301\303h\200\001\000\026\000\000L\324\000\2158\224\205\b\301\303h\200\001\000\032\000\000L\324\000\3158\224\305\b\301\303h\200\001\000\036\000\000\314\200\310\307|\320G}\330\307}\340G~\234M\000\034\307q\034<\350\004J\240\204K\240\004J\270\204\033\270\001(\210\201\030\210\201\030\200\202K\210\201\030\240\201K\270\201\030\210\001\032\210\201\030\210\001.\270\204\033\210\201\030\210\001\032\240\001\032\210\0019\270\004(\270\001<p\026\035pn\000\n\360@\007t@\007t@\007t`\331\203:\320\201=\250\203H\330\003J\250\003J\200\202=\210\204H\240\204H\210\204=\250\003J\240\204:\210\201\033\250\003J\240\204=\240\204=\250\003J\250\003J\220\206=\250\203H\330\003J\240\204=\240\0049\240\204:\210\201\033\250\003J\240\004J\240\004?\210\004J\240\004J\240\004J\240\0049\210\004J\240\004J\200\202H\240\004J\240\004J\240\004J\240\004J\240\004J\320\204H\240\004J\240\004J\240\004J\240\204\214\004&(\02766\2736\0272\2613\227\261\272Q\002u\310\210\215\315\256\315\245\355\215\254\216\255\314\305\214-\354ln\024c'x\242'|\342'\300\"\02566\2736\2274\26227\272Q\202\260\0302\030\000\300&\000\251\030\000\000\023\000\000\000\013\nr(\207w\200\007zXp\230C=\270\3038\260C9\320\303\202\346\034\306\241\r\350A\036\302\301\035\346!\035\350!\035\336\301\035\026(\342P\016\346\360\016\362P\016\351\340\016\363@\017\013\222p0\007z(\007yH\007w\230\007z\000\321\020\000\000\006\000\000\000\007\314<\244\203;\234\003;\224\003=\240\203<\224C8\220\303\001\000\000\000a \000\000M\001\000\000\023\004E,\020\000\000\000\007\000\000\000$\312\2414j0\240\024\n\020\241\030J\242@\n\242(j\020\2448\350\215\000\000\000\000\3610\000\000\210\000\000\000\"G\310\220Q\"\b.\000\000\000\000L\264<\0210\024\000\000HAL_SPI_InitHAL_StatusTypeDefany pointeromnipotent charSimple C/C++ TBAAintshort\023\204n\231 t\314\004\241k&\b\2353A\350\236\tB\007M\020\272h\202\320I\023\204n\232 t\324\004\241\253&\b\2355A\350\256\tB\207M\020\272l\202\320i\023\204n\233 t\334\004\241\353&\b\2357A\350\276\tB\007\006\023\204.\f&\b\235\030L\020\2721XU\r9\261\037@N\210\203\230\000\3018\000\000\000\"\301:\000\000\231\000\300\254\"\340\221\234(\007cV\021\360HN\340\2031\253\b|$'\362aX\324\000\026\177\314\303\037\000\372\000\000\000\000\000\033\0040!\213M\204\000\204\t0.\021x\204\034rB\034\310\"\000\200\r\301\230l\b\376c\303\340\037e2\"\033\206\3760\223\021\3310\204\210\231\214\310\206\013D\320dD\320\204D\320\244D\320\304D\320\344D\320\004E\320$E\320DE\320dE\320\204E\320\244E6\f\"b&#\262\341C\2033\031\2214!\2213q\0215y\0215\201\2213\211\0215\221\0215\231\2213\241\2213\251\2213\261\2213\271\0213\301\0213\311\0214\321\221\r\303\232\230I\216l\030\326\344LFdC\004\"h2\"hB\"hR\"hb\"hr\"h\202\"h\222\"h\242\"\033\0067A\223\021\3310\254\t\232\220\310\206aM\320\244D6\fk\202&&\262aX\02349\221\r\303\232\240\t\212l\030\326\004MRd\303\260&h\242\"\033\2065A\223\025\3310\254\t\232\264\310\206aM\320\204E6\fn\202&$\262aX\0234\331\221\r\203\233\240\311\211l\030\334\004MTd\303`&f2\"\033\2065A\023\035\231 <d\000\000#\006\007\000\202`\200\271\301|\377\377\377\0170\376\377\377?\364\374\377\377\3770c@\210\303\034\360\b0\334\340\004`0c@\224\303\322#\300,\003\021\0043\006D9\030<\002l9<i\320\314\030\020\370\300\370\b@\201\230\023\006\300pC\260\006`0c@\340\203\344#\300,\2030\0043\006\004>\030<\002\214\030\024E\b\202\001D\007\322\214\001\261\017\305\217\000\263\004\303\214\001\301\017\303\217\000\303\006\304\000\007C0c@\370\303\303#\300\226\203\304\006l0c@\204\304\300#\000\005dL\030\000{\f\201\033\270\301\204\001@\201\230\023\006@\005\223N\030\000\303\006\304\020\f\301\204\001\260%q\305\301\034\304\301\214\001a\022\003\217\000\024\2101a\000lIdsP\007u0a\000P \306\204\001P\301\260\023\006\300\226\004g\007x\240\007\023\006\000\005bL\030\0005\004;a\000lI|y\260\007|0a\000P \306\204\001PC\260\023\006\300\226\204\030\360\201\037\364\301\204\001@\201\030\023\006@\r\301N\030\000[\022e\360\007\241\020\006\023\006\000\005bL\030\000\025\210\201N\030\000E\004;a\000lI\244\301(\224\302\030L\030\000\024\2101a\000\324\020\354\204\001\260%\301\006\246\200\nk0a\000P \306\204\001PC\260\023\006\300\226\304\033\244\302*\240\301\204\001@\201\030\023\006@\r\301N\030\000\303\006\204\027\f\301\204\001P\214\032\340\214\001\261\022\003\217\000\025\270\202N\030\000[\022t\340\n\260\260\006\023\006\000\005bL\030\000\025\f;a\000\3541\220A,\314\302\204\0010l@\004\302\020L\030\000[\022x \013\264\340\0063\006\304K\f<\002P \306\204\001\260\307p\006\264P\013\023\006\300\260\001\021\bC0a\000\3541\240A-\350\301\214\0011\023\003\217\000\024\2109a\000T \007:a\000\f\033\020C0\004\023\006\300\260\001!\016\275\020\0003\006\304Op<\002l9\370\001.\310\301\214\001!\026\t\217\000\303\006D\220\013C0c@\210\305\304#\300\260\001\001\007\2730\0043\006\304X<<\002\314\022\0203\006DY\f<\002\fT\br1\330\005\220\301\214\001a\026\001\217\000\0011\000\000!\000\000\000[\004`G\266\fD\260&[\206$X\223-\303\022\260\311\226\241\t\334d\313\360\004n\262e\210\2027\3312L\001\234l\031\254 N\266\fY '[\006.\230\223-\303\027\320\311\226a\f\202:\3312\230A`'[\2064\b\356d\313\260\006\201\233l\031\336 \300\223-\203\034\004y\262e\240\203@O\266\fv\020\354\311\226\001\017\002>\3312\350A\300'[\206=\b\372d\313\320\007\201\237l\031\374 X\023\000\000\000\000\000a \000\000+\000\000\000\023\004A,\020\000\000\000\001\000\000\000\004J\000\000\3610\000\000\026\000\000\000\"G\310\220Q\006\304\005\023\000\000\000SPI_ISCRCErrorValid\000\253\252!'\366\003\310\211\275\360\017 \340\013\000\000@$X\007\000\000\021\000\330 \354\004Yl\"\004\240?\200q\211\300\037\344\220\023{A\026\001\000l\b\376c\202\360\220\001\000#\006\007\000\202`\200\211\201\231\377\377\377\017h\376\377\377?\304\374\377\377\3770c@\354\005\034\360\007\220\301\214\001\221\032\003\177\000\0011\000\002\000\000\000[\004`?\000\000\000\000\000\000\000\000q \000\000\003\000\000\0002\016\020\"\204\001\371\r8\200\f\001\000\000\000\000e\f\000\0005\000\000\000\022\003\224\250\001\000\000\000\001\000\000\000T\000\000\000\b\000\000\000D\000\000\000\001\000\000\000P\000\000\000\000\000\000\000P\000\000\000\005\000\000\000\310\000\000\000\000\000\000\000\\\000\000\000\026\000\000\000r\000\000\000:\000\000\000\254\000\000\000\000\000\000\000\000\000\000\000\005\000\000\000\000\000\000\000\030\000\000\000\f\000\000\000\030\000\000\000\f\000\000\000\377\377\377\377\001$\000\000$\000\000\000\017\000\000\000$\000\000\000\017\000\000\000\377\377\377\377\b$\000\0003\000\000\000\023\000\000\0003\000\000\000\023\000\000\000\377\377\377\377\001$\000\000F\000\000\000\016\000\000\000F\000\000\000\016\000\000\000\377\377\377\377\b,\000\000\000\000\000\000\030\000\000\000\000\000\000\000\030\000\000\000\377\377\377\377\001\004\000\000\000\000\000\000]\f\000\000.\000\000\000\022\003\224l\001\000\000\000uCRCErrorWorkaroundCheckHAL_SPI_InitHAL_SPI_MspInitSPI_ISCRCErrorValidllvm.dbg.value7.0.0svnthumbv7m-arm-none-eabi../Drivers/STM32F1xx_HAL_Driver/Src/stm32f1xx_hal_spi_ex.c\000\000\000"
	.size	.Lllvm.embedded.module, 9096

	.section	.debug_str,"MS",%progbits,1
.Linfo_string0:
	.asciz	"Component: ARM Compiler 6.10.1 Tool: armclang [5d143200]" @ string offset=0
.Linfo_string1:
	.asciz	"../Drivers/STM32F1xx_HAL_Driver/Src\\stm32f1xx_hal_spi_ex.c" @ string offset=57
.Linfo_string2:
	.asciz	"F:\\SkyDrive\\OtvoreniProjekti\\HotelSaplast\\fw\\RoomController\\DE-160318\\MDK-ARM" @ string offset=116
.Linfo_string3:
	.asciz	"uCRCErrorWorkaroundCheck" @ string offset=194
.Linfo_string4:
	.asciz	"unsigned char"         @ string offset=219
.Linfo_string5:
	.asciz	"uint8_t"               @ string offset=233
.Linfo_string6:
	.asciz	"unsigned int"          @ string offset=241
.Linfo_string7:
	.asciz	"HAL_OK"                @ string offset=254
.Linfo_string8:
	.asciz	"HAL_ERROR"             @ string offset=261
.Linfo_string9:
	.asciz	"HAL_BUSY"              @ string offset=271
.Linfo_string10:
	.asciz	"HAL_TIMEOUT"           @ string offset=280
.Linfo_string11:
	.asciz	"HAL_UNLOCKED"          @ string offset=292
.Linfo_string12:
	.asciz	"HAL_LOCKED"            @ string offset=305
.Linfo_string13:
	.asciz	"HAL_DMA_STATE_RESET"   @ string offset=316
.Linfo_string14:
	.asciz	"HAL_DMA_STATE_READY"   @ string offset=336
.Linfo_string15:
	.asciz	"HAL_DMA_STATE_READY_HALF" @ string offset=356
.Linfo_string16:
	.asciz	"HAL_DMA_STATE_BUSY"    @ string offset=381
.Linfo_string17:
	.asciz	"HAL_DMA_STATE_TIMEOUT" @ string offset=400
.Linfo_string18:
	.asciz	"HAL_DMA_STATE_ERROR"   @ string offset=422
.Linfo_string19:
	.asciz	"HAL_SPI_STATE_RESET"   @ string offset=442
.Linfo_string20:
	.asciz	"HAL_SPI_STATE_READY"   @ string offset=462
.Linfo_string21:
	.asciz	"HAL_SPI_STATE_BUSY"    @ string offset=482
.Linfo_string22:
	.asciz	"HAL_SPI_STATE_BUSY_TX" @ string offset=501
.Linfo_string23:
	.asciz	"HAL_SPI_STATE_BUSY_RX" @ string offset=523
.Linfo_string24:
	.asciz	"HAL_SPI_STATE_BUSY_TX_RX" @ string offset=545
.Linfo_string25:
	.asciz	"HAL_SPI_STATE_ERROR"   @ string offset=570
.Linfo_string26:
	.asciz	"uint32_t"              @ string offset=590
	.section	.debug_abbrev,"",%progbits
	.byte	1                       @ Abbreviation Code
	.byte	17                      @ DW_TAG_compile_unit
	.byte	1                       @ DW_CHILDREN_yes
	.byte	37                      @ DW_AT_producer
	.byte	14                      @ DW_FORM_strp
	.byte	19                      @ DW_AT_language
	.byte	5                       @ DW_FORM_data2
	.byte	3                       @ DW_AT_name
	.byte	14                      @ DW_FORM_strp
	.byte	16                      @ DW_AT_stmt_list
	.byte	6                       @ DW_FORM_data4
	.byte	27                      @ DW_AT_comp_dir
	.byte	14                      @ DW_FORM_strp
	.ascii	"\264B"                 @ DW_AT_GNU_pubnames
	.byte	12                      @ DW_FORM_flag
	.byte	0                       @ EOM(1)
	.byte	0                       @ EOM(2)
	.byte	2                       @ Abbreviation Code
	.byte	52                      @ DW_TAG_variable
	.byte	0                       @ DW_CHILDREN_no
	.byte	3                       @ DW_AT_name
	.byte	14                      @ DW_FORM_strp
	.byte	73                      @ DW_AT_type
	.byte	19                      @ DW_FORM_ref4
	.byte	63                      @ DW_AT_external
	.byte	12                      @ DW_FORM_flag
	.byte	58                      @ DW_AT_decl_file
	.byte	11                      @ DW_FORM_data1
	.byte	59                      @ DW_AT_decl_line
	.byte	11                      @ DW_FORM_data1
	.byte	0                       @ EOM(1)
	.byte	0                       @ EOM(2)
	.byte	3                       @ Abbreviation Code
	.byte	22                      @ DW_TAG_typedef
	.byte	0                       @ DW_CHILDREN_no
	.byte	73                      @ DW_AT_type
	.byte	19                      @ DW_FORM_ref4
	.byte	3                       @ DW_AT_name
	.byte	14                      @ DW_FORM_strp
	.byte	58                      @ DW_AT_decl_file
	.byte	11                      @ DW_FORM_data1
	.byte	59                      @ DW_AT_decl_line
	.byte	11                      @ DW_FORM_data1
	.byte	0                       @ EOM(1)
	.byte	0                       @ EOM(2)
	.byte	4                       @ Abbreviation Code
	.byte	36                      @ DW_TAG_base_type
	.byte	0                       @ DW_CHILDREN_no
	.byte	3                       @ DW_AT_name
	.byte	14                      @ DW_FORM_strp
	.byte	62                      @ DW_AT_encoding
	.byte	11                      @ DW_FORM_data1
	.byte	11                      @ DW_AT_byte_size
	.byte	11                      @ DW_FORM_data1
	.byte	0                       @ EOM(1)
	.byte	0                       @ EOM(2)
	.byte	5                       @ Abbreviation Code
	.byte	4                       @ DW_TAG_enumeration_type
	.byte	1                       @ DW_CHILDREN_yes
	.byte	73                      @ DW_AT_type
	.byte	19                      @ DW_FORM_ref4
	.byte	11                      @ DW_AT_byte_size
	.byte	11                      @ DW_FORM_data1
	.byte	58                      @ DW_AT_decl_file
	.byte	11                      @ DW_FORM_data1
	.byte	59                      @ DW_AT_decl_line
	.byte	11                      @ DW_FORM_data1
	.byte	0                       @ EOM(1)
	.byte	0                       @ EOM(2)
	.byte	6                       @ Abbreviation Code
	.byte	40                      @ DW_TAG_enumerator
	.byte	0                       @ DW_CHILDREN_no
	.byte	3                       @ DW_AT_name
	.byte	14                      @ DW_FORM_strp
	.byte	28                      @ DW_AT_const_value
	.byte	15                      @ DW_FORM_udata
	.byte	0                       @ EOM(1)
	.byte	0                       @ EOM(2)
	.byte	0                       @ EOM(3)
	.section	.debug_info,"",%progbits
.Lcu_begin0:
	.long	226                     @ Length of Unit
	.short	3                       @ DWARF version number
	.long	.debug_abbrev           @ Offset Into Abbrev. Section
	.byte	4                       @ Address Size (in bytes)
	.byte	1                       @ Abbrev [1] 0xb:0xdb DW_TAG_compile_unit
	.long	.Linfo_string0          @ DW_AT_producer
	.short	12                      @ DW_AT_language
	.long	.Linfo_string1          @ DW_AT_name
	.long	.Lline_table_start0     @ DW_AT_stmt_list
	.long	.Linfo_string2          @ DW_AT_comp_dir
	.byte	1                       @ DW_AT_GNU_pubnames
	.byte	2                       @ Abbrev [2] 0x1f:0xc DW_TAG_variable
	.long	.Linfo_string3          @ DW_AT_name
	.long	43                      @ DW_AT_type
	.byte	1                       @ DW_AT_external
	.byte	2                       @ DW_AT_decl_file
	.byte	69                      @ DW_AT_decl_line
	.byte	3                       @ Abbrev [3] 0x2b:0xb DW_TAG_typedef
	.long	54                      @ DW_AT_type
	.long	.Linfo_string5          @ DW_AT_name
	.byte	1                       @ DW_AT_decl_file
	.byte	62                      @ DW_AT_decl_line
	.byte	4                       @ Abbrev [4] 0x36:0x7 DW_TAG_base_type
	.long	.Linfo_string4          @ DW_AT_name
	.byte	8                       @ DW_AT_encoding
	.byte	1                       @ DW_AT_byte_size
	.byte	5                       @ Abbrev [5] 0x3d:0x21 DW_TAG_enumeration_type
	.long	94                      @ DW_AT_type
	.byte	4                       @ DW_AT_byte_size
	.byte	3                       @ DW_AT_decl_file
	.byte	57                      @ DW_AT_decl_line
	.byte	6                       @ Abbrev [6] 0x45:0x6 DW_TAG_enumerator
	.long	.Linfo_string7          @ DW_AT_name
	.byte	0                       @ DW_AT_const_value
	.byte	6                       @ Abbrev [6] 0x4b:0x6 DW_TAG_enumerator
	.long	.Linfo_string8          @ DW_AT_name
	.byte	1                       @ DW_AT_const_value
	.byte	6                       @ Abbrev [6] 0x51:0x6 DW_TAG_enumerator
	.long	.Linfo_string9          @ DW_AT_name
	.byte	2                       @ DW_AT_const_value
	.byte	6                       @ Abbrev [6] 0x57:0x6 DW_TAG_enumerator
	.long	.Linfo_string10         @ DW_AT_name
	.byte	3                       @ DW_AT_const_value
	.byte	0                       @ End Of Children Mark
	.byte	4                       @ Abbrev [4] 0x5e:0x7 DW_TAG_base_type
	.long	.Linfo_string6          @ DW_AT_name
	.byte	7                       @ DW_AT_encoding
	.byte	4                       @ DW_AT_byte_size
	.byte	5                       @ Abbrev [5] 0x65:0x15 DW_TAG_enumeration_type
	.long	94                      @ DW_AT_type
	.byte	4                       @ DW_AT_byte_size
	.byte	3                       @ DW_AT_decl_file
	.byte	68                      @ DW_AT_decl_line
	.byte	6                       @ Abbrev [6] 0x6d:0x6 DW_TAG_enumerator
	.long	.Linfo_string11         @ DW_AT_name
	.byte	0                       @ DW_AT_const_value
	.byte	6                       @ Abbrev [6] 0x73:0x6 DW_TAG_enumerator
	.long	.Linfo_string12         @ DW_AT_name
	.byte	1                       @ DW_AT_const_value
	.byte	0                       @ End Of Children Mark
	.byte	5                       @ Abbrev [5] 0x7a:0x2d DW_TAG_enumeration_type
	.long	94                      @ DW_AT_type
	.byte	4                       @ DW_AT_byte_size
	.byte	4                       @ DW_AT_decl_file
	.byte	106                     @ DW_AT_decl_line
	.byte	6                       @ Abbrev [6] 0x82:0x6 DW_TAG_enumerator
	.long	.Linfo_string13         @ DW_AT_name
	.byte	0                       @ DW_AT_const_value
	.byte	6                       @ Abbrev [6] 0x88:0x6 DW_TAG_enumerator
	.long	.Linfo_string14         @ DW_AT_name
	.byte	1                       @ DW_AT_const_value
	.byte	6                       @ Abbrev [6] 0x8e:0x6 DW_TAG_enumerator
	.long	.Linfo_string15         @ DW_AT_name
	.byte	17                      @ DW_AT_const_value
	.byte	6                       @ Abbrev [6] 0x94:0x6 DW_TAG_enumerator
	.long	.Linfo_string16         @ DW_AT_name
	.byte	2                       @ DW_AT_const_value
	.byte	6                       @ Abbrev [6] 0x9a:0x6 DW_TAG_enumerator
	.long	.Linfo_string17         @ DW_AT_name
	.byte	3                       @ DW_AT_const_value
	.byte	6                       @ Abbrev [6] 0xa0:0x6 DW_TAG_enumerator
	.long	.Linfo_string18         @ DW_AT_name
	.byte	4                       @ DW_AT_const_value
	.byte	0                       @ End Of Children Mark
	.byte	5                       @ Abbrev [5] 0xa7:0x33 DW_TAG_enumeration_type
	.long	94                      @ DW_AT_type
	.byte	4                       @ DW_AT_byte_size
	.byte	5                       @ DW_AT_decl_file
	.byte	109                     @ DW_AT_decl_line
	.byte	6                       @ Abbrev [6] 0xaf:0x6 DW_TAG_enumerator
	.long	.Linfo_string19         @ DW_AT_name
	.byte	0                       @ DW_AT_const_value
	.byte	6                       @ Abbrev [6] 0xb5:0x6 DW_TAG_enumerator
	.long	.Linfo_string20         @ DW_AT_name
	.byte	1                       @ DW_AT_const_value
	.byte	6                       @ Abbrev [6] 0xbb:0x6 DW_TAG_enumerator
	.long	.Linfo_string21         @ DW_AT_name
	.byte	2                       @ DW_AT_const_value
	.byte	6                       @ Abbrev [6] 0xc1:0x6 DW_TAG_enumerator
	.long	.Linfo_string22         @ DW_AT_name
	.byte	18                      @ DW_AT_const_value
	.byte	6                       @ Abbrev [6] 0xc7:0x6 DW_TAG_enumerator
	.long	.Linfo_string23         @ DW_AT_name
	.byte	34                      @ DW_AT_const_value
	.byte	6                       @ Abbrev [6] 0xcd:0x6 DW_TAG_enumerator
	.long	.Linfo_string24         @ DW_AT_name
	.byte	50                      @ DW_AT_const_value
	.byte	6                       @ Abbrev [6] 0xd3:0x6 DW_TAG_enumerator
	.long	.Linfo_string25         @ DW_AT_name
	.byte	3                       @ DW_AT_const_value
	.byte	0                       @ End Of Children Mark
	.byte	3                       @ Abbrev [3] 0xda:0xb DW_TAG_typedef
	.long	94                      @ DW_AT_type
	.long	.Linfo_string26         @ DW_AT_name
	.byte	1                       @ DW_AT_decl_file
	.byte	64                      @ DW_AT_decl_line
	.byte	0                       @ End Of Children Mark
	.section	.debug_ranges,"",%progbits
	.section	.debug_macinfo,"",%progbits
.Lcu_macro_begin0:
	.byte	0                       @ End Of Macro List Mark
	.section	.debug_pubnames,"",%progbits
	.long	.LpubNames_end0-.LpubNames_begin0 @ Length of Public Names Info
.LpubNames_begin0:
	.short	2                       @ DWARF Version
	.long	.Lcu_begin0             @ Offset of Compilation Unit Info
	.long	230                     @ Compilation Unit Length
	.long	31                      @ DIE offset
	.asciz	"uCRCErrorWorkaroundCheck" @ External Name
	.long	0                       @ End Mark
.LpubNames_end0:
	.section	.debug_pubtypes,"",%progbits
	.long	.LpubTypes_end0-.LpubTypes_begin0 @ Length of Public Types Info
.LpubTypes_begin0:
	.short	2                       @ DWARF Version
	.long	.Lcu_begin0             @ Offset of Compilation Unit Info
	.long	230                     @ Compilation Unit Length
	.long	94                      @ DIE offset
	.asciz	"unsigned int"          @ External Name
	.long	218                     @ DIE offset
	.asciz	"uint32_t"              @ External Name
	.long	43                      @ DIE offset
	.asciz	"uint8_t"               @ External Name
	.long	54                      @ DIE offset
	.asciz	"unsigned char"         @ External Name
	.long	0                       @ End Mark
.LpubTypes_end0:

	.ident	"Component: ARM Compiler 6.10.1 Tool: armclang [5d143200]"
	.section	".note.GNU-stack","",%progbits
	.ARM_attribute	16, 1	@ Tag_AV_eba
	.section	.debug_line,"",%progbits
.Lline_table_start0:
