	.text
	.syntax unified
	.eabi_attribute	67, "2.09"	@ Tag_conformance
	.cpu	cortex-m3
	.eabi_attribute	6, 10	@ Tag_CPU_arch
	.eabi_attribute	7, 77	@ Tag_CPU_arch_profile
	.eabi_attribute	8, 0	@ Tag_ARM_ISA_use
	.eabi_attribute	9, 2	@ Tag_THUMB_ISA_use
	.eabi_attribute	34, 1	@ Tag_CPU_unaligned_access
	.eabi_attribute	17, 1	@ Tag_ABI_PCS_GOT_use
	.eabi_attribute	20, 2	@ Tag_ABI_FP_denormal
	.eabi_attribute	21, 0	@ Tag_ABI_FP_exceptions
	.eabi_attribute	23, 1	@ Tag_ABI_FP_number_model
	.eabi_attribute	24, 1	@ Tag_ABI_align_needed
	.eabi_attribute	25, 1	@ Tag_ABI_align_preserved
	.eabi_attribute	38, 1	@ Tag_ABI_FP_16bit_format
	.eabi_attribute	18, 4	@ Tag_ABI_PCS_wchar_t
	.eabi_attribute	26, 2	@ Tag_ABI_enum_size
	.eabi_attribute	14, 0	@ Tag_ABI_PCS_R9_use
	.file	"stm32f1xx_hal.c"
	.file	1 "C:\\Keil\\ARM\\ARMCLANG\\Bin\\..\\include" "stdint.h"
	.file	2 "../Drivers/STM32F1xx_HAL_Driver/Src" "stm32f1xx_hal.c"
	.file	3 "../Drivers/STM32F1xx_HAL_Driver/Inc" "stm32f1xx_hal_def.h"
	.file	4 "../Drivers/CMSIS/Device/ST/STM32F1xx/Include" "stm32f103xb.h"
	.file	5 "C:/Keil/ARM/PACK/ARM/CMSIS/5.4.0/CMSIS/Core/Include" "core_cm3.h"
	.type	.Lllvm.embedded.module,%object @ @llvm.embedded.module
	.section	.llvmbc,"a",%progbits
	.p2align	4
.Lllvm.embedded.module:
	.asciz	"BC\300\3365\024\000\000\005\000\000\000b\f0$LY\276\346\356\323>-U\215\020\005\310\024\000\000!\f\000\000\250\n\000\000\013\002!\000\002\000\000\000\023\000\000\000\007\201#\221A\310\004I\006\02029\222\001\204\f%\005\b\031\036\004\213b\200\024E\002B\222\013B\244\0202\0248\b\030K\n2R\210H\220\024 CF\210\245\000\0312B\344H\016\220\221\"\304PAQ\201\214\341\203\345\212\004)F\006Q\030\000\000\212\002\000\000\033J'\370\377\377\377\377\0010\000\t\230\210qx\007y\220\207r\030\007z`\207|h\003yx\207zp\007r(\007rh\003rH\007{H\007r(\2076\230\207x\220\007zh\003s\200\2076h\207p\240\007t\000\314!\034\330a\036\312\001 \310\241\034\334\341\035\344\241\035\302\201\035\332\300\034\340\241\r\332!\034\350\001\035\000x\220\207r\230\207r\220\007{(\2076\230\207t8\007w\000\brH\207y\b\007q`\207rh\003z\b\207t`\2076\030\207p`\007v\230\007\300\034\302\201\035\346\241\034\000\202\035\312a\036\346\241\r\340A\036\312a\034\322a\036\312\241\r\314\001\036\332!\034\310\0010\207p`\207y(\007\200p\207wh\003s\220\207ph\207rh\003xx\207tp\007z(\007yh\203r`\207th\007\300\034\302\201\035\346\241\034\000\302\035\336\241\r\322\301\035\314a\036\332\300\034\340\241\r\332!\034\350\001\035\000z\220\207z(\007\200p\207wh\003u\250\207v\200\2076\240\207p\020\007v(\207y\000\314!\034\330a\036\312\001 \334\341\035\332\300\035\302\301\035\346\241\r\314\001\036\332\240\035\302\201\036\320\001\240\007y\250\207r\000\bwx\2076\230\207t8\007w(\007rh\003}(\007yx\207yh\003s\200\2076h\207p\240\007t\000\350A\036\352\241\034\000\302\035\336\241\r\350A\036\302\001\036\340!\035\334\341\034\332\240\035\302\201\036\320\001\240\007y\250\207r\000\210y\240\207p\030\207uh\003x\220\207w\240\207r\030\007zx\007yh\003q\250\007s0\207r\220\2076\230\207t\320\207r\000\360\000 \350!\034\344\341\034\312\201\036\332`\034\340\241\036\200qx\007y\240\207r\300\2076h\2079\000\bz\b\007y8\207r\240\20760\207r\b\007z\250\007y(\207y\000\326\000\035\356\201\034\322\301\036\330`\r\350\001\035\352\241\035\304\241\r\332\341\035\310\241\034\330\240\r\306A\036\306\201\r\332\200\034\336\201\036\340A\036\336\201\034\330\240\r\310a\036\340\201\r\332\000\035\356\201\034\322\301\036\332 \034\344\241\035\330\240\r\344!\034\346\001 \352\301\035\346!\034\314\241\034\332\300\034\340\241\r\332!\034\350\001\035\000s\b\007v\230\207r\000\210z\230\207rh\203yx\007s\240\20760\007vx\207p\240\007\300\034\302\201\035\346\241\034\200\rm#\374\377\377\377\377\000\030\300D\214\303;\310\203<\224\3038\320\003;\344C\033\310\303;\324\203;\220C9\220C\033\220C:\330C:\220C9\264\301<\304\203<\320C\033\230\003<\264A;\204\003=\240\003`\016\341\300\016\363P\016\000A\016\345\340\016\357 \017\355\020\016\354\320\006\346\000\017m\320\016\341@\017\350\000\300\203<\224\303<\224\203<\330C9\264\301<\244\3039\270\003@\220C:\314C8\210\003;\224C\033\320C8\244\003;\264\3018\204\003;\260\303<\000\346\020\016\3540\017\345\000\020\354P\016\3630\017m\000\017\362P\016\343\220\016\363P\016m`\016\360\320\016\341@\016\2009\204\003;\314C9\000\204;\274C\033\230\203<\204C;\224C\033\300\303;\244\203;\320C9\310C\033\224\003;\244C;\000\346\020\016\3540\017\345\000\020\356\360\016m\220\016\356`\016\363\320\006\346\000\017m\320\016\341@\017\350\000\320\203<\324C9\000\204;\274C\033\270C8\270\303<\264\2019\300C\033\264C8\320\003:\000\364 \017\365P\016\000\341\016\357\320\006\363\220\016\347\340\016\345@\016m\240\017\345 \017\3570\017m`\016\360\320\006\355\020\016\364\200\016\000=\310C=\224\003@\270\303;\264\001=\310C8\300\003<\244\203;\234C\033\264C8\320\003:\000\364 \017\365P\016\0001\017\364\020\016\343\260\016m\000\017\362\360\016\364P\016\343@\017\357 \017m \016\365`\016\346P\016\362\320\006\363\220\016\372P\016\000\036\000\004=\204\203<\234C9\320C\033\214\003<\324\0030\016\357 \017\364P\016\370\320\006\3550\007\000A\017\341 \017\347P\016\364\320\006\346P\016\341@\017\365 \017\3450\017\300\032\240\303=\220C:\330\003\033\254\001=\240C=\264\2038\264A;\274\0039\224\003\033\264\3018\310\3038\260A\033\220\303;\320\003<\310\303;\220\003\033\264\0019\314\003<\260A\033\240\303=\220C:\330C\033\204\203<\264\003\033\264\201<\204\303<\000D=\270\303<\204\2039\224C\033\230\003<\264A;\204\003=\240\003`\016\341\300\016\363P\016\000Q\017\363P\016m0\017\357`\016\364\320\006\346\300\016\357\020\016\364\000\230C8\260\303<\224\003\260\341t\206\377\377\377\377\037\000\003\200\003@\002&b\034\336A\036\344\241\034\306\201\036\330!\037\332@\036\336\241\036\334\201\034\312\201\034\332\200\034\322\301\036\322\201\034\312\241\r\346!\036\344\201\036\332\300\034\340\241\r\332!\034\350\001\035\000s\b\007v\230\207r\000\br(\007wx\007yh\207p`\20760\007xh\203v\b\007z@\007\000\036\344\241\034\346\241\034\344\301\036\312\241\r\346!\035\316\301\035\000\202\034\322a\036\302A\034\330\241\034\332\200\036\302!\035\330\241\r\306!\034\330\201\035\346\0010\207p`\207y(\007\200`\207r\230\207yh\003x\220\207r\030\207t\230\207rh\003s\200\207v\b\007r\000\314!\034\330a\036\312\001 \334\341\035\332\300\034\344!\034\332\241\034\332\000\036\336!\035\334\201\036\312A\036\332\240\034\330!\035\332\0010\207p`\207y(\007\200p\207wh\203tp\007s\230\20760\007xh\203v\b\007z@\007\200\036\344\241\036\312\001 \334\341\035\332@\035\352\241\035\340\241\r\350!\034\304\201\035\312a\036\000s\b\007v\230\207r\000\bwx\2076p\207pp\207yh\003s\200\2076h\207p\240\007t\000\350A\036\352\241\034\000\302\035\336\241\r\346!\035\316\301\035\312\201\034\332@\037\312A\036\336a\036\332\300\034\340\241\r\332!\034\350\001\035\000z\220\207z(\007\200p\207wh\003z\220\207p\200\007xH\007w8\2076h\207p\240\007t\000\350A\036\352\241\034\000b\036\350!\034\306a\035\332\000\036\344\341\035\350\241\034\306\201\036\336A\036\332@\034\352\301\034\314\241\034\344\241\r\346!\035\364\241\034\000<\000\bz\b\007y8\207r\240\2076\030\007x\250\007`\034\336A\036\350\241\034\360\241\r\332a\016\000\202\036\302A\036\316\241\034\350\241\r\314\241\034\302\201\036\352A\036\312a\036\2005@\207{ \207t\260\0076X\003z@\207zh\007qh\203vx\007r(\0076h\203q\220\207q`\2036 \207w\240\007x\220\207w \0076h\003r\230\007x`\2036@\207{ \207t\260\2076\b\007yh\0076h\003y\b\207y\000\210zp\207y\b\007s(\20760\007xh\203v\b\007z@\007\300\034\302\201\035\346\241\034\000\242\036\346\241\034\332`\036\336\301\034\350\241\r\314\201\035\336!\034\350\0010\207p`\207y(\007`C\352\020\377\377\377\377?\000\006\000\007\200\004L\000E\214\303;\310\203<\224\3038\320\003;\344C\033\310\303;\324\203;\220C9\220C\033\220C:\330C:\220C9\264\301<\304\203<\320C\033\230\003<\264A;\204\003=\240\003`\016\341\300\016\363P\016\000A\016\345\340\016\357 \017\355\020\016\354\320\006\346\000\017m\320\016\341@\017\350\000\300\203<\224\303<\224\203<\330C9\264\301<\244\3039\270\003@\220C:\314C8\210\003;\224C\033\320C8\244\003;\264\3018\204\003;\260\303<\000\346\020\016\3540\017\345\000\020\354P\016\3630\017m\000\017\362P\016\343\220\016\363P\016m`\016\360\320\016\341@\016\2009\204\003;\314C9\000\204;\274C\033\230\203<\204C;\224C\033\300\303;\244\203;\320C9\310C\033\224\003;\244C;\000\346\020\016\3540\017\345\000\020\356\360\016m\220\016\356`\016\363\320\006\346\000\017m\320\016\341@\017\350\000\320\203<\324C9\000\204;\274C\033\250C=\264\003<\264\001=\204\2038\260C9\314\003`\016\341\300\016\363P\016\000\341\016\357\320\006\356\020\016\3560\017m`\016\360\320\006\355\020\016\364\200\016\000=\310C=\224\003@\270\303;\264\301<\244\3039\270C9\220C\033\350C9\310\303;\314C\033\230\003<\264A;\204\003=\240\003@\017\362P\017\345\000\020\356\360\016m@\017\362\020\016\360\000\017\351\340\016\347\320\006\355\020\016\364\200\016\000=\310C=\224\003@\314\003=\204\3038\254C\033\300\203<\274\003=\224\3038\320\303;\310C\033\210C=\230\2039\224\203<\264\301<\244\203>\224\003\200\007\000A\017\341 \017\347P\016\364\320\006\343\000\017\365\000\214\303;\310\003=\224\003>\264A;\314\001@\320C8\310\3039\224\003=\264\2019\224C8\320C=\310C9\314\003\260\006\350p\017\344\220\016\366\300\006k@\017\350P\017\355 \016m\320\016\357@\016\345\300\006m0\016\3620\016l\320\006\344\360\016\364\000\017\362\360\016\344\300\006m@\016\363\000\017l\320\006\350p\017\344\220\016\366\320\006\341 \017\355\300\006m \017\3410\017\000Q\017\3560\017\341`\016\345\320\006\346\000\017m\320\016\341@\017\350\000\230C8\260\303<\224\003@\324\303<\224C\033\314\303;\230\003=\264\2019\260\303;\204\003=\000\346\020\016\3540\017\345\000l@\212\377\377\377\377\037\000\t\240\200:\330\200\030\377\377\377\377?\000\006 \001\323\006\343\370\377\377\377\377\0010\200\t\000\000I\030\000\000\005\000\000\000\023\202`B L\b\206\t\0011!(&\004\306\204\340\000\000\211 \000\000\022\000\000\0002\"H\t d\205\004\223\"\244\204\004\223\"\343\204\241\220\024\022L\212\214\013\204\244L\020Ls\004`@\240\004\200\304\b@\021\b\240R\004\000\350\224\200P*\004\001\000\320\032\b(\004i\255\221\233#\000\205)\2009\202\000\000\023,z@\207zh\007q\260\207;h\2076\b\007yh\2076p\207wp\207rh\203r\b\007qH\207\roP\016m\320\016zP\016m\000\017z0\007r\240\007s \007m\220\016v@\007z`\007t\320\006\366\020\007r\200\007z`\007t\240\007q \007x\320\006\341\240\007p\240\007s \007m\340\016s \007m0\013v@\007J\017\b\021\022@\206\214\024\021\0014B\230\234\316\201\313\365\"\312\323\366\262|\376\232R\2333\2311\206\307\177\221A\346\227(O\333\313\362\327T>~\315\351\355\231\314\034\303\343\277\3500\3335\336\001\001\006 h\303\000\000\000\000\000\000\020\f\221\fD\000\000 \000\200\000\020\000\000\000\200`\210\344p\005\020\000\002\000\000\200\000\000\000\000\000C$5`\016\000\200\002\000\b\000\001\000\000\000\b\206Hv\260$\000\000\r\000\020\000\002\000\000\000\020\f\221BA\021\000\000\030\000 \000\004\000\000\000 \030\"\255B\223\000\0004\000@\000\b\000\000\000@0D\302\005\351\000\002@\000\000\000\020\000\000\000\000`\210\244\016\223\000\004\200\000\000\000 \000\000\000\000\300\020\251\037\250\005\b\000\001\000\000@\000\000\000\000\200!RL,\t\000@\003\000\004\200\000\000\000\000\004C$\236X\004\000\200\006\000\b\000\001\000\000\000\b\206Hg\221\024\000\000\005\000\020\000\002\000\000\000\020\f\221\340\342I\000\000\032\000 \000\004\000\000\000 \030\"\375\205\223\000\0004\000@\000\b\000\000\000@0Dj\215H\000\000\200\000\200\000\020\000\000\000\200`\210\344\033\214\000\000\300\000\000\001 \000\000\000\000\301\020I=\030\001\000\200\001\000\002@\000\000\000\000\202!\222}t\t\000\000\003\000\004\200\000\000\000\000\004C\244\031\361\022\000\000\006\000\b\000\001\000\000\000\b\206Hq\302%\000\000\f\000\020\000\002\000\000\000\020\f\221Z\245K\000\000\030\000 \000\004\000\000\000 \030\"\251\313\227\000\0000\000@\000\b\000\000\000@0DJ\0310H\000\000\030\000 \000\004\000\000\000 \030\"\245\215\343\000\001P\000\000\000\000\000\000\000\000 \261A\240p\247\002\000@\026\b\013\000\000\0002\036\230\030\031\021L\220\214\t&G\306\004C\002#\000EP\006%P\b\004G\000\n\241 \n\243@\n\245`\n\247\200\n\t\000\000\000\261\030\000\000t\000\000\0003\b\200\034\304\341\034f\024\001=\210C8\204\303\214B\200\007yx\007s\230q\f\346\000\017\355\020\016\364\200\0163\fB\036\302\301\035\316\241\034f0\005=\210C8\204\203\033\314\003=\310C=\214\003=\314x\214tp\007{\b\007yH\207pp\007zp\003vx\207p \207\031\314\021\016\354\220\016\3410\017n0\017\343\360\016\360P\0163\020\304\035\336!\034\330!\035\302a\036f0\211;\274\203;\320C9\264\003<\274\203<\204\003;\314\360\024v`\007{h\0077h\207rh\0077\200\207p\220\207p`\007v(\007v\370\005vx\207w\200\207_\b\207q\030\207r\230\207y\230\201,\356\360\016\356\340\016\365\300\016\3540\003b\310\241\034\344\241\034\314\241\034\344\241\034\334a\034\312!\034\304\201\035\312a\006\326\220C9\310C9\230C9\310C9\270\3038\224C8\210\003;\224\303/\274\203<\374\202;\324\003;\260\303\f\307i\207pX\207rp\203th\007x`\207t\030\207t\240\207\031\316S\017\356\000\017\362P\016\344\220\016\343@\017\341 \016\354P\0163 (\035\334\301\036\302A\036\322!\034\334\201\036\334\340\034\344\341\035\352\001\036f\030Q8\260C:\234\203;\314P$v`\007{h\0077`\207wx\007x\230QL\364\220\017\360P\0163\036j\036\312a\034\350!\035\336\301\035~\001\036\344\241\034\314!\035\360a\006T\205\2038\314\303;\260C=\320C9\374\302<\344C;\210\303;\260\303\214\305\n\207y\230\207w\030\207t\b\007z(\007r\230\201\\\343\020\016\354\300\016\345P\016\3630#\301\322A\036\344\341\027\330\341\035\336\001\036\000\000\000\000y \000\000N\003\000\000b\036H C\210\f\0319\031$\220\221@\306\310\310h\"P\b\0242\236\030\031!G\310\220Q\\\007\\\320\343\000\000\000\000s\320\nxp\007\214\221 \213\036\f\223S5\317\022-L\202,\210\202(\212\242(\222$I\222$-\023\3254L\303DL\222$\f\3030I\262,\213\3438l\2004\213\0370\316\321\030\002A\f\0051 \210q\034\3040\020\207  \003a\314A#)\215$E\300\023\001\000../Drivers/STM32F1xx_HAL_Driver/Src\\stm32f1xx_hal.cF:\\SkyDrive\\OtvoreniProjekti\\HotelSaplast\\fw\\RoomController\\DE-160318\\MDK-ARMComponent: ARM Compiler 6.10.1 Tool: armclang [5d143200]../Drivers/STM32F1xx_HAL_Driver/Inc/stm32f1xx_hal_def.hunsigned intHAL_OKHAL_ERRORHAL_BUSYHAL_TIMEOUT../Drivers/CMSIS/Device/ST/STM32F1xx/Include/stm32f103xb.hintNonMaskableInt_IRQnHardFault_IRQnMemoryManagement_IRQnBusFault_IRQnUsageFault_IRQnSVCall_IRQnDebugMonitor_IRQnPendSV_IRQnSysTick_IRQnWWDG_IRQnPVD_IRQnTAMPER_IRQnRTC_IRQnFLASH_IRQnRCC_IRQnEXTI0_IRQnEXTI1_IRQnEXTI2_IRQnEXTI3_IRQnEXTI4_IRQnDMA1_Channel1_IRQnDMA1_Channel2_IRQnDMA1_Channel3_IRQnDMA1_Channel4_IRQnDMA1_Channel5_IRQnDMA1_Channel6_IRQnDMA1_Channel7_IRQnADC1_2_IRQnUSB_HP_CAN1_TX_IRQnUSB_LP_CAN1_RX0_IRQnCAN1_RX1_IRQnCAN1_SCE_IRQnEXTI9_5_IRQnTIM1_BRK_IRQnTIM1_UP_IRQnTIM1_TRG_COM_IRQnTIM1_CC_IRQnTIM2_IRQnTIM3_IRQnTIM4_IRQnI2C1_EV_IRQnI2C1_ER_IRQnI2C2_EV_IRQnI2C2_ER_IRQnSPI1_IRQnSPI2_IRQnUSART1_IRQnUSART2_IRQnUSART3_IRQnEXTI15_10_IRQnRTC_Alarm_IRQnUSBWakeUp_IRQnC:\\Keil\\ARM\\ARMCLANG\\Bin\\..\\include\\stdint.huint32_tFLASH_TypeDefRCC_TypeDefC:/Keil/ARM/PACK/ARM/CMSIS/5.4.0/CMSIS/Core/Include\\core_cm3.hSysTick_TypeDBGMCU_TypeDefuint8_tunsigned charIDCODECRCTRLLOADVALCALIBCFGRCIRAPB2RSTRAPB1RSTRAHBENRAPB2ENRAPB1ENRBDCRCSRACRKEYROPTKEYRSRARRESERVEDOBRWRPRuwTick../Drivers/STM32F1xx_HAL_Driver/Src/stm32f1xx_hal.cDwarf VersionDebug Info Versionwchar_sizestatic_rwdataenumsize_buildattrarmlib_unavailableHAL_StatusTypeDefomnipotent charSimple C/C++ TBAA\000\000\006\320\002\000\000\000\000\0000\202\000h#\b\3006\202\000p#\b@7\202\000d#\b\2207\202\000}#\b\020\030\214 @a0\202\000\211\301\b\0024\006#\b\020\031\214 @e0\202\000\231\301H\3200\001)\221&\000\000\n\000\000\314\006\000\000\300H\3200\001\250aW\000\000\022\000\000\344\006\000\000\300H\3200\001)\2017\000\000*\000\000\220\007\000\000\300H\3200\001)Q+\000\000&\000\000\270\007\000\000\300l\314\360\017\340\000\310\3078\300F\020\000\0000\324\0240 1\004\000\000\004\241\361\032@|\000\000\020\000\300@\005\020\b\0000P\001\020\002\000\314c\000dP\200\001p\2143\b\2001\316 \b\3078\203@ \343\f\202\221\314@\214\004I\224\204I\214\004\t\004\020\022y\000\210\004\030\000\000p\022\000\000\000\003\025\200\"\000\300<\006@\006\013\030\000\3058\003\2601\343\f@\326\2143\000\2273\316\000T\3178\0030A\343\f@\022\2153\000\2074\316\000\f\3238\003\020P\343\f\000P\2153\000\2025\316\000\020\3278\003``\343\f\000\222\2153\000\2126\316\0000\3338\003\340p\343\f\000\324\2153\000\2227\316\000P\3378\003`\201\3018\003\200\205\3018\003\240\211\3018\003\300\215\3018\003\340\221\3018\003\000\006e0\316\000\210\201\031\2143\000dp\006\343\f\200\031\240\3018\003\200\006i0\316\000\250\201\032\2143\000l\260\006\343\f\200\033\260\3018\003\000\007m0\316\000\310\201\033\2143\000t\360\006\343\f\200\035\300\3018\003\200\007q0\316\000\350\201\034\2143\000|0\007\343\f\200\037\320\3018\003\000\nu0\316\000\210\202\035\2143\000\244p\007\343\f\200)\340\3018\003\200\ny0\316\000\250\202\036\2143\000\254\260\007\343\f\200+\360\3018\003\000\013}0\316\000\310\202\037\2143\000\264\360\0073\320\301J\260DK\270\304K\300DL\310\304L\320DM\330\304M\340DN\350\304N\360DO\370\304O\200EX\210\305X\220EY\230\305Y\240EZ\250\305Z\260E[\270\305[\300E\\\310\305\\\320E]\330\305]\340E^\350\305^\360E_\370\305H\220@\000)q\013\200J\200\001\000\000\177\001\000\0000\203\200\022\2401P\001\200\202\000\000\0235\200\025\n\242\001\n\200H\000\000\000\000\300D\r`\211BJ\200\013\320\017\000\000\000\0000Q\003<\000\000\000\244\001\006\000\000\000\300D\r`\215BJ\230\016\300\017\000\000\000\0000Q\003<\000\000\000\246\001\006\000\000\000\300@\005@\n\002\000L\324\000V)\240\006_\001\373\000\000\000\000\000\0235\300\003\000\000\220\032`\000\000\000\000L\324\000\226)\244D\233\000\372\000\000\000\000\000\0235\300\003\000\000\260\032`\000\000\000\000\314c\000d\200\n\b\200L\324\000\326)\210\206\037\000\255\001\000\000\000\0003\030\243Q\032\247\241\032\254\341\032\0235@\035\000\000\000\214\006\000\000\000\000L\324\000M*\244\304\232\350\003l\200\001\000\000\0000Q\0034\252\220\022l\242\017\260\001\006\000\030\000\0000\203\020\033\2621Q\0034\253\200\032x\265\017\260\001\006\000\000\000\300D\r\320\260\002j\344\325>\300\006\030\000`\000\000\300D\r\320\264\002j\350\325>\300\006\030\000\240\000\000\300D\r`\006\000\000\000\260\001\000\000\000\000\0235@\343\n\250\261W\373p\033`\000\200\003\000\0003\020\264Q\033\266\201\033\0235@\243\n)\2417\374\000\033`\000\000\000\000L\324\000\315+\244\304\336\360\003l\200\001\000\006\000\000L\324\000\r,\244\004\337\360\003l\200\001\000\n\000\000L\324\000M,\244D\337\360\003l\200\001\000\016\000\000L\324\000\215,\244\204\337\360\003l\200\001\000\022\000\000L\324\000\315,\244\304\337\360\003l\200\001\000\026\000\000L\324\000\r-\244\004\350\360\003l\200\001\000\032\000\000L\324\000M-\244D\350\360\003l\200\001\000\036\000\000L\324\000\215-\244\204\350\360\003l\200\001\000\"\000\000L\324\000\315-\244\304\350\360\003l\200\001\000&\000\000\314\240\350\306n\360Fo\370\306o\200Gx\210\307xL\324\000\r.\244\304\255\364\003l\200\001\000\000\0000Q\0034\271\220\022\270\322\017\260\001\006\000\030\000\0000Q\0034\272\220\022\271\322\017\260\001\006\000(\000\0000Q\0034\273\220\022\272\322\017\260\001\006\0008\000\0000Q\0034\252\220\022\273\322\017\260\001\006\000H\000\0000Q\0034\274\220\022\274\322\017\260\001\006\000X\000\0000Q\0034\275\220\022\275\322\017\260\001\006\000h\000\0000Q\0034\276\220\022\276\322\017\260\001\006\000x\000\0000Q\0034\277\220\022\277\322\017\260\001\006\000\210\000\0000CR\036\346q\036\350\221\036\352\261\036\354\321\036\323\005\306\224\301\000\370\303{\314\020\300\307@\005\020\016\002\000\3140\260\2038\264\303\f\003;\214C;\3140\270\0039\274\303\f\203;\224\203;\3140\270\2039\260\303\f\203;\234\003<\314\020\f\0235\200\205\016!\361\007\000J\000\000\000\000\300\f\201~\314D\b\300~\0003\0003\004\3530\303\240\016\376\021\0173\f\313\177\304\303\f\0010\023!\000!\002\3140\200\b\210\304\303\f\301h\314D\b\000\211\0003$\351\000\"\361\000\"\362\000\"\363\000\"\3640\303`\" \022\0173\024\351\000\"\361\000\"\3620\303\200\" \022\0173\f(\002\"\362p?\001p\034\307q\034'\006b \006b \006b \006(\201\022(\201\022\366\240\023n\340\006\240 \006b \006b\000\n.\341\006\240 \006b \006b \006b \006b \006b \006b \006b \006b \006b \006b\200\006h\200\006h\200\006n\340\006n\340\006n\340\006n\340\006n\340\006n\340\006n\340\006n\340\006n\340\006n\340\006n\340\006n\340\006n\340\006n`R.\201\006t`\017\366\240\016\366\240\016t`\017\352`\017\352\000\n\366\200\013\352 \022(\201\006\"\201\022(\241\016(\001\n\"\201\022(\201\022(\201\022(\201\022(\201\022(!\022(\201\022(\201\022(\201\022(\201\022\374`\321\001G\007t@\007t@\007t@\007\226=pn\000qt\340\006\226\033\320\001\347\006\374@\007\254@\0072\022\230\240\\\330\330\354\332\\\310\304\316\\\306\352F\t\374!#66\2736\227\2667\262:\2662\0273\266\260\263\271Q\f\371\230\017\372\250\017\373\270\217T\330\330\354\332\\\322\310\312\334\350F\t\360c\310`\000\200\367\000\000\251\030\000\000\023\000\000\000\013\nr(\207w\200\007zXp\230C=\270\3038\260C9\320\303\202\346\034\306\241\r\350A\036\302\301\035\346!\035\350!\035\336\301\035\026(\342P\016\346\360\016\362P\016\351\340\016\363@\017\013\222p0\007z(\007yH\007w\230\007z\000\321\020\000\000\006\000\000\000\007\314<\244\203;\234\003;\224\003=\240\203<\224C8\220\303\001\000\000\000a \000\0009\000\000\000\023\004A,\020\000\000\000\004\000\000\000\004\n\0200\022\020\241@(\230\002\024\000\000\000\000\3610\000\000\025\000\000\000\"G\310\220Q\006\004\003\b\000\000\000HAL_Init\253\252A>V\004\220\217\236\340\017 \360\t\000\000@$\370\007\000\350\017\000\3300\245\003\210\304\003\210\310\003\210\314\003\210\320\003\210\324\003\210\330\003\210\334\003\210\340\003\210\344\303\206\241E@$\036\000\000\000\024\000\2173\006\304Y\f,\002T0\354\204\0010l@\f\201\023L\030\000#\006\205\021\202`P\254\2014c@\260\305\300\"\300\210Aq\204 \030\034j@\315\030\020o1\260\b0b@\034!\b\006\211\032\314\030\020r1\260\b\220\325\214\001Q\027\003\213\000\0011\004\000\000\000[\004`E\266\f@\320\"[\006!h\021\000\000\000\000\000\000a \000\000<\000\000\000\023\004A,\020\000\000\000\002\000\000\000\004\n\372\241\006\000\000\000\3610\000\000\027\000\000\000\"G\310\220Q\n\004\007\f\003\000\000HAL_InitTickTickPriority\253\252A>V\004\220\217\374x\021 \320\017\000\000@$\370\007\000\210\021\000\330 \350\307hl\"\004\300E\200q\211\320\",\"\037\3711\032\001\000l\b`d\202\000\240\001\000#\006\007\000\202`\340L:\376\377\377?\360\370\377\377\377\320\347\377\377\377\303\214\001\221\037p\320\"\300\210\001a\204 \030\bc0c@\360\207\325\"@\005\303\314\030\020\374\261\006-\002\214\030\024F\b\202\301a\006\301\214\001\301\037C\213\000#\006\207\021\202`\260\224\001aT3\006\304\177\f-\002d5c@\210\310\320\"@@\f\002\000\000\000[\004\200E\000\000\000\000\000\000\000\000a \000\000\027\000\000\000\023\004A<\f\000\000\000\r\000\000\000\"G\310\220Q\006\304\003\013\000\000\000HAL_MspInit\000\253\252A>V\004\220\217\333\020\021 \300\r\000\000@$\370\007\000\350\017\000\000\000\000\0008c@\360F\300\"@@\f\000\000\002\000\000\000[\004`E\000\000\000\000\000\000\000\000a \000\000@\000\000\000\023\004A,\020\000\000\000\006\000\000\000\004j\2400\201!\001\021\n\024\030\022\020\201\202)H1\005*\000\000\000\000\3610\000\000\031\000\000\000\"G\310\220Q\006\204\003\n\000\000\000HAL_DeInit\000\000\023\004\350\fVU\203|\254\b \037~\301\037@\360\027\000\000\200H\360\017\000\320\037\000\260\241J\007\020\211\007\020\221\007\020\231\007\020\241\007\020\251\007\020\261\007\020\271\007\020\301\007\020\311\007\020a\221\r\203\213\200\b=l\030\\\004D\352\001\000\303\006\204P\f\301\214\001\021\032C\213\000\303\006D@\025\301\214\001!\032C\213\000\303\006\204P\f\301\214\001A\032C\213\000\303\006\204@\r\301\214\001Q\032C\213\000#\006\304\021\202`\220\234\301\214\001\321\032C\213\000I\315\030\020\2601\264\b\020\020\003\000\006\000\000\000[\004\200E\266\f@\340\"[\206 x\221-\203\020\270\310\226a\b\\\004\000\000\000\000a \000\000\030\000\000\000\023\004A<\f\000\000\000\016\000\000\000\"G\310\220Q\006D\004\r\000\000\000HAL_MspDeInit\000\000\000\253\252A>V\004\220\017\361\020\021 \030\017\000\000@$\370\007\000\350\017\000\000\000\000\0008c@\234G\300\"@@\f\000\000\002\000\000\000[\004`E\000\000\000\000\000\000\000\000a \000\000\037\000\000\000\023\004A<\f\000\000\000\r\000\000\000\"G\310\220Q\006\304\003\013\000\000\000HAL_IncTick\000\253\252A>V\004\220\2174\021\021 P\023\000\000@$\370\007\000\350\017\000\000\000\000\000\204\006`\316\030\020k\222\260\bPA\003\023\006\300\260\001\241\006\301\020L\030\0008c@\260I\300\"@@\f\000\004\000\000\000[\004`E\266\f@ \"[\006!\020\021\000\000\000\000\000\000a \000\000\033\000\000\000\023\004A<\f\000\000\000\r\000\000\000\"G\310\220Q\006\304\003\013\000\000\000HAL_GetTick\000\253\252A>V\004\220\017:)\021 \250\023\000\000@$\370\007\000\350\017\000\000\000\000\000\204\006`\316\030\020v\242\260\b\220\301\214\001a'\003\213\000\0011\000\000\000\003\000\000\000[\004`E\266\f@ \"\000\000\000\000\000\000\000a \000\000f\000\000\000\023\004C<\f\000\000\000#\000\000\000\"G\310\220Q\016\304\006I\221\000\000HAL_DelayDelaytickstart\000\253\252A>V\004\220\017R\211\021 (\025\000\000@$\370\007\000\240\021\000X1\274H\215\330\310\006\001\200\215M\204\000\300\b0.\021\\\204E\344\203T`#\000\200q\211\340\"-\"\037\2462\032\000\000l\020ddFd\036H C\210\f\231B\225\201\026\001JU\006Z\004\230 \000h0A\000\324`\202\000\264\001\000\000\0003\021\000\300\215\302\210\301\001\200 \0308\022\215\377\377\377\0179\376\377\377?\360\371\377\377\3770c@\220J\031\270\b0l@\004\302\020\214\030\034\000\b\202\201#\355\375\377\377\377\200\343\377\377\377\003\237\377\377\377\0173\006\204\2510.\002\214\030\020G\b\202\201\360\315\030\020\247\362\270\b0bp\000 \b\006\316D\343\377\377\377C\216\377\377\377\017}\376\377\377?\314\030\020\246\302\270\b0K\020\314\030\020\2502\270\b0b@\034!\b\006\002\030\314\030\020\250\242\270\bP\201\0203\006\004\252`.\002\020\001\346\214\001\201*g\340\"\300\210\301\001\200 \0308\226\215\377\377\377\017=\376\377\377?\200\372\377\377\3770c@\220J\031\270\b0\334 \004d0c@\240J\031\270\b0\313\020\b\301\214\001\201*\203\213\0008c@\254J\340\"@@\f\000\000\000\003\000\000\000[\004\240E\266\f\214\344\"\000\000\000\000\000\000\000a \000\000&\000\000\000\023\004A,\020\000\000\000\004\000\000\000\004*\374\037\377\177\240\016(\230\002\024\000\000\000\000\3610\000\000\016\000\000\000\"G\310\220Q\006\304\004\017\000\000\000HAL_SuspendTick\000\253\252A>V\004\220\217[\021\021 \300\025\000\000@$\370\007\000\350\017\000\000\000\000\000\024\200:c@\350\312\300\"@\005\203N\030\000\303\006\304\020\024\301\204\001\2003\006\304\256\004,\002\004\304\000\000\000\004\000\000\000[\004`E\266\f@`\"[\006!0\021\000\000\000\000\000\000a \000\000%\000\000\000\023\004A,\020\000\000\000\003\000\000\000\004*\374\037\377\177\200\202)@\001\000\3610\000\000\016\000\000\000\"G\310\220Q\006\204\004\016\000\000\000HAL_ResumeTick\000\000\253\252A>V\004\220\217s\021\021 @\027\000\000@$\370\007\000\350\017\000\000\000\000\000\024\200:c@\250\313\300\"@\005\321N\030\000\303\006\304\020\024\301\204\001\2003\006\304\272\004,\002\004\304\000\000\000\004\000\000\000[\004`E\266\f@`\"[\006!0\021\000\000\000\000\000\000a \000\000\035\000\000\000\023\004A,\020\000\000\000\002\000\000\000\004\n\220\021\020\002\000\000\3610\000\000\017\000\000\000\"G\310\220Q\006D\005\021\000\000\000HAL_GetHalVersion\000\000\000\253\252A>V\004\220\217x)\021 \220\027\000\000@$\370\007\000\350\017\000\000\000\000\000\031\314\030\020\363\"\260\b\020\020\003\000\002\000\000\000[\004`E\000\000\000\000\000\000\000\000a \000\000#\000\000\000\023\004A,\020\000\000\000\004\000\000\000\004*\020\360\373\177\240@(\230\002\024\000\000\000\000\3610\000\000\r\000\000\000\"G\310\220Q\006\004\004\f\000\000\000HAL_GetREVID\253\252A>V\004\220\217\220)\021 \020\031\000\000@$\370\007\000\350\017\000\000\000\000\000\024\000\2173\006\304\310L,\002T0\340\214\00112\033\213\000\031\314\030\020#3\260\b\020\020\003\000\003\000\000\000[\004`E\266\f@\200\"\000\000\000\000\000\000\000a \000\000#\000\000\000\023\004A,\020\000\000\000\004\000\000\000\004*\020\360\373\177\240\374\177(\230\002\024\000\000\000\3610\000\000\r\000\000\000\"G\310\220Q\006\004\004\f\000\000\000HAL_GetDEVID\253\252A>V\004\220\217\230)\021 \220\031\000\000@$\370\007\000\350\017\000\000\000\000\000\024\000\2173\006\304\314P,\002T0\350\214\00113\034\213\000\031\314\030\0203C\260\b\020\020\003\000\003\000\000\000[\004`E\266\f@\200\"\000\000\000\000\000\000\000a \000\000*\000\000\000\023\004A,\020\000\000\000\003\000\000\000\004*\377\337\373\177\200\202)@\001\000\3610\000\000\023\000\000\000\"G\310\220Q\006D\030\000\000\000\000\035\000\000\000HAL_DBGMCU_EnableDBGSleepMode\000\000\000\253\252A>V\004\220\017\235\021\021 \330\031\000\000@$\370\007\000\350\017\000\000\000\000\000\024\2009c@\360\314\300\"@\005\317N\030\000\303\006\304\020\f\301\204\001\2003\006D\317\004,\002\004\304\000\000\000\004\000\000\000[\004`E\266\f@\220\"[\006!H\021\000\000\000\000\000\000a \000\000+\000\000\000\023\004A,\020\000\000\000\004\000\000\000\004*\377\337\373\177\240\n(\230\002\024\000\000\000\000\3610\000\000\023\000\000\000\"G\310\220Q\006\204\030\000\000\000\000\036\000\000\000HAL_DBGMCU_DisableDBGSleepMode\000\000\253\252A>V\004\220\017\265\021\021 X\033\000\000@$\370\007\000\350\017\000\000\000\000\000\024\2009c@\260\315\300\"@\005\203N\030\000\303\006\304\020\f\301\204\001\2003\006D\333\004,\002\004\304\000\000\000\004\000\000\000[\004`E\266\f@\220\"[\006!H\021\000\000\000\000\000\000a \000\000)\000\000\000\023\004A,\020\000\000\000\003\000\000\000\004*\377\337\373\177\200\202)@\001\000\3610\000\000\022\000\000\000\"G\310\220Q\006\004\030\000\000\000\000\034\000\000\000HAL_DBGMCU_EnableDBGStopMode\253\252A>V\004\220\017\324\021\021 H\035\000\000@$\370\007\000\350\017\000\000\000\000\000\024\2009c@\250\316\300\"@\005\321N\030\000\303\006\304\020\f\301\204\001\2003\006\304\352\004,\002\004\304\000\000\000\004\000\000\000[\004`E\266\f@\220\"[\006!H\021\000\000\000\000\000\000a \000\000+\000\000\000\023\004A,\020\000\000\000\004\000\000\000\004*\377\337\373\177\240\016(\230\002\024\000\000\000\000\3610\000\000\023\000\000\000\"G\310\220Q\006D\030\000\000\000\000\035\000\000\000HAL_DBGMCU_DisableDBGStopMode\000\000\000\253\252A>V\004\220\017\334\021\021 \310\035\000\000@$\370\007\000\350\017\000\000\000\000\000\024\2009c@\350\316\300\"@\005\203N\030\000\303\006\304\020\f\301\204\001\2003\006\304\356\004,\002\004\304\000\000\000\004\000\000\000[\004`E\266\f@\220\"[\006!H\021\000\000\000\000\000\000a \000\000*\000\000\000\023\004A,\020\000\000\000\003\000\000\000\004*\377\337\373\177\200\202)@\001\000\3610\000\000\023\000\000\000\"G\310\220Q\006\304\030\000\000\000\000\037\000\000\000HAL_DBGMCU_EnableDBGStandbyMode\000\253\252A>V\004\220\017\364\021\021 H\037\000\000@$\370\007\000\350\017\000\000\000\000\000\024\2009c@\250\317\300\"@\005\316N\030\000\303\006\304\020\f\301\204\001\2003\006\304\372\004,\002\004\304\000\000\000\004\000\000\000[\004`E\266\f@\220\"[\006!H\021\000\000\000\000\000\000a \000\000+\000\000\000\023\004A,\020\000\000\000\004\000\000\000\004*\377\337\373\177\240\026(\230\002\024\000\000\000\000\3610\000\000\023\000\000\000\"G\310\220Q\006\004\031\000\000\000\000`\000\000\000HAL_DBGMCU_DisableDBGStandbyMode\253\252A>V\004\220\017\374\021\021 \310\037\000\000@$\370\007\000\350\017\000\000\000\000\000\024\2009c@\350\317\300\"@\005\203N\030\000\303\006\304\020\f\301\204\001\2003\006\304\376\004,\002\004\304\000\000\000\004\000\000\000[\004`E\266\f@\220\"[\006!H\021\000\000\000\000\000\000q \000\000\022\000\000\0002\016\020\"\204\001\307\0168 \370\200\004\300\017X\220\375\200\006\233\020\250P\013\201\013\326\020\3100\017\201\r\333\021\3500(\201\017\252\022\b\221,\201\021\356\022(19\201\023\277\023H\301>\201\025\227\024hAL\201\027\360\024\000\000\000\000\000e\f\000\000\255\000\000\000\022\003\224h\005\000\000\000\001\000\000\000\267\001\000\000\b\000\000\000D\000\000\000\001\000\000\000P\000\000\000\000\000\000\000P\000\000\000\031\000\000\000\250\002\000\000\000\000\000\000\277\001\000\000\026\000\000\000\325\001\000\0003\000\000\000\b\002\000\000\000\000\000\000\000\000\000\000\031\000\000\000\000\000\000\000\006\000\000\000\b\000\000\000\006\000\000\000\b\000\000\000\377\377\377\377\001$\000\000\016\000\000\000\034\000\000\000\016\000\000\000\034\000\000\000\377\377\377\377\b$\000\000*\000\000\000\f\000\000\000*\000\000\000\f\000\000\000\377\377\377\377\021$\000\0006\000\000\000\013\000\000\0006\000\000\000\013\000\000\000\377\377\377\377\021$\000\000A\000\000\000\n\000\000\000A\000\000\000\n\000\000\000\377\377\377\377\001$\000\000K\000\000\000\r\000\000\000K\000\000\000\r\000\000\000\377\377\377\377\021$\000\000X\000\000\000\022\000\000\000X\000\000\000\022\000\000\000\377\377\377\377\b$\000\000j\000\000\000\023\000\000\000j\000\000\000\023\000\000\000\377\377\377\377\b$\000\000}\000\000\000\024\000\000\000}\000\000\000\024\000\000\000\377\377\377\377\b$\000\000\221\000\000\000\013\000\000\000\221\000\000\000\013\000\000\000\377\377\377\377\021$\000\000\234\000\000\000\013\000\000\000\234\000\000\000\013\000\000\000\377\377\377\377\021$\000\000\247\000\000\000\t\000\000\000\247\000\000\000\t\000\000\000\377\377\377\377\021$\000\000\260\000\000\000\017\000\000\000\260\000\000\000\017\000\000\000\377\377\377\377\021$\000\000\277\000\000\000\016\000\000\000\277\000\000\000\016\000\000\000\377\377\377\377\021$\000\000\315\000\000\000\021\000\000\000\315\000\000\000\021\000\000\000\377\377\377\377\001$\000\000\336\000\000\000\f\000\000\000\336\000\000\000\f\000\000\000\377\377\377\377\001$\000\000\352\000\000\000\f\000\000\000\352\000\000\000\f\000\000\000\377\377\377\377\001$\000\000\366\000\000\000\035\000\000\000\366\000\000\000\035\000\000\000\377\377\377\377\001$\000\000\023\001\000\000\036\000\000\000\023\001\000\000\036\000\000\000\377\377\377\377\001$\000\0001\001\000\000\034\000\000\0001\001\000\000\034\000\000\000\377\377\377\377\001$\000\000M\001\000\000\035\000\000\000M\001\000\000\035\000\000\000\377\377\377\377\001$\000\000j\001\000\000\037\000\000\000j\001\000\000\037\000\000\000\377\377\377\377\001$\000\000\211\001\000\000 \000\000\000\211\001\000\000 \000\000\000\377\377\377\377\001$\000\000\251\001\000\000\016\000\000\000\251\001\000\000\016\000\000\000\377\377\377\377\b,\000\000\000\000\000\000\006\000\000\000\000\000\000\000\006\000\000\000\377\377\377\377\000\000\000\000\000\000\000\000]\f\000\000\205\000\000\000\022\003\224(\004\000\000\000uwTickHAL_InitHAL_NVIC_SetPriorityGroupingHAL_InitTickHAL_MspInitHAL_DeInitHAL_MspDeInitHAL_SYSTICK_ConfigHAL_RCC_GetHCLKFreqHAL_NVIC_SetPriorityHAL_IncTickHAL_GetTickHAL_DelayHAL_SuspendTickHAL_ResumeTickHAL_GetHalVersionHAL_GetREVIDHAL_GetDEVIDHAL_DBGMCU_EnableDBGSleepModeHAL_DBGMCU_DisableDBGSleepModeHAL_DBGMCU_EnableDBGStopModeHAL_DBGMCU_DisableDBGStopModeHAL_DBGMCU_EnableDBGStandbyModeHAL_DBGMCU_DisableDBGStandbyModellvm.dbg.value7.0.0svnthumbv7m-arm-none-eabi../Drivers/STM32F1xx_HAL_Driver/Src/stm32f1xx_hal.c\000\000\000"
	.size	.Lllvm.embedded.module, 12192

	.section	.debug_str,"MS",%progbits,1
.Linfo_string0:
	.asciz	"Component: ARM Compiler 6.10.1 Tool: armclang [5d143200]" @ string offset=0
.Linfo_string1:
	.asciz	"../Drivers/STM32F1xx_HAL_Driver/Src\\stm32f1xx_hal.c" @ string offset=57
.Linfo_string2:
	.asciz	"F:\\SkyDrive\\OtvoreniProjekti\\HotelSaplast\\fw\\RoomController\\DE-160318\\MDK-ARM" @ string offset=109
.Linfo_string3:
	.asciz	"uwTick"                @ string offset=187
.Linfo_string4:
	.asciz	"unsigned int"          @ string offset=194
.Linfo_string5:
	.asciz	"uint32_t"              @ string offset=207
.Linfo_string6:
	.asciz	"HAL_OK"                @ string offset=216
.Linfo_string7:
	.asciz	"HAL_ERROR"             @ string offset=223
.Linfo_string8:
	.asciz	"HAL_BUSY"              @ string offset=233
.Linfo_string9:
	.asciz	"HAL_TIMEOUT"           @ string offset=242
.Linfo_string10:
	.asciz	"int"                   @ string offset=254
.Linfo_string11:
	.asciz	"NonMaskableInt_IRQn"   @ string offset=258
.Linfo_string12:
	.asciz	"HardFault_IRQn"        @ string offset=278
.Linfo_string13:
	.asciz	"MemoryManagement_IRQn" @ string offset=293
.Linfo_string14:
	.asciz	"BusFault_IRQn"         @ string offset=315
.Linfo_string15:
	.asciz	"UsageFault_IRQn"       @ string offset=329
.Linfo_string16:
	.asciz	"SVCall_IRQn"           @ string offset=345
.Linfo_string17:
	.asciz	"DebugMonitor_IRQn"     @ string offset=357
.Linfo_string18:
	.asciz	"PendSV_IRQn"           @ string offset=375
.Linfo_string19:
	.asciz	"SysTick_IRQn"          @ string offset=387
.Linfo_string20:
	.asciz	"WWDG_IRQn"             @ string offset=400
.Linfo_string21:
	.asciz	"PVD_IRQn"              @ string offset=410
.Linfo_string22:
	.asciz	"TAMPER_IRQn"           @ string offset=419
.Linfo_string23:
	.asciz	"RTC_IRQn"              @ string offset=431
.Linfo_string24:
	.asciz	"FLASH_IRQn"            @ string offset=440
.Linfo_string25:
	.asciz	"RCC_IRQn"              @ string offset=451
.Linfo_string26:
	.asciz	"EXTI0_IRQn"            @ string offset=460
.Linfo_string27:
	.asciz	"EXTI1_IRQn"            @ string offset=471
.Linfo_string28:
	.asciz	"EXTI2_IRQn"            @ string offset=482
.Linfo_string29:
	.asciz	"EXTI3_IRQn"            @ string offset=493
.Linfo_string30:
	.asciz	"EXTI4_IRQn"            @ string offset=504
.Linfo_string31:
	.asciz	"DMA1_Channel1_IRQn"    @ string offset=515
.Linfo_string32:
	.asciz	"DMA1_Channel2_IRQn"    @ string offset=534
.Linfo_string33:
	.asciz	"DMA1_Channel3_IRQn"    @ string offset=553
.Linfo_string34:
	.asciz	"DMA1_Channel4_IRQn"    @ string offset=572
.Linfo_string35:
	.asciz	"DMA1_Channel5_IRQn"    @ string offset=591
.Linfo_string36:
	.asciz	"DMA1_Channel6_IRQn"    @ string offset=610
.Linfo_string37:
	.asciz	"DMA1_Channel7_IRQn"    @ string offset=629
.Linfo_string38:
	.asciz	"ADC1_2_IRQn"           @ string offset=648
.Linfo_string39:
	.asciz	"USB_HP_CAN1_TX_IRQn"   @ string offset=660
.Linfo_string40:
	.asciz	"USB_LP_CAN1_RX0_IRQn"  @ string offset=680
.Linfo_string41:
	.asciz	"CAN1_RX1_IRQn"         @ string offset=701
.Linfo_string42:
	.asciz	"CAN1_SCE_IRQn"         @ string offset=715
.Linfo_string43:
	.asciz	"EXTI9_5_IRQn"          @ string offset=729
.Linfo_string44:
	.asciz	"TIM1_BRK_IRQn"         @ string offset=742
.Linfo_string45:
	.asciz	"TIM1_UP_IRQn"          @ string offset=756
.Linfo_string46:
	.asciz	"TIM1_TRG_COM_IRQn"     @ string offset=769
.Linfo_string47:
	.asciz	"TIM1_CC_IRQn"          @ string offset=787
.Linfo_string48:
	.asciz	"TIM2_IRQn"             @ string offset=800
.Linfo_string49:
	.asciz	"TIM3_IRQn"             @ string offset=810
.Linfo_string50:
	.asciz	"TIM4_IRQn"             @ string offset=820
.Linfo_string51:
	.asciz	"I2C1_EV_IRQn"          @ string offset=830
.Linfo_string52:
	.asciz	"I2C1_ER_IRQn"          @ string offset=843
.Linfo_string53:
	.asciz	"I2C2_EV_IRQn"          @ string offset=856
.Linfo_string54:
	.asciz	"I2C2_ER_IRQn"          @ string offset=869
.Linfo_string55:
	.asciz	"SPI1_IRQn"             @ string offset=882
.Linfo_string56:
	.asciz	"SPI2_IRQn"             @ string offset=892
.Linfo_string57:
	.asciz	"USART1_IRQn"           @ string offset=902
.Linfo_string58:
	.asciz	"USART2_IRQn"           @ string offset=914
.Linfo_string59:
	.asciz	"USART3_IRQn"           @ string offset=926
.Linfo_string60:
	.asciz	"EXTI15_10_IRQn"        @ string offset=938
.Linfo_string61:
	.asciz	"RTC_Alarm_IRQn"        @ string offset=953
.Linfo_string62:
	.asciz	"USBWakeUp_IRQn"        @ string offset=968
.Linfo_string63:
	.asciz	"ACR"                   @ string offset=983
.Linfo_string64:
	.asciz	"KEYR"                  @ string offset=987
.Linfo_string65:
	.asciz	"OPTKEYR"               @ string offset=992
.Linfo_string66:
	.asciz	"SR"                    @ string offset=1000
.Linfo_string67:
	.asciz	"CR"                    @ string offset=1003
.Linfo_string68:
	.asciz	"AR"                    @ string offset=1006
.Linfo_string69:
	.asciz	"RESERVED"              @ string offset=1009
.Linfo_string70:
	.asciz	"OBR"                   @ string offset=1018
.Linfo_string71:
	.asciz	"WRPR"                  @ string offset=1022
.Linfo_string72:
	.asciz	"FLASH_TypeDef"         @ string offset=1027
.Linfo_string73:
	.asciz	"CFGR"                  @ string offset=1041
.Linfo_string74:
	.asciz	"CIR"                   @ string offset=1046
.Linfo_string75:
	.asciz	"APB2RSTR"              @ string offset=1050
.Linfo_string76:
	.asciz	"APB1RSTR"              @ string offset=1059
.Linfo_string77:
	.asciz	"AHBENR"                @ string offset=1068
.Linfo_string78:
	.asciz	"APB2ENR"               @ string offset=1075
.Linfo_string79:
	.asciz	"APB1ENR"               @ string offset=1083
.Linfo_string80:
	.asciz	"BDCR"                  @ string offset=1091
.Linfo_string81:
	.asciz	"CSR"                   @ string offset=1096
.Linfo_string82:
	.asciz	"RCC_TypeDef"           @ string offset=1100
.Linfo_string83:
	.asciz	"CTRL"                  @ string offset=1112
.Linfo_string84:
	.asciz	"LOAD"                  @ string offset=1117
.Linfo_string85:
	.asciz	"VAL"                   @ string offset=1122
.Linfo_string86:
	.asciz	"CALIB"                 @ string offset=1126
.Linfo_string87:
	.asciz	"SysTick_Type"          @ string offset=1132
.Linfo_string88:
	.asciz	"IDCODE"                @ string offset=1145
.Linfo_string89:
	.asciz	"DBGMCU_TypeDef"        @ string offset=1152
.Linfo_string90:
	.asciz	"unsigned char"         @ string offset=1167
.Linfo_string91:
	.asciz	"uint8_t"               @ string offset=1181
	.section	.debug_abbrev,"",%progbits
	.byte	1                       @ Abbreviation Code
	.byte	17                      @ DW_TAG_compile_unit
	.byte	1                       @ DW_CHILDREN_yes
	.byte	37                      @ DW_AT_producer
	.byte	14                      @ DW_FORM_strp
	.byte	19                      @ DW_AT_language
	.byte	5                       @ DW_FORM_data2
	.byte	3                       @ DW_AT_name
	.byte	14                      @ DW_FORM_strp
	.byte	16                      @ DW_AT_stmt_list
	.byte	6                       @ DW_FORM_data4
	.byte	27                      @ DW_AT_comp_dir
	.byte	14                      @ DW_FORM_strp
	.ascii	"\264B"                 @ DW_AT_GNU_pubnames
	.byte	12                      @ DW_FORM_flag
	.byte	0                       @ EOM(1)
	.byte	0                       @ EOM(2)
	.byte	2                       @ Abbreviation Code
	.byte	52                      @ DW_TAG_variable
	.byte	0                       @ DW_CHILDREN_no
	.byte	3                       @ DW_AT_name
	.byte	14                      @ DW_FORM_strp
	.byte	73                      @ DW_AT_type
	.byte	19                      @ DW_FORM_ref4
	.byte	58                      @ DW_AT_decl_file
	.byte	11                      @ DW_FORM_data1
	.byte	59                      @ DW_AT_decl_line
	.byte	11                      @ DW_FORM_data1
	.byte	0                       @ EOM(1)
	.byte	0                       @ EOM(2)
	.byte	3                       @ Abbreviation Code
	.byte	53                      @ DW_TAG_volatile_type
	.byte	0                       @ DW_CHILDREN_no
	.byte	73                      @ DW_AT_type
	.byte	19                      @ DW_FORM_ref4
	.byte	0                       @ EOM(1)
	.byte	0                       @ EOM(2)
	.byte	4                       @ Abbreviation Code
	.byte	22                      @ DW_TAG_typedef
	.byte	0                       @ DW_CHILDREN_no
	.byte	73                      @ DW_AT_type
	.byte	19                      @ DW_FORM_ref4
	.byte	3                       @ DW_AT_name
	.byte	14                      @ DW_FORM_strp
	.byte	58                      @ DW_AT_decl_file
	.byte	11                      @ DW_FORM_data1
	.byte	59                      @ DW_AT_decl_line
	.byte	11                      @ DW_FORM_data1
	.byte	0                       @ EOM(1)
	.byte	0                       @ EOM(2)
	.byte	5                       @ Abbreviation Code
	.byte	36                      @ DW_TAG_base_type
	.byte	0                       @ DW_CHILDREN_no
	.byte	3                       @ DW_AT_name
	.byte	14                      @ DW_FORM_strp
	.byte	62                      @ DW_AT_encoding
	.byte	11                      @ DW_FORM_data1
	.byte	11                      @ DW_AT_byte_size
	.byte	11                      @ DW_FORM_data1
	.byte	0                       @ EOM(1)
	.byte	0                       @ EOM(2)
	.byte	6                       @ Abbreviation Code
	.byte	4                       @ DW_TAG_enumeration_type
	.byte	1                       @ DW_CHILDREN_yes
	.byte	73                      @ DW_AT_type
	.byte	19                      @ DW_FORM_ref4
	.byte	11                      @ DW_AT_byte_size
	.byte	11                      @ DW_FORM_data1
	.byte	58                      @ DW_AT_decl_file
	.byte	11                      @ DW_FORM_data1
	.byte	59                      @ DW_AT_decl_line
	.byte	11                      @ DW_FORM_data1
	.byte	0                       @ EOM(1)
	.byte	0                       @ EOM(2)
	.byte	7                       @ Abbreviation Code
	.byte	40                      @ DW_TAG_enumerator
	.byte	0                       @ DW_CHILDREN_no
	.byte	3                       @ DW_AT_name
	.byte	14                      @ DW_FORM_strp
	.byte	28                      @ DW_AT_const_value
	.byte	15                      @ DW_FORM_udata
	.byte	0                       @ EOM(1)
	.byte	0                       @ EOM(2)
	.byte	8                       @ Abbreviation Code
	.byte	40                      @ DW_TAG_enumerator
	.byte	0                       @ DW_CHILDREN_no
	.byte	3                       @ DW_AT_name
	.byte	14                      @ DW_FORM_strp
	.byte	28                      @ DW_AT_const_value
	.byte	13                      @ DW_FORM_sdata
	.byte	0                       @ EOM(1)
	.byte	0                       @ EOM(2)
	.byte	9                       @ Abbreviation Code
	.byte	15                      @ DW_TAG_pointer_type
	.byte	0                       @ DW_CHILDREN_no
	.byte	73                      @ DW_AT_type
	.byte	19                      @ DW_FORM_ref4
	.byte	0                       @ EOM(1)
	.byte	0                       @ EOM(2)
	.byte	10                      @ Abbreviation Code
	.byte	22                      @ DW_TAG_typedef
	.byte	0                       @ DW_CHILDREN_no
	.byte	73                      @ DW_AT_type
	.byte	19                      @ DW_FORM_ref4
	.byte	3                       @ DW_AT_name
	.byte	14                      @ DW_FORM_strp
	.byte	58                      @ DW_AT_decl_file
	.byte	11                      @ DW_FORM_data1
	.byte	59                      @ DW_AT_decl_line
	.byte	5                       @ DW_FORM_data2
	.byte	0                       @ EOM(1)
	.byte	0                       @ EOM(2)
	.byte	11                      @ Abbreviation Code
	.byte	19                      @ DW_TAG_structure_type
	.byte	1                       @ DW_CHILDREN_yes
	.byte	11                      @ DW_AT_byte_size
	.byte	11                      @ DW_FORM_data1
	.byte	58                      @ DW_AT_decl_file
	.byte	11                      @ DW_FORM_data1
	.byte	59                      @ DW_AT_decl_line
	.byte	5                       @ DW_FORM_data2
	.byte	0                       @ EOM(1)
	.byte	0                       @ EOM(2)
	.byte	12                      @ Abbreviation Code
	.byte	13                      @ DW_TAG_member
	.byte	0                       @ DW_CHILDREN_no
	.byte	3                       @ DW_AT_name
	.byte	14                      @ DW_FORM_strp
	.byte	73                      @ DW_AT_type
	.byte	19                      @ DW_FORM_ref4
	.byte	58                      @ DW_AT_decl_file
	.byte	11                      @ DW_FORM_data1
	.byte	59                      @ DW_AT_decl_line
	.byte	5                       @ DW_FORM_data2
	.byte	56                      @ DW_AT_data_member_location
	.byte	11                      @ DW_FORM_data1
	.byte	0                       @ EOM(1)
	.byte	0                       @ EOM(2)
	.byte	13                      @ Abbreviation Code
	.byte	38                      @ DW_TAG_const_type
	.byte	0                       @ DW_CHILDREN_no
	.byte	73                      @ DW_AT_type
	.byte	19                      @ DW_FORM_ref4
	.byte	0                       @ EOM(1)
	.byte	0                       @ EOM(2)
	.byte	0                       @ EOM(3)
	.section	.debug_info,"",%progbits
.Lcu_begin0:
	.long	863                     @ Length of Unit
	.short	3                       @ DWARF version number
	.long	.debug_abbrev           @ Offset Into Abbrev. Section
	.byte	4                       @ Address Size (in bytes)
	.byte	1                       @ Abbrev [1] 0xb:0x358 DW_TAG_compile_unit
	.long	.Linfo_string0          @ DW_AT_producer
	.short	12                      @ DW_AT_language
	.long	.Linfo_string1          @ DW_AT_name
	.long	.Lline_table_start0     @ DW_AT_stmt_list
	.long	.Linfo_string2          @ DW_AT_comp_dir
	.byte	1                       @ DW_AT_GNU_pubnames
	.byte	2                       @ Abbrev [2] 0x1f:0xb DW_TAG_variable
	.long	.Linfo_string3          @ DW_AT_name
	.long	42                      @ DW_AT_type
	.byte	2                       @ DW_AT_decl_file
	.byte	99                      @ DW_AT_decl_line
	.byte	3                       @ Abbrev [3] 0x2a:0x5 DW_TAG_volatile_type
	.long	47                      @ DW_AT_type
	.byte	4                       @ Abbrev [4] 0x2f:0xb DW_TAG_typedef
	.long	58                      @ DW_AT_type
	.long	.Linfo_string5          @ DW_AT_name
	.byte	1                       @ DW_AT_decl_file
	.byte	64                      @ DW_AT_decl_line
	.byte	5                       @ Abbrev [5] 0x3a:0x7 DW_TAG_base_type
	.long	.Linfo_string4          @ DW_AT_name
	.byte	7                       @ DW_AT_encoding
	.byte	4                       @ DW_AT_byte_size
	.byte	6                       @ Abbrev [6] 0x41:0x21 DW_TAG_enumeration_type
	.long	58                      @ DW_AT_type
	.byte	4                       @ DW_AT_byte_size
	.byte	3                       @ DW_AT_decl_file
	.byte	57                      @ DW_AT_decl_line
	.byte	7                       @ Abbrev [7] 0x49:0x6 DW_TAG_enumerator
	.long	.Linfo_string6          @ DW_AT_name
	.byte	0                       @ DW_AT_const_value
	.byte	7                       @ Abbrev [7] 0x4f:0x6 DW_TAG_enumerator
	.long	.Linfo_string7          @ DW_AT_name
	.byte	1                       @ DW_AT_const_value
	.byte	7                       @ Abbrev [7] 0x55:0x6 DW_TAG_enumerator
	.long	.Linfo_string8          @ DW_AT_name
	.byte	2                       @ DW_AT_const_value
	.byte	7                       @ Abbrev [7] 0x5b:0x6 DW_TAG_enumerator
	.long	.Linfo_string9          @ DW_AT_name
	.byte	3                       @ DW_AT_const_value
	.byte	0                       @ End Of Children Mark
	.byte	6                       @ Abbrev [6] 0x62:0x141 DW_TAG_enumeration_type
	.long	419                     @ DW_AT_type
	.byte	4                       @ DW_AT_byte_size
	.byte	4                       @ DW_AT_decl_file
	.byte	87                      @ DW_AT_decl_line
	.byte	8                       @ Abbrev [8] 0x6a:0x6 DW_TAG_enumerator
	.long	.Linfo_string11         @ DW_AT_name
	.byte	114                     @ DW_AT_const_value
	.byte	8                       @ Abbrev [8] 0x70:0x6 DW_TAG_enumerator
	.long	.Linfo_string12         @ DW_AT_name
	.byte	115                     @ DW_AT_const_value
	.byte	8                       @ Abbrev [8] 0x76:0x6 DW_TAG_enumerator
	.long	.Linfo_string13         @ DW_AT_name
	.byte	116                     @ DW_AT_const_value
	.byte	8                       @ Abbrev [8] 0x7c:0x6 DW_TAG_enumerator
	.long	.Linfo_string14         @ DW_AT_name
	.byte	117                     @ DW_AT_const_value
	.byte	8                       @ Abbrev [8] 0x82:0x6 DW_TAG_enumerator
	.long	.Linfo_string15         @ DW_AT_name
	.byte	118                     @ DW_AT_const_value
	.byte	8                       @ Abbrev [8] 0x88:0x6 DW_TAG_enumerator
	.long	.Linfo_string16         @ DW_AT_name
	.byte	123                     @ DW_AT_const_value
	.byte	8                       @ Abbrev [8] 0x8e:0x6 DW_TAG_enumerator
	.long	.Linfo_string17         @ DW_AT_name
	.byte	124                     @ DW_AT_const_value
	.byte	8                       @ Abbrev [8] 0x94:0x6 DW_TAG_enumerator
	.long	.Linfo_string18         @ DW_AT_name
	.byte	126                     @ DW_AT_const_value
	.byte	8                       @ Abbrev [8] 0x9a:0x6 DW_TAG_enumerator
	.long	.Linfo_string19         @ DW_AT_name
	.byte	127                     @ DW_AT_const_value
	.byte	8                       @ Abbrev [8] 0xa0:0x6 DW_TAG_enumerator
	.long	.Linfo_string20         @ DW_AT_name
	.byte	0                       @ DW_AT_const_value
	.byte	8                       @ Abbrev [8] 0xa6:0x6 DW_TAG_enumerator
	.long	.Linfo_string21         @ DW_AT_name
	.byte	1                       @ DW_AT_const_value
	.byte	8                       @ Abbrev [8] 0xac:0x6 DW_TAG_enumerator
	.long	.Linfo_string22         @ DW_AT_name
	.byte	2                       @ DW_AT_const_value
	.byte	8                       @ Abbrev [8] 0xb2:0x6 DW_TAG_enumerator
	.long	.Linfo_string23         @ DW_AT_name
	.byte	3                       @ DW_AT_const_value
	.byte	8                       @ Abbrev [8] 0xb8:0x6 DW_TAG_enumerator
	.long	.Linfo_string24         @ DW_AT_name
	.byte	4                       @ DW_AT_const_value
	.byte	8                       @ Abbrev [8] 0xbe:0x6 DW_TAG_enumerator
	.long	.Linfo_string25         @ DW_AT_name
	.byte	5                       @ DW_AT_const_value
	.byte	8                       @ Abbrev [8] 0xc4:0x6 DW_TAG_enumerator
	.long	.Linfo_string26         @ DW_AT_name
	.byte	6                       @ DW_AT_const_value
	.byte	8                       @ Abbrev [8] 0xca:0x6 DW_TAG_enumerator
	.long	.Linfo_string27         @ DW_AT_name
	.byte	7                       @ DW_AT_const_value
	.byte	8                       @ Abbrev [8] 0xd0:0x6 DW_TAG_enumerator
	.long	.Linfo_string28         @ DW_AT_name
	.byte	8                       @ DW_AT_const_value
	.byte	8                       @ Abbrev [8] 0xd6:0x6 DW_TAG_enumerator
	.long	.Linfo_string29         @ DW_AT_name
	.byte	9                       @ DW_AT_const_value
	.byte	8                       @ Abbrev [8] 0xdc:0x6 DW_TAG_enumerator
	.long	.Linfo_string30         @ DW_AT_name
	.byte	10                      @ DW_AT_const_value
	.byte	8                       @ Abbrev [8] 0xe2:0x6 DW_TAG_enumerator
	.long	.Linfo_string31         @ DW_AT_name
	.byte	11                      @ DW_AT_const_value
	.byte	8                       @ Abbrev [8] 0xe8:0x6 DW_TAG_enumerator
	.long	.Linfo_string32         @ DW_AT_name
	.byte	12                      @ DW_AT_const_value
	.byte	8                       @ Abbrev [8] 0xee:0x6 DW_TAG_enumerator
	.long	.Linfo_string33         @ DW_AT_name
	.byte	13                      @ DW_AT_const_value
	.byte	8                       @ Abbrev [8] 0xf4:0x6 DW_TAG_enumerator
	.long	.Linfo_string34         @ DW_AT_name
	.byte	14                      @ DW_AT_const_value
	.byte	8                       @ Abbrev [8] 0xfa:0x6 DW_TAG_enumerator
	.long	.Linfo_string35         @ DW_AT_name
	.byte	15                      @ DW_AT_const_value
	.byte	8                       @ Abbrev [8] 0x100:0x6 DW_TAG_enumerator
	.long	.Linfo_string36         @ DW_AT_name
	.byte	16                      @ DW_AT_const_value
	.byte	8                       @ Abbrev [8] 0x106:0x6 DW_TAG_enumerator
	.long	.Linfo_string37         @ DW_AT_name
	.byte	17                      @ DW_AT_const_value
	.byte	8                       @ Abbrev [8] 0x10c:0x6 DW_TAG_enumerator
	.long	.Linfo_string38         @ DW_AT_name
	.byte	18                      @ DW_AT_const_value
	.byte	8                       @ Abbrev [8] 0x112:0x6 DW_TAG_enumerator
	.long	.Linfo_string39         @ DW_AT_name
	.byte	19                      @ DW_AT_const_value
	.byte	8                       @ Abbrev [8] 0x118:0x6 DW_TAG_enumerator
	.long	.Linfo_string40         @ DW_AT_name
	.byte	20                      @ DW_AT_const_value
	.byte	8                       @ Abbrev [8] 0x11e:0x6 DW_TAG_enumerator
	.long	.Linfo_string41         @ DW_AT_name
	.byte	21                      @ DW_AT_const_value
	.byte	8                       @ Abbrev [8] 0x124:0x6 DW_TAG_enumerator
	.long	.Linfo_string42         @ DW_AT_name
	.byte	22                      @ DW_AT_const_value
	.byte	8                       @ Abbrev [8] 0x12a:0x6 DW_TAG_enumerator
	.long	.Linfo_string43         @ DW_AT_name
	.byte	23                      @ DW_AT_const_value
	.byte	8                       @ Abbrev [8] 0x130:0x6 DW_TAG_enumerator
	.long	.Linfo_string44         @ DW_AT_name
	.byte	24                      @ DW_AT_const_value
	.byte	8                       @ Abbrev [8] 0x136:0x6 DW_TAG_enumerator
	.long	.Linfo_string45         @ DW_AT_name
	.byte	25                      @ DW_AT_const_value
	.byte	8                       @ Abbrev [8] 0x13c:0x6 DW_TAG_enumerator
	.long	.Linfo_string46         @ DW_AT_name
	.byte	26                      @ DW_AT_const_value
	.byte	8                       @ Abbrev [8] 0x142:0x6 DW_TAG_enumerator
	.long	.Linfo_string47         @ DW_AT_name
	.byte	27                      @ DW_AT_const_value
	.byte	8                       @ Abbrev [8] 0x148:0x6 DW_TAG_enumerator
	.long	.Linfo_string48         @ DW_AT_name
	.byte	28                      @ DW_AT_const_value
	.byte	8                       @ Abbrev [8] 0x14e:0x6 DW_TAG_enumerator
	.long	.Linfo_string49         @ DW_AT_name
	.byte	29                      @ DW_AT_const_value
	.byte	8                       @ Abbrev [8] 0x154:0x6 DW_TAG_enumerator
	.long	.Linfo_string50         @ DW_AT_name
	.byte	30                      @ DW_AT_const_value
	.byte	8                       @ Abbrev [8] 0x15a:0x6 DW_TAG_enumerator
	.long	.Linfo_string51         @ DW_AT_name
	.byte	31                      @ DW_AT_const_value
	.byte	8                       @ Abbrev [8] 0x160:0x6 DW_TAG_enumerator
	.long	.Linfo_string52         @ DW_AT_name
	.byte	32                      @ DW_AT_const_value
	.byte	8                       @ Abbrev [8] 0x166:0x6 DW_TAG_enumerator
	.long	.Linfo_string53         @ DW_AT_name
	.byte	33                      @ DW_AT_const_value
	.byte	8                       @ Abbrev [8] 0x16c:0x6 DW_TAG_enumerator
	.long	.Linfo_string54         @ DW_AT_name
	.byte	34                      @ DW_AT_const_value
	.byte	8                       @ Abbrev [8] 0x172:0x6 DW_TAG_enumerator
	.long	.Linfo_string55         @ DW_AT_name
	.byte	35                      @ DW_AT_const_value
	.byte	8                       @ Abbrev [8] 0x178:0x6 DW_TAG_enumerator
	.long	.Linfo_string56         @ DW_AT_name
	.byte	36                      @ DW_AT_const_value
	.byte	8                       @ Abbrev [8] 0x17e:0x6 DW_TAG_enumerator
	.long	.Linfo_string57         @ DW_AT_name
	.byte	37                      @ DW_AT_const_value
	.byte	8                       @ Abbrev [8] 0x184:0x6 DW_TAG_enumerator
	.long	.Linfo_string58         @ DW_AT_name
	.byte	38                      @ DW_AT_const_value
	.byte	8                       @ Abbrev [8] 0x18a:0x6 DW_TAG_enumerator
	.long	.Linfo_string59         @ DW_AT_name
	.byte	39                      @ DW_AT_const_value
	.byte	8                       @ Abbrev [8] 0x190:0x6 DW_TAG_enumerator
	.long	.Linfo_string60         @ DW_AT_name
	.byte	40                      @ DW_AT_const_value
	.byte	8                       @ Abbrev [8] 0x196:0x6 DW_TAG_enumerator
	.long	.Linfo_string61         @ DW_AT_name
	.byte	41                      @ DW_AT_const_value
	.byte	8                       @ Abbrev [8] 0x19c:0x6 DW_TAG_enumerator
	.long	.Linfo_string62         @ DW_AT_name
	.byte	42                      @ DW_AT_const_value
	.byte	0                       @ End Of Children Mark
	.byte	5                       @ Abbrev [5] 0x1a3:0x7 DW_TAG_base_type
	.long	.Linfo_string10         @ DW_AT_name
	.byte	5                       @ DW_AT_encoding
	.byte	4                       @ DW_AT_byte_size
	.byte	9                       @ Abbrev [9] 0x1aa:0x5 DW_TAG_pointer_type
	.long	431                     @ DW_AT_type
	.byte	10                      @ Abbrev [10] 0x1af:0xc DW_TAG_typedef
	.long	443                     @ DW_AT_type
	.long	.Linfo_string72         @ DW_AT_name
	.byte	4                       @ DW_AT_decl_file
	.short	352                     @ DW_AT_decl_line
	.byte	11                      @ Abbrev [11] 0x1bb:0x7b DW_TAG_structure_type
	.byte	36                      @ DW_AT_byte_size
	.byte	4                       @ DW_AT_decl_file
	.short	341                     @ DW_AT_decl_line
	.byte	12                      @ Abbrev [12] 0x1c0:0xd DW_TAG_member
	.long	.Linfo_string63         @ DW_AT_name
	.long	42                      @ DW_AT_type
	.byte	4                       @ DW_AT_decl_file
	.short	343                     @ DW_AT_decl_line
	.byte	0                       @ DW_AT_data_member_location
	.byte	12                      @ Abbrev [12] 0x1cd:0xd DW_TAG_member
	.long	.Linfo_string64         @ DW_AT_name
	.long	42                      @ DW_AT_type
	.byte	4                       @ DW_AT_decl_file
	.short	344                     @ DW_AT_decl_line
	.byte	4                       @ DW_AT_data_member_location
	.byte	12                      @ Abbrev [12] 0x1da:0xd DW_TAG_member
	.long	.Linfo_string65         @ DW_AT_name
	.long	42                      @ DW_AT_type
	.byte	4                       @ DW_AT_decl_file
	.short	345                     @ DW_AT_decl_line
	.byte	8                       @ DW_AT_data_member_location
	.byte	12                      @ Abbrev [12] 0x1e7:0xd DW_TAG_member
	.long	.Linfo_string66         @ DW_AT_name
	.long	42                      @ DW_AT_type
	.byte	4                       @ DW_AT_decl_file
	.short	346                     @ DW_AT_decl_line
	.byte	12                      @ DW_AT_data_member_location
	.byte	12                      @ Abbrev [12] 0x1f4:0xd DW_TAG_member
	.long	.Linfo_string67         @ DW_AT_name
	.long	42                      @ DW_AT_type
	.byte	4                       @ DW_AT_decl_file
	.short	347                     @ DW_AT_decl_line
	.byte	16                      @ DW_AT_data_member_location
	.byte	12                      @ Abbrev [12] 0x201:0xd DW_TAG_member
	.long	.Linfo_string68         @ DW_AT_name
	.long	42                      @ DW_AT_type
	.byte	4                       @ DW_AT_decl_file
	.short	348                     @ DW_AT_decl_line
	.byte	20                      @ DW_AT_data_member_location
	.byte	12                      @ Abbrev [12] 0x20e:0xd DW_TAG_member
	.long	.Linfo_string69         @ DW_AT_name
	.long	42                      @ DW_AT_type
	.byte	4                       @ DW_AT_decl_file
	.short	349                     @ DW_AT_decl_line
	.byte	24                      @ DW_AT_data_member_location
	.byte	12                      @ Abbrev [12] 0x21b:0xd DW_TAG_member
	.long	.Linfo_string70         @ DW_AT_name
	.long	42                      @ DW_AT_type
	.byte	4                       @ DW_AT_decl_file
	.short	350                     @ DW_AT_decl_line
	.byte	28                      @ DW_AT_data_member_location
	.byte	12                      @ Abbrev [12] 0x228:0xd DW_TAG_member
	.long	.Linfo_string71         @ DW_AT_name
	.long	42                      @ DW_AT_type
	.byte	4                       @ DW_AT_decl_file
	.short	351                     @ DW_AT_decl_line
	.byte	32                      @ DW_AT_data_member_location
	.byte	0                       @ End Of Children Mark
	.byte	9                       @ Abbrev [9] 0x236:0x5 DW_TAG_pointer_type
	.long	571                     @ DW_AT_type
	.byte	10                      @ Abbrev [10] 0x23b:0xc DW_TAG_typedef
	.long	583                     @ DW_AT_type
	.long	.Linfo_string82         @ DW_AT_name
	.byte	4                       @ DW_AT_decl_file
	.short	454                     @ DW_AT_decl_line
	.byte	11                      @ Abbrev [11] 0x247:0x88 DW_TAG_structure_type
	.byte	40                      @ DW_AT_byte_size
	.byte	4                       @ DW_AT_decl_file
	.short	440                     @ DW_AT_decl_line
	.byte	12                      @ Abbrev [12] 0x24c:0xd DW_TAG_member
	.long	.Linfo_string67         @ DW_AT_name
	.long	42                      @ DW_AT_type
	.byte	4                       @ DW_AT_decl_file
	.short	442                     @ DW_AT_decl_line
	.byte	0                       @ DW_AT_data_member_location
	.byte	12                      @ Abbrev [12] 0x259:0xd DW_TAG_member
	.long	.Linfo_string73         @ DW_AT_name
	.long	42                      @ DW_AT_type
	.byte	4                       @ DW_AT_decl_file
	.short	443                     @ DW_AT_decl_line
	.byte	4                       @ DW_AT_data_member_location
	.byte	12                      @ Abbrev [12] 0x266:0xd DW_TAG_member
	.long	.Linfo_string74         @ DW_AT_name
	.long	42                      @ DW_AT_type
	.byte	4                       @ DW_AT_decl_file
	.short	444                     @ DW_AT_decl_line
	.byte	8                       @ DW_AT_data_member_location
	.byte	12                      @ Abbrev [12] 0x273:0xd DW_TAG_member
	.long	.Linfo_string75         @ DW_AT_name
	.long	42                      @ DW_AT_type
	.byte	4                       @ DW_AT_decl_file
	.short	445                     @ DW_AT_decl_line
	.byte	12                      @ DW_AT_data_member_location
	.byte	12                      @ Abbrev [12] 0x280:0xd DW_TAG_member
	.long	.Linfo_string76         @ DW_AT_name
	.long	42                      @ DW_AT_type
	.byte	4                       @ DW_AT_decl_file
	.short	446                     @ DW_AT_decl_line
	.byte	16                      @ DW_AT_data_member_location
	.byte	12                      @ Abbrev [12] 0x28d:0xd DW_TAG_member
	.long	.Linfo_string77         @ DW_AT_name
	.long	42                      @ DW_AT_type
	.byte	4                       @ DW_AT_decl_file
	.short	447                     @ DW_AT_decl_line
	.byte	20                      @ DW_AT_data_member_location
	.byte	12                      @ Abbrev [12] 0x29a:0xd DW_TAG_member
	.long	.Linfo_string78         @ DW_AT_name
	.long	42                      @ DW_AT_type
	.byte	4                       @ DW_AT_decl_file
	.short	448                     @ DW_AT_decl_line
	.byte	24                      @ DW_AT_data_member_location
	.byte	12                      @ Abbrev [12] 0x2a7:0xd DW_TAG_member
	.long	.Linfo_string79         @ DW_AT_name
	.long	42                      @ DW_AT_type
	.byte	4                       @ DW_AT_decl_file
	.short	449                     @ DW_AT_decl_line
	.byte	28                      @ DW_AT_data_member_location
	.byte	12                      @ Abbrev [12] 0x2b4:0xd DW_TAG_member
	.long	.Linfo_string80         @ DW_AT_name
	.long	42                      @ DW_AT_type
	.byte	4                       @ DW_AT_decl_file
	.short	450                     @ DW_AT_decl_line
	.byte	32                      @ DW_AT_data_member_location
	.byte	12                      @ Abbrev [12] 0x2c1:0xd DW_TAG_member
	.long	.Linfo_string81         @ DW_AT_name
	.long	42                      @ DW_AT_type
	.byte	4                       @ DW_AT_decl_file
	.short	451                     @ DW_AT_decl_line
	.byte	36                      @ DW_AT_data_member_location
	.byte	0                       @ End Of Children Mark
	.byte	9                       @ Abbrev [9] 0x2cf:0x5 DW_TAG_pointer_type
	.long	724                     @ DW_AT_type
	.byte	10                      @ Abbrev [10] 0x2d4:0xc DW_TAG_typedef
	.long	736                     @ DW_AT_type
	.long	.Linfo_string87         @ DW_AT_name
	.byte	5                       @ DW_AT_decl_file
	.short	700                     @ DW_AT_decl_line
	.byte	11                      @ Abbrev [11] 0x2e0:0x3a DW_TAG_structure_type
	.byte	16                      @ DW_AT_byte_size
	.byte	5                       @ DW_AT_decl_file
	.short	694                     @ DW_AT_decl_line
	.byte	12                      @ Abbrev [12] 0x2e5:0xd DW_TAG_member
	.long	.Linfo_string83         @ DW_AT_name
	.long	42                      @ DW_AT_type
	.byte	5                       @ DW_AT_decl_file
	.short	696                     @ DW_AT_decl_line
	.byte	0                       @ DW_AT_data_member_location
	.byte	12                      @ Abbrev [12] 0x2f2:0xd DW_TAG_member
	.long	.Linfo_string84         @ DW_AT_name
	.long	42                      @ DW_AT_type
	.byte	5                       @ DW_AT_decl_file
	.short	697                     @ DW_AT_decl_line
	.byte	4                       @ DW_AT_data_member_location
	.byte	12                      @ Abbrev [12] 0x2ff:0xd DW_TAG_member
	.long	.Linfo_string85         @ DW_AT_name
	.long	42                      @ DW_AT_type
	.byte	5                       @ DW_AT_decl_file
	.short	698                     @ DW_AT_decl_line
	.byte	8                       @ DW_AT_data_member_location
	.byte	12                      @ Abbrev [12] 0x30c:0xd DW_TAG_member
	.long	.Linfo_string86         @ DW_AT_name
	.long	794                     @ DW_AT_type
	.byte	5                       @ DW_AT_decl_file
	.short	699                     @ DW_AT_decl_line
	.byte	12                      @ DW_AT_data_member_location
	.byte	0                       @ End Of Children Mark
	.byte	13                      @ Abbrev [13] 0x31a:0x5 DW_TAG_const_type
	.long	42                      @ DW_AT_type
	.byte	9                       @ Abbrev [9] 0x31f:0x5 DW_TAG_pointer_type
	.long	804                     @ DW_AT_type
	.byte	10                      @ Abbrev [10] 0x324:0xc DW_TAG_typedef
	.long	816                     @ DW_AT_type
	.long	.Linfo_string89         @ DW_AT_name
	.byte	4                       @ DW_AT_decl_file
	.short	301                     @ DW_AT_decl_line
	.byte	11                      @ Abbrev [11] 0x330:0x20 DW_TAG_structure_type
	.byte	8                       @ DW_AT_byte_size
	.byte	4                       @ DW_AT_decl_file
	.short	297                     @ DW_AT_decl_line
	.byte	12                      @ Abbrev [12] 0x335:0xd DW_TAG_member
	.long	.Linfo_string88         @ DW_AT_name
	.long	42                      @ DW_AT_type
	.byte	4                       @ DW_AT_decl_file
	.short	299                     @ DW_AT_decl_line
	.byte	0                       @ DW_AT_data_member_location
	.byte	12                      @ Abbrev [12] 0x342:0xd DW_TAG_member
	.long	.Linfo_string67         @ DW_AT_name
	.long	42                      @ DW_AT_type
	.byte	4                       @ DW_AT_decl_file
	.short	300                     @ DW_AT_decl_line
	.byte	4                       @ DW_AT_data_member_location
	.byte	0                       @ End Of Children Mark
	.byte	4                       @ Abbrev [4] 0x350:0xb DW_TAG_typedef
	.long	859                     @ DW_AT_type
	.long	.Linfo_string91         @ DW_AT_name
	.byte	1                       @ DW_AT_decl_file
	.byte	62                      @ DW_AT_decl_line
	.byte	5                       @ Abbrev [5] 0x35b:0x7 DW_TAG_base_type
	.long	.Linfo_string90         @ DW_AT_name
	.byte	8                       @ DW_AT_encoding
	.byte	1                       @ DW_AT_byte_size
	.byte	0                       @ End Of Children Mark
	.section	.debug_ranges,"",%progbits
	.section	.debug_macinfo,"",%progbits
.Lcu_macro_begin0:
	.byte	0                       @ End Of Macro List Mark
	.section	.debug_pubnames,"",%progbits
	.long	.LpubNames_end0-.LpubNames_begin0 @ Length of Public Names Info
.LpubNames_begin0:
	.short	2                       @ DWARF Version
	.long	.Lcu_begin0             @ Offset of Compilation Unit Info
	.long	867                     @ Compilation Unit Length
	.long	31                      @ DIE offset
	.asciz	"uwTick"                @ External Name
	.long	0                       @ End Mark
.LpubNames_end0:
	.section	.debug_pubtypes,"",%progbits
	.long	.LpubTypes_end0-.LpubTypes_begin0 @ Length of Public Types Info
.LpubTypes_begin0:
	.short	2                       @ DWARF Version
	.long	.Lcu_begin0             @ Offset of Compilation Unit Info
	.long	867                     @ Compilation Unit Length
	.long	848                     @ DIE offset
	.asciz	"uint8_t"               @ External Name
	.long	571                     @ DIE offset
	.asciz	"RCC_TypeDef"           @ External Name
	.long	804                     @ DIE offset
	.asciz	"DBGMCU_TypeDef"        @ External Name
	.long	859                     @ DIE offset
	.asciz	"unsigned char"         @ External Name
	.long	47                      @ DIE offset
	.asciz	"uint32_t"              @ External Name
	.long	58                      @ DIE offset
	.asciz	"unsigned int"          @ External Name
	.long	419                     @ DIE offset
	.asciz	"int"                   @ External Name
	.long	724                     @ DIE offset
	.asciz	"SysTick_Type"          @ External Name
	.long	431                     @ DIE offset
	.asciz	"FLASH_TypeDef"         @ External Name
	.long	0                       @ End Mark
.LpubTypes_end0:

	.ident	"Component: ARM Compiler 6.10.1 Tool: armclang [5d143200]"
	.section	".note.GNU-stack","",%progbits
	.ARM_attribute	16, 1	@ Tag_AV_eba
	.section	.debug_line,"",%progbits
.Lline_table_start0:
