	.text
	.syntax unified
	.eabi_attribute	67, "2.09"	@ Tag_conformance
	.cpu	cortex-m3
	.eabi_attribute	6, 10	@ Tag_CPU_arch
	.eabi_attribute	7, 77	@ Tag_CPU_arch_profile
	.eabi_attribute	8, 0	@ Tag_ARM_ISA_use
	.eabi_attribute	9, 2	@ Tag_THUMB_ISA_use
	.eabi_attribute	34, 1	@ Tag_CPU_unaligned_access
	.eabi_attribute	17, 1	@ Tag_ABI_PCS_GOT_use
	.eabi_attribute	20, 2	@ Tag_ABI_FP_denormal
	.eabi_attribute	21, 0	@ Tag_ABI_FP_exceptions
	.eabi_attribute	23, 1	@ Tag_ABI_FP_number_model
	.eabi_attribute	24, 1	@ Tag_ABI_align_needed
	.eabi_attribute	25, 1	@ Tag_ABI_align_preserved
	.eabi_attribute	38, 1	@ Tag_ABI_FP_16bit_format
	.eabi_attribute	18, 4	@ Tag_ABI_PCS_wchar_t
	.eabi_attribute	26, 2	@ Tag_ABI_enum_size
	.eabi_attribute	14, 0	@ Tag_ABI_PCS_R9_use
	.file	"stm32f1xx_hal_iwdg.c"
	.file	1 "../Drivers/STM32F1xx_HAL_Driver/Inc" "stm32f1xx_hal_def.h"
	.file	2 "../Drivers/STM32F1xx_HAL_Driver/Inc" "stm32f1xx_hal_iwdg.h"
	.file	3 "../Drivers/CMSIS/Device/ST/STM32F1xx/Include" "stm32f1xx.h"
	.file	4 "C:\\Keil\\ARM\\ARMCLANG\\Bin\\..\\include" "stdint.h"
	.type	.Lllvm.embedded.module,%object @ @llvm.embedded.module
	.section	.llvmbc,"a",%progbits
	.p2align	4
.Lllvm.embedded.module:
	.asciz	"BC\300\3365\024\000\000\005\000\000\000b\f0$LY\276\346\356\323>-U\215\020\005\310\024\000\000!\f\000\000\205\006\000\000\013\002!\000\002\000\000\000\023\000\000\000\007\201#\221A\310\004I\006\02029\222\001\204\f%\005\b\031\036\004\213b\200\024E\002B\222\013B\244\0202\0248\b\030K\n2R\210H\220\024 CF\210\245\000\0312B\344H\016\220\221\"\304PAQ\201\214\341\203\345\212\004)F\006Q\030\000\000F\001\000\000\033J'\370\377\377\377\377\0010\000\t\230\210qx\007y\220\207r\030\007z`\207|h\003yx\207zp\007r(\007rh\003rH\007{H\007r(\2076\230\207x\220\007zh\003s\200\2076h\207p\240\007t\000\314!\034\330a\036\312\001 \310\241\034\334\341\035\344\241\035\302\201\035\332\300\034\340\241\r\332!\034\350\001\035\000x\220\207r\230\207r\220\007{(\2076\230\207t8\007w\000\brH\207y\b\007q`\207rh\003z\b\207t`\2076\030\207p`\007v\230\007\300\034\302\201\035\346\241\034\000\202\035\312a\036\346\241\r\340A\036\312a\034\322a\036\312\241\r\314\001\036\332!\034\310\0010\207p`\207y(\007\200p\207wh\003s\220\207ph\207rh\003xx\207tp\007z(\007yh\203r`\207th\007\300\034\302\201\035\346\241\034\000\302\035\336\241\r\322\301\035\314a\036\332\300\034\340\241\r\332!\034\350\001\035\000z\220\207z(\007\200p\207wh\003u\250\207v\200\2076\240\207p\020\007v(\207y\000\314!\034\330a\036\312\001 \334\341\035\332\300\035\302\301\035\346\241\r\314\001\036\332\240\035\302\201\036\320\001\240\007y\250\207r\000\bwx\2076\230\207t8\007w(\007rh\003}(\007yx\207yh\003s\200\2076h\207p\240\007t\000\350A\036\352\241\034\000\302\035\336\241\r\350A\036\302\001\036\340!\035\334\341\034\332\240\035\302\201\036\320\001\240\007y\250\207r\000\210y\240\207p\030\207uh\003x\220\207w\240\207r\030\007zx\007yh\003q\250\007s0\207r\220\2076\230\207t\320\207r\000\360\000 \350!\034\344\341\034\312\201\036\332`\034\340\241\036\200qx\007y\240\207r\300\2076h\2079\000\bz\b\007y8\207r\240\20760\207r\b\007z\250\007y(\207y\000\326\000\035\356\201\034\322\301\036\330`\r\350\001\035\352\241\035\304\241\r\332\341\035\310\241\034\330\240\r\306A\036\306\201\r\332\200\034\336\201\036\340A\036\336\201\034\330\240\r\310a\036\340\201\r\332\000\035\356\201\034\322\301\036\332 \034\344\241\035\330\240\r\344!\034\346\001 \352\301\035\346!\034\314\241\034\332\300\034\340\241\r\332!\034\350\001\035\000s\b\007v\230\207r\000\210z\230\207rh\203yx\007s\240\20760\007vx\207p\240\007\300\034\302\201\035\346\241\034\200\rm#\374\377\377\377\377\000\030\300D\214\303;\310\203<\224\3038\320\003;\344C\033\310\303;\324\203;\220C9\220C\033\220C:\330C:\220C9\264\301<\304\203<\320C\033\230\003<\264A;\204\003=\240\003`\016\341\300\016\363P\016\000A\016\345\340\016\357 \017\355\020\016\354\320\006\346\000\017m\320\016\341@\017\350\000\300\203<\224\303<\224\203<\330C9\264\301<\244\3039\270\003@\220C:\314C8\210\003;\224C\033\320C8\244\003;\264\3018\204\003;\260\303<\000\346\020\016\3540\017\345\000\020\354P\016\3630\017m\000\017\362P\016\343\220\016\363P\016m`\016\360\320\016\341@\016\2009\204\003;\314C9\000\204;\274C\033\230\203<\204C;\224C\033\300\303;\244\203;\320C9\310C\033\224\003;\244C;\000\346\020\016\3540\017\345\000\020\356\360\016m\220\016\356`\016\363\320\006\346\000\017m\320\016\341@\017\350\000\320\203<\324C9\000\204;\274C\033\270C8\270\303<\264\2019\300C\033\264C8\320\003:\000\364 \017\365P\016\000\341\016\357\320\006\363\220\016\347\340\016\345@\016m\240\017\345 \017\3570\017m`\016\360\320\006\355\020\016\364\200\016\000=\310C=\224\003@\270\303;\264\001=\310C8\300\003<\244\203;\234C\033\264C8\320\003:\000\364 \017\365P\016\0001\017\364\020\016\343\260\016m\000\017\362\360\016\364P\016\343@\017\357 \017m \016\365`\016\346P\016\362\320\006\363\220\016\372P\016\000\036\000\004=\204\203<\234C9\320C\033\214\003<\324\0030\016\357 \017\364P\016\370\320\006\3550\007\000A\017\341 \017\347P\016\364\320\006\346P\016\341@\017\365 \017\3450\017\300\032\240\303=\220C:\330\003\033\254\001=\240C=\264\2038\264A;\274\0039\224\003\033\264\3018\310\3038\260A\033\220\303;\320\003<\310\303;\220\003\033\264\0019\314\003<\260A\033\240\303=\220C:\330C\033\204\203<\264\003\033\264\201<\204\303<\000D=\270\303<\204\2039\224C\033\230\003<\264A;\204\003=\240\003`\016\341\300\016\363P\016\000Q\017\363P\016m0\017\357`\016\364\320\006\346\300\016\357\020\016\364\000\230C8\260\303<\224\003\260\001\031\376\377\377\377\177\000$\200\002\352`\203A\374\377\377\377\377\000\030\300\264\201(\002\340\f6 \306\377\377\377\377\017\200\001H\300\004I\030\000\000\004\000\000\000\023\202`B L\b\206\t\002QL\b\f\000\000\211 \000\000!\000\000\0002\"H\t d\205\004\223\"\244\204\004\223\"\343\204\241\220\024\022L\212\214\013\204\244L\020Ts\004`p\2234E\2240\371\"\334\201\177\213=DG\024\210\000\000\000\nwISD\t\223/\302\035\370\213\r2\265\330CtD\201\004\000.\223\246\210\022&_\204;\360\017\201fX\210\026{\210\216(\020!\006\000D\212\000\n\231\021\200\"\240B\251\004\200\326@@!Pk\215\334\034A0\005@b\216\000\024\b\000\000\023,z@\207zh\007q\260\207;h\2076\b\007yh\2076p\207wp\207rh\203r\b\007qH\207\roP\016m\320\016zP\016m\000\017z0\007r\240\007s \007m\220\016v@\007z`\007t\320\006\366\020\007r\200\007z`\007t\240\007q \007x\320\006\341\240\007p\240\007s \007m\340\016s \007m0\013v@\007\032!L\016\361\300\345z\021\345i{Y>\177M\251\315\231\314\030\303\343\277\310 \363K\224\247\355e\371k*\037\277\346\364\366Lf\216\341\361_t\230\375M\337\311g\327x\210\0044\006\000\000\001\000\004\200\000\000\000\000\004C\244\006J\000\000\n\000 \000\004\000\000\000 \030\"u\216\001\000@\000\000\001 \000\000\000\000\301\020i\r \003\000\200\000\000\002@\000\000\000\000\202!\322\036,\013\020\000\002\000\000\200\000\000\000\000\000C$S\210\f\000\000\002\000\b\000\001\000\000\000\b\206H\267\3408@\000\f\000\000\000\000\000\000\000\000Hl\020(jh\000\000\220\005\002\t\000\000\0002\036\230\024\031\021L\220\214\t&G\306\004C\002EP\006%P\b#\0004G\000\n\2410\n\244 \000\000\000\261\030\000\000t\000\000\0003\b\200\034\304\341\034f\024\001=\210C8\204\303\214B\200\007yx\007s\230q\f\346\000\017\355\020\016\364\200\0163\fB\036\302\301\035\316\241\034f0\005=\210C8\204\203\033\314\003=\310C=\214\003=\314x\214tp\007{\b\007yH\207pp\007zp\003vx\207p \207\031\314\021\016\354\220\016\3410\017n0\017\343\360\016\360P\0163\020\304\035\336!\034\330!\035\302a\036f0\211;\274\203;\320C9\264\003<\274\203<\204\003;\314\360\024v`\007{h\0077h\207rh\0077\200\207p\220\207p`\007v(\007v\370\005vx\207w\200\207_\b\207q\030\207r\230\207y\230\201,\356\360\016\356\340\016\365\300\016\3540\003b\310\241\034\344\241\034\314\241\034\344\241\034\334a\034\312!\034\304\201\035\312a\006\326\220C9\310C9\230C9\310C9\270\3038\224C8\210\003;\224\303/\274\203<\374\202;\324\003;\260\303\f\307i\207pX\207rp\203th\007x`\207t\030\207t\240\207\031\316S\017\356\000\017\362P\016\344\220\016\343@\017\341 \016\354P\0163 (\035\334\301\036\302A\036\322!\034\334\201\036\334\340\034\344\341\035\352\001\036f\030Q8\260C:\234\203;\314P$v`\007{h\0077`\207wx\007x\230QL\364\220\017\360P\0163\036j\036\312a\034\350!\035\336\301\035~\001\036\344\241\034\314!\035\360a\006T\205\2038\314\303;\260C=\320C9\374\302<\344C;\210\303;\260\303\214\305\n\207y\230\207w\030\207t\b\007z(\007r\230\201\\\343\020\016\354\300\016\345P\016\3630#\301\322A\036\344\341\027\330\341\035\336\001\036\000\000\000\000y \000\000\t\002\000\000b\036H C\210\f\0319\031$\220\221@\306\310\310h\"P\b\0242\236\030\031!G\310\220Q\244\0038@\301\000\000\000\000x\320\nxp\007\214\221 \013\243\340\001EM\026\205\007\305\300\006H#)\215$\341A$!z\300\020\020\361\024Ub\b\302 \024\300\362D\003\000\000../Drivers/STM32F1xx_HAL_Driver/Src\\stm32f1xx_hal_iwdg.cF:\\SkyDrive\\OtvoreniProjekti\\HotelSaplast\\fw\\RoomController\\DE-160318\\MDK-ARMComponent: ARM Compiler 6.10.1 Tool: armclang [5d143200]../Drivers/STM32F1xx_HAL_Driver/Inc/stm32f1xx_hal_def.hunsigned intHAL_OKHAL_ERRORHAL_BUSYHAL_TIMEOUTHAL_UNLOCKEDHAL_LOCKED../Drivers/STM32F1xx_HAL_Driver/Inc\\stm32f1xx_hal_iwdg.hHAL_IWDG_STATE_RESETHAL_IWDG_STATE_READYHAL_IWDG_STATE_BUSYHAL_IWDG_STATE_TIMEOUTHAL_IWDG_STATE_ERROR../Drivers/CMSIS/Device/ST/STM32F1xx/Include\\stm32f1xx.hRESETSETC:\\Keil\\ARM\\ARMCLANG\\Bin\\..\\include\\stdint.huint32_tDwarf VersionDebug Info Versionwchar_sizestatic_rwdataenumsize_buildattrarmlib_unavailable../Drivers/STM32F1xx_HAL_Driver/Src/stm32f1xx_hal_iwdg.cHAL_StatusTypeDefIWDG_HandleTypeDefInstance../Drivers/CMSIS/Device/ST/STM32F1xx/Include/stm32f103xb.hIWDG_TypeDefInitIWDG_InitTypeDefLockHAL_LockTypeDefStateHAL_IWDG_StateTypeDefPrescalerReloadKRPRRLRSRhiwdgany pointeromnipotent charSimple C/C++ TBAAint&\224\001\000\000\000\000\0000\202\000\034#\b\0002\202\000$#\b\2002\202\000,#\b\0233\20205#\b\2233\2020=#\b\0234\324\0240\2430\004\000\000\004\275\000\016\000\000\000@\000\000#A\303\004\300\302+\000\000(\000\000\300\017\000\000\000#A\303\004\270\203\330\000\000H\000\000 \022\000\000\000#A\303\004\300\002/\000\000X\000\000\220\017\000\000\000\003\025@ \000\300@\005@\b\0000\217\001\220A\001\006\3001\316 \000\3068\203 \034\343\f\002\201\2143\bF2\003a\n\247\200\n\2510\022$\020\000)\344\001P\n`\000\000\200*\000\000\000\2143\b\2002\316 \b\313\f\002+\264\302H\220@\000\244@\n@)\200\001\000\000\256\000\000\0000P\0010\002\000\2143\b@3\316 \b\3168\203@<\343\f\202\001\2153\bH4C\021\013\2620\013\264P\013#A\002\001\300\202(\000\245\000\006\000\000\330\002\000\000\300@\005 \t\0000\316 \000\3238\203 P3\b\271\240\013#A\002\001\340BZ\000\245\000\006\000\000\354\002\000\000\300\f\304*\274\302-\360\302@\005P\t\0000Q\003X\226/\200\002P\n\000\000\000\0000C\360\0133\fup\331\301\fC\035`v0\303p\007\031\036\3140\334\201v\0073\fw\260\325\301\f\303\035py0C0\fT\000\235\000\000\0235\200\345\221\302\037\000\253\000\000\000\000\000\0235\200\365\301\2029\000\242\000\000\000\000\000\0235\300\003\000\000\240\016`\000\000\000\000\314 \244\303:\314D\b\000;\000\003\025@\030\b\0000Q\003Xb\340\016h\003\204\002\000\000\000\000L\324\000\017\000\000\300;\200\001\000\000\0000Q\0034`\000\013\276 \n\360\000\006\000\000\000\300D\r`\221\001,\334\002\000\n\000\000\000\0000Q\0034c\000\013\340 \n\362\000\n\000\030\000\0000Q\003Xf@\n\250\000\274\002\000\000\000\000L\324\000M\031\300\2028\210\002=\200\001\000\016\000\000L\324\000\026\032\300\202*\000\267\000\000\000\000\000\0235@\035\000\000\000\330\003\000\000\000\000L\324\000\315\031\300\0029\210\302=\200\001\000\022\000\000\314@\304\303<\324\003>L\324\000M\032\300B,\200\302/\200\001\000\000\0000Q\0034j\000\013\264\000\n\277\000\006\000\030\000\0000\203\240\017\3730Q\003\324\001\000\000\300/\000\000\000\000\300D\r\320\254\201;\220M(\364\003\030\000\000\000\000\0235@\303\006\356P6\241\320\017`\000\200\001\000\000\0235@\323\006\356`6\241\320\017`\000\200\002\000\000\0235@\343\006\356p6\241\320\017`\000\200\003\000\0003\020\376\360\017 \021\022\323\005\306\f\301\034\3140\310\001I\350\301\fC\034\224\204\036\3140\320AI\350\301\f\005\034\234\204\036\234\304\036\314\220\300\201I\350\001J\354AI\360AI\364\301\fCJ\230\204\036\314\220\300\301I\350\301I\354\301I\370\301I\360\301\f\303J\234\004\037\3140\244DI\364\301\fCJ\224\004\037\3140\254\304I\350\301\355\002\300q\034\307q\034\307q4\201\022(\201\022n\340\006\240 \006b \006b\000\n.!\006b\200\006.\341\006b \006b \006b\300\n.\341\006b \006h\340\022\240\340\006\360\300\271\201\033\270\201\033\270\201\033Xn\000\017\360\240\016h\340\006t`\017\352 \022\366\200\022\366\200\022\366\240\016(\001\n\"\201\022h\240\016\"\201\022(\201\022\240`qt@\007t\300\n\374@\007\374@\007t@\0072\022\230\240\\\330\330\354\332\\\310\304\316\\\306\352F\t\374 #66\2736\227\2667\262:\2662\0273\266\260\263\271Q\fp\b\007q\030\007r(\207T\330\330\354\332\\\322\310\312\334\350F\t\314\001\000\000\000\000\251\030\000\000\023\000\000\000\013\nr(\207w\200\007zXp\230C=\270\3038\260C9\320\303\202\346\034\306\241\r\350A\036\302\301\035\346!\035\350!\035\336\301\035\026(\342P\016\346\360\016\362P\016\351\340\016\363@\017\013\222p0\007z(\007yH\007w\230\007z\000\321\020\000\000\006\000\000\000\007\314<\244\203;\234\003;\224\003=\240\203<\224C8\220\303\001\000\000\000a \000\000\257\000\000\000\023\004G,\020\000\000\000\004\000\000\000\004J\265Z\240\"*\020\210\312\b\000\000\000\000\000\3610\000\000!\000\000\000\"G\310\220Q\006D\004\r\000\000\000HAL_IWDG_Init\000\000\000\253\252\001\035`\002@\207\236h\007 \360\t\000\000@$\370\003\000\270\t\000\230U\0041\201\016`a\314*\202\230@\207\2650f\025AL\240C\\\030\263\212\200&\320A.\206q\211\020\023o\200\016=\261\016\001\000l\blb\303\260\022'\261\007\033\206\2248\211=\3300\254\304I\370\301\206!%N\302\017&\bE\004\000\000\000#\006\007\000\202`\340@\373\376\377\377?\204\374\377\377\377@\363\377\377\377\303\214\001\321\023u\020\023\300pC\021\200\301\214\001\001\026\214L\000\263\fF\020\314\030\020`a\304\004\260\311`0\314\214\001\261\026\307L\000\024\2101a\000\3540\004N4a\000P\000\346\204\001P\201\244\023\006\300pC\020\201\301\204\0010\3130\b\301\214\001\301\026\306L\000D\2009c@\260E2\023@\005\227N\030\000\303\r\001\005\006\023\006\300,\303`\0043\006\304Z\0301\001l2<\0256c@\304EC\023\000\005`N\030\000\303\r\301\005\0063\006D\\L4\001\3142\020E0c@\304\205\021\023\300&\203\204q3\006\004]05\001\f\033\020A6\0003\006\004]D5\001\214\030\024D\b\202A2\006\323\214\001q\027EM\000\324\2101c@\370\305\020\023\300,A1c@\340\305P\023\300@\205 \020\3320c@\370\305\020\023\300\260\001a|C0c@\354\005\024\023\300\016C\260m3\006\204_\f1\001\f\033\020A5\004\023\006\300\016\203\300y3\006Dh\f1\001P\000\346\204\001P\201\245\023\006\300&D\366\205\3017a\000P\000\306\204\001PC\260\023\006\300\260\001a\004C0a\000\3540 b`\0063\006\204h\f1\001P\000\346\204\001P\301\246\023\006\300&\304W\006gp\006\023\006\000\005`L\030\0005\004;a\000\f\033\020F0\004\023\006\300\260\0011\251\301\020\314\030\020\245\001\305\0040K`\314\030\020\2501\304\0040\320\001\300BA\013\000-\b\031\314\030\020\251\021\304\004\020\020\003\000\000\000\025\000\000\000[\004\000&\266\fD\220\022[\006#X\211-\203\022\254\304\226\341\tXb\3130\005-\261e\250\202\224\3302`\001Kl\031\264\300%\266\f\\p\023[\206/\300\211-C\030\0047\261e\030\203 '\266\ff\020\350\304\226\001\r\202\234\3302\244A\300\022\000\000\000\000\000\000\000a \000\000'\000\000\000\023\004A<\f\000\000\000\025\000\000\000\"G\310\220Q\006\004\005\020\000\000\000HAL_IWDG_MspInit\253\252\001\035`\002@\207\330\230\t \220\r\000\000@$\370\003\000\250\t\000\330 \000\353\260\211\020\000\231\000\306%BL\274\001:\304\306:\004\000\260!\240\211\tB\021\001\000\000#\006\007\000\202`\3400\375\376\377\377?\374\373\377\377\377\000\363\377\377\377\303\214\001\021\033r\020\023\000\316\030\020\270\021\304\004\020\020\003\000\000\002\000\000\000[\004\000&\000\000\000\000\000\000\000\000a \000\000\\\000\000\000\023\004C,\020\000\000\000\003\000\000\000\004\ns\326\240\250U\013\000\000\000\000\3610\000\000\030\000\000\000\"G\310\220Q\006\204\004\016\000\000\000HAL_IWDG_Start\000\000\253\252\001\035`\002@\207\371h\007 \240\017\000\000@$\370\003\000\260\t\000\230U\0041\201\016\3661\314*\002\231@\007\373\030f\025AL\240C\211\f\343\022!&\336\000\035\346c\035\002\000\330\020\324\304\004\241\210\000#\006\007\000\202`\3408\376\376\377\377?\200\374\377\377\377 \363\377\377\377\303\214\0011\037v\020\023\300&\303\22043\006\204}\f3\001P\000\306\204\0010\334\0204`0a\000\3142\bA0c@\330\307 \023\300&\203\301<3\006D~(1\001\f\033\020A4\0043\006D~@1\001l2\034M3c@\360\307\020\023\000\005bL\030\000;\f\301\363L\030\000\303\006D\220\f\301\204\0010l@\004\310\020\314\030\020\3771\304\0040l@\020\322\020\314\030\020\"\002\305\0040l@\034\320\000\314\030\020%2\320\0040K \314\030\020(2\304\0040P\001\200A\200\006@\0063\006D\212\0041\001\004\304\000\n\000\000\000[\004\000&\266\fB\320\022[\006#`\211-\003\022\244\304\226A\t\\b\313\260\004.\261e`\002\226\33024AK\000\000\000\000\000\000a \000\000\235\000\000\000\023\004G,\020\000\000\000\002\000\000\000\004\n\372\241\250U\013\000\3610\000\000*\000\000\000\"G\310\220Q\nD\007P\002\000\000HAL_IWDG_Refreshtickstart\000\000\000\253\252\001\035`\002@\207\030i\007 \220\021\000\000@$\370\003\000\330\t\000\230U\0042\201\01662\314*\202\231@\007\033\031f\025\001M\240\203\215\f\263\212@&\320\341G\206YE`\023\350\000&\310\212\001'x\242'\306%\202L\274\001:\304\310:\004\0000.\021d\"&\320aF~\001\000\200\rBN\350\204\314\003\td\b\221!S>2\020\023@\251\311@L\000\023\204\"\232 \000\030\000\000\000#\006\007\000\202`\3408\367\376\377\377?\360\373\377\377\377 \363\377\377\377\303\214\001\021#x \023\300\210\301\001\200 \0308\016\357\377\377\377\017\373\376\377\377?\310\374\377\377\3770c@\314\b#\023\300&\303\22043\006\204\215\f4\001P\000\306\204\0010\334\0204`0a\000\3142\030A0c@\330\3100\023\300\260\00118\0030c@\330\310P\023\300&\203\301<3\006D\216(2\001\f\033\020A4\0043\006D\216@2\001\214\030\020E\b\202\301B\315\030\020;\362\310\0040bp\000 \b\006\316\264\357\377\377\377\003\310\377\377\377\0177\377\377\377?\314\030\0203\302\310\004\260\311\2008\316,\2010c@\370\310 \023\000\005b\314\030\020>\222\310\004\260\303\020@\323\204\001@\001\230\023\006@\005\226N\030\000\303\r\301\004\006\023\006\300,\0031\0043\006\204\217\f2\001\214\030\020E\b\202\301\262\315\030\020`\222\334\004P\001\0223\006\004\230\\7\001\f7\004\217\030\314\030\020`R\0067\001\3142\024B0c@\200\tb\023\300\016\003r]3\006D\233\f2\001\f\033\020\0014\004\023\006\300,A1c@\330\311 \023\300@\005@\007\204\035\f\003\025\200\034\020x0\f\033\020\2160\004\303\006D\244\r\300,\2011c@\334I \023\300@\005\300\007\200Pd0a\000\004\304\000\r\000\000\000[\004 &\266\fC\320\022[\006#h\211-\003\022\260\304\226\241\tRb\313\360\004+\261e\260\244\233\3302`\201Kl\031\270\200%\266\f]\320\022\000\000\000\000\000\000\000\000a \000\000-\000\000\000\023\004A<\f\000\000\000\026\000\000\000\"G\310\220Q\006D\005\021\000\000\000HAL_IWDG_GetState\000\000\000\253\252\001\035`\002@\007Y\231\t \230\025\000\000@$\370\003\000\250\t\000\330 \330\303:l\"\004@&\200q\211\020\023o\200\016\262\262\016\001\000l\bhb\202PD\000\000#\006\007\000\202`\3400\375\376\377\377?\374\373\377\377\377\000\363\377\377\377\303\214\001!+}\020\023\300&Cp(3\006\004\255D1\001P\000\346\204\001\220\301\214\001A+CL\000\0011\000\003\000\000\000[\004\000&\266\fB\300\022\000\000\000\000\000\000\000q \000\000\006\000\000\0002\016\020\"\204\000\200\t\030\020\253\200\002\332\n8\200\273\200\005\327\f\000\000\000\000\000\000e\f\000\000A\000\000\000\022\003\224\370\001\000\000\000\001\000\000\000e\000\000\000\b\000\000\000D\000\000\000\001\000\000\000P\000\000\000\000\000\000\000P\000\000\000\007\000\000\000\370\000\000\000\000\000\000\000m\000\000\000\026\000\000\000\203\000\000\0008\000\000\000\273\000\000\000\000\000\000\000\000\000\000\000\007\000\000\000\000\000\000\000\000\000\000\000\r\000\000\000\000\000\000\000\r\000\000\000\377\377\377\377\001$\000\000\r\000\000\000\020\000\000\000\r\000\000\000\020\000\000\000\377\377\377\377\021$\000\000\035\000\000\000\016\000\000\000\035\000\000\000\016\000\000\000\377\377\377\377\001$\000\000+\000\000\000\020\000\000\000+\000\000\000\020\000\000\000\377\377\377\377\001$\000\000;\000\000\000\013\000\000\000;\000\000\000\013\000\000\000\377\377\377\377\b$\000\000F\000\000\000\021\000\000\000F\000\000\000\021\000\000\000\377\377\377\377\001$\000\000W\000\000\000\016\000\000\000W\000\000\000\016\000\000\000\377\377\377\377\b,\000\000\000\000\000\000]\f\000\0002\000\000\000\022\003\224{\001\000\000\000HAL_IWDG_InitHAL_IWDG_MspInitHAL_IWDG_StartHAL_IWDG_RefreshHAL_GetTickHAL_IWDG_GetStatellvm.dbg.value7.0.0svnthumbv7m-arm-none-eabi../Drivers/STM32F1xx_HAL_Driver/Src/stm32f1xx_hal_iwdg.c\000\000\000\000"
	.size	.Lllvm.embedded.module, 7192

	.section	.debug_str,"MS",%progbits,1
.Linfo_string0:
	.asciz	"Component: ARM Compiler 6.10.1 Tool: armclang [5d143200]" @ string offset=0
.Linfo_string1:
	.asciz	"../Drivers/STM32F1xx_HAL_Driver/Src\\stm32f1xx_hal_iwdg.c" @ string offset=57
.Linfo_string2:
	.asciz	"F:\\SkyDrive\\OtvoreniProjekti\\HotelSaplast\\fw\\RoomController\\DE-160318\\MDK-ARM" @ string offset=114
.Linfo_string3:
	.asciz	"unsigned int"          @ string offset=192
.Linfo_string4:
	.asciz	"HAL_OK"                @ string offset=205
.Linfo_string5:
	.asciz	"HAL_ERROR"             @ string offset=212
.Linfo_string6:
	.asciz	"HAL_BUSY"              @ string offset=222
.Linfo_string7:
	.asciz	"HAL_TIMEOUT"           @ string offset=231
.Linfo_string8:
	.asciz	"HAL_UNLOCKED"          @ string offset=243
.Linfo_string9:
	.asciz	"HAL_LOCKED"            @ string offset=256
.Linfo_string10:
	.asciz	"HAL_IWDG_STATE_RESET"  @ string offset=267
.Linfo_string11:
	.asciz	"HAL_IWDG_STATE_READY"  @ string offset=288
.Linfo_string12:
	.asciz	"HAL_IWDG_STATE_BUSY"   @ string offset=309
.Linfo_string13:
	.asciz	"HAL_IWDG_STATE_TIMEOUT" @ string offset=329
.Linfo_string14:
	.asciz	"HAL_IWDG_STATE_ERROR"  @ string offset=352
.Linfo_string15:
	.asciz	"RESET"                 @ string offset=373
.Linfo_string16:
	.asciz	"SET"                   @ string offset=379
.Linfo_string17:
	.asciz	"uint32_t"              @ string offset=383
	.section	.debug_abbrev,"",%progbits
	.byte	1                       @ Abbreviation Code
	.byte	17                      @ DW_TAG_compile_unit
	.byte	1                       @ DW_CHILDREN_yes
	.byte	37                      @ DW_AT_producer
	.byte	14                      @ DW_FORM_strp
	.byte	19                      @ DW_AT_language
	.byte	5                       @ DW_FORM_data2
	.byte	3                       @ DW_AT_name
	.byte	14                      @ DW_FORM_strp
	.byte	16                      @ DW_AT_stmt_list
	.byte	6                       @ DW_FORM_data4
	.byte	27                      @ DW_AT_comp_dir
	.byte	14                      @ DW_FORM_strp
	.ascii	"\264B"                 @ DW_AT_GNU_pubnames
	.byte	12                      @ DW_FORM_flag
	.byte	0                       @ EOM(1)
	.byte	0                       @ EOM(2)
	.byte	2                       @ Abbreviation Code
	.byte	4                       @ DW_TAG_enumeration_type
	.byte	1                       @ DW_CHILDREN_yes
	.byte	73                      @ DW_AT_type
	.byte	19                      @ DW_FORM_ref4
	.byte	11                      @ DW_AT_byte_size
	.byte	11                      @ DW_FORM_data1
	.byte	58                      @ DW_AT_decl_file
	.byte	11                      @ DW_FORM_data1
	.byte	59                      @ DW_AT_decl_line
	.byte	11                      @ DW_FORM_data1
	.byte	0                       @ EOM(1)
	.byte	0                       @ EOM(2)
	.byte	3                       @ Abbreviation Code
	.byte	40                      @ DW_TAG_enumerator
	.byte	0                       @ DW_CHILDREN_no
	.byte	3                       @ DW_AT_name
	.byte	14                      @ DW_FORM_strp
	.byte	28                      @ DW_AT_const_value
	.byte	15                      @ DW_FORM_udata
	.byte	0                       @ EOM(1)
	.byte	0                       @ EOM(2)
	.byte	4                       @ Abbreviation Code
	.byte	36                      @ DW_TAG_base_type
	.byte	0                       @ DW_CHILDREN_no
	.byte	3                       @ DW_AT_name
	.byte	14                      @ DW_FORM_strp
	.byte	62                      @ DW_AT_encoding
	.byte	11                      @ DW_FORM_data1
	.byte	11                      @ DW_AT_byte_size
	.byte	11                      @ DW_FORM_data1
	.byte	0                       @ EOM(1)
	.byte	0                       @ EOM(2)
	.byte	5                       @ Abbreviation Code
	.byte	22                      @ DW_TAG_typedef
	.byte	0                       @ DW_CHILDREN_no
	.byte	73                      @ DW_AT_type
	.byte	19                      @ DW_FORM_ref4
	.byte	3                       @ DW_AT_name
	.byte	14                      @ DW_FORM_strp
	.byte	58                      @ DW_AT_decl_file
	.byte	11                      @ DW_FORM_data1
	.byte	59                      @ DW_AT_decl_line
	.byte	11                      @ DW_FORM_data1
	.byte	0                       @ EOM(1)
	.byte	0                       @ EOM(2)
	.byte	0                       @ EOM(3)
	.section	.debug_info,"",%progbits
.Lcu_begin0:
	.long	160                     @ Length of Unit
	.short	3                       @ DWARF version number
	.long	.debug_abbrev           @ Offset Into Abbrev. Section
	.byte	4                       @ Address Size (in bytes)
	.byte	1                       @ Abbrev [1] 0xb:0x99 DW_TAG_compile_unit
	.long	.Linfo_string0          @ DW_AT_producer
	.short	12                      @ DW_AT_language
	.long	.Linfo_string1          @ DW_AT_name
	.long	.Lline_table_start0     @ DW_AT_stmt_list
	.long	.Linfo_string2          @ DW_AT_comp_dir
	.byte	1                       @ DW_AT_GNU_pubnames
	.byte	2                       @ Abbrev [2] 0x1f:0x21 DW_TAG_enumeration_type
	.long	64                      @ DW_AT_type
	.byte	4                       @ DW_AT_byte_size
	.byte	1                       @ DW_AT_decl_file
	.byte	57                      @ DW_AT_decl_line
	.byte	3                       @ Abbrev [3] 0x27:0x6 DW_TAG_enumerator
	.long	.Linfo_string4          @ DW_AT_name
	.byte	0                       @ DW_AT_const_value
	.byte	3                       @ Abbrev [3] 0x2d:0x6 DW_TAG_enumerator
	.long	.Linfo_string5          @ DW_AT_name
	.byte	1                       @ DW_AT_const_value
	.byte	3                       @ Abbrev [3] 0x33:0x6 DW_TAG_enumerator
	.long	.Linfo_string6          @ DW_AT_name
	.byte	2                       @ DW_AT_const_value
	.byte	3                       @ Abbrev [3] 0x39:0x6 DW_TAG_enumerator
	.long	.Linfo_string7          @ DW_AT_name
	.byte	3                       @ DW_AT_const_value
	.byte	0                       @ End Of Children Mark
	.byte	4                       @ Abbrev [4] 0x40:0x7 DW_TAG_base_type
	.long	.Linfo_string3          @ DW_AT_name
	.byte	7                       @ DW_AT_encoding
	.byte	4                       @ DW_AT_byte_size
	.byte	2                       @ Abbrev [2] 0x47:0x15 DW_TAG_enumeration_type
	.long	64                      @ DW_AT_type
	.byte	4                       @ DW_AT_byte_size
	.byte	1                       @ DW_AT_decl_file
	.byte	68                      @ DW_AT_decl_line
	.byte	3                       @ Abbrev [3] 0x4f:0x6 DW_TAG_enumerator
	.long	.Linfo_string8          @ DW_AT_name
	.byte	0                       @ DW_AT_const_value
	.byte	3                       @ Abbrev [3] 0x55:0x6 DW_TAG_enumerator
	.long	.Linfo_string9          @ DW_AT_name
	.byte	1                       @ DW_AT_const_value
	.byte	0                       @ End Of Children Mark
	.byte	2                       @ Abbrev [2] 0x5c:0x27 DW_TAG_enumeration_type
	.long	64                      @ DW_AT_type
	.byte	4                       @ DW_AT_byte_size
	.byte	2                       @ DW_AT_decl_file
	.byte	66                      @ DW_AT_decl_line
	.byte	3                       @ Abbrev [3] 0x64:0x6 DW_TAG_enumerator
	.long	.Linfo_string10         @ DW_AT_name
	.byte	0                       @ DW_AT_const_value
	.byte	3                       @ Abbrev [3] 0x6a:0x6 DW_TAG_enumerator
	.long	.Linfo_string11         @ DW_AT_name
	.byte	1                       @ DW_AT_const_value
	.byte	3                       @ Abbrev [3] 0x70:0x6 DW_TAG_enumerator
	.long	.Linfo_string12         @ DW_AT_name
	.byte	2                       @ DW_AT_const_value
	.byte	3                       @ Abbrev [3] 0x76:0x6 DW_TAG_enumerator
	.long	.Linfo_string13         @ DW_AT_name
	.byte	3                       @ DW_AT_const_value
	.byte	3                       @ Abbrev [3] 0x7c:0x6 DW_TAG_enumerator
	.long	.Linfo_string14         @ DW_AT_name
	.byte	4                       @ DW_AT_const_value
	.byte	0                       @ End Of Children Mark
	.byte	2                       @ Abbrev [2] 0x83:0x15 DW_TAG_enumeration_type
	.long	64                      @ DW_AT_type
	.byte	4                       @ DW_AT_byte_size
	.byte	3                       @ DW_AT_decl_file
	.byte	169                     @ DW_AT_decl_line
	.byte	3                       @ Abbrev [3] 0x8b:0x6 DW_TAG_enumerator
	.long	.Linfo_string15         @ DW_AT_name
	.byte	0                       @ DW_AT_const_value
	.byte	3                       @ Abbrev [3] 0x91:0x6 DW_TAG_enumerator
	.long	.Linfo_string16         @ DW_AT_name
	.byte	1                       @ DW_AT_const_value
	.byte	0                       @ End Of Children Mark
	.byte	5                       @ Abbrev [5] 0x98:0xb DW_TAG_typedef
	.long	64                      @ DW_AT_type
	.long	.Linfo_string17         @ DW_AT_name
	.byte	4                       @ DW_AT_decl_file
	.byte	64                      @ DW_AT_decl_line
	.byte	0                       @ End Of Children Mark
	.section	.debug_ranges,"",%progbits
	.section	.debug_macinfo,"",%progbits
.Lcu_macro_begin0:
	.byte	0                       @ End Of Macro List Mark
	.section	.debug_pubnames,"",%progbits
	.long	.LpubNames_end0-.LpubNames_begin0 @ Length of Public Names Info
.LpubNames_begin0:
	.short	2                       @ DWARF Version
	.long	.Lcu_begin0             @ Offset of Compilation Unit Info
	.long	164                     @ Compilation Unit Length
	.long	0                       @ End Mark
.LpubNames_end0:
	.section	.debug_pubtypes,"",%progbits
	.long	.LpubTypes_end0-.LpubTypes_begin0 @ Length of Public Types Info
.LpubTypes_begin0:
	.short	2                       @ DWARF Version
	.long	.Lcu_begin0             @ Offset of Compilation Unit Info
	.long	164                     @ Compilation Unit Length
	.long	64                      @ DIE offset
	.asciz	"unsigned int"          @ External Name
	.long	152                     @ DIE offset
	.asciz	"uint32_t"              @ External Name
	.long	0                       @ End Mark
.LpubTypes_end0:

	.ident	"Component: ARM Compiler 6.10.1 Tool: armclang [5d143200]"
	.section	".note.GNU-stack","",%progbits
	.ARM_attribute	16, 1	@ Tag_AV_eba
	.section	.debug_line,"",%progbits
.Lline_table_start0:
