	.text
	.syntax unified
	.eabi_attribute	67, "2.09"	@ Tag_conformance
	.cpu	cortex-m3
	.eabi_attribute	6, 10	@ Tag_CPU_arch
	.eabi_attribute	7, 77	@ Tag_CPU_arch_profile
	.eabi_attribute	8, 0	@ Tag_ARM_ISA_use
	.eabi_attribute	9, 2	@ Tag_THUMB_ISA_use
	.eabi_attribute	34, 1	@ Tag_CPU_unaligned_access
	.eabi_attribute	17, 1	@ Tag_ABI_PCS_GOT_use
	.eabi_attribute	20, 2	@ Tag_ABI_FP_denormal
	.eabi_attribute	21, 0	@ Tag_ABI_FP_exceptions
	.eabi_attribute	23, 1	@ Tag_ABI_FP_number_model
	.eabi_attribute	24, 1	@ Tag_ABI_align_needed
	.eabi_attribute	25, 1	@ Tag_ABI_align_preserved
	.eabi_attribute	38, 1	@ Tag_ABI_FP_16bit_format
	.eabi_attribute	18, 4	@ Tag_ABI_PCS_wchar_t
	.eabi_attribute	26, 2	@ Tag_ABI_enum_size
	.eabi_attribute	14, 0	@ Tag_ABI_PCS_R9_use
	.file	"stm32f1xx_hal_gpio.c"
	.file	1 "../Drivers/STM32F1xx_HAL_Driver/Inc" "stm32f1xx_hal_gpio.h"
	.file	2 "../Drivers/STM32F1xx_HAL_Driver/Inc" "stm32f1xx_hal_def.h"
	.file	3 "../Drivers/CMSIS/Device/ST/STM32F1xx/Include" "stm32f1xx.h"
	.file	4 "C:\\Keil\\ARM\\ARMCLANG\\Bin\\..\\include" "stdint.h"
	.file	5 "../Drivers/CMSIS/Device/ST/STM32F1xx/Include" "stm32f103xb.h"
	.type	.Lllvm.embedded.module,%object @ @llvm.embedded.module
	.section	.llvmbc,"a",%progbits
	.p2align	4
.Lllvm.embedded.module:
	.asciz	"BC\300\3365\024\000\000\005\000\000\000b\f0$LY\276\346\356\323>-U\215\020\005\310\024\000\000!\f\000\000F\013\000\000\013\002!\000\002\000\000\000\023\000\000\000\007\201#\221A\310\004I\006\02029\222\001\204\f%\005\b\031\036\004\213b\200\030E\002B\222\013B\304\0202\0248\b\030K\n2b\210H\220\024 CF\210\245\000\0312B\344H\016\220\021#\304PAQ\201\214\341\203\345\212\0041F\006Q\030\000\000\262\000\000\000\033J'\370\377\377\377\377\0010\000\t\230\210qx\007y\220\207r\030\007z`\207|h\003yx\207zp\007r(\007rh\003rH\007{H\007r(\2076\230\207x\220\007zh\003s\200\2076h\207p\240\007t\000\314!\034\330a\036\312\001 \310\241\034\334\341\035\344\241\035\302\201\035\332\300\034\340\241\r\332!\034\350\001\035\000x\220\207r\230\207r\220\007{(\2076\230\207t8\007w\000\brH\207y\b\007q`\207rh\003z\b\207t`\2076\030\207p`\007v\230\007\300\034\302\201\035\346\241\034\000\202\035\312a\036\346\241\r\340A\036\312a\034\322a\036\312\241\r\314\001\036\332!\034\310\0010\207p`\207y(\007\200p\207wh\003s\220\207ph\207rh\003xx\207tp\007z(\007yh\203r`\207th\007\300\034\302\201\035\346\241\034\000\302\035\336\241\r\322\301\035\314a\036\332\300\034\340\241\r\332!\034\350\001\035\000z\220\207z(\007\200p\207wh\003u\250\207v\200\2076\240\207p\020\007v(\207y\000\314!\034\330a\036\312\001 \334\341\035\332\300\035\302\301\035\346\241\r\314\001\036\332\240\035\302\201\036\320\001\240\007y\250\207r\000\bwx\2076\230\207t8\007w(\007rh\003}(\007yx\207yh\003s\200\2076h\207p\240\007t\000\350A\036\352\241\034\000\302\035\336\241\r\350A\036\302\001\036\340!\035\334\341\034\332\240\035\302\201\036\320\001\240\007y\250\207r\000\210y\240\207p\030\207uh\003x\220\207w\240\207r\030\007zx\007yh\003q\250\007s0\207r\220\2076\230\207t\320\207r\000\360\000 \350!\034\344\341\034\312\201\036\332`\034\340\241\036\200qx\007y\240\207r\300\2076h\2079\000\bz\b\007y8\207r\240\20760\207r\b\007z\250\007y(\207y\000\326\000\035\356\201\034\322\301\036\330`\r\350\001\035\352\241\035\304\241\r\332\341\035\310\241\034\330\240\r\306A\036\306\201\r\332\200\034\336\201\036\340A\036\336\201\034\330\240\r\310a\036\340\201\r\332\000\035\356\201\034\322\301\036\332 \034\344\241\035\330\240\r\344!\034\346\001 \352\301\035\346!\034\314\241\034\332\300\034\340\241\r\332!\034\350\001\035\000s\b\007v\230\207r\000\210z\230\207rh\203yx\007s\240\20760\007vx\207p\240\007\300\034\302\201\035\346\241\034\200\r\206 \000\013Pm0\206\377\377\377\377\037\2006\000\244\r\004!\000\313\006\242\020\0001\330@\030\001 \006\033\220\343\377\377\377\377\007@\002(\240\0166\020\210\000\234\301\006#\371\377\377\377\377\0010\200\t\000I\030\000\000\007\000\000\000\023\204@\230 \f\304\204 \230 \004\305\004!0&\004\307\204\000\231 $\006\000\000\000\211 \000\000%\000\000\0002\"\210\t d\205\004\023#\244\204\004\023#\343\204\241\220\024\022L\214\214\013\204\304L\020\200\301\b\300\034\001\030\334$M\021%L>\230\212\350\337b\017\321\021\005:\202 \b\202  \341.i\212(a\362\301TD\177\261A\246\026{\210\216(\020\021\004A@D\031\200\241 c\216\000\024\346\b\020J\312\000 \n-e\000\206\200\2329\002\250\f\301\360\020T\b`x\002\222\312\000\f\017QE\000\036\262\006\002\n\001`\030F\031\005s\004\301\024@\022\004\344\001\000\000\023,z@\207zh\007q\260\207;h\2076\b\007yh\2076p\207wp\207rh\203r\b\007qH\207\roP\016m\320\016zP\016m\000\017z0\007r\240\007s \007m\220\016v@\007z`\007t\320\006\366\020\007r\200\007z`\007t\240\007q \007x\320\006\341\240\007p\240\007s \007m\340\016s \007m0\013v@\007\032!L\016\361\300\345z\021\345i{Y>\177M\251\315\231\314\030\303\343\277\310 \363K\224\247\355e\371k*\037\277\346\364\366Lf\216\341\361_t\230\375=\303\323o\327x\210\0044\006\000\000\001\000\004\200\000\000\000\000\004C\244\006[\200\000\020\000\000\000\000\000\000\000\000\030\"\225\201\265\000\001 \000\000\000\000\000\000\000\0000D\332\203\247\001\000`\000\200\000\020\000\000\000\200`\210\244\n\020\004\000\000\001\000\001 \000\000\000\000\301\020I\027\"\t\000\000\002\000\002@\000\000\000\000\202!\322:H\024\000\000\004\000\004\200\000\000\000\000\004C\244~\200 \000\000\b\000\b\000\001\000\000\000\b\206H-\201Y\000\000\024\000\020\000\002\000\000\000\020\f\221\312\302\262\000\000*\000 \000\004\000\000\000 \030\"\355\205\223\001\001`\000\000\000\000\000\000\000\000 \261A\240(\321\002\000@\026\b\000\000\000\f\000\000\0002\036\230\024\031\021L\220\214\t&G\306\004C\n\212\240\fJ\240\020F\000\n\020\020\201\220B\030\001(\210\302(\220B)\230\302)\240B\002\000\000\000\261\030\000\000t\000\000\0003\b\200\034\304\341\034f\024\001=\210C8\204\303\214B\200\007yx\007s\230q\f\346\000\017\355\020\016\364\200\0163\fB\036\302\301\035\316\241\034f0\005=\210C8\204\203\033\314\003=\310C=\214\003=\314x\214tp\007{\b\007yH\207pp\007zp\003vx\207p \207\031\314\021\016\354\220\016\3410\017n0\017\343\360\016\360P\0163\020\304\035\336!\034\330!\035\302a\036f0\211;\274\203;\320C9\264\003<\274\203<\204\003;\314\360\024v`\007{h\0077h\207rh\0077\200\207p\220\207p`\007v(\007v\370\005vx\207w\200\207_\b\207q\030\207r\230\207y\230\201,\356\360\016\356\340\016\365\300\016\3540\003b\310\241\034\344\241\034\314\241\034\344\241\034\334a\034\312!\034\304\201\035\312a\006\326\220C9\310C9\230C9\310C9\270\3038\224C8\210\003;\224\303/\274\203<\374\202;\324\003;\260\303\f\307i\207pX\207rp\203th\007x`\207t\030\207t\240\207\031\316S\017\356\000\017\362P\016\344\220\016\343@\017\341 \016\354P\0163 (\035\334\301\036\302A\036\322!\034\334\201\036\334\340\034\344\341\035\352\001\036f\030Q8\260C:\234\203;\314P$v`\007{h\0077`\207wx\007x\230QL\364\220\017\360P\0163\036j\036\312a\034\350!\035\336\301\035~\001\036\344\241\034\314!\035\360a\006T\205\2038\314\303;\260C=\320C9\374\302<\344C;\210\303;\260\303\214\305\n\207y\230\207w\030\207t\b\007z(\007r\230\201\\\343\020\016\354\300\016\345P\016\3630#\301\322A\036\344\341\027\330\341\035\336\001\036\000\000\000\000y \000\000v\002\000\000b\036H C\210\f\0319\031$\220\221@\306\310\310h\"P\b\0242\236\030\031!G\310\220Q<\005>\360\301\000\000\000\000x\320\nx\200\007\214\303\334\201\221 \013\036\024\003\033 \210\243\007\013\3030\303@\020\2050\f\303@\f\004A\030I!\020\003\202\030\307A\f\215\2444\222\204\007\005\2228\0160<\02124../Drivers/STM32F1xx_HAL_Driver/Src\\stm32f1xx_hal_gpio.cF:\\SkyDrive\\OtvoreniProjekti\\HotelSaplast\\fw\\RoomController\\DE-160318\\MDK-ARMComponent: ARM Compiler 6.10.1 Tool: armclang [5d143200]../Drivers/STM32F1xx_HAL_Driver/Inc\\stm32f1xx_hal_gpio.hunsigned intGPIO_PIN_RESETGPIO_PIN_SET../Drivers/STM32F1xx_HAL_Driver/Inc/stm32f1xx_hal_def.hHAL_OKHAL_ERRORHAL_BUSYHAL_TIMEOUT../Drivers/CMSIS/Device/ST/STM32F1xx/Include\\stm32f1xx.hRESETSETC:\\Keil\\ARM\\ARMCLANG\\Bin\\..\\include\\stdint.huint32_tuint16_tunsigned short../Drivers/CMSIS/Device/ST/STM32F1xx/Include/stm32f103xb.hRCC_TypeDefAFIO_TypeDefGPIO_TypeDefEXTI_TypeDefIMREMRRTSRFTSRSWIERPRCRLCRHIDRODRBSRRBRRLCKREVCRMAPREXTICRRESERVED0MAPR2CRCFGRCIRAPB2RSTRAPB1RSTRAHBENRAPB2ENRAPB1ENRBDCRCSRDwarf VersionDebug Info Versionwchar_sizestatic_rwdataenumsize_buildattrarmlib_unavailable../Drivers/STM32F1xx_HAL_Driver/Src/stm32f1xx_hal_gpio.cGPIOxpositioniocurrentconfigregisterregisteroffsetintomnipotent charSimple C/C++ TBAAGPIO_PintmpGPIO_PinState\000\000fS\002\000\000\000\000\0000\202\200D#\b\3012\202\0200#\bA3\202\0208#\b\3013\202\200H#\b\3104\202\200P#\bH5\202\200X#\b\3105\0224L@<\234\n\000\200\006\000\000\"\001\000\0000\0224L@<\330\013\000\200\007\000\000*\001\000\0000\0224L@<\224\f\000\200\b\000\0003\001\000\0000\0224L@<\340\r\000\200\n\000\000>\001\000\0000\324\0240\2710\004\000\000\004\354\240\017\000\000\000@\000\000\003\025@ \000\300@\005@\b\0000\217\001\220A\001\006\3001\316 \000\3068\203 \0343\b\274\320\013#A\002\001\350\302,\000\273\000\006\000\000\370\002\000\000\300@\005\200\b\0000\316 \000\3118\203 (\343\f\002\261\2143\b\0063\003\021\016\3420\016\3440\022$\020\0008\344\001\260\013`\000\000@9\000\000\000\fT\000\215\000\000\343\f\002\340\2143\b\3023\203\200\016\3510\022$\020\3009\244\005\260\013`\000\000\200:\000\000\000\3140\374\2029\254\303@\005\000\t\0000Q\003XQ;\200\002\260\013\000\000\000\0000\217\001\220\301\004\001\307D\r`I\355\360\007\300;\000\000\000\000\300@\005@\t\0000Q\003XU<\230\016p\013\000\000\000\0000Q\003<\000\000\000\362\000\006\000\000\000\300D\r`Y\361\3002\200-\000\000\000\000\300D\r\360\000\000\000\320\003\030\000\000\000\000\0235\200u\305\303\277\000\265\000\000\000\000\000\0235\300\003\000\000`\017`\000\000\000\000L\324\000\026\026\017\257\002\320\002\000\000\000\000L\324\000\017\000\000\000>\200\001\000\000\0000\203\341\016\3600\017\365p\017\3710Q\003\324\001\000\000\200;\000\000\000\000\300D\r\320d\361\220*\264\260\017`\000\000\000\000L\324\000\215\026\017\252B\013\373\000\006\000\030\000\0000Q\0034[<\254\n-\354\003\030\000\240\000\000\300D\r\320p\361\300*\264\260\017`\000\200\003\000\000\0235@\323\305C\253\320\302>\200\001\000\022\000\000L\324\000\215\027\017\256B\013\373\000\006\000X\000\0000\203\301\017\375\340\017\377\000\022!1Q\0034_<\340K-\354\003\030\000\000\000\000\0235@\003\006\361\220/\265\260\017`\000\200\001\000\000\0235@\023\006\361\240/\265\260\017`\000\200\002\000\000\0235@#\006\361\260/\265\260\017`\000\200\003\000\000\0235@3\006\361\300/\265\260\017`\000\200\004\000\000\0235@C\006\361\320/\265\260\017`\000\200\005\000\000\0235@S\006\361\340/\265\260\017`\000\200\006\000\0003\034#A\022%a\022'\201\022)1Q\0034f\020\017'c\013\373\000\006\000\000\000\300D\r\320\234A<\240\214-\354\003\030\000`\000\000\3004\203\200\n\300\fAK\214\004\t\001\000\000\300>\200\004\000\000.\001\000\0000Q\0034h\020\017)c\013/\001\022\000(\000\0000Q\0034i\020\017*c\013\356\000\006\000h\000\0000Q\0034j\020\017+c\013\373\000\006\000x\000\0000C\261\022,\001\0231!\023\0235@\263\006\361\2407\267\260\017`\000\000\000\000L\324\000\r\033\304\303\336\334\302>\200\001\000\006\000\000L\324\000M\033\304\003\337\334\302>\200\001\000\n\000\000L\324\000\215\033\304C\337\334\302>\200\001\000\016\000\000L\324\000\315\033\304\203\337\334\302>\200\001\000\022\000\000L\324\000\r\034\304\303\337\334\302>\200\001\000\026\000\000L\324\000M\034\304\003\350\334\302>\200\001\000\032\000\000L\324\000\215\034\304C\350\334\302>\200\001\000\036\000\000L\324\000\315\034\304\203\350\334\302>\200\001\000\"\000\000L\324\000\r\035\304\303\350\334\302>\200\001\000&\000\000\314\240\320DM\330\304M\340DN\350\304N\360DO\3140\244B\035\250\302\fC*\330\201*\3140\254\302\035\260\302\f\303*\340\301*\3140\254B\036\244\302\f\303*\350A+\314\020\f\003\025\300\036\b\0000Q\003<\000\000\000\373\000\006\000\000\000\300t\2011C@\n3\f\243\220\026\2560\303 \nj\341\n3<\241\260\026\256\260\026\250\260\026\257\260\026\260\260\026\261\260\026\262\260\026\2630\303\300\026k\021\0133\fk\261\026\2560C\023\nk\341\nk\201\nk\361\nk\001\013k\021\013k!\0133\fo\261\026\2560\303\360\026k\201\n3\fo\261\026\2570\303\360\026k\001\0133\fl\261\026\2600Q\003X\247\240\013\267\000\374\002\000\000\000\000\314 \000\3600\023!\000v\001\034<\000\034\307q\034\307q\034\307q(\201\022(\201\0224\341\006n\000\nb \006h\340\022n \006b \006b\000\n.\341\006b \006h\340\022t\340\006\360\240\007\360\340\006\360\240\016\360\240\016\360\240\016\360\240\016\270\240\016\374 \022\"!\022\"!\022\270\300\017(\201\022(\201\022(\201\022\344 \022(\201\006\234H\240\004J\240\004+\210\004J\240\004J\240\004J\240\004J\240\004J\240\004\035\320\001\035\320\001\035\320\201E\007\352`qt@\007\244A\007t\300\026t@\007t@\007t`\017b #\201\t\312\205\215\315\256\315\205L\354\314e\254n\224\340\0262bc\263ksi{#\253c+s1c\013;\233\033\305\360\211\237\000\213\260\020\213\261H\205\215\315\256\315%\215\254\314\215n\224\200,\000\000\000\000\251\030\000\000\023\000\000\000\013\nr(\207w\200\007zXp\230C=\270\3038\260C9\320\303\202\346\034\306\241\r\350A\036\302\301\035\346!\035\350!\035\336\301\035\026(\342P\016\346\360\016\362P\016\351\340\016\363@\017\013\222p0\007z(\007yH\007w\230\007z\000\321\020\000\000\006\000\000\000\007\314<\244\203;\234\003;\224\003=\240\203<\224C8\220\303\001\000\000\000a \000\0003\003\000\000\023\004_,\020\000\000\000%\000\000\000\024\324@A\024Fy\224B\001B#\002\"\024H\211\024I\001\002\"\006\n\024  \242\240@\001\002\"\016\n\024  d\240@\001\002B\n\n\024  \344\240@\005\025   \240@\301\002C\002\"\024$ \" B\001\202\"\002\"\024 ,\" B\001\002#\002\"\024 $\" B\001\002B\024\"$\" B\001\002\002\006\024$$\" B\001\002\002\n\024&$\" \002\r\246\201\bm\246A\216i\340b\032\314\230\0065\246\301\r}\246\301\013\000\000\000\000\3610\000\000\310\000\000\000\"G\310\220Q.\f/\000\000\000\000\r4\020D\221(\204a\000\000\000\000HAL_GPIO_InitGPIO_InitTypeDefPinModePullSpeedGPIO_Initiopositiontempconfigtmpreg\023\004\004\233  \331\004\001\321&A\303\004\350B(\000\000H\000\000\240\036\000\000\000\263\212\3405\314\2026\206YEp\032fA\033\303\254\"@\r\263\250\215aV\021\244\206Y\360F2\253\bT\303,z\243\230U\004\253a\026r\242\314*\002\3260\21399f\025Ak\230E\235$\253\252\301,\360\0020\013\322(\017 (\r\000\000@$\300\005\000\250\017\000\230U\004\253a\026\343q\314*\002\3300\013\025qf\025Al\230\205\213L\263\212@6\314\342E\226YE \033fa#\313\254\"h\r\263\350\023fV\021\324\206Y\370I2\253\bj\303,D%\231U\004\255a\026\247\302\314*\002\3340\013TIf\025\001n\230\005\253$\263\212\2405\314\"V\230YE\260\033f!+\311\254\"\330\r\263\260\225dV\021\264\206Y\354\n3\253\b|\303,x%\231U\004\276a\026\340\222\254\030\302\303?\376cQ\003Xy\241\013\256\000\230\006\000\000\000\000,j\200\007\000\000@<\300\000\000\000\000\3300\000\3670\036\233\b\001 \017`Q\0034z\241\013\243`\032\356\000\006\000\000\000\300\242\006h\366B\027L\3014\334\001\f\0000\000\000`Q\0034|\241\013\251`\032\356\000\006\000(\000\000\260\250\001\232\276\320\005V0\rw\000\003\000\034\000\000\330@\230\307y\240Gz\214K\204\327\340\003\263 \215{\b\000`\\\"\274\206_\230\005i\214\207\000\000\343\022\3415\372\300,L\303\035\000\000\030\227\b\257\361\027fq\032\356\000\000\300\270Dx\r?0\013\324p\007\000\000\306%\302k\200\206Y\244\206;\000\0000.\021^#4\314B5\334\001\000\200q\211\360\032\177`\026\253q\026\000\000\214K\204\327\000\005\263`\rw\000\000`\\\"\270\206h\230E\235\354\003\000\000\033\224\365`\217\366p\217\367\200\217\370\220\217\371\240\217\rI(\254\205+\254\005*\254\305+\254\005,l\030\354c-\\a\303`\037k\201\n\033\006\373X\013X\3300\330\307Z\274\302\206\201-\326B\0266T\241\260\026\256\260\026\250\260\026\257\260\026\260\260\026\261\260\026\262\260\026\263\260\026\243\261\026\244\261\026\245\261a\340\217\265\230\005\231\007\022\310\020\"C\246hc\3004\200*\227\001\323\000&\b\3036A(\270\tB\360\n\023\204\300\025&\bA,L\020\202Y\230 \004\2660A\bpa\202\020\350\302\004!\340\205\tB\340\013\023\204\r\034&\b\3018L\020\002x\230 \004\3610A\b\350a\202\020\340\303\004!\330\207\tB\300\023\023\204\240'\0003\021A\320\214\302\210\301\001\200 \030dx0\352\377\377\377\003\256\377\377\377\017;\377\377\377?\314\030\020\2441\006\257\001\214\030\034\000\b\202A\206\007\242\376\377\377?\334\372\377\377\377\260\363\377\377\377\303\214\001A\032|\360\032\300\210\301\001\200 \030dx`\377\377\377\377C\255\377\377\377\017;\377\377\377?\314\030\020\247\301\274\0060bp\000 \b\006\031\036\330\377\377\377\377@\353\377\377\377\303\316\377\377\377\0173\006\004j0\257\001\214\030\034\000\b\202A\206\007\366\377\377\377?\314\372\377\377\377\260\363\377\377\377\303\214\001\221\032\314k\000#\006\007\000\202`\220\341\201\375\377\377\377\017\262\376\377\377?\354\374\377\377\3770c@\250\006\363\032\300\210\301\001\200 \030dx`\377\377\377\377\003\254\377\377\377\017;\377\377\377?\314\030\020\254\301\274\0060bp\000 \b\006\031\036\330\377\377\377\377`\353\377\377\377\303\316\377\377\377\0173\006\204i0\257\001lb0\2039\230\203M\fg@\007v\260\205!\r\352\240\016\2660\250\201\035\340\301&\0065\270\003=\330\304\260\006x\300\007w({n\020\344\026\2067\330\2034\330\302\000\007|\320\007\303\rq \201\301tC(\374A0K\020\314\030\020\264\201\234\0060P\021\370\003\320\023\335@E\000\022@Ot#\006\007\000\202`\220\231\302\253\377\377\377\017\344\376\377\377?\244\375\377\377\3770c@\230\006\363\032\300\210\301\001\200 \030d\246\340\352\377\377\377\003\270\377\377\377\017i\377\377\377?\314\030\020\252\301\274\0060\334\020\264\001\030\314\030\020\264\361\241\0060\313\340\t\301\214\001A\033\303i\000E\n\302\315\030\020\2671\006\251\001\214\030\034\000\b\202A\206\n\257\376\377\377?\224\373\377\377\377\260\366\377\377\377\303\214\001q\032\314k\000\004\005c\306\200\320\2153H\r\240\002Ag\f\b\335`\203\324\000F\f\016\000\004\301 S\005X\377\377\377\037\314\375\377\377\177h\373\377\377\377a\306\200@\r\3465\200\341\206`\000\203\031\003\2027&\325\000f\031\206.\2301 x#I\r\200\244`\314\030\020\342\241\255\0060\314\026\004LC\220A\261\030ep<\210\031 g\200\240\001\222\006\210\032 k\2000\313\214\001!\036\307j\000\004\005c\306\200@\217\0176\200\021\203\003\000A0\310ZA\326\377\377\377\207s\377\377\377\037\340\376\377\377\177\2301 T\203y\r`\226\200\2311 \322c\201\r\200\242`\314\030\020\357\361\301\006P\201*\300\214\001\361\036e\000\033\300\210\301\001\200 \030d\2570\353\377\377\377C\272\377\377\377\017r\377\377\377?\314\030\020\252\301\274\0060K\300\314\030\020\360\261\300\006@S0f\f\b\373\370`\003\250\200\017`\306\200\260\2172\200\r`\304\340\000@\020\f\262X\240\365\377\377\377a\335\377\377\377\007\272\377\377\377\037f\f\b\325`^\003\230%`f\f\210\373X`\003\240*\0303\006D\177|\260\001T\320\0070c@\364G\031\300\0060bp\000 \b\006\331,\324\372\377\377\377\320\356\377\377\377\203\335\377\377\377\0173\006\204j0\257\001\314\02203\006\204\177,\260\001\220\025\214\031\003BE\262\330\000\2069\202@y\230&\2311 T\304\201\r`\330\200\230\232!\2301 f$\233\r`\226\200\2311 hd\231\r`\330\200\240\232!\2301 t\004\243\r`\226\200\03118\000\020\004\203\214\026$w\377\377\377\037\356\376\377\377\177\2301 T\203y\r`\226\200\2311 \302d\201\r`\240)\000\203\301'\026\220H@B!\016\304`\n\210\000\013d\304\340\000@\020\f\262Z\260\365\377\377\377\341\335\377\377\377\007\274\377\377\377\037f\f\b\325`^\003\030n\200B\201\ff\f\b5\031\203\325\000\246\033\270-\2301 \324\004[\r`\304\340\000@\020\f\262[\270\365\377\377\377\001\336\377\377\377\007\275\377\377\377\037f\f\210\325\220^\003(\311\026n\306\200X\223>X\r\300\002;\000\301\214\001\261&\265\260\032\300t\203\020\0203\006\304\232`\253\001\214\030\034\000\b\202A\246\013\271\376\377\377?\310\373\377\377\377\320\367\377\377\377\303\214\001\301\032\314k\000D\004s\306\200p\223c5\200*\005\341&\f\200\nR\201'\f\200\032\002\2350\000J)n\302\000(!\330\t\003`\330\200P\202!\2300\000\350\f\2021c@\310\211\305\032@\005~\2403\006\204\234l\254\001\f7\004\275\000\0063\006\204\234\240\001k\000\263\f]\023\314\030\020r\242\254\0060b`\034 \b\006\013;\360B\031\314\030\020u\222\270\006@q\020\320\t\003\240\202p\330\t\003`\330\200\230\203\200\b&\f\000\232\203\200N\030\000\025\214\203N\030\000#\006\007\000\202`\220\235C\271\377\377\377\017\376\376\377\377?\250\376\377\377\3770a\000\f\033\020p\020\f\301\204\001@p\020\314\t\003`\304\340\000@\020\f2t(\367\377\377\377\341\337\377\377\377\207\325\377\377\377\037&\f\200\021\003\343\000A0X\340!\034\324`\306\200\250\223\2445\200\032\203s\300\031\003\302N\314\2405\200\355\rs@\016\301\214\001a'Pk\000\024\004s\302\000\03018\000\020\004\203l\035\316\375\377\377\1770\371\377\377\377\301\365\377\377\377\207\031\003\"5\230\327\000\212\262\005\2351 \356$i\r\240l!\270\t\003\240\002]\340\t\003\240\210@'\f\200\021\203\003\000A0\310\336A\335\377\377\377\007\225\377\377\377\037d\377\377\377\177\2301 R\203y\r`\230$\200\003\007\016\2428x\344\000\2321 \360$i\r`\226 \2320\000f\t\242\t\003`\226 \2320\000\006J\002\332hp\301\301\215\2077\240\t\003\240\202\342&\f\200\n\206\2350\000F\f\016\000\004\301 \223\007v\377\377\377\037Z\376\377\377\177\250\375\377\377\377a\306\200H\r\3465\200a\003\"\t\206`\306\200\310\2232h\r\200\362 \0303\006D\237`\265\001T\320\016:c@\364IW\033\300pC\360\016`0c@\364I\033\324\0060\3130I\301\214\001\321'Lk\000$\n\301\306\031\003\342O\026\333\000*x\203\2350\000f\t\250\031\003\002T\022\333\000\n\016\310\201g\f\210QYn\003\240R\b6N\030\000\025\b:a\000\314\022P\003\025\2010!\322\260\001\201\n\301\022T\022\013:c@\234J\207\033\300pCp\017`0c@\234\212\033\340\0060\313`U\301\214\001q*Lk\000\224\n\301\2341 Re\311\r\240\202;\330\t\003`\226\340\2321 T%\311\r\240\360\200\035x\306\200h\225E7\000b\205`N\030\000\025\b:a\000\314\022\\\003\025\201`!\325\260\001\361\n\301\020Tt\013:c@\304J\267\033\300pC\360\017`0c@\304\n\033\354\0060\313\220a\301\214\001\021+Lk\000\004\013\001\2351 fe\341\r\240\202?\330\t\003`\226@\2331 h%\341\r\240@\201\036x\306\200\270\225\2457\000\232\205\200N\030\000\025\b:a\000\314\022h\003\025\201\220!\330\260\001a\013\001\021T\326\013:c@\354J\347\033\300pCp\022`0c@\354J\033\370\0060\313\300m\301\214\001\261+Lk\000\304\013\301\2341 ze\371\r\240\202S\330\t\003`\330\200\360\205`\b&\f\200Y\202n\306\200\360\225\3447\200B\005~\340\031\003\"\\\026\360\000\350\027\2029a\000T \350\204\0010l@\204C0\004\023\006\300,A7P\022\360\303\306\017\034?0<!\214\030\034\000\b\202A6\023,\377\377\377?\264\375\377\377\377`\377\377\377\377\303\214\001\241\032\314k\000\346\n0\001\203\031\003\2026\354\0005\200\021\203\003\000A0\310h\202\345\377\377\377\007\271\377\377\377\037\356\377\377\377\177\2301 L\203y\r`\226 \2301 hc@\r\000g\f\bs\t^\003\b\210\001\000\000\000.\000\000\000[\004\3005\266\f^`\037[\2061\b\356c\313P\006\001~l\031\320 \300\217-\003\033\004\370\261e\200\203\000?\266\ft\020\344\307\226\301\016\002\266\3302\340A\240\037[\206R\b\332b\313\260\nA[l\031X!\270\217-C,\004\374\261e\230\205\200?\266\f\264\020\360\307\226\241\027\202\266\3302\260C\320\026[\206v\b\356c\313\020\017\301[l\031\352!x\213-C>\004o\261e\350\207\000.\266\f!\021\300\305\226\241$\002\270\3302\244D\020\027[\206\226\b\342b\313\020\023A\\l\031j\"\220\213-\303M\004r\261e\320\211@.\266\f<\021\310\305\226A,$\360\000\000\000\000\000a \000\000y\001\000\000\023\004K,\020\000\000\000\024\000\000\000\024\324@y\024 4\" B\001\022TPA\002\"\002\"\024F\001\202\"\002\"\024 ,\" B\001\002#\002\"\024 $\" B!B\"\002\"\024$$\" BaB\"\002\"\320`\032|\320f\032\234\230\006(\246A\212i\240B\237i \002\3610\000\000C\000\000\000\"G\310\220Q\006\304\004\017\000\000\000HAL_GPIO_DeInit\000\253\252\301,\360\0020\213w\t\r \200\027\000\000@$\300\005\000H\r\000\230U\004ya\026\3752\314*\002\2750\213\220If\025\301^\230\205\310\024\263\212\200/\314\202f\224YE\320\027fQ3\307\212\341/Tc56\f\300=\270\303&B\000@\003\030\227\by\301\007f\361.\367\020\000\300\270D\310\213R0\213wq\007\001\000\306%B^\364\201Y\304\213;\000\0000.\021\362\302\017\314B^\334\001\000\200q\211\220\027\246`\026\363\342\016\000\000\214K\204\274\370\003\263\240\227\263\000\000`\\\"\344\005(\230E\275\270\003\000\000\033\016\321\030\r\322(\r\3238\r\324\220y \201\f!2d\212_\006\360\002(\262\031\300\013`\2020l\023\204\200\233 \004w0A\b\366`\202\260\371\301\004!\b\205\tB\320\n\023\204\000\026&\b\301+L\020\202_\000\000#\006\007\000\202`\220\235\201\271\377\377\377\017\360\376\377\377?\250\374\377\377\3770c@\274K\031\344\0050bp\000 \b\006\331\031\224\373\377\377\377\360\356\377\377\377\203\312\377\377\377\0173\006\304\273\324A^\000#\006\007\000\202`\220\235A\371\377\377\377\017\356\376\377\377?\250\374\377\377\3770c@\304\013\223\027\300\210\301\001\200 \030dgP\376\377\377\377C\273\377\377\377\017*\377\377\377?\314\030\020\362\302\344\0050bp\000 \b\006\331\031\224\377\377\377\377\300\356\377\377\377\203\312\377\377\377\0173\006\304\2740y\001\214\030\034\000\b\202Av\006\345\377\377\377?\250\373\377\377\377\240\362\377\377\377\303\214\001Q/L^\000[\030,1\020\203-\f\327\030\224\301\026\006\214\f\316\340\262 \207\0334\005\f\246\033\324\000\r\202Y\202`\306\200\340\227!/\200\201\212\000\026\200XHF\f\016\000\004\301 s\203u\377\377\377\037\352\375\377\377\177\210\371\377\377\377a\306\200\210\027&/\200\342\002\2341 \370\205\312\013`\270!P\0030\2301 \370%\f\362\002\230eP\204`\306\200\340\227!/\200j\203\341f\f\210\177Y\003\275\000*\370t\306\200\370\027N/\200\021\203\003\000A0\310\344\300\335\377\377\377\007|\377\377\377\037j\376\377\377\177\2301 \344\205\311\013`\270!h\0030\2301 B&\331\013`\226!\031\202\031\003\"d\022\275\000\206\033\204\216\ff\f\b\223\031\003\276\000\246\033\032&\2301 L\006\343\013`\304\340\000@\020\f\262:\200\367\377\377\377!\337\377\377\377\007\234\377\377\377\037f\f\bz\221\362\002(\204\016n\306\2008\231>\340\013\240\202\017f\f\210\223\251\005\276\000\246\033\204\200\2301 N\006\343\013`\304\340\000@\020\f2<\220\367\377\377\377a\337\377\377\377\207\235\377\377\377\037f\f\210za\362\002 \"\2303\006\204\312\034|\001T\031\b7a\000Tp\006<a\000\324\020\350\204\001PxP\334\204\001PB\260\023\006\300\260\001\241\004C0a\000T\263\006<c@\264\314\301\027\000Y\301\2340\000*\020t\302\000\0306 \260`\b&\f\200\242@\001g\f\b\231\031\003\276\000\2667p}\020\314\030\0202\323\360\005@A0'\f\200\021\203\003\000A0\310H\241\337\377\377\377\207\224\377\377\377\037\316\376\377\377\177\2301 \346\205\311\013\240\2365\320\031\003bf\314\200/\200\212\203\340f\f\210\231\001\003\276\000j\bt\306\200\230\231\205/\200\021\203\003\000A0\310N\341\337\377\377\377\007\226\377\377\377\037\324\376\377\377\177\2301 \346\205\311\013`\230$\350\b28\312\2400\003c\306\200\240\031\251/\200Y\202c\302\000\230%8f\f\b\232A\203\276\000f\t\216\t\003`\240$ \211\301\016\b\224(X\302\2301 hF\352\013\240\002\342f\f\b\232A\203\276\000\206\033\206\000\ff\f\b\232q\372\002\230e@\222`\306\200\240\031\205/\200\021\203\003\000A0\310T!\344\377\377\377\207\227\377\377\377\037\332\376\377\377\177\2301 \346\205\311\013\240\212;\340\031\003\342f\022\277\000(\t\346\204\001P\201\240\023\006\300\260\001\261\004C0a\000\320\032\004\033g\f\b\235I\374\002\250\000\322\t\003`\330\200h\203`\t&\f\000b\203`\316\030\020;\223\370\005P\201\244\023\006\300\260\001\341\006\301\020L\030\000\324\006\001\2351 |&\361\013\240\002J'\f\200a\003\342\r\002\"\2300\000\310\r\2029c@\374L\342\027@\005\226N\030\000\303\006\004\034\004C0a\000\314\022$3\006\004\330\034~\001\024\032\310\002\314\030\020c\323\350\0050bp\000 \b\006\231-\260\374\377\377\377\320\363\377\377\377C\336\377\377\377\0173\006D\2740y\001\314\022\0043\006\004\277\fy\001\340\214\001Q6A^\000\0011\000\030\000\000\000[\004\000/\266\f^\320\026[\0062\b\332b\313`\006\301\\l\031\320 \230\213-\303\032\004m\261e\330\203\240-\266\f}\020\264\305\226\301\017\202\267\3302\200B\360\026[\206P\b\340b\3130\n\001\\l\031H!\210\213-\203)\004q\261e8\205@.\266\f\251\020\310\305\226\241\025$\277\000\000\000\000\000\000\000a \000\000V\000\000\000\023\004A<\f\000\000\000%\000\000\000\"G\310\220Q\nD\007P\002\000\000HAL_GPIO_ReadPinbitstatus\000\000\000\253\252\301,\360\0020\213\277\351\013 \000\035\000\000@$\300\005\000\b\r\000\230U\004za\026\246sl\030\352\342\036\340a\023!\000|\001\214K\004\275\340\003\263\370\233{\b\000`\\\"\350E)\230\305\337\300\203\000\000\343\022A/\362\302,B\247.\000\000\3300\370\305_\200\306\206\201-\326\342\025&\b\3036Ax\270\tB \006\000\000\000#\006\007\000\202`\220M\273\376\377\377?\200\373\377\377\377`\357\377\377\377\303\214\001\3617n\240\027\300\210\301\001\200 \030d\223\256\377\377\377\017\277\376\377\377?\330\373\377\377\3770c@\374\215\037\350\005\260\205Ap\244\031\003\302t\236\275\000(\b\346\204\001pC\0203\006\204\351T{\001\224\020\350\214\001a:\323^\000\303\r\201\024\0063\006\204\351|{\001\\\020\304\214\001a:\207^\000#\006\007\000\202`\220e\277\376\377\377?\220\373\377\377\377\300\357\377\377\377\303\214\001\021:\221^\000\031\314\030\020\2563\350\005\020\020\003\003\000\000\000[\004 /\266\fC\020\032\000\000\000\000\000\000\000a \000\000W\000\000\000\023\004A,\020\000\000\000\001\000\000\000\024\024\b\000\3610\000\000%\000\000\000\"G\310\220Q\nD\007\021\002\000\000HAL_GPIO_WritePinPinState\000\000\000\253\252\301,\360\0020\213\360\361\013 \020\037\000\000@$\300\005\000\020\r\000\230U\004za\026\347c\314*\202\2750\013\366\0316\020\300=\300C]l\"\004\240/\200q\211\240\027|`\026\341s\017\001\000\214K\004\275(\005\263\b\037x\020\000`\\\"\350E^\230E\370\324\305\000\000\033\206\277\000\215\320\230 \f\333\004\341\341&\bA\007\000#\006\007\000\202`\220U\275\376\377\377?\204\373\377\377\377\200\357\377\377\377\303\214\001\021>f\240\027\300\210\301\001\200 \030d\025\257\377\377\377\017\340\376\377\377?\340\373\377\377\3770c@\204\217\035\350\0050bp\000 \b\006Y\265\353\377\377\377\303\257\377\377\377\017\370\376\377\377?\314\030\020\341\343\nz\001\f7\b\020\030\314\030\020\347\363\354\005pD\020\026\f\027\2301 \332\307\f\370\002\230n\b\204a\306\2008\037C/\200-\f\bU\r\033\020\2010\0048c@\274O\240\027@@\f\000\000\000\003\000\000\000[\004 /\266\fH\300\026\000\000\000\000\000\000\000a \000\000B\000\000\000\023\004A<\f\000\000\000\033\000\000\000\"G\310\220Q\006\204\005\022\000\000\000HAL_GPIO_TogglePin\000\000\253\252\301,\360\0020\213\373\331\013 \300\037\000\000@$\300\005\000\360\013\000\3300\000\367\000\017\233\b\001\320\013`\\\"\344\005\037\230\305\375\334C\000\000\343\022!/J\301,\356\007\036\004\000\330 \360E_L\020\206m\202\360p\000\000\000\000#\006\007\000\202`\220M\277\376\377\377?\210\373\377\377\377`\357\377\377\377\303\214\001q?g\220\027\300\210\301\001\200 \030d\223\257\377\377\377\017\341\376\377\377?\330\373\377\377\3770c@\334\317\035\344\005pA\0203\006\004\377Dy\001la\030\036i\306\200\340\037%/\000\n\2029c@\360\217\223\027@\005\003O\030\000\303\006\304\020\f\301\204\001\2003\006D\377\004y\001\004\304\000\000\004\000\000\000[\004\000/\266\fD0\027[\006#\230\013\000\000\000\000\000\000a \000\000\267\000\000\000\023\004A,\020\000\000\000\002\000\000\000\024\024C\201\000\000\000\000\3610\000\0000\000\000\000\"G\310\220Q\nD\031\000\000\000\000P\004\000\000HAL_GPIO_LockPinHAL_StatusTypeDef\000\000\000\023\204\000ZU\rf\201\027\200Y\244\320_\000\201\n\001\000\000\"\001.\000\300h\000\300\254\"\330\013\263\340!cQ\003Xy\001\016\177\000\230\003\000\000\000\000l\030\372\342\036\340a\023!\000~\001\214K\204\275\340\003\263H\241{\b\000`\\\"\354E)\230E\n\301\203\000\000\343\022a/L\301,Vh\037\000\000\3300\200Fh\210\306\206\201-\326b\026&\b\3036Ax\270\tB \006\023\204`\f&\b\001\031L\020\0023\230 \004g\0003\021A\320\214\302\210\301\001\200 \030d\026\257\377\377\377\017\341\376\377\377?\344\373\377\377\3770c@\244\220\034\354\0050bp\000 \b\006\231\265\353\377\377\377\003\270\377\377\377\017\371\376\377\377?\314\030\020)$\n{\001\\\240\354\214\001\261B\303^\000#\006\306\001\202`\260\200\001\024L\030\000#\006\007\000\202`\220]\350\376\377\377?\200\373\377\377\377\240\357\377\377\377\303\214\001\261B\321^\000\303\006\204\020\r\301\204\001pE\0203\006\204\f\r{\001\320\020\314\t\003`\304\340\000@\020\f\262\254\327\377\377\377\007q\377\377\377\037\370\375\377\377\177\2301 V(\332\013\240\002ag\f\b\031\032\366\002\03018\000\020\004\203L\353\365\377\377\377a\334\377\377\377\207~\377\377\377\037f\f\210\025\212\366\002\0306 \212`\bf\f\b\031\032\366\002\240\"\2303\006\004\rE{\001\214\030\034\000\b\202A\266\365\372\377\377\377@\356\377\377\377\203\277\377\377\377\0173\006\304\nE{\001laP,d\306\200\240!e/\200a\003\"\020\206`\306\200\240\241g/\200a\003\"(\206`\306\200\260\241g/\000:\2029c@\340P\264\027\300\210\301\001\200 \030d\235\257\377\377\377\017\346\376\377\377?\200\374\377\377\3770c@\254P\264\027\300\260\001!\004C0c@\340\320\263\027\000\t\301\2341 t\b\332\013`\304\340\000@\020\f2\317\327\377\377\377\207s\377\377\377\037B\376\377\377\177\2301 V(\332\013`\330\200H\202!\2301 t\350\330\013\200\206`\316\030\020<\204\361\005P\301\2023\006\004\017\031{\001T\320\351\204\001P\201\307\023\006\300\210\201q\200 \030,j\26013\006\004\031\005{\001d0a\000\004\304\000\b\000\000\000[\004@/\266\fP0\032[\206(\030\215-\003\025\214\306\226\241\nFc\313\200\005\243\001\000\000\000\000\000\000\000a \000\000H\000\000\000\023\004C,\020\000\000\000\003\000\000\000\024\024*$\" \002m\246\001\007\000\3610\000\000\032\000\000\000\"G\310\220Q\006\004\007\030\000\000\000HAL_GPIO_EXTI_IRQHandler\253\252\301,\360\0020\2135\272\013 `#\000\000@$\300\005\000\350\013\000\230U\004ya\026nd\314*\002\2750\2137\032\306%B^\224\202Y\254\021<\004\000\260!\340\213\r\303[\254\205,L\020\236\r\000\000#\006\007\000\202`\220Q\340\376\377\377?\214\373\377\377\377p\357\377\377\377\303\214\001\261Fh\220\027\000\005\301\2341 \334\310\320\013\340\210 &\f\200\022\002\2350\000\206\033\002\t\ff\f\b7:\003\275\000f\031\204 \2301 \334\310\310\013`\330\200(\206!\2301 \340\250\330\013`\304\240@B\020\f\254\354\2301 \342\250\330\013`\226@\2301 \344h\330\013\000g\f\2109\n\362\002\b\210\001\000\000\004\000\000\000[\004\000/\266\fA\320\027[\006#\350\013\000\000\000\000\000\000a \000\000&\000\000\000\023\004A<\f\000\000\000\024\000\000\000\"G\310\220Q\006\204\006\026\000\000\000HAL_GPIO_EXTI_Callback\000\000\253\252\301,\360\0020\013=\272\013 \330#\000\000@$\300\005\000\330\013\000\030\227\byQ\nf\241G\360\020\000\300\206@/&\b\317\006#\006\007\000\202`\220I\341\376\377\377?\214\373\377\377\377P\357\377\377\377\303\214\001\241Gm\220\027\000\316\030\020\241\024\344\005\020\020\003\000\000\002\000\000\000[\004\000/\000\000\000\000\000\000\000\000q \000\000\t\000\000\0002\016\020\"\204\000\364\b8\220\372\200\004\244\022X\300/\201\006\325\023x\220I\201\b\322\025\230\300i\001\000\000\000\000\000\000\000e\f\000\000Y\000\000\000\022\003\224\270\002\000\000\000\001\000\000\000\311\000\000\000\b\000\000\000D\000\000\000\001\000\000\000P\000\000\000\000\000\000\000P\000\000\000\013\000\000\000X\001\000\000\000\000\000\000\321\000\000\000\026\000\000\000\347\000\000\0008\000\000\000\037\001\000\000\000\000\000\000\000\000\000\000\013\000\000\000\000\000\000\000\000\000\000\000\r\000\000\000\000\000\000\000\r\000\000\000\377\377\377\377\001$\000\000\r\000\000\000\030\000\000\000\r\000\000\000\030\000\000\000\377\377\377\377\b,\000\000%\000\000\000\026\000\000\000%\000\000\000\026\000\000\000\377\377\377\377\b,\000\000;\000\000\000\017\000\000\000;\000\000\000\017\000\000\000\377\377\377\377\001$\000\000J\000\000\000\020\000\000\000J\000\000\000\020\000\000\000\377\377\377\377\001$\000\000Z\000\000\000\021\000\000\000Z\000\000\000\021\000\000\000\377\377\377\377\001$\000\000k\000\000\000\022\000\000\000k\000\000\000\022\000\000\000\377\377\377\377\001$\000\000}\000\000\000\020\000\000\000}\000\000\000\020\000\000\000\377\377\377\377\001$\000\000\215\000\000\000\030\000\000\000\215\000\000\000\030\000\000\000\377\377\377\377\001$\000\000\245\000\000\000\026\000\000\000\245\000\000\000\026\000\000\000\377\377\377\377\021$\000\000\273\000\000\000\016\000\000\000\273\000\000\000\016\000\000\000\377\377\377\377\b,\000\000\000\000\000\000]\f\000\000K\000\000\000\022\003\224?\002\000\000\000HAL_GPIO_Initllvm.lifetime.start.p0i8llvm.lifetime.end.p0i8HAL_GPIO_DeInitHAL_GPIO_ReadPinHAL_GPIO_WritePinHAL_GPIO_TogglePinHAL_GPIO_LockPinHAL_GPIO_EXTI_IRQHandlerHAL_GPIO_EXTI_Callbackllvm.dbg.value7.0.0svnthumbv7m-arm-none-eabi../Drivers/STM32F1xx_HAL_Driver/Src/stm32f1xx_hal_gpio.c\000\000\000\000"
	.size	.Lllvm.embedded.module, 12256

	.section	.debug_str,"MS",%progbits,1
.Linfo_string0:
	.asciz	"Component: ARM Compiler 6.10.1 Tool: armclang [5d143200]" @ string offset=0
.Linfo_string1:
	.asciz	"../Drivers/STM32F1xx_HAL_Driver/Src\\stm32f1xx_hal_gpio.c" @ string offset=57
.Linfo_string2:
	.asciz	"F:\\SkyDrive\\OtvoreniProjekti\\HotelSaplast\\fw\\RoomController\\DE-160318\\MDK-ARM" @ string offset=114
.Linfo_string3:
	.asciz	"unsigned int"          @ string offset=192
.Linfo_string4:
	.asciz	"GPIO_PIN_RESET"        @ string offset=205
.Linfo_string5:
	.asciz	"GPIO_PIN_SET"          @ string offset=220
.Linfo_string6:
	.asciz	"HAL_OK"                @ string offset=233
.Linfo_string7:
	.asciz	"HAL_ERROR"             @ string offset=240
.Linfo_string8:
	.asciz	"HAL_BUSY"              @ string offset=250
.Linfo_string9:
	.asciz	"HAL_TIMEOUT"           @ string offset=259
.Linfo_string10:
	.asciz	"RESET"                 @ string offset=271
.Linfo_string11:
	.asciz	"SET"                   @ string offset=277
.Linfo_string12:
	.asciz	"uint32_t"              @ string offset=281
.Linfo_string13:
	.asciz	"unsigned short"        @ string offset=290
.Linfo_string14:
	.asciz	"uint16_t"              @ string offset=305
.Linfo_string15:
	.asciz	"CR"                    @ string offset=314
.Linfo_string16:
	.asciz	"CFGR"                  @ string offset=317
.Linfo_string17:
	.asciz	"CIR"                   @ string offset=322
.Linfo_string18:
	.asciz	"APB2RSTR"              @ string offset=326
.Linfo_string19:
	.asciz	"APB1RSTR"              @ string offset=335
.Linfo_string20:
	.asciz	"AHBENR"                @ string offset=344
.Linfo_string21:
	.asciz	"APB2ENR"               @ string offset=351
.Linfo_string22:
	.asciz	"APB1ENR"               @ string offset=359
.Linfo_string23:
	.asciz	"BDCR"                  @ string offset=367
.Linfo_string24:
	.asciz	"CSR"                   @ string offset=372
.Linfo_string25:
	.asciz	"RCC_TypeDef"           @ string offset=376
.Linfo_string26:
	.asciz	"EVCR"                  @ string offset=388
.Linfo_string27:
	.asciz	"MAPR"                  @ string offset=393
.Linfo_string28:
	.asciz	"EXTICR"                @ string offset=398
.Linfo_string29:
	.asciz	"sizetype"              @ string offset=405
.Linfo_string30:
	.asciz	"RESERVED0"             @ string offset=414
.Linfo_string31:
	.asciz	"MAPR2"                 @ string offset=424
.Linfo_string32:
	.asciz	"AFIO_TypeDef"          @ string offset=430
.Linfo_string33:
	.asciz	"CRL"                   @ string offset=443
.Linfo_string34:
	.asciz	"CRH"                   @ string offset=447
.Linfo_string35:
	.asciz	"IDR"                   @ string offset=451
.Linfo_string36:
	.asciz	"ODR"                   @ string offset=455
.Linfo_string37:
	.asciz	"BSRR"                  @ string offset=459
.Linfo_string38:
	.asciz	"BRR"                   @ string offset=464
.Linfo_string39:
	.asciz	"LCKR"                  @ string offset=468
.Linfo_string40:
	.asciz	"GPIO_TypeDef"          @ string offset=473
.Linfo_string41:
	.asciz	"IMR"                   @ string offset=486
.Linfo_string42:
	.asciz	"EMR"                   @ string offset=490
.Linfo_string43:
	.asciz	"RTSR"                  @ string offset=494
.Linfo_string44:
	.asciz	"FTSR"                  @ string offset=499
.Linfo_string45:
	.asciz	"SWIER"                 @ string offset=504
.Linfo_string46:
	.asciz	"PR"                    @ string offset=510
.Linfo_string47:
	.asciz	"EXTI_TypeDef"          @ string offset=513
	.section	.debug_abbrev,"",%progbits
	.byte	1                       @ Abbreviation Code
	.byte	17                      @ DW_TAG_compile_unit
	.byte	1                       @ DW_CHILDREN_yes
	.byte	37                      @ DW_AT_producer
	.byte	14                      @ DW_FORM_strp
	.byte	19                      @ DW_AT_language
	.byte	5                       @ DW_FORM_data2
	.byte	3                       @ DW_AT_name
	.byte	14                      @ DW_FORM_strp
	.byte	16                      @ DW_AT_stmt_list
	.byte	6                       @ DW_FORM_data4
	.byte	27                      @ DW_AT_comp_dir
	.byte	14                      @ DW_FORM_strp
	.ascii	"\264B"                 @ DW_AT_GNU_pubnames
	.byte	12                      @ DW_FORM_flag
	.byte	0                       @ EOM(1)
	.byte	0                       @ EOM(2)
	.byte	2                       @ Abbreviation Code
	.byte	4                       @ DW_TAG_enumeration_type
	.byte	1                       @ DW_CHILDREN_yes
	.byte	73                      @ DW_AT_type
	.byte	19                      @ DW_FORM_ref4
	.byte	11                      @ DW_AT_byte_size
	.byte	11                      @ DW_FORM_data1
	.byte	58                      @ DW_AT_decl_file
	.byte	11                      @ DW_FORM_data1
	.byte	59                      @ DW_AT_decl_line
	.byte	11                      @ DW_FORM_data1
	.byte	0                       @ EOM(1)
	.byte	0                       @ EOM(2)
	.byte	3                       @ Abbreviation Code
	.byte	40                      @ DW_TAG_enumerator
	.byte	0                       @ DW_CHILDREN_no
	.byte	3                       @ DW_AT_name
	.byte	14                      @ DW_FORM_strp
	.byte	28                      @ DW_AT_const_value
	.byte	15                      @ DW_FORM_udata
	.byte	0                       @ EOM(1)
	.byte	0                       @ EOM(2)
	.byte	4                       @ Abbreviation Code
	.byte	36                      @ DW_TAG_base_type
	.byte	0                       @ DW_CHILDREN_no
	.byte	3                       @ DW_AT_name
	.byte	14                      @ DW_FORM_strp
	.byte	62                      @ DW_AT_encoding
	.byte	11                      @ DW_FORM_data1
	.byte	11                      @ DW_AT_byte_size
	.byte	11                      @ DW_FORM_data1
	.byte	0                       @ EOM(1)
	.byte	0                       @ EOM(2)
	.byte	5                       @ Abbreviation Code
	.byte	22                      @ DW_TAG_typedef
	.byte	0                       @ DW_CHILDREN_no
	.byte	73                      @ DW_AT_type
	.byte	19                      @ DW_FORM_ref4
	.byte	3                       @ DW_AT_name
	.byte	14                      @ DW_FORM_strp
	.byte	58                      @ DW_AT_decl_file
	.byte	11                      @ DW_FORM_data1
	.byte	59                      @ DW_AT_decl_line
	.byte	11                      @ DW_FORM_data1
	.byte	0                       @ EOM(1)
	.byte	0                       @ EOM(2)
	.byte	6                       @ Abbreviation Code
	.byte	15                      @ DW_TAG_pointer_type
	.byte	0                       @ DW_CHILDREN_no
	.byte	73                      @ DW_AT_type
	.byte	19                      @ DW_FORM_ref4
	.byte	0                       @ EOM(1)
	.byte	0                       @ EOM(2)
	.byte	7                       @ Abbreviation Code
	.byte	22                      @ DW_TAG_typedef
	.byte	0                       @ DW_CHILDREN_no
	.byte	73                      @ DW_AT_type
	.byte	19                      @ DW_FORM_ref4
	.byte	3                       @ DW_AT_name
	.byte	14                      @ DW_FORM_strp
	.byte	58                      @ DW_AT_decl_file
	.byte	11                      @ DW_FORM_data1
	.byte	59                      @ DW_AT_decl_line
	.byte	5                       @ DW_FORM_data2
	.byte	0                       @ EOM(1)
	.byte	0                       @ EOM(2)
	.byte	8                       @ Abbreviation Code
	.byte	19                      @ DW_TAG_structure_type
	.byte	1                       @ DW_CHILDREN_yes
	.byte	11                      @ DW_AT_byte_size
	.byte	11                      @ DW_FORM_data1
	.byte	58                      @ DW_AT_decl_file
	.byte	11                      @ DW_FORM_data1
	.byte	59                      @ DW_AT_decl_line
	.byte	5                       @ DW_FORM_data2
	.byte	0                       @ EOM(1)
	.byte	0                       @ EOM(2)
	.byte	9                       @ Abbreviation Code
	.byte	13                      @ DW_TAG_member
	.byte	0                       @ DW_CHILDREN_no
	.byte	3                       @ DW_AT_name
	.byte	14                      @ DW_FORM_strp
	.byte	73                      @ DW_AT_type
	.byte	19                      @ DW_FORM_ref4
	.byte	58                      @ DW_AT_decl_file
	.byte	11                      @ DW_FORM_data1
	.byte	59                      @ DW_AT_decl_line
	.byte	5                       @ DW_FORM_data2
	.byte	56                      @ DW_AT_data_member_location
	.byte	11                      @ DW_FORM_data1
	.byte	0                       @ EOM(1)
	.byte	0                       @ EOM(2)
	.byte	10                      @ Abbreviation Code
	.byte	53                      @ DW_TAG_volatile_type
	.byte	0                       @ DW_CHILDREN_no
	.byte	73                      @ DW_AT_type
	.byte	19                      @ DW_FORM_ref4
	.byte	0                       @ EOM(1)
	.byte	0                       @ EOM(2)
	.byte	11                      @ Abbreviation Code
	.byte	1                       @ DW_TAG_array_type
	.byte	1                       @ DW_CHILDREN_yes
	.byte	73                      @ DW_AT_type
	.byte	19                      @ DW_FORM_ref4
	.byte	0                       @ EOM(1)
	.byte	0                       @ EOM(2)
	.byte	12                      @ Abbreviation Code
	.byte	33                      @ DW_TAG_subrange_type
	.byte	0                       @ DW_CHILDREN_no
	.byte	73                      @ DW_AT_type
	.byte	19                      @ DW_FORM_ref4
	.byte	55                      @ DW_AT_count
	.byte	11                      @ DW_FORM_data1
	.byte	0                       @ EOM(1)
	.byte	0                       @ EOM(2)
	.byte	13                      @ Abbreviation Code
	.byte	36                      @ DW_TAG_base_type
	.byte	0                       @ DW_CHILDREN_no
	.byte	3                       @ DW_AT_name
	.byte	14                      @ DW_FORM_strp
	.byte	11                      @ DW_AT_byte_size
	.byte	11                      @ DW_FORM_data1
	.byte	62                      @ DW_AT_encoding
	.byte	11                      @ DW_FORM_data1
	.byte	0                       @ EOM(1)
	.byte	0                       @ EOM(2)
	.byte	0                       @ EOM(3)
	.section	.debug_info,"",%progbits
.Lcu_begin0:
	.long	619                     @ Length of Unit
	.short	3                       @ DWARF version number
	.long	.debug_abbrev           @ Offset Into Abbrev. Section
	.byte	4                       @ Address Size (in bytes)
	.byte	1                       @ Abbrev [1] 0xb:0x264 DW_TAG_compile_unit
	.long	.Linfo_string0          @ DW_AT_producer
	.short	12                      @ DW_AT_language
	.long	.Linfo_string1          @ DW_AT_name
	.long	.Lline_table_start0     @ DW_AT_stmt_list
	.long	.Linfo_string2          @ DW_AT_comp_dir
	.byte	1                       @ DW_AT_GNU_pubnames
	.byte	2                       @ Abbrev [2] 0x1f:0x15 DW_TAG_enumeration_type
	.long	52                      @ DW_AT_type
	.byte	4                       @ DW_AT_byte_size
	.byte	1                       @ DW_AT_decl_file
	.byte	83                      @ DW_AT_decl_line
	.byte	3                       @ Abbrev [3] 0x27:0x6 DW_TAG_enumerator
	.long	.Linfo_string4          @ DW_AT_name
	.byte	0                       @ DW_AT_const_value
	.byte	3                       @ Abbrev [3] 0x2d:0x6 DW_TAG_enumerator
	.long	.Linfo_string5          @ DW_AT_name
	.byte	1                       @ DW_AT_const_value
	.byte	0                       @ End Of Children Mark
	.byte	4                       @ Abbrev [4] 0x34:0x7 DW_TAG_base_type
	.long	.Linfo_string3          @ DW_AT_name
	.byte	7                       @ DW_AT_encoding
	.byte	4                       @ DW_AT_byte_size
	.byte	2                       @ Abbrev [2] 0x3b:0x21 DW_TAG_enumeration_type
	.long	52                      @ DW_AT_type
	.byte	4                       @ DW_AT_byte_size
	.byte	2                       @ DW_AT_decl_file
	.byte	57                      @ DW_AT_decl_line
	.byte	3                       @ Abbrev [3] 0x43:0x6 DW_TAG_enumerator
	.long	.Linfo_string6          @ DW_AT_name
	.byte	0                       @ DW_AT_const_value
	.byte	3                       @ Abbrev [3] 0x49:0x6 DW_TAG_enumerator
	.long	.Linfo_string7          @ DW_AT_name
	.byte	1                       @ DW_AT_const_value
	.byte	3                       @ Abbrev [3] 0x4f:0x6 DW_TAG_enumerator
	.long	.Linfo_string8          @ DW_AT_name
	.byte	2                       @ DW_AT_const_value
	.byte	3                       @ Abbrev [3] 0x55:0x6 DW_TAG_enumerator
	.long	.Linfo_string9          @ DW_AT_name
	.byte	3                       @ DW_AT_const_value
	.byte	0                       @ End Of Children Mark
	.byte	2                       @ Abbrev [2] 0x5c:0x15 DW_TAG_enumeration_type
	.long	52                      @ DW_AT_type
	.byte	4                       @ DW_AT_byte_size
	.byte	3                       @ DW_AT_decl_file
	.byte	169                     @ DW_AT_decl_line
	.byte	3                       @ Abbrev [3] 0x64:0x6 DW_TAG_enumerator
	.long	.Linfo_string10         @ DW_AT_name
	.byte	0                       @ DW_AT_const_value
	.byte	3                       @ Abbrev [3] 0x6a:0x6 DW_TAG_enumerator
	.long	.Linfo_string11         @ DW_AT_name
	.byte	1                       @ DW_AT_const_value
	.byte	0                       @ End Of Children Mark
	.byte	5                       @ Abbrev [5] 0x71:0xb DW_TAG_typedef
	.long	52                      @ DW_AT_type
	.long	.Linfo_string12         @ DW_AT_name
	.byte	4                       @ DW_AT_decl_file
	.byte	64                      @ DW_AT_decl_line
	.byte	5                       @ Abbrev [5] 0x7c:0xb DW_TAG_typedef
	.long	135                     @ DW_AT_type
	.long	.Linfo_string14         @ DW_AT_name
	.byte	4                       @ DW_AT_decl_file
	.byte	63                      @ DW_AT_decl_line
	.byte	4                       @ Abbrev [4] 0x87:0x7 DW_TAG_base_type
	.long	.Linfo_string13         @ DW_AT_name
	.byte	7                       @ DW_AT_encoding
	.byte	2                       @ DW_AT_byte_size
	.byte	6                       @ Abbrev [6] 0x8e:0x5 DW_TAG_pointer_type
	.long	147                     @ DW_AT_type
	.byte	7                       @ Abbrev [7] 0x93:0xc DW_TAG_typedef
	.long	159                     @ DW_AT_type
	.long	.Linfo_string25         @ DW_AT_name
	.byte	5                       @ DW_AT_decl_file
	.short	454                     @ DW_AT_decl_line
	.byte	8                       @ Abbrev [8] 0x9f:0x88 DW_TAG_structure_type
	.byte	40                      @ DW_AT_byte_size
	.byte	5                       @ DW_AT_decl_file
	.short	440                     @ DW_AT_decl_line
	.byte	9                       @ Abbrev [9] 0xa4:0xd DW_TAG_member
	.long	.Linfo_string15         @ DW_AT_name
	.long	295                     @ DW_AT_type
	.byte	5                       @ DW_AT_decl_file
	.short	442                     @ DW_AT_decl_line
	.byte	0                       @ DW_AT_data_member_location
	.byte	9                       @ Abbrev [9] 0xb1:0xd DW_TAG_member
	.long	.Linfo_string16         @ DW_AT_name
	.long	295                     @ DW_AT_type
	.byte	5                       @ DW_AT_decl_file
	.short	443                     @ DW_AT_decl_line
	.byte	4                       @ DW_AT_data_member_location
	.byte	9                       @ Abbrev [9] 0xbe:0xd DW_TAG_member
	.long	.Linfo_string17         @ DW_AT_name
	.long	295                     @ DW_AT_type
	.byte	5                       @ DW_AT_decl_file
	.short	444                     @ DW_AT_decl_line
	.byte	8                       @ DW_AT_data_member_location
	.byte	9                       @ Abbrev [9] 0xcb:0xd DW_TAG_member
	.long	.Linfo_string18         @ DW_AT_name
	.long	295                     @ DW_AT_type
	.byte	5                       @ DW_AT_decl_file
	.short	445                     @ DW_AT_decl_line
	.byte	12                      @ DW_AT_data_member_location
	.byte	9                       @ Abbrev [9] 0xd8:0xd DW_TAG_member
	.long	.Linfo_string19         @ DW_AT_name
	.long	295                     @ DW_AT_type
	.byte	5                       @ DW_AT_decl_file
	.short	446                     @ DW_AT_decl_line
	.byte	16                      @ DW_AT_data_member_location
	.byte	9                       @ Abbrev [9] 0xe5:0xd DW_TAG_member
	.long	.Linfo_string20         @ DW_AT_name
	.long	295                     @ DW_AT_type
	.byte	5                       @ DW_AT_decl_file
	.short	447                     @ DW_AT_decl_line
	.byte	20                      @ DW_AT_data_member_location
	.byte	9                       @ Abbrev [9] 0xf2:0xd DW_TAG_member
	.long	.Linfo_string21         @ DW_AT_name
	.long	295                     @ DW_AT_type
	.byte	5                       @ DW_AT_decl_file
	.short	448                     @ DW_AT_decl_line
	.byte	24                      @ DW_AT_data_member_location
	.byte	9                       @ Abbrev [9] 0xff:0xd DW_TAG_member
	.long	.Linfo_string22         @ DW_AT_name
	.long	295                     @ DW_AT_type
	.byte	5                       @ DW_AT_decl_file
	.short	449                     @ DW_AT_decl_line
	.byte	28                      @ DW_AT_data_member_location
	.byte	9                       @ Abbrev [9] 0x10c:0xd DW_TAG_member
	.long	.Linfo_string23         @ DW_AT_name
	.long	295                     @ DW_AT_type
	.byte	5                       @ DW_AT_decl_file
	.short	450                     @ DW_AT_decl_line
	.byte	32                      @ DW_AT_data_member_location
	.byte	9                       @ Abbrev [9] 0x119:0xd DW_TAG_member
	.long	.Linfo_string24         @ DW_AT_name
	.long	295                     @ DW_AT_type
	.byte	5                       @ DW_AT_decl_file
	.short	451                     @ DW_AT_decl_line
	.byte	36                      @ DW_AT_data_member_location
	.byte	0                       @ End Of Children Mark
	.byte	10                      @ Abbrev [10] 0x127:0x5 DW_TAG_volatile_type
	.long	113                     @ DW_AT_type
	.byte	6                       @ Abbrev [6] 0x12c:0x5 DW_TAG_pointer_type
	.long	305                     @ DW_AT_type
	.byte	7                       @ Abbrev [7] 0x131:0xc DW_TAG_typedef
	.long	317                     @ DW_AT_type
	.long	.Linfo_string32         @ DW_AT_name
	.byte	5                       @ DW_AT_decl_file
	.short	396                     @ DW_AT_decl_line
	.byte	8                       @ Abbrev [8] 0x13d:0x47 DW_TAG_structure_type
	.byte	32                      @ DW_AT_byte_size
	.byte	5                       @ DW_AT_decl_file
	.short	389                     @ DW_AT_decl_line
	.byte	9                       @ Abbrev [9] 0x142:0xd DW_TAG_member
	.long	.Linfo_string26         @ DW_AT_name
	.long	295                     @ DW_AT_type
	.byte	5                       @ DW_AT_decl_file
	.short	391                     @ DW_AT_decl_line
	.byte	0                       @ DW_AT_data_member_location
	.byte	9                       @ Abbrev [9] 0x14f:0xd DW_TAG_member
	.long	.Linfo_string27         @ DW_AT_name
	.long	295                     @ DW_AT_type
	.byte	5                       @ DW_AT_decl_file
	.short	392                     @ DW_AT_decl_line
	.byte	4                       @ DW_AT_data_member_location
	.byte	9                       @ Abbrev [9] 0x15c:0xd DW_TAG_member
	.long	.Linfo_string28         @ DW_AT_name
	.long	388                     @ DW_AT_type
	.byte	5                       @ DW_AT_decl_file
	.short	393                     @ DW_AT_decl_line
	.byte	8                       @ DW_AT_data_member_location
	.byte	9                       @ Abbrev [9] 0x169:0xd DW_TAG_member
	.long	.Linfo_string30         @ DW_AT_name
	.long	113                     @ DW_AT_type
	.byte	5                       @ DW_AT_decl_file
	.short	394                     @ DW_AT_decl_line
	.byte	24                      @ DW_AT_data_member_location
	.byte	9                       @ Abbrev [9] 0x176:0xd DW_TAG_member
	.long	.Linfo_string31         @ DW_AT_name
	.long	295                     @ DW_AT_type
	.byte	5                       @ DW_AT_decl_file
	.short	395                     @ DW_AT_decl_line
	.byte	28                      @ DW_AT_data_member_location
	.byte	0                       @ End Of Children Mark
	.byte	11                      @ Abbrev [11] 0x184:0xc DW_TAG_array_type
	.long	295                     @ DW_AT_type
	.byte	12                      @ Abbrev [12] 0x189:0x6 DW_TAG_subrange_type
	.long	400                     @ DW_AT_type
	.byte	4                       @ DW_AT_count
	.byte	0                       @ End Of Children Mark
	.byte	13                      @ Abbrev [13] 0x190:0x7 DW_TAG_base_type
	.long	.Linfo_string29         @ DW_AT_name
	.byte	8                       @ DW_AT_byte_size
	.byte	7                       @ DW_AT_encoding
	.byte	6                       @ Abbrev [6] 0x197:0x5 DW_TAG_pointer_type
	.long	412                     @ DW_AT_type
	.byte	7                       @ Abbrev [7] 0x19c:0xc DW_TAG_typedef
	.long	424                     @ DW_AT_type
	.long	.Linfo_string40         @ DW_AT_name
	.byte	5                       @ DW_AT_decl_file
	.short	383                     @ DW_AT_decl_line
	.byte	8                       @ Abbrev [8] 0x1a8:0x61 DW_TAG_structure_type
	.byte	28                      @ DW_AT_byte_size
	.byte	5                       @ DW_AT_decl_file
	.short	374                     @ DW_AT_decl_line
	.byte	9                       @ Abbrev [9] 0x1ad:0xd DW_TAG_member
	.long	.Linfo_string33         @ DW_AT_name
	.long	295                     @ DW_AT_type
	.byte	5                       @ DW_AT_decl_file
	.short	376                     @ DW_AT_decl_line
	.byte	0                       @ DW_AT_data_member_location
	.byte	9                       @ Abbrev [9] 0x1ba:0xd DW_TAG_member
	.long	.Linfo_string34         @ DW_AT_name
	.long	295                     @ DW_AT_type
	.byte	5                       @ DW_AT_decl_file
	.short	377                     @ DW_AT_decl_line
	.byte	4                       @ DW_AT_data_member_location
	.byte	9                       @ Abbrev [9] 0x1c7:0xd DW_TAG_member
	.long	.Linfo_string35         @ DW_AT_name
	.long	295                     @ DW_AT_type
	.byte	5                       @ DW_AT_decl_file
	.short	378                     @ DW_AT_decl_line
	.byte	8                       @ DW_AT_data_member_location
	.byte	9                       @ Abbrev [9] 0x1d4:0xd DW_TAG_member
	.long	.Linfo_string36         @ DW_AT_name
	.long	295                     @ DW_AT_type
	.byte	5                       @ DW_AT_decl_file
	.short	379                     @ DW_AT_decl_line
	.byte	12                      @ DW_AT_data_member_location
	.byte	9                       @ Abbrev [9] 0x1e1:0xd DW_TAG_member
	.long	.Linfo_string37         @ DW_AT_name
	.long	295                     @ DW_AT_type
	.byte	5                       @ DW_AT_decl_file
	.short	380                     @ DW_AT_decl_line
	.byte	16                      @ DW_AT_data_member_location
	.byte	9                       @ Abbrev [9] 0x1ee:0xd DW_TAG_member
	.long	.Linfo_string38         @ DW_AT_name
	.long	295                     @ DW_AT_type
	.byte	5                       @ DW_AT_decl_file
	.short	381                     @ DW_AT_decl_line
	.byte	20                      @ DW_AT_data_member_location
	.byte	9                       @ Abbrev [9] 0x1fb:0xd DW_TAG_member
	.long	.Linfo_string39         @ DW_AT_name
	.long	295                     @ DW_AT_type
	.byte	5                       @ DW_AT_decl_file
	.short	382                     @ DW_AT_decl_line
	.byte	24                      @ DW_AT_data_member_location
	.byte	0                       @ End Of Children Mark
	.byte	6                       @ Abbrev [6] 0x209:0x5 DW_TAG_pointer_type
	.long	526                     @ DW_AT_type
	.byte	7                       @ Abbrev [7] 0x20e:0xc DW_TAG_typedef
	.long	538                     @ DW_AT_type
	.long	.Linfo_string47         @ DW_AT_name
	.byte	5                       @ DW_AT_decl_file
	.short	335                     @ DW_AT_decl_line
	.byte	8                       @ Abbrev [8] 0x21a:0x54 DW_TAG_structure_type
	.byte	24                      @ DW_AT_byte_size
	.byte	5                       @ DW_AT_decl_file
	.short	327                     @ DW_AT_decl_line
	.byte	9                       @ Abbrev [9] 0x21f:0xd DW_TAG_member
	.long	.Linfo_string41         @ DW_AT_name
	.long	295                     @ DW_AT_type
	.byte	5                       @ DW_AT_decl_file
	.short	329                     @ DW_AT_decl_line
	.byte	0                       @ DW_AT_data_member_location
	.byte	9                       @ Abbrev [9] 0x22c:0xd DW_TAG_member
	.long	.Linfo_string42         @ DW_AT_name
	.long	295                     @ DW_AT_type
	.byte	5                       @ DW_AT_decl_file
	.short	330                     @ DW_AT_decl_line
	.byte	4                       @ DW_AT_data_member_location
	.byte	9                       @ Abbrev [9] 0x239:0xd DW_TAG_member
	.long	.Linfo_string43         @ DW_AT_name
	.long	295                     @ DW_AT_type
	.byte	5                       @ DW_AT_decl_file
	.short	331                     @ DW_AT_decl_line
	.byte	8                       @ DW_AT_data_member_location
	.byte	9                       @ Abbrev [9] 0x246:0xd DW_TAG_member
	.long	.Linfo_string44         @ DW_AT_name
	.long	295                     @ DW_AT_type
	.byte	5                       @ DW_AT_decl_file
	.short	332                     @ DW_AT_decl_line
	.byte	12                      @ DW_AT_data_member_location
	.byte	9                       @ Abbrev [9] 0x253:0xd DW_TAG_member
	.long	.Linfo_string45         @ DW_AT_name
	.long	295                     @ DW_AT_type
	.byte	5                       @ DW_AT_decl_file
	.short	333                     @ DW_AT_decl_line
	.byte	16                      @ DW_AT_data_member_location
	.byte	9                       @ Abbrev [9] 0x260:0xd DW_TAG_member
	.long	.Linfo_string46         @ DW_AT_name
	.long	295                     @ DW_AT_type
	.byte	5                       @ DW_AT_decl_file
	.short	334                     @ DW_AT_decl_line
	.byte	20                      @ DW_AT_data_member_location
	.byte	0                       @ End Of Children Mark
	.byte	0                       @ End Of Children Mark
	.section	.debug_ranges,"",%progbits
	.section	.debug_macinfo,"",%progbits
.Lcu_macro_begin0:
	.byte	0                       @ End Of Macro List Mark
	.section	.debug_pubnames,"",%progbits
	.long	.LpubNames_end0-.LpubNames_begin0 @ Length of Public Names Info
.LpubNames_begin0:
	.short	2                       @ DWARF Version
	.long	.Lcu_begin0             @ Offset of Compilation Unit Info
	.long	623                     @ Compilation Unit Length
	.long	0                       @ End Mark
.LpubNames_end0:
	.section	.debug_pubtypes,"",%progbits
	.long	.LpubTypes_end0-.LpubTypes_begin0 @ Length of Public Types Info
.LpubTypes_begin0:
	.short	2                       @ DWARF Version
	.long	.Lcu_begin0             @ Offset of Compilation Unit Info
	.long	623                     @ Compilation Unit Length
	.long	412                     @ DIE offset
	.asciz	"GPIO_TypeDef"          @ External Name
	.long	526                     @ DIE offset
	.asciz	"EXTI_TypeDef"          @ External Name
	.long	52                      @ DIE offset
	.asciz	"unsigned int"          @ External Name
	.long	113                     @ DIE offset
	.asciz	"uint32_t"              @ External Name
	.long	124                     @ DIE offset
	.asciz	"uint16_t"              @ External Name
	.long	147                     @ DIE offset
	.asciz	"RCC_TypeDef"           @ External Name
	.long	135                     @ DIE offset
	.asciz	"unsigned short"        @ External Name
	.long	305                     @ DIE offset
	.asciz	"AFIO_TypeDef"          @ External Name
	.long	0                       @ End Mark
.LpubTypes_end0:

	.ident	"Component: ARM Compiler 6.10.1 Tool: armclang [5d143200]"
	.section	".note.GNU-stack","",%progbits
	.ARM_attribute	16, 1	@ Tag_AV_eba
	.section	.debug_line,"",%progbits
.Lline_table_start0:
