	.text
	.syntax unified
	.eabi_attribute	67, "2.09"	@ Tag_conformance
	.cpu	cortex-m3
	.eabi_attribute	6, 10	@ Tag_CPU_arch
	.eabi_attribute	7, 77	@ Tag_CPU_arch_profile
	.eabi_attribute	8, 0	@ Tag_ARM_ISA_use
	.eabi_attribute	9, 2	@ Tag_THUMB_ISA_use
	.eabi_attribute	34, 1	@ Tag_CPU_unaligned_access
	.eabi_attribute	17, 1	@ Tag_ABI_PCS_GOT_use
	.eabi_attribute	20, 2	@ Tag_ABI_FP_denormal
	.eabi_attribute	21, 0	@ Tag_ABI_FP_exceptions
	.eabi_attribute	23, 1	@ Tag_ABI_FP_number_model
	.eabi_attribute	24, 1	@ Tag_ABI_align_needed
	.eabi_attribute	25, 1	@ Tag_ABI_align_preserved
	.eabi_attribute	38, 1	@ Tag_ABI_FP_16bit_format
	.eabi_attribute	18, 4	@ Tag_ABI_PCS_wchar_t
	.eabi_attribute	26, 2	@ Tag_ABI_enum_size
	.eabi_attribute	14, 0	@ Tag_ABI_PCS_R9_use
	.file	"stm32f1xx_hal_rtc.c"
	.type	.Lllvm.embedded.module,%object @ @llvm.embedded.module
	.section	.llvmbc,"a",%progbits
	.p2align	4
.Lllvm.embedded.module:
	.asciz	"BC\300\3365\024\000\000\005\000\000\000b\f0$LY\276\346\356\323>-U\215\020\005\310\024\000\000!\f\000\000`\001\000\000\013\002!\000\002\000\000\000\023\000\000\000\007\201#\221A\310\004I\006\02029\222\001\204\f%\005\b\031\036\004\213b\200\bE\002B\222\013BD\0202\0248\b\030K\n2\"\210H\220\024 CF\210\245\000\0312B\344H\016\220\021!\304PAQ\201\214\341\203\345\212\004\021F\006\211 \000\000\t\000\000\0002\"\210\b d\205\004\023!\244\204\004\023!\343\204\241\220\024\022L\204\214\013\204DL\020\b\003\001s\004`\000\023,z@\207zh\007q\260\207;h\2076\b\007yh\2076p\207wp\207rh\203r\b\007qH\207\roP\016m\320\016zP\016m\000\017z0\007r\240\007s \007m\220\016v@\007z`\007t\320\006\366\020\007r\200\007z`\007t\240\007q \007x\320\006\341\240\007p\240\007s \007m\340\016s \007m0\013v@\007\032!L\016\357\300\345z\021\345i{Y>\177M\251\315\231\314\030\303\343\277\310 \363K\224\247\355e\371k*\037\277\346\364\366Lf\216\341\361_t\230\375\225\323\307\256\261\304\006\201\242e\001\000\000Y \007\000\000\0002\036\230\f\031\021L\220\214\t&G\306\004C\252\b\312\240\004\na\004\000\000\000\000\000\261\030\000\000t\000\000\0003\b\200\034\304\341\034f\024\001=\210C8\204\303\214B\200\007yx\007s\230q\f\346\000\017\355\020\016\364\200\0163\fB\036\302\301\035\316\241\034f0\005=\210C8\204\203\033\314\003=\310C=\214\003=\314x\214tp\007{\b\007yH\207pp\007zp\003vx\207p \207\031\314\021\016\354\220\016\3410\017n0\017\343\360\016\360P\0163\020\304\035\336!\034\330!\035\302a\036f0\211;\274\203;\320C9\264\003<\274\203<\204\003;\314\360\024v`\007{h\0077h\207rh\0077\200\207p\220\207p`\007v(\007v\370\005vx\207w\200\207_\b\207q\030\207r\230\207y\230\201,\356\360\016\356\340\016\365\300\016\3540\003b\310\241\034\344\241\034\314\241\034\344\241\034\334a\034\312!\034\304\201\035\312a\006\326\220C9\310C9\230C9\310C9\270\3038\224C8\210\003;\224\303/\274\203<\374\202;\324\003;\260\303\f\307i\207pX\207rp\203th\007x`\207t\030\207t\240\207\031\316S\017\356\000\017\362P\016\344\220\016\343@\017\341 \016\354P\0163 (\035\334\301\036\302A\036\322!\034\334\201\036\334\340\034\344\341\035\352\001\036f\030Q8\260C:\234\203;\314P$v`\007{h\0077`\207wx\007x\230QL\364\220\017\360P\0163\036j\036\312a\034\350!\035\336\301\035~\001\036\344\241\034\314!\035\360a\006T\205\2038\314\303;\260C=\320C9\374\302<\344C;\210\303;\260\303\214\305\n\207y\230\207w\030\207t\b\007z(\007r\230\201\\\343\020\016\354\300\016\345P\016\3630#\301\322A\036\344\341\027\330\341\035\336\001\036\000\000\000\000y \000\000r\000\000\000b\036H C\210\f\0319\031$\220\221@\306\310\310h\"P\b\0242\236\030\031!G\310\220QL\0301\001\000w\320\nx\320HJ#I\000\000\000../Drivers/STM32F1xx_HAL_Driver/Src\\stm32f1xx_hal_rtc.cF:\\SkyDrive\\OtvoreniProjekti\\HotelSaplast\\fw\\RoomController\\DE-160318\\MDK-ARMComponent: ARM Compiler 6.10.1 Tool: armclang [5d143200]Dwarf VersionDebug Info Versionwchar_sizestatic_rwdataenumsize_buildattrarmlib_unavailable\000\000#\b\0010\202\020\004#\b\2010\202\020\f#\b\0011\324\0240\320\020\000\000\020D\000\000\000\000\020\000\300@\005\020\b\0000\0030\303\240\020\313\f\203R,3\f\214\321\31400\0073\303\300 \312\f\003\22383\004\203\214\004&(\02766\2736\0272\2613\227\261\272Q\002'#66\2736\227\2667\262:\2662\0273\266\260\263\271Q\214H\232\250\312J\205\215\315\256\315%\215\254\314\215n\224\340\002\251\030\000\000\023\000\000\000\013\nr(\207w\200\007zXp\230C=\270\3038\260C9\320\303\202\346\034\306\241\r\350A\036\302\301\035\346!\035\350!\035\336\301\035\026(\342P\016\346\360\016\362P\016\351\340\016\363@\017\013\222p0\007z(\007yH\007w\230\007z\000\321\020\000\000\006\000\000\000\007\314<\244\203;\234\003;\224\003=\240\203<\224C8\220\303\001\000\000\000q \000\000\002\000\000\0002\016\020\"\004\000\000\000\000\000\000\000e\f\000\000\027\000\000\000\022\003\224\260\000\000\000\000\001\000\000\000\000\000\000\000\b\000\000\000D\000\000\000\001\000\000\000P\000\000\000\000\000\000\000P\000\000\000\000\000\000\000P\000\000\000\000\000\000\000\b\000\000\000\026\000\000\000\036\000\000\0007\000\000\000U\000\000\000\000\000\000\000\000\000\000\000\000\000\000\000\000\000\000\000\000\000\000\000]\f\000\000\031\000\000\000\022\003\224\265\000\000\000\0007.0.0svnthumbv7m-arm-none-eabi../Drivers/STM32F1xx_HAL_Driver/Src/stm32f1xx_hal_rtc.c\000\000\000\000\000\000"
	.size	.Lllvm.embedded.module, 1656


	.ident	"Component: ARM Compiler 6.10.1 Tool: armclang [5d143200]"
	.section	".note.GNU-stack","",%progbits
	.ARM_attribute	16, 1	@ Tag_AV_eba
