	.text
	.syntax unified
	.eabi_attribute	67, "2.09"	@ Tag_conformance
	.cpu	cortex-m3
	.eabi_attribute	6, 10	@ Tag_CPU_arch
	.eabi_attribute	7, 77	@ Tag_CPU_arch_profile
	.eabi_attribute	8, 0	@ Tag_ARM_ISA_use
	.eabi_attribute	9, 2	@ Tag_THUMB_ISA_use
	.eabi_attribute	34, 1	@ Tag_CPU_unaligned_access
	.eabi_attribute	17, 1	@ Tag_ABI_PCS_GOT_use
	.eabi_attribute	20, 2	@ Tag_ABI_FP_denormal
	.eabi_attribute	21, 0	@ Tag_ABI_FP_exceptions
	.eabi_attribute	23, 1	@ Tag_ABI_FP_number_model
	.eabi_attribute	24, 1	@ Tag_ABI_align_needed
	.eabi_attribute	25, 1	@ Tag_ABI_align_preserved
	.eabi_attribute	38, 1	@ Tag_ABI_FP_16bit_format
	.eabi_attribute	18, 4	@ Tag_ABI_PCS_wchar_t
	.eabi_attribute	26, 2	@ Tag_ABI_enum_size
	.eabi_attribute	14, 0	@ Tag_ABI_PCS_R9_use
	.file	"stm32f1xx_hal_rcc_ex.c"
	.file	1 "C:\\Keil\\ARM\\ARMCLANG\\Bin\\..\\include" "stdint.h"
	.file	2 "../Drivers/STM32F1xx_HAL_Driver/Src" "stm32f1xx_hal_rcc_ex.c"
	.file	3 "../Drivers/STM32F1xx_HAL_Driver/Inc" "stm32f1xx_hal_def.h"
	.file	4 "../Drivers/CMSIS/Device/ST/STM32F1xx/Include" "stm32f1xx.h"
	.file	5 "../Drivers/CMSIS/Device/ST/STM32F1xx/Include" "stm32f103xb.h"
	.type	.Lllvm.embedded.module,%object @ @llvm.embedded.module
	.section	.llvmbc,"a",%progbits
	.p2align	4
.Lllvm.embedded.module:
	.asciz	"BC\300\3365\024\000\000\005\000\000\000b\f0$LY\276\346\356\323>-U\215\020\005\310\024\000\000!\f\000\000\230\b\000\000\013\002!\000\002\000\000\000\023\000\000\000\007\201#\221A\310\004I\006\02029\222\001\204\f%\005\b\031\036\004\213b\200\024E\002B\222\013B\244\0202\0248\b\030K\n2R\210H\220\024 CF\210\245\000\0312B\344H\016\220\221\"\304PAQ\201\214\341\203\345\212\004)F\006Q\030\000\000K\001\000\000\033J'\370\377\377\377\377\0010\000\t\230\210qx\007y\220\207r\030\007z`\207|h\003yx\207zp\007r(\007rh\003rH\007{H\007r(\2076\230\207x\220\007zh\003s\200\2076h\207p\240\007t\000\314!\034\330a\036\312\001 \310\241\034\334\341\035\344\241\035\302\201\035\332\300\034\340\241\r\332!\034\350\001\035\000x\220\207r\230\207r\220\007{(\2076\230\207t8\007w\000\brH\207y\b\007q`\207rh\003z\b\207t`\2076\030\207p`\007v\230\007\300\034\302\201\035\346\241\034\000\202\035\312a\036\346\241\r\340A\036\312a\034\322a\036\312\241\r\314\001\036\332!\034\310\0010\207p`\207y(\007\200p\207wh\003s\220\207ph\207rh\003xx\207tp\007z(\007yh\203r`\207th\007\300\034\302\201\035\346\241\034\000\302\035\336\241\r\322\301\035\314a\036\332\300\034\340\241\r\332!\034\350\001\035\000z\220\207z(\007\200p\207wh\003u\250\207v\200\2076\240\207p\020\007v(\207y\000\314!\034\330a\036\312\001 \334\341\035\332\300\035\302\301\035\346\241\r\314\001\036\332\240\035\302\201\036\320\001\240\007y\250\207r\000\bwx\2076\230\207t8\007w(\007rh\003}(\007yx\207yh\003s\200\2076h\207p\240\007t\000\350A\036\352\241\034\000\302\035\336\241\r\350A\036\302\001\036\340!\035\334\341\034\332\240\035\302\201\036\320\001\240\007y\250\207r\000\210y\240\207p\030\207uh\003x\220\207w\240\207r\030\007zx\007yh\003q\250\007s0\207r\220\2076\230\207t\320\207r\000\360\000 \350!\034\344\341\034\312\201\036\332`\034\340\241\036\200qx\007y\240\207r\300\2076h\2079\000\bz\b\007y8\207r\240\20760\207r\b\007z\250\007y(\207y\000\326\000\035\356\201\034\322\301\036\330`\r\350\001\035\352\241\035\304\241\r\332\341\035\310\241\034\330\240\r\306A\036\306\201\r\332\200\034\336\201\036\340A\036\336\201\034\330\240\r\310a\036\340\201\r\332\000\035\356\201\034\322\301\036\332 \034\344\241\035\330\240\r\344!\034\346\001 \352\301\035\346!\034\314\241\034\332\300\034\340\241\r\332!\034\350\001\035\000s\b\007v\230\207r\000\210z\230\207rh\203yx\007s\240\20760\007vx\207p\240\007\300\034\302\201\035\346\241\034\200\r\206\020\000\013Pm0\206\377\377\377\377\037\2006\000\244\r\004!\000\313\206\266)\376\377\377\377\177\000\f`\"\306\341\035\344A\036\312a\034\350\201\035\362\241\r\344\341\035\352\301\035\310\241\034\310\241\r\310!\035\354!\035\310\241\034\332`\036\342A\036\350\241\r\314\001\036\332\240\035\302\201\036\320\0010\207p`\207y(\007\200 \207rp\207w\220\207v\b\007vh\003s\200\2076h\207p\240\007t\000\340A\036\312a\036\312A\036\354\241\034\332`\036\322\341\034\334\001 \310!\035\346!\034\304\201\035\312\241\r\350!\034\322\201\035\332`\034\302\201\035\330a\036\000s\b\007v\230\207r\000\bv(\207y\230\2076\200\007y(\207qH\207y(\20760\007xh\207p \007\300\034\302\201\035\346\241\034\000\302\035\336\241\r\314A\036\302\241\035\312\241\r\340\341\035\322\301\035\350\241\034\344\241\r\312\201\035\322\241\035\000s\b\007v\230\207r\000\bwx\2076H\007w0\207yh\003s\200\2076h\207p\240\007t\000\350A\036\352\241\034\000\302\035\336\241\r\334!\034\334a\036\332\300\034\340\241\r\332!\034\350\001\035\000z\220\207z(\007\200p\207wh\203yH\207sp\207r \2076\320\207r\220\207w\230\20760\007xh\203v\b\007z@\007\200\036\344\241\036\312\001 \334\341\035\332\200\036\344!\034\340\001\036\322\301\035\316\241\r\332!\034\350\001\035\000z\220\207z(\007\200\230\007z\b\207qX\2076\200\007yx\007z(\207q\240\207w\220\2076\020\207z0\007s(\007yh\203yH\007}(\007\000\017\000\202\036\302A\036\316\241\034\350\241\r\306\001\036\352\001\030\207w\220\007z(\007|h\203v\230\003\200\240\207p\220\207s(\007zh\003s(\207p\240\207z\220\207r\230\007`\r\320\341\036\310!\035\354\201\r\326\200\036\320\241\036\332A\034\332\240\035\336\201\034\312\201\r\332`\034\344a\034\330\240\r\310\341\035\350\001\036\344\341\035\310\201\r\332\200\034\346\001\036\330\240\r\320\341\036\310!\035\354\241\r\302A\036\332\201\r\332@\036\302a\036\000\242\036\334a\036\302\301\034\312\241\r\314\001\036\332\240\035\302\201\036\320\0010\207p`\207y(\007\200\250\207y(\2076\230\207w0\007zh\003s`\207w\b\007z\000\314!\034\330a\036\312\001\330@\030\001\260l@\216\377\377\377\377\037\000\t\240\200:\330@ \002p\006\033\220\344\377\377\377\377\007\300\000$`\002\000\000\000I\030\000\000\006\000\000\000\023\204@\230 \f\304\204\240\230 \004\306\204 \230\020\034\023\002dB\220\000\211 \000\000\035\000\000\0002\"H\t d\205\004\223\"\244\204\004\223\"\343\204\241\220\024\022L\212\214\013\204\244L\020ps\004HB\000\n)\000h\314\021\200\301}\322\024Q\302\344\257\034\367\247D\204<\007W\222b\203L-\366\020\035Q \242\224R\310\024\241\034B#\000s\004\240@\240\fj1j%(\364\212\240\016\305\"\224Bs \240\020\252\326J\226\312\034A0\0050G\240\000\000\000\023,z@\207zh\007q\260\207;h\2076\b\007yh\2076p\207wp\207rh\203r\b\007qH\207\roP\016m\320\016zP\016m\000\017z0\007r\240\007s \007m\220\016v@\007z`\007t\320\006\366\020\007r\200\007z`\007t\240\007q \007x\320\006\341\240\007p\240\007s \007m\340\016s \007m0\013v@\007J\017\b\021\022A\206\214\024\t\0014B\230\234\352\201\313\365\"\312\323\366\262|\376\232R\2333\2311\206\307\177\221A\346\227(O\333\313\362\327T>~\315\351\355\231\314\034\303\343\277\3500\373+\037\217\277e\274k\274\003\002\332 \030\266!\000\000 \000\000\000\bv@m\320\006\303\300\r\001\000\000\001\000\000@0D\322\205\f\001\000 \000\200\000\020\000\000\000\200`\2104\017X\003\004\200\000\000\000\000\000\000\000\000\300\020i%\254\006\b\000\001\000\000\000\000\000\000\000\200!RX,\017\020\000\003\000\000\200\000\000\000\000\000C$\266\340\"\000\000\b\000\b\000\001\000\000\000\b\206H\250\241M\000\000\024\000\020\000\002\000\000\000\020\f\221\304\203z\200\000\030\000\000\000\004\000\000\000\000\030\"\331\207c\001\001`\000\000\000\000\000\000\000\000 \261A\240\360&\002\000@\026\b\000\000\000\021\000\000\0002\036\230\024\031\021L\220\214\t&G\306\004C*EP\006%P\b#\000\264\212\240@F\000\n\241 \n\243P\n\246p\n\250\220($$0@P`p\200\220\240\260\300\320\340\360\000\001A#\205\000\001\000\000\000\261\030\000\000t\000\000\0003\b\200\034\304\341\034f\024\001=\210C8\204\303\214B\200\007yx\007s\230q\f\346\000\017\355\020\016\364\200\0163\fB\036\302\301\035\316\241\034f0\005=\210C8\204\203\033\314\003=\310C=\214\003=\314x\214tp\007{\b\007yH\207pp\007zp\003vx\207p \207\031\314\021\016\354\220\016\3410\017n0\017\343\360\016\360P\0163\020\304\035\336!\034\330!\035\302a\036f0\211;\274\203;\320C9\264\003<\274\203<\204\003;\314\360\024v`\007{h\0077h\207rh\0077\200\207p\220\207p`\007v(\007v\370\005vx\207w\200\207_\b\207q\030\207r\230\207y\230\201,\356\360\016\356\340\016\365\300\016\3540\003b\310\241\034\344\241\034\314\241\034\344\241\034\334a\034\312!\034\304\201\035\312a\006\326\220C9\310C9\230C9\310C9\270\3038\224C8\210\003;\224\303/\274\203<\374\202;\324\003;\260\303\f\307i\207pX\207rp\203th\007x`\207t\030\207t\240\207\031\316S\017\356\000\017\362P\016\344\220\016\343@\017\341 \016\354P\0163 (\035\334\301\036\302A\036\322!\034\334\201\036\334\340\034\344\341\035\352\001\036f\030Q8\260C:\234\203;\314P$v`\007{h\0077`\207wx\007x\230QL\364\220\017\360P\0163\036j\036\312a\034\350!\035\336\301\035~\001\036\344\241\034\314!\035\360a\006T\205\2038\314\303;\260C=\320C9\374\302<\344C;\210\303;\260\303\214\305\n\207y\230\207w\030\207t\b\007z(\007r\230\201\\\343\020\016\354\300\016\345P\016\3630#\301\322A\036\344\341\027\330\341\035\336\001\036\000\000\000\000y \000\000l\002\000\000b\036H C\210\f\0319\031$\220\221@\306\310\310h\"P\b\0242\236\030\031!G\310\220Q\324\003:\310\303\000\000\000\000z\320\nxp\007\214\221 \013\036\024\303a\260\001\242\007\313r4\302@\f\bb\034\007\241\007Z\202$\207aHR#)\215$\351\001FEQ\324\000\303\023\001\000../Drivers/STM32F1xx_HAL_Driver/Src\\stm32f1xx_hal_rcc_ex.cF:\\SkyDrive\\OtvoreniProjekti\\HotelSaplast\\fw\\RoomController\\DE-160318\\MDK-ARMComponent: ARM Compiler 6.10.1 Tool: armclang [5d143200]../Drivers/STM32F1xx_HAL_Driver/Inc/stm32f1xx_hal_def.hunsigned intHAL_OKHAL_ERRORHAL_BUSYHAL_TIMEOUT../Drivers/CMSIS/Device/ST/STM32F1xx/Include\\stm32f1xx.hRESETSETDISABLEENABLEC:\\Keil\\ARM\\ARMCLANG\\Bin\\..\\include\\stdint.huint32_t../Drivers/CMSIS/Device/ST/STM32F1xx/Include/stm32f103xb.hRCC_TypeDefPWR_TypeDefuint8_tunsigned charCRCSRCFGRCIRAPB2RSTRAPB1RSTRAHBENRAPB2ENRAPB1ENRBDCR../Drivers/STM32F1xx_HAL_Driver/Src/stm32f1xx_hal_rcc_ex.cHAL_RCCEx_GetPeriphCLKFreqPeriphClktemp_regfrequencyprediv1pllclkpllmulaPredivFactorTableaPLLMULFactorTableDwarf VersionDebug Info Versionwchar_sizestatic_rwdataenumsize_buildattrarmlib_unavailable../Drivers/STM32F1xx_HAL_Driver/Inc/stm32f1xx_hal_rcc_ex.hRCC_PeriphCLKInitTypeDefPeriphClockSelectionRTCClockSelectionAdcClockSelectionUsbClockSelectionPeriphClkInitintomnipotent charSimple C/C++ TBAA\000\000\000\006,\002\000\000\000\000\0000\202\260<#\b\0134\202P(#\b\3052\202P0#\bE3\202P8#\bK4\202\260H#\b\3134\202\260P#\bK5\202\260X#\b\3135\202\260`#\bK6\0224L\3009\270\r\000\200\002\000\000\363\000\000\0000\0224L\3009\340\r\000\200\n\000\000\376\000\000\0000U5\214D\030\000#12%\001\004$\003\000\000\210\004\260\000\000,\001\000\2631C+\240\0010\022-\003\023A\000\000\300l\314\320\ni\000\214\004\313\314D\020\000\0000\324\0240\2620\004\000\000\004\344\000\017\200H\000\000\020\000\300H\3200\001;\321&\000\000\022\000\000\210\005\000\000\300@\005\020\b\0000P\001\020\002\000\314c\000dP\200\001p\2143\b\2001\316 \b\3078\203@ \343\f\202\221\314@\324\202-\334\002.\214\004\t\0040\013y\000\320\002\030\000\000\220\013\000\000\000\003\025\200\"\000\3008\203\000,\343\f\202\300\314 \360B/\214\004\t\004\260\013i\001\320\002\030\000\000\340\013\000\000\000\343\f\002\320\2143\b\2023\203\000\016\3410\022$\020\300.\274\005@\013`\000\000\2008\000\000\000\3140\350\302/\214\303@\005\360\b\0000Q\003XP9\200\002@\013\000\000\000\0000P\001D\002\000L\324\000\226t\016\246\003\260\002\000\000\000\000L\324\000\017\000\000\000:\200\001\000\000\0000Q\003X\3239\310\r\260\n\000\000\000\0000Q\003<\000\000\000\352\000\006\000\000\000\300D\rP\007\000\000\000\346\000\000\000\000\000\0235\300\003\000\000\300\016`\000\000\000\000\314c\000dP!\0002Q\003XT9\370\001\340\016\000\000\000\0000Ca\016\351\260\016\355\360\016\0235@c\235\003\334\254\002;\200\001\000\000\0000Q\0034\3279\304\315*\260\003\030\000`\000\000\300\fB<\310\303D\r\320X\347\2407\254\300\016`\000\000\000\000L\324\000\rv\016{\303\n\354\000\006\000\030\000\0000Q\0034\3319\360\r+\260\003\030\000\240\000\000\300D\r\320h\347\3207\254\300\016`\000\200\003\000\000\0235@\263\235\203\337\260\002;\200\001\000\022\000\000L\324\000\rw\016\177\303\n\354\000\006\000X\000\0000Q\0034\3359\200\016+\260\003\030\000\240\001\000\300D\r\320x\347\020:\254\300\016`\000\200\007\000\000\0235@\363\235\203\350\260\002;\200\001\000\"\000\000L\324\000\315u\016\243\303\n\354\000\006\000\230\000\0000\203B\017\365`\017\367\200\017\371\240\017\373\300\017\3750]`L\031\f\300+\374\303\224\301\000\270\302?\314 \200DH\fT\000` \000\300\f\2029\230\303L\204\000\220\0040\\\"\264\202\030\214\304\310\230C\000\000\303%B+\214\301H\300\2149\000\0000\\\"\264\002\031\214\004\314\230\003\000\000\303%B+\224\301H\320\2149\000\0000\\\"\264\202\031\214\004\315\230\003\000\000\303%B+\234\301H\320\2149\000\0000\203a\022'\201\022)\241\022+1Q\003\230\001\000\000\300;\000\000\000\000\3004\203\260\007\300\f\201K\214\004\t\001\000\000@K@\000\000\274\004\000\000\3004\203\300\007\300\fAL\214\004\t\001\000\000@K\200\004\000\0002\001\000\0000\303\320\007j\340\0073\f}\260\006~0\303\360\007l\000\n3\f\177\320\006\1770\303\360\007n\320\0073\f\177\360\006\2410C0\fT\000p \000\300D\r`\305\301N\270\n\020\013\000\000\000\0000Q\003<\000\000\000<\001\006\000\000\000\300D\r\320\310\301N\274I,\230\003\030\000\000\000\000\0235@3\007;!'\261`\016`\000\200\001\000\000\0235@C\007;Q'\261`\016`\000\200\002\000\000\0235@S\007;\241*\261`\016`\000\200\003\000\0003\020>\361\023`\021\0263\004z0\303\220\007c!\n3\fx@\026\2420Cr\007e!\ne1\neA\neQ\n3\ffQ\026\2420Cu\007e!\ne1\neA\neQ\ne\301\007ea\neq\ne\201\ne\221\ne\241\n3\fhQ\026\2510\303`\026e1\n3\fhQ\026\2430\303`\026eA\n3\ffQ\026\245p\363\000p\034\307q\034\307q\034\307q\034\307\241\004J\220\206=\330\203N\240\204\033\270\001(\210\201\030\210\201\030\200\202K\270\201\030\210\001\032\270\204\030\210\001\032\270\004\035\270\001<\270\001<\250\003<\250\203:\250\203\036\300\003+\360\203H\240\001?\210\204H\210\204H\210\204H\210\204H\210\004JXt@\007h@\007h\340\006\344@\016\344@\016\344@\016\270\240\016h\300\361\003\032p\"A\007t@\007t@\007t`\321\201=\250\203H\240\004J\240\004(pt@\007\374@\007,B\007t@\007t #\201\t\312\205\215\315\256\315\205L\354\314e\254n\224\340\0252bc\263ksi{#\253c+s1c\013;\233\033\305\230\t\232\250\t\233\270\t\234H\205\215\315\256\315%\215\254\314\215n\224 '\206\f\006\000\370\207!\203!\000@\002\000\000\251\030\000\000\023\000\000\000\013\nr(\207w\200\007zXp\230C=\270\3038\260C9\320\303\202\346\034\306\241\r\350A\036\302\301\035\346!\035\350!\035\336\301\035\026(\342P\016\346\360\016\362P\016\351\340\016\363@\017\013\222p0\007z(\007yH\007w\230\007z\000\321\020\000\000\006\000\000\000\007\314<\244\203;\234\003;\224\003=\240\203<\224C8\220\303\001\000\000\000a \000\000\257\001\000\000\023\004O,\020\000\000\000\022\000\000\000T\n\020\020\020P\240\000\tj\220\241p\201!\001\021\n\020x\020\020\241\220\003\n\030\030\022\020\241\000\031\n0\022\222\024\241 \235\n\021\030\022\020\241\006\001\r\n\244\006\001\001\t\b\233\226\021\323rbZ@LK\210i)\001\000\3610\000\000c\000\000\000\"G\310\220Q\022D\037\000\000\000\000Y\224\030\000HAL_RCCEx_PeriphCLKConfigHAL_StatusTypeDeftickstarttmpreg\000\000\000\263\212\240.F\"$\216YE \027#!\022\303\254\"\230\213\2218\211bU5\214\204[\000#a\017\246\001\004\367\000\000\000\210\004\260\000\000\253\001\000\263\212`.F\002&\212YE`\027#\021\023\312\212\001/^\0036f\025\301\\\214\004N \263\212 /F\"'\212YE\240\027#1\026\313\254\"\330\213\221 \213cV\021\360\305H\250E2\253\b\372b$\326\302Y1\374\205l\314\306\254\"\250\213\221\260\013cV\021\200\306H\334\3050\253\b\352b$d\304\230U\004\2421\02232,j\000\353-f\341\017\000]\000\000\000\000\200\r\002i\364\304&B\000J\003\030\227\bua\007#a\017=\021\000\300\270D\250\013\270\030\t|0\007\000\000\306%B]\214\301H\340\2039\000\0000.\021\350\".F\342$\330\001\000\200\r\304i\240Fj\250\306\206\001-\312\002\0256\024wP\026\242P\026\243\260ah\215\262\020\005\231\007\022\310\020\"C\246^\242@.\200\252\211\002\271\0006\feQ\026\242Pi\221\260\027@\275E\302^\000\023\204\203\233 \024y0A(\364`\202P\364\301\004\241X\205\tB\341\n\0003\021E\301\214\302\210\301\001\200 \030Xh\340\353\377\377\377\303\272\377\377\377\017s\377\377\377?\314\030\020\366\200\nu\001\214\030\034\000\b\202\201\205\006\361\377\377\377?\250\373\377\377\3770\367\377\377\377\303\214\001\201\017L]\000#\006\007\000\202``\241A\374\377\377\377\017\351\376\377\377?\314\375\377\377\3770c@\340\303V\027\3006C5\006c0c@\204D&\027\000\005eL\030\000\025\234\201\316\030\020!\361\006r\001\f7\004f\000\0063\006DH\220\202\\\000\263\fJ\020\314\030\020!q\324\005p\005\333\031\003\342$\n\272\000F\f\214\003\004\301\240\231\0032\b&\f\000J\312\2340\000*\320v\302\000\0306 \226`\b&\f\000Z\312\2340\000*\340t\302\000\03018\000\020\004\003+\016\314\375\377\377\177\210\367\377\377\377\201\357\377\377\377\207\t\003`\330\200P\202!\2300\000H)s\302\000\03018\000\020\004\003K\016\314\375\377\377\177\220\367\377\377\377\241\357\377\377\377\207\t\003`\304\3008@\020\f\232;H\003c\306\2008\211b.\000jJ\307\031\003B%\212\271\000*\360v\302\000\0306 \236\240\t&\f\200\021\003\002\tA0x\360`\306\200h\211h.\200\021\203\003\000A0\260\352\000\335\377\377\377\207{\377\377\377\037@\377\377\377\177\2301 \360\201\251\013`\226@\2301 ^\242\230\013\200\240\322q\306\200x\211h.\200\n\302@g\f\210\227\240\346\002\030n\b\344\000\ff\f\210\227\020\203\271\000f\031\006\"\2301 ^\242\230\013`\304\200@B\020\f\036>\2301 bb\271\013\240\202\"f\f\210\230\310\356\002\030n\b\302@\ff\f\210\2300\203\273\000f\031\034!\2301 bB\261\013\200\262bg\f\b\234p\362\002\330fH\203;\310\203\031\003\002'\362 /\000\n\312\2300\000*\030x\306\200\300\t3\310\013\240\0022\320\t\003`\270!\330\0030\2300\000f\031\224\"\2301 p\002\231\013\200\276bg\f\210\235\300\364\002\250\200\rt\306\200\330\211N/\200\021\203\003\000A0\260F\241\336\377\377\377\007\222\377\377\377\037\\\377\377\377\177\2301 \360a\253\013`\330\200\350@\341\bf\f\210\2368\364\002\0306 :?8\202\031\003\302'\016\275\000\206\r\2100\b\214`\306\200\000\213H/\200\022DAg\f\210\261X\366\002\030n\b\376\000\f&\f\200Y\206\304\bf\f\210\261X\364\002\0301 \220\020\004\203'\025f\f\b\263\250\370\002\03018\000\020\004\003\313\024\356\375\377\377\177@\371\377\377\377!\366\377\377\377\207\031\003\002\037\230\272\000f\t\216\031\003\"-\022\276\000\210\f\212\2351 \322\342\341\013\240\002S\320\t\003`\270!\030\0050\2301 \322b\016\370\002\230e@\222`\306\200H\213\204/\200\021\003\002\tA0xZa\306\200X\213\307/\200\n\212\2301 \326\242\363\013`\270!p\0031\2301 \326B\r\374\002\230ep\216`\306\200X\013\247/\000R\203bg\f\210\2708\364\002\250\340\016t\302\000 \251\214\t\003\240\204`'\f\200a\003\302\r\002#\2300\000f\t\224\031\003B.\n\275\000\b\r\312\2301 \354\342\002\r\240\002X\320\031\003\302.\332\0004\200\341\206\240\025\300`\306\200\260\013Q\000\r`\226\201Y\202\031\003\302.\214\272\000\b\016\312\2341 \370\242\b\r\240\202:\320\t\003`\233A\024`\201\026&\f\000\n\312\2300\000j\bv\302\000\0306 \352 \030\202\t\003`\226\200\2311 \372b\b\r\240\020<\320\031\003BF\332@4\200\341\206\200\026\300`\306\200\220\021Q\020\r`\226\301i\202\031\003BF\214\272\000\350\016\312\2341 p\244\030\r\240\002=\320\t\003`\233!\025nA\027&\f\000\n\312\2300\000j\bv\302\000\0306 \370 \030\202\t\003`\226\300\2311 rd\030\r`\240\244\240\013\206.\032\275@\364b\310`\306\200\350\221\240.\200\200\030\000\000%\000\000\000[\004\200.\266\fE`\026[\206%X\215-C\023\254\306\226\301\tVc\313P\005\255\261e\270\202\326\3302lAkl\031\304@\272\213-\303\030\004h\261e(\203 -\266\fj\020\240\305\226\241\r\002\330\3302\270A\000\033[\2067\b\320b\313`\007\001Zl\031\372@\362\213-\203\037\004h\261e\000\205 -\266\f\242\020\240\305\226\201\024\002\263\3302\240B\240\026[\206U\b\326b\313\320\n\201Zl\031d!P\213-C-\004l\261e\270\205@-\000\000\000\000\000\000\000a \000\000x\000\000\000\023\004A,\020\000\000\000\b\000\000\000T\n\030\030\022\020\241\000\031\n\021\030\022\020\241\000\001\r\312\244\000\001\001\t\b\233\226\017\323\322\001\000\3610\000\000\037\000\000\000\"G\310\220Q\n\204\031\000\000\000\000\234\001\000\000HAL_RCCEx_GetPeriphCLKConfigsrcclk\000\000\253\252a$\334\002\030\t3\221\013 8\023\000\000@$\200\005\000\250\013\000\330 \000=\261\211\020\200\270\000\306%\002\\\330\301H\230IO\004\0000.\021\340\342-F\002M\314\001\000\200\r\302\\\320\305\004\341\340&\b\305\031\000#\006\007\000\202``q\360\376\377\377?\314\373\377\377\377p\366\377\377\377\303\214\001a&~\000\027\300\210\301\001\200 \030X\\\371\377\377\377\017\362\376\377\377?\234\375\377\377\3770c@\240\t\003\027\3006Cr]3\006\304\232Hp\001\220P\354\214\001\341&\f\\\000\025$:a\000\214\030\034\000\b\202\201\365\311\373\377\377\377P\357\377\377\377\203\332\377\377\377\0173\006\004\2320p\001l30\0327c@\300\211\004\027\300\260\001\021\b\0030c@\300\t\031\300\005@F\2313\006\004\235\230\001\\\000\025(:a\000l3<]\030\314\030\020t\"\301\0050l@\004\302\000\314\030\020tB\006p\001\f\033\020\3072\0003\006\004\254\234\001\\\000\224\2249c@\304\212\031\300\005P\301\242\023\006\3006\203\004\006c0c@\304\212\004\027\300\260\001\021\b\0030c@\304\n\031\300\005\2003\006\304\254\004p\001\004\304\000\000\000\n\000\000\000[\004\340-\266\fC\200\026[\206#H\213-\003\022\250\305\226a\t\326b\313\300\004f\261eh\002\265\3302@\001[\000\000\000\000\000\000a \000\000p\001\000\000\023\004N,\020\000\000\000\027\000\000\000T\n\244\020\201!\001\021\n\020\030\022\020\241\000\001\001!\212\244<\n\020\020\241D\n\020\031\372\240\000I\321\007\n\020\020\220\240\200\201!\001\021\n\220\241\220\201!\001\021\n\020\020\2424\212\241\000\001\t\n0\236\240\220\241\017h\027 A\005\"T \001a\323\342aZ>L\013\212iQ\001\000\3610\000\0000\000\000\000\263\212\240\025F\302g\206YE\340\026#16\305\254\"x\213\221@\233eV\021\300\305H\244\3151\253\b\342b$\326\246\231U\004r1\022l\223\314*\202\271\030\t\325yf\025\001]\214\304\352,\263\212@.FBv\222YE\020\027#a>\315\254\"\270\213\221`\237dV\021\270\305H\254Q1\253\b\362b$\340h\231U\004z1\022u\004\315*\202\275\030\211<\202f\025\201[\214D)\025\033\006\264(\013Q\3300\220\005Y\210\302\206\001-\312B\025&\b\0057A(\360`\202P\200\302\004\241@\205\tB\241\n\023\204b\025&\b\005+L\020\212X\230 \024\2620A(\304a\202P\214\003\000\000#\006\007\000\202``\275\001\276\377\377\377\017s\377\377\377?\350\375\377\377\3770c@\214\214\033\264\0020bp\000 \b\006\326\033\340\377\377\377\377 \367\377\377\377\203\336\377\377\377\0173\006\004\3140\255\000\214\030\034\000\b\202\201\365\006\370\377\377\377?\304\375\377\377\377\240\367\377\377\377\303\214\001\0013Z+\000#\006\007\000\202``\275\001\376\377\377\377\017p\377\377\377?\350\375\377\377\3770c@\320\f\323\n\300\210\301\001\200 \030Xo\200\377\377\377\377\303\333\377\377\377\017z\377\377\377?\314\030\0204\223\265\0020bp\000 \b\006\326\033\340\377\377\377\377\340\366\377\377\377\203\336\377\377\377\0173\006\004\315\224A+\000\303$\005\327t\001s(\314\214\001\3213C+\000D\2249c@\224\315\365\026\300\210\301\001\200 \030Xp\200\357\377\377\377\303\334\377\377\377\017{\377\377\377?\314\030\0200\303\264\002@D\3518c@\240\315\002\027@\005\232N\030\000\303\rA\033\200\301\204\0010\313\320\b\301\214\001\2016\313[\000El8c@\250M+\304\005P\301\246\023\006\300\016\203\037\300A0c@\250\215\024\027\000\005 L\030\000\027\224\2300\000F\f\016\000\004\301\300\302\203\177\377\377\377\037\356\376\377\377\177\030\375\377\377\377a\306\200\240\2312h\005\240\022Og\f\210\265\271\344\002\030n\b\350\000\ff\f\210\265Q\003\271\000f\031\210!\2301 \326\246\211\013\200\2362g\f\210\270\301\203\271\000F\f\016\000\004\301\300\332\203\220\377\377\377\037\370\376\377\377\1770\375\377\377\377a\306\200\240\031\246\025\200\n\300\000g\f\210\270\221\205\271\000*\310\003\2350\000\366\030J\001\017\202\031\003\"n\252\271\000(\000a\302\000\270\240\304\204\001Pd\020\314\214\001\321:lP\027\200\005\212\ff\f\210\326\271\203\272\000F\f\016\000\004\301\300\022\205\223\377\377\377\037D\377\377\377\177h\375\377\377\377a\306\200\240\231\254\025\200Y\202b\306\200p\235\245.\000[\312@\0063\006\004\355\300\201]\000#\006\007\000\202``\215\302\311\377\377\377\017\243\377\377\377?\270\376\377\377\3770c@\320L\326\n\300,A1PQ\020\203@\214\030\034\000\b\202\201E\n'\377\377\377?\220\376\377\377\377\360\372\377\377\377\303\204\001@Y\2313\006\204\3714w\001Tp\006:a\000\f7\004\241\000\0063\006\204\371\240\301]\000\263\fF\023\314\030\020\346\323\304\005P\004)\334\214\001\341>\037^\000\025\230\302\314\030\020\356C\006x\001\214\030\034\000\b\202\201\225\n+\377\377\377?\254\376\377\377\377@\373\377\377\377\303\214\001\0013Z+\000\263\004\rq\305\316\030\020mt\345\0050bp\000 \b\006\226*\254\374\377\377\377\320\372\377\377\377C\355\377\377\377\0173\006\004\3140\255\000T\240\006:c@\300\221\245\027\300\005\033f\f\b8\022\005\275\000\206I\266`\211\003D\016\2229P&\f\200\032VAg\f\b82\005\275\000\206\033\002T\000\203\t\003`\226ai\202\031\003\002\216\226\274\000\b\f\312\2341 \352h\025\366\002\250\300\025t\302\000\030n\bV\001\f&\f\200Y\206\245\tf\f\210:\202\364\002\2402(\035g\f\210<\222\005\276\000*\200\003\2350\000\206\033\002W\000\203\t\003`\226ai\202\031\003\"\217\240\275\000F\f\016\000\004\301\300\242\205\316\366\377\377\377\207\337\377\377\377\037f\f\b\230\321Z\001\230%hF\f\b$\004\301\340\251\205\031\003\302\224\246\276\000H\r\312\2341 L\351\r\372\002\250`\016p\306\2000%{\350\013\240\2029\320\t\003\300\202[\200\301\204\001PE03\006\204)\251A_\000#\006\007\000\202``\351\202\316\377\377\377\017\274\377\377\377?\224\377\377\377\3770c@\300\214\326\n\300,A3c@\234\322\321\027\300@S\241\026\200\300\250\305B\006\206Z\004nP\250\003\202\016\2119(#\006\007\000\202``\355\202\316\377\377\377\017\275\377\377\377?\230\377\377\377\3770c@\300\214\326\n@\0063\006\204+\r\255\000\004\304\000\000\000\000\017\000\000\000[\004\200\025\266\fG\240\026[\206$\350\213-\003\024\370\305\226\301\n\324b\313\260\005~\261e0\203@-\266\fn\020\240\305\226\301\016\202\277\3302\350A\320\027[\206P\b\324\002\000\000\000\000\000\000\000q \000\000\004\000\000\0002\016\020\"\204\002\376\th\360\332\200\007\251\016\000\000\000\000\000e\f\000\000S\000\000\000\022\003\224\240\002\000\000\000\001\000\000\000\004\001\000\000\b\000\000\000D\000\000\000\001\000\000\000P\000\000\000\000\000\000\000P\000\000\000\n\000\000\000@\001\000\000\000\000\000\000\f\001\000\000\026\000\000\000\"\001\000\000:\000\000\000\\\001\000\000\000\000\000\000\000\000\000\000\n\000\000\000\000\000\000\000Z\000\000\000\031\000\000\000Z\000\000\000\031\000\000\000\377\377\377\377\001$\000\000s\000\000\000\030\000\000\000s\000\000\000\030\000\000\000\377\377\377\377\b,\000\000\213\000\000\000\026\000\000\000\213\000\000\000\026\000\000\000\377\377\377\377\b,\000\000\241\000\000\000\013\000\000\000\241\000\000\000\013\000\000\000\377\377\377\377\b$\000\000\254\000\000\000\034\000\000\000\254\000\000\000\034\000\000\000\377\377\377\377\001$\000\000\310\000\000\000\032\000\000\000\310\000\000\000\032\000\000\000\377\377\377\377\001$\000\000\342\000\000\000\024\000\000\000\342\000\000\000\024\000\000\000\377\377\377\377\b$\000\000\366\000\000\000\016\000\000\000\366\000\000\000\016\000\000\000\377\377\377\377\b,\000\000\000\000\000\000-\000\000\000\000\000\000\000-\000\000\000\377\377\377\377\000\020\000\000-\000\000\000-\000\000\000-\000\000\000-\000\000\000\377\377\377\377\000\020\000\000\000\000\000\000]\f\000\000Z\000\000\000\022\003\224\274\002\000\000\000HAL_RCCEx_GetPeriphCLKFreq.aPLLMULFactorTableHAL_RCCEx_GetPeriphCLKFreq.aPredivFactorTableHAL_RCCEx_PeriphCLKConfigllvm.lifetime.start.p0i8llvm.lifetime.end.p0i8HAL_GetTickHAL_RCCEx_GetPeriphCLKConfigHAL_RCCEx_GetPeriphCLKFreqHAL_RCC_GetPCLK2Freqllvm.dbg.value7.0.0svnthumbv7m-arm-none-eabi../Drivers/STM32F1xx_HAL_Driver/Src/stm32f1xx_hal_rcc_ex.c\000\000\000"
	.size	.Lllvm.embedded.module, 9548

	.section	.debug_str,"MS",%progbits,1
.Linfo_string0:
	.asciz	"Component: ARM Compiler 6.10.1 Tool: armclang [5d143200]" @ string offset=0
.Linfo_string1:
	.asciz	"../Drivers/STM32F1xx_HAL_Driver/Src\\stm32f1xx_hal_rcc_ex.c" @ string offset=57
.Linfo_string2:
	.asciz	"F:\\SkyDrive\\OtvoreniProjekti\\HotelSaplast\\fw\\RoomController\\DE-160318\\MDK-ARM" @ string offset=116
.Linfo_string3:
	.asciz	"aPLLMULFactorTable"    @ string offset=194
.Linfo_string4:
	.asciz	"unsigned char"         @ string offset=213
.Linfo_string5:
	.asciz	"uint8_t"               @ string offset=227
.Linfo_string6:
	.asciz	"sizetype"              @ string offset=235
.Linfo_string7:
	.asciz	"aPredivFactorTable"    @ string offset=244
.Linfo_string8:
	.asciz	"unsigned int"          @ string offset=263
.Linfo_string9:
	.asciz	"HAL_OK"                @ string offset=276
.Linfo_string10:
	.asciz	"HAL_ERROR"             @ string offset=283
.Linfo_string11:
	.asciz	"HAL_BUSY"              @ string offset=293
.Linfo_string12:
	.asciz	"HAL_TIMEOUT"           @ string offset=302
.Linfo_string13:
	.asciz	"RESET"                 @ string offset=314
.Linfo_string14:
	.asciz	"SET"                   @ string offset=320
.Linfo_string15:
	.asciz	"DISABLE"               @ string offset=324
.Linfo_string16:
	.asciz	"ENABLE"                @ string offset=332
.Linfo_string17:
	.asciz	"uint32_t"              @ string offset=339
.Linfo_string18:
	.asciz	"CR"                    @ string offset=348
.Linfo_string19:
	.asciz	"CFGR"                  @ string offset=351
.Linfo_string20:
	.asciz	"CIR"                   @ string offset=356
.Linfo_string21:
	.asciz	"APB2RSTR"              @ string offset=360
.Linfo_string22:
	.asciz	"APB1RSTR"              @ string offset=369
.Linfo_string23:
	.asciz	"AHBENR"                @ string offset=378
.Linfo_string24:
	.asciz	"APB2ENR"               @ string offset=385
.Linfo_string25:
	.asciz	"APB1ENR"               @ string offset=393
.Linfo_string26:
	.asciz	"BDCR"                  @ string offset=401
.Linfo_string27:
	.asciz	"CSR"                   @ string offset=406
.Linfo_string28:
	.asciz	"RCC_TypeDef"           @ string offset=410
.Linfo_string29:
	.asciz	"PWR_TypeDef"           @ string offset=422
	.section	.debug_abbrev,"",%progbits
	.byte	1                       @ Abbreviation Code
	.byte	17                      @ DW_TAG_compile_unit
	.byte	1                       @ DW_CHILDREN_yes
	.byte	37                      @ DW_AT_producer
	.byte	14                      @ DW_FORM_strp
	.byte	19                      @ DW_AT_language
	.byte	5                       @ DW_FORM_data2
	.byte	3                       @ DW_AT_name
	.byte	14                      @ DW_FORM_strp
	.byte	16                      @ DW_AT_stmt_list
	.byte	6                       @ DW_FORM_data4
	.byte	27                      @ DW_AT_comp_dir
	.byte	14                      @ DW_FORM_strp
	.ascii	"\264B"                 @ DW_AT_GNU_pubnames
	.byte	12                      @ DW_FORM_flag
	.byte	0                       @ EOM(1)
	.byte	0                       @ EOM(2)
	.byte	2                       @ Abbreviation Code
	.byte	46                      @ DW_TAG_subprogram
	.byte	1                       @ DW_CHILDREN_yes
	.byte	0                       @ EOM(1)
	.byte	0                       @ EOM(2)
	.byte	3                       @ Abbreviation Code
	.byte	52                      @ DW_TAG_variable
	.byte	0                       @ DW_CHILDREN_no
	.byte	3                       @ DW_AT_name
	.byte	14                      @ DW_FORM_strp
	.byte	73                      @ DW_AT_type
	.byte	19                      @ DW_FORM_ref4
	.byte	58                      @ DW_AT_decl_file
	.byte	11                      @ DW_FORM_data1
	.byte	59                      @ DW_AT_decl_line
	.byte	5                       @ DW_FORM_data2
	.byte	0                       @ EOM(1)
	.byte	0                       @ EOM(2)
	.byte	4                       @ Abbreviation Code
	.byte	1                       @ DW_TAG_array_type
	.byte	1                       @ DW_CHILDREN_yes
	.byte	73                      @ DW_AT_type
	.byte	19                      @ DW_FORM_ref4
	.byte	0                       @ EOM(1)
	.byte	0                       @ EOM(2)
	.byte	5                       @ Abbreviation Code
	.byte	33                      @ DW_TAG_subrange_type
	.byte	0                       @ DW_CHILDREN_no
	.byte	73                      @ DW_AT_type
	.byte	19                      @ DW_FORM_ref4
	.byte	55                      @ DW_AT_count
	.byte	11                      @ DW_FORM_data1
	.byte	0                       @ EOM(1)
	.byte	0                       @ EOM(2)
	.byte	6                       @ Abbreviation Code
	.byte	38                      @ DW_TAG_const_type
	.byte	0                       @ DW_CHILDREN_no
	.byte	73                      @ DW_AT_type
	.byte	19                      @ DW_FORM_ref4
	.byte	0                       @ EOM(1)
	.byte	0                       @ EOM(2)
	.byte	7                       @ Abbreviation Code
	.byte	22                      @ DW_TAG_typedef
	.byte	0                       @ DW_CHILDREN_no
	.byte	73                      @ DW_AT_type
	.byte	19                      @ DW_FORM_ref4
	.byte	3                       @ DW_AT_name
	.byte	14                      @ DW_FORM_strp
	.byte	58                      @ DW_AT_decl_file
	.byte	11                      @ DW_FORM_data1
	.byte	59                      @ DW_AT_decl_line
	.byte	11                      @ DW_FORM_data1
	.byte	0                       @ EOM(1)
	.byte	0                       @ EOM(2)
	.byte	8                       @ Abbreviation Code
	.byte	36                      @ DW_TAG_base_type
	.byte	0                       @ DW_CHILDREN_no
	.byte	3                       @ DW_AT_name
	.byte	14                      @ DW_FORM_strp
	.byte	62                      @ DW_AT_encoding
	.byte	11                      @ DW_FORM_data1
	.byte	11                      @ DW_AT_byte_size
	.byte	11                      @ DW_FORM_data1
	.byte	0                       @ EOM(1)
	.byte	0                       @ EOM(2)
	.byte	9                       @ Abbreviation Code
	.byte	36                      @ DW_TAG_base_type
	.byte	0                       @ DW_CHILDREN_no
	.byte	3                       @ DW_AT_name
	.byte	14                      @ DW_FORM_strp
	.byte	11                      @ DW_AT_byte_size
	.byte	11                      @ DW_FORM_data1
	.byte	62                      @ DW_AT_encoding
	.byte	11                      @ DW_FORM_data1
	.byte	0                       @ EOM(1)
	.byte	0                       @ EOM(2)
	.byte	10                      @ Abbreviation Code
	.byte	4                       @ DW_TAG_enumeration_type
	.byte	1                       @ DW_CHILDREN_yes
	.byte	73                      @ DW_AT_type
	.byte	19                      @ DW_FORM_ref4
	.byte	11                      @ DW_AT_byte_size
	.byte	11                      @ DW_FORM_data1
	.byte	58                      @ DW_AT_decl_file
	.byte	11                      @ DW_FORM_data1
	.byte	59                      @ DW_AT_decl_line
	.byte	11                      @ DW_FORM_data1
	.byte	0                       @ EOM(1)
	.byte	0                       @ EOM(2)
	.byte	11                      @ Abbreviation Code
	.byte	40                      @ DW_TAG_enumerator
	.byte	0                       @ DW_CHILDREN_no
	.byte	3                       @ DW_AT_name
	.byte	14                      @ DW_FORM_strp
	.byte	28                      @ DW_AT_const_value
	.byte	15                      @ DW_FORM_udata
	.byte	0                       @ EOM(1)
	.byte	0                       @ EOM(2)
	.byte	12                      @ Abbreviation Code
	.byte	15                      @ DW_TAG_pointer_type
	.byte	0                       @ DW_CHILDREN_no
	.byte	73                      @ DW_AT_type
	.byte	19                      @ DW_FORM_ref4
	.byte	0                       @ EOM(1)
	.byte	0                       @ EOM(2)
	.byte	13                      @ Abbreviation Code
	.byte	22                      @ DW_TAG_typedef
	.byte	0                       @ DW_CHILDREN_no
	.byte	73                      @ DW_AT_type
	.byte	19                      @ DW_FORM_ref4
	.byte	3                       @ DW_AT_name
	.byte	14                      @ DW_FORM_strp
	.byte	58                      @ DW_AT_decl_file
	.byte	11                      @ DW_FORM_data1
	.byte	59                      @ DW_AT_decl_line
	.byte	5                       @ DW_FORM_data2
	.byte	0                       @ EOM(1)
	.byte	0                       @ EOM(2)
	.byte	14                      @ Abbreviation Code
	.byte	19                      @ DW_TAG_structure_type
	.byte	1                       @ DW_CHILDREN_yes
	.byte	11                      @ DW_AT_byte_size
	.byte	11                      @ DW_FORM_data1
	.byte	58                      @ DW_AT_decl_file
	.byte	11                      @ DW_FORM_data1
	.byte	59                      @ DW_AT_decl_line
	.byte	5                       @ DW_FORM_data2
	.byte	0                       @ EOM(1)
	.byte	0                       @ EOM(2)
	.byte	15                      @ Abbreviation Code
	.byte	13                      @ DW_TAG_member
	.byte	0                       @ DW_CHILDREN_no
	.byte	3                       @ DW_AT_name
	.byte	14                      @ DW_FORM_strp
	.byte	73                      @ DW_AT_type
	.byte	19                      @ DW_FORM_ref4
	.byte	58                      @ DW_AT_decl_file
	.byte	11                      @ DW_FORM_data1
	.byte	59                      @ DW_AT_decl_line
	.byte	5                       @ DW_FORM_data2
	.byte	56                      @ DW_AT_data_member_location
	.byte	11                      @ DW_FORM_data1
	.byte	0                       @ EOM(1)
	.byte	0                       @ EOM(2)
	.byte	16                      @ Abbreviation Code
	.byte	53                      @ DW_TAG_volatile_type
	.byte	0                       @ DW_CHILDREN_no
	.byte	73                      @ DW_AT_type
	.byte	19                      @ DW_FORM_ref4
	.byte	0                       @ EOM(1)
	.byte	0                       @ EOM(2)
	.byte	0                       @ EOM(3)
	.section	.debug_info,"",%progbits
.Lcu_begin0:
	.long	413                     @ Length of Unit
	.short	3                       @ DWARF version number
	.long	.debug_abbrev           @ Offset Into Abbrev. Section
	.byte	4                       @ Address Size (in bytes)
	.byte	1                       @ Abbrev [1] 0xb:0x196 DW_TAG_compile_unit
	.long	.Linfo_string0          @ DW_AT_producer
	.short	12                      @ DW_AT_language
	.long	.Linfo_string1          @ DW_AT_name
	.long	.Lline_table_start0     @ DW_AT_stmt_list
	.long	.Linfo_string2          @ DW_AT_comp_dir
	.byte	1                       @ DW_AT_GNU_pubnames
	.byte	2                       @ Abbrev [2] 0x1f:0x1a DW_TAG_subprogram
	.byte	3                       @ Abbrev [3] 0x20:0xc DW_TAG_variable
	.long	.Linfo_string3          @ DW_AT_name
	.long	57                      @ DW_AT_type
	.byte	2                       @ DW_AT_decl_file
	.short	396                     @ DW_AT_decl_line
	.byte	3                       @ Abbrev [3] 0x2c:0xc DW_TAG_variable
	.long	.Linfo_string7          @ DW_AT_name
	.long	99                      @ DW_AT_type
	.byte	2                       @ DW_AT_decl_file
	.short	397                     @ DW_AT_decl_line
	.byte	0                       @ End Of Children Mark
	.byte	4                       @ Abbrev [4] 0x39:0xc DW_TAG_array_type
	.long	69                      @ DW_AT_type
	.byte	5                       @ Abbrev [5] 0x3e:0x6 DW_TAG_subrange_type
	.long	92                      @ DW_AT_type
	.byte	16                      @ DW_AT_count
	.byte	0                       @ End Of Children Mark
	.byte	6                       @ Abbrev [6] 0x45:0x5 DW_TAG_const_type
	.long	74                      @ DW_AT_type
	.byte	7                       @ Abbrev [7] 0x4a:0xb DW_TAG_typedef
	.long	85                      @ DW_AT_type
	.long	.Linfo_string5          @ DW_AT_name
	.byte	1                       @ DW_AT_decl_file
	.byte	62                      @ DW_AT_decl_line
	.byte	8                       @ Abbrev [8] 0x55:0x7 DW_TAG_base_type
	.long	.Linfo_string4          @ DW_AT_name
	.byte	8                       @ DW_AT_encoding
	.byte	1                       @ DW_AT_byte_size
	.byte	9                       @ Abbrev [9] 0x5c:0x7 DW_TAG_base_type
	.long	.Linfo_string6          @ DW_AT_name
	.byte	8                       @ DW_AT_byte_size
	.byte	7                       @ DW_AT_encoding
	.byte	4                       @ Abbrev [4] 0x63:0xc DW_TAG_array_type
	.long	69                      @ DW_AT_type
	.byte	5                       @ Abbrev [5] 0x68:0x6 DW_TAG_subrange_type
	.long	92                      @ DW_AT_type
	.byte	2                       @ DW_AT_count
	.byte	0                       @ End Of Children Mark
	.byte	10                      @ Abbrev [10] 0x6f:0x21 DW_TAG_enumeration_type
	.long	144                     @ DW_AT_type
	.byte	4                       @ DW_AT_byte_size
	.byte	3                       @ DW_AT_decl_file
	.byte	57                      @ DW_AT_decl_line
	.byte	11                      @ Abbrev [11] 0x77:0x6 DW_TAG_enumerator
	.long	.Linfo_string9          @ DW_AT_name
	.byte	0                       @ DW_AT_const_value
	.byte	11                      @ Abbrev [11] 0x7d:0x6 DW_TAG_enumerator
	.long	.Linfo_string10         @ DW_AT_name
	.byte	1                       @ DW_AT_const_value
	.byte	11                      @ Abbrev [11] 0x83:0x6 DW_TAG_enumerator
	.long	.Linfo_string11         @ DW_AT_name
	.byte	2                       @ DW_AT_const_value
	.byte	11                      @ Abbrev [11] 0x89:0x6 DW_TAG_enumerator
	.long	.Linfo_string12         @ DW_AT_name
	.byte	3                       @ DW_AT_const_value
	.byte	0                       @ End Of Children Mark
	.byte	8                       @ Abbrev [8] 0x90:0x7 DW_TAG_base_type
	.long	.Linfo_string8          @ DW_AT_name
	.byte	7                       @ DW_AT_encoding
	.byte	4                       @ DW_AT_byte_size
	.byte	10                      @ Abbrev [10] 0x97:0x15 DW_TAG_enumeration_type
	.long	144                     @ DW_AT_type
	.byte	4                       @ DW_AT_byte_size
	.byte	4                       @ DW_AT_decl_file
	.byte	169                     @ DW_AT_decl_line
	.byte	11                      @ Abbrev [11] 0x9f:0x6 DW_TAG_enumerator
	.long	.Linfo_string13         @ DW_AT_name
	.byte	0                       @ DW_AT_const_value
	.byte	11                      @ Abbrev [11] 0xa5:0x6 DW_TAG_enumerator
	.long	.Linfo_string14         @ DW_AT_name
	.byte	1                       @ DW_AT_const_value
	.byte	0                       @ End Of Children Mark
	.byte	10                      @ Abbrev [10] 0xac:0x15 DW_TAG_enumeration_type
	.long	144                     @ DW_AT_type
	.byte	4                       @ DW_AT_byte_size
	.byte	4                       @ DW_AT_decl_file
	.byte	175                     @ DW_AT_decl_line
	.byte	11                      @ Abbrev [11] 0xb4:0x6 DW_TAG_enumerator
	.long	.Linfo_string15         @ DW_AT_name
	.byte	0                       @ DW_AT_const_value
	.byte	11                      @ Abbrev [11] 0xba:0x6 DW_TAG_enumerator
	.long	.Linfo_string16         @ DW_AT_name
	.byte	1                       @ DW_AT_const_value
	.byte	0                       @ End Of Children Mark
	.byte	7                       @ Abbrev [7] 0xc1:0xb DW_TAG_typedef
	.long	144                     @ DW_AT_type
	.long	.Linfo_string17         @ DW_AT_name
	.byte	1                       @ DW_AT_decl_file
	.byte	64                      @ DW_AT_decl_line
	.byte	12                      @ Abbrev [12] 0xcc:0x5 DW_TAG_pointer_type
	.long	209                     @ DW_AT_type
	.byte	13                      @ Abbrev [13] 0xd1:0xc DW_TAG_typedef
	.long	221                     @ DW_AT_type
	.long	.Linfo_string28         @ DW_AT_name
	.byte	5                       @ DW_AT_decl_file
	.short	454                     @ DW_AT_decl_line
	.byte	14                      @ Abbrev [14] 0xdd:0x88 DW_TAG_structure_type
	.byte	40                      @ DW_AT_byte_size
	.byte	5                       @ DW_AT_decl_file
	.short	440                     @ DW_AT_decl_line
	.byte	15                      @ Abbrev [15] 0xe2:0xd DW_TAG_member
	.long	.Linfo_string18         @ DW_AT_name
	.long	357                     @ DW_AT_type
	.byte	5                       @ DW_AT_decl_file
	.short	442                     @ DW_AT_decl_line
	.byte	0                       @ DW_AT_data_member_location
	.byte	15                      @ Abbrev [15] 0xef:0xd DW_TAG_member
	.long	.Linfo_string19         @ DW_AT_name
	.long	357                     @ DW_AT_type
	.byte	5                       @ DW_AT_decl_file
	.short	443                     @ DW_AT_decl_line
	.byte	4                       @ DW_AT_data_member_location
	.byte	15                      @ Abbrev [15] 0xfc:0xd DW_TAG_member
	.long	.Linfo_string20         @ DW_AT_name
	.long	357                     @ DW_AT_type
	.byte	5                       @ DW_AT_decl_file
	.short	444                     @ DW_AT_decl_line
	.byte	8                       @ DW_AT_data_member_location
	.byte	15                      @ Abbrev [15] 0x109:0xd DW_TAG_member
	.long	.Linfo_string21         @ DW_AT_name
	.long	357                     @ DW_AT_type
	.byte	5                       @ DW_AT_decl_file
	.short	445                     @ DW_AT_decl_line
	.byte	12                      @ DW_AT_data_member_location
	.byte	15                      @ Abbrev [15] 0x116:0xd DW_TAG_member
	.long	.Linfo_string22         @ DW_AT_name
	.long	357                     @ DW_AT_type
	.byte	5                       @ DW_AT_decl_file
	.short	446                     @ DW_AT_decl_line
	.byte	16                      @ DW_AT_data_member_location
	.byte	15                      @ Abbrev [15] 0x123:0xd DW_TAG_member
	.long	.Linfo_string23         @ DW_AT_name
	.long	357                     @ DW_AT_type
	.byte	5                       @ DW_AT_decl_file
	.short	447                     @ DW_AT_decl_line
	.byte	20                      @ DW_AT_data_member_location
	.byte	15                      @ Abbrev [15] 0x130:0xd DW_TAG_member
	.long	.Linfo_string24         @ DW_AT_name
	.long	357                     @ DW_AT_type
	.byte	5                       @ DW_AT_decl_file
	.short	448                     @ DW_AT_decl_line
	.byte	24                      @ DW_AT_data_member_location
	.byte	15                      @ Abbrev [15] 0x13d:0xd DW_TAG_member
	.long	.Linfo_string25         @ DW_AT_name
	.long	357                     @ DW_AT_type
	.byte	5                       @ DW_AT_decl_file
	.short	449                     @ DW_AT_decl_line
	.byte	28                      @ DW_AT_data_member_location
	.byte	15                      @ Abbrev [15] 0x14a:0xd DW_TAG_member
	.long	.Linfo_string26         @ DW_AT_name
	.long	357                     @ DW_AT_type
	.byte	5                       @ DW_AT_decl_file
	.short	450                     @ DW_AT_decl_line
	.byte	32                      @ DW_AT_data_member_location
	.byte	15                      @ Abbrev [15] 0x157:0xd DW_TAG_member
	.long	.Linfo_string27         @ DW_AT_name
	.long	357                     @ DW_AT_type
	.byte	5                       @ DW_AT_decl_file
	.short	451                     @ DW_AT_decl_line
	.byte	36                      @ DW_AT_data_member_location
	.byte	0                       @ End Of Children Mark
	.byte	16                      @ Abbrev [16] 0x165:0x5 DW_TAG_volatile_type
	.long	193                     @ DW_AT_type
	.byte	12                      @ Abbrev [12] 0x16a:0x5 DW_TAG_pointer_type
	.long	367                     @ DW_AT_type
	.byte	13                      @ Abbrev [13] 0x16f:0xc DW_TAG_typedef
	.long	379                     @ DW_AT_type
	.long	.Linfo_string29         @ DW_AT_name
	.byte	5                       @ DW_AT_decl_file
	.short	434                     @ DW_AT_decl_line
	.byte	14                      @ Abbrev [14] 0x17b:0x20 DW_TAG_structure_type
	.byte	8                       @ DW_AT_byte_size
	.byte	5                       @ DW_AT_decl_file
	.short	430                     @ DW_AT_decl_line
	.byte	15                      @ Abbrev [15] 0x180:0xd DW_TAG_member
	.long	.Linfo_string18         @ DW_AT_name
	.long	357                     @ DW_AT_type
	.byte	5                       @ DW_AT_decl_file
	.short	432                     @ DW_AT_decl_line
	.byte	0                       @ DW_AT_data_member_location
	.byte	15                      @ Abbrev [15] 0x18d:0xd DW_TAG_member
	.long	.Linfo_string27         @ DW_AT_name
	.long	357                     @ DW_AT_type
	.byte	5                       @ DW_AT_decl_file
	.short	433                     @ DW_AT_decl_line
	.byte	4                       @ DW_AT_data_member_location
	.byte	0                       @ End Of Children Mark
	.byte	12                      @ Abbrev [12] 0x19b:0x5 DW_TAG_pointer_type
	.long	357                     @ DW_AT_type
	.byte	0                       @ End Of Children Mark
	.section	.debug_ranges,"",%progbits
	.section	.debug_macinfo,"",%progbits
.Lcu_macro_begin0:
	.byte	0                       @ End Of Macro List Mark
	.section	.debug_pubnames,"",%progbits
	.long	.LpubNames_end0-.LpubNames_begin0 @ Length of Public Names Info
.LpubNames_begin0:
	.short	2                       @ DWARF Version
	.long	.Lcu_begin0             @ Offset of Compilation Unit Info
	.long	417                     @ Compilation Unit Length
	.long	44                      @ DIE offset
	.asciz	"aPredivFactorTable"    @ External Name
	.long	32                      @ DIE offset
	.asciz	"aPLLMULFactorTable"    @ External Name
	.long	0                       @ End Mark
.LpubNames_end0:
	.section	.debug_pubtypes,"",%progbits
	.long	.LpubTypes_end0-.LpubTypes_begin0 @ Length of Public Types Info
.LpubTypes_begin0:
	.short	2                       @ DWARF Version
	.long	.Lcu_begin0             @ Offset of Compilation Unit Info
	.long	417                     @ Compilation Unit Length
	.long	144                     @ DIE offset
	.asciz	"unsigned int"          @ External Name
	.long	193                     @ DIE offset
	.asciz	"uint32_t"              @ External Name
	.long	367                     @ DIE offset
	.asciz	"PWR_TypeDef"           @ External Name
	.long	74                      @ DIE offset
	.asciz	"uint8_t"               @ External Name
	.long	85                      @ DIE offset
	.asciz	"unsigned char"         @ External Name
	.long	209                     @ DIE offset
	.asciz	"RCC_TypeDef"           @ External Name
	.long	0                       @ End Mark
.LpubTypes_end0:

	.ident	"Component: ARM Compiler 6.10.1 Tool: armclang [5d143200]"
	.section	".note.GNU-stack","",%progbits
	.ARM_attribute	16, 1	@ Tag_AV_eba
	.section	.debug_line,"",%progbits
.Lline_table_start0:
