	.text
	.syntax unified
	.eabi_attribute	67, "2.09"	@ Tag_conformance
	.cpu	cortex-m3
	.eabi_attribute	6, 10	@ Tag_CPU_arch
	.eabi_attribute	7, 77	@ Tag_CPU_arch_profile
	.eabi_attribute	8, 0	@ Tag_ARM_ISA_use
	.eabi_attribute	9, 2	@ Tag_THUMB_ISA_use
	.eabi_attribute	34, 1	@ Tag_CPU_unaligned_access
	.eabi_attribute	17, 1	@ Tag_ABI_PCS_GOT_use
	.eabi_attribute	20, 2	@ Tag_ABI_FP_denormal
	.eabi_attribute	21, 0	@ Tag_ABI_FP_exceptions
	.eabi_attribute	23, 1	@ Tag_ABI_FP_number_model
	.eabi_attribute	24, 1	@ Tag_ABI_align_needed
	.eabi_attribute	25, 1	@ Tag_ABI_align_preserved
	.eabi_attribute	38, 1	@ Tag_ABI_FP_16bit_format
	.eabi_attribute	18, 4	@ Tag_ABI_PCS_wchar_t
	.eabi_attribute	26, 2	@ Tag_ABI_enum_size
	.eabi_attribute	14, 0	@ Tag_ABI_PCS_R9_use
	.file	"stm32f1xx_hal_flash.c"
	.file	1 "../Drivers/STM32F1xx_HAL_Driver/Inc" "stm32f1xx_hal_flash.h"
	.file	2 "C:\\Keil\\ARM\\ARMCLANG\\Bin\\..\\include" "stdint.h"
	.file	3 "../Drivers/STM32F1xx_HAL_Driver/Inc" "stm32f1xx_hal_def.h"
	.file	4 "../Drivers/STM32F1xx_HAL_Driver/Src" "stm32f1xx_hal_flash.c"
	.file	5 "../Drivers/CMSIS/Device/ST/STM32F1xx/Include" "stm32f1xx.h"
	.file	6 "../Drivers/CMSIS/Device/ST/STM32F1xx/Include" "stm32f103xb.h"
	.type	.Lllvm.embedded.module,%object @ @llvm.embedded.module
	.section	.llvmbc,"a",%progbits
	.p2align	4
.Lllvm.embedded.module:
	.asciz	"BC\300\3365\024\000\000\005\000\000\000b\f0$LY\276\346\356\323>-U\215\020\005\310\024\000\000!\f\000\000\221\n\000\000\013\002!\000\002\000\000\000\023\000\000\000\007\201#\221A\310\004I\006\02029\222\001\204\f%\005\b\031\036\004\213b\200\024E\002B\222\013B\244\0202\0248\b\030K\n2R\210H\220\024 CF\210\245\000\0312B\344H\016\220\221\"\304PAQ\201\214\341\203\345\212\004)F\006Q\030\000\000\347\001\000\000\033J'\370\377\377\377\377\0010\000\t\230\210qx\007y\220\207r\030\007z`\207|h\003yx\207zp\007r(\007rh\003rH\007{H\007r(\2076\230\207x\220\007zh\003s\200\2076h\207p\240\007t\000\314!\034\330a\036\312\001 \310\241\034\334\341\035\344\241\035\302\201\035\332\300\034\340\241\r\332!\034\350\001\035\000x\220\207r\230\207r\220\007{(\2076\230\207t8\007w\000\brH\207y\b\007q`\207rh\003z\b\207t`\2076\030\207p`\007v\230\007\300\034\302\201\035\346\241\034\000\202\035\312a\036\346\241\r\340A\036\312a\034\322a\036\312\241\r\314\001\036\332!\034\310\0010\207p`\207y(\007\200p\207wh\003s\220\207ph\207rh\003xx\207tp\007z(\007yh\203r`\207th\007\300\034\302\201\035\346\241\034\000\302\035\336\241\r\322\301\035\314a\036\332\300\034\340\241\r\332!\034\350\001\035\000z\220\207z(\007\200p\207wh\003u\250\207v\200\2076\240\207p\020\007v(\207y\000\314!\034\330a\036\312\001 \334\341\035\332\300\035\302\301\035\346\241\r\314\001\036\332\240\035\302\201\036\320\001\240\007y\250\207r\000\bwx\2076\230\207t8\007w(\007rh\003}(\007yx\207yh\003s\200\2076h\207p\240\007t\000\350A\036\352\241\034\000\302\035\336\241\r\350A\036\302\001\036\340!\035\334\341\034\332\240\035\302\201\036\320\001\240\007y\250\207r\000\210y\240\207p\030\207uh\003x\220\207w\240\207r\030\007zx\007yh\003q\250\007s0\207r\220\2076\230\207t\320\207r\000\360\000 \350!\034\344\341\034\312\201\036\332`\034\340\241\036\200qx\007y\240\207r\300\2076h\2079\000\bz\b\007y8\207r\240\20760\207r\b\007z\250\007y(\207y\000\326\000\035\356\201\034\322\301\036\330`\r\350\001\035\352\241\035\304\241\r\332\341\035\310\241\034\330\240\r\306A\036\306\201\r\332\200\034\336\201\036\340A\036\336\201\034\330\240\r\310a\036\340\201\r\332\000\035\356\201\034\322\301\036\332 \034\344\241\035\330\240\r\344!\034\346\001 \352\301\035\346!\034\314\241\034\332\300\034\340\241\r\332!\034\350\001\035\000s\b\007v\230\207r\000\210z\230\207rh\203yx\007s\240\20760\007vx\207p\240\007\300\034\302\201\035\346\241\034\200\r\247#\374\377\377\377\377\000\030\000\034\000\0220\021\343\360\016\362 \017\3450\016\364\300\016\371\320\006\362\360\016\365\340\016\344P\016\344\320\006\344\220\016\366\220\016\344P\016m0\017\361 \017\364\320\006\346\000\017m\320\016\341@\017\350\000\230C8\260\303<\224\003@\220C9\270\303;\310C;\204\003;\264\2019\300C\033\264C8\320\003:\000\360 \017\3450\017\345 \017\366P\016m0\017\351p\016\356\000\020\344\220\016\363\020\016\342\300\016\345\320\006\364\020\016\351\300\016m0\016\341\300\016\3540\017\2009\204\003;\314C9\000\004;\224\303<\314C\033\300\203<\224\3038\244\303<\224C\033\230\003<\264C8\220\003`\016\341\300\016\363P\016\000\341\016\357\320\006\346 \017\341\320\016\345\320\006\360\360\016\351\340\016\364P\016\362\320\006\345\300\016\351\320\016\2009\204\003;\314C9\000\204;\274C\033\244\203;\230\303<\264\2019\300C\033\264C8\320\003:\000\364 \017\365P\016\000\341\016\357\320\006\352P\017\355\000\017m@\017\341 \016\354P\016\363\000\230C8\260\303<\224\003@\270\303;\264\201;\204\203;\314C\033\230\003<\264A;\204\003=\240\003@\017\362P\017\345\000\020\356\360\016m0\017\351p\016\356P\016\344\320\006\372P\016\362\360\016\363\320\006\346\000\017m\320\016\341@\017\350\000\320\203<\324C9\000\204;\274C\033\320\203<\204\003<\300C:\270\3039\264A;\204\003=\240\003@\017\362P\017\345\000\020\363@\017\3410\016\353\320\006\360 \017\357@\017\3450\016\364\360\016\362\320\006\342P\017\346`\016\345 \017m0\017\351\240\017\345\000\340\001@\320C8\310\3039\224\003=\264\3018\300C=\000\343\360\016\362@\017\345\200\017m\320\016s\000\020\364\020\016\362p\016\345@\017m`\016\345\020\016\364P\017\362P\016\363\000\254\001:\334\0039\244\203=\260\301\032\320\003:\324C;\210C\033\264\303;\220C9\260A\033\214\203<\214\003\033\264\0019\274\003=\300\203<\274\0039\260A\033\220\303<\300\003\033\264\001:\334\0039\244\203=\264A8\310C;\260A\033\310C8\314\003@\324\203;\314C8\230C9\264\2019\300C\033\264C8\320\003:\000\346\020\016\3540\017\345\000\020\3650\017\345\320\006\363\360\016\346@\017m`\016\354\360\016\341@\017\2009\204\003;\314C9\000\033\332f\370\377\377\377\377\0010\200\211\030\207w\220\007y(\207q\240\007v\310\2076\220\207w\250\007w \207r \2076 \207t\260\207t \207rh\203y\210\007y\240\20760\007xh\203v\b\007z@\007\300\034\302\201\035\346\241\034\000\202\034\312\301\035\336A\036\332!\034\330\241\r\314\001\036\332\240\035\302\201\036\320\001\200\007y(\207y(\007y\260\207rh\203yH\207sp\007\200 \207t\230\207p\020\007v(\2076\240\207pH\007vh\203q\b\007v`\207y\000\314!\034\330a\036\312\001 \330\241\034\346a\036\332\000\036\344\241\034\306!\035\346\241\034\332\300\034\340\241\035\302\201\034\000s\b\007v\230\207r\000\bwx\20760\007y\b\207v(\2076\200\207wH\007w\240\207r\220\2076(\007vH\207v\000\314!\034\330a\036\312\001 \334\341\035\332 \035\334\301\034\346\241\r\314\001\036\332\240\035\302\201\036\320\001\240\007y\250\207r\000\bwx\2076p\207pp\207yh\003s\200\2076h\207p\240\007t\000\350A\036\352\241\034\000\302\035\336\241\r\346!\035\316\301\035\312\201\034\332@\037\312A\036\336a\036\332\300\034\340\241\r\332!\034\350\001\035\000z\220\207z(\007\200p\207wh\003z\220\207p\200\007xH\007w8\2076h\207p\240\007t\000\350A\036\352\241\034\000b\036\350!\034\306a\035\332\000\036\344\341\035\350\241\034\306\201\036\336A\036\332@\034\352\301\034\314\241\034\344\241\r\346!\035\364\241\034\000<\000\bz\b\007y8\207r\240\2076\030\007x\250\007`\034\336A\036\350\241\034\360\241\r\332a\016\000\202\036\302A\036\316\241\034\350\241\r\314\241\034\302\201\036\352A\036\312a\036\2005@\207{ \207t\260\0076X\003z@\207zh\007qh\203vx\007r(\0076h\203q\220\207q`\2036 \207w\240\007x\220\207w \0076h\003r\230\007x`\2036@\207{ \207t\260\2076\b\007yh\0076h\003y\b\207y\000\210zp\207y\b\007s(\20760\007xh\203v\b\007z@\007\300\034\302\201\035\346\241\034\000\242\036\346\241\034\332`\036\336\301\034\350\241\r\314\201\035\336!\034\350\0010\207p`\207y(\007`\003B\374\377\377\377\377\000H\000\005\324\301\006\243\370\377\377\377\377\0010\200i\003b\374\377\377\377\377\000\030\200\004L\000I\030\000\000\005\000\000\000\023\202`B L\b\206\t\0011!(&\004\006\000\000\000\000\211 \000\000\033\000\000\0002\"H\t d\205\004\223\"\244\204\004\223\"\343\204\241\220\024\022L\212\214\013\204\244L\020ds\004`0G\000\n\267ISD\t\223\377\225\032\033\376i\344\b\204$\265\330CtD\201\f\000@\000\200D!\000\000\201H\021\000 3\002P\004\004(\225\000\320*\001\2426\020P\b\364\336#8G\200\020\230#\b\246\000\346\b \262\024\000\000\023,z@\207zh\007q\260\207;h\2076\b\007yh\2076p\207wp\207rh\203r\b\007qH\207\roP\016m\320\016zP\016m\000\017z0\007r\240\007s \007m\220\016v@\007z`\007t\320\006\366\020\007r\200\007z`\007t\240\007q \007x\320\006\341\240\007p\240\007s \007m\340\016s \007m0\013v@\007J\017\b\021\022A\206\214\024\031\0014B\230\234\346\201\313\365\"\312\323\366\262|\376\232R\2333\2311\206\307\177\221A\346\227(O\333\313\362\327T>~\315\351\355\231\314\034\303\343\277\3500\373kf\207\347h\327x\007\004\030\202\360\001\004\020\000\000\000\000@0D2\"\002\000\200\000\000\002@\000\000\000\000\202!\322\245\031\000\000\004\000\020\000\002\000\000\000\020\f\221\342\200\"\000\000\b\000 \000\004\000\000\000 \030\"\225\002\030$\000\000\005\000\020\000\002\000\000\000\020\f\221\312\001\f\022\000\200\002\000\b\000\001\000\000\000\b\206H%\001-\000\000\b\000\020\000\002\000\000\000\020\f\221j\302Y\000\000\020\000 \000\004\000\000\000 \030\"\215\305\264\000\000 \000@\000\b\000\000\000@0D\262\213h\001\000@\000\200\000\020\000\000\000\200`\210t\032\323\002\000@\000\000\001 \000\000\000\000\301\020I7\250\006\b\200\001\000\000@\000\000\000\000\200!\222{H\013\000\000\002\000\004\200\000\000\000\000\004C$\020Y\026 \000\006\000\000\000\001\000\000\000\000\206H+\342@@\000\020\000\000\000\000\000\000\000\000Hl\020(\334\250\000\000\220\005\002\000\000\000\f\000\000\0002\036\230\024\031\021L\220\214\t&G\306\004C\002EP\006%P\b#\000\024F\000\n\241 \n\244`\n\2470\n\245\200H\216\000\220\030\001\000\000\000\261\030\000\000t\000\000\0003\b\200\034\304\341\034f\024\001=\210C8\204\303\214B\200\007yx\007s\230q\f\346\000\017\355\020\016\364\200\0163\fB\036\302\301\035\316\241\034f0\005=\210C8\204\203\033\314\003=\310C=\214\003=\314x\214tp\007{\b\007yH\207pp\007zp\003vx\207p \207\031\314\021\016\354\220\016\3410\017n0\017\343\360\016\360P\0163\020\304\035\336!\034\330!\035\302a\036f0\211;\274\203;\320C9\264\003<\274\203<\204\003;\314\360\024v`\007{h\0077h\207rh\0077\200\207p\220\207p`\007v(\007v\370\005vx\207w\200\207_\b\207q\030\207r\230\207y\230\201,\356\360\016\356\340\016\365\300\016\3540\003b\310\241\034\344\241\034\314\241\034\344\241\034\334a\034\312!\034\304\201\035\312a\006\326\220C9\310C9\230C9\310C9\270\3038\224C8\210\003;\224\303/\274\203<\374\202;\324\003;\260\303\f\307i\207pX\207rp\203th\007x`\207t\030\207t\240\207\031\316S\017\356\000\017\362P\016\344\220\016\343@\017\341 \016\354P\0163 (\035\334\301\036\302A\036\322!\034\334\201\036\334\340\034\344\341\035\352\001\036f\030Q8\260C:\234\203;\314P$v`\007{h\0077`\207wx\007x\230QL\364\220\017\360P\0163\036j\036\312a\034\350!\035\336\301\035~\001\036\344\241\034\314!\035\360a\006T\205\2038\314\303;\260C=\320C9\374\302<\344C;\210\303;\260\303\214\305\n\207y\230\207w\030\207t\b\007z(\007r\230\201\\\343\020\016\354\300\016\345P\016\3630#\301\322A\036\344\341\027\330\341\035\336\001\036\000\000\000\000y \000\000\210\002\000\000b\036H C\210\f\0319\031$\220\221@\306\310\310h\"P\b\0242\236\030\031!G\310\220Q\024\005>\360\313\000\000\000\000y\320\nxp\007\214\221 \013\243\344\301CQ\232\305\341A1\260\001\2028z\320\f\304!\b\0022\020F\036P\220\325\034\004b\021O\322HJ#I\321b\000O4$V\261\000\000\000\000../Drivers/STM32F1xx_HAL_Driver/Src\\stm32f1xx_hal_flash.cF:\\SkyDrive\\OtvoreniProjekti\\HotelSaplast\\fw\\RoomController\\DE-160318\\MDK-ARMComponent: ARM Compiler 6.10.1 Tool: armclang [5d143200]../Drivers/STM32F1xx_HAL_Driver/Inc/stm32f1xx_hal_def.hunsigned intHAL_OKHAL_ERRORHAL_BUSYHAL_TIMEOUTHAL_UNLOCKEDHAL_LOCKED../Drivers/STM32F1xx_HAL_Driver/Inc\\stm32f1xx_hal_flash.hFLASH_PROC_NONEFLASH_PROC_PAGEERASEFLASH_PROC_MASSERASEFLASH_PROC_PROGRAMHALFWORDFLASH_PROC_PROGRAMWORDFLASH_PROC_PROGRAMDOUBLEWORD../Drivers/CMSIS/Device/ST/STM32F1xx/Include\\stm32f1xx.hRESETSETC:\\Keil\\ARM\\ARMCLANG\\Bin\\..\\include\\stdint.huint32_tuint16_tunsigned short../Drivers/CMSIS/Device/ST/STM32F1xx/Include/stm32f103xb.hFLASH_TypeDefACRKEYROPTKEYRSRCRARRESERVEDOBRWRPRpFlash../Drivers/STM32F1xx_HAL_Driver/Src/stm32f1xx_hal_flash.cFLASH_ProcessTypeDefProcedureOnGoingFLASH_ProcedureTypeDefDataRemainingAddressDatauint64_tlong long unsigned intLockHAL_LockTypeDefErrorCodeDwarf VersionDebug Info Versionwchar_sizestatic_rwdataenumsize_buildattrarmlib_unavailableHAL_StatusTypeDefTypeProgramstatusomnipotent charSimple C/C++ TBAAintlong longFLASH_Program_HalfWordshortReturnValue\000\000f\"\002\000\000\000\000\0000\202\000<#\b\0004\202\000D#\b\2004\202\000L#\b\0015\202\020T#\b\2015\202\020\\#\b\0016\202\020d#\b\2016\202\020l#\b\0017\0224L\200=\324\n\000\200\t\000\000&\001\000\0000\0224L\3008\254\003\000\200\b\000\0008\001\000\0000\0333\320B\031\000*\301\022+\001\004\000\000\f5\005\214-\f\001\000\000A<\354\003\220\022\000\000\004\0000U5\250\004(\000*\361Ck\021\004`\004\000\000\210\004\264\000\000m\001\000\003\025@ \000\300@\005@\b\0000\217\001\220A\001\006\3001\316 \000\3068\203 \034\343\f\002\201\2143\bF2\003\221\013\272\260\013\2740\022$\020\300-\344\001\200\013`\000\000@/\000\000\000\2143\b\2002\316 \b\313\f\302/\200\303H\220@\000\267@\n\000.\200\001\000\000\341\000\000\0000P\0010\002\000\2143\b@3\316 \b\3168\203@<\343\f\202\001\2153\bH4\316 (\322\f\0069\224\2039\234\003:\244\303H\220@\000\343\340\013\000.\200\001\000\000\352\000\000\0000P\001L\002\000\2143\b\0005\316 \b\325\fB;\270\303H\220@\000\354\220\026\000.\200\001\000\000\357\000\000\0000\003\341\013\342\260\016\3600P\001X\002\000L\324\000\326%\017\240\000\340\002\000\000\000\000\314c\000d\220A\3001Q\003X\230<\374\001@\017\000\000\000\0000P\001h\002\000L\324\000\326f\017\340\002\304\002\000\000\000\000L\324\000\017\000\000\300=\200\001\000\000\0000Q\003\324\001\000\000@=\000\000\000\000\300D\r\360\000\000\000\344\003\030\000\000\000\0003\020\363P\017\370\240\017\0235@\035\000\000\000\314\003\000\000\000\000L\324\000\rg\017\267\022\013\374\000\006\000\000\000\300D\r\320t\366\200+\261\300\017`\000\200\001\000\000\0235@\343\331C\256\304\002?\200\001\000\n\000\000L\324\000\315g\017\272\022\013\374\000\006\0008\000\0000Q\0034``\017\273\022\013\374\000\006\000H\000\0000Q\0034a`\017\274\022\013\374\000\006\000X\000\0000Q\0034b`\017\275\022\013\374\000\006\000h\000\0000Q\0034c`\017\276\022\013\374\000\006\000x\000\0000Q\0034d`\017\277\022\013\374\000\006\000\210\000\0000C\322\017\376\360\017 \021\022\"1\022$Q\022\323\005\306\224\301\000\314\302I\314\020\240\304@\005`\006\002\000L\324\000\326\031\214C>\000\262\000\000\000\000\000\0235\200\225\006\343`\016\300:\000\000\000\000\300D\rP\007\000\000\000,\001\000\000\000\000\0235@\203\006\343\320\016\262\320\022`\000\000\000\000L\324\000\215\032\214\303;\310\002?\200\001\000\006\000\000L\324\000\315\032\214C<\310\002?\200\001\000\n\000\000\314c\000d\340\006\240\000\034\0235\200\325\006\362\020\n@L\000\000\000\000\300D\rP\007\000\000\0002\001\000\000\000\000\0235@\303\006\3430\017\2620\023\240\000\200\004\000\000\0235\200\005\007\267\200\n\2008\000\000\000\000\300D\r\320\274\3018\324\203,\324\004\030\000\240\001\000\300D\r\320\304\3018\334\203,\360\003\030\000\340\001\000\300\f\206K\274\004L\320\204M\334\304\f\303(\310\001)\3140\214\302\034\220\302\fC)\320\201)\3140\224B\035\224\302\fC)\330\301(\3140\224\302\035\234\302\f\3010Q\003Xxp\013\177\000\370\002\000\000\000\000\314@\200\305<\314\203L\314D\b@X\0003\004}0\303\300\007c\201\n3\f~@\026\2500\303\360\007d\201\n34{@\026\250P\026\251P\026\252`\026\253@\026\254P\026\2550\303p\026d\301\n\303%B-\254\201J\374\320<\004\0000\303\000\314C=\314D\b\200Z\000\303%B-\260\201J\374P=\b\0000\203\220\026l1\303p\026e\321\n3L{P\026\250P\026\251P\026\252P\026\256P\026\253P\026\257P\026\254P\026\255P\026\2600\303\360\026e\261\n3\f\241@\026\2500\303\020\027q\201\n3\0003\b\300<\314D\b\000]\0003\004`1\023!\000v\001\\=\000\034\307q\034\307q\034\307q\034\207\022(a\017:A\032n\340\006\240 \006b \006b\000\n.!\006b\200\006.\341\006b \006b \006b \006\270\340\022n \006b\200\006.\001\nn\000\017z\000\017n\000\017\352\240\016\352\000\n\352\300\017\"!\022\"\201\022(\201\022(\201\022\374`\321\001G\007\366`\017\352 \022(\201\022\246`\017\352\200\022\366\200\022(\201\013t@\007t@\007t@\007\226=\200\202\033pt@\007t\300\026t@\016n\340\006\344\200\006t@\037t@\007t\000\211\201\033p2\022\230\240\\\330\330\354\332\\\310\304\316\\\306\352F\tf!#66\2736\227\2667\262:\2662\0273\266\260\263\271Q\f\234\310\t\235\330\t\236\350\211T\330\330\354\332\\\322\310\312\334\350F\t|b\310`\000\200\223\000\000\000\000\251\030\000\000\023\000\000\000\013\nr(\207w\200\007zXp\230C=\270\3038\260C9\320\303\202\346\034\306\241\r\350A\036\302\301\035\346!\035\350!\035\336\301\035\026(\342P\016\346\360\016\362P\016\351\340\016\363@\017\013\222p0\007z(\007yH\007w\230\007z\000\321\020\000\000\006\000\000\000\007\314<\244\203;\234\003;\224\003=\240\203<\224C8\220\303\001\000\000\000a \000\000Y\001\000\000\023\004G,\020\000\000\000\t\000\000\000\004\n\264\321\240\024\n\0240\022\020\241\nH\226\000MS@2\324!\f\0000\001\322P\2070\000\300\004\214\001\000\3610\000\000Z\000\000\000\"G\310\220Q\026\204\036\000\000\000\000Qq4\fHAL_FLASH_Programindexuint8_tunsigned charnbiterations\000\000\023\004\251[U\r*\201\027\200J\350\205X\000\301^\000\000\000\"\001-\000\300l\000\300\254\"\360\013\225\b\215aV\021\374\205J\204\3060\253\b@C%Bc\230U\004~\241\022\266a\314*\002\321P\211\333\030f\025\301h\250\004z\024\263\212\2004T\002=\212YEP\032*\221\036\205\314\003\td\b\221!\323\352qP\032\300\254\"0\r\225\b\221e\305\220\032\264Q\033\263\212\300/T\"E\206q\211\340\027y\240\022z1\017\001\000\214K\004\277X\003\225\320\213y\020\000`\\\"\370\005\033\250\204^\310\304\000\000\343\022\301/\364@%\370\002,\000\000\330c\000d\260\027\b\200,j\000K/\344\301\017\200\327\000\000\000\000\200q\211\340\027y\241\022}\001\033\000\000\214K\004\277\340\013\225\360\013\330\000\000`\203\261\032\254\321\032\256\021\033\262Q\350Q0\032@\225H\301h\000\023\004\340\233 \000`0A\b\302`\202\000\260\301\004A\222\203\t\002`\007\023\004K\017&\b\200\037L\020$Q\230 \000\243\000\000\000\000#\006\007\000\202`\000q\265\376\377\377?\200\373\377\377\377@\366\377\377\377\303\214\001\241\027n\340\027\300\210\301\001\200 \030@\034\255\377\377\377\017\277\376\377\377?\220\375\377\377\3770c@\350\005)\370\0050bp\000 \b\006\0207\353\377\377\377\203\257\377\377\377\017d\377\377\377?\314\030\020za\013~\001\214\030\034\000\b\202\001\304\231\377\377\377\377\320\353\377\377\377\003\331\377\377\377\0173\006\004_T~\001\214\030\034\000\b\202\001\304\271\373\377\377\377\240\353\377\377\377\003\331\377\377\377\0173\006D_,~\001\214\030\034\000\b\202\001\304\271\373\377\377\377\220\353\377\377\377\003\331\377\377\377\0173\006\204_,~\001\220\000\310\214\001\021\032\003h\000\303\r\201\006\006\023\006\300,\203\021\0043\006Dh\f\177\001\f\033\020\304F\0003\006Dh\f\241\001\214\030\024E\b\202\201\241\006\312\214\001\301\032\216_\000#\006\007\000\202`\000}\265\376\377\377?\200\373\377\377\377p\366\377\377\377\303\214\001\301\027\225_\000\303\r\201\006\0063\006\204m4\242\001\3142\bE0c@\330\206\341\027\300p\303\363\201\301\214\001\201\033\310h\000\323\r`\320\005\023\006\300pC\364\201\301\204\0010\335\000\006B0a\000\214\030\034\000\b\202\001D\006\366\376\377\377?\210\373\377\377\377\300\366\377\377\377\303\214\001\321\027\213_\000\263\004\303\214\001\201\036\ni\000\003\025\222\032\ba@\214\030\034\000\b\202\001T\006\272\376\377\377?\214\373\377\377\377\320\366\377\377\377\303\214\001\321\027\213_\000#\006\007\000\202`\000\225A\373\377\377\377\017\346\376\377\377?\264\375\377\377\3770c@\360E\345\027\300\005 f\f\b\364\250J\003\030n\030\0021\2301 \320c+\r`\226\201(\202\031\003\002=\n\322\000L \203\033\314\030\020\352\261\006\246\001T`\301\214\001\241\036g`\032\200\021ep\203\031\003B=V\3014\200\013B\314\030\020\352Q\n\246\001\024\026\340\204\001p\201\205\031\003B=\352\3004\200\021\203\003\000A0\200\332 \334\377\377\377\207\231\377\377\377\037\352\376\377\377\177\2301 ~\250\rj\3414F\f\016\000\004\301\000j\003p\377\377\377\037`\376\377\377\177\250\373\377\377\377a\306\200\370\241?\250\205\323\0306 $4\030\202\031\003B\214\250Z8\r\242@\2351 \322\250\250\205\323\250`\rv\302\000\0306 \254\240\b&\f\200;\256\316\030\020tD\324\302i\f\033\020\001!\0043\006\004\035q\265p\032#\006E\021\202``\360\0017c@\304\207d\032\300\210\301\001\200 \030@q0\356\377\377\377\203\274\377\377\377\017y\377\377\377?\314\030\020|Q\371\005@\030\2503\006\004}$\246\001T\260\351\204\0010l@hA\021L\030\000\303\r\203\033\200\301\214\001\021\"\022j\000\005q0c@\240\007\034\224\0060bp\000 \b\006P\035\230\373\377\377\3770\357\377\377\377C\337\377\377\377\0173\006D_,~\001\3142\f\2050c@\204\310b\032\300@\007\340\006\0018\f\n1bp\000 \b\006\220\035\230\373\377\377\377p\357\377\377\377\203\337\377\377\377\0173\006\004_T~\001\f\033\020\\\034\020\300\214\001\221\"\203j\000\263\004\306\214\001\261\"\203_\000\003\025\200P\250\003\220\301\214\001\301\"\201_\000\0011\000\000\017\000\000\000[\004\240/\266\fFp\026[\206$8\213-\203\030\004m\261e\030\203\340-\266\fe\020\274\305\226\341\f\202\270\3302\250A\360\026[\0066\b\336b\313\000\007\022jl\031\346 8\013\000\000\000\000\000a \000\0003\001\000\000\023\004R,\020\000\000\000\t\000\000\000\004\n\250@\n\0230\022\020\241\006\n\0270\022\020\241\024\252\240Ph\232\002\221\241\016a\000\200\t(\003S@\002\3610\000\000f\000\000\000\"G\310\220Q\022\004(\000\000\000\000\332\221H\000FLASH_WaitForLastOperationTimeouttickstartFLASH_SetErrorCode\253\252A%\360\002P\t>\302\r \350#\000\000@$\240\005\000\330\r\000\230U\004|\241\022\2454\254\030\374\2427|cV\021\364\205J\230R2\253\b\376B%N\251\230U\004\240\241\022\250\244\314*\002\276P\tX:f\025\201h\250D,\r\263\212`4Tb\226\212YE@\032*1K\305\254\"(\r\225\230\245bV\021\360\205J\330\222\261\252\032Tb/\000\225\240\251\360\b\202\232\002\000\000D\002Z\000\200\271\000\200YE\200\032*\221S\306\254\"8\r\225\310\245A\346\201\0042\204\310\220\351]*H\r`V\021\244\206J\354\3240\253\bPC%\302\312\230U\004\255\241\022c5\314*\002\324P\211\2632f\025\301k\250\004Z\r\263\212\0006TB\255\214YE\020\033*\241V\306\254\"\220\r\225P+cV\021\240\206J\304\3250\253\bhC%\342j\230U\004\265\241\022q5l\020\300b\0366\021\002p\033\300\270D\340\213\274P\t>\232\207\000\000\306%\002_\350\205J\210\322<\000\000\260A\310\r\335\3300\274EY\270B\221\322\300^\000\325J\003{\001l\030\336\242,ZaC\000l\"\004\000<\200\t\002\360M\020\2005\000\000\000\000#\006\007\000\202`\000u\252\376\377\377?\314\372\377\377\377P\366\377\377\377\303\214\001\301Gw\300\027\300\210\001a\204 \030,\336\214\001!J\030_\000#\006\007\000\202`\000y\252\376\377\377?\314\372\377\377\377`\366\377\377\377\303\214\001!J\f_\000\263\004\301\214\001AJ\003_\000D\2009c@\220R\302\027@\005\234N\030\000\303\r\301\006\0063\006\004)\r|\001\3142\024B0a\000\fs\000\0201\006\303\024\315\030\020\246\224\364\0050K\020\314\030\020\244\224\360\0050b@\030!\b\006\213\030\314\030\020\250\344\205\006PA\0213\006\004*\255Ah\000\303\r\201$\0063\006\004*\335Ah\000\263\f\321\020\314\030\020\250\244\200\006@\n\2303\006\004,\035\242\001T0\351\204\0010\334\020\204\001\030L\030\000\263\f\207\021\314\030\020\260t\360\0050l@4\325\020\314\030\020\263T\230\0060Kp\314\030\020\2644\214\006@\r\2303\006\204-\031\247\001TP\351\204\0010\334\020\220\001\030L\030\000\263\f\210\022\314\030\020\266\364\006\247\001\220\003\346\214\001qK\306i\000\025\240\201N\030\000\303\r\301\031\200\301\204\0010\313\220(\301\204\001@\023\2303\006\004.\031\247\001T\240\006:a\000\f7\004j\000\006\023\006\300,C\244\0043\006\204-\031|\001\220\005\346\214\001\221SFj\254F\005\236N\030\000\303\rA\033\200\301\204\0010\313\300,\301\214\001\221S\006j\254\006a`\316\030\020<e\261\306jT0\007;a\000\f\033\020Z0\004\023\006\300,\0013c@\364\324\300\032\253A\033\2303\006DX\031\255\261\032\025\310\201N\030\000\303\r\201\034\200\301\204\0010\313\3404\301\214\001\021V\006j\254\006u`\316\030\020du\271\306jT`\007;a\000\f\033\020_0\004\023\006\300,\2013c@\224\325\340\032\253A\036\2303\006\304Y\031\257\261\032\025\340\201N\030\000\303\r\301\035\200\301\204\0010\313\000=\301\204\001@b\000\346\214\001\221V\027l\254F\005z\260\023\006\300\260\001A\006\301\020L\030\0004\006`\316\030\020je\314\306jT\200\006:a\000\f\033\020e\020\f\301\204\0010K\000\315\030\020k5\300\306j\f\033\020g\200\006C0c@\304\325`\033\2531K\020\315\030\020\274T\250\0060P\002\360\003\204\017\211?\020\376 d0c@\204S\300\027@@\f\033\000\000\000[\004`/\266\fD\260\033[\206D\352\213-\203\023\354\306\226A\nvc\313@\005\273\261e\300\002\337\3302p\301nl\031\300 \330\215-\003\031\004m\261e0\203\240-\266\fh\020\354\306\226\201\r\202\266\3302\270A\320\026[\0068\b|c\313@\007A[l\031\354 h\213-\303\035\004\276\261e\310\203\3007\266\f{\020\354\006\000\000\000\000\000\000a \000\000\314\000\000\000\023\004F,\020\000\000\000\020\000\000\000\004J\241@\001#\001\021\n\020\212\246)\030\031\352\020\006\000\230\000i\250C\030\000`\002\236\241\016a\000\200\t\230\206:\204\001\000& \032\352\020\006\000\230\0001 <\324!\f\0000\001\020\000\000\000\000\3610\000\0006\000\000\000\"G\310\220Q\006\004\006\024\000\000\000HAL_FLASH_Program_IT\253\252A%\360\002P\211\036\021\013 \360\021\000\000@$\240\005\000(\r\000\230U\004y\241\022b2\314*\002\275P\t1\031f\025\301^\250\204\230\f\263\212 /T\"T\214YE\320\027*q*\313\254\"\360\013\225@\225A\346\201\0042\204\310\220\351Z\031\300\013`\\\"\344E\036\250D\217\314C\000\000\343\022!/\326@%zd\036\004\000\030\227\by\301\006*\321#21\000\300\270D\310\013=P\211\037\001\013\000\0006\020\241!\032\243A\032\033\206\263(\013U\3300\234\205Y\254\302\206\341,\310\002\0256\fgQ\026\2510A\000\276\t\002\000\006\023\204 \f&\b\226\034\000#\006\007\000\202`\000y\343\376\377\377?\260\373\377\377\377`\366\377\377\377\303\214\001\321#q\220\027\300\210\301\001\200 \030@\236\270\377\377\377\017\353\376\377\377?\230\375\377\377\3770c@\364\310)\344\0050bp\000 \b\006\220\027\356\377\377\377\203\272\377\377\377\017f\377\377\377?\314\030\020=\222\013y\001\214\030\034\000\b\202\001\344\231\377\377\377\377\220\356\377\377\377\203\331\377\377\377\0173\006\304\217Ty\001\220\001\310\214\001!&\303^\000\303\r\001\007\006\023\006\300,C\021\0043\006\204\230\fz\001\f\033\020HG\0003\006\204\230\f|\001P\002\352\214\001\261'C^\000\025,;a\000\f\033\020KP\004\023\006\300\260\001\221@D0c@\370\211\224\027\300\260\001Q<D0c@\374\311\223\027\3000\007\020\r\021\361\b3\006D\250\030y\001\314\022\0203\006\004\253\f\177\001\314\022\020\003\035\000\037\b\334\000\n\301@\007@\006\202\037\fd\020\f\033\020\212@\004\303\006D\022\f\301E\026f\f\210Z\031\203\274\000F\f\016\000\004\301\000*\203t\377\377\377\037V\376\377\377\177h\373\377\377\377a\306\200\370\2416\250\005\320\03018\000\020\004\003\250\f\316\375\377\377\177@\371\377\377\377\241\355\377\377\377\207\031\003\342\207\376\240\026@c\330\200H\300`\bf\f\b1\242j\0014\310\001u\306\200H\243\242\026@\243\2021\330\t\003`\330\200\200\202\"\2300\000\256\272:c@\320\021Q\013\2401l@\004\204\020\314\030\020t\304\325\002h\314\022\0243\006\304\255\fy\001\fT\000\246@\270\002\220\301\214\001\201+A^\000\0011\000\020\000\000\000[\004\000/\266\fDp\026[\206#8\213-\003\022\274\305\226A\t\336b\313\260\004\245\261e`\002\323\3302H\301il\031\246\0005\266\fW\320\026[\006,x\213-\203\026\274\305\226\201\013\342\002\000\000\000\000\000a \000\000)\000\000\000\023\004A<\f\000\000\000\027\000\000\000\"G\310\220Q\006\004\031\000\000\000\000`\000\000\000HAL_FLASH_EndOfOperationCallback\253\252A%\360\002P\211r\251\013 0\027\000\000@$\240\005\000\330\013\000\030\227\by!\n*Q.\363\020\000\300\206@/&\b\300\007#\006\007\000\202`\000I\345\376\377\377?\234\373\377\377\377\240\363\377\377\377\303\214\001Q.w\220\027\000\316\030\020\354\022\344\005\020\020\003\000\000\002\000\000\000[\004\000/\000\000\000\000\000\000\000\000a \000\000)\000\000\000\023\004A<\f\000\000\000\027\000\000\000\"G\310\220Q\006\004\031\000\000\000\000`\000\000\000HAL_FLASH_OperationErrorCallback\253\252A%\360\002P\t{\251\013 \270\027\000\000@$\240\005\000\330\013\000\030\227\by!\n*a/\363\020\000\300\206@/&\b\300\007#\006\007\000\202`\000I\345\376\377\377?\234\373\377\377\377\240\363\377\377\377\303\214\001a/w\220\027\000\316\030\020\375\022\344\005\020\020\003\000\000\002\000\000\000[\004\000/\000\000\000\000\000\000\000\000a \000\000>\000\000\000\023\004C,\020\000\000\000\t\000\000\000\004\n\0240\022\020\241\000\005\312\230\020\327\032\241\020\001#\001\021j5{0\324\200\246)\0201\005\037\000\000\000\000\3610\000\000\023\000\000\000\"G\310\220Q\006\004\005\020\000\000\000HAL_FLASH_Unlock\253\252A%\360\002P\t\233\271\013 \270\031\000\000@$\240\005\000\230\013\000\230U\004y\241\0228s\314*\002\275P\211\234\0316\foQ\026\251\000\000\024\200:c@\340\314\241\027@\005\207N\030\000\303\rA\005\006\023\006\300,\203\020\0043\006\004\316\034y\001\f\033\020\0052\0043\006\304\316\024{\001\f\033\020\2051\0043\006\004\317\024{\001\314\022\b3\006\004\334\fy\001\fT\000l\020\300\001\220\301\214\001\0217A^\000\0011\005\000\000\000[\004\000/\266\f@\360\026[\006\"\330\213-C\021\354\005\000\000\000\000\000a \000\000&\000\000\000\023\004A,\020\000\000\000\004\000\000\000\004\n\0240\022\020\241\000\005h\232\202\017\000\000\000\3610\000\000\016\000\000\000\"G\310\220Q\006\204\004\016\000\000\000HAL_FLASH_Lock\000\000\253\252A%\360\002P\211\273\271\013 \300\033\000\000@$\240\005\000\230\013\000\000\000\000\000\024\200:c@\350\315\220\027@\005\303N\030\000\303\006\304\020\024\301\204\001\220\321\214\001\021:C^\000\0011\000\000\004\000\000\000[\004\000/\266\f@\360\026[\006!x\013\000\000\000\000\000\000a \000\000?\000\000\000\023\004C,\020\000\000\000\t\000\000\000\004\n\0240\022\020\241\000\021\312\230\020\327\032\241 \001#\001\021j5{0\324\200\246)\0201\005\037\000\000\000\000\3610\000\000\024\000\000\000\"G\310\220Q\006\304\005\023\000\000\000HAL_FLASH_OB_Unlock\000\253\252A%\360\002P\211\324\271\013 P\035\000\000@$\240\005\000\230\013\000\230U\004y\241\022\253s\314*\002\275P\t\326\0316\foQ\026\252\000\000\024\200:c@\254\316\241\027@\005\207N\030\000\303\rA\005\006\023\006\300,C \0043\006\304\352\034y\001\f\033\020\005B\0043\006\204\353\024{\001\f\033\020\205A\0043\006\304\353\024{\001\314\022\b3\006\204\355\fy\001\fT\000l\020\300\001\220\301\214\001q;A^\000\0011\005\000\000\000[\004\000/\266\f@\360\026[\006\"\330\213-C\021\354\005\000\000\000\000\000a \000\000'\000\000\000\023\004A,\020\000\000\000\004\000\000\000\004\n\0240\022\020\241\006\021h\232\202\017\000\000\000\3610\000\000\017\000\000\000\"G\310\220Q\006D\005\021\000\000\000HAL_FLASH_OB_Lock\000\000\000\253\252A%\360\002P\211\336\271\013 \360\035\000\000@$\240\005\000\230\013\000\000\000\000\000\024\200:c@\200\317\220\027@\005\203N\030\000\303\006\304\020\024\301\204\001\220\321\214\001!>C^\000\0011\000\000\004\000\000\000[\004\000/\266\f@\360\026[\006!x\013\000\000\000\000\000\000a \000\000\035\000\000\000\023\004A<\f\000\000\000\017\000\000\000\"G\310\220Q\006\304\005\023\000\000\000HAL_FLASH_OB_Launch\000\253\252A%\360\002P\t\365\271\013 X\037\000\000@$\240\005\000\230\013\000\000\000\000\000#\006\204\021\202`\320P3\006D\373\fy\001$3c@\274\317\220\027@@\f\000\000\002\000\000\000[\004\000/\000\000\000\000\000\000\000\000a \000\000$\000\000\000\023\004A,\020\000\000\000\003\000\000\000\004J\201\346P\2070\000\300\004|\000\3610\000\000\021\000\000\000\"G\310\220Q\006\204\005\022\000\000\000HAL_FLASH_GetError\000\000\253\252A%\360\002P\211\024\332\013 P!\000\000@$\240\005\000\230\013\000\330\020\314\303&B\000\364\002\000\000\000\024\2009c@\254\220\224\027@\0063\006\304\n\021y\001\004\304\000\000\000\000\003\000\000\000[\004\000/\266\f@\320\026\000\000\000\000\000\000\000q \000\000\013\000\000\0002\016\020\"\204\001\302\013(\320\351\200\003\322\020H\000*\201\005\313\022h`/\201\007\266\023\210\340=\201\t\237\024\250\200L\201\f\347\024\000\000\000\000\000e\f\000\000q\000\000\000\022\003\224x\003\000\000\000\001\000\000\000\031\001\000\000\b\000\000\000D\000\000\000\001\000\000\000P\000\000\000\000\000\000\000P\000\000\000\017\000\000\000\270\001\000\000\000\000\000\000!\001\000\000\026\000\000\0007\001\000\0009\000\000\000p\001\000\000\000\000\000\000\000\000\000\000\017\000\000\000\000\000\000\000\006\000\000\000\021\000\000\000\006\000\000\000\021\000\000\000\377\377\377\377\001$\000\000\027\000\000\000\032\000\000\000\027\000\000\000\032\000\000\000\377\377\377\377\001$\000\0001\000\000\000\024\000\000\0001\000\000\000\024\000\000\000\377\377\377\377\001$\000\000E\000\000\000 \000\000\000E\000\000\000 \000\000\000\377\377\377\377\021$\000\000e\000\000\000 \000\000\000e\000\000\000 \000\000\000\377\377\377\377\021$\000\000\205\000\000\000\020\000\000\000\205\000\000\000\020\000\000\000\377\377\377\377\001$\000\000\225\000\000\000\016\000\000\000\225\000\000\000\016\000\000\000\377\377\377\377\001$\000\000\243\000\000\000\023\000\000\000\243\000\000\000\023\000\000\000\377\377\377\377\001$\000\000\266\000\000\000\021\000\000\000\266\000\000\000\021\000\000\000\377\377\377\377\001$\000\000\307\000\000\000\023\000\000\000\307\000\000\000\023\000\000\000\377\377\377\377\001$\000\000\332\000\000\000\024\000\000\000\332\000\000\000\024\000\000\000\377\377\377\377\b$\000\000\356\000\000\000\022\000\000\000\356\000\000\000\022\000\000\000\377\377\377\377\001$\000\000\000\001\000\000\013\000\000\000\000\001\000\000\013\000\000\000\377\377\377\377\b$\000\000\013\001\000\000\016\000\000\000\013\001\000\000\016\000\000\000\377\377\377\377\b,\000\000\000\000\000\000\006\000\000\000\000\000\000\000\006\000\000\000\377\377\377\377\001\004\000\000\000\000\000\000]\f\000\000_\000\000\000\022\003\224\360\002\000\000\000pFlashHAL_FLASH_ProgramFLASH_WaitForLastOperationHAL_FLASH_Program_ITHAL_FLASH_EndOfOperationCallbackHAL_FLASH_OperationErrorCallbackHAL_FLASH_UnlockHAL_FLASH_LockHAL_FLASH_OB_UnlockHAL_FLASH_OB_LockHAL_FLASH_OB_LaunchHAL_NVIC_SystemResetHAL_FLASH_GetErrorHAL_GetTickllvm.dbg.value7.0.0svnthumbv7m-arm-none-eabi../Drivers/STM32F1xx_HAL_Driver/Src/stm32f1xx_hal_flash.c\000\000\000"
	.size	.Lllvm.embedded.module, 11708

	.section	.debug_str,"MS",%progbits,1
.Linfo_string0:
	.asciz	"Component: ARM Compiler 6.10.1 Tool: armclang [5d143200]" @ string offset=0
.Linfo_string1:
	.asciz	"../Drivers/STM32F1xx_HAL_Driver/Src\\stm32f1xx_hal_flash.c" @ string offset=57
.Linfo_string2:
	.asciz	"F:\\SkyDrive\\OtvoreniProjekti\\HotelSaplast\\fw\\RoomController\\DE-160318\\MDK-ARM" @ string offset=115
.Linfo_string3:
	.asciz	"pFlash"                @ string offset=193
.Linfo_string4:
	.asciz	"ProcedureOnGoing"      @ string offset=200
.Linfo_string5:
	.asciz	"unsigned int"          @ string offset=217
.Linfo_string6:
	.asciz	"FLASH_PROC_NONE"       @ string offset=230
.Linfo_string7:
	.asciz	"FLASH_PROC_PAGEERASE"  @ string offset=246
.Linfo_string8:
	.asciz	"FLASH_PROC_MASSERASE"  @ string offset=267
.Linfo_string9:
	.asciz	"FLASH_PROC_PROGRAMHALFWORD" @ string offset=288
.Linfo_string10:
	.asciz	"FLASH_PROC_PROGRAMWORD" @ string offset=315
.Linfo_string11:
	.asciz	"FLASH_PROC_PROGRAMDOUBLEWORD" @ string offset=338
.Linfo_string12:
	.asciz	"FLASH_ProcedureTypeDef" @ string offset=367
.Linfo_string13:
	.asciz	"DataRemaining"         @ string offset=390
.Linfo_string14:
	.asciz	"uint32_t"              @ string offset=404
.Linfo_string15:
	.asciz	"Address"               @ string offset=413
.Linfo_string16:
	.asciz	"Data"                  @ string offset=421
.Linfo_string17:
	.asciz	"long long unsigned int" @ string offset=426
.Linfo_string18:
	.asciz	"uint64_t"              @ string offset=449
.Linfo_string19:
	.asciz	"Lock"                  @ string offset=458
.Linfo_string20:
	.asciz	"HAL_UNLOCKED"          @ string offset=463
.Linfo_string21:
	.asciz	"HAL_LOCKED"            @ string offset=476
.Linfo_string22:
	.asciz	"HAL_LockTypeDef"       @ string offset=487
.Linfo_string23:
	.asciz	"ErrorCode"             @ string offset=503
.Linfo_string24:
	.asciz	"FLASH_ProcessTypeDef"  @ string offset=513
.Linfo_string25:
	.asciz	"HAL_OK"                @ string offset=534
.Linfo_string26:
	.asciz	"HAL_ERROR"             @ string offset=541
.Linfo_string27:
	.asciz	"HAL_BUSY"              @ string offset=551
.Linfo_string28:
	.asciz	"HAL_TIMEOUT"           @ string offset=560
.Linfo_string29:
	.asciz	"RESET"                 @ string offset=572
.Linfo_string30:
	.asciz	"SET"                   @ string offset=578
.Linfo_string31:
	.asciz	"unsigned short"        @ string offset=582
.Linfo_string32:
	.asciz	"uint16_t"              @ string offset=597
.Linfo_string33:
	.asciz	"ACR"                   @ string offset=606
.Linfo_string34:
	.asciz	"KEYR"                  @ string offset=610
.Linfo_string35:
	.asciz	"OPTKEYR"               @ string offset=615
.Linfo_string36:
	.asciz	"SR"                    @ string offset=623
.Linfo_string37:
	.asciz	"CR"                    @ string offset=626
.Linfo_string38:
	.asciz	"AR"                    @ string offset=629
.Linfo_string39:
	.asciz	"RESERVED"              @ string offset=632
.Linfo_string40:
	.asciz	"OBR"                   @ string offset=641
.Linfo_string41:
	.asciz	"WRPR"                  @ string offset=645
.Linfo_string42:
	.asciz	"FLASH_TypeDef"         @ string offset=650
	.section	.debug_abbrev,"",%progbits
	.byte	1                       @ Abbreviation Code
	.byte	17                      @ DW_TAG_compile_unit
	.byte	1                       @ DW_CHILDREN_yes
	.byte	37                      @ DW_AT_producer
	.byte	14                      @ DW_FORM_strp
	.byte	19                      @ DW_AT_language
	.byte	5                       @ DW_FORM_data2
	.byte	3                       @ DW_AT_name
	.byte	14                      @ DW_FORM_strp
	.byte	16                      @ DW_AT_stmt_list
	.byte	6                       @ DW_FORM_data4
	.byte	27                      @ DW_AT_comp_dir
	.byte	14                      @ DW_FORM_strp
	.ascii	"\264B"                 @ DW_AT_GNU_pubnames
	.byte	12                      @ DW_FORM_flag
	.byte	0                       @ EOM(1)
	.byte	0                       @ EOM(2)
	.byte	2                       @ Abbreviation Code
	.byte	52                      @ DW_TAG_variable
	.byte	0                       @ DW_CHILDREN_no
	.byte	3                       @ DW_AT_name
	.byte	14                      @ DW_FORM_strp
	.byte	73                      @ DW_AT_type
	.byte	19                      @ DW_FORM_ref4
	.byte	63                      @ DW_AT_external
	.byte	12                      @ DW_FORM_flag
	.byte	58                      @ DW_AT_decl_file
	.byte	11                      @ DW_FORM_data1
	.byte	59                      @ DW_AT_decl_line
	.byte	11                      @ DW_FORM_data1
	.byte	0                       @ EOM(1)
	.byte	0                       @ EOM(2)
	.byte	3                       @ Abbreviation Code
	.byte	22                      @ DW_TAG_typedef
	.byte	0                       @ DW_CHILDREN_no
	.byte	73                      @ DW_AT_type
	.byte	19                      @ DW_FORM_ref4
	.byte	3                       @ DW_AT_name
	.byte	14                      @ DW_FORM_strp
	.byte	58                      @ DW_AT_decl_file
	.byte	11                      @ DW_FORM_data1
	.byte	59                      @ DW_AT_decl_line
	.byte	11                      @ DW_FORM_data1
	.byte	0                       @ EOM(1)
	.byte	0                       @ EOM(2)
	.byte	4                       @ Abbreviation Code
	.byte	19                      @ DW_TAG_structure_type
	.byte	1                       @ DW_CHILDREN_yes
	.byte	11                      @ DW_AT_byte_size
	.byte	11                      @ DW_FORM_data1
	.byte	58                      @ DW_AT_decl_file
	.byte	11                      @ DW_FORM_data1
	.byte	59                      @ DW_AT_decl_line
	.byte	11                      @ DW_FORM_data1
	.byte	0                       @ EOM(1)
	.byte	0                       @ EOM(2)
	.byte	5                       @ Abbreviation Code
	.byte	13                      @ DW_TAG_member
	.byte	0                       @ DW_CHILDREN_no
	.byte	3                       @ DW_AT_name
	.byte	14                      @ DW_FORM_strp
	.byte	73                      @ DW_AT_type
	.byte	19                      @ DW_FORM_ref4
	.byte	58                      @ DW_AT_decl_file
	.byte	11                      @ DW_FORM_data1
	.byte	59                      @ DW_AT_decl_line
	.byte	11                      @ DW_FORM_data1
	.byte	56                      @ DW_AT_data_member_location
	.byte	11                      @ DW_FORM_data1
	.byte	0                       @ EOM(1)
	.byte	0                       @ EOM(2)
	.byte	6                       @ Abbreviation Code
	.byte	53                      @ DW_TAG_volatile_type
	.byte	0                       @ DW_CHILDREN_no
	.byte	73                      @ DW_AT_type
	.byte	19                      @ DW_FORM_ref4
	.byte	0                       @ EOM(1)
	.byte	0                       @ EOM(2)
	.byte	7                       @ Abbreviation Code
	.byte	4                       @ DW_TAG_enumeration_type
	.byte	1                       @ DW_CHILDREN_yes
	.byte	73                      @ DW_AT_type
	.byte	19                      @ DW_FORM_ref4
	.byte	11                      @ DW_AT_byte_size
	.byte	11                      @ DW_FORM_data1
	.byte	58                      @ DW_AT_decl_file
	.byte	11                      @ DW_FORM_data1
	.byte	59                      @ DW_AT_decl_line
	.byte	11                      @ DW_FORM_data1
	.byte	0                       @ EOM(1)
	.byte	0                       @ EOM(2)
	.byte	8                       @ Abbreviation Code
	.byte	40                      @ DW_TAG_enumerator
	.byte	0                       @ DW_CHILDREN_no
	.byte	3                       @ DW_AT_name
	.byte	14                      @ DW_FORM_strp
	.byte	28                      @ DW_AT_const_value
	.byte	15                      @ DW_FORM_udata
	.byte	0                       @ EOM(1)
	.byte	0                       @ EOM(2)
	.byte	9                       @ Abbreviation Code
	.byte	36                      @ DW_TAG_base_type
	.byte	0                       @ DW_CHILDREN_no
	.byte	3                       @ DW_AT_name
	.byte	14                      @ DW_FORM_strp
	.byte	62                      @ DW_AT_encoding
	.byte	11                      @ DW_FORM_data1
	.byte	11                      @ DW_AT_byte_size
	.byte	11                      @ DW_FORM_data1
	.byte	0                       @ EOM(1)
	.byte	0                       @ EOM(2)
	.byte	10                      @ Abbreviation Code
	.byte	15                      @ DW_TAG_pointer_type
	.byte	0                       @ DW_CHILDREN_no
	.byte	73                      @ DW_AT_type
	.byte	19                      @ DW_FORM_ref4
	.byte	0                       @ EOM(1)
	.byte	0                       @ EOM(2)
	.byte	11                      @ Abbreviation Code
	.byte	22                      @ DW_TAG_typedef
	.byte	0                       @ DW_CHILDREN_no
	.byte	73                      @ DW_AT_type
	.byte	19                      @ DW_FORM_ref4
	.byte	3                       @ DW_AT_name
	.byte	14                      @ DW_FORM_strp
	.byte	58                      @ DW_AT_decl_file
	.byte	11                      @ DW_FORM_data1
	.byte	59                      @ DW_AT_decl_line
	.byte	5                       @ DW_FORM_data2
	.byte	0                       @ EOM(1)
	.byte	0                       @ EOM(2)
	.byte	12                      @ Abbreviation Code
	.byte	19                      @ DW_TAG_structure_type
	.byte	1                       @ DW_CHILDREN_yes
	.byte	11                      @ DW_AT_byte_size
	.byte	11                      @ DW_FORM_data1
	.byte	58                      @ DW_AT_decl_file
	.byte	11                      @ DW_FORM_data1
	.byte	59                      @ DW_AT_decl_line
	.byte	5                       @ DW_FORM_data2
	.byte	0                       @ EOM(1)
	.byte	0                       @ EOM(2)
	.byte	13                      @ Abbreviation Code
	.byte	13                      @ DW_TAG_member
	.byte	0                       @ DW_CHILDREN_no
	.byte	3                       @ DW_AT_name
	.byte	14                      @ DW_FORM_strp
	.byte	73                      @ DW_AT_type
	.byte	19                      @ DW_FORM_ref4
	.byte	58                      @ DW_AT_decl_file
	.byte	11                      @ DW_FORM_data1
	.byte	59                      @ DW_AT_decl_line
	.byte	5                       @ DW_FORM_data2
	.byte	56                      @ DW_AT_data_member_location
	.byte	11                      @ DW_FORM_data1
	.byte	0                       @ EOM(1)
	.byte	0                       @ EOM(2)
	.byte	0                       @ EOM(3)
	.section	.debug_info,"",%progbits
.Lcu_begin0:
	.long	489                     @ Length of Unit
	.short	3                       @ DWARF version number
	.long	.debug_abbrev           @ Offset Into Abbrev. Section
	.byte	4                       @ Address Size (in bytes)
	.byte	1                       @ Abbrev [1] 0xb:0x1e2 DW_TAG_compile_unit
	.long	.Linfo_string0          @ DW_AT_producer
	.short	12                      @ DW_AT_language
	.long	.Linfo_string1          @ DW_AT_name
	.long	.Lline_table_start0     @ DW_AT_stmt_list
	.long	.Linfo_string2          @ DW_AT_comp_dir
	.byte	1                       @ DW_AT_GNU_pubnames
	.byte	2                       @ Abbrev [2] 0x1f:0xc DW_TAG_variable
	.long	.Linfo_string3          @ DW_AT_name
	.long	43                      @ DW_AT_type
	.byte	1                       @ DW_AT_external
	.byte	4                       @ DW_AT_decl_file
	.byte	140                     @ DW_AT_decl_line
	.byte	3                       @ Abbrev [3] 0x2b:0xb DW_TAG_typedef
	.long	54                      @ DW_AT_type
	.long	.Linfo_string24         @ DW_AT_name
	.byte	1                       @ DW_AT_decl_file
	.byte	121                     @ DW_AT_decl_line
	.byte	4                       @ Abbrev [4] 0x36:0x4d DW_TAG_structure_type
	.byte	32                      @ DW_AT_byte_size
	.byte	1                       @ DW_AT_decl_file
	.byte	107                     @ DW_AT_decl_line
	.byte	5                       @ Abbrev [5] 0x3a:0xc DW_TAG_member
	.long	.Linfo_string4          @ DW_AT_name
	.long	131                     @ DW_AT_type
	.byte	1                       @ DW_AT_decl_file
	.byte	109                     @ DW_AT_decl_line
	.byte	0                       @ DW_AT_data_member_location
	.byte	5                       @ Abbrev [5] 0x46:0xc DW_TAG_member
	.long	.Linfo_string13         @ DW_AT_name
	.long	199                     @ DW_AT_type
	.byte	1                       @ DW_AT_decl_file
	.byte	111                     @ DW_AT_decl_line
	.byte	4                       @ DW_AT_data_member_location
	.byte	5                       @ Abbrev [5] 0x52:0xc DW_TAG_member
	.long	.Linfo_string15         @ DW_AT_name
	.long	199                     @ DW_AT_type
	.byte	1                       @ DW_AT_decl_file
	.byte	113                     @ DW_AT_decl_line
	.byte	8                       @ DW_AT_data_member_location
	.byte	5                       @ Abbrev [5] 0x5e:0xc DW_TAG_member
	.long	.Linfo_string16         @ DW_AT_name
	.long	215                     @ DW_AT_type
	.byte	1                       @ DW_AT_decl_file
	.byte	115                     @ DW_AT_decl_line
	.byte	16                      @ DW_AT_data_member_location
	.byte	5                       @ Abbrev [5] 0x6a:0xc DW_TAG_member
	.long	.Linfo_string19         @ DW_AT_name
	.long	238                     @ DW_AT_type
	.byte	1                       @ DW_AT_decl_file
	.byte	117                     @ DW_AT_decl_line
	.byte	24                      @ DW_AT_data_member_location
	.byte	5                       @ Abbrev [5] 0x76:0xc DW_TAG_member
	.long	.Linfo_string23         @ DW_AT_name
	.long	199                     @ DW_AT_type
	.byte	1                       @ DW_AT_decl_file
	.byte	119                     @ DW_AT_decl_line
	.byte	28                      @ DW_AT_data_member_location
	.byte	0                       @ End Of Children Mark
	.byte	6                       @ Abbrev [6] 0x83:0x5 DW_TAG_volatile_type
	.long	136                     @ DW_AT_type
	.byte	3                       @ Abbrev [3] 0x88:0xb DW_TAG_typedef
	.long	147                     @ DW_AT_type
	.long	.Linfo_string12         @ DW_AT_name
	.byte	1                       @ DW_AT_decl_file
	.byte	102                     @ DW_AT_decl_line
	.byte	7                       @ Abbrev [7] 0x93:0x2d DW_TAG_enumeration_type
	.long	192                     @ DW_AT_type
	.byte	4                       @ DW_AT_byte_size
	.byte	1                       @ DW_AT_decl_file
	.byte	94                      @ DW_AT_decl_line
	.byte	8                       @ Abbrev [8] 0x9b:0x6 DW_TAG_enumerator
	.long	.Linfo_string6          @ DW_AT_name
	.byte	0                       @ DW_AT_const_value
	.byte	8                       @ Abbrev [8] 0xa1:0x6 DW_TAG_enumerator
	.long	.Linfo_string7          @ DW_AT_name
	.byte	1                       @ DW_AT_const_value
	.byte	8                       @ Abbrev [8] 0xa7:0x6 DW_TAG_enumerator
	.long	.Linfo_string8          @ DW_AT_name
	.byte	2                       @ DW_AT_const_value
	.byte	8                       @ Abbrev [8] 0xad:0x6 DW_TAG_enumerator
	.long	.Linfo_string9          @ DW_AT_name
	.byte	3                       @ DW_AT_const_value
	.byte	8                       @ Abbrev [8] 0xb3:0x6 DW_TAG_enumerator
	.long	.Linfo_string10         @ DW_AT_name
	.byte	4                       @ DW_AT_const_value
	.byte	8                       @ Abbrev [8] 0xb9:0x6 DW_TAG_enumerator
	.long	.Linfo_string11         @ DW_AT_name
	.byte	5                       @ DW_AT_const_value
	.byte	0                       @ End Of Children Mark
	.byte	9                       @ Abbrev [9] 0xc0:0x7 DW_TAG_base_type
	.long	.Linfo_string5          @ DW_AT_name
	.byte	7                       @ DW_AT_encoding
	.byte	4                       @ DW_AT_byte_size
	.byte	6                       @ Abbrev [6] 0xc7:0x5 DW_TAG_volatile_type
	.long	204                     @ DW_AT_type
	.byte	3                       @ Abbrev [3] 0xcc:0xb DW_TAG_typedef
	.long	192                     @ DW_AT_type
	.long	.Linfo_string14         @ DW_AT_name
	.byte	2                       @ DW_AT_decl_file
	.byte	64                      @ DW_AT_decl_line
	.byte	6                       @ Abbrev [6] 0xd7:0x5 DW_TAG_volatile_type
	.long	220                     @ DW_AT_type
	.byte	3                       @ Abbrev [3] 0xdc:0xb DW_TAG_typedef
	.long	231                     @ DW_AT_type
	.long	.Linfo_string18         @ DW_AT_name
	.byte	2                       @ DW_AT_decl_file
	.byte	65                      @ DW_AT_decl_line
	.byte	9                       @ Abbrev [9] 0xe7:0x7 DW_TAG_base_type
	.long	.Linfo_string17         @ DW_AT_name
	.byte	7                       @ DW_AT_encoding
	.byte	8                       @ DW_AT_byte_size
	.byte	3                       @ Abbrev [3] 0xee:0xb DW_TAG_typedef
	.long	249                     @ DW_AT_type
	.long	.Linfo_string22         @ DW_AT_name
	.byte	3                       @ DW_AT_decl_file
	.byte	72                      @ DW_AT_decl_line
	.byte	7                       @ Abbrev [7] 0xf9:0x15 DW_TAG_enumeration_type
	.long	192                     @ DW_AT_type
	.byte	4                       @ DW_AT_byte_size
	.byte	3                       @ DW_AT_decl_file
	.byte	68                      @ DW_AT_decl_line
	.byte	8                       @ Abbrev [8] 0x101:0x6 DW_TAG_enumerator
	.long	.Linfo_string20         @ DW_AT_name
	.byte	0                       @ DW_AT_const_value
	.byte	8                       @ Abbrev [8] 0x107:0x6 DW_TAG_enumerator
	.long	.Linfo_string21         @ DW_AT_name
	.byte	1                       @ DW_AT_const_value
	.byte	0                       @ End Of Children Mark
	.byte	7                       @ Abbrev [7] 0x10e:0x21 DW_TAG_enumeration_type
	.long	192                     @ DW_AT_type
	.byte	4                       @ DW_AT_byte_size
	.byte	3                       @ DW_AT_decl_file
	.byte	57                      @ DW_AT_decl_line
	.byte	8                       @ Abbrev [8] 0x116:0x6 DW_TAG_enumerator
	.long	.Linfo_string25         @ DW_AT_name
	.byte	0                       @ DW_AT_const_value
	.byte	8                       @ Abbrev [8] 0x11c:0x6 DW_TAG_enumerator
	.long	.Linfo_string26         @ DW_AT_name
	.byte	1                       @ DW_AT_const_value
	.byte	8                       @ Abbrev [8] 0x122:0x6 DW_TAG_enumerator
	.long	.Linfo_string27         @ DW_AT_name
	.byte	2                       @ DW_AT_const_value
	.byte	8                       @ Abbrev [8] 0x128:0x6 DW_TAG_enumerator
	.long	.Linfo_string28         @ DW_AT_name
	.byte	3                       @ DW_AT_const_value
	.byte	0                       @ End Of Children Mark
	.byte	7                       @ Abbrev [7] 0x12f:0x15 DW_TAG_enumeration_type
	.long	192                     @ DW_AT_type
	.byte	4                       @ DW_AT_byte_size
	.byte	5                       @ DW_AT_decl_file
	.byte	169                     @ DW_AT_decl_line
	.byte	8                       @ Abbrev [8] 0x137:0x6 DW_TAG_enumerator
	.long	.Linfo_string29         @ DW_AT_name
	.byte	0                       @ DW_AT_const_value
	.byte	8                       @ Abbrev [8] 0x13d:0x6 DW_TAG_enumerator
	.long	.Linfo_string30         @ DW_AT_name
	.byte	1                       @ DW_AT_const_value
	.byte	0                       @ End Of Children Mark
	.byte	3                       @ Abbrev [3] 0x144:0xb DW_TAG_typedef
	.long	335                     @ DW_AT_type
	.long	.Linfo_string32         @ DW_AT_name
	.byte	2                       @ DW_AT_decl_file
	.byte	63                      @ DW_AT_decl_line
	.byte	9                       @ Abbrev [9] 0x14f:0x7 DW_TAG_base_type
	.long	.Linfo_string31         @ DW_AT_name
	.byte	7                       @ DW_AT_encoding
	.byte	2                       @ DW_AT_byte_size
	.byte	10                      @ Abbrev [10] 0x156:0x5 DW_TAG_pointer_type
	.long	347                     @ DW_AT_type
	.byte	11                      @ Abbrev [11] 0x15b:0xc DW_TAG_typedef
	.long	359                     @ DW_AT_type
	.long	.Linfo_string42         @ DW_AT_name
	.byte	6                       @ DW_AT_decl_file
	.short	352                     @ DW_AT_decl_line
	.byte	12                      @ Abbrev [12] 0x167:0x7b DW_TAG_structure_type
	.byte	36                      @ DW_AT_byte_size
	.byte	6                       @ DW_AT_decl_file
	.short	341                     @ DW_AT_decl_line
	.byte	13                      @ Abbrev [13] 0x16c:0xd DW_TAG_member
	.long	.Linfo_string33         @ DW_AT_name
	.long	199                     @ DW_AT_type
	.byte	6                       @ DW_AT_decl_file
	.short	343                     @ DW_AT_decl_line
	.byte	0                       @ DW_AT_data_member_location
	.byte	13                      @ Abbrev [13] 0x179:0xd DW_TAG_member
	.long	.Linfo_string34         @ DW_AT_name
	.long	199                     @ DW_AT_type
	.byte	6                       @ DW_AT_decl_file
	.short	344                     @ DW_AT_decl_line
	.byte	4                       @ DW_AT_data_member_location
	.byte	13                      @ Abbrev [13] 0x186:0xd DW_TAG_member
	.long	.Linfo_string35         @ DW_AT_name
	.long	199                     @ DW_AT_type
	.byte	6                       @ DW_AT_decl_file
	.short	345                     @ DW_AT_decl_line
	.byte	8                       @ DW_AT_data_member_location
	.byte	13                      @ Abbrev [13] 0x193:0xd DW_TAG_member
	.long	.Linfo_string36         @ DW_AT_name
	.long	199                     @ DW_AT_type
	.byte	6                       @ DW_AT_decl_file
	.short	346                     @ DW_AT_decl_line
	.byte	12                      @ DW_AT_data_member_location
	.byte	13                      @ Abbrev [13] 0x1a0:0xd DW_TAG_member
	.long	.Linfo_string37         @ DW_AT_name
	.long	199                     @ DW_AT_type
	.byte	6                       @ DW_AT_decl_file
	.short	347                     @ DW_AT_decl_line
	.byte	16                      @ DW_AT_data_member_location
	.byte	13                      @ Abbrev [13] 0x1ad:0xd DW_TAG_member
	.long	.Linfo_string38         @ DW_AT_name
	.long	199                     @ DW_AT_type
	.byte	6                       @ DW_AT_decl_file
	.short	348                     @ DW_AT_decl_line
	.byte	20                      @ DW_AT_data_member_location
	.byte	13                      @ Abbrev [13] 0x1ba:0xd DW_TAG_member
	.long	.Linfo_string39         @ DW_AT_name
	.long	199                     @ DW_AT_type
	.byte	6                       @ DW_AT_decl_file
	.short	349                     @ DW_AT_decl_line
	.byte	24                      @ DW_AT_data_member_location
	.byte	13                      @ Abbrev [13] 0x1c7:0xd DW_TAG_member
	.long	.Linfo_string40         @ DW_AT_name
	.long	199                     @ DW_AT_type
	.byte	6                       @ DW_AT_decl_file
	.short	350                     @ DW_AT_decl_line
	.byte	28                      @ DW_AT_data_member_location
	.byte	13                      @ Abbrev [13] 0x1d4:0xd DW_TAG_member
	.long	.Linfo_string41         @ DW_AT_name
	.long	199                     @ DW_AT_type
	.byte	6                       @ DW_AT_decl_file
	.short	351                     @ DW_AT_decl_line
	.byte	32                      @ DW_AT_data_member_location
	.byte	0                       @ End Of Children Mark
	.byte	10                      @ Abbrev [10] 0x1e2:0x5 DW_TAG_pointer_type
	.long	487                     @ DW_AT_type
	.byte	6                       @ Abbrev [6] 0x1e7:0x5 DW_TAG_volatile_type
	.long	324                     @ DW_AT_type
	.byte	0                       @ End Of Children Mark
	.section	.debug_ranges,"",%progbits
	.section	.debug_macinfo,"",%progbits
.Lcu_macro_begin0:
	.byte	0                       @ End Of Macro List Mark
	.section	.debug_pubnames,"",%progbits
	.long	.LpubNames_end0-.LpubNames_begin0 @ Length of Public Names Info
.LpubNames_begin0:
	.short	2                       @ DWARF Version
	.long	.Lcu_begin0             @ Offset of Compilation Unit Info
	.long	493                     @ Compilation Unit Length
	.long	31                      @ DIE offset
	.asciz	"pFlash"                @ External Name
	.long	0                       @ End Mark
.LpubNames_end0:
	.section	.debug_pubtypes,"",%progbits
	.long	.LpubTypes_end0-.LpubTypes_begin0 @ Length of Public Types Info
.LpubTypes_begin0:
	.short	2                       @ DWARF Version
	.long	.Lcu_begin0             @ Offset of Compilation Unit Info
	.long	493                     @ Compilation Unit Length
	.long	335                     @ DIE offset
	.asciz	"unsigned short"        @ External Name
	.long	347                     @ DIE offset
	.asciz	"FLASH_TypeDef"         @ External Name
	.long	136                     @ DIE offset
	.asciz	"FLASH_ProcedureTypeDef" @ External Name
	.long	192                     @ DIE offset
	.asciz	"unsigned int"          @ External Name
	.long	204                     @ DIE offset
	.asciz	"uint32_t"              @ External Name
	.long	324                     @ DIE offset
	.asciz	"uint16_t"              @ External Name
	.long	231                     @ DIE offset
	.asciz	"long long unsigned int" @ External Name
	.long	43                      @ DIE offset
	.asciz	"FLASH_ProcessTypeDef"  @ External Name
	.long	220                     @ DIE offset
	.asciz	"uint64_t"              @ External Name
	.long	238                     @ DIE offset
	.asciz	"HAL_LockTypeDef"       @ External Name
	.long	0                       @ End Mark
.LpubTypes_end0:

	.ident	"Component: ARM Compiler 6.10.1 Tool: armclang [5d143200]"
	.section	".note.GNU-stack","",%progbits
	.ARM_attribute	16, 1	@ Tag_AV_eba
	.section	.debug_line,"",%progbits
.Lline_table_start0:
