	.text
	.syntax unified
	.eabi_attribute	67, "2.09"	@ Tag_conformance
	.cpu	cortex-m4
	.eabi_attribute	6, 13	@ Tag_CPU_arch
	.eabi_attribute	7, 77	@ Tag_CPU_arch_profile
	.eabi_attribute	8, 0	@ Tag_ARM_ISA_use
	.eabi_attribute	9, 2	@ Tag_THUMB_ISA_use
	.fpu	fpv4-sp-d16
	.eabi_attribute	27, 1	@ Tag_ABI_HardFP_use
	.eabi_attribute	36, 1	@ Tag_FP_HP_extension
	.eabi_attribute	34, 1	@ Tag_CPU_unaligned_access
	.eabi_attribute	17, 1	@ Tag_ABI_PCS_GOT_use
	.eabi_attribute	20, 2	@ Tag_ABI_FP_denormal
	.eabi_attribute	21, 0	@ Tag_ABI_FP_exceptions
	.eabi_attribute	23, 1	@ Tag_ABI_FP_number_model
	.eabi_attribute	24, 1	@ Tag_ABI_align_needed
	.eabi_attribute	25, 1	@ Tag_ABI_align_preserved
	.eabi_attribute	28, 1	@ Tag_ABI_VFP_args
	.eabi_attribute	38, 1	@ Tag_ABI_FP_16bit_format
	.eabi_attribute	18, 2	@ Tag_ABI_PCS_wchar_t
	.eabi_attribute	26, 1	@ Tag_ABI_enum_size
	.eabi_attribute	14, 0	@ Tag_ABI_PCS_R9_use
	.file	"buzzer.c"
	.file	1 "F:\\SkyDrive\\OtvoreniProjekti\\HotelSaplast\\fw\\KontrolerHotela\\HC070318\\Project" "../Libraries/STM32F4xx_StdPeriph_Driver/inc\\stm32f4xx_gpio.h"
	.file	2 "F:\\SkyDrive\\OtvoreniProjekti\\HotelSaplast\\fw\\KontrolerHotela\\HC070318\\Project" "../Libraries/CMSIS/Device/ST/STM32F4xx/Include\\stm32f4xx.h"
	.file	3 "C:\\Keil\\ARM\\ARMCLANG\\Bin\\..\\include" "stdint.h"
	.section	.text.BUZZER_Init,"ax",%progbits
	.hidden	BUZZER_Init             @ -- Begin function BUZZER_Init
	.globl	BUZZER_Init
	.p2align	1
	.type	BUZZER_Init,%function
	.code	16                      @ @BUZZER_Init
	.thumb_func
BUZZER_Init:
.Lfunc_begin0:
	.file	4 "F:\\SkyDrive\\OtvoreniProjekti\\HotelSaplast\\fw\\KontrolerHotela\\HC070318\\Project" "../Driver/buzzer.c"
	.loc	4 28 0                  @ ../Driver/buzzer.c:28:0
	.fnstart
	.cfi_sections .debug_frame
	.cfi_startproc
@ %bb.0:
	.save	{r4, lr}
	push	{r4, lr}
	.cfi_def_cfa_offset 8
	.cfi_offset lr, -4
	.cfi_offset r4, -8
	.pad	#8
	sub	sp, #8
	.cfi_def_cfa_offset 16
.Ltmp0:
	.loc	4 31 2 prologue_end     @ ../Driver/buzzer.c:31:2
	movs	r0, #8
	movs	r1, #1
	movs	r4, #8
	bl	RCC_AHB1PeriphClockCmd
	movw	r0, #513
	mov	r1, sp
	movt	r0, #256
	.loc	4 37 30                 @ ../Driver/buzzer.c:37:30
	strd	r4, r0, [sp]
.Ltmp1:
	@DEBUG_VALUE: BUZZER_Init:GPIO_InitStructure <- [DW_OP_deref] $sp
	.loc	4 0 30 is_stmt 0        @ ../Driver/buzzer.c:0:30
	movw	r4, #3072
	movt	r4, #16386
	.loc	4 38 2 is_stmt 1        @ ../Driver/buzzer.c:38:2
	mov	r0, r4
	bl	GPIO_Init
	.loc	4 39 2                  @ ../Driver/buzzer.c:39:2
	mov	r0, r4
	movs	r1, #8
	bl	GPIO_ResetBits
	.loc	4 40 1                  @ ../Driver/buzzer.c:40:1
	add	sp, #8
.Ltmp2:
	pop	{r4, pc}
.Ltmp3:
.Lfunc_end0:
	.size	BUZZER_Init, .Lfunc_end0-BUZZER_Init
	.cfi_endproc
	.cantunwind
	.fnend
                                        @ -- End function
	.section	.text.BUZZER_Off,"ax",%progbits
	.hidden	BUZZER_Off              @ -- Begin function BUZZER_Off
	.globl	BUZZER_Off
	.p2align	1
	.type	BUZZER_Off,%function
	.code	16                      @ @BUZZER_Off
	.thumb_func
BUZZER_Off:
.Lfunc_begin1:
	.loc	4 43 0                  @ ../Driver/buzzer.c:43:0
	.fnstart
	.cfi_startproc
@ %bb.0:
	movw	r0, #3072
.Ltmp4:
	.loc	4 44 2 prologue_end     @ ../Driver/buzzer.c:44:2
	movs	r1, #8
	movs	r2, #0
	movt	r0, #16386
	b	GPIO_WriteBit
.Ltmp5:
.Lfunc_end1:
	.size	BUZZER_Off, .Lfunc_end1-BUZZER_Off
	.cfi_endproc
	.cantunwind
	.fnend
                                        @ -- End function
	.section	.text.BUZZER_On,"ax",%progbits
	.hidden	BUZZER_On               @ -- Begin function BUZZER_On
	.globl	BUZZER_On
	.p2align	1
	.type	BUZZER_On,%function
	.code	16                      @ @BUZZER_On
	.thumb_func
BUZZER_On:
.Lfunc_begin2:
	.loc	4 48 0                  @ ../Driver/buzzer.c:48:0
	.fnstart
	.cfi_startproc
@ %bb.0:
	movw	r0, #3072
.Ltmp6:
	.loc	4 49 2 prologue_end     @ ../Driver/buzzer.c:49:2
	movs	r1, #8
	movs	r2, #1
	movt	r0, #16386
	b	GPIO_WriteBit
.Ltmp7:
.Lfunc_end2:
	.size	BUZZER_On, .Lfunc_end2-BUZZER_On
	.cfi_endproc
	.cantunwind
	.fnend
                                        @ -- End function
	.section	.text.BUZZER_Service,"ax",%progbits
	.hidden	BUZZER_Service          @ -- Begin function BUZZER_Service
	.globl	BUZZER_Service
	.p2align	1
	.type	BUZZER_Service,%function
	.code	16                      @ @BUZZER_Service
	.thumb_func
BUZZER_Service:
.Lfunc_begin3:
	.loc	4 53 0                  @ ../Driver/buzzer.c:53:0
	.fnstart
	.cfi_startproc
@ %bb.0:
	.loc	4 55 1 prologue_end     @ ../Driver/buzzer.c:55:1
	bx	lr
.Ltmp8:
.Lfunc_end3:
	.size	BUZZER_Service, .Lfunc_end3-BUZZER_Service
	.cfi_endproc
	.cantunwind
	.fnend
                                        @ -- End function
	.section	.debug_str,"MS",%progbits,1
.Linfo_string0:
	.asciz	"Component: ARM Compiler 6.12 Tool: armclang [5d624a00]" @ string offset=0
.Linfo_string1:
	.asciz	"../Driver\\buzzer.c"   @ string offset=55
.Linfo_string2:
	.asciz	"F:\\SkyDrive\\OtvoreniProjekti\\HotelSaplast\\fw\\KontrolerHotela\\HC070318\\Project" @ string offset=74
.Linfo_string3:
	.asciz	"unsigned char"         @ string offset=152
.Linfo_string4:
	.asciz	"GPIO_Mode_IN"          @ string offset=166
.Linfo_string5:
	.asciz	"GPIO_Mode_OUT"         @ string offset=179
.Linfo_string6:
	.asciz	"GPIO_Mode_AF"          @ string offset=193
.Linfo_string7:
	.asciz	"GPIO_Mode_AN"          @ string offset=206
.Linfo_string8:
	.asciz	"GPIO_Low_Speed"        @ string offset=219
.Linfo_string9:
	.asciz	"GPIO_Medium_Speed"     @ string offset=234
.Linfo_string10:
	.asciz	"GPIO_Fast_Speed"       @ string offset=252
.Linfo_string11:
	.asciz	"GPIO_High_Speed"       @ string offset=268
.Linfo_string12:
	.asciz	"GPIO_OType_PP"         @ string offset=284
.Linfo_string13:
	.asciz	"GPIO_OType_OD"         @ string offset=298
.Linfo_string14:
	.asciz	"GPIO_PuPd_NOPULL"      @ string offset=312
.Linfo_string15:
	.asciz	"GPIO_PuPd_UP"          @ string offset=329
.Linfo_string16:
	.asciz	"GPIO_PuPd_DOWN"        @ string offset=342
.Linfo_string17:
	.asciz	"DISABLE"               @ string offset=357
.Linfo_string18:
	.asciz	"ENABLE"                @ string offset=365
.Linfo_string19:
	.asciz	"Bit_RESET"             @ string offset=372
.Linfo_string20:
	.asciz	"Bit_SET"               @ string offset=382
.Linfo_string21:
	.asciz	"unsigned int"          @ string offset=390
.Linfo_string22:
	.asciz	"uint32_t"              @ string offset=403
.Linfo_string23:
	.asciz	"unsigned short"        @ string offset=412
.Linfo_string24:
	.asciz	"uint16_t"              @ string offset=427
.Linfo_string25:
	.asciz	"MODER"                 @ string offset=436
.Linfo_string26:
	.asciz	"OTYPER"                @ string offset=442
.Linfo_string27:
	.asciz	"OSPEEDR"               @ string offset=449
.Linfo_string28:
	.asciz	"PUPDR"                 @ string offset=457
.Linfo_string29:
	.asciz	"IDR"                   @ string offset=463
.Linfo_string30:
	.asciz	"ODR"                   @ string offset=467
.Linfo_string31:
	.asciz	"BSRRL"                 @ string offset=471
.Linfo_string32:
	.asciz	"BSRRH"                 @ string offset=477
.Linfo_string33:
	.asciz	"LCKR"                  @ string offset=483
.Linfo_string34:
	.asciz	"AFR"                   @ string offset=488
.Linfo_string35:
	.asciz	"__ARRAY_SIZE_TYPE__"   @ string offset=492
.Linfo_string36:
	.asciz	"GPIO_TypeDef"          @ string offset=512
.Linfo_string37:
	.asciz	"BUZZER_Init"           @ string offset=525
.Linfo_string38:
	.asciz	"BUZZER_Off"            @ string offset=537
.Linfo_string39:
	.asciz	"BUZZER_On"             @ string offset=548
.Linfo_string40:
	.asciz	"BUZZER_Service"        @ string offset=558
.Linfo_string41:
	.asciz	"GPIO_InitStructure"    @ string offset=573
.Linfo_string42:
	.asciz	"GPIO_Pin"              @ string offset=592
.Linfo_string43:
	.asciz	"GPIO_Mode"             @ string offset=601
.Linfo_string44:
	.asciz	"GPIOMode_TypeDef"      @ string offset=611
.Linfo_string45:
	.asciz	"GPIO_Speed"            @ string offset=628
.Linfo_string46:
	.asciz	"GPIOSpeed_TypeDef"     @ string offset=639
.Linfo_string47:
	.asciz	"GPIO_OType"            @ string offset=657
.Linfo_string48:
	.asciz	"GPIOOType_TypeDef"     @ string offset=668
.Linfo_string49:
	.asciz	"GPIO_PuPd"             @ string offset=686
.Linfo_string50:
	.asciz	"GPIOPuPd_TypeDef"      @ string offset=696
.Linfo_string51:
	.asciz	"GPIO_InitTypeDef"      @ string offset=713
	.section	.debug_loc,"",%progbits
.Ldebug_loc0:
	.long	.Ltmp1
	.long	.Ltmp2
	.short	2                       @ Loc expr size
	.byte	125                     @ DW_OP_breg13
	.byte	0                       @ 0
	.long	0
	.long	0
	.section	.debug_abbrev,"",%progbits
	.byte	1                       @ Abbreviation Code
	.byte	17                      @ DW_TAG_compile_unit
	.byte	1                       @ DW_CHILDREN_yes
	.byte	37                      @ DW_AT_producer
	.byte	14                      @ DW_FORM_strp
	.byte	19                      @ DW_AT_language
	.byte	5                       @ DW_FORM_data2
	.byte	3                       @ DW_AT_name
	.byte	14                      @ DW_FORM_strp
	.byte	16                      @ DW_AT_stmt_list
	.byte	6                       @ DW_FORM_data4
	.byte	27                      @ DW_AT_comp_dir
	.byte	14                      @ DW_FORM_strp
	.byte	17                      @ DW_AT_low_pc
	.byte	1                       @ DW_FORM_addr
	.byte	85                      @ DW_AT_ranges
	.byte	6                       @ DW_FORM_data4
	.byte	0                       @ EOM(1)
	.byte	0                       @ EOM(2)
	.byte	2                       @ Abbreviation Code
	.byte	4                       @ DW_TAG_enumeration_type
	.byte	1                       @ DW_CHILDREN_yes
	.byte	73                      @ DW_AT_type
	.byte	19                      @ DW_FORM_ref4
	.byte	11                      @ DW_AT_byte_size
	.byte	11                      @ DW_FORM_data1
	.byte	58                      @ DW_AT_decl_file
	.byte	11                      @ DW_FORM_data1
	.byte	59                      @ DW_AT_decl_line
	.byte	11                      @ DW_FORM_data1
	.byte	0                       @ EOM(1)
	.byte	0                       @ EOM(2)
	.byte	3                       @ Abbreviation Code
	.byte	40                      @ DW_TAG_enumerator
	.byte	0                       @ DW_CHILDREN_no
	.byte	3                       @ DW_AT_name
	.byte	14                      @ DW_FORM_strp
	.byte	28                      @ DW_AT_const_value
	.byte	15                      @ DW_FORM_udata
	.byte	0                       @ EOM(1)
	.byte	0                       @ EOM(2)
	.byte	4                       @ Abbreviation Code
	.byte	36                      @ DW_TAG_base_type
	.byte	0                       @ DW_CHILDREN_no
	.byte	3                       @ DW_AT_name
	.byte	14                      @ DW_FORM_strp
	.byte	62                      @ DW_AT_encoding
	.byte	11                      @ DW_FORM_data1
	.byte	11                      @ DW_AT_byte_size
	.byte	11                      @ DW_FORM_data1
	.byte	0                       @ EOM(1)
	.byte	0                       @ EOM(2)
	.byte	5                       @ Abbreviation Code
	.byte	4                       @ DW_TAG_enumeration_type
	.byte	1                       @ DW_CHILDREN_yes
	.byte	73                      @ DW_AT_type
	.byte	19                      @ DW_FORM_ref4
	.byte	11                      @ DW_AT_byte_size
	.byte	11                      @ DW_FORM_data1
	.byte	58                      @ DW_AT_decl_file
	.byte	11                      @ DW_FORM_data1
	.byte	59                      @ DW_AT_decl_line
	.byte	5                       @ DW_FORM_data2
	.byte	0                       @ EOM(1)
	.byte	0                       @ EOM(2)
	.byte	6                       @ Abbreviation Code
	.byte	22                      @ DW_TAG_typedef
	.byte	0                       @ DW_CHILDREN_no
	.byte	73                      @ DW_AT_type
	.byte	19                      @ DW_FORM_ref4
	.byte	3                       @ DW_AT_name
	.byte	14                      @ DW_FORM_strp
	.byte	58                      @ DW_AT_decl_file
	.byte	11                      @ DW_FORM_data1
	.byte	59                      @ DW_AT_decl_line
	.byte	11                      @ DW_FORM_data1
	.byte	0                       @ EOM(1)
	.byte	0                       @ EOM(2)
	.byte	7                       @ Abbreviation Code
	.byte	15                      @ DW_TAG_pointer_type
	.byte	0                       @ DW_CHILDREN_no
	.byte	73                      @ DW_AT_type
	.byte	19                      @ DW_FORM_ref4
	.byte	0                       @ EOM(1)
	.byte	0                       @ EOM(2)
	.byte	8                       @ Abbreviation Code
	.byte	22                      @ DW_TAG_typedef
	.byte	0                       @ DW_CHILDREN_no
	.byte	73                      @ DW_AT_type
	.byte	19                      @ DW_FORM_ref4
	.byte	3                       @ DW_AT_name
	.byte	14                      @ DW_FORM_strp
	.byte	58                      @ DW_AT_decl_file
	.byte	11                      @ DW_FORM_data1
	.byte	59                      @ DW_AT_decl_line
	.byte	5                       @ DW_FORM_data2
	.byte	0                       @ EOM(1)
	.byte	0                       @ EOM(2)
	.byte	9                       @ Abbreviation Code
	.byte	19                      @ DW_TAG_structure_type
	.byte	1                       @ DW_CHILDREN_yes
	.byte	11                      @ DW_AT_byte_size
	.byte	11                      @ DW_FORM_data1
	.byte	58                      @ DW_AT_decl_file
	.byte	11                      @ DW_FORM_data1
	.byte	59                      @ DW_AT_decl_line
	.byte	5                       @ DW_FORM_data2
	.byte	0                       @ EOM(1)
	.byte	0                       @ EOM(2)
	.byte	10                      @ Abbreviation Code
	.byte	13                      @ DW_TAG_member
	.byte	0                       @ DW_CHILDREN_no
	.byte	3                       @ DW_AT_name
	.byte	14                      @ DW_FORM_strp
	.byte	73                      @ DW_AT_type
	.byte	19                      @ DW_FORM_ref4
	.byte	58                      @ DW_AT_decl_file
	.byte	11                      @ DW_FORM_data1
	.byte	59                      @ DW_AT_decl_line
	.byte	5                       @ DW_FORM_data2
	.byte	56                      @ DW_AT_data_member_location
	.byte	11                      @ DW_FORM_data1
	.byte	0                       @ EOM(1)
	.byte	0                       @ EOM(2)
	.byte	11                      @ Abbreviation Code
	.byte	53                      @ DW_TAG_volatile_type
	.byte	0                       @ DW_CHILDREN_no
	.byte	73                      @ DW_AT_type
	.byte	19                      @ DW_FORM_ref4
	.byte	0                       @ EOM(1)
	.byte	0                       @ EOM(2)
	.byte	12                      @ Abbreviation Code
	.byte	1                       @ DW_TAG_array_type
	.byte	1                       @ DW_CHILDREN_yes
	.byte	73                      @ DW_AT_type
	.byte	19                      @ DW_FORM_ref4
	.byte	0                       @ EOM(1)
	.byte	0                       @ EOM(2)
	.byte	13                      @ Abbreviation Code
	.byte	33                      @ DW_TAG_subrange_type
	.byte	0                       @ DW_CHILDREN_no
	.byte	73                      @ DW_AT_type
	.byte	19                      @ DW_FORM_ref4
	.byte	55                      @ DW_AT_count
	.byte	11                      @ DW_FORM_data1
	.byte	0                       @ EOM(1)
	.byte	0                       @ EOM(2)
	.byte	14                      @ Abbreviation Code
	.byte	36                      @ DW_TAG_base_type
	.byte	0                       @ DW_CHILDREN_no
	.byte	3                       @ DW_AT_name
	.byte	14                      @ DW_FORM_strp
	.byte	11                      @ DW_AT_byte_size
	.byte	11                      @ DW_FORM_data1
	.byte	62                      @ DW_AT_encoding
	.byte	11                      @ DW_FORM_data1
	.byte	0                       @ EOM(1)
	.byte	0                       @ EOM(2)
	.byte	15                      @ Abbreviation Code
	.byte	46                      @ DW_TAG_subprogram
	.byte	1                       @ DW_CHILDREN_yes
	.byte	17                      @ DW_AT_low_pc
	.byte	1                       @ DW_FORM_addr
	.byte	18                      @ DW_AT_high_pc
	.byte	1                       @ DW_FORM_addr
	.byte	64                      @ DW_AT_frame_base
	.byte	10                      @ DW_FORM_block1
	.byte	3                       @ DW_AT_name
	.byte	14                      @ DW_FORM_strp
	.byte	58                      @ DW_AT_decl_file
	.byte	11                      @ DW_FORM_data1
	.byte	59                      @ DW_AT_decl_line
	.byte	11                      @ DW_FORM_data1
	.byte	39                      @ DW_AT_prototyped
	.byte	12                      @ DW_FORM_flag
	.byte	63                      @ DW_AT_external
	.byte	12                      @ DW_FORM_flag
	.byte	0                       @ EOM(1)
	.byte	0                       @ EOM(2)
	.byte	16                      @ Abbreviation Code
	.byte	52                      @ DW_TAG_variable
	.byte	0                       @ DW_CHILDREN_no
	.byte	2                       @ DW_AT_location
	.byte	6                       @ DW_FORM_data4
	.byte	3                       @ DW_AT_name
	.byte	14                      @ DW_FORM_strp
	.byte	58                      @ DW_AT_decl_file
	.byte	11                      @ DW_FORM_data1
	.byte	59                      @ DW_AT_decl_line
	.byte	11                      @ DW_FORM_data1
	.byte	73                      @ DW_AT_type
	.byte	19                      @ DW_FORM_ref4
	.byte	0                       @ EOM(1)
	.byte	0                       @ EOM(2)
	.byte	17                      @ Abbreviation Code
	.byte	46                      @ DW_TAG_subprogram
	.byte	0                       @ DW_CHILDREN_no
	.byte	17                      @ DW_AT_low_pc
	.byte	1                       @ DW_FORM_addr
	.byte	18                      @ DW_AT_high_pc
	.byte	1                       @ DW_FORM_addr
	.byte	64                      @ DW_AT_frame_base
	.byte	10                      @ DW_FORM_block1
	.byte	3                       @ DW_AT_name
	.byte	14                      @ DW_FORM_strp
	.byte	58                      @ DW_AT_decl_file
	.byte	11                      @ DW_FORM_data1
	.byte	59                      @ DW_AT_decl_line
	.byte	11                      @ DW_FORM_data1
	.byte	39                      @ DW_AT_prototyped
	.byte	12                      @ DW_FORM_flag
	.byte	63                      @ DW_AT_external
	.byte	12                      @ DW_FORM_flag
	.byte	0                       @ EOM(1)
	.byte	0                       @ EOM(2)
	.byte	18                      @ Abbreviation Code
	.byte	19                      @ DW_TAG_structure_type
	.byte	1                       @ DW_CHILDREN_yes
	.byte	11                      @ DW_AT_byte_size
	.byte	11                      @ DW_FORM_data1
	.byte	58                      @ DW_AT_decl_file
	.byte	11                      @ DW_FORM_data1
	.byte	59                      @ DW_AT_decl_line
	.byte	11                      @ DW_FORM_data1
	.byte	0                       @ EOM(1)
	.byte	0                       @ EOM(2)
	.byte	19                      @ Abbreviation Code
	.byte	13                      @ DW_TAG_member
	.byte	0                       @ DW_CHILDREN_no
	.byte	3                       @ DW_AT_name
	.byte	14                      @ DW_FORM_strp
	.byte	73                      @ DW_AT_type
	.byte	19                      @ DW_FORM_ref4
	.byte	58                      @ DW_AT_decl_file
	.byte	11                      @ DW_FORM_data1
	.byte	59                      @ DW_AT_decl_line
	.byte	11                      @ DW_FORM_data1
	.byte	56                      @ DW_AT_data_member_location
	.byte	11                      @ DW_FORM_data1
	.byte	0                       @ EOM(1)
	.byte	0                       @ EOM(2)
	.byte	0                       @ EOM(3)
	.section	.debug_info,"",%progbits
.Lcu_begin0:
	.long	.Ldebug_info_end0-.Ldebug_info_start0 @ Length of Unit
.Ldebug_info_start0:
	.short	3                       @ DWARF version number
	.long	.debug_abbrev           @ Offset Into Abbrev. Section
	.byte	4                       @ Address Size (in bytes)
	.byte	1                       @ Abbrev [1] 0xb:0x26e DW_TAG_compile_unit
	.long	.Linfo_string0          @ DW_AT_producer
	.short	12                      @ DW_AT_language
	.long	.Linfo_string1          @ DW_AT_name
	.long	.Lline_table_start0     @ DW_AT_stmt_list
	.long	.Linfo_string2          @ DW_AT_comp_dir
	.long	0                       @ DW_AT_low_pc
	.long	.Ldebug_ranges0         @ DW_AT_ranges
	.byte	2                       @ Abbrev [2] 0x26:0x21 DW_TAG_enumeration_type
	.long	71                      @ DW_AT_type
	.byte	1                       @ DW_AT_byte_size
	.byte	1                       @ DW_AT_decl_file
	.byte	65                      @ DW_AT_decl_line
	.byte	3                       @ Abbrev [3] 0x2e:0x6 DW_TAG_enumerator
	.long	.Linfo_string4          @ DW_AT_name
	.byte	0                       @ DW_AT_const_value
	.byte	3                       @ Abbrev [3] 0x34:0x6 DW_TAG_enumerator
	.long	.Linfo_string5          @ DW_AT_name
	.byte	1                       @ DW_AT_const_value
	.byte	3                       @ Abbrev [3] 0x3a:0x6 DW_TAG_enumerator
	.long	.Linfo_string6          @ DW_AT_name
	.byte	2                       @ DW_AT_const_value
	.byte	3                       @ Abbrev [3] 0x40:0x6 DW_TAG_enumerator
	.long	.Linfo_string7          @ DW_AT_name
	.byte	3                       @ DW_AT_const_value
	.byte	0                       @ End Of Children Mark
	.byte	4                       @ Abbrev [4] 0x47:0x7 DW_TAG_base_type
	.long	.Linfo_string3          @ DW_AT_name
	.byte	8                       @ DW_AT_encoding
	.byte	1                       @ DW_AT_byte_size
	.byte	2                       @ Abbrev [2] 0x4e:0x21 DW_TAG_enumeration_type
	.long	71                      @ DW_AT_type
	.byte	1                       @ DW_AT_byte_size
	.byte	1                       @ DW_AT_decl_file
	.byte	89                      @ DW_AT_decl_line
	.byte	3                       @ Abbrev [3] 0x56:0x6 DW_TAG_enumerator
	.long	.Linfo_string8          @ DW_AT_name
	.byte	0                       @ DW_AT_const_value
	.byte	3                       @ Abbrev [3] 0x5c:0x6 DW_TAG_enumerator
	.long	.Linfo_string9          @ DW_AT_name
	.byte	1                       @ DW_AT_const_value
	.byte	3                       @ Abbrev [3] 0x62:0x6 DW_TAG_enumerator
	.long	.Linfo_string10         @ DW_AT_name
	.byte	2                       @ DW_AT_const_value
	.byte	3                       @ Abbrev [3] 0x68:0x6 DW_TAG_enumerator
	.long	.Linfo_string11         @ DW_AT_name
	.byte	3                       @ DW_AT_const_value
	.byte	0                       @ End Of Children Mark
	.byte	2                       @ Abbrev [2] 0x6f:0x15 DW_TAG_enumeration_type
	.long	71                      @ DW_AT_type
	.byte	1                       @ DW_AT_byte_size
	.byte	1                       @ DW_AT_decl_file
	.byte	78                      @ DW_AT_decl_line
	.byte	3                       @ Abbrev [3] 0x77:0x6 DW_TAG_enumerator
	.long	.Linfo_string12         @ DW_AT_name
	.byte	0                       @ DW_AT_const_value
	.byte	3                       @ Abbrev [3] 0x7d:0x6 DW_TAG_enumerator
	.long	.Linfo_string13         @ DW_AT_name
	.byte	1                       @ DW_AT_const_value
	.byte	0                       @ End Of Children Mark
	.byte	2                       @ Abbrev [2] 0x84:0x1b DW_TAG_enumeration_type
	.long	71                      @ DW_AT_type
	.byte	1                       @ DW_AT_byte_size
	.byte	1                       @ DW_AT_decl_file
	.byte	109                     @ DW_AT_decl_line
	.byte	3                       @ Abbrev [3] 0x8c:0x6 DW_TAG_enumerator
	.long	.Linfo_string14         @ DW_AT_name
	.byte	0                       @ DW_AT_const_value
	.byte	3                       @ Abbrev [3] 0x92:0x6 DW_TAG_enumerator
	.long	.Linfo_string15         @ DW_AT_name
	.byte	1                       @ DW_AT_const_value
	.byte	3                       @ Abbrev [3] 0x98:0x6 DW_TAG_enumerator
	.long	.Linfo_string16         @ DW_AT_name
	.byte	2                       @ DW_AT_const_value
	.byte	0                       @ End Of Children Mark
	.byte	5                       @ Abbrev [5] 0x9f:0x16 DW_TAG_enumeration_type
	.long	71                      @ DW_AT_type
	.byte	1                       @ DW_AT_byte_size
	.byte	2                       @ DW_AT_decl_file
	.short	589                     @ DW_AT_decl_line
	.byte	3                       @ Abbrev [3] 0xa8:0x6 DW_TAG_enumerator
	.long	.Linfo_string17         @ DW_AT_name
	.byte	0                       @ DW_AT_const_value
	.byte	3                       @ Abbrev [3] 0xae:0x6 DW_TAG_enumerator
	.long	.Linfo_string18         @ DW_AT_name
	.byte	1                       @ DW_AT_const_value
	.byte	0                       @ End Of Children Mark
	.byte	2                       @ Abbrev [2] 0xb5:0x15 DW_TAG_enumeration_type
	.long	71                      @ DW_AT_type
	.byte	1                       @ DW_AT_byte_size
	.byte	1                       @ DW_AT_decl_file
	.byte	121                     @ DW_AT_decl_line
	.byte	3                       @ Abbrev [3] 0xbd:0x6 DW_TAG_enumerator
	.long	.Linfo_string19         @ DW_AT_name
	.byte	0                       @ DW_AT_const_value
	.byte	3                       @ Abbrev [3] 0xc3:0x6 DW_TAG_enumerator
	.long	.Linfo_string20         @ DW_AT_name
	.byte	1                       @ DW_AT_const_value
	.byte	0                       @ End Of Children Mark
	.byte	6                       @ Abbrev [6] 0xca:0xb DW_TAG_typedef
	.long	213                     @ DW_AT_type
	.long	.Linfo_string22         @ DW_AT_name
	.byte	3                       @ DW_AT_decl_file
	.byte	64                      @ DW_AT_decl_line
	.byte	4                       @ Abbrev [4] 0xd5:0x7 DW_TAG_base_type
	.long	.Linfo_string21         @ DW_AT_name
	.byte	7                       @ DW_AT_encoding
	.byte	4                       @ DW_AT_byte_size
	.byte	6                       @ Abbrev [6] 0xdc:0xb DW_TAG_typedef
	.long	231                     @ DW_AT_type
	.long	.Linfo_string24         @ DW_AT_name
	.byte	3                       @ DW_AT_decl_file
	.byte	63                      @ DW_AT_decl_line
	.byte	4                       @ Abbrev [4] 0xe7:0x7 DW_TAG_base_type
	.long	.Linfo_string23         @ DW_AT_name
	.byte	7                       @ DW_AT_encoding
	.byte	2                       @ DW_AT_byte_size
	.byte	7                       @ Abbrev [7] 0xee:0x5 DW_TAG_pointer_type
	.long	243                     @ DW_AT_type
	.byte	8                       @ Abbrev [8] 0xf3:0xc DW_TAG_typedef
	.long	255                     @ DW_AT_type
	.long	.Linfo_string36         @ DW_AT_name
	.byte	2                       @ DW_AT_decl_file
	.short	1091                    @ DW_AT_decl_line
	.byte	9                       @ Abbrev [9] 0xff:0x88 DW_TAG_structure_type
	.byte	40                      @ DW_AT_byte_size
	.byte	2                       @ DW_AT_decl_file
	.short	1079                    @ DW_AT_decl_line
	.byte	10                      @ Abbrev [10] 0x104:0xd DW_TAG_member
	.long	.Linfo_string25         @ DW_AT_name
	.long	391                     @ DW_AT_type
	.byte	2                       @ DW_AT_decl_file
	.short	1081                    @ DW_AT_decl_line
	.byte	0                       @ DW_AT_data_member_location
	.byte	10                      @ Abbrev [10] 0x111:0xd DW_TAG_member
	.long	.Linfo_string26         @ DW_AT_name
	.long	391                     @ DW_AT_type
	.byte	2                       @ DW_AT_decl_file
	.short	1082                    @ DW_AT_decl_line
	.byte	4                       @ DW_AT_data_member_location
	.byte	10                      @ Abbrev [10] 0x11e:0xd DW_TAG_member
	.long	.Linfo_string27         @ DW_AT_name
	.long	391                     @ DW_AT_type
	.byte	2                       @ DW_AT_decl_file
	.short	1083                    @ DW_AT_decl_line
	.byte	8                       @ DW_AT_data_member_location
	.byte	10                      @ Abbrev [10] 0x12b:0xd DW_TAG_member
	.long	.Linfo_string28         @ DW_AT_name
	.long	391                     @ DW_AT_type
	.byte	2                       @ DW_AT_decl_file
	.short	1084                    @ DW_AT_decl_line
	.byte	12                      @ DW_AT_data_member_location
	.byte	10                      @ Abbrev [10] 0x138:0xd DW_TAG_member
	.long	.Linfo_string29         @ DW_AT_name
	.long	391                     @ DW_AT_type
	.byte	2                       @ DW_AT_decl_file
	.short	1085                    @ DW_AT_decl_line
	.byte	16                      @ DW_AT_data_member_location
	.byte	10                      @ Abbrev [10] 0x145:0xd DW_TAG_member
	.long	.Linfo_string30         @ DW_AT_name
	.long	391                     @ DW_AT_type
	.byte	2                       @ DW_AT_decl_file
	.short	1086                    @ DW_AT_decl_line
	.byte	20                      @ DW_AT_data_member_location
	.byte	10                      @ Abbrev [10] 0x152:0xd DW_TAG_member
	.long	.Linfo_string31         @ DW_AT_name
	.long	396                     @ DW_AT_type
	.byte	2                       @ DW_AT_decl_file
	.short	1087                    @ DW_AT_decl_line
	.byte	24                      @ DW_AT_data_member_location
	.byte	10                      @ Abbrev [10] 0x15f:0xd DW_TAG_member
	.long	.Linfo_string32         @ DW_AT_name
	.long	396                     @ DW_AT_type
	.byte	2                       @ DW_AT_decl_file
	.short	1088                    @ DW_AT_decl_line
	.byte	26                      @ DW_AT_data_member_location
	.byte	10                      @ Abbrev [10] 0x16c:0xd DW_TAG_member
	.long	.Linfo_string33         @ DW_AT_name
	.long	391                     @ DW_AT_type
	.byte	2                       @ DW_AT_decl_file
	.short	1089                    @ DW_AT_decl_line
	.byte	28                      @ DW_AT_data_member_location
	.byte	10                      @ Abbrev [10] 0x179:0xd DW_TAG_member
	.long	.Linfo_string34         @ DW_AT_name
	.long	401                     @ DW_AT_type
	.byte	2                       @ DW_AT_decl_file
	.short	1090                    @ DW_AT_decl_line
	.byte	32                      @ DW_AT_data_member_location
	.byte	0                       @ End Of Children Mark
	.byte	11                      @ Abbrev [11] 0x187:0x5 DW_TAG_volatile_type
	.long	202                     @ DW_AT_type
	.byte	11                      @ Abbrev [11] 0x18c:0x5 DW_TAG_volatile_type
	.long	220                     @ DW_AT_type
	.byte	12                      @ Abbrev [12] 0x191:0xc DW_TAG_array_type
	.long	391                     @ DW_AT_type
	.byte	13                      @ Abbrev [13] 0x196:0x6 DW_TAG_subrange_type
	.long	413                     @ DW_AT_type
	.byte	2                       @ DW_AT_count
	.byte	0                       @ End Of Children Mark
	.byte	14                      @ Abbrev [14] 0x19d:0x7 DW_TAG_base_type
	.long	.Linfo_string35         @ DW_AT_name
	.byte	8                       @ DW_AT_byte_size
	.byte	7                       @ DW_AT_encoding
	.byte	15                      @ Abbrev [15] 0x1a4:0x23 DW_TAG_subprogram
	.long	.Lfunc_begin0           @ DW_AT_low_pc
	.long	.Lfunc_end0             @ DW_AT_high_pc
	.byte	1                       @ DW_AT_frame_base
	.byte	93
	.long	.Linfo_string37         @ DW_AT_name
	.byte	4                       @ DW_AT_decl_file
	.byte	27                      @ DW_AT_decl_line
	.byte	1                       @ DW_AT_prototyped
	.byte	1                       @ DW_AT_external
	.byte	16                      @ Abbrev [16] 0x1b7:0xf DW_TAG_variable
	.long	.Ldebug_loc0            @ DW_AT_location
	.long	.Linfo_string41         @ DW_AT_name
	.byte	4                       @ DW_AT_decl_file
	.byte	29                      @ DW_AT_decl_line
	.long	512                     @ DW_AT_type
	.byte	0                       @ End Of Children Mark
	.byte	17                      @ Abbrev [17] 0x1c7:0x13 DW_TAG_subprogram
	.long	.Lfunc_begin1           @ DW_AT_low_pc
	.long	.Lfunc_end1             @ DW_AT_high_pc
	.byte	1                       @ DW_AT_frame_base
	.byte	93
	.long	.Linfo_string38         @ DW_AT_name
	.byte	4                       @ DW_AT_decl_file
	.byte	42                      @ DW_AT_decl_line
	.byte	1                       @ DW_AT_prototyped
	.byte	1                       @ DW_AT_external
	.byte	17                      @ Abbrev [17] 0x1da:0x13 DW_TAG_subprogram
	.long	.Lfunc_begin2           @ DW_AT_low_pc
	.long	.Lfunc_end2             @ DW_AT_high_pc
	.byte	1                       @ DW_AT_frame_base
	.byte	93
	.long	.Linfo_string39         @ DW_AT_name
	.byte	4                       @ DW_AT_decl_file
	.byte	47                      @ DW_AT_decl_line
	.byte	1                       @ DW_AT_prototyped
	.byte	1                       @ DW_AT_external
	.byte	17                      @ Abbrev [17] 0x1ed:0x13 DW_TAG_subprogram
	.long	.Lfunc_begin3           @ DW_AT_low_pc
	.long	.Lfunc_end3             @ DW_AT_high_pc
	.byte	1                       @ DW_AT_frame_base
	.byte	93
	.long	.Linfo_string40         @ DW_AT_name
	.byte	4                       @ DW_AT_decl_file
	.byte	52                      @ DW_AT_decl_line
	.byte	1                       @ DW_AT_prototyped
	.byte	1                       @ DW_AT_external
	.byte	6                       @ Abbrev [6] 0x200:0xb DW_TAG_typedef
	.long	523                     @ DW_AT_type
	.long	.Linfo_string51         @ DW_AT_name
	.byte	1                       @ DW_AT_decl_file
	.byte	148                     @ DW_AT_decl_line
	.byte	18                      @ Abbrev [18] 0x20b:0x41 DW_TAG_structure_type
	.byte	8                       @ DW_AT_byte_size
	.byte	1                       @ DW_AT_decl_file
	.byte	132                     @ DW_AT_decl_line
	.byte	19                      @ Abbrev [19] 0x20f:0xc DW_TAG_member
	.long	.Linfo_string42         @ DW_AT_name
	.long	202                     @ DW_AT_type
	.byte	1                       @ DW_AT_decl_file
	.byte	134                     @ DW_AT_decl_line
	.byte	0                       @ DW_AT_data_member_location
	.byte	19                      @ Abbrev [19] 0x21b:0xc DW_TAG_member
	.long	.Linfo_string43         @ DW_AT_name
	.long	588                     @ DW_AT_type
	.byte	1                       @ DW_AT_decl_file
	.byte	137                     @ DW_AT_decl_line
	.byte	4                       @ DW_AT_data_member_location
	.byte	19                      @ Abbrev [19] 0x227:0xc DW_TAG_member
	.long	.Linfo_string45         @ DW_AT_name
	.long	599                     @ DW_AT_type
	.byte	1                       @ DW_AT_decl_file
	.byte	140                     @ DW_AT_decl_line
	.byte	5                       @ DW_AT_data_member_location
	.byte	19                      @ Abbrev [19] 0x233:0xc DW_TAG_member
	.long	.Linfo_string47         @ DW_AT_name
	.long	610                     @ DW_AT_type
	.byte	1                       @ DW_AT_decl_file
	.byte	143                     @ DW_AT_decl_line
	.byte	6                       @ DW_AT_data_member_location
	.byte	19                      @ Abbrev [19] 0x23f:0xc DW_TAG_member
	.long	.Linfo_string49         @ DW_AT_name
	.long	621                     @ DW_AT_type
	.byte	1                       @ DW_AT_decl_file
	.byte	146                     @ DW_AT_decl_line
	.byte	7                       @ DW_AT_data_member_location
	.byte	0                       @ End Of Children Mark
	.byte	6                       @ Abbrev [6] 0x24c:0xb DW_TAG_typedef
	.long	38                      @ DW_AT_type
	.long	.Linfo_string44         @ DW_AT_name
	.byte	1                       @ DW_AT_decl_file
	.byte	71                      @ DW_AT_decl_line
	.byte	6                       @ Abbrev [6] 0x257:0xb DW_TAG_typedef
	.long	78                      @ DW_AT_type
	.long	.Linfo_string46         @ DW_AT_name
	.byte	1                       @ DW_AT_decl_file
	.byte	95                      @ DW_AT_decl_line
	.byte	6                       @ Abbrev [6] 0x262:0xb DW_TAG_typedef
	.long	111                     @ DW_AT_type
	.long	.Linfo_string48         @ DW_AT_name
	.byte	1                       @ DW_AT_decl_file
	.byte	82                      @ DW_AT_decl_line
	.byte	6                       @ Abbrev [6] 0x26d:0xb DW_TAG_typedef
	.long	132                     @ DW_AT_type
	.long	.Linfo_string50         @ DW_AT_name
	.byte	1                       @ DW_AT_decl_file
	.byte	114                     @ DW_AT_decl_line
	.byte	0                       @ End Of Children Mark
.Ldebug_info_end0:
	.section	.debug_ranges,"",%progbits
.Ldebug_ranges0:
	.long	.Lfunc_begin0
	.long	.Lfunc_end0
	.long	.Lfunc_begin1
	.long	.Lfunc_end1
	.long	.Lfunc_begin2
	.long	.Lfunc_end2
	.long	.Lfunc_begin3
	.long	.Lfunc_end3
	.long	0
	.long	0
	.section	.debug_macinfo,"",%progbits
	.byte	0                       @ End Of Macro List Mark

	.ident	"Component: ARM Compiler 6.12 Tool: armclang [5d624a00]"
	.section	".note.GNU-stack","",%progbits
	.eabi_attribute	30, 3	@ Tag_ABI_optimization_goals
	.ARM_attribute	16, 1	@ Tag_AV_eba
	.section	.debug_line,"",%progbits
.Lline_table_start0:
