	.text
	.syntax unified
	.eabi_attribute	67, "2.09"	@ Tag_conformance
	.cpu	cortex-m4
	.eabi_attribute	6, 13	@ Tag_CPU_arch
	.eabi_attribute	7, 77	@ Tag_CPU_arch_profile
	.eabi_attribute	8, 0	@ Tag_ARM_ISA_use
	.eabi_attribute	9, 2	@ Tag_THUMB_ISA_use
	.fpu	fpv4-sp-d16
	.eabi_attribute	27, 1	@ Tag_ABI_HardFP_use
	.eabi_attribute	36, 1	@ Tag_FP_HP_extension
	.eabi_attribute	34, 1	@ Tag_CPU_unaligned_access
	.eabi_attribute	17, 1	@ Tag_ABI_PCS_GOT_use
	.eabi_attribute	20, 2	@ Tag_ABI_FP_denormal
	.eabi_attribute	21, 0	@ Tag_ABI_FP_exceptions
	.eabi_attribute	23, 1	@ Tag_ABI_FP_number_model
	.eabi_attribute	24, 1	@ Tag_ABI_align_needed
	.eabi_attribute	25, 1	@ Tag_ABI_align_preserved
	.eabi_attribute	28, 1	@ Tag_ABI_VFP_args
	.eabi_attribute	38, 1	@ Tag_ABI_FP_16bit_format
	.eabi_attribute	18, 2	@ Tag_ABI_PCS_wchar_t
	.eabi_attribute	26, 1	@ Tag_ABI_enum_size
	.eabi_attribute	14, 0	@ Tag_ABI_PCS_R9_use
	.file	"common.c"
	.section	.text.Delay,"ax",%progbits
	.hidden	Delay                   @ -- Begin function Delay
	.globl	Delay
	.p2align	1
	.type	Delay,%function
	.code	16                      @ @Delay
	.thumb_func
Delay:
.Lfunc_begin0:
	.file	1 "F:\\SkyDrive\\OtvoreniProjekti\\HotelSaplast\\fw\\KontrolerHotela\\HC070318\\Project" "../Application/common.c"
	.loc	1 29 0                  @ ../Application/common.c:29:0
	.fnstart
	.cfi_sections .debug_frame
	.cfi_startproc
@ %bb.0:
	.pad	#8
	sub	sp, #8
	.cfi_def_cfa_offset 8
	str	r0, [sp, #4]
	movs	r0, #0
	movw	r1, #14464
.Ltmp0:
	.loc	1 30 16 prologue_end    @ ../Application/common.c:30:16
	str	r0, [sp]
	movt	r1, #1
.Ltmp1:
	.loc	1 32 20                 @ ../Application/common.c:32:20
	ldr	r0, [sp, #4]
	.loc	1 32 19 is_stmt 0       @ ../Application/common.c:32:19
	muls	r0, r1, r0
	b	.LBB0_2
	.p2align	2
.LBB0_1:                                @   in Loop: Header=BB0_2 Depth=1
.Ltmp2:
	.loc	1 32 45                 @ ../Application/common.c:32:45
	ldr	r0, [sp]
	subs	r0, #1
.Ltmp3:
.LBB0_2:                                @ =>This Inner Loop Header: Depth=1
	.loc	1 0 0                   @ ../Application/common.c:0:0
	str	r0, [sp]
.Ltmp4:
	.loc	1 32 28                 @ ../Application/common.c:32:28
	ldr	r0, [sp]
.Ltmp5:
	.loc	1 32 2                  @ ../Application/common.c:32:2
	cmp	r0, #0
	bne	.LBB0_1
.Ltmp6:
@ %bb.3:
	.loc	1 35 1 is_stmt 1        @ ../Application/common.c:35:1
	add	sp, #8
	bx	lr
.Ltmp7:
.Lfunc_end0:
	.size	Delay, .Lfunc_end0-Delay
	.cfi_endproc
	.cantunwind
	.fnend
                                        @ -- End function
	.section	.text.GetLenght,"ax",%progbits
	.hidden	GetLenght               @ -- Begin function GetLenght
	.globl	GetLenght
	.p2align	1
	.type	GetLenght,%function
	.code	16                      @ @GetLenght
	.thumb_func
GetLenght:
.Lfunc_begin1:
	.loc	1 38 0                  @ ../Application/common.c:38:0
	.fnstart
	.cfi_startproc
@ %bb.0:
	@DEBUG_VALUE: GetLenght:p <- $r0
	@DEBUG_VALUE: GetLenght:p <- $r0
	@DEBUG_VALUE: GetLenght:Len <- 0
	.loc	1 41 17 prologue_end    @ ../Application/common.c:41:17
	ldrb	r1, [r0]
.Ltmp8:
	.loc	1 41 3 is_stmt 0        @ ../Application/common.c:41:3
	cbz	r1, .LBB1_4
.Ltmp9:
@ %bb.1:
	@DEBUG_VALUE: GetLenght:p <- $r0
	.loc	1 41 19                 @ ../Application/common.c:41:19
	adds	r1, r0, #1
	movs	r0, #0
.Ltmp10:
	.p2align	2
.LBB1_2:                                @ =>This Inner Loop Header: Depth=1
	@DEBUG_VALUE: GetLenght:p <- undef
	@DEBUG_VALUE: GetLenght:Len <- $r0
	@DEBUG_VALUE: GetLenght:p <- [DW_OP_plus_uconst 1, DW_OP_stack_value] undef
	.loc	1 41 17                 @ ../Application/common.c:41:17
	ldrb	r2, [r1, r0]
	.loc	1 41 26                 @ ../Application/common.c:41:26
	adds	r0, #1
.Ltmp11:
	@DEBUG_VALUE: GetLenght:Len <- $r0
	.loc	1 41 3                  @ ../Application/common.c:41:3
	cmp	r2, #0
	bne	.LBB1_2
.Ltmp12:
@ %bb.3:
	@DEBUG_VALUE: GetLenght:Len <- $r0
	@DEBUG_VALUE: GetLenght:Len <- $r0
	.loc	1 42 3 is_stmt 1        @ ../Application/common.c:42:3
	bx	lr
.Ltmp13:
.LBB1_4:
	@DEBUG_VALUE: GetLenght:p <- $r0
	.loc	1 0 3 is_stmt 0         @ ../Application/common.c:0:3
	movs	r0, #0
.Ltmp14:
	@DEBUG_VALUE: GetLenght:Len <- $r0
	.loc	1 42 3                  @ ../Application/common.c:42:3
	bx	lr
.Ltmp15:
.Lfunc_end1:
	.size	GetLenght, .Lfunc_end1-GetLenght
	.cfi_endproc
	.cantunwind
	.fnend
                                        @ -- End function
	.section	.text.Str2Hex,"ax",%progbits
	.hidden	Str2Hex                 @ -- Begin function Str2Hex
	.globl	Str2Hex
	.p2align	1
	.type	Str2Hex,%function
	.code	16                      @ @Str2Hex
	.thumb_func
Str2Hex:
.Lfunc_begin2:
	.loc	1 46 0 is_stmt 1        @ ../Application/common.c:46:0
	.fnstart
	.cfi_startproc
@ %bb.0:
	.save	{r4, lr}
	push	{r4, lr}
	.cfi_def_cfa_offset 8
	.cfi_offset lr, -4
	.cfi_offset r4, -8
	@DEBUG_VALUE: Str2Hex:p_str <- $r0
	@DEBUG_VALUE: Str2Hex:p_str <- $r0
	@DEBUG_VALUE: Str2Hex:lenght <- $r1
	@DEBUG_VALUE: Str2Hex:lenght <- $r1
	@DEBUG_VALUE: Str2Hex:p_hex <- $r2
	@DEBUG_VALUE: Str2Hex:p_hex <- $r2
.Ltmp16:
	@DEBUG_VALUE: Str2Hex:hex_cnt <- 0
	@DEBUG_VALUE: Str2Hex:str_cnt <- 0
	.loc	1 49 2 prologue_end     @ ../Application/common.c:49:2
	cbz	r1, .LBB2_6
.Ltmp17:
@ %bb.1:
	@DEBUG_VALUE: Str2Hex:p_hex <- $r2
	@DEBUG_VALUE: Str2Hex:lenght <- $r1
	@DEBUG_VALUE: Str2Hex:p_str <- $r0
	.loc	1 51 7                  @ ../Application/common.c:51:7
	adds	r0, #1
.Ltmp18:
	.loc	1 0 7 is_stmt 0         @ ../Application/common.c:0:7
	mvn	r12, #111
.Ltmp19:
	.p2align	2
.LBB2_2:                                @ =>This Inner Loop Header: Depth=1
	@DEBUG_VALUE: Str2Hex:p_hex <- $r2
	@DEBUG_VALUE: Str2Hex:lenght <- $r1
	@DEBUG_VALUE: Str2Hex:lenght <- $r1
	@DEBUG_VALUE: Str2Hex:hex_cnt <- undef
	@DEBUG_VALUE: Str2Hex:str_cnt <- undef
	.loc	1 51 7                  @ ../Application/common.c:51:7
	ldrb	lr, [r0, #-1]
	.loc	1 51 22                 @ ../Application/common.c:51:22
	sub.w	r4, lr, #48
.Ltmp20:
	.loc	1 51 6                  @ ../Application/common.c:51:6
	lsls	r3, r4, #4
	cmp	r4, #9
	it	gt
	addgt.w	r3, r12, lr, lsl #4
.Ltmp21:
	.loc	1 52 23 is_stmt 1       @ ../Application/common.c:52:23
	strb	r3, [r2]
.Ltmp22:
	.loc	1 54 7                  @ ../Application/common.c:54:7
	ldrb.w	lr, [r0]
	.loc	1 54 22 is_stmt 0       @ ../Application/common.c:54:22
	sub.w	r4, lr, #48
.Ltmp23:
	.loc	1 54 6                  @ ../Application/common.c:54:6
	cmp	r4, #10
	blt	.LBB2_4
.Ltmp24:
@ %bb.3:                                @   in Loop: Header=BB2_2 Depth=1
	@DEBUG_VALUE: Str2Hex:p_hex <- $r2
	@DEBUG_VALUE: Str2Hex:lenght <- $r1
	.loc	1 54 51                 @ ../Application/common.c:54:51
	sub.w	r4, lr, #65
	uxtb	r4, r4
	cmp	r4, #6
	mvn	r4, #86
	it	lo
	mvnlo	r4, #54
	add	r4, lr
	.loc	1 54 48                 @ ../Application/common.c:54:48
	add	r3, r4
	b	.LBB2_5
.Ltmp25:
	.p2align	2
.LBB2_4:                                @   in Loop: Header=BB2_2 Depth=1
	@DEBUG_VALUE: Str2Hex:p_hex <- $r2
	@DEBUG_VALUE: Str2Hex:lenght <- $r1
	.loc	1 55 23 is_stmt 1       @ ../Application/common.c:55:23
	add	r3, r4
.Ltmp26:
.LBB2_5:                                @   in Loop: Header=BB2_2 Depth=1
	@DEBUG_VALUE: Str2Hex:p_hex <- $r2
	@DEBUG_VALUE: Str2Hex:lenght <- $r1
	.loc	1 58 3                  @ ../Application/common.c:58:3
	subs	r1, #1
.Ltmp27:
	@DEBUG_VALUE: Str2Hex:lenght <- $r1
	.loc	1 0 0 is_stmt 0         @ ../Application/common.c:0:0
	strb	r3, [r2], #1
.Ltmp28:
	@DEBUG_VALUE: Str2Hex:hex_cnt <- [DW_OP_plus_uconst 1, DW_OP_stack_value] undef
	@DEBUG_VALUE: Str2Hex:str_cnt <- [DW_OP_plus_uconst 2, DW_OP_stack_value] undef
	.loc	1 49 2 is_stmt 1        @ ../Application/common.c:49:2
	adds	r0, #2
	lsls	r3, r1, #16
	bne	.LBB2_2
.Ltmp29:
.LBB2_6:
	@DEBUG_VALUE: Str2Hex:lenght <- $r1
	.loc	1 60 1                  @ ../Application/common.c:60:1
	pop	{r4, pc}
.Ltmp30:
.Lfunc_end2:
	.size	Str2Hex, .Lfunc_end2-Str2Hex
	.cfi_endproc
	.cantunwind
	.fnend
                                        @ -- End function
	.section	.text.Hex2Str,"ax",%progbits
	.hidden	Hex2Str                 @ -- Begin function Hex2Str
	.globl	Hex2Str
	.p2align	1
	.type	Hex2Str,%function
	.code	16                      @ @Hex2Str
	.thumb_func
Hex2Str:
.Lfunc_begin3:
	.loc	1 63 0                  @ ../Application/common.c:63:0
	.fnstart
	.cfi_startproc
@ %bb.0:
	.save	{r4, lr}
	push	{r4, lr}
	.cfi_def_cfa_offset 8
	.cfi_offset lr, -4
	.cfi_offset r4, -8
	@DEBUG_VALUE: Hex2Str:p_hex <- $r0
	@DEBUG_VALUE: Hex2Str:p_hex <- $r0
	@DEBUG_VALUE: Hex2Str:lenght <- $r1
	@DEBUG_VALUE: Hex2Str:lenght <- $r1
	@DEBUG_VALUE: Hex2Str:p_str <- $r2
	@DEBUG_VALUE: Hex2Str:p_str <- $r2
.Ltmp31:
	@DEBUG_VALUE: Hex2Str:hex_cnt <- 0
	@DEBUG_VALUE: Hex2Str:str_cnt <- 0
	.loc	1 66 2 prologue_end     @ ../Application/common.c:66:2
	cbz	r1, .LBB3_3
.Ltmp32:
@ %bb.1:
	@DEBUG_VALUE: Hex2Str:p_str <- $r2
	@DEBUG_VALUE: Hex2Str:lenght <- $r1
	@DEBUG_VALUE: Hex2Str:p_hex <- $r0
	.loc	1 68 7                  @ ../Application/common.c:68:7
	adds	r4, r2, #1
	mov.w	r12, #55
.Ltmp33:
	.p2align	2
.LBB3_2:                                @ =>This Inner Loop Header: Depth=1
	@DEBUG_VALUE: Hex2Str:p_str <- $r2
	@DEBUG_VALUE: Hex2Str:lenght <- $r1
	@DEBUG_VALUE: Hex2Str:p_hex <- $r0
	@DEBUG_VALUE: Hex2Str:lenght <- $r1
	@DEBUG_VALUE: Hex2Str:hex_cnt <- undef
	@DEBUG_VALUE: Hex2Str:str_cnt <- undef
	ldrb.w	lr, [r0]
.Ltmp34:
	.loc	1 75 3                  @ ../Application/common.c:75:3
	subs	r1, #1
.Ltmp35:
	@DEBUG_VALUE: Hex2Str:lenght <- $r1
	.loc	1 68 22                 @ ../Application/common.c:68:22
	lsr.w	r3, lr, #4
.Ltmp36:
	.loc	1 68 6 is_stmt 0        @ ../Application/common.c:68:6
	cmp.w	lr, #159
	add.w	r3, r3, #48
	it	hi
	addhi.w	r3, r12, lr, lsr #4
.Ltmp37:
	.loc	1 69 23 is_stmt 1       @ ../Application/common.c:69:23
	strb	r3, [r4, #-1]
.Ltmp38:
	.loc	1 71 7                  @ ../Application/common.c:71:7
	ldrb	r3, [r0], #1
.Ltmp39:
	.loc	1 71 22 is_stmt 0       @ ../Application/common.c:71:22
	and	r3, r3, #15
.Ltmp40:
	.loc	1 71 6                  @ ../Application/common.c:71:6
	add.w	r2, r3, #48
.Ltmp41:
	cmp	r3, #9
	it	hi
	addhi.w	r2, r3, #55
.Ltmp42:
	.loc	1 72 24 is_stmt 1       @ ../Application/common.c:72:24
	strb	r2, [r4]
.Ltmp43:
	@DEBUG_VALUE: Hex2Str:hex_cnt <- [DW_OP_plus_uconst 1, DW_OP_stack_value] undef
	@DEBUG_VALUE: Hex2Str:str_cnt <- [DW_OP_plus_uconst 2, DW_OP_stack_value] undef
	.loc	1 66 2                  @ ../Application/common.c:66:2
	adds	r4, #2
	lsls	r2, r1, #16
	bne	.LBB3_2
.Ltmp44:
.LBB3_3:
	@DEBUG_VALUE: Hex2Str:lenght <- $r1
	.loc	1 77 1                  @ ../Application/common.c:77:1
	pop	{r4, pc}
.Ltmp45:
.Lfunc_end3:
	.size	Hex2Str, .Lfunc_end3-Hex2Str
	.cfi_endproc
	.cantunwind
	.fnend
                                        @ -- End function
	.section	.text.Int2Str,"ax",%progbits
	.hidden	Int2Str                 @ -- Begin function Int2Str
	.globl	Int2Str
	.p2align	1
	.type	Int2Str,%function
	.code	16                      @ @Int2Str
	.thumb_func
Int2Str:
.Lfunc_begin4:
	.loc	1 79 0                  @ ../Application/common.c:79:0
	.fnstart
	.cfi_startproc
@ %bb.0:
	.save	{r4, r5, r6, lr}
	push	{r4, r5, r6, lr}
	.cfi_def_cfa_offset 16
	.cfi_offset lr, -4
	.cfi_offset r6, -8
	.cfi_offset r5, -12
	.cfi_offset r4, -16
	@DEBUG_VALUE: Int2Str:p_str <- $r0
	@DEBUG_VALUE: Int2Str:p_str <- $r0
	@DEBUG_VALUE: Int2Str:intnum <- $r1
	movw	r12, #51712
	movw	lr, #52429
	movs	r3, #0
	movs	r2, #10
.Ltmp46:
	@DEBUG_VALUE: Int2Str:i <- 0
	@DEBUG_VALUE: Int2Str:status <- 0
	@DEBUG_VALUE: Int2Str:pos <- 0
	@DEBUG_VALUE: Int2Str:divider <- 1000000000
	movs	r4, #0
	movt	r12, #15258
	movt	lr, #52428
.Ltmp47:
	.p2align	2
.LBB4_1:                                @ =>This Inner Loop Header: Depth=1
	@DEBUG_VALUE: Int2Str:intnum <- $r1
	@DEBUG_VALUE: Int2Str:p_str <- $r0
	@DEBUG_VALUE: Int2Str:intnum <- $r1
	@DEBUG_VALUE: Int2Str:divider <- $r12
	@DEBUG_VALUE: Int2Str:pos <- $r4
	@DEBUG_VALUE: Int2Str:status <- $r3
	@DEBUG_VALUE: Int2Str:i <- undef
	.loc	1 84 28 prologue_end    @ ../Application/common.c:84:28
	udiv	r5, r1, r12
	.loc	1 84 20 is_stmt 0       @ ../Application/common.c:84:20
	add.w	r6, r5, #48
	mls	r1, r5, r12, r1
.Ltmp48:
	@DEBUG_VALUE: Int2Str:intnum <- $r1
	uxtb	r5, r5
.Ltmp49:
	.loc	1 88 41 is_stmt 1       @ ../Application/common.c:88:41
	orrs	r5, r3
.Ltmp50:
	.loc	1 84 18                 @ ../Application/common.c:84:18
	strb	r6, [r0, r4]
	.loc	1 88 9                  @ ../Application/common.c:88:9
	mov	r6, r5
	itt	ne
	addne	r6, r4, #1
.Ltmp51:
	@DEBUG_VALUE: Int2Str:pos <- $r6
	.loc	1 88 31 is_stmt 0       @ ../Application/common.c:88:31
	movne	r5, #1
.Ltmp52:
	.loc	1 88 9                  @ ../Application/common.c:88:9
	add	r3, r5
.Ltmp53:
	@DEBUG_VALUE: Int2Str:status <- $r3
	.loc	1 82 17 is_stmt 1       @ ../Application/common.c:82:17
	subs	r2, #1
.Ltmp54:
	.loc	1 87 13                 @ ../Application/common.c:87:13
	umull	r5, r4, r12, lr
	lsr.w	r12, r4, #3
.Ltmp55:
	@DEBUG_VALUE: Int2Str:i <- [DW_OP_plus_uconst 1, DW_OP_stack_value] undef
	@DEBUG_VALUE: Int2Str:divider <- $r12
	.loc	1 0 13 is_stmt 0        @ ../Application/common.c:0:13
	mov	r4, r6
.Ltmp56:
	@DEBUG_VALUE: Int2Str:pos <- $r4
	@DEBUG_VALUE: Int2Str:pos <- $r4
	.loc	1 82 3 is_stmt 1        @ ../Application/common.c:82:3
	bne	.LBB4_1
.Ltmp57:
@ %bb.2:
	@DEBUG_VALUE: Int2Str:status <- $r3
	@DEBUG_VALUE: Int2Str:pos <- $r4
	@DEBUG_VALUE: Int2Str:divider <- $r12
	@DEBUG_VALUE: Int2Str:intnum <- $r1
	@DEBUG_VALUE: Int2Str:p_str <- $r0
	.loc	1 97 1                  @ ../Application/common.c:97:1
	pop	{r4, r5, r6, pc}
.Ltmp58:
.Lfunc_end4:
	.size	Int2Str, .Lfunc_end4-Int2Str
	.cfi_endproc
	.cantunwind
	.fnend
                                        @ -- End function
	.section	.text.Str2Int,"ax",%progbits
	.hidden	Str2Int                 @ -- Begin function Str2Int
	.globl	Str2Int
	.p2align	1
	.type	Str2Int,%function
	.code	16                      @ @Str2Int
	.thumb_func
Str2Int:
.Lfunc_begin5:
	.loc	1 101 0                 @ ../Application/common.c:101:0
	.fnstart
	.cfi_startproc
@ %bb.0:
	.save	{r4, lr}
	push	{r4, lr}
	.cfi_def_cfa_offset 8
	.cfi_offset lr, -4
	.cfi_offset r4, -8
	@DEBUG_VALUE: Str2Int:p_inputstr <- $r0
	@DEBUG_VALUE: Str2Int:p_inputstr <- $r0
	@DEBUG_VALUE: Str2Int:p_intnum <- $r1
	@DEBUG_VALUE: Str2Int:p_intnum <- $r1
.Ltmp59:
	@DEBUG_VALUE: Str2Int:i <- 0
	@DEBUG_VALUE: Str2Int:res <- 0
	@DEBUG_VALUE: Str2Int:val <- 0
	.loc	1 105 8 prologue_end    @ ../Application/common.c:105:8
	ldrb	r3, [r0]
	.loc	1 105 30 is_stmt 0      @ ../Application/common.c:105:30
	cmp	r3, #48
	bne	.LBB5_15
.Ltmp60:
@ %bb.1:
	@DEBUG_VALUE: Str2Int:p_intnum <- $r1
	@DEBUG_VALUE: Str2Int:p_inputstr <- $r0
	.loc	1 105 35                @ ../Application/common.c:105:35
	ldrb	r2, [r0, #1]
	.loc	1 105 57                @ ../Application/common.c:105:57
	orr	r2, r2, #32
	cmp	r2, #120
	bne	.LBB5_15
.Ltmp61:
@ %bb.2:
	@DEBUG_VALUE: Str2Int:p_intnum <- $r1
	@DEBUG_VALUE: Str2Int:p_inputstr <- $r0
	.loc	1 0 57                  @ ../Application/common.c:0:57
	movs	r4, #2
	mov.w	r12, #0
.Ltmp62:
	.p2align	2
.LBB5_3:                                @ =>This Inner Loop Header: Depth=1
	@DEBUG_VALUE: Str2Int:p_intnum <- $r1
	@DEBUG_VALUE: Str2Int:p_inputstr <- $r0
	@DEBUG_VALUE: Str2Int:i <- $r4
	@DEBUG_VALUE: Str2Int:val <- $r12
	.loc	1 108 29 is_stmt 1      @ ../Application/common.c:108:29
	ldrb	r2, [r0, r4]
	.loc	1 108 5 is_stmt 0       @ ../Application/common.c:108:5
	cbz	r2, .LBB5_13
.Ltmp63:
@ %bb.4:                                @   in Loop: Header=BB5_3 Depth=1
	@DEBUG_VALUE: Str2Int:val <- $r12
	@DEBUG_VALUE: Str2Int:i <- $r4
	@DEBUG_VALUE: Str2Int:p_intnum <- $r1
	@DEBUG_VALUE: Str2Int:p_inputstr <- $r0
	.loc	1 110 11 is_stmt 1      @ ../Application/common.c:110:11
	cmp	r2, #65
	blo	.LBB5_7
.Ltmp64:
@ %bb.5:                                @   in Loop: Header=BB5_3 Depth=1
	@DEBUG_VALUE: Str2Int:val <- $r12
	@DEBUG_VALUE: Str2Int:i <- $r4
	@DEBUG_VALUE: Str2Int:p_intnum <- $r1
	@DEBUG_VALUE: Str2Int:p_inputstr <- $r0
	cmp	r2, #71
	bhs	.LBB5_9
.Ltmp65:
@ %bb.6:                                @   in Loop: Header=BB5_3 Depth=1
	@DEBUG_VALUE: Str2Int:val <- $r12
	@DEBUG_VALUE: Str2Int:i <- $r4
	@DEBUG_VALUE: Str2Int:p_intnum <- $r1
	@DEBUG_VALUE: Str2Int:p_inputstr <- $r0
	.loc	1 0 11 is_stmt 0        @ ../Application/common.c:0:11
	mvn	lr, #54
	b	.LBB5_11
.Ltmp66:
	.p2align	2
.LBB5_7:                                @   in Loop: Header=BB5_3 Depth=1
	@DEBUG_VALUE: Str2Int:val <- $r12
	@DEBUG_VALUE: Str2Int:i <- $r4
	@DEBUG_VALUE: Str2Int:p_intnum <- $r1
	@DEBUG_VALUE: Str2Int:p_inputstr <- $r0
	.loc	1 110 11                @ ../Application/common.c:110:11
	sub.w	r3, r2, #48
	cmp	r3, #9
	bhi	.LBB5_24
.Ltmp67:
@ %bb.8:                                @   in Loop: Header=BB5_3 Depth=1
	@DEBUG_VALUE: Str2Int:val <- $r12
	@DEBUG_VALUE: Str2Int:i <- $r4
	@DEBUG_VALUE: Str2Int:p_intnum <- $r1
	@DEBUG_VALUE: Str2Int:p_inputstr <- $r0
	.loc	1 0 11                  @ ../Application/common.c:0:11
	mvn	lr, #47
	b	.LBB5_11
.Ltmp68:
	.p2align	2
.LBB5_9:                                @   in Loop: Header=BB5_3 Depth=1
	@DEBUG_VALUE: Str2Int:val <- $r12
	@DEBUG_VALUE: Str2Int:i <- $r4
	@DEBUG_VALUE: Str2Int:p_intnum <- $r1
	@DEBUG_VALUE: Str2Int:p_inputstr <- $r0
	.loc	1 110 11                @ ../Application/common.c:110:11
	sub.w	r3, r2, #97
	cmp	r3, #6
	bhs	.LBB5_24
.Ltmp69:
@ %bb.10:                               @   in Loop: Header=BB5_3 Depth=1
	@DEBUG_VALUE: Str2Int:val <- $r12
	@DEBUG_VALUE: Str2Int:i <- $r4
	@DEBUG_VALUE: Str2Int:p_intnum <- $r1
	@DEBUG_VALUE: Str2Int:p_inputstr <- $r0
	.loc	1 0 11                  @ ../Application/common.c:0:11
	mvn	lr, #86
.Ltmp70:
.LBB5_11:                               @   in Loop: Header=BB5_3 Depth=1
	@DEBUG_VALUE: Str2Int:val <- $r12
	@DEBUG_VALUE: Str2Int:i <- $r4
	@DEBUG_VALUE: Str2Int:p_intnum <- $r1
	@DEBUG_VALUE: Str2Int:p_inputstr <- $r0
	.loc	1 112 28 is_stmt 1      @ ../Application/common.c:112:28
	add	r2, lr
.Ltmp71:
	.loc	1 120 8                 @ ../Application/common.c:120:8
	adds	r4, #1
.Ltmp72:
	@DEBUG_VALUE: Str2Int:i <- $r4
	.loc	1 112 26                @ ../Application/common.c:112:26
	add.w	r12, r2, r12, lsl #4
.Ltmp73:
	@DEBUG_VALUE: Str2Int:val <- $r12
	.loc	1 108 24                @ ../Application/common.c:108:24
	cmp	r4, #11
	blo	.LBB5_3
.Ltmp74:
@ %bb.12:
	@DEBUG_VALUE: Str2Int:val <- $r12
	@DEBUG_VALUE: Str2Int:i <- $r4
	@DEBUG_VALUE: Str2Int:p_intnum <- $r1
	@DEBUG_VALUE: Str2Int:p_inputstr <- $r0
	.loc	1 124 9                 @ ../Application/common.c:124:9
	ldrb	r0, [r0, r4]
.Ltmp75:
	@DEBUG_VALUE: Str2Int:res <- 0
	.loc	1 124 9 is_stmt 0       @ ../Application/common.c:124:9
	cbnz	r0, .LBB5_24
.Ltmp76:
.LBB5_13:
	@DEBUG_VALUE: Str2Int:val <- $r12
	@DEBUG_VALUE: Str2Int:p_intnum <- $r1
	.loc	1 0 0                   @ ../Application/common.c:0:0
	str.w	r12, [r1]
.Ltmp77:
.LBB5_14:
	@DEBUG_VALUE: Str2Int:p_intnum <- $r1
	movs	r0, #1
.Ltmp78:
	@DEBUG_VALUE: Str2Int:res <- 1
	@DEBUG_VALUE: Str2Int:res <- $r0
	.loc	1 166 3 is_stmt 1       @ ../Application/common.c:166:3
	pop	{r4, pc}
.Ltmp79:
.LBB5_15:
	@DEBUG_VALUE: Str2Int:p_intnum <- $r1
	@DEBUG_VALUE: Str2Int:p_inputstr <- $r0
	.loc	1 0 3 is_stmt 0         @ ../Application/common.c:0:3
	mov.w	r12, #0
	mov.w	lr, #1
	b	.LBB5_17
.Ltmp80:
	.p2align	2
.LBB5_16:                               @   in Loop: Header=BB5_17 Depth=1
	@DEBUG_VALUE: Str2Int:val <- $r12
	@DEBUG_VALUE: Str2Int:p_intnum <- $r1
	@DEBUG_VALUE: Str2Int:p_inputstr <- $r0
	.loc	1 154 19 is_stmt 1      @ ../Application/common.c:154:19
	add.w	r2, r12, r12, lsl #2
.Ltmp81:
	.loc	1 134 11                @ ../Application/common.c:134:11
	ldrb.w	r4, [r0, lr]
.Ltmp82:
	.loc	1 132 5                 @ ../Application/common.c:132:5
	add.w	lr, lr, #1
.Ltmp83:
	.loc	1 154 26                @ ../Application/common.c:154:26
	add.w	r2, r3, r2, lsl #1
	.loc	1 154 24 is_stmt 0      @ ../Application/common.c:154:24
	sub.w	r12, r2, #48
.Ltmp84:
	@DEBUG_VALUE: Str2Int:val <- $r12
	.loc	1 134 11 is_stmt 1      @ ../Application/common.c:134:11
	mov	r3, r4
.Ltmp85:
.LBB5_17:                               @ =>This Inner Loop Header: Depth=1
	@DEBUG_VALUE: Str2Int:p_intnum <- $r1
	@DEBUG_VALUE: Str2Int:p_inputstr <- $r0
	@DEBUG_VALUE: Str2Int:i <- undef
	@DEBUG_VALUE: Str2Int:res <- 0
	@DEBUG_VALUE: Str2Int:val <- $r12
	.loc	1 134 11 is_stmt 0      @ ../Application/common.c:134:11
	cmp	r3, #76
	ble	.LBB5_21
.Ltmp86:
@ %bb.18:                               @   in Loop: Header=BB5_17 Depth=1
	@DEBUG_VALUE: Str2Int:val <- $r12
	@DEBUG_VALUE: Str2Int:p_intnum <- $r1
	@DEBUG_VALUE: Str2Int:p_inputstr <- $r0
	cmp	r3, #77
	beq	.LBB5_25
.Ltmp87:
@ %bb.19:                               @   in Loop: Header=BB5_17 Depth=1
	@DEBUG_VALUE: Str2Int:val <- $r12
	@DEBUG_VALUE: Str2Int:p_intnum <- $r1
	@DEBUG_VALUE: Str2Int:p_inputstr <- $r0
	cmp	r3, #107
	beq	.LBB5_27
.Ltmp88:
@ %bb.20:                               @   in Loop: Header=BB5_17 Depth=1
	@DEBUG_VALUE: Str2Int:val <- $r12
	@DEBUG_VALUE: Str2Int:p_intnum <- $r1
	@DEBUG_VALUE: Str2Int:p_inputstr <- $r0
	cmp	r3, #109
	bne	.LBB5_23
	b	.LBB5_25
.Ltmp89:
	.p2align	2
.LBB5_21:                               @   in Loop: Header=BB5_17 Depth=1
	@DEBUG_VALUE: Str2Int:val <- $r12
	@DEBUG_VALUE: Str2Int:p_intnum <- $r1
	@DEBUG_VALUE: Str2Int:p_inputstr <- $r0
	cmp	r3, #0
	beq	.LBB5_13
.Ltmp90:
@ %bb.22:                               @   in Loop: Header=BB5_17 Depth=1
	@DEBUG_VALUE: Str2Int:val <- $r12
	@DEBUG_VALUE: Str2Int:p_intnum <- $r1
	@DEBUG_VALUE: Str2Int:p_inputstr <- $r0
	cmp	r3, #75
	beq	.LBB5_27
.Ltmp91:
.LBB5_23:                               @   in Loop: Header=BB5_17 Depth=1
	@DEBUG_VALUE: Str2Int:val <- $r12
	@DEBUG_VALUE: Str2Int:p_intnum <- $r1
	@DEBUG_VALUE: Str2Int:p_inputstr <- $r0
	.loc	1 152 16 is_stmt 1      @ ../Application/common.c:152:16
	sub.w	r4, r3, #48
	cmp	r4, #9
.Ltmp92:
	@DEBUG_VALUE: Str2Int:res <- 0
	@DEBUG_VALUE: Str2Int:i <- [DW_OP_plus_uconst 1, DW_OP_stack_value] undef
	.loc	1 132 5                 @ ../Application/common.c:132:5
	it	ls
	cmpls.w	lr, #10
	bls	.LBB5_16
.Ltmp93:
.LBB5_24:
	@DEBUG_VALUE: Str2Int:val <- $r12
	@DEBUG_VALUE: Str2Int:p_intnum <- $r1
	.loc	1 0 5 is_stmt 0         @ ../Application/common.c:0:5
	movs	r0, #0
.Ltmp94:
	@DEBUG_VALUE: Str2Int:res <- $r0
	.loc	1 166 3 is_stmt 1       @ ../Application/common.c:166:3
	pop	{r4, pc}
.Ltmp95:
.LBB5_25:
	@DEBUG_VALUE: Str2Int:val <- $r12
	@DEBUG_VALUE: Str2Int:p_intnum <- $r1
	@DEBUG_VALUE: Str2Int:p_inputstr <- $r0
	@DEBUG_VALUE: Str2Int:i <- undef
	.loc	1 146 16                @ ../Application/common.c:146:16
	cmp.w	lr, #1
	beq	.LBB5_24
.Ltmp96:
@ %bb.26:
	@DEBUG_VALUE: Str2Int:val <- $r12
	@DEBUG_VALUE: Str2Int:p_intnum <- $r1
	@DEBUG_VALUE: Str2Int:p_inputstr <- $r0
	.loc	1 148 19                @ ../Application/common.c:148:19
	lsl.w	r0, r12, #20
.Ltmp97:
	.loc	1 0 19 is_stmt 0        @ ../Application/common.c:0:19
	b	.LBB5_29
.Ltmp98:
.LBB5_27:
	@DEBUG_VALUE: Str2Int:val <- $r12
	@DEBUG_VALUE: Str2Int:p_intnum <- $r1
	@DEBUG_VALUE: Str2Int:p_inputstr <- $r0
	@DEBUG_VALUE: Str2Int:i <- undef
	.loc	1 140 16 is_stmt 1      @ ../Application/common.c:140:16
	cmp.w	lr, #1
	beq	.LBB5_24
.Ltmp99:
@ %bb.28:
	@DEBUG_VALUE: Str2Int:val <- $r12
	@DEBUG_VALUE: Str2Int:p_intnum <- $r1
	@DEBUG_VALUE: Str2Int:p_inputstr <- $r0
	.loc	1 142 19                @ ../Application/common.c:142:19
	lsl.w	r0, r12, #10
.Ltmp100:
.LBB5_29:
	@DEBUG_VALUE: Str2Int:val <- $r12
	@DEBUG_VALUE: Str2Int:p_intnum <- $r1
	@DEBUG_VALUE: Str2Int:val <- $r0
	.loc	1 0 0 is_stmt 0         @ ../Application/common.c:0:0
	str	r0, [r1]
	b	.LBB5_14
.Ltmp101:
.Lfunc_end5:
	.size	Str2Int, .Lfunc_end5-Str2Int
	.cfi_endproc
	.cantunwind
	.fnend
                                        @ -- End function
	.section	.text.ClearBuffer,"ax",%progbits
	.hidden	ClearBuffer             @ -- Begin function ClearBuffer
	.globl	ClearBuffer
	.p2align	1
	.type	ClearBuffer,%function
	.code	16                      @ @ClearBuffer
	.thumb_func
ClearBuffer:
.Lfunc_begin6:
	.loc	1 171 0 is_stmt 1       @ ../Application/common.c:171:0
	.fnstart
	.cfi_startproc
@ %bb.0:
	@DEBUG_VALUE: ClearBuffer:buffer <- $r0
	@DEBUG_VALUE: ClearBuffer:buffer <- $r0
	@DEBUG_VALUE: ClearBuffer:size <- $r1
	@DEBUG_VALUE: ClearBuffer:size <- $r1
	.loc	1 173 2 prologue_end    @ ../Application/common.c:173:2
	cbz	r1, .LBB6_2
.Ltmp102:
@ %bb.1:
	@DEBUG_VALUE: ClearBuffer:size <- $r1
	@DEBUG_VALUE: ClearBuffer:buffer <- $r0
	.save	{r7, lr}
	push	{r7, lr}
	.cfi_def_cfa_offset 8
	.cfi_offset lr, -4
	.cfi_offset r7, -8
.Ltmp103:
	.loc	1 175 17                @ ../Application/common.c:175:17
	bl	__aeabi_memclr
.Ltmp104:
	@DEBUG_VALUE: ClearBuffer:size <- undef
	@DEBUG_VALUE: ClearBuffer:buffer <- undef
	.loc	1 0 17 is_stmt 0        @ ../Application/common.c:0:17
	pop.w	{r7, lr}
.Ltmp105:
.LBB6_2:
	.loc	1 179 1 is_stmt 1       @ ../Application/common.c:179:1
	bx	lr
.Ltmp106:
.Lfunc_end6:
	.size	ClearBuffer, .Lfunc_end6-ClearBuffer
	.cfi_endproc
	.cantunwind
	.fnend
                                        @ -- End function
	.section	.text.ClearBuffer16,"ax",%progbits
	.hidden	ClearBuffer16           @ -- Begin function ClearBuffer16
	.globl	ClearBuffer16
	.p2align	1
	.type	ClearBuffer16,%function
	.code	16                      @ @ClearBuffer16
	.thumb_func
ClearBuffer16:
.Lfunc_begin7:
	.loc	1 183 0                 @ ../Application/common.c:183:0
	.fnstart
	.cfi_startproc
@ %bb.0:
	@DEBUG_VALUE: ClearBuffer16:buffer <- $r0
	@DEBUG_VALUE: ClearBuffer16:buffer <- $r0
	@DEBUG_VALUE: ClearBuffer16:size <- $r1
	@DEBUG_VALUE: ClearBuffer16:size <- $r1
	@DEBUG_VALUE: ClearBuffer16:bcnt <- 0
	.loc	1 187 2 prologue_end    @ ../Application/common.c:187:2
	cbz	r1, .LBB7_2
.Ltmp107:
@ %bb.1:
	@DEBUG_VALUE: ClearBuffer16:size <- $r1
	@DEBUG_VALUE: ClearBuffer16:buffer <- $r0
	.save	{r7, lr}
	push	{r7, lr}
	.cfi_def_cfa_offset 8
	.cfi_offset lr, -4
	.cfi_offset r7, -8
	.loc	1 187 8 is_stmt 0       @ ../Application/common.c:187:8
	lsls	r1, r1, #1
.Ltmp108:
	.loc	1 187 36                @ ../Application/common.c:187:36
	bl	__aeabi_memclr
.Ltmp109:
	@DEBUG_VALUE: ClearBuffer16:bcnt <- [DW_OP_plus_uconst 1, DW_OP_stack_value] undef
	@DEBUG_VALUE: ClearBuffer16:bcnt <- undef
	.loc	1 0 36                  @ ../Application/common.c:0:36
	pop.w	{r7, lr}
.LBB7_2:
	.loc	1 188 1 is_stmt 1       @ ../Application/common.c:188:1
	bx	lr
.Ltmp110:
.Lfunc_end7:
	.size	ClearBuffer16, .Lfunc_end7-ClearBuffer16
	.cfi_endproc
	.cantunwind
	.fnend
                                        @ -- End function
	.file	2 "C:\\Keil\\ARM\\ARMCLANG\\Bin\\..\\include" "stdint.h"
	.section	.debug_str,"MS",%progbits,1
.Linfo_string0:
	.asciz	"Component: ARM Compiler 6.12 Tool: armclang [5d624a00]" @ string offset=0
.Linfo_string1:
	.asciz	"../Application\\common.c" @ string offset=55
.Linfo_string2:
	.asciz	"F:\\SkyDrive\\OtvoreniProjekti\\HotelSaplast\\fw\\KontrolerHotela\\HC070318\\Project" @ string offset=79
.Linfo_string3:
	.asciz	"Delay"                 @ string offset=157
.Linfo_string4:
	.asciz	"GetLenght"             @ string offset=163
.Linfo_string5:
	.asciz	"int"                   @ string offset=173
.Linfo_string6:
	.asciz	"Str2Hex"               @ string offset=177
.Linfo_string7:
	.asciz	"Hex2Str"               @ string offset=185
.Linfo_string8:
	.asciz	"Int2Str"               @ string offset=193
.Linfo_string9:
	.asciz	"Str2Int"               @ string offset=201
.Linfo_string10:
	.asciz	"unsigned int"          @ string offset=209
.Linfo_string11:
	.asciz	"uint32_t"              @ string offset=222
.Linfo_string12:
	.asciz	"ClearBuffer"           @ string offset=231
.Linfo_string13:
	.asciz	"ClearBuffer16"         @ string offset=243
.Linfo_string14:
	.asciz	"nCount"                @ string offset=257
.Linfo_string15:
	.asciz	"index"                 @ string offset=264
.Linfo_string16:
	.asciz	"p"                     @ string offset=270
.Linfo_string17:
	.asciz	"char"                  @ string offset=272
.Linfo_string18:
	.asciz	"Len"                   @ string offset=277
.Linfo_string19:
	.asciz	"p_str"                 @ string offset=281
.Linfo_string20:
	.asciz	"unsigned char"         @ string offset=287
.Linfo_string21:
	.asciz	"uint8_t"               @ string offset=301
.Linfo_string22:
	.asciz	"lenght"                @ string offset=309
.Linfo_string23:
	.asciz	"unsigned short"        @ string offset=316
.Linfo_string24:
	.asciz	"uint16_t"              @ string offset=331
.Linfo_string25:
	.asciz	"p_hex"                 @ string offset=340
.Linfo_string26:
	.asciz	"hex_cnt"               @ string offset=346
.Linfo_string27:
	.asciz	"str_cnt"               @ string offset=354
.Linfo_string28:
	.asciz	"intnum"                @ string offset=362
.Linfo_string29:
	.asciz	"i"                     @ string offset=369
.Linfo_string30:
	.asciz	"status"                @ string offset=371
.Linfo_string31:
	.asciz	"pos"                   @ string offset=378
.Linfo_string32:
	.asciz	"divider"               @ string offset=382
.Linfo_string33:
	.asciz	"p_inputstr"            @ string offset=390
.Linfo_string34:
	.asciz	"p_intnum"              @ string offset=401
.Linfo_string35:
	.asciz	"res"                   @ string offset=410
.Linfo_string36:
	.asciz	"val"                   @ string offset=414
.Linfo_string37:
	.asciz	"buffer"                @ string offset=418
.Linfo_string38:
	.asciz	"size"                  @ string offset=425
.Linfo_string39:
	.asciz	"bcnt"                  @ string offset=430
	.section	.debug_loc,"",%progbits
.Ldebug_loc0:
	.long	.Lfunc_begin1
	.long	.Ltmp10
	.short	1                       @ Loc expr size
	.byte	80                      @ DW_OP_reg0
	.long	.Ltmp13
	.long	.Ltmp14
	.short	1                       @ Loc expr size
	.byte	80                      @ DW_OP_reg0
	.long	0
	.long	0
.Ldebug_loc1:
	.long	.Lfunc_begin1
	.long	.Ltmp10
	.short	2                       @ Loc expr size
	.byte	17                      @ DW_OP_consts
	.byte	0                       @ 0
	.long	.Ltmp10
	.long	.Ltmp13
	.short	1                       @ Loc expr size
	.byte	80                      @ DW_OP_reg0
	.long	.Ltmp14
	.long	.Lfunc_end1
	.short	1                       @ Loc expr size
	.byte	80                      @ DW_OP_reg0
	.long	0
	.long	0
.Ldebug_loc2:
	.long	.Lfunc_begin2
	.long	.Ltmp18
	.short	1                       @ Loc expr size
	.byte	80                      @ DW_OP_reg0
	.long	0
	.long	0
.Ldebug_loc3:
	.long	.Lfunc_begin2
	.long	.Lfunc_end2
	.short	1                       @ Loc expr size
	.byte	81                      @ DW_OP_reg1
	.long	0
	.long	0
.Ldebug_loc4:
	.long	.Lfunc_begin2
	.long	.Ltmp28
	.short	1                       @ Loc expr size
	.byte	82                      @ DW_OP_reg2
	.long	0
	.long	0
.Ldebug_loc5:
	.long	.Ltmp16
	.long	.Ltmp19
	.short	1                       @ Loc expr size
	.byte	48                      @ DW_OP_lit0
	.long	0
	.long	0
.Ldebug_loc6:
	.long	.Ltmp16
	.long	.Ltmp19
	.short	1                       @ Loc expr size
	.byte	48                      @ DW_OP_lit0
	.long	0
	.long	0
.Ldebug_loc7:
	.long	.Lfunc_begin3
	.long	.Ltmp39
	.short	1                       @ Loc expr size
	.byte	80                      @ DW_OP_reg0
	.long	0
	.long	0
.Ldebug_loc8:
	.long	.Lfunc_begin3
	.long	.Lfunc_end3
	.short	1                       @ Loc expr size
	.byte	81                      @ DW_OP_reg1
	.long	0
	.long	0
.Ldebug_loc9:
	.long	.Lfunc_begin3
	.long	.Ltmp41
	.short	1                       @ Loc expr size
	.byte	82                      @ DW_OP_reg2
	.long	0
	.long	0
.Ldebug_loc10:
	.long	.Ltmp31
	.long	.Ltmp33
	.short	1                       @ Loc expr size
	.byte	48                      @ DW_OP_lit0
	.long	0
	.long	0
.Ldebug_loc11:
	.long	.Ltmp31
	.long	.Ltmp33
	.short	1                       @ Loc expr size
	.byte	48                      @ DW_OP_lit0
	.long	0
	.long	0
.Ldebug_loc12:
	.long	.Lfunc_begin4
	.long	.Lfunc_end4
	.short	1                       @ Loc expr size
	.byte	80                      @ DW_OP_reg0
	.long	0
	.long	0
.Ldebug_loc13:
	.long	.Lfunc_begin4
	.long	.Lfunc_end4
	.short	1                       @ Loc expr size
	.byte	81                      @ DW_OP_reg1
	.long	0
	.long	0
.Ldebug_loc14:
	.long	.Ltmp46
	.long	.Ltmp47
	.short	1                       @ Loc expr size
	.byte	48                      @ DW_OP_lit0
	.long	0
	.long	0
.Ldebug_loc15:
	.long	.Ltmp46
	.long	.Ltmp47
	.short	1                       @ Loc expr size
	.byte	48                      @ DW_OP_lit0
	.long	.Ltmp47
	.long	.Lfunc_end4
	.short	1                       @ Loc expr size
	.byte	83                      @ DW_OP_reg3
	.long	0
	.long	0
.Ldebug_loc16:
	.long	.Ltmp46
	.long	.Ltmp47
	.short	1                       @ Loc expr size
	.byte	48                      @ DW_OP_lit0
	.long	.Ltmp47
	.long	.Ltmp51
	.short	1                       @ Loc expr size
	.byte	84                      @ DW_OP_reg4
	.long	.Ltmp51
	.long	.Ltmp56
	.short	1                       @ Loc expr size
	.byte	86                      @ DW_OP_reg6
	.long	.Ltmp56
	.long	.Ltmp58
	.short	1                       @ Loc expr size
	.byte	84                      @ DW_OP_reg4
	.long	0
	.long	0
.Ldebug_loc17:
	.long	.Ltmp46
	.long	.Ltmp47
	.short	6                       @ Loc expr size
	.byte	16                      @ DW_OP_constu
	.byte	128                     @ 1000000000
	.byte	148                     @ 
	.byte	235                     @ 
	.byte	220                     @ 
	.byte	3                       @ 
	.long	.Ltmp47
	.long	.Lfunc_end4
	.short	1                       @ Loc expr size
	.byte	92                      @ DW_OP_reg12
	.long	0
	.long	0
.Ldebug_loc18:
	.long	.Lfunc_begin5
	.long	.Ltmp75
	.short	1                       @ Loc expr size
	.byte	80                      @ DW_OP_reg0
	.long	.Ltmp79
	.long	.Ltmp93
	.short	1                       @ Loc expr size
	.byte	80                      @ DW_OP_reg0
	.long	.Ltmp95
	.long	.Ltmp97
	.short	1                       @ Loc expr size
	.byte	80                      @ DW_OP_reg0
	.long	.Ltmp98
	.long	.Ltmp100
	.short	1                       @ Loc expr size
	.byte	80                      @ DW_OP_reg0
	.long	0
	.long	0
.Ldebug_loc19:
	.long	.Ltmp59
	.long	.Ltmp62
	.short	1                       @ Loc expr size
	.byte	48                      @ DW_OP_lit0
	.long	.Ltmp62
	.long	.Ltmp76
	.short	1                       @ Loc expr size
	.byte	84                      @ DW_OP_reg4
	.long	0
	.long	0
.Ldebug_loc20:
	.long	.Ltmp59
	.long	.Ltmp78
	.short	1                       @ Loc expr size
	.byte	48                      @ DW_OP_lit0
	.long	.Ltmp78
	.long	.Ltmp79
	.short	1                       @ Loc expr size
	.byte	80                      @ DW_OP_reg0
	.long	.Ltmp85
	.long	.Ltmp94
	.short	1                       @ Loc expr size
	.byte	48                      @ DW_OP_lit0
	.long	.Ltmp94
	.long	.Ltmp95
	.short	1                       @ Loc expr size
	.byte	80                      @ DW_OP_reg0
	.long	0
	.long	0
.Ldebug_loc21:
	.long	.Ltmp59
	.long	.Ltmp62
	.short	1                       @ Loc expr size
	.byte	48                      @ DW_OP_lit0
	.long	.Ltmp62
	.long	.Ltmp77
	.short	1                       @ Loc expr size
	.byte	92                      @ DW_OP_reg12
	.long	.Ltmp80
	.long	.Ltmp100
	.short	1                       @ Loc expr size
	.byte	92                      @ DW_OP_reg12
	.long	.Ltmp100
	.long	.Lfunc_end5
	.short	1                       @ Loc expr size
	.byte	80                      @ DW_OP_reg0
	.long	0
	.long	0
.Ldebug_loc22:
	.long	.Lfunc_begin6
	.long	.Ltmp104
	.short	1                       @ Loc expr size
	.byte	80                      @ DW_OP_reg0
	.long	0
	.long	0
.Ldebug_loc23:
	.long	.Lfunc_begin6
	.long	.Ltmp104
	.short	1                       @ Loc expr size
	.byte	81                      @ DW_OP_reg1
	.long	0
	.long	0
.Ldebug_loc24:
	.long	.Lfunc_begin7
	.long	.Ltmp109
	.short	1                       @ Loc expr size
	.byte	80                      @ DW_OP_reg0
	.long	0
	.long	0
.Ldebug_loc25:
	.long	.Lfunc_begin7
	.long	.Ltmp108
	.short	1                       @ Loc expr size
	.byte	81                      @ DW_OP_reg1
	.long	0
	.long	0
.Ldebug_loc26:
	.long	.Lfunc_begin7
	.long	.Ltmp109
	.short	1                       @ Loc expr size
	.byte	48                      @ DW_OP_lit0
	.long	0
	.long	0
	.section	.debug_abbrev,"",%progbits
	.byte	1                       @ Abbreviation Code
	.byte	17                      @ DW_TAG_compile_unit
	.byte	1                       @ DW_CHILDREN_yes
	.byte	37                      @ DW_AT_producer
	.byte	14                      @ DW_FORM_strp
	.byte	19                      @ DW_AT_language
	.byte	5                       @ DW_FORM_data2
	.byte	3                       @ DW_AT_name
	.byte	14                      @ DW_FORM_strp
	.byte	16                      @ DW_AT_stmt_list
	.byte	6                       @ DW_FORM_data4
	.byte	27                      @ DW_AT_comp_dir
	.byte	14                      @ DW_FORM_strp
	.byte	17                      @ DW_AT_low_pc
	.byte	1                       @ DW_FORM_addr
	.byte	85                      @ DW_AT_ranges
	.byte	6                       @ DW_FORM_data4
	.byte	0                       @ EOM(1)
	.byte	0                       @ EOM(2)
	.byte	2                       @ Abbreviation Code
	.byte	46                      @ DW_TAG_subprogram
	.byte	1                       @ DW_CHILDREN_yes
	.byte	17                      @ DW_AT_low_pc
	.byte	1                       @ DW_FORM_addr
	.byte	18                      @ DW_AT_high_pc
	.byte	1                       @ DW_FORM_addr
	.byte	64                      @ DW_AT_frame_base
	.byte	10                      @ DW_FORM_block1
	.byte	3                       @ DW_AT_name
	.byte	14                      @ DW_FORM_strp
	.byte	58                      @ DW_AT_decl_file
	.byte	11                      @ DW_FORM_data1
	.byte	59                      @ DW_AT_decl_line
	.byte	11                      @ DW_FORM_data1
	.byte	39                      @ DW_AT_prototyped
	.byte	12                      @ DW_FORM_flag
	.byte	63                      @ DW_AT_external
	.byte	12                      @ DW_FORM_flag
	.byte	0                       @ EOM(1)
	.byte	0                       @ EOM(2)
	.byte	3                       @ Abbreviation Code
	.byte	5                       @ DW_TAG_formal_parameter
	.byte	0                       @ DW_CHILDREN_no
	.byte	2                       @ DW_AT_location
	.byte	10                      @ DW_FORM_block1
	.byte	3                       @ DW_AT_name
	.byte	14                      @ DW_FORM_strp
	.byte	58                      @ DW_AT_decl_file
	.byte	11                      @ DW_FORM_data1
	.byte	59                      @ DW_AT_decl_line
	.byte	11                      @ DW_FORM_data1
	.byte	73                      @ DW_AT_type
	.byte	19                      @ DW_FORM_ref4
	.byte	0                       @ EOM(1)
	.byte	0                       @ EOM(2)
	.byte	4                       @ Abbreviation Code
	.byte	52                      @ DW_TAG_variable
	.byte	0                       @ DW_CHILDREN_no
	.byte	2                       @ DW_AT_location
	.byte	10                      @ DW_FORM_block1
	.byte	3                       @ DW_AT_name
	.byte	14                      @ DW_FORM_strp
	.byte	58                      @ DW_AT_decl_file
	.byte	11                      @ DW_FORM_data1
	.byte	59                      @ DW_AT_decl_line
	.byte	11                      @ DW_FORM_data1
	.byte	73                      @ DW_AT_type
	.byte	19                      @ DW_FORM_ref4
	.byte	0                       @ EOM(1)
	.byte	0                       @ EOM(2)
	.byte	5                       @ Abbreviation Code
	.byte	46                      @ DW_TAG_subprogram
	.byte	1                       @ DW_CHILDREN_yes
	.byte	17                      @ DW_AT_low_pc
	.byte	1                       @ DW_FORM_addr
	.byte	18                      @ DW_AT_high_pc
	.byte	1                       @ DW_FORM_addr
	.byte	64                      @ DW_AT_frame_base
	.byte	10                      @ DW_FORM_block1
	.byte	3                       @ DW_AT_name
	.byte	14                      @ DW_FORM_strp
	.byte	58                      @ DW_AT_decl_file
	.byte	11                      @ DW_FORM_data1
	.byte	59                      @ DW_AT_decl_line
	.byte	11                      @ DW_FORM_data1
	.byte	39                      @ DW_AT_prototyped
	.byte	12                      @ DW_FORM_flag
	.byte	73                      @ DW_AT_type
	.byte	19                      @ DW_FORM_ref4
	.byte	63                      @ DW_AT_external
	.byte	12                      @ DW_FORM_flag
	.byte	0                       @ EOM(1)
	.byte	0                       @ EOM(2)
	.byte	6                       @ Abbreviation Code
	.byte	5                       @ DW_TAG_formal_parameter
	.byte	0                       @ DW_CHILDREN_no
	.byte	2                       @ DW_AT_location
	.byte	6                       @ DW_FORM_data4
	.byte	3                       @ DW_AT_name
	.byte	14                      @ DW_FORM_strp
	.byte	58                      @ DW_AT_decl_file
	.byte	11                      @ DW_FORM_data1
	.byte	59                      @ DW_AT_decl_line
	.byte	11                      @ DW_FORM_data1
	.byte	73                      @ DW_AT_type
	.byte	19                      @ DW_FORM_ref4
	.byte	0                       @ EOM(1)
	.byte	0                       @ EOM(2)
	.byte	7                       @ Abbreviation Code
	.byte	52                      @ DW_TAG_variable
	.byte	0                       @ DW_CHILDREN_no
	.byte	2                       @ DW_AT_location
	.byte	6                       @ DW_FORM_data4
	.byte	3                       @ DW_AT_name
	.byte	14                      @ DW_FORM_strp
	.byte	58                      @ DW_AT_decl_file
	.byte	11                      @ DW_FORM_data1
	.byte	59                      @ DW_AT_decl_line
	.byte	11                      @ DW_FORM_data1
	.byte	73                      @ DW_AT_type
	.byte	19                      @ DW_FORM_ref4
	.byte	0                       @ EOM(1)
	.byte	0                       @ EOM(2)
	.byte	8                       @ Abbreviation Code
	.byte	36                      @ DW_TAG_base_type
	.byte	0                       @ DW_CHILDREN_no
	.byte	3                       @ DW_AT_name
	.byte	14                      @ DW_FORM_strp
	.byte	62                      @ DW_AT_encoding
	.byte	11                      @ DW_FORM_data1
	.byte	11                      @ DW_AT_byte_size
	.byte	11                      @ DW_FORM_data1
	.byte	0                       @ EOM(1)
	.byte	0                       @ EOM(2)
	.byte	9                       @ Abbreviation Code
	.byte	22                      @ DW_TAG_typedef
	.byte	0                       @ DW_CHILDREN_no
	.byte	73                      @ DW_AT_type
	.byte	19                      @ DW_FORM_ref4
	.byte	3                       @ DW_AT_name
	.byte	14                      @ DW_FORM_strp
	.byte	58                      @ DW_AT_decl_file
	.byte	11                      @ DW_FORM_data1
	.byte	59                      @ DW_AT_decl_line
	.byte	11                      @ DW_FORM_data1
	.byte	0                       @ EOM(1)
	.byte	0                       @ EOM(2)
	.byte	10                      @ Abbreviation Code
	.byte	53                      @ DW_TAG_volatile_type
	.byte	0                       @ DW_CHILDREN_no
	.byte	73                      @ DW_AT_type
	.byte	19                      @ DW_FORM_ref4
	.byte	0                       @ EOM(1)
	.byte	0                       @ EOM(2)
	.byte	11                      @ Abbreviation Code
	.byte	15                      @ DW_TAG_pointer_type
	.byte	0                       @ DW_CHILDREN_no
	.byte	73                      @ DW_AT_type
	.byte	19                      @ DW_FORM_ref4
	.byte	0                       @ EOM(1)
	.byte	0                       @ EOM(2)
	.byte	0                       @ EOM(3)
	.section	.debug_info,"",%progbits
.Lcu_begin0:
	.long	.Ldebug_info_end0-.Ldebug_info_start0 @ Length of Unit
.Ldebug_info_start0:
	.short	3                       @ DWARF version number
	.long	.debug_abbrev           @ Offset Into Abbrev. Section
	.byte	4                       @ Address Size (in bytes)
	.byte	1                       @ Abbrev [1] 0xb:0x2df DW_TAG_compile_unit
	.long	.Linfo_string0          @ DW_AT_producer
	.short	12                      @ DW_AT_language
	.long	.Linfo_string1          @ DW_AT_name
	.long	.Lline_table_start0     @ DW_AT_stmt_list
	.long	.Linfo_string2          @ DW_AT_comp_dir
	.long	0                       @ DW_AT_low_pc
	.long	.Ldebug_ranges0         @ DW_AT_ranges
	.byte	2                       @ Abbrev [2] 0x26:0x30 DW_TAG_subprogram
	.long	.Lfunc_begin0           @ DW_AT_low_pc
	.long	.Lfunc_end0             @ DW_AT_high_pc
	.byte	1                       @ DW_AT_frame_base
	.byte	93
	.long	.Linfo_string3          @ DW_AT_name
	.byte	1                       @ DW_AT_decl_file
	.byte	28                      @ DW_AT_decl_line
	.byte	1                       @ DW_AT_prototyped
	.byte	1                       @ DW_AT_external
	.byte	3                       @ Abbrev [3] 0x39:0xe DW_TAG_formal_parameter
	.byte	2                       @ DW_AT_location
	.byte	145
	.byte	4
	.long	.Linfo_string14         @ DW_AT_name
	.byte	1                       @ DW_AT_decl_file
	.byte	28                      @ DW_AT_decl_line
	.long	677                     @ DW_AT_type
	.byte	4                       @ Abbrev [4] 0x47:0xe DW_TAG_variable
	.byte	2                       @ DW_AT_location
	.byte	145
	.byte	0
	.long	.Linfo_string15         @ DW_AT_name
	.byte	1                       @ DW_AT_decl_file
	.byte	30                      @ DW_AT_decl_line
	.long	677                     @ DW_AT_type
	.byte	0                       @ End Of Children Mark
	.byte	5                       @ Abbrev [5] 0x56:0x36 DW_TAG_subprogram
	.long	.Lfunc_begin1           @ DW_AT_low_pc
	.long	.Lfunc_end1             @ DW_AT_high_pc
	.byte	1                       @ DW_AT_frame_base
	.byte	93
	.long	.Linfo_string4          @ DW_AT_name
	.byte	1                       @ DW_AT_decl_file
	.byte	37                      @ DW_AT_decl_line
	.byte	1                       @ DW_AT_prototyped
	.long	652                     @ DW_AT_type
	.byte	1                       @ DW_AT_external
	.byte	6                       @ Abbrev [6] 0x6d:0xf DW_TAG_formal_parameter
	.long	.Ldebug_loc0            @ DW_AT_location
	.long	.Linfo_string16         @ DW_AT_name
	.byte	1                       @ DW_AT_decl_file
	.byte	37                      @ DW_AT_decl_line
	.long	682                     @ DW_AT_type
	.byte	7                       @ Abbrev [7] 0x7c:0xf DW_TAG_variable
	.long	.Ldebug_loc1            @ DW_AT_location
	.long	.Linfo_string18         @ DW_AT_name
	.byte	1                       @ DW_AT_decl_file
	.byte	39                      @ DW_AT_decl_line
	.long	652                     @ DW_AT_type
	.byte	0                       @ End Of Children Mark
	.byte	2                       @ Abbrev [2] 0x8c:0x5f DW_TAG_subprogram
	.long	.Lfunc_begin2           @ DW_AT_low_pc
	.long	.Lfunc_end2             @ DW_AT_high_pc
	.byte	1                       @ DW_AT_frame_base
	.byte	93
	.long	.Linfo_string6          @ DW_AT_name
	.byte	1                       @ DW_AT_decl_file
	.byte	45                      @ DW_AT_decl_line
	.byte	1                       @ DW_AT_prototyped
	.byte	1                       @ DW_AT_external
	.byte	6                       @ Abbrev [6] 0x9f:0xf DW_TAG_formal_parameter
	.long	.Ldebug_loc2            @ DW_AT_location
	.long	.Linfo_string19         @ DW_AT_name
	.byte	1                       @ DW_AT_decl_file
	.byte	45                      @ DW_AT_decl_line
	.long	694                     @ DW_AT_type
	.byte	6                       @ Abbrev [6] 0xae:0xf DW_TAG_formal_parameter
	.long	.Ldebug_loc3            @ DW_AT_location
	.long	.Linfo_string22         @ DW_AT_name
	.byte	1                       @ DW_AT_decl_file
	.byte	45                      @ DW_AT_decl_line
	.long	717                     @ DW_AT_type
	.byte	6                       @ Abbrev [6] 0xbd:0xf DW_TAG_formal_parameter
	.long	.Ldebug_loc4            @ DW_AT_location
	.long	.Linfo_string25         @ DW_AT_name
	.byte	1                       @ DW_AT_decl_file
	.byte	45                      @ DW_AT_decl_line
	.long	694                     @ DW_AT_type
	.byte	7                       @ Abbrev [7] 0xcc:0xf DW_TAG_variable
	.long	.Ldebug_loc5            @ DW_AT_location
	.long	.Linfo_string26         @ DW_AT_name
	.byte	1                       @ DW_AT_decl_file
	.byte	47                      @ DW_AT_decl_line
	.long	659                     @ DW_AT_type
	.byte	7                       @ Abbrev [7] 0xdb:0xf DW_TAG_variable
	.long	.Ldebug_loc6            @ DW_AT_location
	.long	.Linfo_string27         @ DW_AT_name
	.byte	1                       @ DW_AT_decl_file
	.byte	47                      @ DW_AT_decl_line
	.long	659                     @ DW_AT_type
	.byte	0                       @ End Of Children Mark
	.byte	2                       @ Abbrev [2] 0xeb:0x5f DW_TAG_subprogram
	.long	.Lfunc_begin3           @ DW_AT_low_pc
	.long	.Lfunc_end3             @ DW_AT_high_pc
	.byte	1                       @ DW_AT_frame_base
	.byte	93
	.long	.Linfo_string7          @ DW_AT_name
	.byte	1                       @ DW_AT_decl_file
	.byte	62                      @ DW_AT_decl_line
	.byte	1                       @ DW_AT_prototyped
	.byte	1                       @ DW_AT_external
	.byte	6                       @ Abbrev [6] 0xfe:0xf DW_TAG_formal_parameter
	.long	.Ldebug_loc7            @ DW_AT_location
	.long	.Linfo_string25         @ DW_AT_name
	.byte	1                       @ DW_AT_decl_file
	.byte	62                      @ DW_AT_decl_line
	.long	694                     @ DW_AT_type
	.byte	6                       @ Abbrev [6] 0x10d:0xf DW_TAG_formal_parameter
	.long	.Ldebug_loc8            @ DW_AT_location
	.long	.Linfo_string22         @ DW_AT_name
	.byte	1                       @ DW_AT_decl_file
	.byte	62                      @ DW_AT_decl_line
	.long	717                     @ DW_AT_type
	.byte	6                       @ Abbrev [6] 0x11c:0xf DW_TAG_formal_parameter
	.long	.Ldebug_loc9            @ DW_AT_location
	.long	.Linfo_string19         @ DW_AT_name
	.byte	1                       @ DW_AT_decl_file
	.byte	62                      @ DW_AT_decl_line
	.long	694                     @ DW_AT_type
	.byte	7                       @ Abbrev [7] 0x12b:0xf DW_TAG_variable
	.long	.Ldebug_loc10           @ DW_AT_location
	.long	.Linfo_string26         @ DW_AT_name
	.byte	1                       @ DW_AT_decl_file
	.byte	64                      @ DW_AT_decl_line
	.long	659                     @ DW_AT_type
	.byte	7                       @ Abbrev [7] 0x13a:0xf DW_TAG_variable
	.long	.Ldebug_loc11           @ DW_AT_location
	.long	.Linfo_string27         @ DW_AT_name
	.byte	1                       @ DW_AT_decl_file
	.byte	64                      @ DW_AT_decl_line
	.long	659                     @ DW_AT_type
	.byte	0                       @ End Of Children Mark
	.byte	2                       @ Abbrev [2] 0x14a:0x6e DW_TAG_subprogram
	.long	.Lfunc_begin4           @ DW_AT_low_pc
	.long	.Lfunc_end4             @ DW_AT_high_pc
	.byte	1                       @ DW_AT_frame_base
	.byte	93
	.long	.Linfo_string8          @ DW_AT_name
	.byte	1                       @ DW_AT_decl_file
	.byte	78                      @ DW_AT_decl_line
	.byte	1                       @ DW_AT_prototyped
	.byte	1                       @ DW_AT_external
	.byte	6                       @ Abbrev [6] 0x15d:0xf DW_TAG_formal_parameter
	.long	.Ldebug_loc12           @ DW_AT_location
	.long	.Linfo_string19         @ DW_AT_name
	.byte	1                       @ DW_AT_decl_file
	.byte	78                      @ DW_AT_decl_line
	.long	694                     @ DW_AT_type
	.byte	6                       @ Abbrev [6] 0x16c:0xf DW_TAG_formal_parameter
	.long	.Ldebug_loc13           @ DW_AT_location
	.long	.Linfo_string28         @ DW_AT_name
	.byte	1                       @ DW_AT_decl_file
	.byte	78                      @ DW_AT_decl_line
	.long	659                     @ DW_AT_type
	.byte	7                       @ Abbrev [7] 0x17b:0xf DW_TAG_variable
	.long	.Ldebug_loc14           @ DW_AT_location
	.long	.Linfo_string29         @ DW_AT_name
	.byte	1                       @ DW_AT_decl_file
	.byte	80                      @ DW_AT_decl_line
	.long	659                     @ DW_AT_type
	.byte	7                       @ Abbrev [7] 0x18a:0xf DW_TAG_variable
	.long	.Ldebug_loc15           @ DW_AT_location
	.long	.Linfo_string30         @ DW_AT_name
	.byte	1                       @ DW_AT_decl_file
	.byte	80                      @ DW_AT_decl_line
	.long	659                     @ DW_AT_type
	.byte	7                       @ Abbrev [7] 0x199:0xf DW_TAG_variable
	.long	.Ldebug_loc16           @ DW_AT_location
	.long	.Linfo_string31         @ DW_AT_name
	.byte	1                       @ DW_AT_decl_file
	.byte	80                      @ DW_AT_decl_line
	.long	659                     @ DW_AT_type
	.byte	7                       @ Abbrev [7] 0x1a8:0xf DW_TAG_variable
	.long	.Ldebug_loc17           @ DW_AT_location
	.long	.Linfo_string32         @ DW_AT_name
	.byte	1                       @ DW_AT_decl_file
	.byte	80                      @ DW_AT_decl_line
	.long	659                     @ DW_AT_type
	.byte	0                       @ End Of Children Mark
	.byte	5                       @ Abbrev [5] 0x1b8:0x61 DW_TAG_subprogram
	.long	.Lfunc_begin5           @ DW_AT_low_pc
	.long	.Lfunc_end5             @ DW_AT_high_pc
	.byte	1                       @ DW_AT_frame_base
	.byte	93
	.long	.Linfo_string9          @ DW_AT_name
	.byte	1                       @ DW_AT_decl_file
	.byte	100                     @ DW_AT_decl_line
	.byte	1                       @ DW_AT_prototyped
	.long	659                     @ DW_AT_type
	.byte	1                       @ DW_AT_external
	.byte	6                       @ Abbrev [6] 0x1cf:0xf DW_TAG_formal_parameter
	.long	.Ldebug_loc18           @ DW_AT_location
	.long	.Linfo_string33         @ DW_AT_name
	.byte	1                       @ DW_AT_decl_file
	.byte	100                     @ DW_AT_decl_line
	.long	694                     @ DW_AT_type
	.byte	3                       @ Abbrev [3] 0x1de:0xd DW_TAG_formal_parameter
	.byte	1                       @ DW_AT_location
	.byte	81
	.long	.Linfo_string34         @ DW_AT_name
	.byte	1                       @ DW_AT_decl_file
	.byte	100                     @ DW_AT_decl_line
	.long	735                     @ DW_AT_type
	.byte	7                       @ Abbrev [7] 0x1eb:0xf DW_TAG_variable
	.long	.Ldebug_loc19           @ DW_AT_location
	.long	.Linfo_string29         @ DW_AT_name
	.byte	1                       @ DW_AT_decl_file
	.byte	102                     @ DW_AT_decl_line
	.long	659                     @ DW_AT_type
	.byte	7                       @ Abbrev [7] 0x1fa:0xf DW_TAG_variable
	.long	.Ldebug_loc20           @ DW_AT_location
	.long	.Linfo_string35         @ DW_AT_name
	.byte	1                       @ DW_AT_decl_file
	.byte	102                     @ DW_AT_decl_line
	.long	659                     @ DW_AT_type
	.byte	7                       @ Abbrev [7] 0x209:0xf DW_TAG_variable
	.long	.Ldebug_loc21           @ DW_AT_location
	.long	.Linfo_string36         @ DW_AT_name
	.byte	1                       @ DW_AT_decl_file
	.byte	103                     @ DW_AT_decl_line
	.long	659                     @ DW_AT_type
	.byte	0                       @ End Of Children Mark
	.byte	2                       @ Abbrev [2] 0x219:0x32 DW_TAG_subprogram
	.long	.Lfunc_begin6           @ DW_AT_low_pc
	.long	.Lfunc_end6             @ DW_AT_high_pc
	.byte	1                       @ DW_AT_frame_base
	.byte	93
	.long	.Linfo_string12         @ DW_AT_name
	.byte	1                       @ DW_AT_decl_file
	.byte	170                     @ DW_AT_decl_line
	.byte	1                       @ DW_AT_prototyped
	.byte	1                       @ DW_AT_external
	.byte	6                       @ Abbrev [6] 0x22c:0xf DW_TAG_formal_parameter
	.long	.Ldebug_loc22           @ DW_AT_location
	.long	.Linfo_string37         @ DW_AT_name
	.byte	1                       @ DW_AT_decl_file
	.byte	170                     @ DW_AT_decl_line
	.long	694                     @ DW_AT_type
	.byte	6                       @ Abbrev [6] 0x23b:0xf DW_TAG_formal_parameter
	.long	.Ldebug_loc23           @ DW_AT_location
	.long	.Linfo_string38         @ DW_AT_name
	.byte	1                       @ DW_AT_decl_file
	.byte	170                     @ DW_AT_decl_line
	.long	717                     @ DW_AT_type
	.byte	0                       @ End Of Children Mark
	.byte	2                       @ Abbrev [2] 0x24b:0x41 DW_TAG_subprogram
	.long	.Lfunc_begin7           @ DW_AT_low_pc
	.long	.Lfunc_end7             @ DW_AT_high_pc
	.byte	1                       @ DW_AT_frame_base
	.byte	93
	.long	.Linfo_string13         @ DW_AT_name
	.byte	1                       @ DW_AT_decl_file
	.byte	182                     @ DW_AT_decl_line
	.byte	1                       @ DW_AT_prototyped
	.byte	1                       @ DW_AT_external
	.byte	6                       @ Abbrev [6] 0x25e:0xf DW_TAG_formal_parameter
	.long	.Ldebug_loc24           @ DW_AT_location
	.long	.Linfo_string37         @ DW_AT_name
	.byte	1                       @ DW_AT_decl_file
	.byte	182                     @ DW_AT_decl_line
	.long	740                     @ DW_AT_type
	.byte	6                       @ Abbrev [6] 0x26d:0xf DW_TAG_formal_parameter
	.long	.Ldebug_loc25           @ DW_AT_location
	.long	.Linfo_string38         @ DW_AT_name
	.byte	1                       @ DW_AT_decl_file
	.byte	182                     @ DW_AT_decl_line
	.long	717                     @ DW_AT_type
	.byte	7                       @ Abbrev [7] 0x27c:0xf DW_TAG_variable
	.long	.Ldebug_loc26           @ DW_AT_location
	.long	.Linfo_string39         @ DW_AT_name
	.byte	1                       @ DW_AT_decl_file
	.byte	184                     @ DW_AT_decl_line
	.long	717                     @ DW_AT_type
	.byte	0                       @ End Of Children Mark
	.byte	8                       @ Abbrev [8] 0x28c:0x7 DW_TAG_base_type
	.long	.Linfo_string5          @ DW_AT_name
	.byte	5                       @ DW_AT_encoding
	.byte	4                       @ DW_AT_byte_size
	.byte	9                       @ Abbrev [9] 0x293:0xb DW_TAG_typedef
	.long	670                     @ DW_AT_type
	.long	.Linfo_string11         @ DW_AT_name
	.byte	2                       @ DW_AT_decl_file
	.byte	64                      @ DW_AT_decl_line
	.byte	8                       @ Abbrev [8] 0x29e:0x7 DW_TAG_base_type
	.long	.Linfo_string10         @ DW_AT_name
	.byte	7                       @ DW_AT_encoding
	.byte	4                       @ DW_AT_byte_size
	.byte	10                      @ Abbrev [10] 0x2a5:0x5 DW_TAG_volatile_type
	.long	659                     @ DW_AT_type
	.byte	11                      @ Abbrev [11] 0x2aa:0x5 DW_TAG_pointer_type
	.long	687                     @ DW_AT_type
	.byte	8                       @ Abbrev [8] 0x2af:0x7 DW_TAG_base_type
	.long	.Linfo_string17         @ DW_AT_name
	.byte	8                       @ DW_AT_encoding
	.byte	1                       @ DW_AT_byte_size
	.byte	11                      @ Abbrev [11] 0x2b6:0x5 DW_TAG_pointer_type
	.long	699                     @ DW_AT_type
	.byte	9                       @ Abbrev [9] 0x2bb:0xb DW_TAG_typedef
	.long	710                     @ DW_AT_type
	.long	.Linfo_string21         @ DW_AT_name
	.byte	2                       @ DW_AT_decl_file
	.byte	62                      @ DW_AT_decl_line
	.byte	8                       @ Abbrev [8] 0x2c6:0x7 DW_TAG_base_type
	.long	.Linfo_string20         @ DW_AT_name
	.byte	8                       @ DW_AT_encoding
	.byte	1                       @ DW_AT_byte_size
	.byte	9                       @ Abbrev [9] 0x2cd:0xb DW_TAG_typedef
	.long	728                     @ DW_AT_type
	.long	.Linfo_string24         @ DW_AT_name
	.byte	2                       @ DW_AT_decl_file
	.byte	63                      @ DW_AT_decl_line
	.byte	8                       @ Abbrev [8] 0x2d8:0x7 DW_TAG_base_type
	.long	.Linfo_string23         @ DW_AT_name
	.byte	7                       @ DW_AT_encoding
	.byte	2                       @ DW_AT_byte_size
	.byte	11                      @ Abbrev [11] 0x2df:0x5 DW_TAG_pointer_type
	.long	659                     @ DW_AT_type
	.byte	11                      @ Abbrev [11] 0x2e4:0x5 DW_TAG_pointer_type
	.long	717                     @ DW_AT_type
	.byte	0                       @ End Of Children Mark
.Ldebug_info_end0:
	.section	.debug_ranges,"",%progbits
.Ldebug_ranges0:
	.long	.Lfunc_begin0
	.long	.Lfunc_end0
	.long	.Lfunc_begin1
	.long	.Lfunc_end1
	.long	.Lfunc_begin2
	.long	.Lfunc_end2
	.long	.Lfunc_begin3
	.long	.Lfunc_end3
	.long	.Lfunc_begin4
	.long	.Lfunc_end4
	.long	.Lfunc_begin5
	.long	.Lfunc_end5
	.long	.Lfunc_begin6
	.long	.Lfunc_end6
	.long	.Lfunc_begin7
	.long	.Lfunc_end7
	.long	0
	.long	0
	.section	.debug_macinfo,"",%progbits
	.byte	0                       @ End Of Macro List Mark

	.ident	"Component: ARM Compiler 6.12 Tool: armclang [5d624a00]"
	.section	".note.GNU-stack","",%progbits
	.eabi_attribute	30, 3	@ Tag_ABI_optimization_goals
	.ARM_attribute	16, 1	@ Tag_AV_eba
	.section	.debug_line,"",%progbits
.Lline_table_start0:
