	.text
	.syntax unified
	.eabi_attribute	67, "2.09"	@ Tag_conformance
	.cpu	cortex-m4
	.eabi_attribute	6, 13	@ Tag_CPU_arch
	.eabi_attribute	7, 77	@ Tag_CPU_arch_profile
	.eabi_attribute	8, 0	@ Tag_ARM_ISA_use
	.eabi_attribute	9, 2	@ Tag_THUMB_ISA_use
	.fpu	fpv4-sp-d16
	.eabi_attribute	27, 1	@ Tag_ABI_HardFP_use
	.eabi_attribute	36, 1	@ Tag_FP_HP_extension
	.eabi_attribute	34, 1	@ Tag_CPU_unaligned_access
	.eabi_attribute	17, 1	@ Tag_ABI_PCS_GOT_use
	.eabi_attribute	20, 2	@ Tag_ABI_FP_denormal
	.eabi_attribute	21, 0	@ Tag_ABI_FP_exceptions
	.eabi_attribute	23, 1	@ Tag_ABI_FP_number_model
	.eabi_attribute	24, 1	@ Tag_ABI_align_needed
	.eabi_attribute	25, 1	@ Tag_ABI_align_preserved
	.eabi_attribute	28, 1	@ Tag_ABI_VFP_args
	.eabi_attribute	38, 1	@ Tag_ABI_FP_16bit_format
	.eabi_attribute	18, 2	@ Tag_ABI_PCS_wchar_t
	.eabi_attribute	26, 1	@ Tag_ABI_enum_size
	.eabi_attribute	14, 0	@ Tag_ABI_PCS_R9_use
	.file	"def.c"
	.section	.text.lwip_htons,"ax",%progbits
	.hidden	lwip_htons              @ -- Begin function lwip_htons
	.globl	lwip_htons
	.p2align	1
	.type	lwip_htons,%function
	.code	16                      @ @lwip_htons
	.thumb_func
lwip_htons:
.Lfunc_begin0:
	.file	1 "F:\\SkyDrive\\OtvoreniProjekti\\HotelSaplast\\fw\\KontrolerHotela\\HC070318\\Project" "../Libraries/lwip-1.4.1/src/core/def.c"
	.loc	1 65 0                  @ ../Libraries/lwip-1.4.1/src/core/def.c:65:0
	.fnstart
	.cfi_sections .debug_frame
	.cfi_startproc
@ %bb.0:
	@DEBUG_VALUE: lwip_htons:n <- $r0
	@DEBUG_VALUE: lwip_htons:n <- $r0
	rev16	r0, r0
.Ltmp0:
	.loc	1 66 5 prologue_end     @ ../Libraries/lwip-1.4.1/src/core/def.c:66:5
	bx	lr
.Ltmp1:
.Lfunc_end0:
	.size	lwip_htons, .Lfunc_end0-lwip_htons
	.cfi_endproc
	.cantunwind
	.fnend
                                        @ -- End function
	.section	.text.lwip_ntohs,"ax",%progbits
	.hidden	lwip_ntohs              @ -- Begin function lwip_ntohs
	.globl	lwip_ntohs
	.p2align	1
	.type	lwip_ntohs,%function
	.code	16                      @ @lwip_ntohs
	.thumb_func
lwip_ntohs:
.Lfunc_begin1:
	.loc	1 77 0                  @ ../Libraries/lwip-1.4.1/src/core/def.c:77:0
	.fnstart
	.cfi_startproc
@ %bb.0:
	@DEBUG_VALUE: lwip_ntohs:n <- $r0
	@DEBUG_VALUE: lwip_ntohs:n <- $r0
	rev16	r0, r0
.Ltmp2:
	.loc	1 78 5 prologue_end     @ ../Libraries/lwip-1.4.1/src/core/def.c:78:5
	bx	lr
.Ltmp3:
.Lfunc_end1:
	.size	lwip_ntohs, .Lfunc_end1-lwip_ntohs
	.cfi_endproc
	.cantunwind
	.fnend
                                        @ -- End function
	.section	.text.lwip_htonl,"ax",%progbits
	.hidden	lwip_htonl              @ -- Begin function lwip_htonl
	.globl	lwip_htonl
	.p2align	1
	.type	lwip_htonl,%function
	.code	16                      @ @lwip_htonl
	.thumb_func
lwip_htonl:
.Lfunc_begin2:
	.loc	1 89 0                  @ ../Libraries/lwip-1.4.1/src/core/def.c:89:0
	.fnstart
	.cfi_startproc
@ %bb.0:
	@DEBUG_VALUE: lwip_htonl:n <- $r0
	@DEBUG_VALUE: lwip_htonl:n <- $r0
	.loc	1 92 37 prologue_end    @ ../Libraries/lwip-1.4.1/src/core/def.c:92:37
	rev	r0, r0
.Ltmp4:
	.loc	1 90 5                  @ ../Libraries/lwip-1.4.1/src/core/def.c:90:5
	bx	lr
.Ltmp5:
.Lfunc_end2:
	.size	lwip_htonl, .Lfunc_end2-lwip_htonl
	.cfi_endproc
	.cantunwind
	.fnend
                                        @ -- End function
	.section	.text.lwip_ntohl,"ax",%progbits
	.hidden	lwip_ntohl              @ -- Begin function lwip_ntohl
	.globl	lwip_ntohl
	.p2align	1
	.type	lwip_ntohl,%function
	.code	16                      @ @lwip_ntohl
	.thumb_func
lwip_ntohl:
.Lfunc_begin3:
	.loc	1 104 0                 @ ../Libraries/lwip-1.4.1/src/core/def.c:104:0
	.fnstart
	.cfi_startproc
@ %bb.0:
	@DEBUG_VALUE: lwip_ntohl:n <- $r0
	@DEBUG_VALUE: lwip_ntohl:n <- $r0
	@DEBUG_VALUE: lwip_htonl:n <- $r0
	@DEBUG_VALUE: lwip_htonl:n <- $r0
	.loc	1 92 37 prologue_end    @ ../Libraries/lwip-1.4.1/src/core/def.c:92:37
	rev	r0, r0
.Ltmp6:
	.loc	1 105 5                 @ ../Libraries/lwip-1.4.1/src/core/def.c:105:5
	bx	lr
.Ltmp7:
.Lfunc_end3:
	.size	lwip_ntohl, .Lfunc_end3-lwip_ntohl
	.cfi_endproc
	.file	2 "F:\\SkyDrive\\OtvoreniProjekti\\HotelSaplast\\fw\\KontrolerHotela\\HC070318\\Project" "../Libraries/lwip-1.4.1/port/arch\\cc.h"
	.cantunwind
	.fnend
                                        @ -- End function
	.section	.debug_str,"MS",%progbits,1
.Linfo_string0:
	.asciz	"Component: ARM Compiler 6.12 Tool: armclang [5d624a00]" @ string offset=0
.Linfo_string1:
	.asciz	"../Libraries/lwip-1.4.1/src/core\\def.c" @ string offset=55
.Linfo_string2:
	.asciz	"F:\\SkyDrive\\OtvoreniProjekti\\HotelSaplast\\fw\\KontrolerHotela\\HC070318\\Project" @ string offset=94
.Linfo_string3:
	.asciz	"lwip_htonl"            @ string offset=172
.Linfo_string4:
	.asciz	"long unsigned int"     @ string offset=183
.Linfo_string5:
	.asciz	"u32_t"                 @ string offset=201
.Linfo_string6:
	.asciz	"n"                     @ string offset=207
.Linfo_string7:
	.asciz	"lwip_htons"            @ string offset=209
.Linfo_string8:
	.asciz	"unsigned short"        @ string offset=220
.Linfo_string9:
	.asciz	"u16_t"                 @ string offset=235
.Linfo_string10:
	.asciz	"lwip_ntohs"            @ string offset=241
.Linfo_string11:
	.asciz	"lwip_ntohl"            @ string offset=252
	.section	.debug_loc,"",%progbits
.Ldebug_loc0:
	.long	.Lfunc_begin0
	.long	.Ltmp0
	.short	1                       @ Loc expr size
	.byte	80                      @ DW_OP_reg0
	.long	0
	.long	0
.Ldebug_loc1:
	.long	.Lfunc_begin1
	.long	.Ltmp2
	.short	1                       @ Loc expr size
	.byte	80                      @ DW_OP_reg0
	.long	0
	.long	0
.Ldebug_loc2:
	.long	.Lfunc_begin2
	.long	.Ltmp4
	.short	1                       @ Loc expr size
	.byte	80                      @ DW_OP_reg0
	.long	0
	.long	0
.Ldebug_loc3:
	.long	.Lfunc_begin3
	.long	.Ltmp6
	.short	1                       @ Loc expr size
	.byte	80                      @ DW_OP_reg0
	.long	0
	.long	0
.Ldebug_loc4:
	.long	.Lfunc_begin3
	.long	.Ltmp6
	.short	1                       @ Loc expr size
	.byte	80                      @ DW_OP_reg0
	.long	0
	.long	0
	.section	.debug_abbrev,"",%progbits
	.byte	1                       @ Abbreviation Code
	.byte	17                      @ DW_TAG_compile_unit
	.byte	1                       @ DW_CHILDREN_yes
	.byte	37                      @ DW_AT_producer
	.byte	14                      @ DW_FORM_strp
	.byte	19                      @ DW_AT_language
	.byte	5                       @ DW_FORM_data2
	.byte	3                       @ DW_AT_name
	.byte	14                      @ DW_FORM_strp
	.byte	16                      @ DW_AT_stmt_list
	.byte	6                       @ DW_FORM_data4
	.byte	27                      @ DW_AT_comp_dir
	.byte	14                      @ DW_FORM_strp
	.byte	17                      @ DW_AT_low_pc
	.byte	1                       @ DW_FORM_addr
	.byte	85                      @ DW_AT_ranges
	.byte	6                       @ DW_FORM_data4
	.byte	0                       @ EOM(1)
	.byte	0                       @ EOM(2)
	.byte	2                       @ Abbreviation Code
	.byte	46                      @ DW_TAG_subprogram
	.byte	1                       @ DW_CHILDREN_yes
	.byte	17                      @ DW_AT_low_pc
	.byte	1                       @ DW_FORM_addr
	.byte	18                      @ DW_AT_high_pc
	.byte	1                       @ DW_FORM_addr
	.byte	64                      @ DW_AT_frame_base
	.byte	10                      @ DW_FORM_block1
	.byte	3                       @ DW_AT_name
	.byte	14                      @ DW_FORM_strp
	.byte	58                      @ DW_AT_decl_file
	.byte	11                      @ DW_FORM_data1
	.byte	59                      @ DW_AT_decl_line
	.byte	11                      @ DW_FORM_data1
	.byte	39                      @ DW_AT_prototyped
	.byte	12                      @ DW_FORM_flag
	.byte	73                      @ DW_AT_type
	.byte	19                      @ DW_FORM_ref4
	.byte	63                      @ DW_AT_external
	.byte	12                      @ DW_FORM_flag
	.byte	0                       @ EOM(1)
	.byte	0                       @ EOM(2)
	.byte	3                       @ Abbreviation Code
	.byte	5                       @ DW_TAG_formal_parameter
	.byte	0                       @ DW_CHILDREN_no
	.byte	2                       @ DW_AT_location
	.byte	6                       @ DW_FORM_data4
	.byte	3                       @ DW_AT_name
	.byte	14                      @ DW_FORM_strp
	.byte	58                      @ DW_AT_decl_file
	.byte	11                      @ DW_FORM_data1
	.byte	59                      @ DW_AT_decl_line
	.byte	11                      @ DW_FORM_data1
	.byte	73                      @ DW_AT_type
	.byte	19                      @ DW_FORM_ref4
	.byte	0                       @ EOM(1)
	.byte	0                       @ EOM(2)
	.byte	4                       @ Abbreviation Code
	.byte	46                      @ DW_TAG_subprogram
	.byte	1                       @ DW_CHILDREN_yes
	.byte	17                      @ DW_AT_low_pc
	.byte	1                       @ DW_FORM_addr
	.byte	18                      @ DW_AT_high_pc
	.byte	1                       @ DW_FORM_addr
	.byte	64                      @ DW_AT_frame_base
	.byte	10                      @ DW_FORM_block1
	.byte	49                      @ DW_AT_abstract_origin
	.byte	19                      @ DW_FORM_ref4
	.byte	0                       @ EOM(1)
	.byte	0                       @ EOM(2)
	.byte	5                       @ Abbreviation Code
	.byte	5                       @ DW_TAG_formal_parameter
	.byte	0                       @ DW_CHILDREN_no
	.byte	2                       @ DW_AT_location
	.byte	6                       @ DW_FORM_data4
	.byte	49                      @ DW_AT_abstract_origin
	.byte	19                      @ DW_FORM_ref4
	.byte	0                       @ EOM(1)
	.byte	0                       @ EOM(2)
	.byte	6                       @ Abbreviation Code
	.byte	46                      @ DW_TAG_subprogram
	.byte	1                       @ DW_CHILDREN_yes
	.byte	3                       @ DW_AT_name
	.byte	14                      @ DW_FORM_strp
	.byte	58                      @ DW_AT_decl_file
	.byte	11                      @ DW_FORM_data1
	.byte	59                      @ DW_AT_decl_line
	.byte	11                      @ DW_FORM_data1
	.byte	39                      @ DW_AT_prototyped
	.byte	12                      @ DW_FORM_flag
	.byte	73                      @ DW_AT_type
	.byte	19                      @ DW_FORM_ref4
	.byte	63                      @ DW_AT_external
	.byte	12                      @ DW_FORM_flag
	.byte	32                      @ DW_AT_inline
	.byte	11                      @ DW_FORM_data1
	.byte	0                       @ EOM(1)
	.byte	0                       @ EOM(2)
	.byte	7                       @ Abbreviation Code
	.byte	5                       @ DW_TAG_formal_parameter
	.byte	0                       @ DW_CHILDREN_no
	.byte	3                       @ DW_AT_name
	.byte	14                      @ DW_FORM_strp
	.byte	58                      @ DW_AT_decl_file
	.byte	11                      @ DW_FORM_data1
	.byte	59                      @ DW_AT_decl_line
	.byte	11                      @ DW_FORM_data1
	.byte	73                      @ DW_AT_type
	.byte	19                      @ DW_FORM_ref4
	.byte	0                       @ EOM(1)
	.byte	0                       @ EOM(2)
	.byte	8                       @ Abbreviation Code
	.byte	22                      @ DW_TAG_typedef
	.byte	0                       @ DW_CHILDREN_no
	.byte	73                      @ DW_AT_type
	.byte	19                      @ DW_FORM_ref4
	.byte	3                       @ DW_AT_name
	.byte	14                      @ DW_FORM_strp
	.byte	58                      @ DW_AT_decl_file
	.byte	11                      @ DW_FORM_data1
	.byte	59                      @ DW_AT_decl_line
	.byte	11                      @ DW_FORM_data1
	.byte	0                       @ EOM(1)
	.byte	0                       @ EOM(2)
	.byte	9                       @ Abbreviation Code
	.byte	36                      @ DW_TAG_base_type
	.byte	0                       @ DW_CHILDREN_no
	.byte	3                       @ DW_AT_name
	.byte	14                      @ DW_FORM_strp
	.byte	62                      @ DW_AT_encoding
	.byte	11                      @ DW_FORM_data1
	.byte	11                      @ DW_AT_byte_size
	.byte	11                      @ DW_FORM_data1
	.byte	0                       @ EOM(1)
	.byte	0                       @ EOM(2)
	.byte	10                      @ Abbreviation Code
	.byte	29                      @ DW_TAG_inlined_subroutine
	.byte	1                       @ DW_CHILDREN_yes
	.byte	49                      @ DW_AT_abstract_origin
	.byte	19                      @ DW_FORM_ref4
	.byte	17                      @ DW_AT_low_pc
	.byte	1                       @ DW_FORM_addr
	.byte	18                      @ DW_AT_high_pc
	.byte	1                       @ DW_FORM_addr
	.byte	88                      @ DW_AT_call_file
	.byte	11                      @ DW_FORM_data1
	.byte	89                      @ DW_AT_call_line
	.byte	11                      @ DW_FORM_data1
	.byte	0                       @ EOM(1)
	.byte	0                       @ EOM(2)
	.byte	0                       @ EOM(3)
	.section	.debug_info,"",%progbits
.Lcu_begin0:
	.long	.Ldebug_info_end0-.Ldebug_info_start0 @ Length of Unit
.Ldebug_info_start0:
	.short	3                       @ DWARF version number
	.long	.debug_abbrev           @ Offset Into Abbrev. Section
	.byte	4                       @ Address Size (in bytes)
	.byte	1                       @ Abbrev [1] 0xb:0x101 DW_TAG_compile_unit
	.long	.Linfo_string0          @ DW_AT_producer
	.short	12                      @ DW_AT_language
	.long	.Linfo_string1          @ DW_AT_name
	.long	.Lline_table_start0     @ DW_AT_stmt_list
	.long	.Linfo_string2          @ DW_AT_comp_dir
	.long	0                       @ DW_AT_low_pc
	.long	.Ldebug_ranges0         @ DW_AT_ranges
	.byte	2                       @ Abbrev [2] 0x26:0x27 DW_TAG_subprogram
	.long	.Lfunc_begin0           @ DW_AT_low_pc
	.long	.Lfunc_end0             @ DW_AT_high_pc
	.byte	1                       @ DW_AT_frame_base
	.byte	93
	.long	.Linfo_string7          @ DW_AT_name
	.byte	1                       @ DW_AT_decl_file
	.byte	64                      @ DW_AT_decl_line
	.byte	1                       @ DW_AT_prototyped
	.long	249                     @ DW_AT_type
	.byte	1                       @ DW_AT_external
	.byte	3                       @ Abbrev [3] 0x3d:0xf DW_TAG_formal_parameter
	.long	.Ldebug_loc0            @ DW_AT_location
	.long	.Linfo_string6          @ DW_AT_name
	.byte	1                       @ DW_AT_decl_file
	.byte	64                      @ DW_AT_decl_line
	.long	249                     @ DW_AT_type
	.byte	0                       @ End Of Children Mark
	.byte	2                       @ Abbrev [2] 0x4d:0x27 DW_TAG_subprogram
	.long	.Lfunc_begin1           @ DW_AT_low_pc
	.long	.Lfunc_end1             @ DW_AT_high_pc
	.byte	1                       @ DW_AT_frame_base
	.byte	93
	.long	.Linfo_string10         @ DW_AT_name
	.byte	1                       @ DW_AT_decl_file
	.byte	76                      @ DW_AT_decl_line
	.byte	1                       @ DW_AT_prototyped
	.long	249                     @ DW_AT_type
	.byte	1                       @ DW_AT_external
	.byte	3                       @ Abbrev [3] 0x64:0xf DW_TAG_formal_parameter
	.long	.Ldebug_loc1            @ DW_AT_location
	.long	.Linfo_string6          @ DW_AT_name
	.byte	1                       @ DW_AT_decl_file
	.byte	76                      @ DW_AT_decl_line
	.long	249                     @ DW_AT_type
	.byte	0                       @ End Of Children Mark
	.byte	4                       @ Abbrev [4] 0x74:0x19 DW_TAG_subprogram
	.long	.Lfunc_begin2           @ DW_AT_low_pc
	.long	.Lfunc_end2             @ DW_AT_high_pc
	.byte	1                       @ DW_AT_frame_base
	.byte	93
	.long	141                     @ DW_AT_abstract_origin
	.byte	5                       @ Abbrev [5] 0x83:0x9 DW_TAG_formal_parameter
	.long	.Ldebug_loc2            @ DW_AT_location
	.long	155                     @ DW_AT_abstract_origin
	.byte	0                       @ End Of Children Mark
	.byte	6                       @ Abbrev [6] 0x8d:0x1a DW_TAG_subprogram
	.long	.Linfo_string3          @ DW_AT_name
	.byte	1                       @ DW_AT_decl_file
	.byte	88                      @ DW_AT_decl_line
	.byte	1                       @ DW_AT_prototyped
	.long	167                     @ DW_AT_type
	.byte	1                       @ DW_AT_external
	.byte	1                       @ DW_AT_inline
	.byte	7                       @ Abbrev [7] 0x9b:0xb DW_TAG_formal_parameter
	.long	.Linfo_string6          @ DW_AT_name
	.byte	1                       @ DW_AT_decl_file
	.byte	88                      @ DW_AT_decl_line
	.long	167                     @ DW_AT_type
	.byte	0                       @ End Of Children Mark
	.byte	8                       @ Abbrev [8] 0xa7:0xb DW_TAG_typedef
	.long	178                     @ DW_AT_type
	.long	.Linfo_string5          @ DW_AT_name
	.byte	2                       @ DW_AT_decl_file
	.byte	41                      @ DW_AT_decl_line
	.byte	9                       @ Abbrev [9] 0xb2:0x7 DW_TAG_base_type
	.long	.Linfo_string4          @ DW_AT_name
	.byte	7                       @ DW_AT_encoding
	.byte	4                       @ DW_AT_byte_size
	.byte	2                       @ Abbrev [2] 0xb9:0x40 DW_TAG_subprogram
	.long	.Lfunc_begin3           @ DW_AT_low_pc
	.long	.Lfunc_end3             @ DW_AT_high_pc
	.byte	1                       @ DW_AT_frame_base
	.byte	93
	.long	.Linfo_string11         @ DW_AT_name
	.byte	1                       @ DW_AT_decl_file
	.byte	103                     @ DW_AT_decl_line
	.byte	1                       @ DW_AT_prototyped
	.long	167                     @ DW_AT_type
	.byte	1                       @ DW_AT_external
	.byte	3                       @ Abbrev [3] 0xd0:0xf DW_TAG_formal_parameter
	.long	.Ldebug_loc3            @ DW_AT_location
	.long	.Linfo_string6          @ DW_AT_name
	.byte	1                       @ DW_AT_decl_file
	.byte	103                     @ DW_AT_decl_line
	.long	167                     @ DW_AT_type
	.byte	10                      @ Abbrev [10] 0xdf:0x19 DW_TAG_inlined_subroutine
	.long	141                     @ DW_AT_abstract_origin
	.long	.Lfunc_begin3           @ DW_AT_low_pc
	.long	.Ltmp6                  @ DW_AT_high_pc
	.byte	1                       @ DW_AT_call_file
	.byte	105                     @ DW_AT_call_line
	.byte	5                       @ Abbrev [5] 0xee:0x9 DW_TAG_formal_parameter
	.long	.Ldebug_loc4            @ DW_AT_location
	.long	155                     @ DW_AT_abstract_origin
	.byte	0                       @ End Of Children Mark
	.byte	0                       @ End Of Children Mark
	.byte	8                       @ Abbrev [8] 0xf9:0xb DW_TAG_typedef
	.long	260                     @ DW_AT_type
	.long	.Linfo_string9          @ DW_AT_name
	.byte	2                       @ DW_AT_decl_file
	.byte	39                      @ DW_AT_decl_line
	.byte	9                       @ Abbrev [9] 0x104:0x7 DW_TAG_base_type
	.long	.Linfo_string8          @ DW_AT_name
	.byte	7                       @ DW_AT_encoding
	.byte	2                       @ DW_AT_byte_size
	.byte	0                       @ End Of Children Mark
.Ldebug_info_end0:
	.section	.debug_ranges,"",%progbits
.Ldebug_ranges0:
	.long	.Lfunc_begin0
	.long	.Lfunc_end0
	.long	.Lfunc_begin1
	.long	.Lfunc_end1
	.long	.Lfunc_begin2
	.long	.Lfunc_end2
	.long	.Lfunc_begin3
	.long	.Lfunc_end3
	.long	0
	.long	0
	.section	.debug_macinfo,"",%progbits
	.byte	0                       @ End Of Macro List Mark

	.ident	"Component: ARM Compiler 6.12 Tool: armclang [5d624a00]"
	.section	".note.GNU-stack","",%progbits
	.eabi_attribute	30, 3	@ Tag_ABI_optimization_goals
	.ARM_attribute	16, 1	@ Tag_AV_eba
	.section	.debug_line,"",%progbits
.Lline_table_start0:
