	.text
	.syntax unified
	.eabi_attribute	67, "2.09"	@ Tag_conformance
	.cpu	cortex-m4
	.eabi_attribute	6, 13	@ Tag_CPU_arch
	.eabi_attribute	7, 77	@ Tag_CPU_arch_profile
	.eabi_attribute	8, 0	@ Tag_ARM_ISA_use
	.eabi_attribute	9, 2	@ Tag_THUMB_ISA_use
	.fpu	fpv4-sp-d16
	.eabi_attribute	27, 1	@ Tag_ABI_HardFP_use
	.eabi_attribute	36, 1	@ Tag_FP_HP_extension
	.eabi_attribute	34, 1	@ Tag_CPU_unaligned_access
	.eabi_attribute	17, 1	@ Tag_ABI_PCS_GOT_use
	.eabi_attribute	20, 2	@ Tag_ABI_FP_denormal
	.eabi_attribute	21, 0	@ Tag_ABI_FP_exceptions
	.eabi_attribute	23, 1	@ Tag_ABI_FP_number_model
	.eabi_attribute	24, 1	@ Tag_ABI_align_needed
	.eabi_attribute	25, 1	@ Tag_ABI_align_preserved
	.eabi_attribute	28, 1	@ Tag_ABI_VFP_args
	.eabi_attribute	38, 1	@ Tag_ABI_FP_16bit_format
	.eabi_attribute	18, 2	@ Tag_ABI_PCS_wchar_t
	.eabi_attribute	26, 1	@ Tag_ABI_enum_size
	.eabi_attribute	14, 0	@ Tag_ABI_PCS_R9_use
	.file	"delay.c"
	.file	1 "C:\\Keil\\ARM\\ARMCLANG\\Bin\\..\\include" "stdint.h"
	.file	2 "F:\\SkyDrive\\OtvoreniProjekti\\HotelSaplast\\fw\\KontrolerHotela\\HC070318\\Project" "../Libraries/CMSIS/Device/ST/STM32F4xx/Include\\stm32f4xx.h"
	.file	3 "F:\\SkyDrive\\OtvoreniProjekti\\HotelSaplast\\fw\\KontrolerHotela\\HC070318\\Project" "../Driver/delay.c"
	.file	4 "C:/Keil\\ARM\\CMSIS\\Include" "core_cm4.h"
	.section	.text.delay_ms,"ax",%progbits
	.hidden	delay_ms                @ -- Begin function delay_ms
	.globl	delay_ms
	.p2align	1
	.type	delay_ms,%function
	.code	16                      @ @delay_ms
	.thumb_func
delay_ms:
.Lfunc_begin0:
	.loc	3 11 0                  @ ../Driver/delay.c:11:0
	.fnstart
	.cfi_sections .debug_frame
	.cfi_startproc
@ %bb.0:
	@DEBUG_VALUE: delay_ms:nms <- $r0
	@DEBUG_VALUE: delay_ms:nms <- $r0
	.loc	3 12 6 prologue_end     @ ../Driver/delay.c:12:6
	movw	r1, :lower16:time
	movw	r2, #48927
	movs	r3, #240
.Ltmp0:
	@DEBUG_VALUE: NVIC_SetPriority:priority <- 15
	@DEBUG_VALUE: NVIC_SetPriority:IRQn <- -1
	movt	r1, :upper16:time
	movt	r2, #2
.Ltmp1:
	@DEBUG_VALUE: SysTick_Config:ticks <- 180000
	strh	r0, [r1]
	movw	r0, #57360
.Ltmp2:
	.loc	3 0 6 is_stmt 0         @ ../Driver/delay.c:0:6
	movt	r0, #57344
.Ltmp3:
	.loc	4 1666 18 is_stmt 1     @ C:/Keil\ARM\CMSIS\Include\core_cm4.h:1666:18
	str	r2, [r0, #4]
	movw	r2, #60707
	movt	r2, #57344
.Ltmp4:
	.loc	4 1538 42               @ C:/Keil\ARM\CMSIS\Include\core_cm4.h:1538:42
	strb	r3, [r2]
	movs	r2, #0
.Ltmp5:
	.loc	4 1668 18               @ C:/Keil\ARM\CMSIS\Include\core_cm4.h:1668:18
	str	r2, [r0, #8]
	movs	r2, #7
	.loc	4 1669 18               @ C:/Keil\ARM\CMSIS\Include\core_cm4.h:1669:18
	str	r2, [r0]
.Ltmp6:
	.p2align	2
.LBB0_1:                                @ =>This Inner Loop Header: Depth=1
	.loc	3 14 8                  @ ../Driver/delay.c:14:8
	ldrh	r2, [r1]
	.loc	3 14 2 is_stmt 0        @ ../Driver/delay.c:14:2
	cmp	r2, #0
	bne	.LBB0_1
@ %bb.2:
	.loc	3 0 2                   @ ../Driver/delay.c:0:2
	movs	r1, #0
	.loc	3 15 15 is_stmt 1       @ ../Driver/delay.c:15:15
	str	r1, [r0]
	.loc	3 16 1                  @ ../Driver/delay.c:16:1
	bx	lr
.Ltmp7:
.Lfunc_end0:
	.size	delay_ms, .Lfunc_end0-delay_ms
	.cfi_endproc
	.cantunwind
	.fnend
                                        @ -- End function
	.section	.text.delay_us,"ax",%progbits
	.hidden	delay_us                @ -- Begin function delay_us
	.globl	delay_us
	.p2align	1
	.type	delay_us,%function
	.code	16                      @ @delay_us
	.thumb_func
delay_us:
.Lfunc_begin1:
	.loc	3 24 0                  @ ../Driver/delay.c:24:0
	.fnstart
	.cfi_startproc
@ %bb.0:
	@DEBUG_VALUE: delay_us:nus <- $r0
	@DEBUG_VALUE: delay_us:nus <- $r0
	.loc	3 25 6 prologue_end     @ ../Driver/delay.c:25:6
	movw	r1, :lower16:time
	movs	r2, #179
.Ltmp8:
	@DEBUG_VALUE: SysTick_Config:ticks <- 180
	.loc	3 0 6 is_stmt 0         @ ../Driver/delay.c:0:6
	movs	r3, #240
.Ltmp9:
	@DEBUG_VALUE: NVIC_SetPriority:priority <- 15
	@DEBUG_VALUE: NVIC_SetPriority:IRQn <- -1
	.loc	3 25 6                  @ ../Driver/delay.c:25:6
	movt	r1, :upper16:time
	strh	r0, [r1]
	movw	r0, #57360
.Ltmp10:
	.loc	3 0 6                   @ ../Driver/delay.c:0:6
	movt	r0, #57344
.Ltmp11:
	.loc	4 1666 18 is_stmt 1     @ C:/Keil\ARM\CMSIS\Include\core_cm4.h:1666:18
	str	r2, [r0, #4]
	movw	r2, #60707
	movt	r2, #57344
.Ltmp12:
	.loc	4 1538 42               @ C:/Keil\ARM\CMSIS\Include\core_cm4.h:1538:42
	strb	r3, [r2]
	movs	r2, #0
.Ltmp13:
	.loc	4 1668 18               @ C:/Keil\ARM\CMSIS\Include\core_cm4.h:1668:18
	str	r2, [r0, #8]
	movs	r2, #7
	.loc	4 1669 18               @ C:/Keil\ARM\CMSIS\Include\core_cm4.h:1669:18
	str	r2, [r0]
.Ltmp14:
	.p2align	2
.LBB1_1:                                @ =>This Inner Loop Header: Depth=1
	.loc	3 27 8                  @ ../Driver/delay.c:27:8
	ldrh	r2, [r1]
	.loc	3 27 2 is_stmt 0        @ ../Driver/delay.c:27:2
	cmp	r2, #0
	bne	.LBB1_1
@ %bb.2:
	.loc	3 0 2                   @ ../Driver/delay.c:0:2
	movs	r1, #0
	.loc	3 28 15 is_stmt 1       @ ../Driver/delay.c:28:15
	str	r1, [r0]
	.loc	3 29 1                  @ ../Driver/delay.c:29:1
	bx	lr
.Ltmp15:
.Lfunc_end1:
	.size	delay_us, .Lfunc_end1-delay_us
	.cfi_endproc
	.cantunwind
	.fnend
                                        @ -- End function
	.hidden	time                    @ @time
	.type	time,%object
	.section	.bss.time,"aw",%nobits
	.globl	time
	.p2align	1
time:
	.short	0                       @ 0x0
	.size	time, 2

	.section	.debug_str,"MS",%progbits,1
.Linfo_string0:
	.asciz	"Component: ARM Compiler 6.12 Tool: armclang [5d624a00]" @ string offset=0
.Linfo_string1:
	.asciz	"../Driver\\delay.c"    @ string offset=55
.Linfo_string2:
	.asciz	"F:\\SkyDrive\\OtvoreniProjekti\\HotelSaplast\\fw\\KontrolerHotela\\HC070318\\Project" @ string offset=73
.Linfo_string3:
	.asciz	"time"                  @ string offset=151
.Linfo_string4:
	.asciz	"unsigned short"        @ string offset=156
.Linfo_string5:
	.asciz	"uint16_t"              @ string offset=171
.Linfo_string6:
	.asciz	"u16"                   @ string offset=180
.Linfo_string7:
	.asciz	"signed char"           @ string offset=184
.Linfo_string8:
	.asciz	"NonMaskableInt_IRQn"   @ string offset=196
.Linfo_string9:
	.asciz	"MemoryManagement_IRQn" @ string offset=216
.Linfo_string10:
	.asciz	"BusFault_IRQn"         @ string offset=238
.Linfo_string11:
	.asciz	"UsageFault_IRQn"       @ string offset=252
.Linfo_string12:
	.asciz	"SVCall_IRQn"           @ string offset=268
.Linfo_string13:
	.asciz	"DebugMonitor_IRQn"     @ string offset=280
.Linfo_string14:
	.asciz	"PendSV_IRQn"           @ string offset=298
.Linfo_string15:
	.asciz	"SysTick_IRQn"          @ string offset=310
.Linfo_string16:
	.asciz	"WWDG_IRQn"             @ string offset=323
.Linfo_string17:
	.asciz	"PVD_IRQn"              @ string offset=333
.Linfo_string18:
	.asciz	"TAMP_STAMP_IRQn"       @ string offset=342
.Linfo_string19:
	.asciz	"RTC_WKUP_IRQn"         @ string offset=358
.Linfo_string20:
	.asciz	"FLASH_IRQn"            @ string offset=372
.Linfo_string21:
	.asciz	"RCC_IRQn"              @ string offset=383
.Linfo_string22:
	.asciz	"EXTI0_IRQn"            @ string offset=392
.Linfo_string23:
	.asciz	"EXTI1_IRQn"            @ string offset=403
.Linfo_string24:
	.asciz	"EXTI2_IRQn"            @ string offset=414
.Linfo_string25:
	.asciz	"EXTI3_IRQn"            @ string offset=425
.Linfo_string26:
	.asciz	"EXTI4_IRQn"            @ string offset=436
.Linfo_string27:
	.asciz	"DMA1_Stream0_IRQn"     @ string offset=447
.Linfo_string28:
	.asciz	"DMA1_Stream1_IRQn"     @ string offset=465
.Linfo_string29:
	.asciz	"DMA1_Stream2_IRQn"     @ string offset=483
.Linfo_string30:
	.asciz	"DMA1_Stream3_IRQn"     @ string offset=501
.Linfo_string31:
	.asciz	"DMA1_Stream4_IRQn"     @ string offset=519
.Linfo_string32:
	.asciz	"DMA1_Stream5_IRQn"     @ string offset=537
.Linfo_string33:
	.asciz	"DMA1_Stream6_IRQn"     @ string offset=555
.Linfo_string34:
	.asciz	"ADC_IRQn"              @ string offset=573
.Linfo_string35:
	.asciz	"CAN1_TX_IRQn"          @ string offset=582
.Linfo_string36:
	.asciz	"CAN1_RX0_IRQn"         @ string offset=595
.Linfo_string37:
	.asciz	"CAN1_RX1_IRQn"         @ string offset=609
.Linfo_string38:
	.asciz	"CAN1_SCE_IRQn"         @ string offset=623
.Linfo_string39:
	.asciz	"EXTI9_5_IRQn"          @ string offset=637
.Linfo_string40:
	.asciz	"TIM1_BRK_TIM9_IRQn"    @ string offset=650
.Linfo_string41:
	.asciz	"TIM1_UP_TIM10_IRQn"    @ string offset=669
.Linfo_string42:
	.asciz	"TIM1_TRG_COM_TIM11_IRQn" @ string offset=688
.Linfo_string43:
	.asciz	"TIM1_CC_IRQn"          @ string offset=712
.Linfo_string44:
	.asciz	"TIM2_IRQn"             @ string offset=725
.Linfo_string45:
	.asciz	"TIM3_IRQn"             @ string offset=735
.Linfo_string46:
	.asciz	"TIM4_IRQn"             @ string offset=745
.Linfo_string47:
	.asciz	"I2C1_EV_IRQn"          @ string offset=755
.Linfo_string48:
	.asciz	"I2C1_ER_IRQn"          @ string offset=768
.Linfo_string49:
	.asciz	"I2C2_EV_IRQn"          @ string offset=781
.Linfo_string50:
	.asciz	"I2C2_ER_IRQn"          @ string offset=794
.Linfo_string51:
	.asciz	"SPI1_IRQn"             @ string offset=807
.Linfo_string52:
	.asciz	"SPI2_IRQn"             @ string offset=817
.Linfo_string53:
	.asciz	"USART1_IRQn"           @ string offset=827
.Linfo_string54:
	.asciz	"USART2_IRQn"           @ string offset=839
.Linfo_string55:
	.asciz	"USART3_IRQn"           @ string offset=851
.Linfo_string56:
	.asciz	"EXTI15_10_IRQn"        @ string offset=863
.Linfo_string57:
	.asciz	"RTC_Alarm_IRQn"        @ string offset=878
.Linfo_string58:
	.asciz	"OTG_FS_WKUP_IRQn"      @ string offset=893
.Linfo_string59:
	.asciz	"TIM8_BRK_TIM12_IRQn"   @ string offset=910
.Linfo_string60:
	.asciz	"TIM8_UP_TIM13_IRQn"    @ string offset=930
.Linfo_string61:
	.asciz	"TIM8_TRG_COM_TIM14_IRQn" @ string offset=949
.Linfo_string62:
	.asciz	"TIM8_CC_IRQn"          @ string offset=973
.Linfo_string63:
	.asciz	"DMA1_Stream7_IRQn"     @ string offset=986
.Linfo_string64:
	.asciz	"FMC_IRQn"              @ string offset=1004
.Linfo_string65:
	.asciz	"SDIO_IRQn"             @ string offset=1013
.Linfo_string66:
	.asciz	"TIM5_IRQn"             @ string offset=1023
.Linfo_string67:
	.asciz	"SPI3_IRQn"             @ string offset=1033
.Linfo_string68:
	.asciz	"UART4_IRQn"            @ string offset=1043
.Linfo_string69:
	.asciz	"UART5_IRQn"            @ string offset=1054
.Linfo_string70:
	.asciz	"TIM6_DAC_IRQn"         @ string offset=1065
.Linfo_string71:
	.asciz	"TIM7_IRQn"             @ string offset=1079
.Linfo_string72:
	.asciz	"DMA2_Stream0_IRQn"     @ string offset=1089
.Linfo_string73:
	.asciz	"DMA2_Stream1_IRQn"     @ string offset=1107
.Linfo_string74:
	.asciz	"DMA2_Stream2_IRQn"     @ string offset=1125
.Linfo_string75:
	.asciz	"DMA2_Stream3_IRQn"     @ string offset=1143
.Linfo_string76:
	.asciz	"DMA2_Stream4_IRQn"     @ string offset=1161
.Linfo_string77:
	.asciz	"ETH_IRQn"              @ string offset=1179
.Linfo_string78:
	.asciz	"ETH_WKUP_IRQn"         @ string offset=1188
.Linfo_string79:
	.asciz	"CAN2_TX_IRQn"          @ string offset=1202
.Linfo_string80:
	.asciz	"CAN2_RX0_IRQn"         @ string offset=1215
.Linfo_string81:
	.asciz	"CAN2_RX1_IRQn"         @ string offset=1229
.Linfo_string82:
	.asciz	"CAN2_SCE_IRQn"         @ string offset=1243
.Linfo_string83:
	.asciz	"OTG_FS_IRQn"           @ string offset=1257
.Linfo_string84:
	.asciz	"DMA2_Stream5_IRQn"     @ string offset=1269
.Linfo_string85:
	.asciz	"DMA2_Stream6_IRQn"     @ string offset=1287
.Linfo_string86:
	.asciz	"DMA2_Stream7_IRQn"     @ string offset=1305
.Linfo_string87:
	.asciz	"USART6_IRQn"           @ string offset=1323
.Linfo_string88:
	.asciz	"I2C3_EV_IRQn"          @ string offset=1335
.Linfo_string89:
	.asciz	"I2C3_ER_IRQn"          @ string offset=1348
.Linfo_string90:
	.asciz	"OTG_HS_EP1_OUT_IRQn"   @ string offset=1361
.Linfo_string91:
	.asciz	"OTG_HS_EP1_IN_IRQn"    @ string offset=1381
.Linfo_string92:
	.asciz	"OTG_HS_WKUP_IRQn"      @ string offset=1400
.Linfo_string93:
	.asciz	"OTG_HS_IRQn"           @ string offset=1417
.Linfo_string94:
	.asciz	"DCMI_IRQn"             @ string offset=1429
.Linfo_string95:
	.asciz	"CRYP_IRQn"             @ string offset=1439
.Linfo_string96:
	.asciz	"HASH_RNG_IRQn"         @ string offset=1449
.Linfo_string97:
	.asciz	"FPU_IRQn"              @ string offset=1463
.Linfo_string98:
	.asciz	"UART7_IRQn"            @ string offset=1472
.Linfo_string99:
	.asciz	"UART8_IRQn"            @ string offset=1483
.Linfo_string100:
	.asciz	"SPI4_IRQn"             @ string offset=1494
.Linfo_string101:
	.asciz	"SPI5_IRQn"             @ string offset=1504
.Linfo_string102:
	.asciz	"SPI6_IRQn"             @ string offset=1514
.Linfo_string103:
	.asciz	"SAI1_IRQn"             @ string offset=1524
.Linfo_string104:
	.asciz	"LTDC_IRQn"             @ string offset=1534
.Linfo_string105:
	.asciz	"LTDC_ER_IRQn"          @ string offset=1544
.Linfo_string106:
	.asciz	"DMA2D_IRQn"            @ string offset=1557
.Linfo_string107:
	.asciz	"IRQn"                  @ string offset=1568
.Linfo_string108:
	.asciz	"CTRL"                  @ string offset=1573
.Linfo_string109:
	.asciz	"unsigned int"          @ string offset=1578
.Linfo_string110:
	.asciz	"uint32_t"              @ string offset=1591
.Linfo_string111:
	.asciz	"LOAD"                  @ string offset=1600
.Linfo_string112:
	.asciz	"VAL"                   @ string offset=1605
.Linfo_string113:
	.asciz	"CALIB"                 @ string offset=1609
.Linfo_string114:
	.asciz	"SysTick_Type"          @ string offset=1615
.Linfo_string115:
	.asciz	"CPUID"                 @ string offset=1628
.Linfo_string116:
	.asciz	"ICSR"                  @ string offset=1634
.Linfo_string117:
	.asciz	"VTOR"                  @ string offset=1639
.Linfo_string118:
	.asciz	"AIRCR"                 @ string offset=1644
.Linfo_string119:
	.asciz	"SCR"                   @ string offset=1650
.Linfo_string120:
	.asciz	"CCR"                   @ string offset=1654
.Linfo_string121:
	.asciz	"SHP"                   @ string offset=1658
.Linfo_string122:
	.asciz	"unsigned char"         @ string offset=1662
.Linfo_string123:
	.asciz	"uint8_t"               @ string offset=1676
.Linfo_string124:
	.asciz	"__ARRAY_SIZE_TYPE__"   @ string offset=1684
.Linfo_string125:
	.asciz	"SHCSR"                 @ string offset=1704
.Linfo_string126:
	.asciz	"CFSR"                  @ string offset=1710
.Linfo_string127:
	.asciz	"HFSR"                  @ string offset=1715
.Linfo_string128:
	.asciz	"DFSR"                  @ string offset=1720
.Linfo_string129:
	.asciz	"MMFAR"                 @ string offset=1725
.Linfo_string130:
	.asciz	"BFAR"                  @ string offset=1731
.Linfo_string131:
	.asciz	"AFSR"                  @ string offset=1736
.Linfo_string132:
	.asciz	"PFR"                   @ string offset=1741
.Linfo_string133:
	.asciz	"DFR"                   @ string offset=1745
.Linfo_string134:
	.asciz	"ADR"                   @ string offset=1749
.Linfo_string135:
	.asciz	"MMFR"                  @ string offset=1753
.Linfo_string136:
	.asciz	"ISAR"                  @ string offset=1758
.Linfo_string137:
	.asciz	"RESERVED0"             @ string offset=1763
.Linfo_string138:
	.asciz	"CPACR"                 @ string offset=1773
.Linfo_string139:
	.asciz	"SCB_Type"              @ string offset=1779
.Linfo_string140:
	.asciz	"ISER"                  @ string offset=1788
.Linfo_string141:
	.asciz	"ICER"                  @ string offset=1793
.Linfo_string142:
	.asciz	"RSERVED1"              @ string offset=1798
.Linfo_string143:
	.asciz	"ISPR"                  @ string offset=1807
.Linfo_string144:
	.asciz	"RESERVED2"             @ string offset=1812
.Linfo_string145:
	.asciz	"ICPR"                  @ string offset=1822
.Linfo_string146:
	.asciz	"RESERVED3"             @ string offset=1827
.Linfo_string147:
	.asciz	"IABR"                  @ string offset=1837
.Linfo_string148:
	.asciz	"RESERVED4"             @ string offset=1842
.Linfo_string149:
	.asciz	"IP"                    @ string offset=1852
.Linfo_string150:
	.asciz	"RESERVED5"             @ string offset=1855
.Linfo_string151:
	.asciz	"STIR"                  @ string offset=1865
.Linfo_string152:
	.asciz	"NVIC_Type"             @ string offset=1870
.Linfo_string153:
	.asciz	"SysTick_Config"        @ string offset=1880
.Linfo_string154:
	.asciz	"ticks"                 @ string offset=1895
.Linfo_string155:
	.asciz	"NVIC_SetPriority"      @ string offset=1901
.Linfo_string156:
	.asciz	"IRQn_Type"             @ string offset=1918
.Linfo_string157:
	.asciz	"priority"              @ string offset=1928
.Linfo_string158:
	.asciz	"delay_ms"              @ string offset=1937
.Linfo_string159:
	.asciz	"delay_us"              @ string offset=1946
.Linfo_string160:
	.asciz	"nms"                   @ string offset=1955
.Linfo_string161:
	.asciz	"nus"                   @ string offset=1959
.Linfo_string162:
	.asciz	"u32"                   @ string offset=1963
	.section	.debug_loc,"",%progbits
.Ldebug_loc0:
	.long	.Lfunc_begin0
	.long	.Ltmp2
	.short	1                       @ Loc expr size
	.byte	80                      @ DW_OP_reg0
	.long	0
	.long	0
.Ldebug_loc1:
	.long	.Lfunc_begin1
	.long	.Ltmp10
	.short	1                       @ Loc expr size
	.byte	80                      @ DW_OP_reg0
	.long	0
	.long	0
	.section	.debug_abbrev,"",%progbits
	.byte	1                       @ Abbreviation Code
	.byte	17                      @ DW_TAG_compile_unit
	.byte	1                       @ DW_CHILDREN_yes
	.byte	37                      @ DW_AT_producer
	.byte	14                      @ DW_FORM_strp
	.byte	19                      @ DW_AT_language
	.byte	5                       @ DW_FORM_data2
	.byte	3                       @ DW_AT_name
	.byte	14                      @ DW_FORM_strp
	.byte	16                      @ DW_AT_stmt_list
	.byte	6                       @ DW_FORM_data4
	.byte	27                      @ DW_AT_comp_dir
	.byte	14                      @ DW_FORM_strp
	.byte	17                      @ DW_AT_low_pc
	.byte	1                       @ DW_FORM_addr
	.byte	85                      @ DW_AT_ranges
	.byte	6                       @ DW_FORM_data4
	.byte	0                       @ EOM(1)
	.byte	0                       @ EOM(2)
	.byte	2                       @ Abbreviation Code
	.byte	52                      @ DW_TAG_variable
	.byte	0                       @ DW_CHILDREN_no
	.byte	3                       @ DW_AT_name
	.byte	14                      @ DW_FORM_strp
	.byte	73                      @ DW_AT_type
	.byte	19                      @ DW_FORM_ref4
	.byte	63                      @ DW_AT_external
	.byte	12                      @ DW_FORM_flag
	.byte	58                      @ DW_AT_decl_file
	.byte	11                      @ DW_FORM_data1
	.byte	59                      @ DW_AT_decl_line
	.byte	11                      @ DW_FORM_data1
	.byte	2                       @ DW_AT_location
	.byte	10                      @ DW_FORM_block1
	.byte	0                       @ EOM(1)
	.byte	0                       @ EOM(2)
	.byte	3                       @ Abbreviation Code
	.byte	53                      @ DW_TAG_volatile_type
	.byte	0                       @ DW_CHILDREN_no
	.byte	73                      @ DW_AT_type
	.byte	19                      @ DW_FORM_ref4
	.byte	0                       @ EOM(1)
	.byte	0                       @ EOM(2)
	.byte	4                       @ Abbreviation Code
	.byte	22                      @ DW_TAG_typedef
	.byte	0                       @ DW_CHILDREN_no
	.byte	73                      @ DW_AT_type
	.byte	19                      @ DW_FORM_ref4
	.byte	3                       @ DW_AT_name
	.byte	14                      @ DW_FORM_strp
	.byte	58                      @ DW_AT_decl_file
	.byte	11                      @ DW_FORM_data1
	.byte	59                      @ DW_AT_decl_line
	.byte	5                       @ DW_FORM_data2
	.byte	0                       @ EOM(1)
	.byte	0                       @ EOM(2)
	.byte	5                       @ Abbreviation Code
	.byte	22                      @ DW_TAG_typedef
	.byte	0                       @ DW_CHILDREN_no
	.byte	73                      @ DW_AT_type
	.byte	19                      @ DW_FORM_ref4
	.byte	3                       @ DW_AT_name
	.byte	14                      @ DW_FORM_strp
	.byte	58                      @ DW_AT_decl_file
	.byte	11                      @ DW_FORM_data1
	.byte	59                      @ DW_AT_decl_line
	.byte	11                      @ DW_FORM_data1
	.byte	0                       @ EOM(1)
	.byte	0                       @ EOM(2)
	.byte	6                       @ Abbreviation Code
	.byte	36                      @ DW_TAG_base_type
	.byte	0                       @ DW_CHILDREN_no
	.byte	3                       @ DW_AT_name
	.byte	14                      @ DW_FORM_strp
	.byte	62                      @ DW_AT_encoding
	.byte	11                      @ DW_FORM_data1
	.byte	11                      @ DW_AT_byte_size
	.byte	11                      @ DW_FORM_data1
	.byte	0                       @ EOM(1)
	.byte	0                       @ EOM(2)
	.byte	7                       @ Abbreviation Code
	.byte	4                       @ DW_TAG_enumeration_type
	.byte	1                       @ DW_CHILDREN_yes
	.byte	73                      @ DW_AT_type
	.byte	19                      @ DW_FORM_ref4
	.byte	3                       @ DW_AT_name
	.byte	14                      @ DW_FORM_strp
	.byte	11                      @ DW_AT_byte_size
	.byte	11                      @ DW_FORM_data1
	.byte	58                      @ DW_AT_decl_file
	.byte	11                      @ DW_FORM_data1
	.byte	59                      @ DW_AT_decl_line
	.byte	11                      @ DW_FORM_data1
	.byte	0                       @ EOM(1)
	.byte	0                       @ EOM(2)
	.byte	8                       @ Abbreviation Code
	.byte	40                      @ DW_TAG_enumerator
	.byte	0                       @ DW_CHILDREN_no
	.byte	3                       @ DW_AT_name
	.byte	14                      @ DW_FORM_strp
	.byte	28                      @ DW_AT_const_value
	.byte	13                      @ DW_FORM_sdata
	.byte	0                       @ EOM(1)
	.byte	0                       @ EOM(2)
	.byte	9                       @ Abbreviation Code
	.byte	15                      @ DW_TAG_pointer_type
	.byte	0                       @ DW_CHILDREN_no
	.byte	73                      @ DW_AT_type
	.byte	19                      @ DW_FORM_ref4
	.byte	0                       @ EOM(1)
	.byte	0                       @ EOM(2)
	.byte	10                      @ Abbreviation Code
	.byte	19                      @ DW_TAG_structure_type
	.byte	1                       @ DW_CHILDREN_yes
	.byte	11                      @ DW_AT_byte_size
	.byte	11                      @ DW_FORM_data1
	.byte	58                      @ DW_AT_decl_file
	.byte	11                      @ DW_FORM_data1
	.byte	59                      @ DW_AT_decl_line
	.byte	5                       @ DW_FORM_data2
	.byte	0                       @ EOM(1)
	.byte	0                       @ EOM(2)
	.byte	11                      @ Abbreviation Code
	.byte	13                      @ DW_TAG_member
	.byte	0                       @ DW_CHILDREN_no
	.byte	3                       @ DW_AT_name
	.byte	14                      @ DW_FORM_strp
	.byte	73                      @ DW_AT_type
	.byte	19                      @ DW_FORM_ref4
	.byte	58                      @ DW_AT_decl_file
	.byte	11                      @ DW_FORM_data1
	.byte	59                      @ DW_AT_decl_line
	.byte	5                       @ DW_FORM_data2
	.byte	56                      @ DW_AT_data_member_location
	.byte	11                      @ DW_FORM_data1
	.byte	0                       @ EOM(1)
	.byte	0                       @ EOM(2)
	.byte	12                      @ Abbreviation Code
	.byte	38                      @ DW_TAG_const_type
	.byte	0                       @ DW_CHILDREN_no
	.byte	73                      @ DW_AT_type
	.byte	19                      @ DW_FORM_ref4
	.byte	0                       @ EOM(1)
	.byte	0                       @ EOM(2)
	.byte	13                      @ Abbreviation Code
	.byte	1                       @ DW_TAG_array_type
	.byte	1                       @ DW_CHILDREN_yes
	.byte	73                      @ DW_AT_type
	.byte	19                      @ DW_FORM_ref4
	.byte	0                       @ EOM(1)
	.byte	0                       @ EOM(2)
	.byte	14                      @ Abbreviation Code
	.byte	33                      @ DW_TAG_subrange_type
	.byte	0                       @ DW_CHILDREN_no
	.byte	73                      @ DW_AT_type
	.byte	19                      @ DW_FORM_ref4
	.byte	55                      @ DW_AT_count
	.byte	11                      @ DW_FORM_data1
	.byte	0                       @ EOM(1)
	.byte	0                       @ EOM(2)
	.byte	15                      @ Abbreviation Code
	.byte	36                      @ DW_TAG_base_type
	.byte	0                       @ DW_CHILDREN_no
	.byte	3                       @ DW_AT_name
	.byte	14                      @ DW_FORM_strp
	.byte	11                      @ DW_AT_byte_size
	.byte	11                      @ DW_FORM_data1
	.byte	62                      @ DW_AT_encoding
	.byte	11                      @ DW_FORM_data1
	.byte	0                       @ EOM(1)
	.byte	0                       @ EOM(2)
	.byte	16                      @ Abbreviation Code
	.byte	19                      @ DW_TAG_structure_type
	.byte	1                       @ DW_CHILDREN_yes
	.byte	11                      @ DW_AT_byte_size
	.byte	5                       @ DW_FORM_data2
	.byte	58                      @ DW_AT_decl_file
	.byte	11                      @ DW_FORM_data1
	.byte	59                      @ DW_AT_decl_line
	.byte	5                       @ DW_FORM_data2
	.byte	0                       @ EOM(1)
	.byte	0                       @ EOM(2)
	.byte	17                      @ Abbreviation Code
	.byte	13                      @ DW_TAG_member
	.byte	0                       @ DW_CHILDREN_no
	.byte	3                       @ DW_AT_name
	.byte	14                      @ DW_FORM_strp
	.byte	73                      @ DW_AT_type
	.byte	19                      @ DW_FORM_ref4
	.byte	58                      @ DW_AT_decl_file
	.byte	11                      @ DW_FORM_data1
	.byte	59                      @ DW_AT_decl_line
	.byte	5                       @ DW_FORM_data2
	.byte	56                      @ DW_AT_data_member_location
	.byte	5                       @ DW_FORM_data2
	.byte	0                       @ EOM(1)
	.byte	0                       @ EOM(2)
	.byte	18                      @ Abbreviation Code
	.byte	33                      @ DW_TAG_subrange_type
	.byte	0                       @ DW_CHILDREN_no
	.byte	73                      @ DW_AT_type
	.byte	19                      @ DW_FORM_ref4
	.byte	55                      @ DW_AT_count
	.byte	5                       @ DW_FORM_data2
	.byte	0                       @ EOM(1)
	.byte	0                       @ EOM(2)
	.byte	19                      @ Abbreviation Code
	.byte	46                      @ DW_TAG_subprogram
	.byte	1                       @ DW_CHILDREN_yes
	.byte	3                       @ DW_AT_name
	.byte	14                      @ DW_FORM_strp
	.byte	58                      @ DW_AT_decl_file
	.byte	11                      @ DW_FORM_data1
	.byte	59                      @ DW_AT_decl_line
	.byte	5                       @ DW_FORM_data2
	.byte	39                      @ DW_AT_prototyped
	.byte	12                      @ DW_FORM_flag
	.byte	73                      @ DW_AT_type
	.byte	19                      @ DW_FORM_ref4
	.byte	32                      @ DW_AT_inline
	.byte	11                      @ DW_FORM_data1
	.byte	0                       @ EOM(1)
	.byte	0                       @ EOM(2)
	.byte	20                      @ Abbreviation Code
	.byte	5                       @ DW_TAG_formal_parameter
	.byte	0                       @ DW_CHILDREN_no
	.byte	3                       @ DW_AT_name
	.byte	14                      @ DW_FORM_strp
	.byte	58                      @ DW_AT_decl_file
	.byte	11                      @ DW_FORM_data1
	.byte	59                      @ DW_AT_decl_line
	.byte	5                       @ DW_FORM_data2
	.byte	73                      @ DW_AT_type
	.byte	19                      @ DW_FORM_ref4
	.byte	0                       @ EOM(1)
	.byte	0                       @ EOM(2)
	.byte	21                      @ Abbreviation Code
	.byte	46                      @ DW_TAG_subprogram
	.byte	1                       @ DW_CHILDREN_yes
	.byte	3                       @ DW_AT_name
	.byte	14                      @ DW_FORM_strp
	.byte	58                      @ DW_AT_decl_file
	.byte	11                      @ DW_FORM_data1
	.byte	59                      @ DW_AT_decl_line
	.byte	5                       @ DW_FORM_data2
	.byte	39                      @ DW_AT_prototyped
	.byte	12                      @ DW_FORM_flag
	.byte	32                      @ DW_AT_inline
	.byte	11                      @ DW_FORM_data1
	.byte	0                       @ EOM(1)
	.byte	0                       @ EOM(2)
	.byte	22                      @ Abbreviation Code
	.byte	46                      @ DW_TAG_subprogram
	.byte	1                       @ DW_CHILDREN_yes
	.byte	17                      @ DW_AT_low_pc
	.byte	1                       @ DW_FORM_addr
	.byte	18                      @ DW_AT_high_pc
	.byte	1                       @ DW_FORM_addr
	.byte	64                      @ DW_AT_frame_base
	.byte	10                      @ DW_FORM_block1
	.byte	3                       @ DW_AT_name
	.byte	14                      @ DW_FORM_strp
	.byte	58                      @ DW_AT_decl_file
	.byte	11                      @ DW_FORM_data1
	.byte	59                      @ DW_AT_decl_line
	.byte	11                      @ DW_FORM_data1
	.byte	39                      @ DW_AT_prototyped
	.byte	12                      @ DW_FORM_flag
	.byte	63                      @ DW_AT_external
	.byte	12                      @ DW_FORM_flag
	.byte	0                       @ EOM(1)
	.byte	0                       @ EOM(2)
	.byte	23                      @ Abbreviation Code
	.byte	5                       @ DW_TAG_formal_parameter
	.byte	0                       @ DW_CHILDREN_no
	.byte	2                       @ DW_AT_location
	.byte	6                       @ DW_FORM_data4
	.byte	3                       @ DW_AT_name
	.byte	14                      @ DW_FORM_strp
	.byte	58                      @ DW_AT_decl_file
	.byte	11                      @ DW_FORM_data1
	.byte	59                      @ DW_AT_decl_line
	.byte	11                      @ DW_FORM_data1
	.byte	73                      @ DW_AT_type
	.byte	19                      @ DW_FORM_ref4
	.byte	0                       @ EOM(1)
	.byte	0                       @ EOM(2)
	.byte	24                      @ Abbreviation Code
	.byte	29                      @ DW_TAG_inlined_subroutine
	.byte	1                       @ DW_CHILDREN_yes
	.byte	49                      @ DW_AT_abstract_origin
	.byte	19                      @ DW_FORM_ref4
	.byte	17                      @ DW_AT_low_pc
	.byte	1                       @ DW_FORM_addr
	.byte	18                      @ DW_AT_high_pc
	.byte	1                       @ DW_FORM_addr
	.byte	88                      @ DW_AT_call_file
	.byte	11                      @ DW_FORM_data1
	.byte	89                      @ DW_AT_call_line
	.byte	11                      @ DW_FORM_data1
	.byte	0                       @ EOM(1)
	.byte	0                       @ EOM(2)
	.byte	25                      @ Abbreviation Code
	.byte	5                       @ DW_TAG_formal_parameter
	.byte	0                       @ DW_CHILDREN_no
	.byte	28                      @ DW_AT_const_value
	.byte	15                      @ DW_FORM_udata
	.byte	49                      @ DW_AT_abstract_origin
	.byte	19                      @ DW_FORM_ref4
	.byte	0                       @ EOM(1)
	.byte	0                       @ EOM(2)
	.byte	26                      @ Abbreviation Code
	.byte	29                      @ DW_TAG_inlined_subroutine
	.byte	1                       @ DW_CHILDREN_yes
	.byte	49                      @ DW_AT_abstract_origin
	.byte	19                      @ DW_FORM_ref4
	.byte	17                      @ DW_AT_low_pc
	.byte	1                       @ DW_FORM_addr
	.byte	18                      @ DW_AT_high_pc
	.byte	1                       @ DW_FORM_addr
	.byte	88                      @ DW_AT_call_file
	.byte	11                      @ DW_FORM_data1
	.byte	89                      @ DW_AT_call_line
	.byte	5                       @ DW_FORM_data2
	.byte	0                       @ EOM(1)
	.byte	0                       @ EOM(2)
	.byte	27                      @ Abbreviation Code
	.byte	5                       @ DW_TAG_formal_parameter
	.byte	0                       @ DW_CHILDREN_no
	.byte	28                      @ DW_AT_const_value
	.byte	13                      @ DW_FORM_sdata
	.byte	49                      @ DW_AT_abstract_origin
	.byte	19                      @ DW_FORM_ref4
	.byte	0                       @ EOM(1)
	.byte	0                       @ EOM(2)
	.byte	0                       @ EOM(3)
	.section	.debug_info,"",%progbits
.Lcu_begin0:
	.long	.Ldebug_info_end0-.Ldebug_info_start0 @ Length of Unit
.Ldebug_info_start0:
	.short	3                       @ DWARF version number
	.long	.debug_abbrev           @ Offset Into Abbrev. Section
	.byte	4                       @ Address Size (in bytes)
	.byte	1                       @ Abbrev [1] 0xb:0x6c7 DW_TAG_compile_unit
	.long	.Linfo_string0          @ DW_AT_producer
	.short	12                      @ DW_AT_language
	.long	.Linfo_string1          @ DW_AT_name
	.long	.Lline_table_start0     @ DW_AT_stmt_list
	.long	.Linfo_string2          @ DW_AT_comp_dir
	.long	0                       @ DW_AT_low_pc
	.long	.Ldebug_ranges0         @ DW_AT_ranges
	.byte	2                       @ Abbrev [2] 0x26:0x12 DW_TAG_variable
	.long	.Linfo_string3          @ DW_AT_name
	.long	56                      @ DW_AT_type
	.byte	1                       @ DW_AT_external
	.byte	3                       @ DW_AT_decl_file
	.byte	3                       @ DW_AT_decl_line
	.byte	5                       @ DW_AT_location
	.byte	3
	.long	time
	.byte	3                       @ Abbrev [3] 0x38:0x5 DW_TAG_volatile_type
	.long	61                      @ DW_AT_type
	.byte	4                       @ Abbrev [4] 0x3d:0xc DW_TAG_typedef
	.long	73                      @ DW_AT_type
	.long	.Linfo_string6          @ DW_AT_name
	.byte	2                       @ DW_AT_decl_file
	.short	572                     @ DW_AT_decl_line
	.byte	5                       @ Abbrev [5] 0x49:0xb DW_TAG_typedef
	.long	84                      @ DW_AT_type
	.long	.Linfo_string5          @ DW_AT_name
	.byte	1                       @ DW_AT_decl_file
	.byte	63                      @ DW_AT_decl_line
	.byte	6                       @ Abbrev [6] 0x54:0x7 DW_TAG_base_type
	.long	.Linfo_string4          @ DW_AT_name
	.byte	7                       @ DW_AT_encoding
	.byte	2                       @ DW_AT_byte_size
	.byte	7                       @ Abbrev [7] 0x5b:0x27a DW_TAG_enumeration_type
	.long	725                     @ DW_AT_type
	.long	.Linfo_string107        @ DW_AT_name
	.byte	1                       @ DW_AT_byte_size
	.byte	2                       @ DW_AT_decl_file
	.byte	180                     @ DW_AT_decl_line
	.byte	8                       @ Abbrev [8] 0x67:0x6 DW_TAG_enumerator
	.long	.Linfo_string8          @ DW_AT_name
	.byte	114                     @ DW_AT_const_value
	.byte	8                       @ Abbrev [8] 0x6d:0x6 DW_TAG_enumerator
	.long	.Linfo_string9          @ DW_AT_name
	.byte	116                     @ DW_AT_const_value
	.byte	8                       @ Abbrev [8] 0x73:0x6 DW_TAG_enumerator
	.long	.Linfo_string10         @ DW_AT_name
	.byte	117                     @ DW_AT_const_value
	.byte	8                       @ Abbrev [8] 0x79:0x6 DW_TAG_enumerator
	.long	.Linfo_string11         @ DW_AT_name
	.byte	118                     @ DW_AT_const_value
	.byte	8                       @ Abbrev [8] 0x7f:0x6 DW_TAG_enumerator
	.long	.Linfo_string12         @ DW_AT_name
	.byte	123                     @ DW_AT_const_value
	.byte	8                       @ Abbrev [8] 0x85:0x6 DW_TAG_enumerator
	.long	.Linfo_string13         @ DW_AT_name
	.byte	124                     @ DW_AT_const_value
	.byte	8                       @ Abbrev [8] 0x8b:0x6 DW_TAG_enumerator
	.long	.Linfo_string14         @ DW_AT_name
	.byte	126                     @ DW_AT_const_value
	.byte	8                       @ Abbrev [8] 0x91:0x6 DW_TAG_enumerator
	.long	.Linfo_string15         @ DW_AT_name
	.byte	127                     @ DW_AT_const_value
	.byte	8                       @ Abbrev [8] 0x97:0x6 DW_TAG_enumerator
	.long	.Linfo_string16         @ DW_AT_name
	.byte	0                       @ DW_AT_const_value
	.byte	8                       @ Abbrev [8] 0x9d:0x6 DW_TAG_enumerator
	.long	.Linfo_string17         @ DW_AT_name
	.byte	1                       @ DW_AT_const_value
	.byte	8                       @ Abbrev [8] 0xa3:0x6 DW_TAG_enumerator
	.long	.Linfo_string18         @ DW_AT_name
	.byte	2                       @ DW_AT_const_value
	.byte	8                       @ Abbrev [8] 0xa9:0x6 DW_TAG_enumerator
	.long	.Linfo_string19         @ DW_AT_name
	.byte	3                       @ DW_AT_const_value
	.byte	8                       @ Abbrev [8] 0xaf:0x6 DW_TAG_enumerator
	.long	.Linfo_string20         @ DW_AT_name
	.byte	4                       @ DW_AT_const_value
	.byte	8                       @ Abbrev [8] 0xb5:0x6 DW_TAG_enumerator
	.long	.Linfo_string21         @ DW_AT_name
	.byte	5                       @ DW_AT_const_value
	.byte	8                       @ Abbrev [8] 0xbb:0x6 DW_TAG_enumerator
	.long	.Linfo_string22         @ DW_AT_name
	.byte	6                       @ DW_AT_const_value
	.byte	8                       @ Abbrev [8] 0xc1:0x6 DW_TAG_enumerator
	.long	.Linfo_string23         @ DW_AT_name
	.byte	7                       @ DW_AT_const_value
	.byte	8                       @ Abbrev [8] 0xc7:0x6 DW_TAG_enumerator
	.long	.Linfo_string24         @ DW_AT_name
	.byte	8                       @ DW_AT_const_value
	.byte	8                       @ Abbrev [8] 0xcd:0x6 DW_TAG_enumerator
	.long	.Linfo_string25         @ DW_AT_name
	.byte	9                       @ DW_AT_const_value
	.byte	8                       @ Abbrev [8] 0xd3:0x6 DW_TAG_enumerator
	.long	.Linfo_string26         @ DW_AT_name
	.byte	10                      @ DW_AT_const_value
	.byte	8                       @ Abbrev [8] 0xd9:0x6 DW_TAG_enumerator
	.long	.Linfo_string27         @ DW_AT_name
	.byte	11                      @ DW_AT_const_value
	.byte	8                       @ Abbrev [8] 0xdf:0x6 DW_TAG_enumerator
	.long	.Linfo_string28         @ DW_AT_name
	.byte	12                      @ DW_AT_const_value
	.byte	8                       @ Abbrev [8] 0xe5:0x6 DW_TAG_enumerator
	.long	.Linfo_string29         @ DW_AT_name
	.byte	13                      @ DW_AT_const_value
	.byte	8                       @ Abbrev [8] 0xeb:0x6 DW_TAG_enumerator
	.long	.Linfo_string30         @ DW_AT_name
	.byte	14                      @ DW_AT_const_value
	.byte	8                       @ Abbrev [8] 0xf1:0x6 DW_TAG_enumerator
	.long	.Linfo_string31         @ DW_AT_name
	.byte	15                      @ DW_AT_const_value
	.byte	8                       @ Abbrev [8] 0xf7:0x6 DW_TAG_enumerator
	.long	.Linfo_string32         @ DW_AT_name
	.byte	16                      @ DW_AT_const_value
	.byte	8                       @ Abbrev [8] 0xfd:0x6 DW_TAG_enumerator
	.long	.Linfo_string33         @ DW_AT_name
	.byte	17                      @ DW_AT_const_value
	.byte	8                       @ Abbrev [8] 0x103:0x6 DW_TAG_enumerator
	.long	.Linfo_string34         @ DW_AT_name
	.byte	18                      @ DW_AT_const_value
	.byte	8                       @ Abbrev [8] 0x109:0x6 DW_TAG_enumerator
	.long	.Linfo_string35         @ DW_AT_name
	.byte	19                      @ DW_AT_const_value
	.byte	8                       @ Abbrev [8] 0x10f:0x6 DW_TAG_enumerator
	.long	.Linfo_string36         @ DW_AT_name
	.byte	20                      @ DW_AT_const_value
	.byte	8                       @ Abbrev [8] 0x115:0x6 DW_TAG_enumerator
	.long	.Linfo_string37         @ DW_AT_name
	.byte	21                      @ DW_AT_const_value
	.byte	8                       @ Abbrev [8] 0x11b:0x6 DW_TAG_enumerator
	.long	.Linfo_string38         @ DW_AT_name
	.byte	22                      @ DW_AT_const_value
	.byte	8                       @ Abbrev [8] 0x121:0x6 DW_TAG_enumerator
	.long	.Linfo_string39         @ DW_AT_name
	.byte	23                      @ DW_AT_const_value
	.byte	8                       @ Abbrev [8] 0x127:0x6 DW_TAG_enumerator
	.long	.Linfo_string40         @ DW_AT_name
	.byte	24                      @ DW_AT_const_value
	.byte	8                       @ Abbrev [8] 0x12d:0x6 DW_TAG_enumerator
	.long	.Linfo_string41         @ DW_AT_name
	.byte	25                      @ DW_AT_const_value
	.byte	8                       @ Abbrev [8] 0x133:0x6 DW_TAG_enumerator
	.long	.Linfo_string42         @ DW_AT_name
	.byte	26                      @ DW_AT_const_value
	.byte	8                       @ Abbrev [8] 0x139:0x6 DW_TAG_enumerator
	.long	.Linfo_string43         @ DW_AT_name
	.byte	27                      @ DW_AT_const_value
	.byte	8                       @ Abbrev [8] 0x13f:0x6 DW_TAG_enumerator
	.long	.Linfo_string44         @ DW_AT_name
	.byte	28                      @ DW_AT_const_value
	.byte	8                       @ Abbrev [8] 0x145:0x6 DW_TAG_enumerator
	.long	.Linfo_string45         @ DW_AT_name
	.byte	29                      @ DW_AT_const_value
	.byte	8                       @ Abbrev [8] 0x14b:0x6 DW_TAG_enumerator
	.long	.Linfo_string46         @ DW_AT_name
	.byte	30                      @ DW_AT_const_value
	.byte	8                       @ Abbrev [8] 0x151:0x6 DW_TAG_enumerator
	.long	.Linfo_string47         @ DW_AT_name
	.byte	31                      @ DW_AT_const_value
	.byte	8                       @ Abbrev [8] 0x157:0x6 DW_TAG_enumerator
	.long	.Linfo_string48         @ DW_AT_name
	.byte	32                      @ DW_AT_const_value
	.byte	8                       @ Abbrev [8] 0x15d:0x6 DW_TAG_enumerator
	.long	.Linfo_string49         @ DW_AT_name
	.byte	33                      @ DW_AT_const_value
	.byte	8                       @ Abbrev [8] 0x163:0x6 DW_TAG_enumerator
	.long	.Linfo_string50         @ DW_AT_name
	.byte	34                      @ DW_AT_const_value
	.byte	8                       @ Abbrev [8] 0x169:0x6 DW_TAG_enumerator
	.long	.Linfo_string51         @ DW_AT_name
	.byte	35                      @ DW_AT_const_value
	.byte	8                       @ Abbrev [8] 0x16f:0x6 DW_TAG_enumerator
	.long	.Linfo_string52         @ DW_AT_name
	.byte	36                      @ DW_AT_const_value
	.byte	8                       @ Abbrev [8] 0x175:0x6 DW_TAG_enumerator
	.long	.Linfo_string53         @ DW_AT_name
	.byte	37                      @ DW_AT_const_value
	.byte	8                       @ Abbrev [8] 0x17b:0x6 DW_TAG_enumerator
	.long	.Linfo_string54         @ DW_AT_name
	.byte	38                      @ DW_AT_const_value
	.byte	8                       @ Abbrev [8] 0x181:0x6 DW_TAG_enumerator
	.long	.Linfo_string55         @ DW_AT_name
	.byte	39                      @ DW_AT_const_value
	.byte	8                       @ Abbrev [8] 0x187:0x6 DW_TAG_enumerator
	.long	.Linfo_string56         @ DW_AT_name
	.byte	40                      @ DW_AT_const_value
	.byte	8                       @ Abbrev [8] 0x18d:0x6 DW_TAG_enumerator
	.long	.Linfo_string57         @ DW_AT_name
	.byte	41                      @ DW_AT_const_value
	.byte	8                       @ Abbrev [8] 0x193:0x6 DW_TAG_enumerator
	.long	.Linfo_string58         @ DW_AT_name
	.byte	42                      @ DW_AT_const_value
	.byte	8                       @ Abbrev [8] 0x199:0x6 DW_TAG_enumerator
	.long	.Linfo_string59         @ DW_AT_name
	.byte	43                      @ DW_AT_const_value
	.byte	8                       @ Abbrev [8] 0x19f:0x6 DW_TAG_enumerator
	.long	.Linfo_string60         @ DW_AT_name
	.byte	44                      @ DW_AT_const_value
	.byte	8                       @ Abbrev [8] 0x1a5:0x6 DW_TAG_enumerator
	.long	.Linfo_string61         @ DW_AT_name
	.byte	45                      @ DW_AT_const_value
	.byte	8                       @ Abbrev [8] 0x1ab:0x6 DW_TAG_enumerator
	.long	.Linfo_string62         @ DW_AT_name
	.byte	46                      @ DW_AT_const_value
	.byte	8                       @ Abbrev [8] 0x1b1:0x6 DW_TAG_enumerator
	.long	.Linfo_string63         @ DW_AT_name
	.byte	47                      @ DW_AT_const_value
	.byte	8                       @ Abbrev [8] 0x1b7:0x6 DW_TAG_enumerator
	.long	.Linfo_string64         @ DW_AT_name
	.byte	48                      @ DW_AT_const_value
	.byte	8                       @ Abbrev [8] 0x1bd:0x6 DW_TAG_enumerator
	.long	.Linfo_string65         @ DW_AT_name
	.byte	49                      @ DW_AT_const_value
	.byte	8                       @ Abbrev [8] 0x1c3:0x6 DW_TAG_enumerator
	.long	.Linfo_string66         @ DW_AT_name
	.byte	50                      @ DW_AT_const_value
	.byte	8                       @ Abbrev [8] 0x1c9:0x6 DW_TAG_enumerator
	.long	.Linfo_string67         @ DW_AT_name
	.byte	51                      @ DW_AT_const_value
	.byte	8                       @ Abbrev [8] 0x1cf:0x6 DW_TAG_enumerator
	.long	.Linfo_string68         @ DW_AT_name
	.byte	52                      @ DW_AT_const_value
	.byte	8                       @ Abbrev [8] 0x1d5:0x6 DW_TAG_enumerator
	.long	.Linfo_string69         @ DW_AT_name
	.byte	53                      @ DW_AT_const_value
	.byte	8                       @ Abbrev [8] 0x1db:0x6 DW_TAG_enumerator
	.long	.Linfo_string70         @ DW_AT_name
	.byte	54                      @ DW_AT_const_value
	.byte	8                       @ Abbrev [8] 0x1e1:0x6 DW_TAG_enumerator
	.long	.Linfo_string71         @ DW_AT_name
	.byte	55                      @ DW_AT_const_value
	.byte	8                       @ Abbrev [8] 0x1e7:0x6 DW_TAG_enumerator
	.long	.Linfo_string72         @ DW_AT_name
	.byte	56                      @ DW_AT_const_value
	.byte	8                       @ Abbrev [8] 0x1ed:0x6 DW_TAG_enumerator
	.long	.Linfo_string73         @ DW_AT_name
	.byte	57                      @ DW_AT_const_value
	.byte	8                       @ Abbrev [8] 0x1f3:0x6 DW_TAG_enumerator
	.long	.Linfo_string74         @ DW_AT_name
	.byte	58                      @ DW_AT_const_value
	.byte	8                       @ Abbrev [8] 0x1f9:0x6 DW_TAG_enumerator
	.long	.Linfo_string75         @ DW_AT_name
	.byte	59                      @ DW_AT_const_value
	.byte	8                       @ Abbrev [8] 0x1ff:0x6 DW_TAG_enumerator
	.long	.Linfo_string76         @ DW_AT_name
	.byte	60                      @ DW_AT_const_value
	.byte	8                       @ Abbrev [8] 0x205:0x6 DW_TAG_enumerator
	.long	.Linfo_string77         @ DW_AT_name
	.byte	61                      @ DW_AT_const_value
	.byte	8                       @ Abbrev [8] 0x20b:0x6 DW_TAG_enumerator
	.long	.Linfo_string78         @ DW_AT_name
	.byte	62                      @ DW_AT_const_value
	.byte	8                       @ Abbrev [8] 0x211:0x6 DW_TAG_enumerator
	.long	.Linfo_string79         @ DW_AT_name
	.byte	63                      @ DW_AT_const_value
	.byte	8                       @ Abbrev [8] 0x217:0x7 DW_TAG_enumerator
	.long	.Linfo_string80         @ DW_AT_name
	.asciz	"\300"                  @ DW_AT_const_value
	.byte	8                       @ Abbrev [8] 0x21e:0x7 DW_TAG_enumerator
	.long	.Linfo_string81         @ DW_AT_name
	.asciz	"\301"                  @ DW_AT_const_value
	.byte	8                       @ Abbrev [8] 0x225:0x7 DW_TAG_enumerator
	.long	.Linfo_string82         @ DW_AT_name
	.asciz	"\302"                  @ DW_AT_const_value
	.byte	8                       @ Abbrev [8] 0x22c:0x7 DW_TAG_enumerator
	.long	.Linfo_string83         @ DW_AT_name
	.asciz	"\303"                  @ DW_AT_const_value
	.byte	8                       @ Abbrev [8] 0x233:0x7 DW_TAG_enumerator
	.long	.Linfo_string84         @ DW_AT_name
	.asciz	"\304"                  @ DW_AT_const_value
	.byte	8                       @ Abbrev [8] 0x23a:0x7 DW_TAG_enumerator
	.long	.Linfo_string85         @ DW_AT_name
	.asciz	"\305"                  @ DW_AT_const_value
	.byte	8                       @ Abbrev [8] 0x241:0x7 DW_TAG_enumerator
	.long	.Linfo_string86         @ DW_AT_name
	.asciz	"\306"                  @ DW_AT_const_value
	.byte	8                       @ Abbrev [8] 0x248:0x7 DW_TAG_enumerator
	.long	.Linfo_string87         @ DW_AT_name
	.asciz	"\307"                  @ DW_AT_const_value
	.byte	8                       @ Abbrev [8] 0x24f:0x7 DW_TAG_enumerator
	.long	.Linfo_string88         @ DW_AT_name
	.asciz	"\310"                  @ DW_AT_const_value
	.byte	8                       @ Abbrev [8] 0x256:0x7 DW_TAG_enumerator
	.long	.Linfo_string89         @ DW_AT_name
	.asciz	"\311"                  @ DW_AT_const_value
	.byte	8                       @ Abbrev [8] 0x25d:0x7 DW_TAG_enumerator
	.long	.Linfo_string90         @ DW_AT_name
	.asciz	"\312"                  @ DW_AT_const_value
	.byte	8                       @ Abbrev [8] 0x264:0x7 DW_TAG_enumerator
	.long	.Linfo_string91         @ DW_AT_name
	.asciz	"\313"                  @ DW_AT_const_value
	.byte	8                       @ Abbrev [8] 0x26b:0x7 DW_TAG_enumerator
	.long	.Linfo_string92         @ DW_AT_name
	.asciz	"\314"                  @ DW_AT_const_value
	.byte	8                       @ Abbrev [8] 0x272:0x7 DW_TAG_enumerator
	.long	.Linfo_string93         @ DW_AT_name
	.asciz	"\315"                  @ DW_AT_const_value
	.byte	8                       @ Abbrev [8] 0x279:0x7 DW_TAG_enumerator
	.long	.Linfo_string94         @ DW_AT_name
	.asciz	"\316"                  @ DW_AT_const_value
	.byte	8                       @ Abbrev [8] 0x280:0x7 DW_TAG_enumerator
	.long	.Linfo_string95         @ DW_AT_name
	.asciz	"\317"                  @ DW_AT_const_value
	.byte	8                       @ Abbrev [8] 0x287:0x7 DW_TAG_enumerator
	.long	.Linfo_string96         @ DW_AT_name
	.asciz	"\320"                  @ DW_AT_const_value
	.byte	8                       @ Abbrev [8] 0x28e:0x7 DW_TAG_enumerator
	.long	.Linfo_string97         @ DW_AT_name
	.asciz	"\321"                  @ DW_AT_const_value
	.byte	8                       @ Abbrev [8] 0x295:0x7 DW_TAG_enumerator
	.long	.Linfo_string98         @ DW_AT_name
	.asciz	"\322"                  @ DW_AT_const_value
	.byte	8                       @ Abbrev [8] 0x29c:0x7 DW_TAG_enumerator
	.long	.Linfo_string99         @ DW_AT_name
	.asciz	"\323"                  @ DW_AT_const_value
	.byte	8                       @ Abbrev [8] 0x2a3:0x7 DW_TAG_enumerator
	.long	.Linfo_string100        @ DW_AT_name
	.asciz	"\324"                  @ DW_AT_const_value
	.byte	8                       @ Abbrev [8] 0x2aa:0x7 DW_TAG_enumerator
	.long	.Linfo_string101        @ DW_AT_name
	.asciz	"\325"                  @ DW_AT_const_value
	.byte	8                       @ Abbrev [8] 0x2b1:0x7 DW_TAG_enumerator
	.long	.Linfo_string102        @ DW_AT_name
	.asciz	"\326"                  @ DW_AT_const_value
	.byte	8                       @ Abbrev [8] 0x2b8:0x7 DW_TAG_enumerator
	.long	.Linfo_string103        @ DW_AT_name
	.asciz	"\327"                  @ DW_AT_const_value
	.byte	8                       @ Abbrev [8] 0x2bf:0x7 DW_TAG_enumerator
	.long	.Linfo_string104        @ DW_AT_name
	.asciz	"\330"                  @ DW_AT_const_value
	.byte	8                       @ Abbrev [8] 0x2c6:0x7 DW_TAG_enumerator
	.long	.Linfo_string105        @ DW_AT_name
	.asciz	"\331"                  @ DW_AT_const_value
	.byte	8                       @ Abbrev [8] 0x2cd:0x7 DW_TAG_enumerator
	.long	.Linfo_string106        @ DW_AT_name
	.asciz	"\332"                  @ DW_AT_const_value
	.byte	0                       @ End Of Children Mark
	.byte	6                       @ Abbrev [6] 0x2d5:0x7 DW_TAG_base_type
	.long	.Linfo_string7          @ DW_AT_name
	.byte	6                       @ DW_AT_encoding
	.byte	1                       @ DW_AT_byte_size
	.byte	9                       @ Abbrev [9] 0x2dc:0x5 DW_TAG_pointer_type
	.long	737                     @ DW_AT_type
	.byte	4                       @ Abbrev [4] 0x2e1:0xc DW_TAG_typedef
	.long	749                     @ DW_AT_type
	.long	.Linfo_string114        @ DW_AT_name
	.byte	4                       @ DW_AT_decl_file
	.short	614                     @ DW_AT_decl_line
	.byte	10                      @ Abbrev [10] 0x2ed:0x3a DW_TAG_structure_type
	.byte	16                      @ DW_AT_byte_size
	.byte	4                       @ DW_AT_decl_file
	.short	608                     @ DW_AT_decl_line
	.byte	11                      @ Abbrev [11] 0x2f2:0xd DW_TAG_member
	.long	.Linfo_string108        @ DW_AT_name
	.long	807                     @ DW_AT_type
	.byte	4                       @ DW_AT_decl_file
	.short	610                     @ DW_AT_decl_line
	.byte	0                       @ DW_AT_data_member_location
	.byte	11                      @ Abbrev [11] 0x2ff:0xd DW_TAG_member
	.long	.Linfo_string111        @ DW_AT_name
	.long	807                     @ DW_AT_type
	.byte	4                       @ DW_AT_decl_file
	.short	611                     @ DW_AT_decl_line
	.byte	4                       @ DW_AT_data_member_location
	.byte	11                      @ Abbrev [11] 0x30c:0xd DW_TAG_member
	.long	.Linfo_string112        @ DW_AT_name
	.long	807                     @ DW_AT_type
	.byte	4                       @ DW_AT_decl_file
	.short	612                     @ DW_AT_decl_line
	.byte	8                       @ DW_AT_data_member_location
	.byte	11                      @ Abbrev [11] 0x319:0xd DW_TAG_member
	.long	.Linfo_string113        @ DW_AT_name
	.long	830                     @ DW_AT_type
	.byte	4                       @ DW_AT_decl_file
	.short	613                     @ DW_AT_decl_line
	.byte	12                      @ DW_AT_data_member_location
	.byte	0                       @ End Of Children Mark
	.byte	3                       @ Abbrev [3] 0x327:0x5 DW_TAG_volatile_type
	.long	812                     @ DW_AT_type
	.byte	5                       @ Abbrev [5] 0x32c:0xb DW_TAG_typedef
	.long	823                     @ DW_AT_type
	.long	.Linfo_string110        @ DW_AT_name
	.byte	1                       @ DW_AT_decl_file
	.byte	64                      @ DW_AT_decl_line
	.byte	6                       @ Abbrev [6] 0x337:0x7 DW_TAG_base_type
	.long	.Linfo_string109        @ DW_AT_name
	.byte	7                       @ DW_AT_encoding
	.byte	4                       @ DW_AT_byte_size
	.byte	12                      @ Abbrev [12] 0x33e:0x5 DW_TAG_const_type
	.long	807                     @ DW_AT_type
	.byte	9                       @ Abbrev [9] 0x343:0x5 DW_TAG_pointer_type
	.long	840                     @ DW_AT_type
	.byte	4                       @ Abbrev [4] 0x348:0xc DW_TAG_typedef
	.long	852                     @ DW_AT_type
	.long	.Linfo_string139        @ DW_AT_name
	.byte	4                       @ DW_AT_decl_file
	.short	376                     @ DW_AT_decl_line
	.byte	10                      @ Abbrev [10] 0x354:0x117 DW_TAG_structure_type
	.byte	140                     @ DW_AT_byte_size
	.byte	4                       @ DW_AT_decl_file
	.short	353                     @ DW_AT_decl_line
	.byte	11                      @ Abbrev [11] 0x359:0xd DW_TAG_member
	.long	.Linfo_string115        @ DW_AT_name
	.long	830                     @ DW_AT_type
	.byte	4                       @ DW_AT_decl_file
	.short	355                     @ DW_AT_decl_line
	.byte	0                       @ DW_AT_data_member_location
	.byte	11                      @ Abbrev [11] 0x366:0xd DW_TAG_member
	.long	.Linfo_string116        @ DW_AT_name
	.long	807                     @ DW_AT_type
	.byte	4                       @ DW_AT_decl_file
	.short	356                     @ DW_AT_decl_line
	.byte	4                       @ DW_AT_data_member_location
	.byte	11                      @ Abbrev [11] 0x373:0xd DW_TAG_member
	.long	.Linfo_string117        @ DW_AT_name
	.long	807                     @ DW_AT_type
	.byte	4                       @ DW_AT_decl_file
	.short	357                     @ DW_AT_decl_line
	.byte	8                       @ DW_AT_data_member_location
	.byte	11                      @ Abbrev [11] 0x380:0xd DW_TAG_member
	.long	.Linfo_string118        @ DW_AT_name
	.long	807                     @ DW_AT_type
	.byte	4                       @ DW_AT_decl_file
	.short	358                     @ DW_AT_decl_line
	.byte	12                      @ DW_AT_data_member_location
	.byte	11                      @ Abbrev [11] 0x38d:0xd DW_TAG_member
	.long	.Linfo_string119        @ DW_AT_name
	.long	807                     @ DW_AT_type
	.byte	4                       @ DW_AT_decl_file
	.short	359                     @ DW_AT_decl_line
	.byte	16                      @ DW_AT_data_member_location
	.byte	11                      @ Abbrev [11] 0x39a:0xd DW_TAG_member
	.long	.Linfo_string120        @ DW_AT_name
	.long	807                     @ DW_AT_type
	.byte	4                       @ DW_AT_decl_file
	.short	360                     @ DW_AT_decl_line
	.byte	20                      @ DW_AT_data_member_location
	.byte	11                      @ Abbrev [11] 0x3a7:0xd DW_TAG_member
	.long	.Linfo_string121        @ DW_AT_name
	.long	1131                    @ DW_AT_type
	.byte	4                       @ DW_AT_decl_file
	.short	361                     @ DW_AT_decl_line
	.byte	24                      @ DW_AT_data_member_location
	.byte	11                      @ Abbrev [11] 0x3b4:0xd DW_TAG_member
	.long	.Linfo_string125        @ DW_AT_name
	.long	807                     @ DW_AT_type
	.byte	4                       @ DW_AT_decl_file
	.short	362                     @ DW_AT_decl_line
	.byte	36                      @ DW_AT_data_member_location
	.byte	11                      @ Abbrev [11] 0x3c1:0xd DW_TAG_member
	.long	.Linfo_string126        @ DW_AT_name
	.long	807                     @ DW_AT_type
	.byte	4                       @ DW_AT_decl_file
	.short	363                     @ DW_AT_decl_line
	.byte	40                      @ DW_AT_data_member_location
	.byte	11                      @ Abbrev [11] 0x3ce:0xd DW_TAG_member
	.long	.Linfo_string127        @ DW_AT_name
	.long	807                     @ DW_AT_type
	.byte	4                       @ DW_AT_decl_file
	.short	364                     @ DW_AT_decl_line
	.byte	44                      @ DW_AT_data_member_location
	.byte	11                      @ Abbrev [11] 0x3db:0xd DW_TAG_member
	.long	.Linfo_string128        @ DW_AT_name
	.long	807                     @ DW_AT_type
	.byte	4                       @ DW_AT_decl_file
	.short	365                     @ DW_AT_decl_line
	.byte	48                      @ DW_AT_data_member_location
	.byte	11                      @ Abbrev [11] 0x3e8:0xd DW_TAG_member
	.long	.Linfo_string129        @ DW_AT_name
	.long	807                     @ DW_AT_type
	.byte	4                       @ DW_AT_decl_file
	.short	366                     @ DW_AT_decl_line
	.byte	52                      @ DW_AT_data_member_location
	.byte	11                      @ Abbrev [11] 0x3f5:0xd DW_TAG_member
	.long	.Linfo_string130        @ DW_AT_name
	.long	807                     @ DW_AT_type
	.byte	4                       @ DW_AT_decl_file
	.short	367                     @ DW_AT_decl_line
	.byte	56                      @ DW_AT_data_member_location
	.byte	11                      @ Abbrev [11] 0x402:0xd DW_TAG_member
	.long	.Linfo_string131        @ DW_AT_name
	.long	807                     @ DW_AT_type
	.byte	4                       @ DW_AT_decl_file
	.short	368                     @ DW_AT_decl_line
	.byte	60                      @ DW_AT_data_member_location
	.byte	11                      @ Abbrev [11] 0x40f:0xd DW_TAG_member
	.long	.Linfo_string132        @ DW_AT_name
	.long	1173                    @ DW_AT_type
	.byte	4                       @ DW_AT_decl_file
	.short	369                     @ DW_AT_decl_line
	.byte	64                      @ DW_AT_data_member_location
	.byte	11                      @ Abbrev [11] 0x41c:0xd DW_TAG_member
	.long	.Linfo_string133        @ DW_AT_name
	.long	830                     @ DW_AT_type
	.byte	4                       @ DW_AT_decl_file
	.short	370                     @ DW_AT_decl_line
	.byte	72                      @ DW_AT_data_member_location
	.byte	11                      @ Abbrev [11] 0x429:0xd DW_TAG_member
	.long	.Linfo_string134        @ DW_AT_name
	.long	830                     @ DW_AT_type
	.byte	4                       @ DW_AT_decl_file
	.short	371                     @ DW_AT_decl_line
	.byte	76                      @ DW_AT_data_member_location
	.byte	11                      @ Abbrev [11] 0x436:0xd DW_TAG_member
	.long	.Linfo_string135        @ DW_AT_name
	.long	1185                    @ DW_AT_type
	.byte	4                       @ DW_AT_decl_file
	.short	372                     @ DW_AT_decl_line
	.byte	80                      @ DW_AT_data_member_location
	.byte	11                      @ Abbrev [11] 0x443:0xd DW_TAG_member
	.long	.Linfo_string136        @ DW_AT_name
	.long	1197                    @ DW_AT_type
	.byte	4                       @ DW_AT_decl_file
	.short	373                     @ DW_AT_decl_line
	.byte	96                      @ DW_AT_data_member_location
	.byte	11                      @ Abbrev [11] 0x450:0xd DW_TAG_member
	.long	.Linfo_string137        @ DW_AT_name
	.long	1209                    @ DW_AT_type
	.byte	4                       @ DW_AT_decl_file
	.short	374                     @ DW_AT_decl_line
	.byte	116                     @ DW_AT_data_member_location
	.byte	11                      @ Abbrev [11] 0x45d:0xd DW_TAG_member
	.long	.Linfo_string138        @ DW_AT_name
	.long	807                     @ DW_AT_type
	.byte	4                       @ DW_AT_decl_file
	.short	375                     @ DW_AT_decl_line
	.byte	136                     @ DW_AT_data_member_location
	.byte	0                       @ End Of Children Mark
	.byte	13                      @ Abbrev [13] 0x46b:0xc DW_TAG_array_type
	.long	1143                    @ DW_AT_type
	.byte	14                      @ Abbrev [14] 0x470:0x6 DW_TAG_subrange_type
	.long	1166                    @ DW_AT_type
	.byte	12                      @ DW_AT_count
	.byte	0                       @ End Of Children Mark
	.byte	3                       @ Abbrev [3] 0x477:0x5 DW_TAG_volatile_type
	.long	1148                    @ DW_AT_type
	.byte	5                       @ Abbrev [5] 0x47c:0xb DW_TAG_typedef
	.long	1159                    @ DW_AT_type
	.long	.Linfo_string123        @ DW_AT_name
	.byte	1                       @ DW_AT_decl_file
	.byte	62                      @ DW_AT_decl_line
	.byte	6                       @ Abbrev [6] 0x487:0x7 DW_TAG_base_type
	.long	.Linfo_string122        @ DW_AT_name
	.byte	8                       @ DW_AT_encoding
	.byte	1                       @ DW_AT_byte_size
	.byte	15                      @ Abbrev [15] 0x48e:0x7 DW_TAG_base_type
	.long	.Linfo_string124        @ DW_AT_name
	.byte	8                       @ DW_AT_byte_size
	.byte	7                       @ DW_AT_encoding
	.byte	13                      @ Abbrev [13] 0x495:0xc DW_TAG_array_type
	.long	830                     @ DW_AT_type
	.byte	14                      @ Abbrev [14] 0x49a:0x6 DW_TAG_subrange_type
	.long	1166                    @ DW_AT_type
	.byte	2                       @ DW_AT_count
	.byte	0                       @ End Of Children Mark
	.byte	13                      @ Abbrev [13] 0x4a1:0xc DW_TAG_array_type
	.long	830                     @ DW_AT_type
	.byte	14                      @ Abbrev [14] 0x4a6:0x6 DW_TAG_subrange_type
	.long	1166                    @ DW_AT_type
	.byte	4                       @ DW_AT_count
	.byte	0                       @ End Of Children Mark
	.byte	13                      @ Abbrev [13] 0x4ad:0xc DW_TAG_array_type
	.long	830                     @ DW_AT_type
	.byte	14                      @ Abbrev [14] 0x4b2:0x6 DW_TAG_subrange_type
	.long	1166                    @ DW_AT_type
	.byte	5                       @ DW_AT_count
	.byte	0                       @ End Of Children Mark
	.byte	13                      @ Abbrev [13] 0x4b9:0xc DW_TAG_array_type
	.long	812                     @ DW_AT_type
	.byte	14                      @ Abbrev [14] 0x4be:0x6 DW_TAG_subrange_type
	.long	1166                    @ DW_AT_type
	.byte	5                       @ DW_AT_count
	.byte	0                       @ End Of Children Mark
	.byte	9                       @ Abbrev [9] 0x4c5:0x5 DW_TAG_pointer_type
	.long	1226                    @ DW_AT_type
	.byte	4                       @ Abbrev [4] 0x4ca:0xc DW_TAG_typedef
	.long	1238                    @ DW_AT_type
	.long	.Linfo_string152        @ DW_AT_name
	.byte	4                       @ DW_AT_decl_file
	.short	336                     @ DW_AT_decl_line
	.byte	16                      @ Abbrev [16] 0x4d6:0xb9 DW_TAG_structure_type
	.short	3588                    @ DW_AT_byte_size
	.byte	4                       @ DW_AT_decl_file
	.short	321                     @ DW_AT_decl_line
	.byte	11                      @ Abbrev [11] 0x4dc:0xd DW_TAG_member
	.long	.Linfo_string140        @ DW_AT_name
	.long	1423                    @ DW_AT_type
	.byte	4                       @ DW_AT_decl_file
	.short	323                     @ DW_AT_decl_line
	.byte	0                       @ DW_AT_data_member_location
	.byte	11                      @ Abbrev [11] 0x4e9:0xd DW_TAG_member
	.long	.Linfo_string137        @ DW_AT_name
	.long	1435                    @ DW_AT_type
	.byte	4                       @ DW_AT_decl_file
	.short	324                     @ DW_AT_decl_line
	.byte	32                      @ DW_AT_data_member_location
	.byte	11                      @ Abbrev [11] 0x4f6:0xd DW_TAG_member
	.long	.Linfo_string141        @ DW_AT_name
	.long	1423                    @ DW_AT_type
	.byte	4                       @ DW_AT_decl_file
	.short	325                     @ DW_AT_decl_line
	.byte	128                     @ DW_AT_data_member_location
	.byte	11                      @ Abbrev [11] 0x503:0xd DW_TAG_member
	.long	.Linfo_string142        @ DW_AT_name
	.long	1435                    @ DW_AT_type
	.byte	4                       @ DW_AT_decl_file
	.short	326                     @ DW_AT_decl_line
	.byte	160                     @ DW_AT_data_member_location
	.byte	17                      @ Abbrev [17] 0x510:0xe DW_TAG_member
	.long	.Linfo_string143        @ DW_AT_name
	.long	1423                    @ DW_AT_type
	.byte	4                       @ DW_AT_decl_file
	.short	327                     @ DW_AT_decl_line
	.short	256                     @ DW_AT_data_member_location
	.byte	17                      @ Abbrev [17] 0x51e:0xe DW_TAG_member
	.long	.Linfo_string144        @ DW_AT_name
	.long	1435                    @ DW_AT_type
	.byte	4                       @ DW_AT_decl_file
	.short	328                     @ DW_AT_decl_line
	.short	288                     @ DW_AT_data_member_location
	.byte	17                      @ Abbrev [17] 0x52c:0xe DW_TAG_member
	.long	.Linfo_string145        @ DW_AT_name
	.long	1423                    @ DW_AT_type
	.byte	4                       @ DW_AT_decl_file
	.short	329                     @ DW_AT_decl_line
	.short	384                     @ DW_AT_data_member_location
	.byte	17                      @ Abbrev [17] 0x53a:0xe DW_TAG_member
	.long	.Linfo_string146        @ DW_AT_name
	.long	1435                    @ DW_AT_type
	.byte	4                       @ DW_AT_decl_file
	.short	330                     @ DW_AT_decl_line
	.short	416                     @ DW_AT_data_member_location
	.byte	17                      @ Abbrev [17] 0x548:0xe DW_TAG_member
	.long	.Linfo_string147        @ DW_AT_name
	.long	1423                    @ DW_AT_type
	.byte	4                       @ DW_AT_decl_file
	.short	331                     @ DW_AT_decl_line
	.short	512                     @ DW_AT_data_member_location
	.byte	17                      @ Abbrev [17] 0x556:0xe DW_TAG_member
	.long	.Linfo_string148        @ DW_AT_name
	.long	1447                    @ DW_AT_type
	.byte	4                       @ DW_AT_decl_file
	.short	332                     @ DW_AT_decl_line
	.short	544                     @ DW_AT_data_member_location
	.byte	17                      @ Abbrev [17] 0x564:0xe DW_TAG_member
	.long	.Linfo_string149        @ DW_AT_name
	.long	1459                    @ DW_AT_type
	.byte	4                       @ DW_AT_decl_file
	.short	333                     @ DW_AT_decl_line
	.short	768                     @ DW_AT_data_member_location
	.byte	17                      @ Abbrev [17] 0x572:0xe DW_TAG_member
	.long	.Linfo_string150        @ DW_AT_name
	.long	1471                    @ DW_AT_type
	.byte	4                       @ DW_AT_decl_file
	.short	334                     @ DW_AT_decl_line
	.short	1008                    @ DW_AT_data_member_location
	.byte	17                      @ Abbrev [17] 0x580:0xe DW_TAG_member
	.long	.Linfo_string151        @ DW_AT_name
	.long	807                     @ DW_AT_type
	.byte	4                       @ DW_AT_decl_file
	.short	335                     @ DW_AT_decl_line
	.short	3584                    @ DW_AT_data_member_location
	.byte	0                       @ End Of Children Mark
	.byte	13                      @ Abbrev [13] 0x58f:0xc DW_TAG_array_type
	.long	807                     @ DW_AT_type
	.byte	14                      @ Abbrev [14] 0x594:0x6 DW_TAG_subrange_type
	.long	1166                    @ DW_AT_type
	.byte	8                       @ DW_AT_count
	.byte	0                       @ End Of Children Mark
	.byte	13                      @ Abbrev [13] 0x59b:0xc DW_TAG_array_type
	.long	812                     @ DW_AT_type
	.byte	14                      @ Abbrev [14] 0x5a0:0x6 DW_TAG_subrange_type
	.long	1166                    @ DW_AT_type
	.byte	24                      @ DW_AT_count
	.byte	0                       @ End Of Children Mark
	.byte	13                      @ Abbrev [13] 0x5a7:0xc DW_TAG_array_type
	.long	812                     @ DW_AT_type
	.byte	14                      @ Abbrev [14] 0x5ac:0x6 DW_TAG_subrange_type
	.long	1166                    @ DW_AT_type
	.byte	56                      @ DW_AT_count
	.byte	0                       @ End Of Children Mark
	.byte	13                      @ Abbrev [13] 0x5b3:0xc DW_TAG_array_type
	.long	1143                    @ DW_AT_type
	.byte	14                      @ Abbrev [14] 0x5b8:0x6 DW_TAG_subrange_type
	.long	1166                    @ DW_AT_type
	.byte	240                     @ DW_AT_count
	.byte	0                       @ End Of Children Mark
	.byte	13                      @ Abbrev [13] 0x5bf:0xd DW_TAG_array_type
	.long	812                     @ DW_AT_type
	.byte	18                      @ Abbrev [18] 0x5c4:0x7 DW_TAG_subrange_type
	.long	1166                    @ DW_AT_type
	.short	644                     @ DW_AT_count
	.byte	0                       @ End Of Children Mark
	.byte	19                      @ Abbrev [19] 0x5cc:0x1b DW_TAG_subprogram
	.long	.Linfo_string153        @ DW_AT_name
	.byte	4                       @ DW_AT_decl_file
	.short	1662                    @ DW_AT_decl_line
	.byte	1                       @ DW_AT_prototyped
	.long	812                     @ DW_AT_type
	.byte	1                       @ DW_AT_inline
	.byte	20                      @ Abbrev [20] 0x5da:0xc DW_TAG_formal_parameter
	.long	.Linfo_string154        @ DW_AT_name
	.byte	4                       @ DW_AT_decl_file
	.short	1662                    @ DW_AT_decl_line
	.long	812                     @ DW_AT_type
	.byte	0                       @ End Of Children Mark
	.byte	21                      @ Abbrev [21] 0x5e7:0x23 DW_TAG_subprogram
	.long	.Linfo_string155        @ DW_AT_name
	.byte	4                       @ DW_AT_decl_file
	.short	1535                    @ DW_AT_decl_line
	.byte	1                       @ DW_AT_prototyped
	.byte	1                       @ DW_AT_inline
	.byte	20                      @ Abbrev [20] 0x5f1:0xc DW_TAG_formal_parameter
	.long	.Linfo_string107        @ DW_AT_name
	.byte	4                       @ DW_AT_decl_file
	.short	1535                    @ DW_AT_decl_line
	.long	1546                    @ DW_AT_type
	.byte	20                      @ Abbrev [20] 0x5fd:0xc DW_TAG_formal_parameter
	.long	.Linfo_string157        @ DW_AT_name
	.byte	4                       @ DW_AT_decl_file
	.short	1535                    @ DW_AT_decl_line
	.long	812                     @ DW_AT_type
	.byte	0                       @ End Of Children Mark
	.byte	4                       @ Abbrev [4] 0x60a:0xc DW_TAG_typedef
	.long	91                      @ DW_AT_type
	.long	.Linfo_string156        @ DW_AT_name
	.byte	2                       @ DW_AT_decl_file
	.short	541                     @ DW_AT_decl_line
	.byte	22                      @ Abbrev [22] 0x616:0x58 DW_TAG_subprogram
	.long	.Lfunc_begin0           @ DW_AT_low_pc
	.long	.Lfunc_end0             @ DW_AT_high_pc
	.byte	1                       @ DW_AT_frame_base
	.byte	93
	.long	.Linfo_string158        @ DW_AT_name
	.byte	3                       @ DW_AT_decl_file
	.byte	10                      @ DW_AT_decl_line
	.byte	1                       @ DW_AT_prototyped
	.byte	1                       @ DW_AT_external
	.byte	23                      @ Abbrev [23] 0x629:0xf DW_TAG_formal_parameter
	.long	.Ldebug_loc0            @ DW_AT_location
	.long	.Linfo_string160        @ DW_AT_name
	.byte	3                       @ DW_AT_decl_file
	.byte	10                      @ DW_AT_decl_line
	.long	61                      @ DW_AT_type
	.byte	24                      @ Abbrev [24] 0x638:0x35 DW_TAG_inlined_subroutine
	.long	1484                    @ DW_AT_abstract_origin
	.long	.Ltmp3                  @ DW_AT_low_pc
	.long	.Ltmp6                  @ DW_AT_high_pc
	.byte	3                       @ DW_AT_call_file
	.byte	13                      @ DW_AT_call_line
	.byte	25                      @ Abbrev [25] 0x647:0x8 DW_TAG_formal_parameter
	.ascii	"\240\376\n"            @ DW_AT_const_value
	.long	1498                    @ DW_AT_abstract_origin
	.byte	26                      @ Abbrev [26] 0x64f:0x1d DW_TAG_inlined_subroutine
	.long	1511                    @ DW_AT_abstract_origin
	.long	.Ltmp4                  @ DW_AT_low_pc
	.long	.Ltmp5                  @ DW_AT_high_pc
	.byte	4                       @ DW_AT_call_file
	.short	1667                    @ DW_AT_call_line
	.byte	27                      @ Abbrev [27] 0x65f:0x6 DW_TAG_formal_parameter
	.byte	127                     @ DW_AT_const_value
	.long	1521                    @ DW_AT_abstract_origin
	.byte	25                      @ Abbrev [25] 0x665:0x6 DW_TAG_formal_parameter
	.byte	15                      @ DW_AT_const_value
	.long	1533                    @ DW_AT_abstract_origin
	.byte	0                       @ End Of Children Mark
	.byte	0                       @ End Of Children Mark
	.byte	0                       @ End Of Children Mark
	.byte	22                      @ Abbrev [22] 0x66e:0x57 DW_TAG_subprogram
	.long	.Lfunc_begin1           @ DW_AT_low_pc
	.long	.Lfunc_end1             @ DW_AT_high_pc
	.byte	1                       @ DW_AT_frame_base
	.byte	93
	.long	.Linfo_string159        @ DW_AT_name
	.byte	3                       @ DW_AT_decl_file
	.byte	23                      @ DW_AT_decl_line
	.byte	1                       @ DW_AT_prototyped
	.byte	1                       @ DW_AT_external
	.byte	23                      @ Abbrev [23] 0x681:0xf DW_TAG_formal_parameter
	.long	.Ldebug_loc1            @ DW_AT_location
	.long	.Linfo_string161        @ DW_AT_name
	.byte	3                       @ DW_AT_decl_file
	.byte	23                      @ DW_AT_decl_line
	.long	1733                    @ DW_AT_type
	.byte	24                      @ Abbrev [24] 0x690:0x34 DW_TAG_inlined_subroutine
	.long	1484                    @ DW_AT_abstract_origin
	.long	.Ltmp11                 @ DW_AT_low_pc
	.long	.Ltmp14                 @ DW_AT_high_pc
	.byte	3                       @ DW_AT_call_file
	.byte	26                      @ DW_AT_call_line
	.byte	25                      @ Abbrev [25] 0x69f:0x7 DW_TAG_formal_parameter
	.ascii	"\264\001"              @ DW_AT_const_value
	.long	1498                    @ DW_AT_abstract_origin
	.byte	26                      @ Abbrev [26] 0x6a6:0x1d DW_TAG_inlined_subroutine
	.long	1511                    @ DW_AT_abstract_origin
	.long	.Ltmp12                 @ DW_AT_low_pc
	.long	.Ltmp13                 @ DW_AT_high_pc
	.byte	4                       @ DW_AT_call_file
	.short	1667                    @ DW_AT_call_line
	.byte	27                      @ Abbrev [27] 0x6b6:0x6 DW_TAG_formal_parameter
	.byte	127                     @ DW_AT_const_value
	.long	1521                    @ DW_AT_abstract_origin
	.byte	25                      @ Abbrev [25] 0x6bc:0x6 DW_TAG_formal_parameter
	.byte	15                      @ DW_AT_const_value
	.long	1533                    @ DW_AT_abstract_origin
	.byte	0                       @ End Of Children Mark
	.byte	0                       @ End Of Children Mark
	.byte	0                       @ End Of Children Mark
	.byte	4                       @ Abbrev [4] 0x6c5:0xc DW_TAG_typedef
	.long	812                     @ DW_AT_type
	.long	.Linfo_string162        @ DW_AT_name
	.byte	2                       @ DW_AT_decl_file
	.short	571                     @ DW_AT_decl_line
	.byte	0                       @ End Of Children Mark
.Ldebug_info_end0:
	.section	.debug_ranges,"",%progbits
.Ldebug_ranges0:
	.long	.Lfunc_begin0
	.long	.Lfunc_end0
	.long	.Lfunc_begin1
	.long	.Lfunc_end1
	.long	0
	.long	0
	.section	.debug_macinfo,"",%progbits
	.byte	0                       @ End Of Macro List Mark

	.ident	"Component: ARM Compiler 6.12 Tool: armclang [5d624a00]"
	.section	".note.GNU-stack","",%progbits
	.eabi_attribute	30, 3	@ Tag_ABI_optimization_goals
	.ARM_attribute	16, 1	@ Tag_AV_eba
	.section	.debug_line,"",%progbits
.Lline_table_start0:
