	.text
	.syntax unified
	.eabi_attribute	67, "2.09"	@ Tag_conformance
	.cpu	cortex-m4
	.eabi_attribute	6, 13	@ Tag_CPU_arch
	.eabi_attribute	7, 77	@ Tag_CPU_arch_profile
	.eabi_attribute	8, 0	@ Tag_ARM_ISA_use
	.eabi_attribute	9, 2	@ Tag_THUMB_ISA_use
	.fpu	fpv4-sp-d16
	.eabi_attribute	27, 1	@ Tag_ABI_HardFP_use
	.eabi_attribute	36, 1	@ Tag_FP_HP_extension
	.eabi_attribute	34, 1	@ Tag_CPU_unaligned_access
	.eabi_attribute	17, 1	@ Tag_ABI_PCS_GOT_use
	.eabi_attribute	20, 2	@ Tag_ABI_FP_denormal
	.eabi_attribute	21, 0	@ Tag_ABI_FP_exceptions
	.eabi_attribute	23, 1	@ Tag_ABI_FP_number_model
	.eabi_attribute	24, 1	@ Tag_ABI_align_needed
	.eabi_attribute	25, 1	@ Tag_ABI_align_preserved
	.eabi_attribute	28, 1	@ Tag_ABI_VFP_args
	.eabi_attribute	38, 1	@ Tag_ABI_FP_16bit_format
	.eabi_attribute	18, 2	@ Tag_ABI_PCS_wchar_t
	.eabi_attribute	26, 1	@ Tag_ABI_enum_size
	.eabi_attribute	14, 0	@ Tag_ABI_PCS_R9_use
	.file	"eth_bsp.c"
	.file	1 "C:\\Keil\\ARM\\ARMCLANG\\Bin\\..\\include" "stdint.h"
	.file	2 "F:\\SkyDrive\\OtvoreniProjekti\\HotelSaplast\\fw\\KontrolerHotela\\HC070318\\Project" "../User/ETH_driver/eth_bsp.c"
	.file	3 "F:\\SkyDrive\\OtvoreniProjekti\\HotelSaplast\\fw\\KontrolerHotela\\HC070318\\Project" "../Libraries/STM32F4xx_StdPeriph_Driver/inc\\stm32f4xx_gpio.h"
	.file	4 "F:\\SkyDrive\\OtvoreniProjekti\\HotelSaplast\\fw\\KontrolerHotela\\HC070318\\Project" "../Libraries/CMSIS/Device/ST/STM32F4xx/Include\\stm32f4xx.h"
	.section	.text.eth_init,"ax",%progbits
	.hidden	eth_init                @ -- Begin function eth_init
	.globl	eth_init
	.p2align	1
	.type	eth_init,%function
	.code	16                      @ @eth_init
	.thumb_func
eth_init:
.Lfunc_begin0:
	.loc	2 150 0                 @ ../User/ETH_driver/eth_bsp.c:150:0
	.fnstart
	.cfi_sections .debug_frame
	.cfi_startproc
@ %bb.0:
	.save	{r4, r5, r6, lr}
	push	{r4, r5, r6, lr}
	.cfi_def_cfa_offset 16
	.cfi_offset lr, -4
	.cfi_offset r6, -8
	.cfi_offset r5, -12
	.cfi_offset r4, -16
	.pad	#192
	sub	sp, #192
	.cfi_def_cfa_offset 208
.Ltmp0:
	.loc	2 34 3 prologue_end     @ ../User/ETH_driver/eth_bsp.c:34:3
	movs	r0, #215
	movs	r1, #1
	bl	RCC_AHB1PeriphClockCmd
	.loc	2 39 3                  @ ../User/ETH_driver/eth_bsp.c:39:3
	mov.w	r0, #16384
	movs	r1, #1
	bl	RCC_APB2PeriphClockCmd
	.loc	2 42 3                  @ ../User/ETH_driver/eth_bsp.c:42:3
	movs	r0, #1
	bl	SYSCFG_ETH_MediaInterfaceConfig
	movs	r5, #0
	movs	r0, #134
	add	r4, sp, #4
	.loc	2 45 33                 @ ../User/ETH_driver/eth_bsp.c:45:33
	str	r0, [sp, #4]
	movw	r0, #770
	movt	r5, #16386
	.loc	2 50 3                  @ ../User/ETH_driver/eth_bsp.c:50:3
	mov	r1, r4
	.loc	2 47 33                 @ ../User/ETH_driver/eth_bsp.c:47:33
	str	r0, [sp, #8]
.Ltmp1:
	@DEBUG_VALUE: eth_gpio_init:GPIO_InitStructure <- [DW_OP_plus_uconst 4, DW_OP_deref] $sp
	.loc	2 50 3                  @ ../User/ETH_driver/eth_bsp.c:50:3
	mov	r0, r5
	bl	GPIO_Init
	.loc	2 52 2                  @ ../User/ETH_driver/eth_bsp.c:52:2
	mov	r0, r5
	movs	r1, #1
	movs	r2, #11
	bl	GPIO_PinAFConfig
	.loc	2 53 3                  @ ../User/ETH_driver/eth_bsp.c:53:3
	mov	r0, r5
	movs	r1, #2
	movs	r2, #11
	bl	GPIO_PinAFConfig
	.loc	2 54 3                  @ ../User/ETH_driver/eth_bsp.c:54:3
	mov	r0, r5
	movs	r1, #7
	movs	r2, #11
	bl	GPIO_PinAFConfig
	mov.w	r0, #2048
	.loc	2 58 3                  @ ../User/ETH_driver/eth_bsp.c:58:3
	add.w	r6, r5, #1024
	mov	r1, r4
	.loc	2 57 31                 @ ../User/ETH_driver/eth_bsp.c:57:31
	str	r0, [sp, #4]
	.loc	2 58 3                  @ ../User/ETH_driver/eth_bsp.c:58:3
	mov	r0, r6
	bl	GPIO_Init
	.loc	2 59 2                  @ ../User/ETH_driver/eth_bsp.c:59:2
	mov	r0, r6
	movs	r1, #11
	movs	r2, #11
	bl	GPIO_PinAFConfig
	mov.w	r0, #24576
	.loc	2 62 3                  @ ../User/ETH_driver/eth_bsp.c:62:3
	add.w	r6, r5, #6144
	mov	r1, r4
	.loc	2 61 31                 @ ../User/ETH_driver/eth_bsp.c:61:31
	str	r0, [sp, #4]
	.loc	2 62 3                  @ ../User/ETH_driver/eth_bsp.c:62:3
	mov	r0, r6
	bl	GPIO_Init
	.loc	2 63 2                  @ ../User/ETH_driver/eth_bsp.c:63:2
	mov	r0, r6
	movs	r1, #13
	movs	r2, #11
	bl	GPIO_PinAFConfig
	.loc	2 64 2                  @ ../User/ETH_driver/eth_bsp.c:64:2
	mov	r0, r6
	movs	r1, #14
	movs	r2, #11
	bl	GPIO_PinAFConfig
	movs	r0, #50
	.loc	2 67 3                  @ ../User/ETH_driver/eth_bsp.c:67:3
	add.w	r6, r5, #2048
	mov	r1, r4
	.loc	2 66 31                 @ ../User/ETH_driver/eth_bsp.c:66:31
	str	r0, [sp, #4]
	.loc	2 67 3                  @ ../User/ETH_driver/eth_bsp.c:67:3
	mov	r0, r6
	bl	GPIO_Init
	.loc	2 68 2                  @ ../User/ETH_driver/eth_bsp.c:68:2
	mov	r0, r6
	movs	r1, #1
	movs	r2, #11
	bl	GPIO_PinAFConfig
	.loc	2 69 3                  @ ../User/ETH_driver/eth_bsp.c:69:3
	mov	r0, r6
	movs	r1, #4
	movs	r2, #11
	bl	GPIO_PinAFConfig
	.loc	2 70 3                  @ ../User/ETH_driver/eth_bsp.c:70:3
	mov	r0, r6
	movs	r1, #5
	movs	r2, #11
	bl	GPIO_PinAFConfig
	movs	r0, #8
	.loc	2 79 3                  @ ../User/ETH_driver/eth_bsp.c:79:3
	add.w	r5, r5, #7168
	mov	r1, r4
	.loc	2 74 31                 @ ../User/ETH_driver/eth_bsp.c:74:31
	str	r0, [sp, #4]
	movw	r0, #513
	movt	r0, #256
	.loc	2 75 32                 @ ../User/ETH_driver/eth_bsp.c:75:32
	str	r0, [sp, #8]
	.loc	2 79 3                  @ ../User/ETH_driver/eth_bsp.c:79:3
	mov	r0, r5
	bl	GPIO_Init
	.loc	2 81 3                  @ ../User/ETH_driver/eth_bsp.c:81:3
	mov	r0, r5
	movs	r1, #8
	bl	GPIO_ResetBits
	movw	r4, #3392
	movs	r6, #0
.Ltmp2:
	.loc	2 82 10                 @ ../User/ETH_driver/eth_bsp.c:82:10
	str	r6, [sp]
	movt	r4, #3
	b	.LBB0_2
.Ltmp3:
	.p2align	2
.LBB0_1:                                @   in Loop: Header=BB0_2 Depth=1
	@DEBUG_VALUE: eth_gpio_init:GPIO_InitStructure <- [DW_OP_plus_uconst 4, DW_OP_deref] $sp
	.loc	2 82 28 is_stmt 0       @ ../User/ETH_driver/eth_bsp.c:82:28
	ldr	r0, [sp]
	adds	r0, #1
	str	r0, [sp]
.Ltmp4:
.LBB0_2:                                @ =>This Inner Loop Header: Depth=1
	@DEBUG_VALUE: eth_gpio_init:GPIO_InitStructure <- [DW_OP_plus_uconst 4, DW_OP_deref] $sp
	.loc	2 82 15                 @ ../User/ETH_driver/eth_bsp.c:82:15
	ldr	r0, [sp]
.Ltmp5:
	.loc	2 82 3                  @ ../User/ETH_driver/eth_bsp.c:82:3
	cmp	r0, r4
	blo	.LBB0_1
.Ltmp6:
@ %bb.3:
	@DEBUG_VALUE: eth_gpio_init:GPIO_InitStructure <- [DW_OP_plus_uconst 4, DW_OP_deref] $sp
	.loc	2 83 3 is_stmt 1        @ ../User/ETH_driver/eth_bsp.c:83:3
	mov	r0, r5
	movs	r1, #8
	bl	GPIO_SetBits
.Ltmp7:
	.loc	2 84 10                 @ ../User/ETH_driver/eth_bsp.c:84:10
	str	r6, [sp]
	b	.LBB0_5
.Ltmp8:
	.p2align	2
.LBB0_4:                                @   in Loop: Header=BB0_5 Depth=1
	@DEBUG_VALUE: eth_gpio_init:GPIO_InitStructure <- [DW_OP_plus_uconst 4, DW_OP_deref] $sp
	.loc	2 84 28 is_stmt 0       @ ../User/ETH_driver/eth_bsp.c:84:28
	ldr	r0, [sp]
	adds	r0, #1
	str	r0, [sp]
.Ltmp9:
.LBB0_5:                                @ =>This Inner Loop Header: Depth=1
	@DEBUG_VALUE: eth_gpio_init:GPIO_InitStructure <- [DW_OP_plus_uconst 4, DW_OP_deref] $sp
	.loc	2 84 15                 @ ../User/ETH_driver/eth_bsp.c:84:15
	ldr	r0, [sp]
.Ltmp10:
	.loc	2 84 3                  @ ../User/ETH_driver/eth_bsp.c:84:3
	cmp	r0, r4
	blo	.LBB0_4
.Ltmp11:
@ %bb.6:
	.loc	2 96 3 is_stmt 1        @ ../User/ETH_driver/eth_bsp.c:96:3
	mov.w	r0, #234881024
	movs	r1, #1
	bl	RCC_AHB1PeriphClockCmd
	.loc	2 99 3                  @ ../User/ETH_driver/eth_bsp.c:99:3
	bl	ETH_DeInit
	.loc	2 101 3                 @ ../User/ETH_driver/eth_bsp.c:101:3
	bl	ETH_SoftwareReset
	.p2align	2
.LBB0_7:                                @ =>This Inner Loop Header: Depth=1
	.loc	2 103 10                @ ../User/ETH_driver/eth_bsp.c:103:10
	bl	ETH_GetSoftwareResetStatus
	.loc	2 103 3 is_stmt 0       @ ../User/ETH_driver/eth_bsp.c:103:3
	cmp	r0, #1
	beq	.LBB0_7
@ %bb.8:
.Ltmp12:
	@DEBUG_VALUE: eth_macdma_init:ETH_InitStructure <- [DW_OP_plus_uconst 4, DW_OP_deref] $sp
	.loc	2 0 3                   @ ../User/ETH_driver/eth_bsp.c:0:3
	add	r4, sp, #4
	.loc	2 105 3 is_stmt 1       @ ../User/ETH_driver/eth_bsp.c:105:3
	mov	r0, r4
	bl	ETH_StructInit
	mov.w	r0, #16384
	movs	r1, #4
	mov.w	r2, #2097152
	.loc	2 138 40                @ ../User/ETH_driver/eth_bsp.c:138:40
	str	r0, [sp, #188]
	mov.w	r0, #8192
	.loc	2 137 42                @ ../User/ETH_driver/eth_bsp.c:137:42
	str	r0, [sp, #180]
	mov.w	r0, #4194304
	.loc	2 136 42                @ ../User/ETH_driver/eth_bsp.c:136:42
	str	r0, [sp, #176]
	mov.w	r0, #65536
	.loc	2 135 36                @ ../User/ETH_driver/eth_bsp.c:135:36
	str	r0, [sp, #172]
	mov.w	r0, #33554432
	.loc	2 134 45                @ ../User/ETH_driver/eth_bsp.c:134:45
	str	r0, [sp, #168]
	.loc	2 133 44                @ ../User/ETH_driver/eth_bsp.c:133:44
	str	r1, [sp, #164]
	movs	r1, #0
	.loc	2 131 44                @ ../User/ETH_driver/eth_bsp.c:131:44
	strd	r1, r1, [sp, #152]
	.loc	2 129 46                @ ../User/ETH_driver/eth_bsp.c:129:46
	str	r2, [sp, #144]
	.loc	2 127 53                @ ../User/ETH_driver/eth_bsp.c:127:53
	strd	r1, r0, [sp, #132]
	mov.w	r0, #512
	.loc	2 117 45                @ ../User/ETH_driver/eth_bsp.c:117:45
	str	r1, [sp, #88]
	.loc	2 115 41                @ ../User/ETH_driver/eth_bsp.c:115:41
	strd	r1, r1, [sp, #80]
	.loc	2 114 50                @ ../User/ETH_driver/eth_bsp.c:114:50
	str	r1, [sp, #72]
	.loc	2 113 36                @ ../User/ETH_driver/eth_bsp.c:113:36
	str	r1, [sp, #60]
	.loc	2 112 46                @ ../User/ETH_driver/eth_bsp.c:112:46
	str	r1, [sp, #48]
	.loc	2 111 43                @ ../User/ETH_driver/eth_bsp.c:111:43
	str	r0, [sp, #44]
	movs	r0, #1
	.loc	2 110 38                @ ../User/ETH_driver/eth_bsp.c:110:38
	str	r1, [sp, #32]
	.loc	2 141 19                @ ../User/ETH_driver/eth_bsp.c:141:19
	movs	r1, #1
	.loc	2 109 41                @ ../User/ETH_driver/eth_bsp.c:109:41
	str	r0, [sp, #4]
	.loc	2 141 19                @ ../User/ETH_driver/eth_bsp.c:141:19
	mov	r0, r4
	bl	ETH_Init
	.loc	2 141 17 is_stmt 0      @ ../User/ETH_driver/eth_bsp.c:141:17
	movw	r1, :lower16:EthInitStatus
	movt	r1, :upper16:EthInitStatus
	str	r0, [r1]
.Ltmp13:
	.loc	2 156 7 is_stmt 1       @ ../User/ETH_driver/eth_bsp.c:156:7
	ldr	r0, [r1]
.Ltmp14:
	.loc	2 156 7 is_stmt 0       @ ../User/ETH_driver/eth_bsp.c:156:7
	cbz	r0, .LBB0_10
.Ltmp15:
@ %bb.9:
	.loc	2 159 1 is_stmt 1       @ ../User/ETH_driver/eth_bsp.c:159:1
	add	sp, #192
	pop	{r4, r5, r6, pc}
	.p2align	2
.LBB0_10:                               @ =>This Inner Loop Header: Depth=1
.Ltmp16:
	.loc	2 157 5                 @ ../User/ETH_driver/eth_bsp.c:157:5
	b	.LBB0_10
.Ltmp17:
.Lfunc_end0:
	.size	eth_init, .Lfunc_end0-eth_init
	.cfi_endproc
	.file	5 "F:\\SkyDrive\\OtvoreniProjekti\\HotelSaplast\\fw\\KontrolerHotela\\HC070318\\Project" "../User/ETH_driver/stm32f4x7_eth.h"
	.cantunwind
	.fnend
                                        @ -- End function
	.hidden	EthInitStatus           @ @EthInitStatus
	.type	EthInitStatus,%object
	.section	.bss.EthInitStatus,"aw",%nobits
	.globl	EthInitStatus
	.p2align	2
EthInitStatus:
	.long	0                       @ 0x0
	.size	EthInitStatus, 4

	.section	.debug_str,"MS",%progbits,1
.Linfo_string0:
	.asciz	"Component: ARM Compiler 6.12 Tool: armclang [5d624a00]" @ string offset=0
.Linfo_string1:
	.asciz	"../User/ETH_driver\\eth_bsp.c" @ string offset=55
.Linfo_string2:
	.asciz	"F:\\SkyDrive\\OtvoreniProjekti\\HotelSaplast\\fw\\KontrolerHotela\\HC070318\\Project" @ string offset=84
.Linfo_string3:
	.asciz	"EthInitStatus"         @ string offset=162
.Linfo_string4:
	.asciz	"unsigned int"          @ string offset=176
.Linfo_string5:
	.asciz	"uint32_t"              @ string offset=189
.Linfo_string6:
	.asciz	"unsigned char"         @ string offset=198
.Linfo_string7:
	.asciz	"GPIO_Mode_IN"          @ string offset=212
.Linfo_string8:
	.asciz	"GPIO_Mode_OUT"         @ string offset=225
.Linfo_string9:
	.asciz	"GPIO_Mode_AF"          @ string offset=239
.Linfo_string10:
	.asciz	"GPIO_Mode_AN"          @ string offset=252
.Linfo_string11:
	.asciz	"GPIO_Low_Speed"        @ string offset=265
.Linfo_string12:
	.asciz	"GPIO_Medium_Speed"     @ string offset=280
.Linfo_string13:
	.asciz	"GPIO_Fast_Speed"       @ string offset=298
.Linfo_string14:
	.asciz	"GPIO_High_Speed"       @ string offset=314
.Linfo_string15:
	.asciz	"GPIO_OType_PP"         @ string offset=330
.Linfo_string16:
	.asciz	"GPIO_OType_OD"         @ string offset=344
.Linfo_string17:
	.asciz	"GPIO_PuPd_NOPULL"      @ string offset=358
.Linfo_string18:
	.asciz	"GPIO_PuPd_UP"          @ string offset=375
.Linfo_string19:
	.asciz	"GPIO_PuPd_DOWN"        @ string offset=388
.Linfo_string20:
	.asciz	"DISABLE"               @ string offset=403
.Linfo_string21:
	.asciz	"ENABLE"                @ string offset=411
.Linfo_string22:
	.asciz	"RESET"                 @ string offset=418
.Linfo_string23:
	.asciz	"SET"                   @ string offset=424
.Linfo_string24:
	.asciz	"unsigned short"        @ string offset=428
.Linfo_string25:
	.asciz	"uint16_t"              @ string offset=443
.Linfo_string26:
	.asciz	"MODER"                 @ string offset=452
.Linfo_string27:
	.asciz	"OTYPER"                @ string offset=458
.Linfo_string28:
	.asciz	"OSPEEDR"               @ string offset=465
.Linfo_string29:
	.asciz	"PUPDR"                 @ string offset=473
.Linfo_string30:
	.asciz	"IDR"                   @ string offset=479
.Linfo_string31:
	.asciz	"ODR"                   @ string offset=483
.Linfo_string32:
	.asciz	"BSRRL"                 @ string offset=487
.Linfo_string33:
	.asciz	"BSRRH"                 @ string offset=493
.Linfo_string34:
	.asciz	"LCKR"                  @ string offset=499
.Linfo_string35:
	.asciz	"AFR"                   @ string offset=504
.Linfo_string36:
	.asciz	"__ARRAY_SIZE_TYPE__"   @ string offset=508
.Linfo_string37:
	.asciz	"GPIO_TypeDef"          @ string offset=528
.Linfo_string38:
	.asciz	"uint8_t"               @ string offset=541
.Linfo_string39:
	.asciz	"eth_gpio_init"         @ string offset=549
.Linfo_string40:
	.asciz	"i"                     @ string offset=563
.Linfo_string41:
	.asciz	"GPIO_InitStructure"    @ string offset=565
.Linfo_string42:
	.asciz	"GPIO_Pin"              @ string offset=584
.Linfo_string43:
	.asciz	"GPIO_Mode"             @ string offset=593
.Linfo_string44:
	.asciz	"GPIOMode_TypeDef"      @ string offset=603
.Linfo_string45:
	.asciz	"GPIO_Speed"            @ string offset=620
.Linfo_string46:
	.asciz	"GPIOSpeed_TypeDef"     @ string offset=631
.Linfo_string47:
	.asciz	"GPIO_OType"            @ string offset=649
.Linfo_string48:
	.asciz	"GPIOOType_TypeDef"     @ string offset=660
.Linfo_string49:
	.asciz	"GPIO_PuPd"             @ string offset=678
.Linfo_string50:
	.asciz	"GPIOPuPd_TypeDef"      @ string offset=688
.Linfo_string51:
	.asciz	"GPIO_InitTypeDef"      @ string offset=705
.Linfo_string52:
	.asciz	"eth_macdma_init"       @ string offset=722
.Linfo_string53:
	.asciz	"ETH_InitStructure"     @ string offset=738
.Linfo_string54:
	.asciz	"ETH_AutoNegotiation"   @ string offset=756
.Linfo_string55:
	.asciz	"ETH_Watchdog"          @ string offset=776
.Linfo_string56:
	.asciz	"ETH_Jabber"            @ string offset=789
.Linfo_string57:
	.asciz	"ETH_InterFrameGap"     @ string offset=800
.Linfo_string58:
	.asciz	"ETH_CarrierSense"      @ string offset=818
.Linfo_string59:
	.asciz	"ETH_Speed"             @ string offset=835
.Linfo_string60:
	.asciz	"ETH_ReceiveOwn"        @ string offset=845
.Linfo_string61:
	.asciz	"ETH_LoopbackMode"      @ string offset=860
.Linfo_string62:
	.asciz	"ETH_Mode"              @ string offset=877
.Linfo_string63:
	.asciz	"ETH_ChecksumOffload"   @ string offset=886
.Linfo_string64:
	.asciz	"ETH_RetryTransmission" @ string offset=906
.Linfo_string65:
	.asciz	"ETH_AutomaticPadCRCStrip" @ string offset=928
.Linfo_string66:
	.asciz	"ETH_BackOffLimit"      @ string offset=953
.Linfo_string67:
	.asciz	"ETH_DeferralCheck"     @ string offset=970
.Linfo_string68:
	.asciz	"ETH_ReceiveAll"        @ string offset=988
.Linfo_string69:
	.asciz	"ETH_SourceAddrFilter"  @ string offset=1003
.Linfo_string70:
	.asciz	"ETH_PassControlFrames" @ string offset=1024
.Linfo_string71:
	.asciz	"ETH_BroadcastFramesReception" @ string offset=1046
.Linfo_string72:
	.asciz	"ETH_DestinationAddrFilter" @ string offset=1075
.Linfo_string73:
	.asciz	"ETH_PromiscuousMode"   @ string offset=1101
.Linfo_string74:
	.asciz	"ETH_MulticastFramesFilter" @ string offset=1121
.Linfo_string75:
	.asciz	"ETH_UnicastFramesFilter" @ string offset=1147
.Linfo_string76:
	.asciz	"ETH_HashTableHigh"     @ string offset=1171
.Linfo_string77:
	.asciz	"ETH_HashTableLow"      @ string offset=1189
.Linfo_string78:
	.asciz	"ETH_PauseTime"         @ string offset=1206
.Linfo_string79:
	.asciz	"ETH_ZeroQuantaPause"   @ string offset=1220
.Linfo_string80:
	.asciz	"ETH_PauseLowThreshold" @ string offset=1240
.Linfo_string81:
	.asciz	"ETH_UnicastPauseFrameDetect" @ string offset=1262
.Linfo_string82:
	.asciz	"ETH_ReceiveFlowControl" @ string offset=1290
.Linfo_string83:
	.asciz	"ETH_TransmitFlowControl" @ string offset=1313
.Linfo_string84:
	.asciz	"ETH_VLANTagComparison" @ string offset=1337
.Linfo_string85:
	.asciz	"ETH_VLANTagIdentifier" @ string offset=1359
.Linfo_string86:
	.asciz	"ETH_DropTCPIPChecksumErrorFrame" @ string offset=1381
.Linfo_string87:
	.asciz	"ETH_ReceiveStoreForward" @ string offset=1413
.Linfo_string88:
	.asciz	"ETH_FlushReceivedFrame" @ string offset=1437
.Linfo_string89:
	.asciz	"ETH_TransmitStoreForward" @ string offset=1460
.Linfo_string90:
	.asciz	"ETH_TransmitThresholdControl" @ string offset=1485
.Linfo_string91:
	.asciz	"ETH_ForwardErrorFrames" @ string offset=1514
.Linfo_string92:
	.asciz	"ETH_ForwardUndersizedGoodFrames" @ string offset=1537
.Linfo_string93:
	.asciz	"ETH_ReceiveThresholdControl" @ string offset=1569
.Linfo_string94:
	.asciz	"ETH_SecondFrameOperate" @ string offset=1597
.Linfo_string95:
	.asciz	"ETH_AddressAlignedBeats" @ string offset=1620
.Linfo_string96:
	.asciz	"ETH_FixedBurst"        @ string offset=1644
.Linfo_string97:
	.asciz	"ETH_RxDMABurstLength"  @ string offset=1659
.Linfo_string98:
	.asciz	"ETH_TxDMABurstLength"  @ string offset=1680
.Linfo_string99:
	.asciz	"ETH_DescriptorSkipLength" @ string offset=1701
.Linfo_string100:
	.asciz	"ETH_DMAArbitration"    @ string offset=1726
.Linfo_string101:
	.asciz	"ETH_InitTypeDef"       @ string offset=1745
.Linfo_string102:
	.asciz	"eth_init"              @ string offset=1761
	.section	.debug_loc,"",%progbits
.Ldebug_loc0:
	.long	.Ltmp1-.Lfunc_begin0
	.long	.Ltmp11-.Lfunc_begin0
	.short	2                       @ Loc expr size
	.byte	125                     @ DW_OP_breg13
	.byte	4                       @ 4
	.long	0
	.long	0
.Ldebug_loc1:
	.long	.Ltmp12-.Lfunc_begin0
	.long	.Ltmp15-.Lfunc_begin0
	.short	2                       @ Loc expr size
	.byte	125                     @ DW_OP_breg13
	.byte	4                       @ 4
	.long	0
	.long	0
	.section	.debug_abbrev,"",%progbits
	.byte	1                       @ Abbreviation Code
	.byte	17                      @ DW_TAG_compile_unit
	.byte	1                       @ DW_CHILDREN_yes
	.byte	37                      @ DW_AT_producer
	.byte	14                      @ DW_FORM_strp
	.byte	19                      @ DW_AT_language
	.byte	5                       @ DW_FORM_data2
	.byte	3                       @ DW_AT_name
	.byte	14                      @ DW_FORM_strp
	.byte	16                      @ DW_AT_stmt_list
	.byte	6                       @ DW_FORM_data4
	.byte	27                      @ DW_AT_comp_dir
	.byte	14                      @ DW_FORM_strp
	.byte	17                      @ DW_AT_low_pc
	.byte	1                       @ DW_FORM_addr
	.byte	18                      @ DW_AT_high_pc
	.byte	1                       @ DW_FORM_addr
	.byte	0                       @ EOM(1)
	.byte	0                       @ EOM(2)
	.byte	2                       @ Abbreviation Code
	.byte	52                      @ DW_TAG_variable
	.byte	0                       @ DW_CHILDREN_no
	.byte	3                       @ DW_AT_name
	.byte	14                      @ DW_FORM_strp
	.byte	73                      @ DW_AT_type
	.byte	19                      @ DW_FORM_ref4
	.byte	63                      @ DW_AT_external
	.byte	12                      @ DW_FORM_flag
	.byte	58                      @ DW_AT_decl_file
	.byte	11                      @ DW_FORM_data1
	.byte	59                      @ DW_AT_decl_line
	.byte	11                      @ DW_FORM_data1
	.byte	2                       @ DW_AT_location
	.byte	10                      @ DW_FORM_block1
	.byte	0                       @ EOM(1)
	.byte	0                       @ EOM(2)
	.byte	3                       @ Abbreviation Code
	.byte	53                      @ DW_TAG_volatile_type
	.byte	0                       @ DW_CHILDREN_no
	.byte	73                      @ DW_AT_type
	.byte	19                      @ DW_FORM_ref4
	.byte	0                       @ EOM(1)
	.byte	0                       @ EOM(2)
	.byte	4                       @ Abbreviation Code
	.byte	22                      @ DW_TAG_typedef
	.byte	0                       @ DW_CHILDREN_no
	.byte	73                      @ DW_AT_type
	.byte	19                      @ DW_FORM_ref4
	.byte	3                       @ DW_AT_name
	.byte	14                      @ DW_FORM_strp
	.byte	58                      @ DW_AT_decl_file
	.byte	11                      @ DW_FORM_data1
	.byte	59                      @ DW_AT_decl_line
	.byte	11                      @ DW_FORM_data1
	.byte	0                       @ EOM(1)
	.byte	0                       @ EOM(2)
	.byte	5                       @ Abbreviation Code
	.byte	36                      @ DW_TAG_base_type
	.byte	0                       @ DW_CHILDREN_no
	.byte	3                       @ DW_AT_name
	.byte	14                      @ DW_FORM_strp
	.byte	62                      @ DW_AT_encoding
	.byte	11                      @ DW_FORM_data1
	.byte	11                      @ DW_AT_byte_size
	.byte	11                      @ DW_FORM_data1
	.byte	0                       @ EOM(1)
	.byte	0                       @ EOM(2)
	.byte	6                       @ Abbreviation Code
	.byte	4                       @ DW_TAG_enumeration_type
	.byte	1                       @ DW_CHILDREN_yes
	.byte	73                      @ DW_AT_type
	.byte	19                      @ DW_FORM_ref4
	.byte	11                      @ DW_AT_byte_size
	.byte	11                      @ DW_FORM_data1
	.byte	58                      @ DW_AT_decl_file
	.byte	11                      @ DW_FORM_data1
	.byte	59                      @ DW_AT_decl_line
	.byte	11                      @ DW_FORM_data1
	.byte	0                       @ EOM(1)
	.byte	0                       @ EOM(2)
	.byte	7                       @ Abbreviation Code
	.byte	40                      @ DW_TAG_enumerator
	.byte	0                       @ DW_CHILDREN_no
	.byte	3                       @ DW_AT_name
	.byte	14                      @ DW_FORM_strp
	.byte	28                      @ DW_AT_const_value
	.byte	15                      @ DW_FORM_udata
	.byte	0                       @ EOM(1)
	.byte	0                       @ EOM(2)
	.byte	8                       @ Abbreviation Code
	.byte	4                       @ DW_TAG_enumeration_type
	.byte	1                       @ DW_CHILDREN_yes
	.byte	73                      @ DW_AT_type
	.byte	19                      @ DW_FORM_ref4
	.byte	11                      @ DW_AT_byte_size
	.byte	11                      @ DW_FORM_data1
	.byte	58                      @ DW_AT_decl_file
	.byte	11                      @ DW_FORM_data1
	.byte	59                      @ DW_AT_decl_line
	.byte	5                       @ DW_FORM_data2
	.byte	0                       @ EOM(1)
	.byte	0                       @ EOM(2)
	.byte	9                       @ Abbreviation Code
	.byte	15                      @ DW_TAG_pointer_type
	.byte	0                       @ DW_CHILDREN_no
	.byte	73                      @ DW_AT_type
	.byte	19                      @ DW_FORM_ref4
	.byte	0                       @ EOM(1)
	.byte	0                       @ EOM(2)
	.byte	10                      @ Abbreviation Code
	.byte	22                      @ DW_TAG_typedef
	.byte	0                       @ DW_CHILDREN_no
	.byte	73                      @ DW_AT_type
	.byte	19                      @ DW_FORM_ref4
	.byte	3                       @ DW_AT_name
	.byte	14                      @ DW_FORM_strp
	.byte	58                      @ DW_AT_decl_file
	.byte	11                      @ DW_FORM_data1
	.byte	59                      @ DW_AT_decl_line
	.byte	5                       @ DW_FORM_data2
	.byte	0                       @ EOM(1)
	.byte	0                       @ EOM(2)
	.byte	11                      @ Abbreviation Code
	.byte	19                      @ DW_TAG_structure_type
	.byte	1                       @ DW_CHILDREN_yes
	.byte	11                      @ DW_AT_byte_size
	.byte	11                      @ DW_FORM_data1
	.byte	58                      @ DW_AT_decl_file
	.byte	11                      @ DW_FORM_data1
	.byte	59                      @ DW_AT_decl_line
	.byte	5                       @ DW_FORM_data2
	.byte	0                       @ EOM(1)
	.byte	0                       @ EOM(2)
	.byte	12                      @ Abbreviation Code
	.byte	13                      @ DW_TAG_member
	.byte	0                       @ DW_CHILDREN_no
	.byte	3                       @ DW_AT_name
	.byte	14                      @ DW_FORM_strp
	.byte	73                      @ DW_AT_type
	.byte	19                      @ DW_FORM_ref4
	.byte	58                      @ DW_AT_decl_file
	.byte	11                      @ DW_FORM_data1
	.byte	59                      @ DW_AT_decl_line
	.byte	5                       @ DW_FORM_data2
	.byte	56                      @ DW_AT_data_member_location
	.byte	11                      @ DW_FORM_data1
	.byte	0                       @ EOM(1)
	.byte	0                       @ EOM(2)
	.byte	13                      @ Abbreviation Code
	.byte	1                       @ DW_TAG_array_type
	.byte	1                       @ DW_CHILDREN_yes
	.byte	73                      @ DW_AT_type
	.byte	19                      @ DW_FORM_ref4
	.byte	0                       @ EOM(1)
	.byte	0                       @ EOM(2)
	.byte	14                      @ Abbreviation Code
	.byte	33                      @ DW_TAG_subrange_type
	.byte	0                       @ DW_CHILDREN_no
	.byte	73                      @ DW_AT_type
	.byte	19                      @ DW_FORM_ref4
	.byte	55                      @ DW_AT_count
	.byte	11                      @ DW_FORM_data1
	.byte	0                       @ EOM(1)
	.byte	0                       @ EOM(2)
	.byte	15                      @ Abbreviation Code
	.byte	36                      @ DW_TAG_base_type
	.byte	0                       @ DW_CHILDREN_no
	.byte	3                       @ DW_AT_name
	.byte	14                      @ DW_FORM_strp
	.byte	11                      @ DW_AT_byte_size
	.byte	11                      @ DW_FORM_data1
	.byte	62                      @ DW_AT_encoding
	.byte	11                      @ DW_FORM_data1
	.byte	0                       @ EOM(1)
	.byte	0                       @ EOM(2)
	.byte	16                      @ Abbreviation Code
	.byte	46                      @ DW_TAG_subprogram
	.byte	1                       @ DW_CHILDREN_yes
	.byte	3                       @ DW_AT_name
	.byte	14                      @ DW_FORM_strp
	.byte	58                      @ DW_AT_decl_file
	.byte	11                      @ DW_FORM_data1
	.byte	59                      @ DW_AT_decl_line
	.byte	11                      @ DW_FORM_data1
	.byte	39                      @ DW_AT_prototyped
	.byte	12                      @ DW_FORM_flag
	.byte	32                      @ DW_AT_inline
	.byte	11                      @ DW_FORM_data1
	.byte	0                       @ EOM(1)
	.byte	0                       @ EOM(2)
	.byte	17                      @ Abbreviation Code
	.byte	52                      @ DW_TAG_variable
	.byte	0                       @ DW_CHILDREN_no
	.byte	3                       @ DW_AT_name
	.byte	14                      @ DW_FORM_strp
	.byte	58                      @ DW_AT_decl_file
	.byte	11                      @ DW_FORM_data1
	.byte	59                      @ DW_AT_decl_line
	.byte	11                      @ DW_FORM_data1
	.byte	73                      @ DW_AT_type
	.byte	19                      @ DW_FORM_ref4
	.byte	0                       @ EOM(1)
	.byte	0                       @ EOM(2)
	.byte	18                      @ Abbreviation Code
	.byte	19                      @ DW_TAG_structure_type
	.byte	1                       @ DW_CHILDREN_yes
	.byte	11                      @ DW_AT_byte_size
	.byte	11                      @ DW_FORM_data1
	.byte	58                      @ DW_AT_decl_file
	.byte	11                      @ DW_FORM_data1
	.byte	59                      @ DW_AT_decl_line
	.byte	11                      @ DW_FORM_data1
	.byte	0                       @ EOM(1)
	.byte	0                       @ EOM(2)
	.byte	19                      @ Abbreviation Code
	.byte	13                      @ DW_TAG_member
	.byte	0                       @ DW_CHILDREN_no
	.byte	3                       @ DW_AT_name
	.byte	14                      @ DW_FORM_strp
	.byte	73                      @ DW_AT_type
	.byte	19                      @ DW_FORM_ref4
	.byte	58                      @ DW_AT_decl_file
	.byte	11                      @ DW_FORM_data1
	.byte	59                      @ DW_AT_decl_line
	.byte	11                      @ DW_FORM_data1
	.byte	56                      @ DW_AT_data_member_location
	.byte	11                      @ DW_FORM_data1
	.byte	0                       @ EOM(1)
	.byte	0                       @ EOM(2)
	.byte	20                      @ Abbreviation Code
	.byte	46                      @ DW_TAG_subprogram
	.byte	1                       @ DW_CHILDREN_yes
	.byte	17                      @ DW_AT_low_pc
	.byte	1                       @ DW_FORM_addr
	.byte	18                      @ DW_AT_high_pc
	.byte	1                       @ DW_FORM_addr
	.byte	64                      @ DW_AT_frame_base
	.byte	10                      @ DW_FORM_block1
	.byte	3                       @ DW_AT_name
	.byte	14                      @ DW_FORM_strp
	.byte	58                      @ DW_AT_decl_file
	.byte	11                      @ DW_FORM_data1
	.byte	59                      @ DW_AT_decl_line
	.byte	11                      @ DW_FORM_data1
	.byte	39                      @ DW_AT_prototyped
	.byte	12                      @ DW_FORM_flag
	.byte	63                      @ DW_AT_external
	.byte	12                      @ DW_FORM_flag
	.byte	0                       @ EOM(1)
	.byte	0                       @ EOM(2)
	.byte	21                      @ Abbreviation Code
	.byte	29                      @ DW_TAG_inlined_subroutine
	.byte	1                       @ DW_CHILDREN_yes
	.byte	49                      @ DW_AT_abstract_origin
	.byte	19                      @ DW_FORM_ref4
	.byte	17                      @ DW_AT_low_pc
	.byte	1                       @ DW_FORM_addr
	.byte	18                      @ DW_AT_high_pc
	.byte	1                       @ DW_FORM_addr
	.byte	88                      @ DW_AT_call_file
	.byte	11                      @ DW_FORM_data1
	.byte	89                      @ DW_AT_call_line
	.byte	11                      @ DW_FORM_data1
	.byte	0                       @ EOM(1)
	.byte	0                       @ EOM(2)
	.byte	22                      @ Abbreviation Code
	.byte	52                      @ DW_TAG_variable
	.byte	0                       @ DW_CHILDREN_no
	.byte	2                       @ DW_AT_location
	.byte	10                      @ DW_FORM_block1
	.byte	49                      @ DW_AT_abstract_origin
	.byte	19                      @ DW_FORM_ref4
	.byte	0                       @ EOM(1)
	.byte	0                       @ EOM(2)
	.byte	23                      @ Abbreviation Code
	.byte	52                      @ DW_TAG_variable
	.byte	0                       @ DW_CHILDREN_no
	.byte	2                       @ DW_AT_location
	.byte	6                       @ DW_FORM_data4
	.byte	49                      @ DW_AT_abstract_origin
	.byte	19                      @ DW_FORM_ref4
	.byte	0                       @ EOM(1)
	.byte	0                       @ EOM(2)
	.byte	0                       @ EOM(3)
	.section	.debug_info,"",%progbits
.Lcu_begin0:
	.long	.Ldebug_info_end0-.Ldebug_info_start0 @ Length of Unit
.Ldebug_info_start0:
	.short	3                       @ DWARF version number
	.long	.debug_abbrev           @ Offset Into Abbrev. Section
	.byte	4                       @ Address Size (in bytes)
	.byte	1                       @ Abbrev [1] 0xb:0x4f7 DW_TAG_compile_unit
	.long	.Linfo_string0          @ DW_AT_producer
	.short	12                      @ DW_AT_language
	.long	.Linfo_string1          @ DW_AT_name
	.long	.Lline_table_start0     @ DW_AT_stmt_list
	.long	.Linfo_string2          @ DW_AT_comp_dir
	.long	.Lfunc_begin0           @ DW_AT_low_pc
	.long	.Lfunc_end0             @ DW_AT_high_pc
	.byte	2                       @ Abbrev [2] 0x26:0x12 DW_TAG_variable
	.long	.Linfo_string3          @ DW_AT_name
	.long	56                      @ DW_AT_type
	.byte	1                       @ DW_AT_external
	.byte	2                       @ DW_AT_decl_file
	.byte	12                      @ DW_AT_decl_line
	.byte	5                       @ DW_AT_location
	.byte	3
	.long	EthInitStatus
	.byte	3                       @ Abbrev [3] 0x38:0x5 DW_TAG_volatile_type
	.long	61                      @ DW_AT_type
	.byte	4                       @ Abbrev [4] 0x3d:0xb DW_TAG_typedef
	.long	72                      @ DW_AT_type
	.long	.Linfo_string5          @ DW_AT_name
	.byte	1                       @ DW_AT_decl_file
	.byte	64                      @ DW_AT_decl_line
	.byte	5                       @ Abbrev [5] 0x48:0x7 DW_TAG_base_type
	.long	.Linfo_string4          @ DW_AT_name
	.byte	7                       @ DW_AT_encoding
	.byte	4                       @ DW_AT_byte_size
	.byte	6                       @ Abbrev [6] 0x4f:0x21 DW_TAG_enumeration_type
	.long	112                     @ DW_AT_type
	.byte	1                       @ DW_AT_byte_size
	.byte	3                       @ DW_AT_decl_file
	.byte	65                      @ DW_AT_decl_line
	.byte	7                       @ Abbrev [7] 0x57:0x6 DW_TAG_enumerator
	.long	.Linfo_string7          @ DW_AT_name
	.byte	0                       @ DW_AT_const_value
	.byte	7                       @ Abbrev [7] 0x5d:0x6 DW_TAG_enumerator
	.long	.Linfo_string8          @ DW_AT_name
	.byte	1                       @ DW_AT_const_value
	.byte	7                       @ Abbrev [7] 0x63:0x6 DW_TAG_enumerator
	.long	.Linfo_string9          @ DW_AT_name
	.byte	2                       @ DW_AT_const_value
	.byte	7                       @ Abbrev [7] 0x69:0x6 DW_TAG_enumerator
	.long	.Linfo_string10         @ DW_AT_name
	.byte	3                       @ DW_AT_const_value
	.byte	0                       @ End Of Children Mark
	.byte	5                       @ Abbrev [5] 0x70:0x7 DW_TAG_base_type
	.long	.Linfo_string6          @ DW_AT_name
	.byte	8                       @ DW_AT_encoding
	.byte	1                       @ DW_AT_byte_size
	.byte	6                       @ Abbrev [6] 0x77:0x21 DW_TAG_enumeration_type
	.long	112                     @ DW_AT_type
	.byte	1                       @ DW_AT_byte_size
	.byte	3                       @ DW_AT_decl_file
	.byte	89                      @ DW_AT_decl_line
	.byte	7                       @ Abbrev [7] 0x7f:0x6 DW_TAG_enumerator
	.long	.Linfo_string11         @ DW_AT_name
	.byte	0                       @ DW_AT_const_value
	.byte	7                       @ Abbrev [7] 0x85:0x6 DW_TAG_enumerator
	.long	.Linfo_string12         @ DW_AT_name
	.byte	1                       @ DW_AT_const_value
	.byte	7                       @ Abbrev [7] 0x8b:0x6 DW_TAG_enumerator
	.long	.Linfo_string13         @ DW_AT_name
	.byte	2                       @ DW_AT_const_value
	.byte	7                       @ Abbrev [7] 0x91:0x6 DW_TAG_enumerator
	.long	.Linfo_string14         @ DW_AT_name
	.byte	3                       @ DW_AT_const_value
	.byte	0                       @ End Of Children Mark
	.byte	6                       @ Abbrev [6] 0x98:0x15 DW_TAG_enumeration_type
	.long	112                     @ DW_AT_type
	.byte	1                       @ DW_AT_byte_size
	.byte	3                       @ DW_AT_decl_file
	.byte	78                      @ DW_AT_decl_line
	.byte	7                       @ Abbrev [7] 0xa0:0x6 DW_TAG_enumerator
	.long	.Linfo_string15         @ DW_AT_name
	.byte	0                       @ DW_AT_const_value
	.byte	7                       @ Abbrev [7] 0xa6:0x6 DW_TAG_enumerator
	.long	.Linfo_string16         @ DW_AT_name
	.byte	1                       @ DW_AT_const_value
	.byte	0                       @ End Of Children Mark
	.byte	6                       @ Abbrev [6] 0xad:0x1b DW_TAG_enumeration_type
	.long	112                     @ DW_AT_type
	.byte	1                       @ DW_AT_byte_size
	.byte	3                       @ DW_AT_decl_file
	.byte	109                     @ DW_AT_decl_line
	.byte	7                       @ Abbrev [7] 0xb5:0x6 DW_TAG_enumerator
	.long	.Linfo_string17         @ DW_AT_name
	.byte	0                       @ DW_AT_const_value
	.byte	7                       @ Abbrev [7] 0xbb:0x6 DW_TAG_enumerator
	.long	.Linfo_string18         @ DW_AT_name
	.byte	1                       @ DW_AT_const_value
	.byte	7                       @ Abbrev [7] 0xc1:0x6 DW_TAG_enumerator
	.long	.Linfo_string19         @ DW_AT_name
	.byte	2                       @ DW_AT_const_value
	.byte	0                       @ End Of Children Mark
	.byte	8                       @ Abbrev [8] 0xc8:0x16 DW_TAG_enumeration_type
	.long	112                     @ DW_AT_type
	.byte	1                       @ DW_AT_byte_size
	.byte	4                       @ DW_AT_decl_file
	.short	589                     @ DW_AT_decl_line
	.byte	7                       @ Abbrev [7] 0xd1:0x6 DW_TAG_enumerator
	.long	.Linfo_string20         @ DW_AT_name
	.byte	0                       @ DW_AT_const_value
	.byte	7                       @ Abbrev [7] 0xd7:0x6 DW_TAG_enumerator
	.long	.Linfo_string21         @ DW_AT_name
	.byte	1                       @ DW_AT_const_value
	.byte	0                       @ End Of Children Mark
	.byte	8                       @ Abbrev [8] 0xde:0x16 DW_TAG_enumeration_type
	.long	112                     @ DW_AT_type
	.byte	1                       @ DW_AT_byte_size
	.byte	4                       @ DW_AT_decl_file
	.short	587                     @ DW_AT_decl_line
	.byte	7                       @ Abbrev [7] 0xe7:0x6 DW_TAG_enumerator
	.long	.Linfo_string22         @ DW_AT_name
	.byte	0                       @ DW_AT_const_value
	.byte	7                       @ Abbrev [7] 0xed:0x6 DW_TAG_enumerator
	.long	.Linfo_string23         @ DW_AT_name
	.byte	1                       @ DW_AT_const_value
	.byte	0                       @ End Of Children Mark
	.byte	4                       @ Abbrev [4] 0xf4:0xb DW_TAG_typedef
	.long	255                     @ DW_AT_type
	.long	.Linfo_string25         @ DW_AT_name
	.byte	1                       @ DW_AT_decl_file
	.byte	63                      @ DW_AT_decl_line
	.byte	5                       @ Abbrev [5] 0xff:0x7 DW_TAG_base_type
	.long	.Linfo_string24         @ DW_AT_name
	.byte	7                       @ DW_AT_encoding
	.byte	2                       @ DW_AT_byte_size
	.byte	9                       @ Abbrev [9] 0x106:0x5 DW_TAG_pointer_type
	.long	267                     @ DW_AT_type
	.byte	10                      @ Abbrev [10] 0x10b:0xc DW_TAG_typedef
	.long	279                     @ DW_AT_type
	.long	.Linfo_string37         @ DW_AT_name
	.byte	4                       @ DW_AT_decl_file
	.short	1091                    @ DW_AT_decl_line
	.byte	11                      @ Abbrev [11] 0x117:0x88 DW_TAG_structure_type
	.byte	40                      @ DW_AT_byte_size
	.byte	4                       @ DW_AT_decl_file
	.short	1079                    @ DW_AT_decl_line
	.byte	12                      @ Abbrev [12] 0x11c:0xd DW_TAG_member
	.long	.Linfo_string26         @ DW_AT_name
	.long	56                      @ DW_AT_type
	.byte	4                       @ DW_AT_decl_file
	.short	1081                    @ DW_AT_decl_line
	.byte	0                       @ DW_AT_data_member_location
	.byte	12                      @ Abbrev [12] 0x129:0xd DW_TAG_member
	.long	.Linfo_string27         @ DW_AT_name
	.long	56                      @ DW_AT_type
	.byte	4                       @ DW_AT_decl_file
	.short	1082                    @ DW_AT_decl_line
	.byte	4                       @ DW_AT_data_member_location
	.byte	12                      @ Abbrev [12] 0x136:0xd DW_TAG_member
	.long	.Linfo_string28         @ DW_AT_name
	.long	56                      @ DW_AT_type
	.byte	4                       @ DW_AT_decl_file
	.short	1083                    @ DW_AT_decl_line
	.byte	8                       @ DW_AT_data_member_location
	.byte	12                      @ Abbrev [12] 0x143:0xd DW_TAG_member
	.long	.Linfo_string29         @ DW_AT_name
	.long	56                      @ DW_AT_type
	.byte	4                       @ DW_AT_decl_file
	.short	1084                    @ DW_AT_decl_line
	.byte	12                      @ DW_AT_data_member_location
	.byte	12                      @ Abbrev [12] 0x150:0xd DW_TAG_member
	.long	.Linfo_string30         @ DW_AT_name
	.long	56                      @ DW_AT_type
	.byte	4                       @ DW_AT_decl_file
	.short	1085                    @ DW_AT_decl_line
	.byte	16                      @ DW_AT_data_member_location
	.byte	12                      @ Abbrev [12] 0x15d:0xd DW_TAG_member
	.long	.Linfo_string31         @ DW_AT_name
	.long	56                      @ DW_AT_type
	.byte	4                       @ DW_AT_decl_file
	.short	1086                    @ DW_AT_decl_line
	.byte	20                      @ DW_AT_data_member_location
	.byte	12                      @ Abbrev [12] 0x16a:0xd DW_TAG_member
	.long	.Linfo_string32         @ DW_AT_name
	.long	415                     @ DW_AT_type
	.byte	4                       @ DW_AT_decl_file
	.short	1087                    @ DW_AT_decl_line
	.byte	24                      @ DW_AT_data_member_location
	.byte	12                      @ Abbrev [12] 0x177:0xd DW_TAG_member
	.long	.Linfo_string33         @ DW_AT_name
	.long	415                     @ DW_AT_type
	.byte	4                       @ DW_AT_decl_file
	.short	1088                    @ DW_AT_decl_line
	.byte	26                      @ DW_AT_data_member_location
	.byte	12                      @ Abbrev [12] 0x184:0xd DW_TAG_member
	.long	.Linfo_string34         @ DW_AT_name
	.long	56                      @ DW_AT_type
	.byte	4                       @ DW_AT_decl_file
	.short	1089                    @ DW_AT_decl_line
	.byte	28                      @ DW_AT_data_member_location
	.byte	12                      @ Abbrev [12] 0x191:0xd DW_TAG_member
	.long	.Linfo_string35         @ DW_AT_name
	.long	420                     @ DW_AT_type
	.byte	4                       @ DW_AT_decl_file
	.short	1090                    @ DW_AT_decl_line
	.byte	32                      @ DW_AT_data_member_location
	.byte	0                       @ End Of Children Mark
	.byte	3                       @ Abbrev [3] 0x19f:0x5 DW_TAG_volatile_type
	.long	244                     @ DW_AT_type
	.byte	13                      @ Abbrev [13] 0x1a4:0xc DW_TAG_array_type
	.long	56                      @ DW_AT_type
	.byte	14                      @ Abbrev [14] 0x1a9:0x6 DW_TAG_subrange_type
	.long	432                     @ DW_AT_type
	.byte	2                       @ DW_AT_count
	.byte	0                       @ End Of Children Mark
	.byte	15                      @ Abbrev [15] 0x1b0:0x7 DW_TAG_base_type
	.long	.Linfo_string36         @ DW_AT_name
	.byte	8                       @ DW_AT_byte_size
	.byte	7                       @ DW_AT_encoding
	.byte	4                       @ Abbrev [4] 0x1b7:0xb DW_TAG_typedef
	.long	112                     @ DW_AT_type
	.long	.Linfo_string38         @ DW_AT_name
	.byte	1                       @ DW_AT_decl_file
	.byte	62                      @ DW_AT_decl_line
	.byte	16                      @ Abbrev [16] 0x1c2:0x20 DW_TAG_subprogram
	.long	.Linfo_string39         @ DW_AT_name
	.byte	2                       @ DW_AT_decl_file
	.byte	18                      @ DW_AT_decl_line
	.byte	1                       @ DW_AT_prototyped
	.byte	1                       @ DW_AT_inline
	.byte	17                      @ Abbrev [17] 0x1cb:0xb DW_TAG_variable
	.long	.Linfo_string40         @ DW_AT_name
	.byte	2                       @ DW_AT_decl_file
	.byte	30                      @ DW_AT_decl_line
	.long	56                      @ DW_AT_type
	.byte	17                      @ Abbrev [17] 0x1d6:0xb DW_TAG_variable
	.long	.Linfo_string41         @ DW_AT_name
	.byte	2                       @ DW_AT_decl_file
	.byte	31                      @ DW_AT_decl_line
	.long	482                     @ DW_AT_type
	.byte	0                       @ End Of Children Mark
	.byte	4                       @ Abbrev [4] 0x1e2:0xb DW_TAG_typedef
	.long	493                     @ DW_AT_type
	.long	.Linfo_string51         @ DW_AT_name
	.byte	3                       @ DW_AT_decl_file
	.byte	148                     @ DW_AT_decl_line
	.byte	18                      @ Abbrev [18] 0x1ed:0x41 DW_TAG_structure_type
	.byte	8                       @ DW_AT_byte_size
	.byte	3                       @ DW_AT_decl_file
	.byte	132                     @ DW_AT_decl_line
	.byte	19                      @ Abbrev [19] 0x1f1:0xc DW_TAG_member
	.long	.Linfo_string42         @ DW_AT_name
	.long	61                      @ DW_AT_type
	.byte	3                       @ DW_AT_decl_file
	.byte	134                     @ DW_AT_decl_line
	.byte	0                       @ DW_AT_data_member_location
	.byte	19                      @ Abbrev [19] 0x1fd:0xc DW_TAG_member
	.long	.Linfo_string43         @ DW_AT_name
	.long	558                     @ DW_AT_type
	.byte	3                       @ DW_AT_decl_file
	.byte	137                     @ DW_AT_decl_line
	.byte	4                       @ DW_AT_data_member_location
	.byte	19                      @ Abbrev [19] 0x209:0xc DW_TAG_member
	.long	.Linfo_string45         @ DW_AT_name
	.long	569                     @ DW_AT_type
	.byte	3                       @ DW_AT_decl_file
	.byte	140                     @ DW_AT_decl_line
	.byte	5                       @ DW_AT_data_member_location
	.byte	19                      @ Abbrev [19] 0x215:0xc DW_TAG_member
	.long	.Linfo_string47         @ DW_AT_name
	.long	580                     @ DW_AT_type
	.byte	3                       @ DW_AT_decl_file
	.byte	143                     @ DW_AT_decl_line
	.byte	6                       @ DW_AT_data_member_location
	.byte	19                      @ Abbrev [19] 0x221:0xc DW_TAG_member
	.long	.Linfo_string49         @ DW_AT_name
	.long	591                     @ DW_AT_type
	.byte	3                       @ DW_AT_decl_file
	.byte	146                     @ DW_AT_decl_line
	.byte	7                       @ DW_AT_data_member_location
	.byte	0                       @ End Of Children Mark
	.byte	4                       @ Abbrev [4] 0x22e:0xb DW_TAG_typedef
	.long	79                      @ DW_AT_type
	.long	.Linfo_string44         @ DW_AT_name
	.byte	3                       @ DW_AT_decl_file
	.byte	71                      @ DW_AT_decl_line
	.byte	4                       @ Abbrev [4] 0x239:0xb DW_TAG_typedef
	.long	119                     @ DW_AT_type
	.long	.Linfo_string46         @ DW_AT_name
	.byte	3                       @ DW_AT_decl_file
	.byte	95                      @ DW_AT_decl_line
	.byte	4                       @ Abbrev [4] 0x244:0xb DW_TAG_typedef
	.long	152                     @ DW_AT_type
	.long	.Linfo_string48         @ DW_AT_name
	.byte	3                       @ DW_AT_decl_file
	.byte	82                      @ DW_AT_decl_line
	.byte	4                       @ Abbrev [4] 0x24f:0xb DW_TAG_typedef
	.long	173                     @ DW_AT_type
	.long	.Linfo_string50         @ DW_AT_name
	.byte	3                       @ DW_AT_decl_file
	.byte	114                     @ DW_AT_decl_line
	.byte	16                      @ Abbrev [16] 0x25a:0x15 DW_TAG_subprogram
	.long	.Linfo_string52         @ DW_AT_name
	.byte	2                       @ DW_AT_decl_file
	.byte	92                      @ DW_AT_decl_line
	.byte	1                       @ DW_AT_prototyped
	.byte	1                       @ DW_AT_inline
	.byte	17                      @ Abbrev [17] 0x263:0xb DW_TAG_variable
	.long	.Linfo_string53         @ DW_AT_name
	.byte	2                       @ DW_AT_decl_file
	.byte	94                      @ DW_AT_decl_line
	.long	623                     @ DW_AT_type
	.byte	0                       @ End Of Children Mark
	.byte	4                       @ Abbrev [4] 0x26f:0xb DW_TAG_typedef
	.long	634                     @ DW_AT_type
	.long	.Linfo_string101        @ DW_AT_name
	.byte	5                       @ DW_AT_decl_file
	.byte	207                     @ DW_AT_decl_line
	.byte	18                      @ Abbrev [18] 0x27a:0x239 DW_TAG_structure_type
	.byte	188                     @ DW_AT_byte_size
	.byte	5                       @ DW_AT_decl_file
	.byte	47                      @ DW_AT_decl_line
	.byte	19                      @ Abbrev [19] 0x27e:0xc DW_TAG_member
	.long	.Linfo_string54         @ DW_AT_name
	.long	61                      @ DW_AT_type
	.byte	5                       @ DW_AT_decl_file
	.byte	51                      @ DW_AT_decl_line
	.byte	0                       @ DW_AT_data_member_location
	.byte	19                      @ Abbrev [19] 0x28a:0xc DW_TAG_member
	.long	.Linfo_string55         @ DW_AT_name
	.long	61                      @ DW_AT_type
	.byte	5                       @ DW_AT_decl_file
	.byte	56                      @ DW_AT_decl_line
	.byte	4                       @ DW_AT_data_member_location
	.byte	19                      @ Abbrev [19] 0x296:0xc DW_TAG_member
	.long	.Linfo_string56         @ DW_AT_name
	.long	61                      @ DW_AT_type
	.byte	5                       @ DW_AT_decl_file
	.byte	61                      @ DW_AT_decl_line
	.byte	8                       @ DW_AT_data_member_location
	.byte	19                      @ Abbrev [19] 0x2a2:0xc DW_TAG_member
	.long	.Linfo_string57         @ DW_AT_name
	.long	61                      @ DW_AT_type
	.byte	5                       @ DW_AT_decl_file
	.byte	66                      @ DW_AT_decl_line
	.byte	12                      @ DW_AT_data_member_location
	.byte	19                      @ Abbrev [19] 0x2ae:0xc DW_TAG_member
	.long	.Linfo_string58         @ DW_AT_name
	.long	61                      @ DW_AT_type
	.byte	5                       @ DW_AT_decl_file
	.byte	69                      @ DW_AT_decl_line
	.byte	16                      @ DW_AT_data_member_location
	.byte	19                      @ Abbrev [19] 0x2ba:0xc DW_TAG_member
	.long	.Linfo_string59         @ DW_AT_name
	.long	61                      @ DW_AT_type
	.byte	5                       @ DW_AT_decl_file
	.byte	72                      @ DW_AT_decl_line
	.byte	20                      @ DW_AT_data_member_location
	.byte	19                      @ Abbrev [19] 0x2c6:0xc DW_TAG_member
	.long	.Linfo_string60         @ DW_AT_name
	.long	61                      @ DW_AT_type
	.byte	5                       @ DW_AT_decl_file
	.byte	75                      @ DW_AT_decl_line
	.byte	24                      @ DW_AT_data_member_location
	.byte	19                      @ Abbrev [19] 0x2d2:0xc DW_TAG_member
	.long	.Linfo_string61         @ DW_AT_name
	.long	61                      @ DW_AT_type
	.byte	5                       @ DW_AT_decl_file
	.byte	80                      @ DW_AT_decl_line
	.byte	28                      @ DW_AT_data_member_location
	.byte	19                      @ Abbrev [19] 0x2de:0xc DW_TAG_member
	.long	.Linfo_string62         @ DW_AT_name
	.long	61                      @ DW_AT_type
	.byte	5                       @ DW_AT_decl_file
	.byte	83                      @ DW_AT_decl_line
	.byte	32                      @ DW_AT_data_member_location
	.byte	19                      @ Abbrev [19] 0x2ea:0xc DW_TAG_member
	.long	.Linfo_string63         @ DW_AT_name
	.long	61                      @ DW_AT_type
	.byte	5                       @ DW_AT_decl_file
	.byte	86                      @ DW_AT_decl_line
	.byte	36                      @ DW_AT_data_member_location
	.byte	19                      @ Abbrev [19] 0x2f6:0xc DW_TAG_member
	.long	.Linfo_string64         @ DW_AT_name
	.long	61                      @ DW_AT_type
	.byte	5                       @ DW_AT_decl_file
	.byte	89                      @ DW_AT_decl_line
	.byte	40                      @ DW_AT_data_member_location
	.byte	19                      @ Abbrev [19] 0x302:0xc DW_TAG_member
	.long	.Linfo_string65         @ DW_AT_name
	.long	61                      @ DW_AT_type
	.byte	5                       @ DW_AT_decl_file
	.byte	93                      @ DW_AT_decl_line
	.byte	44                      @ DW_AT_data_member_location
	.byte	19                      @ Abbrev [19] 0x30e:0xc DW_TAG_member
	.long	.Linfo_string66         @ DW_AT_name
	.long	61                      @ DW_AT_type
	.byte	5                       @ DW_AT_decl_file
	.byte	96                      @ DW_AT_decl_line
	.byte	48                      @ DW_AT_data_member_location
	.byte	19                      @ Abbrev [19] 0x31a:0xc DW_TAG_member
	.long	.Linfo_string67         @ DW_AT_name
	.long	61                      @ DW_AT_type
	.byte	5                       @ DW_AT_decl_file
	.byte	99                      @ DW_AT_decl_line
	.byte	52                      @ DW_AT_data_member_location
	.byte	19                      @ Abbrev [19] 0x326:0xc DW_TAG_member
	.long	.Linfo_string68         @ DW_AT_name
	.long	61                      @ DW_AT_type
	.byte	5                       @ DW_AT_decl_file
	.byte	102                     @ DW_AT_decl_line
	.byte	56                      @ DW_AT_data_member_location
	.byte	19                      @ Abbrev [19] 0x332:0xc DW_TAG_member
	.long	.Linfo_string69         @ DW_AT_name
	.long	61                      @ DW_AT_type
	.byte	5                       @ DW_AT_decl_file
	.byte	105                     @ DW_AT_decl_line
	.byte	60                      @ DW_AT_data_member_location
	.byte	19                      @ Abbrev [19] 0x33e:0xc DW_TAG_member
	.long	.Linfo_string70         @ DW_AT_name
	.long	61                      @ DW_AT_type
	.byte	5                       @ DW_AT_decl_file
	.byte	108                     @ DW_AT_decl_line
	.byte	64                      @ DW_AT_data_member_location
	.byte	19                      @ Abbrev [19] 0x34a:0xc DW_TAG_member
	.long	.Linfo_string71         @ DW_AT_name
	.long	61                      @ DW_AT_type
	.byte	5                       @ DW_AT_decl_file
	.byte	111                     @ DW_AT_decl_line
	.byte	68                      @ DW_AT_data_member_location
	.byte	19                      @ Abbrev [19] 0x356:0xc DW_TAG_member
	.long	.Linfo_string72         @ DW_AT_name
	.long	61                      @ DW_AT_type
	.byte	5                       @ DW_AT_decl_file
	.byte	114                     @ DW_AT_decl_line
	.byte	72                      @ DW_AT_data_member_location
	.byte	19                      @ Abbrev [19] 0x362:0xc DW_TAG_member
	.long	.Linfo_string73         @ DW_AT_name
	.long	61                      @ DW_AT_type
	.byte	5                       @ DW_AT_decl_file
	.byte	117                     @ DW_AT_decl_line
	.byte	76                      @ DW_AT_data_member_location
	.byte	19                      @ Abbrev [19] 0x36e:0xc DW_TAG_member
	.long	.Linfo_string74         @ DW_AT_name
	.long	61                      @ DW_AT_type
	.byte	5                       @ DW_AT_decl_file
	.byte	120                     @ DW_AT_decl_line
	.byte	80                      @ DW_AT_data_member_location
	.byte	19                      @ Abbrev [19] 0x37a:0xc DW_TAG_member
	.long	.Linfo_string75         @ DW_AT_name
	.long	61                      @ DW_AT_type
	.byte	5                       @ DW_AT_decl_file
	.byte	123                     @ DW_AT_decl_line
	.byte	84                      @ DW_AT_data_member_location
	.byte	19                      @ Abbrev [19] 0x386:0xc DW_TAG_member
	.long	.Linfo_string76         @ DW_AT_name
	.long	61                      @ DW_AT_type
	.byte	5                       @ DW_AT_decl_file
	.byte	126                     @ DW_AT_decl_line
	.byte	88                      @ DW_AT_data_member_location
	.byte	19                      @ Abbrev [19] 0x392:0xc DW_TAG_member
	.long	.Linfo_string77         @ DW_AT_name
	.long	61                      @ DW_AT_type
	.byte	5                       @ DW_AT_decl_file
	.byte	128                     @ DW_AT_decl_line
	.byte	92                      @ DW_AT_data_member_location
	.byte	19                      @ Abbrev [19] 0x39e:0xc DW_TAG_member
	.long	.Linfo_string78         @ DW_AT_name
	.long	61                      @ DW_AT_type
	.byte	5                       @ DW_AT_decl_file
	.byte	130                     @ DW_AT_decl_line
	.byte	96                      @ DW_AT_data_member_location
	.byte	19                      @ Abbrev [19] 0x3aa:0xc DW_TAG_member
	.long	.Linfo_string79         @ DW_AT_name
	.long	61                      @ DW_AT_type
	.byte	5                       @ DW_AT_decl_file
	.byte	133                     @ DW_AT_decl_line
	.byte	100                     @ DW_AT_data_member_location
	.byte	19                      @ Abbrev [19] 0x3b6:0xc DW_TAG_member
	.long	.Linfo_string80         @ DW_AT_name
	.long	61                      @ DW_AT_type
	.byte	5                       @ DW_AT_decl_file
	.byte	136                     @ DW_AT_decl_line
	.byte	104                     @ DW_AT_data_member_location
	.byte	19                      @ Abbrev [19] 0x3c2:0xc DW_TAG_member
	.long	.Linfo_string81         @ DW_AT_name
	.long	61                      @ DW_AT_type
	.byte	5                       @ DW_AT_decl_file
	.byte	140                     @ DW_AT_decl_line
	.byte	108                     @ DW_AT_data_member_location
	.byte	19                      @ Abbrev [19] 0x3ce:0xc DW_TAG_member
	.long	.Linfo_string82         @ DW_AT_name
	.long	61                      @ DW_AT_type
	.byte	5                       @ DW_AT_decl_file
	.byte	144                     @ DW_AT_decl_line
	.byte	112                     @ DW_AT_data_member_location
	.byte	19                      @ Abbrev [19] 0x3da:0xc DW_TAG_member
	.long	.Linfo_string83         @ DW_AT_name
	.long	61                      @ DW_AT_type
	.byte	5                       @ DW_AT_decl_file
	.byte	148                     @ DW_AT_decl_line
	.byte	116                     @ DW_AT_data_member_location
	.byte	19                      @ Abbrev [19] 0x3e6:0xc DW_TAG_member
	.long	.Linfo_string84         @ DW_AT_name
	.long	61                      @ DW_AT_type
	.byte	5                       @ DW_AT_decl_file
	.byte	152                     @ DW_AT_decl_line
	.byte	120                     @ DW_AT_data_member_location
	.byte	19                      @ Abbrev [19] 0x3f2:0xc DW_TAG_member
	.long	.Linfo_string85         @ DW_AT_name
	.long	61                      @ DW_AT_type
	.byte	5                       @ DW_AT_decl_file
	.byte	156                     @ DW_AT_decl_line
	.byte	124                     @ DW_AT_data_member_location
	.byte	19                      @ Abbrev [19] 0x3fe:0xc DW_TAG_member
	.long	.Linfo_string86         @ DW_AT_name
	.long	61                      @ DW_AT_type
	.byte	5                       @ DW_AT_decl_file
	.byte	162                     @ DW_AT_decl_line
	.byte	128                     @ DW_AT_data_member_location
	.byte	19                      @ Abbrev [19] 0x40a:0xc DW_TAG_member
	.long	.Linfo_string87         @ DW_AT_name
	.long	61                      @ DW_AT_type
	.byte	5                       @ DW_AT_decl_file
	.byte	165                     @ DW_AT_decl_line
	.byte	132                     @ DW_AT_data_member_location
	.byte	19                      @ Abbrev [19] 0x416:0xc DW_TAG_member
	.long	.Linfo_string88         @ DW_AT_name
	.long	61                      @ DW_AT_type
	.byte	5                       @ DW_AT_decl_file
	.byte	168                     @ DW_AT_decl_line
	.byte	136                     @ DW_AT_data_member_location
	.byte	19                      @ Abbrev [19] 0x422:0xc DW_TAG_member
	.long	.Linfo_string89         @ DW_AT_name
	.long	61                      @ DW_AT_type
	.byte	5                       @ DW_AT_decl_file
	.byte	171                     @ DW_AT_decl_line
	.byte	140                     @ DW_AT_data_member_location
	.byte	19                      @ Abbrev [19] 0x42e:0xc DW_TAG_member
	.long	.Linfo_string90         @ DW_AT_name
	.long	61                      @ DW_AT_type
	.byte	5                       @ DW_AT_decl_file
	.byte	174                     @ DW_AT_decl_line
	.byte	144                     @ DW_AT_data_member_location
	.byte	19                      @ Abbrev [19] 0x43a:0xc DW_TAG_member
	.long	.Linfo_string91         @ DW_AT_name
	.long	61                      @ DW_AT_type
	.byte	5                       @ DW_AT_decl_file
	.byte	177                     @ DW_AT_decl_line
	.byte	148                     @ DW_AT_data_member_location
	.byte	19                      @ Abbrev [19] 0x446:0xc DW_TAG_member
	.long	.Linfo_string92         @ DW_AT_name
	.long	61                      @ DW_AT_type
	.byte	5                       @ DW_AT_decl_file
	.byte	180                     @ DW_AT_decl_line
	.byte	152                     @ DW_AT_data_member_location
	.byte	19                      @ Abbrev [19] 0x452:0xc DW_TAG_member
	.long	.Linfo_string93         @ DW_AT_name
	.long	61                      @ DW_AT_type
	.byte	5                       @ DW_AT_decl_file
	.byte	184                     @ DW_AT_decl_line
	.byte	156                     @ DW_AT_data_member_location
	.byte	19                      @ Abbrev [19] 0x45e:0xc DW_TAG_member
	.long	.Linfo_string94         @ DW_AT_name
	.long	61                      @ DW_AT_type
	.byte	5                       @ DW_AT_decl_file
	.byte	187                     @ DW_AT_decl_line
	.byte	160                     @ DW_AT_data_member_location
	.byte	19                      @ Abbrev [19] 0x46a:0xc DW_TAG_member
	.long	.Linfo_string95         @ DW_AT_name
	.long	61                      @ DW_AT_type
	.byte	5                       @ DW_AT_decl_file
	.byte	191                     @ DW_AT_decl_line
	.byte	164                     @ DW_AT_data_member_location
	.byte	19                      @ Abbrev [19] 0x476:0xc DW_TAG_member
	.long	.Linfo_string96         @ DW_AT_name
	.long	61                      @ DW_AT_type
	.byte	5                       @ DW_AT_decl_file
	.byte	194                     @ DW_AT_decl_line
	.byte	168                     @ DW_AT_data_member_location
	.byte	19                      @ Abbrev [19] 0x482:0xc DW_TAG_member
	.long	.Linfo_string97         @ DW_AT_name
	.long	61                      @ DW_AT_type
	.byte	5                       @ DW_AT_decl_file
	.byte	197                     @ DW_AT_decl_line
	.byte	172                     @ DW_AT_data_member_location
	.byte	19                      @ Abbrev [19] 0x48e:0xc DW_TAG_member
	.long	.Linfo_string98         @ DW_AT_name
	.long	61                      @ DW_AT_type
	.byte	5                       @ DW_AT_decl_file
	.byte	200                     @ DW_AT_decl_line
	.byte	176                     @ DW_AT_data_member_location
	.byte	19                      @ Abbrev [19] 0x49a:0xc DW_TAG_member
	.long	.Linfo_string99         @ DW_AT_name
	.long	61                      @ DW_AT_type
	.byte	5                       @ DW_AT_decl_file
	.byte	203                     @ DW_AT_decl_line
	.byte	180                     @ DW_AT_data_member_location
	.byte	19                      @ Abbrev [19] 0x4a6:0xc DW_TAG_member
	.long	.Linfo_string100        @ DW_AT_name
	.long	61                      @ DW_AT_type
	.byte	5                       @ DW_AT_decl_file
	.byte	205                     @ DW_AT_decl_line
	.byte	184                     @ DW_AT_data_member_location
	.byte	0                       @ End Of Children Mark
	.byte	20                      @ Abbrev [20] 0x4b3:0x4e DW_TAG_subprogram
	.long	.Lfunc_begin0           @ DW_AT_low_pc
	.long	.Lfunc_end0             @ DW_AT_high_pc
	.byte	1                       @ DW_AT_frame_base
	.byte	93
	.long	.Linfo_string102        @ DW_AT_name
	.byte	2                       @ DW_AT_decl_file
	.byte	149                     @ DW_AT_decl_line
	.byte	1                       @ DW_AT_prototyped
	.byte	1                       @ DW_AT_external
	.byte	21                      @ Abbrev [21] 0x4c6:0x21 DW_TAG_inlined_subroutine
	.long	450                     @ DW_AT_abstract_origin
	.long	.Ltmp0                  @ DW_AT_low_pc
	.long	.Ltmp11                 @ DW_AT_high_pc
	.byte	2                       @ DW_AT_call_file
	.byte	152                     @ DW_AT_call_line
	.byte	22                      @ Abbrev [22] 0x4d5:0x8 DW_TAG_variable
	.byte	2                       @ DW_AT_location
	.byte	145
	.byte	0
	.long	459                     @ DW_AT_abstract_origin
	.byte	23                      @ Abbrev [23] 0x4dd:0x9 DW_TAG_variable
	.long	.Ldebug_loc0            @ DW_AT_location
	.long	470                     @ DW_AT_abstract_origin
	.byte	0                       @ End Of Children Mark
	.byte	21                      @ Abbrev [21] 0x4e7:0x19 DW_TAG_inlined_subroutine
	.long	602                     @ DW_AT_abstract_origin
	.long	.Ltmp11                 @ DW_AT_low_pc
	.long	.Ltmp13                 @ DW_AT_high_pc
	.byte	2                       @ DW_AT_call_file
	.byte	154                     @ DW_AT_call_line
	.byte	23                      @ Abbrev [23] 0x4f6:0x9 DW_TAG_variable
	.long	.Ldebug_loc1            @ DW_AT_location
	.long	611                     @ DW_AT_abstract_origin
	.byte	0                       @ End Of Children Mark
	.byte	0                       @ End Of Children Mark
	.byte	0                       @ End Of Children Mark
.Ldebug_info_end0:
	.section	.debug_macinfo,"",%progbits
	.byte	0                       @ End Of Macro List Mark

	.ident	"Component: ARM Compiler 6.12 Tool: armclang [5d624a00]"
	.section	".note.GNU-stack","",%progbits
	.eabi_attribute	30, 3	@ Tag_ABI_optimization_goals
	.ARM_attribute	16, 1	@ Tag_AV_eba
	.section	.debug_line,"",%progbits
.Lline_table_start0:
