	.text
	.syntax unified
	.eabi_attribute	67, "2.09"	@ Tag_conformance
	.cpu	cortex-m4
	.eabi_attribute	6, 13	@ Tag_CPU_arch
	.eabi_attribute	7, 77	@ Tag_CPU_arch_profile
	.eabi_attribute	8, 0	@ Tag_ARM_ISA_use
	.eabi_attribute	9, 2	@ Tag_THUMB_ISA_use
	.fpu	fpv4-sp-d16
	.eabi_attribute	27, 1	@ Tag_ABI_HardFP_use
	.eabi_attribute	36, 1	@ Tag_FP_HP_extension
	.eabi_attribute	34, 1	@ Tag_CPU_unaligned_access
	.eabi_attribute	17, 1	@ Tag_ABI_PCS_GOT_use
	.eabi_attribute	20, 2	@ Tag_ABI_FP_denormal
	.eabi_attribute	21, 0	@ Tag_ABI_FP_exceptions
	.eabi_attribute	23, 1	@ Tag_ABI_FP_number_model
	.eabi_attribute	24, 1	@ Tag_ABI_align_needed
	.eabi_attribute	25, 1	@ Tag_ABI_align_preserved
	.eabi_attribute	28, 1	@ Tag_ABI_VFP_args
	.eabi_attribute	38, 1	@ Tag_ABI_FP_16bit_format
	.eabi_attribute	18, 2	@ Tag_ABI_PCS_wchar_t
	.eabi_attribute	26, 1	@ Tag_ABI_enum_size
	.eabi_attribute	14, 0	@ Tag_ABI_PCS_R9_use
	.file	"icmp.c"
	.file	1 "F:\\SkyDrive\\OtvoreniProjekti\\HotelSaplast\\fw\\KontrolerHotela\\HC070318\\Project" "../Libraries/lwip-1.4.1/src/include\\lwip/pbuf.h"
	.file	2 "F:\\SkyDrive\\OtvoreniProjekti\\HotelSaplast\\fw\\KontrolerHotela\\HC070318\\Project" "../Libraries/lwip-1.4.1/src/include/ipv4\\lwip/icmp.h"
	.file	3 "F:\\SkyDrive\\OtvoreniProjekti\\HotelSaplast\\fw\\KontrolerHotela\\HC070318\\Project" "../Libraries/lwip-1.4.1/port/arch\\cc.h"
	.file	4 "F:\\SkyDrive\\OtvoreniProjekti\\HotelSaplast\\fw\\KontrolerHotela\\HC070318\\Project" "../Libraries/lwip-1.4.1/src/include/ipv4\\lwip/ip.h"
	.file	5 "F:\\SkyDrive\\OtvoreniProjekti\\HotelSaplast\\fw\\KontrolerHotela\\HC070318\\Project" "../Libraries/lwip-1.4.1/src/include/ipv4\\lwip/ip_addr.h"
	.section	.text.icmp_input,"ax",%progbits
	.hidden	icmp_input              @ -- Begin function icmp_input
	.globl	icmp_input
	.p2align	1
	.type	icmp_input,%function
	.code	16                      @ @icmp_input
	.thumb_func
icmp_input:
.Lfunc_begin0:
	.file	6 "F:\\SkyDrive\\OtvoreniProjekti\\HotelSaplast\\fw\\KontrolerHotela\\HC070318\\Project" "../Libraries/lwip-1.4.1/src/core/ipv4/icmp.c"
	.loc	6 78 0                  @ ../Libraries/lwip-1.4.1/src/core/ipv4/icmp.c:78:0
	.fnstart
	.cfi_sections .debug_frame
	.cfi_startproc
@ %bb.0:
	.save	{r4, r5, r6, r7, r8, r9, r10, lr}
	push.w	{r4, r5, r6, r7, r8, r9, r10, lr}
	.cfi_def_cfa_offset 32
	.cfi_offset lr, -4
	.cfi_offset r10, -8
	.cfi_offset r9, -12
	.cfi_offset r8, -16
	.cfi_offset r7, -20
	.cfi_offset r6, -24
	.cfi_offset r5, -28
	.cfi_offset r4, -32
	.pad	#16
	sub	sp, #16
	.cfi_def_cfa_offset 48
	@DEBUG_VALUE: icmp_input:p <- $r0
	@DEBUG_VALUE: icmp_input:inp <- $r1
.Ltmp0:
	.loc	6 91 31 prologue_end    @ ../Libraries/lwip-1.4.1/src/core/ipv4/icmp.c:91:31
	ldr	r7, [r0, #4]
.Ltmp1:
	@DEBUG_VALUE: icmp_input:iphdr <- $r7
	.loc	6 0 31 is_stmt 0        @ ../Libraries/lwip-1.4.1/src/core/ipv4/icmp.c:0:31
	mov	r6, r0
.Ltmp2:
	@DEBUG_VALUE: icmp_input:inp <- $r8
	@DEBUG_VALUE: icmp_input:p <- $r6
	mov	r8, r1
.Ltmp3:
	movs	r1, #60
	.loc	6 92 10 is_stmt 1       @ ../Libraries/lwip-1.4.1/src/core/ipv4/icmp.c:92:10
	ldrb	r0, [r7]
	.loc	6 92 24 is_stmt 0       @ ../Libraries/lwip-1.4.1/src/core/ipv4/icmp.c:92:24
	and.w	r5, r1, r0, lsl #2
.Ltmp4:
	@DEBUG_VALUE: icmp_input:hlen <- $r5
	.loc	6 93 7 is_stmt 1        @ ../Libraries/lwip-1.4.1/src/core/ipv4/icmp.c:93:7
	mov	r0, r6
	.loc	6 93 22 is_stmt 0       @ ../Libraries/lwip-1.4.1/src/core/ipv4/icmp.c:93:22
	rsbs	r4, r5, #0
	.loc	6 93 7                  @ ../Libraries/lwip-1.4.1/src/core/ipv4/icmp.c:93:7
	mov	r1, r4
	bl	pbuf_header
	.loc	6 93 29                 @ ../Libraries/lwip-1.4.1/src/core/ipv4/icmp.c:93:29
	cbnz	r0, .LBB0_2
.Ltmp5:
@ %bb.1:
	@DEBUG_VALUE: icmp_input:hlen <- $r5
	@DEBUG_VALUE: icmp_input:p <- $r6
	@DEBUG_VALUE: icmp_input:iphdr <- $r7
	.loc	6 93 36                 @ ../Libraries/lwip-1.4.1/src/core/ipv4/icmp.c:93:36
	ldrh	r0, [r6, #8]
.Ltmp6:
	.loc	6 93 7                  @ ../Libraries/lwip-1.4.1/src/core/ipv4/icmp.c:93:7
	cmp	r0, #4
	bhs	.LBB0_4
.Ltmp7:
.LBB0_2:
	@DEBUG_VALUE: icmp_input:hlen <- $r5
	@DEBUG_VALUE: icmp_input:iphdr <- $r7
	.loc	6 0 0                   @ ../Libraries/lwip-1.4.1/src/core/ipv4/icmp.c:0:0
	mov	r0, r6
.Ltmp8:
.LBB0_3:
	@DEBUG_VALUE: icmp_input:hlen <- $r5
	@DEBUG_VALUE: icmp_input:iphdr <- $r7
	add	sp, #16
	pop.w	{r4, r5, r6, r7, r8, r9, r10, lr}
.Ltmp9:
	b	pbuf_free
.LBB0_4:
.Ltmp10:
	@DEBUG_VALUE: icmp_input:hlen <- $r5
	@DEBUG_VALUE: icmp_input:p <- $r6
	@DEBUG_VALUE: icmp_input:iphdr <- $r7
	.loc	6 98 23 is_stmt 1       @ ../Libraries/lwip-1.4.1/src/core/ipv4/icmp.c:98:23
	ldr	r0, [r6, #4]
	.loc	6 98 10 is_stmt 0       @ ../Libraries/lwip-1.4.1/src/core/ipv4/icmp.c:98:10
	ldrb	r0, [r0]
.Ltmp11:
	@DEBUG_VALUE: icmp_input:type <- $r0
	.loc	6 102 3 is_stmt 1       @ ../Libraries/lwip-1.4.1/src/core/ipv4/icmp.c:102:3
	cmp	r0, #8
	bne	.LBB0_15
.Ltmp12:
@ %bb.5:
	@DEBUG_VALUE: icmp_input:type <- $r0
	@DEBUG_VALUE: icmp_input:hlen <- $r5
	@DEBUG_VALUE: icmp_input:p <- $r6
	@DEBUG_VALUE: icmp_input:iphdr <- $r7
	@DEBUG_VALUE: accepted <- 1
	.loc	6 113 11                @ ../Libraries/lwip-1.4.1/src/core/ipv4/icmp.c:113:11
	movw	r10, :lower16:current_iphdr_dest
.Ltmp13:
	.loc	6 119 11                @ ../Libraries/lwip-1.4.1/src/core/ipv4/icmp.c:119:11
	mov	r1, r8
.Ltmp14:
	.loc	6 113 11                @ ../Libraries/lwip-1.4.1/src/core/ipv4/icmp.c:113:11
	movt	r10, :upper16:current_iphdr_dest
	ldr.w	r9, [r10]
.Ltmp15:
	.loc	6 119 11                @ ../Libraries/lwip-1.4.1/src/core/ipv4/icmp.c:119:11
	mov	r0, r9
.Ltmp16:
	bl	ip4_addr_isbroadcast
.Ltmp17:
	.loc	6 119 11 is_stmt 0      @ ../Libraries/lwip-1.4.1/src/core/ipv4/icmp.c:119:11
	cmp	r0, #0
	bne	.LBB0_2
.Ltmp18:
@ %bb.6:
	@DEBUG_VALUE: icmp_input:hlen <- $r5
	@DEBUG_VALUE: icmp_input:p <- $r6
	@DEBUG_VALUE: icmp_input:iphdr <- $r7
	.loc	6 0 0                   @ ../Libraries/lwip-1.4.1/src/core/ipv4/icmp.c:0:0
	and	r0, r9, #240
	.loc	6 119 11                @ ../Libraries/lwip-1.4.1/src/core/ipv4/icmp.c:119:11
	cmp	r0, #224
	beq	.LBB0_2
.Ltmp19:
@ %bb.7:
	@DEBUG_VALUE: icmp_input:hlen <- $r5
	@DEBUG_VALUE: icmp_input:p <- $r6
	@DEBUG_VALUE: icmp_input:iphdr <- $r7
	.loc	6 133 12 is_stmt 1      @ ../Libraries/lwip-1.4.1/src/core/ipv4/icmp.c:133:12
	ldrh	r0, [r6, #8]
.Ltmp20:
	.loc	6 133 9 is_stmt 0       @ ../Libraries/lwip-1.4.1/src/core/ipv4/icmp.c:133:9
	cmp	r0, #8
	blo	.LBB0_2
.Ltmp21:
@ %bb.8:
	@DEBUG_VALUE: icmp_input:hlen <- $r5
	@DEBUG_VALUE: icmp_input:p <- $r6
	@DEBUG_VALUE: icmp_input:iphdr <- $r7
	.loc	6 137 9 is_stmt 1       @ ../Libraries/lwip-1.4.1/src/core/ipv4/icmp.c:137:9
	mov	r0, r6
	bl	inet_chksum_pbuf
.Ltmp22:
	.loc	6 137 9 is_stmt 0       @ ../Libraries/lwip-1.4.1/src/core/ipv4/icmp.c:137:9
	cmp	r0, #0
	bne	.LBB0_2
.Ltmp23:
@ %bb.9:
	@DEBUG_VALUE: icmp_input:hlen <- $r5
	@DEBUG_VALUE: icmp_input:p <- $r6
	@DEBUG_VALUE: icmp_input:iphdr <- $r7
	.loc	6 145 9 is_stmt 1       @ ../Libraries/lwip-1.4.1/src/core/ipv4/icmp.c:145:9
	mov	r0, r6
	movs	r1, #34
	bl	pbuf_header
.Ltmp24:
	.loc	6 145 9 is_stmt 0       @ ../Libraries/lwip-1.4.1/src/core/ipv4/icmp.c:145:9
	cbz	r0, .LBB0_17
.Ltmp25:
@ %bb.10:
	@DEBUG_VALUE: icmp_input:hlen <- $r5
	@DEBUG_VALUE: icmp_input:p <- $r6
	@DEBUG_VALUE: icmp_input:iphdr <- $r7
	.loc	6 151 11 is_stmt 1      @ ../Libraries/lwip-1.4.1/src/core/ipv4/icmp.c:151:11
	mov	r0, r6
	mov	r1, r5
	bl	pbuf_header
.Ltmp26:
	.loc	6 151 11 is_stmt 0      @ ../Libraries/lwip-1.4.1/src/core/ipv4/icmp.c:151:11
	cmp	r0, #0
	bne	.LBB0_2
.Ltmp27:
@ %bb.11:
	@DEBUG_VALUE: icmp_input:hlen <- $r5
	@DEBUG_VALUE: icmp_input:p <- $r6
	@DEBUG_VALUE: icmp_input:iphdr <- $r7
	.loc	6 156 36 is_stmt 1      @ ../Libraries/lwip-1.4.1/src/core/ipv4/icmp.c:156:36
	ldrh	r1, [r6, #8]
	.loc	6 156 11 is_stmt 0      @ ../Libraries/lwip-1.4.1/src/core/ipv4/icmp.c:156:11
	movs	r0, #2
	movs	r2, #0
	bl	pbuf_alloc
	.loc	6 157 11 is_stmt 1      @ ../Libraries/lwip-1.4.1/src/core/ipv4/icmp.c:157:11
	cmp	r0, #0
	beq	.LBB0_2
.Ltmp28:
@ %bb.12:
	@DEBUG_VALUE: icmp_input:hlen <- $r5
	@DEBUG_VALUE: icmp_input:p <- $r6
	@DEBUG_VALUE: icmp_input:iphdr <- $r7
	.loc	6 164 11                @ ../Libraries/lwip-1.4.1/src/core/ipv4/icmp.c:164:11
	mov	r1, r6
.Ltmp29:
	.loc	6 0 0 is_stmt 0         @ ../Libraries/lwip-1.4.1/src/core/ipv4/icmp.c:0:0
	mov	r9, r0
.Ltmp30:
	@DEBUG_VALUE: icmp_input:p <- $r9
	@DEBUG_VALUE: r <- $r9
	.loc	6 164 11                @ ../Libraries/lwip-1.4.1/src/core/ipv4/icmp.c:164:11
	bl	pbuf_copy
.Ltmp31:
	.loc	6 164 11                @ ../Libraries/lwip-1.4.1/src/core/ipv4/icmp.c:164:11
	cmp	r0, #0
	bne	.LBB0_2
.Ltmp32:
@ %bb.13:
	@DEBUG_VALUE: r <- $r9
	@DEBUG_VALUE: icmp_input:p <- $r9
	@DEBUG_VALUE: icmp_input:hlen <- $r5
	@DEBUG_VALUE: icmp_input:iphdr <- $r7
	.loc	6 168 35 is_stmt 1      @ ../Libraries/lwip-1.4.1/src/core/ipv4/icmp.c:168:35
	ldr.w	r7, [r9, #4]
.Ltmp33:
	@DEBUG_VALUE: icmp_input:iphdr <- $r7
	.loc	6 170 11                @ ../Libraries/lwip-1.4.1/src/core/ipv4/icmp.c:170:11
	mov	r0, r9
	mov	r1, r4
	bl	pbuf_header
.Ltmp34:
	.loc	6 170 11 is_stmt 0      @ ../Libraries/lwip-1.4.1/src/core/ipv4/icmp.c:170:11
	cmp	r0, #0
	bne	.LBB0_2
.Ltmp35:
@ %bb.14:
	@DEBUG_VALUE: r <- $r9
	@DEBUG_VALUE: icmp_input:p <- $r9
	@DEBUG_VALUE: icmp_input:hlen <- $r5
	@DEBUG_VALUE: icmp_input:iphdr <- $r7
	.loc	6 175 7 is_stmt 1       @ ../Libraries/lwip-1.4.1/src/core/ipv4/icmp.c:175:7
	mov	r0, r6
	bl	pbuf_free
	b	.LBB0_19
.Ltmp36:
.LBB0_15:
	@DEBUG_VALUE: icmp_input:type <- $r0
	@DEBUG_VALUE: icmp_input:hlen <- $r5
	@DEBUG_VALUE: icmp_input:p <- $r6
	@DEBUG_VALUE: icmp_input:iphdr <- $r7
	.loc	6 0 7 is_stmt 0         @ ../Libraries/lwip-1.4.1/src/core/ipv4/icmp.c:0:7
	mov	r9, r6
.Ltmp37:
	@DEBUG_VALUE: icmp_input:p <- $r9
.LBB0_16:
	@DEBUG_VALUE: icmp_input:p <- $r9
	@DEBUG_VALUE: icmp_input:hlen <- $r5
	@DEBUG_VALUE: icmp_input:iphdr <- $r7
	@DEBUG_VALUE: icmp_input:p <- $r9
	.loc	6 235 3 is_stmt 1       @ ../Libraries/lwip-1.4.1/src/core/ipv4/icmp.c:235:3
	mov	r0, r9
	b	.LBB0_3
.Ltmp38:
.LBB0_17:
	@DEBUG_VALUE: icmp_input:hlen <- $r5
	@DEBUG_VALUE: icmp_input:p <- $r6
	@DEBUG_VALUE: icmp_input:iphdr <- $r7
	.loc	6 180 11                @ ../Libraries/lwip-1.4.1/src/core/ipv4/icmp.c:180:11
	mov	r0, r6
	mvn	r1, #33
	bl	pbuf_header
.Ltmp39:
	.loc	6 180 11 is_stmt 0      @ ../Libraries/lwip-1.4.1/src/core/ipv4/icmp.c:180:11
	cmp	r0, #0
	bne	.LBB0_2
.Ltmp40:
@ %bb.18:
	@DEBUG_VALUE: icmp_input:hlen <- $r5
	@DEBUG_VALUE: icmp_input:p <- $r6
	@DEBUG_VALUE: icmp_input:iphdr <- $r7
	.loc	6 0 11                  @ ../Libraries/lwip-1.4.1/src/core/ipv4/icmp.c:0:11
	mov	r9, r6
.Ltmp41:
	@DEBUG_VALUE: icmp_input:p <- $r9
.LBB0_19:
	@DEBUG_VALUE: icmp_input:p <- $r9
	@DEBUG_VALUE: icmp_input:hlen <- $r5
	@DEBUG_VALUE: icmp_input:iphdr <- $r7
	@DEBUG_VALUE: icmp_input:p <- $r9
	@DEBUG_VALUE: icmp_input:iphdr <- $r7
	.loc	6 190 5 is_stmt 1       @ ../Libraries/lwip-1.4.1/src/core/ipv4/icmp.c:190:5
	ldr.w	r1, [r10]
	.loc	6 189 40                @ ../Libraries/lwip-1.4.1/src/core/ipv4/icmp.c:189:40
	ldr.w	r0, [r9, #4]
.Ltmp42:
	@DEBUG_VALUE: icmp_input:iecho <- $r0
	.loc	6 0 40 is_stmt 0        @ ../Libraries/lwip-1.4.1/src/core/ipv4/icmp.c:0:40
	movs	r4, #0
	mvn	r2, #33
	movs	r3, #8
.Ltmp43:
	.loc	6 195 23 is_stmt 1      @ ../Libraries/lwip-1.4.1/src/core/ipv4/icmp.c:195:23
	adds	r2, #24
.Ltmp44:
	.loc	6 190 5                 @ ../Libraries/lwip-1.4.1/src/core/ipv4/icmp.c:190:5
	str	r1, [r7, #12]
	.loc	6 191 5                 @ ../Libraries/lwip-1.4.1/src/core/ipv4/icmp.c:191:5
	movw	r1, :lower16:current_iphdr_src
.Ltmp45:
	.loc	6 195 23                @ ../Libraries/lwip-1.4.1/src/core/ipv4/icmp.c:195:23
	uxth	r2, r2
.Ltmp46:
	.loc	6 191 5                 @ ../Libraries/lwip-1.4.1/src/core/ipv4/icmp.c:191:5
	movt	r1, :upper16:current_iphdr_src
	ldr	r1, [r1]
	str	r1, [r7, #16]
	.loc	6 192 5                 @ ../Libraries/lwip-1.4.1/src/core/ipv4/icmp.c:192:5
	strb	r4, [r0]
.Ltmp47:
	.loc	6 195 16                @ ../Libraries/lwip-1.4.1/src/core/ipv4/icmp.c:195:16
	ldrh	r1, [r0, #2]
.Ltmp48:
	.loc	6 195 9 is_stmt 0       @ ../Libraries/lwip-1.4.1/src/core/ipv4/icmp.c:195:9
	cmp	r1, r2
	it	hi
	movhi	r3, #9
	add	r1, r3
.Ltmp49:
	.loc	6 0 0                   @ ../Libraries/lwip-1.4.1/src/core/ipv4/icmp.c:0:0
	strh	r1, [r0, #2]
	movs	r0, #255
.Ltmp50:
	.loc	6 206 5 is_stmt 1       @ ../Libraries/lwip-1.4.1/src/core/ipv4/icmp.c:206:5
	strh	r4, [r7, #10]
	.loc	6 208 5                 @ ../Libraries/lwip-1.4.1/src/core/ipv4/icmp.c:208:5
	movs	r1, #20
	.loc	6 205 5                 @ ../Libraries/lwip-1.4.1/src/core/ipv4/icmp.c:205:5
	strb	r0, [r7, #8]
	.loc	6 208 5                 @ ../Libraries/lwip-1.4.1/src/core/ipv4/icmp.c:208:5
	mov	r0, r7
	bl	inet_chksum
	strh	r0, [r7, #10]
.Ltmp51:
	.loc	6 217 8                 @ ../Libraries/lwip-1.4.1/src/core/ipv4/icmp.c:217:8
	mov	r0, r9
	mov	r1, r5
	bl	pbuf_header
.Ltmp52:
	.loc	6 217 8 is_stmt 0       @ ../Libraries/lwip-1.4.1/src/core/ipv4/icmp.c:217:8
	cmp	r0, #0
	bne	.LBB0_16
.Ltmp53:
@ %bb.20:
	@DEBUG_VALUE: icmp_input:p <- $r9
	@DEBUG_VALUE: icmp_input:hlen <- $r5
	@DEBUG_VALUE: icmp_input:iphdr <- $r7
	.loc	6 222 13 is_stmt 1      @ ../Libraries/lwip-1.4.1/src/core/ipv4/icmp.c:222:13
	movw	r1, :lower16:current_iphdr_dest
	movs	r0, #1
	movs	r2, #0
	movs	r3, #255
	strd	r4, r0, [sp]
	movt	r1, :upper16:current_iphdr_dest
	mov	r0, r9
	str.w	r8, [sp, #8]
	bl	ip_output_if
.Ltmp54:
	@DEBUG_VALUE: ret <- undef
	.loc	6 0 13 is_stmt 0        @ ../Libraries/lwip-1.4.1/src/core/ipv4/icmp.c:0:13
	b	.LBB0_16
.Ltmp55:
.Lfunc_end0:
	.size	icmp_input, .Lfunc_end0-icmp_input
	.cfi_endproc
	.cantunwind
	.fnend
                                        @ -- End function
	.section	.text.icmp_dest_unreach,"ax",%progbits
	.hidden	icmp_dest_unreach       @ -- Begin function icmp_dest_unreach
	.globl	icmp_dest_unreach
	.p2align	1
	.type	icmp_dest_unreach,%function
	.code	16                      @ @icmp_dest_unreach
	.thumb_func
icmp_dest_unreach:
.Lfunc_begin1:
	.loc	6 262 0 is_stmt 1       @ ../Libraries/lwip-1.4.1/src/core/ipv4/icmp.c:262:0
	.fnstart
	.cfi_startproc
@ %bb.0:
	@DEBUG_VALUE: icmp_dest_unreach:p <- $r0
	@DEBUG_VALUE: icmp_dest_unreach:t <- $r1
	mov	r2, r1
.Ltmp56:
	@DEBUG_VALUE: icmp_dest_unreach:t <- $r2
	@DEBUG_VALUE: icmp_dest_unreach:p <- $r0
	@DEBUG_VALUE: icmp_dest_unreach:p <- $r0
	.loc	6 263 3 prologue_end    @ ../Libraries/lwip-1.4.1/src/core/ipv4/icmp.c:263:3
	movs	r1, #3
	@DEBUG_VALUE: icmp_dest_unreach:t <- $r2
	b	icmp_send_response
.Ltmp57:
.Lfunc_end1:
	.size	icmp_dest_unreach, .Lfunc_end1-icmp_dest_unreach
	.cfi_endproc
	.cantunwind
	.fnend
                                        @ -- End function
	.section	.text.icmp_send_response,"ax",%progbits
	.p2align	1               @ -- Begin function icmp_send_response
	.type	icmp_send_response,%function
	.code	16                      @ @icmp_send_response
	.thumb_func
icmp_send_response:
.Lfunc_begin2:
	.loc	6 292 0                 @ ../Libraries/lwip-1.4.1/src/core/ipv4/icmp.c:292:0
	.fnstart
	.cfi_startproc
@ %bb.0:
	.save	{r4, r5, r6, r7, r8, r9, r10, lr}
	push.w	{r4, r5, r6, r7, r8, r9, r10, lr}
	.cfi_def_cfa_offset 32
	.cfi_offset lr, -4
	.cfi_offset r10, -8
	.cfi_offset r9, -12
	.cfi_offset r8, -16
	.cfi_offset r7, -20
	.cfi_offset r6, -24
	.cfi_offset r5, -28
	.cfi_offset r4, -32
	.pad	#16
	sub	sp, #16
	.cfi_def_cfa_offset 48
	@DEBUG_VALUE: icmp_send_response:p <- $r0
	@DEBUG_VALUE: icmp_send_response:type <- $r1
	@DEBUG_VALUE: icmp_send_response:code <- $r2
	mov	r6, r2
	mov	r8, r1
	mov	r7, r0
.Ltmp58:
	@DEBUG_VALUE: icmp_send_response:code <- $r6
	@DEBUG_VALUE: icmp_send_response:type <- $r8
	@DEBUG_VALUE: icmp_send_response:p <- $r7
	.loc	6 300 7 prologue_end    @ ../Libraries/lwip-1.4.1/src/core/ipv4/icmp.c:300:7
	movs	r0, #1
	movs	r1, #36
	movs	r2, #0
	mov.w	r9, #1
	mov.w	r10, #0
	bl	pbuf_alloc
	.loc	6 302 7                 @ ../Libraries/lwip-1.4.1/src/core/ipv4/icmp.c:302:7
	cbz	r0, .LBB2_2
.Ltmp59:
@ %bb.1:
	@DEBUG_VALUE: icmp_send_response:p <- $r7
	@DEBUG_VALUE: icmp_send_response:type <- $r8
	@DEBUG_VALUE: icmp_send_response:code <- $r6
	.loc	6 309 31                @ ../Libraries/lwip-1.4.1/src/core/ipv4/icmp.c:309:31
	ldr	r7, [r7, #4]
.Ltmp60:
	@DEBUG_VALUE: icmp_send_response:iphdr <- $r7
	.loc	6 316 40                @ ../Libraries/lwip-1.4.1/src/core/ipv4/icmp.c:316:40
	ldr	r5, [r0, #4]
.Ltmp61:
	@DEBUG_VALUE: icmp_send_response:icmphdr <- $r5
	.loc	6 0 0 is_stmt 0         @ ../Libraries/lwip-1.4.1/src/core/ipv4/icmp.c:0:0
	mov	r4, r0
.Ltmp62:
	@DEBUG_VALUE: icmp_send_response:q <- $r4
	@DEBUG_VALUE: icmp_send_response:type <- $r8
	@DEBUG_VALUE: icmp_send_response:code <- $r6
	.loc	6 323 3 is_stmt 1       @ ../Libraries/lwip-1.4.1/src/core/ipv4/icmp.c:323:3
	movs	r2, #28
	add.w	r0, r5, #8
	mov	r1, r7
	.loc	6 319 15                @ ../Libraries/lwip-1.4.1/src/core/ipv4/icmp.c:319:15
	str.w	r10, [r5, #4]
	.loc	6 318 17                @ ../Libraries/lwip-1.4.1/src/core/ipv4/icmp.c:318:17
	strb	r6, [r5, #1]
	.loc	6 317 17                @ ../Libraries/lwip-1.4.1/src/core/ipv4/icmp.c:317:17
	strb.w	r8, [r5]
	.loc	6 323 3                 @ ../Libraries/lwip-1.4.1/src/core/ipv4/icmp.c:323:3
	bl	__aeabi_memcpy
	.loc	6 327 19                @ ../Libraries/lwip-1.4.1/src/core/ipv4/icmp.c:327:19
	strh.w	r10, [r5, #2]
	.loc	6 328 21                @ ../Libraries/lwip-1.4.1/src/core/ipv4/icmp.c:328:21
	mov	r0, r5
	.loc	6 328 45 is_stmt 0      @ ../Libraries/lwip-1.4.1/src/core/ipv4/icmp.c:328:45
	ldrh	r1, [r4, #10]
	.loc	6 328 21                @ ../Libraries/lwip-1.4.1/src/core/ipv4/icmp.c:328:21
	bl	inet_chksum
	.loc	6 328 19                @ ../Libraries/lwip-1.4.1/src/core/ipv4/icmp.c:328:19
	strh	r0, [r5, #2]
	add	r2, sp, #12
	.loc	6 335 3 is_stmt 1       @ ../Libraries/lwip-1.4.1/src/core/ipv4/icmp.c:335:3
	movs	r1, #0
	movs	r3, #255
	.loc	6 334 3                 @ ../Libraries/lwip-1.4.1/src/core/ipv4/icmp.c:334:3
	ldr	r0, [r7, #12]
	str	r0, [sp, #12]
.Ltmp63:
	@DEBUG_VALUE: icmp_send_response:iphdr_src <- [DW_OP_plus_uconst 12, DW_OP_deref] $sp
	.loc	6 335 3                 @ ../Libraries/lwip-1.4.1/src/core/ipv4/icmp.c:335:3
	mov	r0, r4
	strd	r10, r9, [sp]
	bl	ip_output
	.loc	6 336 3                 @ ../Libraries/lwip-1.4.1/src/core/ipv4/icmp.c:336:3
	mov	r0, r4
	bl	pbuf_free
.Ltmp64:
.LBB2_2:
	@DEBUG_VALUE: icmp_send_response:type <- $r8
	@DEBUG_VALUE: icmp_send_response:code <- $r6
	.loc	6 337 1                 @ ../Libraries/lwip-1.4.1/src/core/ipv4/icmp.c:337:1
	add	sp, #16
	pop.w	{r4, r5, r6, r7, r8, r9, r10, pc}
.Ltmp65:
.Lfunc_end2:
	.size	icmp_send_response, .Lfunc_end2-icmp_send_response
	.cfi_endproc
	.cantunwind
	.fnend
                                        @ -- End function
	.section	.text.icmp_time_exceeded,"ax",%progbits
	.hidden	icmp_time_exceeded      @ -- Begin function icmp_time_exceeded
	.globl	icmp_time_exceeded
	.p2align	1
	.type	icmp_time_exceeded,%function
	.code	16                      @ @icmp_time_exceeded
	.thumb_func
icmp_time_exceeded:
.Lfunc_begin3:
	.loc	6 276 0                 @ ../Libraries/lwip-1.4.1/src/core/ipv4/icmp.c:276:0
	.fnstart
	.cfi_startproc
@ %bb.0:
	@DEBUG_VALUE: icmp_time_exceeded:p <- $r0
	@DEBUG_VALUE: icmp_time_exceeded:t <- $r1
	mov	r2, r1
.Ltmp66:
	@DEBUG_VALUE: icmp_time_exceeded:t <- $r2
	@DEBUG_VALUE: icmp_time_exceeded:p <- $r0
	@DEBUG_VALUE: icmp_time_exceeded:p <- $r0
	.loc	6 277 3 prologue_end    @ ../Libraries/lwip-1.4.1/src/core/ipv4/icmp.c:277:3
	movs	r1, #11
	@DEBUG_VALUE: icmp_time_exceeded:t <- $r2
	b	icmp_send_response
.Ltmp67:
.Lfunc_end3:
	.size	icmp_time_exceeded, .Lfunc_end3-icmp_time_exceeded
	.cfi_endproc
	.cantunwind
	.fnend
                                        @ -- End function
	.file	7 "F:\\SkyDrive\\OtvoreniProjekti\\HotelSaplast\\fw\\KontrolerHotela\\HC070318\\Project" "../Libraries/lwip-1.4.1/src/include\\lwip/netif.h"
	.file	8 "F:\\SkyDrive\\OtvoreniProjekti\\HotelSaplast\\fw\\KontrolerHotela\\HC070318\\Project" "../Libraries/lwip-1.4.1/src/include\\lwip/err.h"
	.section	.debug_str,"MS",%progbits,1
.Linfo_string0:
	.asciz	"Component: ARM Compiler 6.12 Tool: armclang [5d624a00]" @ string offset=0
.Linfo_string1:
	.asciz	"../Libraries/lwip-1.4.1/src/core/ipv4\\icmp.c" @ string offset=55
.Linfo_string2:
	.asciz	"F:\\SkyDrive\\OtvoreniProjekti\\HotelSaplast\\fw\\KontrolerHotela\\HC070318\\Project" @ string offset=100
.Linfo_string3:
	.asciz	"unsigned char"         @ string offset=178
.Linfo_string4:
	.asciz	"PBUF_TRANSPORT"        @ string offset=192
.Linfo_string5:
	.asciz	"PBUF_IP"               @ string offset=207
.Linfo_string6:
	.asciz	"PBUF_LINK"             @ string offset=215
.Linfo_string7:
	.asciz	"PBUF_RAW"              @ string offset=225
.Linfo_string8:
	.asciz	"PBUF_RAM"              @ string offset=234
.Linfo_string9:
	.asciz	"PBUF_ROM"              @ string offset=243
.Linfo_string10:
	.asciz	"PBUF_REF"              @ string offset=252
.Linfo_string11:
	.asciz	"PBUF_POOL"             @ string offset=261
.Linfo_string12:
	.asciz	"ICMP_DUR_NET"          @ string offset=271
.Linfo_string13:
	.asciz	"ICMP_DUR_HOST"         @ string offset=284
.Linfo_string14:
	.asciz	"ICMP_DUR_PROTO"        @ string offset=298
.Linfo_string15:
	.asciz	"ICMP_DUR_PORT"         @ string offset=313
.Linfo_string16:
	.asciz	"ICMP_DUR_FRAG"         @ string offset=327
.Linfo_string17:
	.asciz	"ICMP_DUR_SR"           @ string offset=341
.Linfo_string18:
	.asciz	"icmp_dur_type"         @ string offset=353
.Linfo_string19:
	.asciz	"ICMP_TE_TTL"           @ string offset=367
.Linfo_string20:
	.asciz	"ICMP_TE_FRAG"          @ string offset=379
.Linfo_string21:
	.asciz	"icmp_te_type"          @ string offset=392
.Linfo_string22:
	.asciz	"_v_hl"                 @ string offset=405
.Linfo_string23:
	.asciz	"u8_t"                  @ string offset=411
.Linfo_string24:
	.asciz	"_tos"                  @ string offset=416
.Linfo_string25:
	.asciz	"_len"                  @ string offset=421
.Linfo_string26:
	.asciz	"unsigned short"        @ string offset=426
.Linfo_string27:
	.asciz	"u16_t"                 @ string offset=441
.Linfo_string28:
	.asciz	"_id"                   @ string offset=447
.Linfo_string29:
	.asciz	"_offset"               @ string offset=451
.Linfo_string30:
	.asciz	"_ttl"                  @ string offset=459
.Linfo_string31:
	.asciz	"_proto"                @ string offset=464
.Linfo_string32:
	.asciz	"_chksum"               @ string offset=471
.Linfo_string33:
	.asciz	"src"                   @ string offset=479
.Linfo_string34:
	.asciz	"addr"                  @ string offset=483
.Linfo_string35:
	.asciz	"long unsigned int"     @ string offset=488
.Linfo_string36:
	.asciz	"u32_t"                 @ string offset=506
.Linfo_string37:
	.asciz	"ip_addr_packed"        @ string offset=512
.Linfo_string38:
	.asciz	"ip_addr_p_t"           @ string offset=527
.Linfo_string39:
	.asciz	"dest"                  @ string offset=539
.Linfo_string40:
	.asciz	"ip_hdr"                @ string offset=544
.Linfo_string41:
	.asciz	"short"                 @ string offset=551
.Linfo_string42:
	.asciz	"s16_t"                 @ string offset=557
.Linfo_string43:
	.asciz	"type"                  @ string offset=563
.Linfo_string44:
	.asciz	"code"                  @ string offset=568
.Linfo_string45:
	.asciz	"chksum"                @ string offset=573
.Linfo_string46:
	.asciz	"id"                    @ string offset=580
.Linfo_string47:
	.asciz	"seqno"                 @ string offset=583
.Linfo_string48:
	.asciz	"icmp_echo_hdr"         @ string offset=589
.Linfo_string49:
	.asciz	"icmp_input"            @ string offset=603
.Linfo_string50:
	.asciz	"icmp_dest_unreach"     @ string offset=614
.Linfo_string51:
	.asciz	"icmp_send_response"    @ string offset=632
.Linfo_string52:
	.asciz	"icmp_time_exceeded"    @ string offset=651
.Linfo_string53:
	.asciz	"p"                     @ string offset=670
.Linfo_string54:
	.asciz	"next"                  @ string offset=672
.Linfo_string55:
	.asciz	"payload"               @ string offset=677
.Linfo_string56:
	.asciz	"tot_len"               @ string offset=685
.Linfo_string57:
	.asciz	"len"                   @ string offset=693
.Linfo_string58:
	.asciz	"flags"                 @ string offset=697
.Linfo_string59:
	.asciz	"ref"                   @ string offset=703
.Linfo_string60:
	.asciz	"pbuf"                  @ string offset=707
.Linfo_string61:
	.asciz	"inp"                   @ string offset=712
.Linfo_string62:
	.asciz	"ip_addr"               @ string offset=716
.Linfo_string63:
	.asciz	"ip_addr_t"             @ string offset=724
.Linfo_string64:
	.asciz	"netmask"               @ string offset=734
.Linfo_string65:
	.asciz	"gw"                    @ string offset=742
.Linfo_string66:
	.asciz	"input"                 @ string offset=745
.Linfo_string67:
	.asciz	"signed char"           @ string offset=751
.Linfo_string68:
	.asciz	"s8_t"                  @ string offset=763
.Linfo_string69:
	.asciz	"err_t"                 @ string offset=768
.Linfo_string70:
	.asciz	"netif_input_fn"        @ string offset=774
.Linfo_string71:
	.asciz	"output"                @ string offset=789
.Linfo_string72:
	.asciz	"netif_output_fn"       @ string offset=796
.Linfo_string73:
	.asciz	"linkoutput"            @ string offset=812
.Linfo_string74:
	.asciz	"netif_linkoutput_fn"   @ string offset=823
.Linfo_string75:
	.asciz	"state"                 @ string offset=843
.Linfo_string76:
	.asciz	"hostname"              @ string offset=849
.Linfo_string77:
	.asciz	"char"                  @ string offset=858
.Linfo_string78:
	.asciz	"mtu"                   @ string offset=863
.Linfo_string79:
	.asciz	"hwaddr_len"            @ string offset=867
.Linfo_string80:
	.asciz	"hwaddr"                @ string offset=878
.Linfo_string81:
	.asciz	"__ARRAY_SIZE_TYPE__"   @ string offset=885
.Linfo_string82:
	.asciz	"name"                  @ string offset=905
.Linfo_string83:
	.asciz	"num"                   @ string offset=910
.Linfo_string84:
	.asciz	"netif"                 @ string offset=914
.Linfo_string85:
	.asciz	"iphdr"                 @ string offset=920
.Linfo_string86:
	.asciz	"hlen"                  @ string offset=926
.Linfo_string87:
	.asciz	"accepted"              @ string offset=931
.Linfo_string88:
	.asciz	"int"                   @ string offset=940
.Linfo_string89:
	.asciz	"r"                     @ string offset=944
.Linfo_string90:
	.asciz	"iecho"                 @ string offset=946
.Linfo_string91:
	.asciz	"ret"                   @ string offset=952
.Linfo_string92:
	.asciz	"lenerr"                @ string offset=956
.Linfo_string93:
	.asciz	"memerr"                @ string offset=963
.Linfo_string94:
	.asciz	"t"                     @ string offset=970
.Linfo_string95:
	.asciz	"icmphdr"               @ string offset=972
.Linfo_string96:
	.asciz	"q"                     @ string offset=980
.Linfo_string97:
	.asciz	"iphdr_src"             @ string offset=982
	.section	.debug_loc,"",%progbits
.Ldebug_loc0:
	.long	.Lfunc_begin0
	.long	.Ltmp2
	.short	1                       @ Loc expr size
	.byte	80                      @ DW_OP_reg0
	.long	.Ltmp2
	.long	.Ltmp7
	.short	1                       @ Loc expr size
	.byte	86                      @ DW_OP_reg6
	.long	.Ltmp10
	.long	.Ltmp30
	.short	1                       @ Loc expr size
	.byte	86                      @ DW_OP_reg6
	.long	.Ltmp30
	.long	.Ltmp36
	.short	1                       @ Loc expr size
	.byte	89                      @ DW_OP_reg9
	.long	.Ltmp36
	.long	.Ltmp37
	.short	1                       @ Loc expr size
	.byte	86                      @ DW_OP_reg6
	.long	.Ltmp37
	.long	.Ltmp38
	.short	1                       @ Loc expr size
	.byte	89                      @ DW_OP_reg9
	.long	.Ltmp38
	.long	.Ltmp41
	.short	1                       @ Loc expr size
	.byte	86                      @ DW_OP_reg6
	.long	.Ltmp41
	.long	.Lfunc_end0
	.short	1                       @ Loc expr size
	.byte	89                      @ DW_OP_reg9
	.long	0
	.long	0
.Ldebug_loc1:
	.long	.Lfunc_begin0
	.long	.Ltmp2
	.short	1                       @ Loc expr size
	.byte	81                      @ DW_OP_reg1
	.long	.Ltmp2
	.long	.Ltmp3
	.short	1                       @ Loc expr size
	.byte	88                      @ DW_OP_reg8
	.long	0
	.long	0
.Ldebug_loc2:
	.long	.Ltmp1
	.long	.Ltmp9
	.short	1                       @ Loc expr size
	.byte	87                      @ DW_OP_reg7
	.long	.Ltmp10
	.long	.Lfunc_end0
	.short	1                       @ Loc expr size
	.byte	87                      @ DW_OP_reg7
	.long	0
	.long	0
.Ldebug_loc3:
	.long	.Ltmp4
	.long	.Ltmp9
	.short	1                       @ Loc expr size
	.byte	85                      @ DW_OP_reg5
	.long	.Ltmp10
	.long	.Lfunc_end0
	.short	1                       @ Loc expr size
	.byte	85                      @ DW_OP_reg5
	.long	0
	.long	0
.Ldebug_loc4:
	.long	.Ltmp11
	.long	.Ltmp16
	.short	1                       @ Loc expr size
	.byte	80                      @ DW_OP_reg0
	.long	.Ltmp36
	.long	.Ltmp37
	.short	1                       @ Loc expr size
	.byte	80                      @ DW_OP_reg0
	.long	0
	.long	0
.Ldebug_loc5:
	.long	.Ltmp30
	.long	.Ltmp36
	.short	1                       @ Loc expr size
	.byte	89                      @ DW_OP_reg9
	.long	0
	.long	0
.Ldebug_loc6:
	.long	.Ltmp42
	.long	.Ltmp50
	.short	1                       @ Loc expr size
	.byte	80                      @ DW_OP_reg0
	.long	0
	.long	0
.Ldebug_loc7:
	.long	.Lfunc_begin1
	.long	.Ltmp56
	.short	1                       @ Loc expr size
	.byte	81                      @ DW_OP_reg1
	.long	.Ltmp56
	.long	.Lfunc_end1
	.short	1                       @ Loc expr size
	.byte	82                      @ DW_OP_reg2
	.long	0
	.long	0
.Ldebug_loc8:
	.long	.Lfunc_begin2
	.long	.Ltmp58
	.short	1                       @ Loc expr size
	.byte	80                      @ DW_OP_reg0
	.long	.Ltmp58
	.long	.Ltmp60
	.short	1                       @ Loc expr size
	.byte	87                      @ DW_OP_reg7
	.long	0
	.long	0
.Ldebug_loc9:
	.long	.Lfunc_begin2
	.long	.Ltmp58
	.short	1                       @ Loc expr size
	.byte	81                      @ DW_OP_reg1
	.long	.Ltmp58
	.long	.Ltmp65
	.short	1                       @ Loc expr size
	.byte	88                      @ DW_OP_reg8
	.long	0
	.long	0
.Ldebug_loc10:
	.long	.Lfunc_begin2
	.long	.Ltmp58
	.short	1                       @ Loc expr size
	.byte	82                      @ DW_OP_reg2
	.long	.Ltmp58
	.long	.Ltmp65
	.short	1                       @ Loc expr size
	.byte	86                      @ DW_OP_reg6
	.long	0
	.long	0
.Ldebug_loc11:
	.long	.Ltmp60
	.long	.Ltmp64
	.short	1                       @ Loc expr size
	.byte	87                      @ DW_OP_reg7
	.long	0
	.long	0
.Ldebug_loc12:
	.long	.Ltmp61
	.long	.Ltmp64
	.short	1                       @ Loc expr size
	.byte	85                      @ DW_OP_reg5
	.long	0
	.long	0
.Ldebug_loc13:
	.long	.Ltmp62
	.long	.Ltmp64
	.short	1                       @ Loc expr size
	.byte	84                      @ DW_OP_reg4
	.long	0
	.long	0
.Ldebug_loc14:
	.long	.Ltmp63
	.long	.Ltmp64
	.short	2                       @ Loc expr size
	.byte	125                     @ DW_OP_breg13
	.byte	12                      @ 12
	.long	0
	.long	0
.Ldebug_loc15:
	.long	.Lfunc_begin3
	.long	.Ltmp66
	.short	1                       @ Loc expr size
	.byte	81                      @ DW_OP_reg1
	.long	.Ltmp66
	.long	.Lfunc_end3
	.short	1                       @ Loc expr size
	.byte	82                      @ DW_OP_reg2
	.long	0
	.long	0
	.section	.debug_abbrev,"",%progbits
	.byte	1                       @ Abbreviation Code
	.byte	17                      @ DW_TAG_compile_unit
	.byte	1                       @ DW_CHILDREN_yes
	.byte	37                      @ DW_AT_producer
	.byte	14                      @ DW_FORM_strp
	.byte	19                      @ DW_AT_language
	.byte	5                       @ DW_FORM_data2
	.byte	3                       @ DW_AT_name
	.byte	14                      @ DW_FORM_strp
	.byte	16                      @ DW_AT_stmt_list
	.byte	6                       @ DW_FORM_data4
	.byte	27                      @ DW_AT_comp_dir
	.byte	14                      @ DW_FORM_strp
	.byte	17                      @ DW_AT_low_pc
	.byte	1                       @ DW_FORM_addr
	.byte	85                      @ DW_AT_ranges
	.byte	6                       @ DW_FORM_data4
	.byte	0                       @ EOM(1)
	.byte	0                       @ EOM(2)
	.byte	2                       @ Abbreviation Code
	.byte	4                       @ DW_TAG_enumeration_type
	.byte	1                       @ DW_CHILDREN_yes
	.byte	73                      @ DW_AT_type
	.byte	19                      @ DW_FORM_ref4
	.byte	11                      @ DW_AT_byte_size
	.byte	11                      @ DW_FORM_data1
	.byte	58                      @ DW_AT_decl_file
	.byte	11                      @ DW_FORM_data1
	.byte	59                      @ DW_AT_decl_line
	.byte	11                      @ DW_FORM_data1
	.byte	0                       @ EOM(1)
	.byte	0                       @ EOM(2)
	.byte	3                       @ Abbreviation Code
	.byte	40                      @ DW_TAG_enumerator
	.byte	0                       @ DW_CHILDREN_no
	.byte	3                       @ DW_AT_name
	.byte	14                      @ DW_FORM_strp
	.byte	28                      @ DW_AT_const_value
	.byte	15                      @ DW_FORM_udata
	.byte	0                       @ EOM(1)
	.byte	0                       @ EOM(2)
	.byte	4                       @ Abbreviation Code
	.byte	36                      @ DW_TAG_base_type
	.byte	0                       @ DW_CHILDREN_no
	.byte	3                       @ DW_AT_name
	.byte	14                      @ DW_FORM_strp
	.byte	62                      @ DW_AT_encoding
	.byte	11                      @ DW_FORM_data1
	.byte	11                      @ DW_AT_byte_size
	.byte	11                      @ DW_FORM_data1
	.byte	0                       @ EOM(1)
	.byte	0                       @ EOM(2)
	.byte	5                       @ Abbreviation Code
	.byte	4                       @ DW_TAG_enumeration_type
	.byte	1                       @ DW_CHILDREN_yes
	.byte	73                      @ DW_AT_type
	.byte	19                      @ DW_FORM_ref4
	.byte	3                       @ DW_AT_name
	.byte	14                      @ DW_FORM_strp
	.byte	11                      @ DW_AT_byte_size
	.byte	11                      @ DW_FORM_data1
	.byte	58                      @ DW_AT_decl_file
	.byte	11                      @ DW_FORM_data1
	.byte	59                      @ DW_AT_decl_line
	.byte	11                      @ DW_FORM_data1
	.byte	0                       @ EOM(1)
	.byte	0                       @ EOM(2)
	.byte	6                       @ Abbreviation Code
	.byte	15                      @ DW_TAG_pointer_type
	.byte	0                       @ DW_CHILDREN_no
	.byte	73                      @ DW_AT_type
	.byte	19                      @ DW_FORM_ref4
	.byte	0                       @ EOM(1)
	.byte	0                       @ EOM(2)
	.byte	7                       @ Abbreviation Code
	.byte	19                      @ DW_TAG_structure_type
	.byte	1                       @ DW_CHILDREN_yes
	.byte	3                       @ DW_AT_name
	.byte	14                      @ DW_FORM_strp
	.byte	11                      @ DW_AT_byte_size
	.byte	11                      @ DW_FORM_data1
	.byte	58                      @ DW_AT_decl_file
	.byte	11                      @ DW_FORM_data1
	.byte	59                      @ DW_AT_decl_line
	.byte	11                      @ DW_FORM_data1
	.byte	0                       @ EOM(1)
	.byte	0                       @ EOM(2)
	.byte	8                       @ Abbreviation Code
	.byte	13                      @ DW_TAG_member
	.byte	0                       @ DW_CHILDREN_no
	.byte	3                       @ DW_AT_name
	.byte	14                      @ DW_FORM_strp
	.byte	73                      @ DW_AT_type
	.byte	19                      @ DW_FORM_ref4
	.byte	58                      @ DW_AT_decl_file
	.byte	11                      @ DW_FORM_data1
	.byte	59                      @ DW_AT_decl_line
	.byte	11                      @ DW_FORM_data1
	.byte	56                      @ DW_AT_data_member_location
	.byte	11                      @ DW_FORM_data1
	.byte	0                       @ EOM(1)
	.byte	0                       @ EOM(2)
	.byte	9                       @ Abbreviation Code
	.byte	22                      @ DW_TAG_typedef
	.byte	0                       @ DW_CHILDREN_no
	.byte	73                      @ DW_AT_type
	.byte	19                      @ DW_FORM_ref4
	.byte	3                       @ DW_AT_name
	.byte	14                      @ DW_FORM_strp
	.byte	58                      @ DW_AT_decl_file
	.byte	11                      @ DW_FORM_data1
	.byte	59                      @ DW_AT_decl_line
	.byte	11                      @ DW_FORM_data1
	.byte	0                       @ EOM(1)
	.byte	0                       @ EOM(2)
	.byte	10                      @ Abbreviation Code
	.byte	46                      @ DW_TAG_subprogram
	.byte	1                       @ DW_CHILDREN_yes
	.byte	17                      @ DW_AT_low_pc
	.byte	1                       @ DW_FORM_addr
	.byte	18                      @ DW_AT_high_pc
	.byte	1                       @ DW_FORM_addr
	.byte	64                      @ DW_AT_frame_base
	.byte	10                      @ DW_FORM_block1
	.byte	3                       @ DW_AT_name
	.byte	14                      @ DW_FORM_strp
	.byte	58                      @ DW_AT_decl_file
	.byte	11                      @ DW_FORM_data1
	.byte	59                      @ DW_AT_decl_line
	.byte	11                      @ DW_FORM_data1
	.byte	39                      @ DW_AT_prototyped
	.byte	12                      @ DW_FORM_flag
	.byte	63                      @ DW_AT_external
	.byte	12                      @ DW_FORM_flag
	.byte	0                       @ EOM(1)
	.byte	0                       @ EOM(2)
	.byte	11                      @ Abbreviation Code
	.byte	5                       @ DW_TAG_formal_parameter
	.byte	0                       @ DW_CHILDREN_no
	.byte	2                       @ DW_AT_location
	.byte	6                       @ DW_FORM_data4
	.byte	3                       @ DW_AT_name
	.byte	14                      @ DW_FORM_strp
	.byte	58                      @ DW_AT_decl_file
	.byte	11                      @ DW_FORM_data1
	.byte	59                      @ DW_AT_decl_line
	.byte	11                      @ DW_FORM_data1
	.byte	73                      @ DW_AT_type
	.byte	19                      @ DW_FORM_ref4
	.byte	0                       @ EOM(1)
	.byte	0                       @ EOM(2)
	.byte	12                      @ Abbreviation Code
	.byte	52                      @ DW_TAG_variable
	.byte	0                       @ DW_CHILDREN_no
	.byte	2                       @ DW_AT_location
	.byte	6                       @ DW_FORM_data4
	.byte	3                       @ DW_AT_name
	.byte	14                      @ DW_FORM_strp
	.byte	58                      @ DW_AT_decl_file
	.byte	11                      @ DW_FORM_data1
	.byte	59                      @ DW_AT_decl_line
	.byte	11                      @ DW_FORM_data1
	.byte	73                      @ DW_AT_type
	.byte	19                      @ DW_FORM_ref4
	.byte	0                       @ EOM(1)
	.byte	0                       @ EOM(2)
	.byte	13                      @ Abbreviation Code
	.byte	10                      @ DW_TAG_label
	.byte	0                       @ DW_CHILDREN_no
	.byte	3                       @ DW_AT_name
	.byte	14                      @ DW_FORM_strp
	.byte	58                      @ DW_AT_decl_file
	.byte	11                      @ DW_FORM_data1
	.byte	59                      @ DW_AT_decl_line
	.byte	11                      @ DW_FORM_data1
	.byte	0                       @ EOM(1)
	.byte	0                       @ EOM(2)
	.byte	14                      @ Abbreviation Code
	.byte	11                      @ DW_TAG_lexical_block
	.byte	1                       @ DW_CHILDREN_yes
	.byte	17                      @ DW_AT_low_pc
	.byte	1                       @ DW_FORM_addr
	.byte	18                      @ DW_AT_high_pc
	.byte	1                       @ DW_FORM_addr
	.byte	0                       @ EOM(1)
	.byte	0                       @ EOM(2)
	.byte	15                      @ Abbreviation Code
	.byte	52                      @ DW_TAG_variable
	.byte	0                       @ DW_CHILDREN_no
	.byte	28                      @ DW_AT_const_value
	.byte	13                      @ DW_FORM_sdata
	.byte	3                       @ DW_AT_name
	.byte	14                      @ DW_FORM_strp
	.byte	58                      @ DW_AT_decl_file
	.byte	11                      @ DW_FORM_data1
	.byte	59                      @ DW_AT_decl_line
	.byte	11                      @ DW_FORM_data1
	.byte	73                      @ DW_AT_type
	.byte	19                      @ DW_FORM_ref4
	.byte	0                       @ EOM(1)
	.byte	0                       @ EOM(2)
	.byte	16                      @ Abbreviation Code
	.byte	52                      @ DW_TAG_variable
	.byte	0                       @ DW_CHILDREN_no
	.byte	3                       @ DW_AT_name
	.byte	14                      @ DW_FORM_strp
	.byte	58                      @ DW_AT_decl_file
	.byte	11                      @ DW_FORM_data1
	.byte	59                      @ DW_AT_decl_line
	.byte	11                      @ DW_FORM_data1
	.byte	73                      @ DW_AT_type
	.byte	19                      @ DW_FORM_ref4
	.byte	0                       @ EOM(1)
	.byte	0                       @ EOM(2)
	.byte	17                      @ Abbreviation Code
	.byte	46                      @ DW_TAG_subprogram
	.byte	1                       @ DW_CHILDREN_yes
	.byte	17                      @ DW_AT_low_pc
	.byte	1                       @ DW_FORM_addr
	.byte	18                      @ DW_AT_high_pc
	.byte	1                       @ DW_FORM_addr
	.byte	64                      @ DW_AT_frame_base
	.byte	10                      @ DW_FORM_block1
	.byte	3                       @ DW_AT_name
	.byte	14                      @ DW_FORM_strp
	.byte	58                      @ DW_AT_decl_file
	.byte	11                      @ DW_FORM_data1
	.byte	59                      @ DW_AT_decl_line
	.byte	5                       @ DW_FORM_data2
	.byte	39                      @ DW_AT_prototyped
	.byte	12                      @ DW_FORM_flag
	.byte	63                      @ DW_AT_external
	.byte	12                      @ DW_FORM_flag
	.byte	0                       @ EOM(1)
	.byte	0                       @ EOM(2)
	.byte	18                      @ Abbreviation Code
	.byte	5                       @ DW_TAG_formal_parameter
	.byte	0                       @ DW_CHILDREN_no
	.byte	2                       @ DW_AT_location
	.byte	10                      @ DW_FORM_block1
	.byte	3                       @ DW_AT_name
	.byte	14                      @ DW_FORM_strp
	.byte	58                      @ DW_AT_decl_file
	.byte	11                      @ DW_FORM_data1
	.byte	59                      @ DW_AT_decl_line
	.byte	5                       @ DW_FORM_data2
	.byte	73                      @ DW_AT_type
	.byte	19                      @ DW_FORM_ref4
	.byte	0                       @ EOM(1)
	.byte	0                       @ EOM(2)
	.byte	19                      @ Abbreviation Code
	.byte	5                       @ DW_TAG_formal_parameter
	.byte	0                       @ DW_CHILDREN_no
	.byte	2                       @ DW_AT_location
	.byte	6                       @ DW_FORM_data4
	.byte	3                       @ DW_AT_name
	.byte	14                      @ DW_FORM_strp
	.byte	58                      @ DW_AT_decl_file
	.byte	11                      @ DW_FORM_data1
	.byte	59                      @ DW_AT_decl_line
	.byte	5                       @ DW_FORM_data2
	.byte	73                      @ DW_AT_type
	.byte	19                      @ DW_FORM_ref4
	.byte	0                       @ EOM(1)
	.byte	0                       @ EOM(2)
	.byte	20                      @ Abbreviation Code
	.byte	46                      @ DW_TAG_subprogram
	.byte	1                       @ DW_CHILDREN_yes
	.byte	17                      @ DW_AT_low_pc
	.byte	1                       @ DW_FORM_addr
	.byte	18                      @ DW_AT_high_pc
	.byte	1                       @ DW_FORM_addr
	.byte	64                      @ DW_AT_frame_base
	.byte	10                      @ DW_FORM_block1
	.byte	3                       @ DW_AT_name
	.byte	14                      @ DW_FORM_strp
	.byte	58                      @ DW_AT_decl_file
	.byte	11                      @ DW_FORM_data1
	.byte	59                      @ DW_AT_decl_line
	.byte	5                       @ DW_FORM_data2
	.byte	39                      @ DW_AT_prototyped
	.byte	12                      @ DW_FORM_flag
	.byte	0                       @ EOM(1)
	.byte	0                       @ EOM(2)
	.byte	21                      @ Abbreviation Code
	.byte	52                      @ DW_TAG_variable
	.byte	0                       @ DW_CHILDREN_no
	.byte	2                       @ DW_AT_location
	.byte	6                       @ DW_FORM_data4
	.byte	3                       @ DW_AT_name
	.byte	14                      @ DW_FORM_strp
	.byte	58                      @ DW_AT_decl_file
	.byte	11                      @ DW_FORM_data1
	.byte	59                      @ DW_AT_decl_line
	.byte	5                       @ DW_FORM_data2
	.byte	73                      @ DW_AT_type
	.byte	19                      @ DW_FORM_ref4
	.byte	0                       @ EOM(1)
	.byte	0                       @ EOM(2)
	.byte	22                      @ Abbreviation Code
	.byte	15                      @ DW_TAG_pointer_type
	.byte	0                       @ DW_CHILDREN_no
	.byte	0                       @ EOM(1)
	.byte	0                       @ EOM(2)
	.byte	23                      @ Abbreviation Code
	.byte	21                      @ DW_TAG_subroutine_type
	.byte	1                       @ DW_CHILDREN_yes
	.byte	73                      @ DW_AT_type
	.byte	19                      @ DW_FORM_ref4
	.byte	39                      @ DW_AT_prototyped
	.byte	12                      @ DW_FORM_flag
	.byte	0                       @ EOM(1)
	.byte	0                       @ EOM(2)
	.byte	24                      @ Abbreviation Code
	.byte	5                       @ DW_TAG_formal_parameter
	.byte	0                       @ DW_CHILDREN_no
	.byte	73                      @ DW_AT_type
	.byte	19                      @ DW_FORM_ref4
	.byte	0                       @ EOM(1)
	.byte	0                       @ EOM(2)
	.byte	25                      @ Abbreviation Code
	.byte	1                       @ DW_TAG_array_type
	.byte	1                       @ DW_CHILDREN_yes
	.byte	73                      @ DW_AT_type
	.byte	19                      @ DW_FORM_ref4
	.byte	0                       @ EOM(1)
	.byte	0                       @ EOM(2)
	.byte	26                      @ Abbreviation Code
	.byte	33                      @ DW_TAG_subrange_type
	.byte	0                       @ DW_CHILDREN_no
	.byte	73                      @ DW_AT_type
	.byte	19                      @ DW_FORM_ref4
	.byte	55                      @ DW_AT_count
	.byte	11                      @ DW_FORM_data1
	.byte	0                       @ EOM(1)
	.byte	0                       @ EOM(2)
	.byte	27                      @ Abbreviation Code
	.byte	36                      @ DW_TAG_base_type
	.byte	0                       @ DW_CHILDREN_no
	.byte	3                       @ DW_AT_name
	.byte	14                      @ DW_FORM_strp
	.byte	11                      @ DW_AT_byte_size
	.byte	11                      @ DW_FORM_data1
	.byte	62                      @ DW_AT_encoding
	.byte	11                      @ DW_FORM_data1
	.byte	0                       @ EOM(1)
	.byte	0                       @ EOM(2)
	.byte	0                       @ EOM(3)
	.section	.debug_info,"",%progbits
.Lcu_begin0:
	.long	.Ldebug_info_end0-.Ldebug_info_start0 @ Length of Unit
.Ldebug_info_start0:
	.short	3                       @ DWARF version number
	.long	.debug_abbrev           @ Offset Into Abbrev. Section
	.byte	4                       @ Address Size (in bytes)
	.byte	1                       @ Abbrev [1] 0xb:0x590 DW_TAG_compile_unit
	.long	.Linfo_string0          @ DW_AT_producer
	.short	12                      @ DW_AT_language
	.long	.Linfo_string1          @ DW_AT_name
	.long	.Lline_table_start0     @ DW_AT_stmt_list
	.long	.Linfo_string2          @ DW_AT_comp_dir
	.long	0                       @ DW_AT_low_pc
	.long	.Ldebug_ranges0         @ DW_AT_ranges
	.byte	2                       @ Abbrev [2] 0x26:0x21 DW_TAG_enumeration_type
	.long	71                      @ DW_AT_type
	.byte	1                       @ DW_AT_byte_size
	.byte	1                       @ DW_AT_decl_file
	.byte	50                      @ DW_AT_decl_line
	.byte	3                       @ Abbrev [3] 0x2e:0x6 DW_TAG_enumerator
	.long	.Linfo_string4          @ DW_AT_name
	.byte	0                       @ DW_AT_const_value
	.byte	3                       @ Abbrev [3] 0x34:0x6 DW_TAG_enumerator
	.long	.Linfo_string5          @ DW_AT_name
	.byte	1                       @ DW_AT_const_value
	.byte	3                       @ Abbrev [3] 0x3a:0x6 DW_TAG_enumerator
	.long	.Linfo_string6          @ DW_AT_name
	.byte	2                       @ DW_AT_const_value
	.byte	3                       @ Abbrev [3] 0x40:0x6 DW_TAG_enumerator
	.long	.Linfo_string7          @ DW_AT_name
	.byte	3                       @ DW_AT_const_value
	.byte	0                       @ End Of Children Mark
	.byte	4                       @ Abbrev [4] 0x47:0x7 DW_TAG_base_type
	.long	.Linfo_string3          @ DW_AT_name
	.byte	8                       @ DW_AT_encoding
	.byte	1                       @ DW_AT_byte_size
	.byte	2                       @ Abbrev [2] 0x4e:0x21 DW_TAG_enumeration_type
	.long	71                      @ DW_AT_type
	.byte	1                       @ DW_AT_byte_size
	.byte	1                       @ DW_AT_decl_file
	.byte	57                      @ DW_AT_decl_line
	.byte	3                       @ Abbrev [3] 0x56:0x6 DW_TAG_enumerator
	.long	.Linfo_string8          @ DW_AT_name
	.byte	0                       @ DW_AT_const_value
	.byte	3                       @ Abbrev [3] 0x5c:0x6 DW_TAG_enumerator
	.long	.Linfo_string9          @ DW_AT_name
	.byte	1                       @ DW_AT_const_value
	.byte	3                       @ Abbrev [3] 0x62:0x6 DW_TAG_enumerator
	.long	.Linfo_string10         @ DW_AT_name
	.byte	2                       @ DW_AT_const_value
	.byte	3                       @ Abbrev [3] 0x68:0x6 DW_TAG_enumerator
	.long	.Linfo_string11         @ DW_AT_name
	.byte	3                       @ DW_AT_const_value
	.byte	0                       @ End Of Children Mark
	.byte	5                       @ Abbrev [5] 0x6f:0x31 DW_TAG_enumeration_type
	.long	71                      @ DW_AT_type
	.long	.Linfo_string18         @ DW_AT_name
	.byte	1                       @ DW_AT_byte_size
	.byte	2                       @ DW_AT_decl_file
	.byte	56                      @ DW_AT_decl_line
	.byte	3                       @ Abbrev [3] 0x7b:0x6 DW_TAG_enumerator
	.long	.Linfo_string12         @ DW_AT_name
	.byte	0                       @ DW_AT_const_value
	.byte	3                       @ Abbrev [3] 0x81:0x6 DW_TAG_enumerator
	.long	.Linfo_string13         @ DW_AT_name
	.byte	1                       @ DW_AT_const_value
	.byte	3                       @ Abbrev [3] 0x87:0x6 DW_TAG_enumerator
	.long	.Linfo_string14         @ DW_AT_name
	.byte	2                       @ DW_AT_const_value
	.byte	3                       @ Abbrev [3] 0x8d:0x6 DW_TAG_enumerator
	.long	.Linfo_string15         @ DW_AT_name
	.byte	3                       @ DW_AT_const_value
	.byte	3                       @ Abbrev [3] 0x93:0x6 DW_TAG_enumerator
	.long	.Linfo_string16         @ DW_AT_name
	.byte	4                       @ DW_AT_const_value
	.byte	3                       @ Abbrev [3] 0x99:0x6 DW_TAG_enumerator
	.long	.Linfo_string17         @ DW_AT_name
	.byte	5                       @ DW_AT_const_value
	.byte	0                       @ End Of Children Mark
	.byte	5                       @ Abbrev [5] 0xa0:0x19 DW_TAG_enumeration_type
	.long	71                      @ DW_AT_type
	.long	.Linfo_string21         @ DW_AT_name
	.byte	1                       @ DW_AT_byte_size
	.byte	2                       @ DW_AT_decl_file
	.byte	65                      @ DW_AT_decl_line
	.byte	3                       @ Abbrev [3] 0xac:0x6 DW_TAG_enumerator
	.long	.Linfo_string19         @ DW_AT_name
	.byte	0                       @ DW_AT_const_value
	.byte	3                       @ Abbrev [3] 0xb2:0x6 DW_TAG_enumerator
	.long	.Linfo_string20         @ DW_AT_name
	.byte	1                       @ DW_AT_const_value
	.byte	0                       @ End Of Children Mark
	.byte	6                       @ Abbrev [6] 0xb9:0x5 DW_TAG_pointer_type
	.long	190                     @ DW_AT_type
	.byte	7                       @ Abbrev [7] 0xbe:0x81 DW_TAG_structure_type
	.long	.Linfo_string40         @ DW_AT_name
	.byte	20                      @ DW_AT_byte_size
	.byte	4                       @ DW_AT_decl_file
	.byte	116                     @ DW_AT_decl_line
	.byte	8                       @ Abbrev [8] 0xc6:0xc DW_TAG_member
	.long	.Linfo_string22         @ DW_AT_name
	.long	319                     @ DW_AT_type
	.byte	4                       @ DW_AT_decl_file
	.byte	118                     @ DW_AT_decl_line
	.byte	0                       @ DW_AT_data_member_location
	.byte	8                       @ Abbrev [8] 0xd2:0xc DW_TAG_member
	.long	.Linfo_string24         @ DW_AT_name
	.long	319                     @ DW_AT_type
	.byte	4                       @ DW_AT_decl_file
	.byte	120                     @ DW_AT_decl_line
	.byte	1                       @ DW_AT_data_member_location
	.byte	8                       @ Abbrev [8] 0xde:0xc DW_TAG_member
	.long	.Linfo_string25         @ DW_AT_name
	.long	330                     @ DW_AT_type
	.byte	4                       @ DW_AT_decl_file
	.byte	122                     @ DW_AT_decl_line
	.byte	2                       @ DW_AT_data_member_location
	.byte	8                       @ Abbrev [8] 0xea:0xc DW_TAG_member
	.long	.Linfo_string28         @ DW_AT_name
	.long	330                     @ DW_AT_type
	.byte	4                       @ DW_AT_decl_file
	.byte	124                     @ DW_AT_decl_line
	.byte	4                       @ DW_AT_data_member_location
	.byte	8                       @ Abbrev [8] 0xf6:0xc DW_TAG_member
	.long	.Linfo_string29         @ DW_AT_name
	.long	330                     @ DW_AT_type
	.byte	4                       @ DW_AT_decl_file
	.byte	126                     @ DW_AT_decl_line
	.byte	6                       @ DW_AT_data_member_location
	.byte	8                       @ Abbrev [8] 0x102:0xc DW_TAG_member
	.long	.Linfo_string30         @ DW_AT_name
	.long	319                     @ DW_AT_type
	.byte	4                       @ DW_AT_decl_file
	.byte	132                     @ DW_AT_decl_line
	.byte	8                       @ DW_AT_data_member_location
	.byte	8                       @ Abbrev [8] 0x10e:0xc DW_TAG_member
	.long	.Linfo_string31         @ DW_AT_name
	.long	319                     @ DW_AT_type
	.byte	4                       @ DW_AT_decl_file
	.byte	134                     @ DW_AT_decl_line
	.byte	9                       @ DW_AT_data_member_location
	.byte	8                       @ Abbrev [8] 0x11a:0xc DW_TAG_member
	.long	.Linfo_string32         @ DW_AT_name
	.long	330                     @ DW_AT_type
	.byte	4                       @ DW_AT_decl_file
	.byte	136                     @ DW_AT_decl_line
	.byte	10                      @ DW_AT_data_member_location
	.byte	8                       @ Abbrev [8] 0x126:0xc DW_TAG_member
	.long	.Linfo_string33         @ DW_AT_name
	.long	348                     @ DW_AT_type
	.byte	4                       @ DW_AT_decl_file
	.byte	138                     @ DW_AT_decl_line
	.byte	12                      @ DW_AT_data_member_location
	.byte	8                       @ Abbrev [8] 0x132:0xc DW_TAG_member
	.long	.Linfo_string39         @ DW_AT_name
	.long	348                     @ DW_AT_type
	.byte	4                       @ DW_AT_decl_file
	.byte	139                     @ DW_AT_decl_line
	.byte	16                      @ DW_AT_data_member_location
	.byte	0                       @ End Of Children Mark
	.byte	9                       @ Abbrev [9] 0x13f:0xb DW_TAG_typedef
	.long	71                      @ DW_AT_type
	.long	.Linfo_string23         @ DW_AT_name
	.byte	3                       @ DW_AT_decl_file
	.byte	37                      @ DW_AT_decl_line
	.byte	9                       @ Abbrev [9] 0x14a:0xb DW_TAG_typedef
	.long	341                     @ DW_AT_type
	.long	.Linfo_string27         @ DW_AT_name
	.byte	3                       @ DW_AT_decl_file
	.byte	39                      @ DW_AT_decl_line
	.byte	4                       @ Abbrev [4] 0x155:0x7 DW_TAG_base_type
	.long	.Linfo_string26         @ DW_AT_name
	.byte	7                       @ DW_AT_encoding
	.byte	2                       @ DW_AT_byte_size
	.byte	9                       @ Abbrev [9] 0x15c:0xb DW_TAG_typedef
	.long	359                     @ DW_AT_type
	.long	.Linfo_string38         @ DW_AT_name
	.byte	5                       @ DW_AT_decl_file
	.byte	65                      @ DW_AT_decl_line
	.byte	7                       @ Abbrev [7] 0x167:0x15 DW_TAG_structure_type
	.long	.Linfo_string37         @ DW_AT_name
	.byte	4                       @ DW_AT_byte_size
	.byte	5                       @ DW_AT_decl_file
	.byte	54                      @ DW_AT_decl_line
	.byte	8                       @ Abbrev [8] 0x16f:0xc DW_TAG_member
	.long	.Linfo_string34         @ DW_AT_name
	.long	380                     @ DW_AT_type
	.byte	5                       @ DW_AT_decl_file
	.byte	55                      @ DW_AT_decl_line
	.byte	0                       @ DW_AT_data_member_location
	.byte	0                       @ End Of Children Mark
	.byte	9                       @ Abbrev [9] 0x17c:0xb DW_TAG_typedef
	.long	391                     @ DW_AT_type
	.long	.Linfo_string36         @ DW_AT_name
	.byte	3                       @ DW_AT_decl_file
	.byte	41                      @ DW_AT_decl_line
	.byte	4                       @ Abbrev [4] 0x187:0x7 DW_TAG_base_type
	.long	.Linfo_string35         @ DW_AT_name
	.byte	7                       @ DW_AT_encoding
	.byte	4                       @ DW_AT_byte_size
	.byte	6                       @ Abbrev [6] 0x18e:0x5 DW_TAG_pointer_type
	.long	319                     @ DW_AT_type
	.byte	9                       @ Abbrev [9] 0x193:0xb DW_TAG_typedef
	.long	414                     @ DW_AT_type
	.long	.Linfo_string42         @ DW_AT_name
	.byte	3                       @ DW_AT_decl_file
	.byte	40                      @ DW_AT_decl_line
	.byte	4                       @ Abbrev [4] 0x19e:0x7 DW_TAG_base_type
	.long	.Linfo_string41         @ DW_AT_name
	.byte	5                       @ DW_AT_encoding
	.byte	2                       @ DW_AT_byte_size
	.byte	6                       @ Abbrev [6] 0x1a5:0x5 DW_TAG_pointer_type
	.long	426                     @ DW_AT_type
	.byte	7                       @ Abbrev [7] 0x1aa:0x45 DW_TAG_structure_type
	.long	.Linfo_string48         @ DW_AT_name
	.byte	8                       @ DW_AT_byte_size
	.byte	2                       @ DW_AT_decl_file
	.byte	79                      @ DW_AT_decl_line
	.byte	8                       @ Abbrev [8] 0x1b2:0xc DW_TAG_member
	.long	.Linfo_string43         @ DW_AT_name
	.long	319                     @ DW_AT_type
	.byte	2                       @ DW_AT_decl_file
	.byte	80                      @ DW_AT_decl_line
	.byte	0                       @ DW_AT_data_member_location
	.byte	8                       @ Abbrev [8] 0x1be:0xc DW_TAG_member
	.long	.Linfo_string44         @ DW_AT_name
	.long	319                     @ DW_AT_type
	.byte	2                       @ DW_AT_decl_file
	.byte	81                      @ DW_AT_decl_line
	.byte	1                       @ DW_AT_data_member_location
	.byte	8                       @ Abbrev [8] 0x1ca:0xc DW_TAG_member
	.long	.Linfo_string45         @ DW_AT_name
	.long	330                     @ DW_AT_type
	.byte	2                       @ DW_AT_decl_file
	.byte	82                      @ DW_AT_decl_line
	.byte	2                       @ DW_AT_data_member_location
	.byte	8                       @ Abbrev [8] 0x1d6:0xc DW_TAG_member
	.long	.Linfo_string46         @ DW_AT_name
	.long	330                     @ DW_AT_type
	.byte	2                       @ DW_AT_decl_file
	.byte	83                      @ DW_AT_decl_line
	.byte	4                       @ DW_AT_data_member_location
	.byte	8                       @ Abbrev [8] 0x1e2:0xc DW_TAG_member
	.long	.Linfo_string47         @ DW_AT_name
	.long	330                     @ DW_AT_type
	.byte	2                       @ DW_AT_decl_file
	.byte	84                      @ DW_AT_decl_line
	.byte	6                       @ DW_AT_data_member_location
	.byte	0                       @ End Of Children Mark
	.byte	10                      @ Abbrev [10] 0x1ef:0xc0 DW_TAG_subprogram
	.long	.Lfunc_begin0           @ DW_AT_low_pc
	.long	.Lfunc_end0             @ DW_AT_high_pc
	.byte	1                       @ DW_AT_frame_base
	.byte	93
	.long	.Linfo_string49         @ DW_AT_name
	.byte	6                       @ DW_AT_decl_file
	.byte	77                      @ DW_AT_decl_line
	.byte	1                       @ DW_AT_prototyped
	.byte	1                       @ DW_AT_external
	.byte	11                      @ Abbrev [11] 0x202:0xf DW_TAG_formal_parameter
	.long	.Ldebug_loc0            @ DW_AT_location
	.long	.Linfo_string53         @ DW_AT_name
	.byte	6                       @ DW_AT_decl_file
	.byte	77                      @ DW_AT_decl_line
	.long	921                     @ DW_AT_type
	.byte	11                      @ Abbrev [11] 0x211:0xf DW_TAG_formal_parameter
	.long	.Ldebug_loc1            @ DW_AT_location
	.long	.Linfo_string61         @ DW_AT_name
	.byte	6                       @ DW_AT_decl_file
	.byte	77                      @ DW_AT_decl_line
	.long	1020                    @ DW_AT_type
	.byte	12                      @ Abbrev [12] 0x220:0xf DW_TAG_variable
	.long	.Ldebug_loc2            @ DW_AT_location
	.long	.Linfo_string85         @ DW_AT_name
	.byte	6                       @ DW_AT_decl_file
	.byte	84                      @ DW_AT_decl_line
	.long	185                     @ DW_AT_type
	.byte	12                      @ Abbrev [12] 0x22f:0xf DW_TAG_variable
	.long	.Ldebug_loc3            @ DW_AT_location
	.long	.Linfo_string86         @ DW_AT_name
	.byte	6                       @ DW_AT_decl_file
	.byte	85                      @ DW_AT_decl_line
	.long	403                     @ DW_AT_type
	.byte	12                      @ Abbrev [12] 0x23e:0xf DW_TAG_variable
	.long	.Ldebug_loc4            @ DW_AT_location
	.long	.Linfo_string43         @ DW_AT_name
	.byte	6                       @ DW_AT_decl_file
	.byte	79                      @ DW_AT_decl_line
	.long	319                     @ DW_AT_type
	.byte	12                      @ Abbrev [12] 0x24d:0xf DW_TAG_variable
	.long	.Ldebug_loc6            @ DW_AT_location
	.long	.Linfo_string90         @ DW_AT_name
	.byte	6                       @ DW_AT_decl_file
	.byte	83                      @ DW_AT_decl_line
	.long	421                     @ DW_AT_type
	.byte	13                      @ Abbrev [13] 0x25c:0x7 DW_TAG_label
	.long	.Linfo_string92         @ DW_AT_name
	.byte	6                       @ DW_AT_decl_file
	.byte	237                     @ DW_AT_decl_line
	.byte	13                      @ Abbrev [13] 0x263:0x7 DW_TAG_label
	.long	.Linfo_string93         @ DW_AT_name
	.byte	6                       @ DW_AT_decl_file
	.byte	243                     @ DW_AT_decl_line
	.byte	14                      @ Abbrev [14] 0x26a:0x16 DW_TAG_lexical_block
	.long	.Ltmp12                 @ DW_AT_low_pc
	.long	.Ltmp19                 @ DW_AT_high_pc
	.byte	15                      @ Abbrev [15] 0x273:0xc DW_TAG_variable
	.byte	1                       @ DW_AT_const_value
	.long	.Linfo_string87         @ DW_AT_name
	.byte	6                       @ DW_AT_decl_file
	.byte	110                     @ DW_AT_decl_line
	.long	1427                    @ DW_AT_type
	.byte	0                       @ End Of Children Mark
	.byte	14                      @ Abbrev [14] 0x280:0x19 DW_TAG_lexical_block
	.long	.Ltmp25                 @ DW_AT_low_pc
	.long	.Ltmp36                 @ DW_AT_high_pc
	.byte	12                      @ Abbrev [12] 0x289:0xf DW_TAG_variable
	.long	.Ldebug_loc5            @ DW_AT_location
	.long	.Linfo_string89         @ DW_AT_name
	.byte	6                       @ DW_AT_decl_file
	.byte	149                     @ DW_AT_decl_line
	.long	921                     @ DW_AT_type
	.byte	0                       @ End Of Children Mark
	.byte	14                      @ Abbrev [14] 0x299:0x15 DW_TAG_lexical_block
	.long	.Ltmp53                 @ DW_AT_low_pc
	.long	.Ltmp55                 @ DW_AT_high_pc
	.byte	16                      @ Abbrev [16] 0x2a2:0xb DW_TAG_variable
	.long	.Linfo_string91         @ DW_AT_name
	.byte	6                       @ DW_AT_decl_file
	.byte	220                     @ DW_AT_decl_line
	.long	1279                    @ DW_AT_type
	.byte	0                       @ End Of Children Mark
	.byte	0                       @ End Of Children Mark
	.byte	17                      @ Abbrev [17] 0x2af:0x33 DW_TAG_subprogram
	.long	.Lfunc_begin1           @ DW_AT_low_pc
	.long	.Lfunc_end1             @ DW_AT_high_pc
	.byte	1                       @ DW_AT_frame_base
	.byte	93
	.long	.Linfo_string50         @ DW_AT_name
	.byte	6                       @ DW_AT_decl_file
	.short	261                     @ DW_AT_decl_line
	.byte	1                       @ DW_AT_prototyped
	.byte	1                       @ DW_AT_external
	.byte	18                      @ Abbrev [18] 0x2c3:0xe DW_TAG_formal_parameter
	.byte	1                       @ DW_AT_location
	.byte	80
	.long	.Linfo_string53         @ DW_AT_name
	.byte	6                       @ DW_AT_decl_file
	.short	261                     @ DW_AT_decl_line
	.long	921                     @ DW_AT_type
	.byte	19                      @ Abbrev [19] 0x2d1:0x10 DW_TAG_formal_parameter
	.long	.Ldebug_loc7            @ DW_AT_location
	.long	.Linfo_string94         @ DW_AT_name
	.byte	6                       @ DW_AT_decl_file
	.short	261                     @ DW_AT_decl_line
	.long	111                     @ DW_AT_type
	.byte	0                       @ End Of Children Mark
	.byte	20                      @ Abbrev [20] 0x2e2:0x84 DW_TAG_subprogram
	.long	.Lfunc_begin2           @ DW_AT_low_pc
	.long	.Lfunc_end2             @ DW_AT_high_pc
	.byte	1                       @ DW_AT_frame_base
	.byte	93
	.long	.Linfo_string51         @ DW_AT_name
	.byte	6                       @ DW_AT_decl_file
	.short	291                     @ DW_AT_decl_line
	.byte	1                       @ DW_AT_prototyped
	.byte	19                      @ Abbrev [19] 0x2f5:0x10 DW_TAG_formal_parameter
	.long	.Ldebug_loc8            @ DW_AT_location
	.long	.Linfo_string53         @ DW_AT_name
	.byte	6                       @ DW_AT_decl_file
	.short	291                     @ DW_AT_decl_line
	.long	921                     @ DW_AT_type
	.byte	19                      @ Abbrev [19] 0x305:0x10 DW_TAG_formal_parameter
	.long	.Ldebug_loc9            @ DW_AT_location
	.long	.Linfo_string43         @ DW_AT_name
	.byte	6                       @ DW_AT_decl_file
	.short	291                     @ DW_AT_decl_line
	.long	319                     @ DW_AT_type
	.byte	19                      @ Abbrev [19] 0x315:0x10 DW_TAG_formal_parameter
	.long	.Ldebug_loc10           @ DW_AT_location
	.long	.Linfo_string44         @ DW_AT_name
	.byte	6                       @ DW_AT_decl_file
	.short	291                     @ DW_AT_decl_line
	.long	319                     @ DW_AT_type
	.byte	21                      @ Abbrev [21] 0x325:0x10 DW_TAG_variable
	.long	.Ldebug_loc11           @ DW_AT_location
	.long	.Linfo_string85         @ DW_AT_name
	.byte	6                       @ DW_AT_decl_file
	.short	294                     @ DW_AT_decl_line
	.long	185                     @ DW_AT_type
	.byte	21                      @ Abbrev [21] 0x335:0x10 DW_TAG_variable
	.long	.Ldebug_loc12           @ DW_AT_location
	.long	.Linfo_string95         @ DW_AT_name
	.byte	6                       @ DW_AT_decl_file
	.short	296                     @ DW_AT_decl_line
	.long	421                     @ DW_AT_type
	.byte	21                      @ Abbrev [21] 0x345:0x10 DW_TAG_variable
	.long	.Ldebug_loc13           @ DW_AT_location
	.long	.Linfo_string96         @ DW_AT_name
	.byte	6                       @ DW_AT_decl_file
	.short	293                     @ DW_AT_decl_line
	.long	921                     @ DW_AT_type
	.byte	21                      @ Abbrev [21] 0x355:0x10 DW_TAG_variable
	.long	.Ldebug_loc14           @ DW_AT_location
	.long	.Linfo_string97         @ DW_AT_name
	.byte	6                       @ DW_AT_decl_file
	.short	297                     @ DW_AT_decl_line
	.long	1214                    @ DW_AT_type
	.byte	0                       @ End Of Children Mark
	.byte	17                      @ Abbrev [17] 0x366:0x33 DW_TAG_subprogram
	.long	.Lfunc_begin3           @ DW_AT_low_pc
	.long	.Lfunc_end3             @ DW_AT_high_pc
	.byte	1                       @ DW_AT_frame_base
	.byte	93
	.long	.Linfo_string52         @ DW_AT_name
	.byte	6                       @ DW_AT_decl_file
	.short	275                     @ DW_AT_decl_line
	.byte	1                       @ DW_AT_prototyped
	.byte	1                       @ DW_AT_external
	.byte	18                      @ Abbrev [18] 0x37a:0xe DW_TAG_formal_parameter
	.byte	1                       @ DW_AT_location
	.byte	80
	.long	.Linfo_string53         @ DW_AT_name
	.byte	6                       @ DW_AT_decl_file
	.short	275                     @ DW_AT_decl_line
	.long	921                     @ DW_AT_type
	.byte	19                      @ Abbrev [19] 0x388:0x10 DW_TAG_formal_parameter
	.long	.Ldebug_loc15           @ DW_AT_location
	.long	.Linfo_string94         @ DW_AT_name
	.byte	6                       @ DW_AT_decl_file
	.short	275                     @ DW_AT_decl_line
	.long	160                     @ DW_AT_type
	.byte	0                       @ End Of Children Mark
	.byte	6                       @ Abbrev [6] 0x399:0x5 DW_TAG_pointer_type
	.long	926                     @ DW_AT_type
	.byte	7                       @ Abbrev [7] 0x39e:0x5d DW_TAG_structure_type
	.long	.Linfo_string60         @ DW_AT_name
	.byte	16                      @ DW_AT_byte_size
	.byte	1                       @ DW_AT_decl_file
	.byte	79                      @ DW_AT_decl_line
	.byte	8                       @ Abbrev [8] 0x3a6:0xc DW_TAG_member
	.long	.Linfo_string54         @ DW_AT_name
	.long	921                     @ DW_AT_type
	.byte	1                       @ DW_AT_decl_file
	.byte	81                      @ DW_AT_decl_line
	.byte	0                       @ DW_AT_data_member_location
	.byte	8                       @ Abbrev [8] 0x3b2:0xc DW_TAG_member
	.long	.Linfo_string55         @ DW_AT_name
	.long	1019                    @ DW_AT_type
	.byte	1                       @ DW_AT_decl_file
	.byte	84                      @ DW_AT_decl_line
	.byte	4                       @ DW_AT_data_member_location
	.byte	8                       @ Abbrev [8] 0x3be:0xc DW_TAG_member
	.long	.Linfo_string56         @ DW_AT_name
	.long	330                     @ DW_AT_type
	.byte	1                       @ DW_AT_decl_file
	.byte	93                      @ DW_AT_decl_line
	.byte	8                       @ DW_AT_data_member_location
	.byte	8                       @ Abbrev [8] 0x3ca:0xc DW_TAG_member
	.long	.Linfo_string57         @ DW_AT_name
	.long	330                     @ DW_AT_type
	.byte	1                       @ DW_AT_decl_file
	.byte	96                      @ DW_AT_decl_line
	.byte	10                      @ DW_AT_data_member_location
	.byte	8                       @ Abbrev [8] 0x3d6:0xc DW_TAG_member
	.long	.Linfo_string43         @ DW_AT_name
	.long	319                     @ DW_AT_type
	.byte	1                       @ DW_AT_decl_file
	.byte	99                      @ DW_AT_decl_line
	.byte	12                      @ DW_AT_data_member_location
	.byte	8                       @ Abbrev [8] 0x3e2:0xc DW_TAG_member
	.long	.Linfo_string58         @ DW_AT_name
	.long	319                     @ DW_AT_type
	.byte	1                       @ DW_AT_decl_file
	.byte	102                     @ DW_AT_decl_line
	.byte	13                      @ DW_AT_data_member_location
	.byte	8                       @ Abbrev [8] 0x3ee:0xc DW_TAG_member
	.long	.Linfo_string59         @ DW_AT_name
	.long	330                     @ DW_AT_type
	.byte	1                       @ DW_AT_decl_file
	.byte	109                     @ DW_AT_decl_line
	.byte	14                      @ DW_AT_data_member_location
	.byte	0                       @ End Of Children Mark
	.byte	22                      @ Abbrev [22] 0x3fb:0x1 DW_TAG_pointer_type
	.byte	6                       @ Abbrev [6] 0x3fc:0x5 DW_TAG_pointer_type
	.long	1025                    @ DW_AT_type
	.byte	7                       @ Abbrev [7] 0x401:0xbd DW_TAG_structure_type
	.long	.Linfo_string84         @ DW_AT_name
	.byte	52                      @ DW_AT_byte_size
	.byte	7                       @ DW_AT_decl_file
	.byte	136                     @ DW_AT_decl_line
	.byte	8                       @ Abbrev [8] 0x409:0xc DW_TAG_member
	.long	.Linfo_string54         @ DW_AT_name
	.long	1020                    @ DW_AT_type
	.byte	7                       @ DW_AT_decl_file
	.byte	138                     @ DW_AT_decl_line
	.byte	0                       @ DW_AT_data_member_location
	.byte	8                       @ Abbrev [8] 0x415:0xc DW_TAG_member
	.long	.Linfo_string62         @ DW_AT_name
	.long	1214                    @ DW_AT_type
	.byte	7                       @ DW_AT_decl_file
	.byte	141                     @ DW_AT_decl_line
	.byte	4                       @ DW_AT_data_member_location
	.byte	8                       @ Abbrev [8] 0x421:0xc DW_TAG_member
	.long	.Linfo_string64         @ DW_AT_name
	.long	1214                    @ DW_AT_type
	.byte	7                       @ DW_AT_decl_file
	.byte	142                     @ DW_AT_decl_line
	.byte	8                       @ DW_AT_data_member_location
	.byte	8                       @ Abbrev [8] 0x42d:0xc DW_TAG_member
	.long	.Linfo_string65         @ DW_AT_name
	.long	1214                    @ DW_AT_type
	.byte	7                       @ DW_AT_decl_file
	.byte	143                     @ DW_AT_decl_line
	.byte	12                      @ DW_AT_data_member_location
	.byte	8                       @ Abbrev [8] 0x439:0xc DW_TAG_member
	.long	.Linfo_string66         @ DW_AT_name
	.long	1246                    @ DW_AT_type
	.byte	7                       @ DW_AT_decl_file
	.byte	147                     @ DW_AT_decl_line
	.byte	16                      @ DW_AT_data_member_location
	.byte	8                       @ Abbrev [8] 0x445:0xc DW_TAG_member
	.long	.Linfo_string71         @ DW_AT_name
	.long	1308                    @ DW_AT_type
	.byte	7                       @ DW_AT_decl_file
	.byte	151                     @ DW_AT_decl_line
	.byte	20                      @ DW_AT_data_member_location
	.byte	8                       @ Abbrev [8] 0x451:0xc DW_TAG_member
	.long	.Linfo_string73         @ DW_AT_name
	.long	1351                    @ DW_AT_type
	.byte	7                       @ DW_AT_decl_file
	.byte	155                     @ DW_AT_decl_line
	.byte	24                      @ DW_AT_data_member_location
	.byte	8                       @ Abbrev [8] 0x45d:0xc DW_TAG_member
	.long	.Linfo_string75         @ DW_AT_name
	.long	1019                    @ DW_AT_type
	.byte	7                       @ DW_AT_decl_file
	.byte	172                     @ DW_AT_decl_line
	.byte	28                      @ DW_AT_data_member_location
	.byte	8                       @ Abbrev [8] 0x469:0xc DW_TAG_member
	.long	.Linfo_string76         @ DW_AT_name
	.long	1384                    @ DW_AT_type
	.byte	7                       @ DW_AT_decl_file
	.byte	183                     @ DW_AT_decl_line
	.byte	32                      @ DW_AT_data_member_location
	.byte	8                       @ Abbrev [8] 0x475:0xc DW_TAG_member
	.long	.Linfo_string78         @ DW_AT_name
	.long	330                     @ DW_AT_type
	.byte	7                       @ DW_AT_decl_file
	.byte	186                     @ DW_AT_decl_line
	.byte	36                      @ DW_AT_data_member_location
	.byte	8                       @ Abbrev [8] 0x481:0xc DW_TAG_member
	.long	.Linfo_string79         @ DW_AT_name
	.long	319                     @ DW_AT_type
	.byte	7                       @ DW_AT_decl_file
	.byte	188                     @ DW_AT_decl_line
	.byte	38                      @ DW_AT_data_member_location
	.byte	8                       @ Abbrev [8] 0x48d:0xc DW_TAG_member
	.long	.Linfo_string80         @ DW_AT_name
	.long	1396                    @ DW_AT_type
	.byte	7                       @ DW_AT_decl_file
	.byte	190                     @ DW_AT_decl_line
	.byte	39                      @ DW_AT_data_member_location
	.byte	8                       @ Abbrev [8] 0x499:0xc DW_TAG_member
	.long	.Linfo_string58         @ DW_AT_name
	.long	319                     @ DW_AT_type
	.byte	7                       @ DW_AT_decl_file
	.byte	192                     @ DW_AT_decl_line
	.byte	45                      @ DW_AT_data_member_location
	.byte	8                       @ Abbrev [8] 0x4a5:0xc DW_TAG_member
	.long	.Linfo_string82         @ DW_AT_name
	.long	1415                    @ DW_AT_type
	.byte	7                       @ DW_AT_decl_file
	.byte	194                     @ DW_AT_decl_line
	.byte	46                      @ DW_AT_data_member_location
	.byte	8                       @ Abbrev [8] 0x4b1:0xc DW_TAG_member
	.long	.Linfo_string83         @ DW_AT_name
	.long	319                     @ DW_AT_type
	.byte	7                       @ DW_AT_decl_file
	.byte	196                     @ DW_AT_decl_line
	.byte	48                      @ DW_AT_data_member_location
	.byte	0                       @ End Of Children Mark
	.byte	9                       @ Abbrev [9] 0x4be:0xb DW_TAG_typedef
	.long	1225                    @ DW_AT_type
	.long	.Linfo_string63         @ DW_AT_name
	.byte	5                       @ DW_AT_decl_file
	.byte	64                      @ DW_AT_decl_line
	.byte	7                       @ Abbrev [7] 0x4c9:0x15 DW_TAG_structure_type
	.long	.Linfo_string62         @ DW_AT_name
	.byte	4                       @ DW_AT_byte_size
	.byte	5                       @ DW_AT_decl_file
	.byte	44                      @ DW_AT_decl_line
	.byte	8                       @ Abbrev [8] 0x4d1:0xc DW_TAG_member
	.long	.Linfo_string34         @ DW_AT_name
	.long	380                     @ DW_AT_type
	.byte	5                       @ DW_AT_decl_file
	.byte	45                      @ DW_AT_decl_line
	.byte	0                       @ DW_AT_data_member_location
	.byte	0                       @ End Of Children Mark
	.byte	9                       @ Abbrev [9] 0x4de:0xb DW_TAG_typedef
	.long	1257                    @ DW_AT_type
	.long	.Linfo_string70         @ DW_AT_name
	.byte	7                       @ DW_AT_decl_file
	.byte	109                     @ DW_AT_decl_line
	.byte	6                       @ Abbrev [6] 0x4e9:0x5 DW_TAG_pointer_type
	.long	1262                    @ DW_AT_type
	.byte	23                      @ Abbrev [23] 0x4ee:0x11 DW_TAG_subroutine_type
	.long	1279                    @ DW_AT_type
	.byte	1                       @ DW_AT_prototyped
	.byte	24                      @ Abbrev [24] 0x4f4:0x5 DW_TAG_formal_parameter
	.long	921                     @ DW_AT_type
	.byte	24                      @ Abbrev [24] 0x4f9:0x5 DW_TAG_formal_parameter
	.long	1020                    @ DW_AT_type
	.byte	0                       @ End Of Children Mark
	.byte	9                       @ Abbrev [9] 0x4ff:0xb DW_TAG_typedef
	.long	1290                    @ DW_AT_type
	.long	.Linfo_string69         @ DW_AT_name
	.byte	8                       @ DW_AT_decl_file
	.byte	47                      @ DW_AT_decl_line
	.byte	9                       @ Abbrev [9] 0x50a:0xb DW_TAG_typedef
	.long	1301                    @ DW_AT_type
	.long	.Linfo_string68         @ DW_AT_name
	.byte	3                       @ DW_AT_decl_file
	.byte	38                      @ DW_AT_decl_line
	.byte	4                       @ Abbrev [4] 0x515:0x7 DW_TAG_base_type
	.long	.Linfo_string67         @ DW_AT_name
	.byte	6                       @ DW_AT_encoding
	.byte	1                       @ DW_AT_byte_size
	.byte	9                       @ Abbrev [9] 0x51c:0xb DW_TAG_typedef
	.long	1319                    @ DW_AT_type
	.long	.Linfo_string72         @ DW_AT_name
	.byte	7                       @ DW_AT_decl_file
	.byte	118                     @ DW_AT_decl_line
	.byte	6                       @ Abbrev [6] 0x527:0x5 DW_TAG_pointer_type
	.long	1324                    @ DW_AT_type
	.byte	23                      @ Abbrev [23] 0x52c:0x16 DW_TAG_subroutine_type
	.long	1279                    @ DW_AT_type
	.byte	1                       @ DW_AT_prototyped
	.byte	24                      @ Abbrev [24] 0x532:0x5 DW_TAG_formal_parameter
	.long	1020                    @ DW_AT_type
	.byte	24                      @ Abbrev [24] 0x537:0x5 DW_TAG_formal_parameter
	.long	921                     @ DW_AT_type
	.byte	24                      @ Abbrev [24] 0x53c:0x5 DW_TAG_formal_parameter
	.long	1346                    @ DW_AT_type
	.byte	0                       @ End Of Children Mark
	.byte	6                       @ Abbrev [6] 0x542:0x5 DW_TAG_pointer_type
	.long	1214                    @ DW_AT_type
	.byte	9                       @ Abbrev [9] 0x547:0xb DW_TAG_typedef
	.long	1362                    @ DW_AT_type
	.long	.Linfo_string74         @ DW_AT_name
	.byte	7                       @ DW_AT_decl_file
	.byte	126                     @ DW_AT_decl_line
	.byte	6                       @ Abbrev [6] 0x552:0x5 DW_TAG_pointer_type
	.long	1367                    @ DW_AT_type
	.byte	23                      @ Abbrev [23] 0x557:0x11 DW_TAG_subroutine_type
	.long	1279                    @ DW_AT_type
	.byte	1                       @ DW_AT_prototyped
	.byte	24                      @ Abbrev [24] 0x55d:0x5 DW_TAG_formal_parameter
	.long	1020                    @ DW_AT_type
	.byte	24                      @ Abbrev [24] 0x562:0x5 DW_TAG_formal_parameter
	.long	921                     @ DW_AT_type
	.byte	0                       @ End Of Children Mark
	.byte	6                       @ Abbrev [6] 0x568:0x5 DW_TAG_pointer_type
	.long	1389                    @ DW_AT_type
	.byte	4                       @ Abbrev [4] 0x56d:0x7 DW_TAG_base_type
	.long	.Linfo_string77         @ DW_AT_name
	.byte	8                       @ DW_AT_encoding
	.byte	1                       @ DW_AT_byte_size
	.byte	25                      @ Abbrev [25] 0x574:0xc DW_TAG_array_type
	.long	319                     @ DW_AT_type
	.byte	26                      @ Abbrev [26] 0x579:0x6 DW_TAG_subrange_type
	.long	1408                    @ DW_AT_type
	.byte	6                       @ DW_AT_count
	.byte	0                       @ End Of Children Mark
	.byte	27                      @ Abbrev [27] 0x580:0x7 DW_TAG_base_type
	.long	.Linfo_string81         @ DW_AT_name
	.byte	8                       @ DW_AT_byte_size
	.byte	7                       @ DW_AT_encoding
	.byte	25                      @ Abbrev [25] 0x587:0xc DW_TAG_array_type
	.long	1389                    @ DW_AT_type
	.byte	26                      @ Abbrev [26] 0x58c:0x6 DW_TAG_subrange_type
	.long	1408                    @ DW_AT_type
	.byte	2                       @ DW_AT_count
	.byte	0                       @ End Of Children Mark
	.byte	4                       @ Abbrev [4] 0x593:0x7 DW_TAG_base_type
	.long	.Linfo_string88         @ DW_AT_name
	.byte	5                       @ DW_AT_encoding
	.byte	4                       @ DW_AT_byte_size
	.byte	0                       @ End Of Children Mark
.Ldebug_info_end0:
	.section	.debug_ranges,"",%progbits
.Ldebug_ranges0:
	.long	.Lfunc_begin0
	.long	.Lfunc_end0
	.long	.Lfunc_begin1
	.long	.Lfunc_end1
	.long	.Lfunc_begin2
	.long	.Lfunc_end2
	.long	.Lfunc_begin3
	.long	.Lfunc_end3
	.long	0
	.long	0
	.section	.debug_macinfo,"",%progbits
	.byte	0                       @ End Of Macro List Mark

	.ident	"Component: ARM Compiler 6.12 Tool: armclang [5d624a00]"
	.section	".note.GNU-stack","",%progbits
	.eabi_attribute	30, 3	@ Tag_ABI_optimization_goals
	.ARM_attribute	16, 1	@ Tag_AV_eba
	.section	.debug_line,"",%progbits
.Lline_table_start0:
