	.text
	.syntax unified
	.eabi_attribute	67, "2.09"	@ Tag_conformance
	.cpu	cortex-m4
	.eabi_attribute	6, 13	@ Tag_CPU_arch
	.eabi_attribute	7, 77	@ Tag_CPU_arch_profile
	.eabi_attribute	8, 0	@ Tag_ARM_ISA_use
	.eabi_attribute	9, 2	@ Tag_THUMB_ISA_use
	.fpu	fpv4-sp-d16
	.eabi_attribute	27, 1	@ Tag_ABI_HardFP_use
	.eabi_attribute	36, 1	@ Tag_FP_HP_extension
	.eabi_attribute	34, 1	@ Tag_CPU_unaligned_access
	.eabi_attribute	17, 1	@ Tag_ABI_PCS_GOT_use
	.eabi_attribute	20, 2	@ Tag_ABI_FP_denormal
	.eabi_attribute	21, 0	@ Tag_ABI_FP_exceptions
	.eabi_attribute	23, 1	@ Tag_ABI_FP_number_model
	.eabi_attribute	24, 1	@ Tag_ABI_align_needed
	.eabi_attribute	25, 1	@ Tag_ABI_align_preserved
	.eabi_attribute	28, 1	@ Tag_ABI_VFP_args
	.eabi_attribute	38, 1	@ Tag_ABI_FP_16bit_format
	.eabi_attribute	18, 2	@ Tag_ABI_PCS_wchar_t
	.eabi_attribute	26, 1	@ Tag_ABI_enum_size
	.eabi_attribute	14, 0	@ Tag_ABI_PCS_R9_use
	.file	"inet_chksum.c"
	.file	1 "F:\\SkyDrive\\OtvoreniProjekti\\HotelSaplast\\fw\\KontrolerHotela\\HC070318\\Project" "../Libraries/lwip-1.4.1/port/arch\\cc.h"
	.section	.text.inet_chksum_pseudo,"ax",%progbits
	.hidden	inet_chksum_pseudo      @ -- Begin function inet_chksum_pseudo
	.globl	inet_chksum_pseudo
	.p2align	1
	.type	inet_chksum_pseudo,%function
	.code	16                      @ @inet_chksum_pseudo
	.thumb_func
inet_chksum_pseudo:
.Lfunc_begin0:
	.file	2 "F:\\SkyDrive\\OtvoreniProjekti\\HotelSaplast\\fw\\KontrolerHotela\\HC070318\\Project" "../Libraries/lwip-1.4.1/src/core/ipv4/inet_chksum.c"
	.loc	2 275 0                 @ ../Libraries/lwip-1.4.1/src/core/ipv4/inet_chksum.c:275:0
	.fnstart
	.cfi_sections .debug_frame
	.cfi_startproc
@ %bb.0:
	.save	{r4, r5, r6, r7, r8, r9, r10, r11, lr}
	push.w	{r4, r5, r6, r7, r8, r9, r10, r11, lr}
	.cfi_def_cfa_offset 36
	.cfi_offset lr, -4
	.cfi_offset r11, -8
	.cfi_offset r10, -12
	.cfi_offset r9, -16
	.cfi_offset r8, -20
	.cfi_offset r7, -24
	.cfi_offset r6, -28
	.cfi_offset r5, -32
	.cfi_offset r4, -36
	.pad	#4
	sub	sp, #4
	.cfi_def_cfa_offset 40
	@DEBUG_VALUE: inet_chksum_pseudo:p <- $r0
	@DEBUG_VALUE: inet_chksum_pseudo:src <- $r1
	@DEBUG_VALUE: inet_chksum_pseudo:dest <- $r2
	@DEBUG_VALUE: inet_chksum_pseudo:proto <- $r3
.Ltmp0:
	@DEBUG_VALUE: inet_chksum_pseudo:q <- $r0
	ldr.w	r8, [sp, #40]
	@DEBUG_VALUE: inet_chksum_pseudo:proto_len <- $r8
.Ltmp1:
	@DEBUG_VALUE: inet_chksum_pseudo:swapped <- 0
	@DEBUG_VALUE: inet_chksum_pseudo:acc <- 0
	@DEBUG_VALUE: inet_chksum_pseudo:proto <- $r9
	@DEBUG_VALUE: inet_chksum_pseudo:dest <- $r10
	@DEBUG_VALUE: inet_chksum_pseudo:src <- $r11
	mov	r9, r3
.Ltmp2:
	mov	r10, r2
.Ltmp3:
	mov	r11, r1
.Ltmp4:
	.loc	2 284 3 prologue_end    @ ../Libraries/lwip-1.4.1/src/core/ipv4/inet_chksum.c:284:3
	cbz	r0, .LBB0_4
.Ltmp5:
@ %bb.1:
	@DEBUG_VALUE: inet_chksum_pseudo:proto_len <- $r8
	@DEBUG_VALUE: inet_chksum_pseudo:q <- $r0
	@DEBUG_VALUE: inet_chksum_pseudo:p <- $r0
	.loc	2 0 3 is_stmt 0         @ ../Libraries/lwip-1.4.1/src/core/ipv4/inet_chksum.c:0:3
	mov	r4, r0
.Ltmp6:
	@DEBUG_VALUE: inet_chksum_pseudo:p <- $r4
	@DEBUG_VALUE: inet_chksum_pseudo:p <- $r4
	@DEBUG_VALUE: inet_chksum_pseudo:q <- $r4
	movs	r6, #0
	movs	r7, #0
.Ltmp7:
	.p2align	2
.LBB0_2:                                @ =>This Inner Loop Header: Depth=1
	@DEBUG_VALUE: inet_chksum_pseudo:q <- $r4
	@DEBUG_VALUE: inet_chksum_pseudo:p <- $r4
	@DEBUG_VALUE: inet_chksum_pseudo:proto_len <- $r8
	@DEBUG_VALUE: inet_chksum_pseudo:q <- $r4
	@DEBUG_VALUE: inet_chksum_pseudo:acc <- $r7
	@DEBUG_VALUE: inet_chksum_pseudo:swapped <- $r6
	.loc	2 287 39 is_stmt 1      @ ../Libraries/lwip-1.4.1/src/core/ipv4/inet_chksum.c:287:39
	ldrh	r5, [r4, #10]
	.loc	2 287 27 is_stmt 0      @ ../Libraries/lwip-1.4.1/src/core/ipv4/inet_chksum.c:287:27
	ldr	r0, [r4, #4]
	.loc	2 287 12                @ ../Libraries/lwip-1.4.1/src/core/ipv4/inet_chksum.c:287:12
	mov	r1, r5
	bl	lwip_standard_chksum
	.loc	2 287 9                 @ ../Libraries/lwip-1.4.1/src/core/ipv4/inet_chksum.c:287:9
	add	r0, r7
.Ltmp8:
	@DEBUG_VALUE: inet_chksum_pseudo:acc <- $r0
	.loc	2 291 11 is_stmt 1      @ ../Libraries/lwip-1.4.1/src/core/ipv4/inet_chksum.c:291:11
	lsrs	r1, r0, #16
	uxtah	r0, r1, r0
.Ltmp9:
	@DEBUG_VALUE: inet_chksum_pseudo:acc <- $r0
	.loc	2 292 9                 @ ../Libraries/lwip-1.4.1/src/core/ipv4/inet_chksum.c:292:9
	lsls	r1, r5, #31
	.loc	2 0 0 is_stmt 0         @ ../Libraries/lwip-1.4.1/src/core/ipv4/inet_chksum.c:0:0
	iteee	eq
	moveq	r7, r0
.Ltmp10:
	.loc	2 294 13 is_stmt 1      @ ../Libraries/lwip-1.4.1/src/core/ipv4/inet_chksum.c:294:13
	ubfxne	r7, r0, #8, #8
	bfine	r7, r0, #8, #8
.Ltmp11:
	@DEBUG_VALUE: inet_chksum_pseudo:acc <- $r7
	.loc	2 293 19                @ ../Libraries/lwip-1.4.1/src/core/ipv4/inet_chksum.c:293:19
	rsbne.w	r6, r6, #1
.Ltmp12:
	@DEBUG_VALUE: inet_chksum_pseudo:swapped <- $r6
	@DEBUG_VALUE: inet_chksum_pseudo:acc <- $r7
	@DEBUG_VALUE: inet_chksum_pseudo:swapped <- $r6
	.loc	2 284 32                @ ../Libraries/lwip-1.4.1/src/core/ipv4/inet_chksum.c:284:32
	ldr	r4, [r4]
.Ltmp13:
	@DEBUG_VALUE: inet_chksum_pseudo:q <- $r4
	.loc	2 284 3 is_stmt 0       @ ../Libraries/lwip-1.4.1/src/core/ipv4/inet_chksum.c:284:3
	cmp	r4, #0
	bne	.LBB0_2
.Ltmp14:
@ %bb.3:
	@DEBUG_VALUE: inet_chksum_pseudo:swapped <- $r6
	@DEBUG_VALUE: inet_chksum_pseudo:acc <- $r7
	@DEBUG_VALUE: inet_chksum_pseudo:q <- $r4
	@DEBUG_VALUE: inet_chksum_pseudo:proto_len <- $r8
	.loc	2 299 7 is_stmt 1       @ ../Libraries/lwip-1.4.1/src/core/ipv4/inet_chksum.c:299:7
	lsls	r0, r6, #24
.Ltmp15:
	.loc	2 300 11                @ ../Libraries/lwip-1.4.1/src/core/ipv4/inet_chksum.c:300:11
	itte	ne
	ubfxne	r0, r7, #8, #8
	bfine	r0, r7, #8, #8
.Ltmp16:
	@DEBUG_VALUE: inet_chksum_pseudo:acc <- $r0
	.loc	2 0 0 is_stmt 0         @ ../Libraries/lwip-1.4.1/src/core/ipv4/inet_chksum.c:0:0
	moveq	r0, r7
.Ltmp17:
	b	.LBB0_5
.Ltmp18:
.LBB0_4:
	@DEBUG_VALUE: inet_chksum_pseudo:proto_len <- $r8
	@DEBUG_VALUE: inet_chksum_pseudo:q <- $r0
	@DEBUG_VALUE: inet_chksum_pseudo:p <- $r0
	movs	r0, #0
.Ltmp19:
.LBB0_5:
	@DEBUG_VALUE: inet_chksum_pseudo:proto_len <- $r8
	@DEBUG_VALUE: inet_chksum_pseudo:acc <- $r0
	.loc	2 302 10 is_stmt 1      @ ../Libraries/lwip-1.4.1/src/core/ipv4/inet_chksum.c:302:10
	ldr.w	r1, [r11]
.Ltmp20:
	@DEBUG_VALUE: inet_chksum_pseudo:addr <- $r1
	.loc	2 303 7                 @ ../Libraries/lwip-1.4.1/src/core/ipv4/inet_chksum.c:303:7
	uxtah	r0, r0, r1
.Ltmp21:
	@DEBUG_VALUE: inet_chksum_pseudo:acc <- $r0
	.loc	2 304 7                 @ ../Libraries/lwip-1.4.1/src/core/ipv4/inet_chksum.c:304:7
	add.w	r0, r0, r1, lsr #16
.Ltmp22:
	@DEBUG_VALUE: inet_chksum_pseudo:acc <- $r0
	.loc	2 305 10                @ ../Libraries/lwip-1.4.1/src/core/ipv4/inet_chksum.c:305:10
	ldr.w	r1, [r10]
.Ltmp23:
	@DEBUG_VALUE: inet_chksum_pseudo:addr <- $r1
	.loc	2 306 7                 @ ../Libraries/lwip-1.4.1/src/core/ipv4/inet_chksum.c:306:7
	uxtah	r0, r0, r1
.Ltmp24:
	@DEBUG_VALUE: inet_chksum_pseudo:acc <- $r0
	.loc	2 307 7                 @ ../Libraries/lwip-1.4.1/src/core/ipv4/inet_chksum.c:307:7
	add.w	r4, r0, r1, lsr #16
.Ltmp25:
	@DEBUG_VALUE: inet_chksum_pseudo:acc <- $r4
	.loc	2 308 17                @ ../Libraries/lwip-1.4.1/src/core/ipv4/inet_chksum.c:308:17
	mov	r0, r9
	bl	lwip_htons
.Ltmp26:
	.loc	2 308 7 is_stmt 0       @ ../Libraries/lwip-1.4.1/src/core/ipv4/inet_chksum.c:308:7
	add	r4, r0
.Ltmp27:
	@DEBUG_VALUE: inet_chksum_pseudo:acc <- $r4
	.loc	2 309 17 is_stmt 1      @ ../Libraries/lwip-1.4.1/src/core/ipv4/inet_chksum.c:309:17
	mov	r0, r8
	bl	lwip_htons
	.loc	2 309 7 is_stmt 0       @ ../Libraries/lwip-1.4.1/src/core/ipv4/inet_chksum.c:309:7
	add	r0, r4
.Ltmp28:
	@DEBUG_VALUE: inet_chksum_pseudo:acc <- $r0
	.loc	2 313 9 is_stmt 1       @ ../Libraries/lwip-1.4.1/src/core/ipv4/inet_chksum.c:313:9
	lsrs	r1, r0, #16
	uxtah	r0, r1, r0
.Ltmp29:
	@DEBUG_VALUE: inet_chksum_pseudo:acc <- $r0
	.loc	2 314 9                 @ ../Libraries/lwip-1.4.1/src/core/ipv4/inet_chksum.c:314:9
	add.w	r0, r0, r0, lsr #16
.Ltmp30:
	@DEBUG_VALUE: inet_chksum_pseudo:acc <- $r0
	.loc	2 316 10                @ ../Libraries/lwip-1.4.1/src/core/ipv4/inet_chksum.c:316:10
	mvns	r0, r0
.Ltmp31:
	.loc	2 316 3 is_stmt 0       @ ../Libraries/lwip-1.4.1/src/core/ipv4/inet_chksum.c:316:3
	uxth	r0, r0
	add	sp, #4
	pop.w	{r4, r5, r6, r7, r8, r9, r10, r11, pc}
.Ltmp32:
.Lfunc_end0:
	.size	inet_chksum_pseudo, .Lfunc_end0-inet_chksum_pseudo
	.cfi_endproc
	.cantunwind
	.fnend
                                        @ -- End function
	.section	.text.lwip_standard_chksum,"ax",%progbits
	.p2align	1               @ -- Begin function lwip_standard_chksum
	.type	lwip_standard_chksum,%function
	.code	16                      @ @lwip_standard_chksum
	.thumb_func
lwip_standard_chksum:
.Lfunc_begin1:
	.loc	2 136 0 is_stmt 1       @ ../Libraries/lwip-1.4.1/src/core/ipv4/inet_chksum.c:136:0
	.fnstart
	.cfi_startproc
@ %bb.0:
	.save	{r4, r5, r6, lr}
	push	{r4, r5, r6, lr}
	.cfi_def_cfa_offset 16
	.cfi_offset lr, -4
	.cfi_offset r6, -8
	.cfi_offset r5, -12
	.cfi_offset r4, -16
	@DEBUG_VALUE: lwip_standard_chksum:dataptr <- $r0
	@DEBUG_VALUE: lwip_standard_chksum:dataptr <- $r0
	@DEBUG_VALUE: lwip_standard_chksum:len <- $r1
	@DEBUG_VALUE: lwip_standard_chksum:len <- $r1
.Ltmp33:
	@DEBUG_VALUE: lwip_standard_chksum:pb <- $r0
	@DEBUG_VALUE: lwip_standard_chksum:pb <- $r0
	@DEBUG_VALUE: lwip_standard_chksum:t <- [DW_OP_LLVM_fragment 0 8] 0
	@DEBUG_VALUE: lwip_standard_chksum:t <- [DW_OP_LLVM_fragment 8 8] 0
	@DEBUG_VALUE: lwip_standard_chksum:sum <- 0
	.loc	2 140 28 prologue_end   @ ../Libraries/lwip-1.4.1/src/core/ipv4/inet_chksum.c:140:28
	and	lr, r0, #1
.Ltmp34:
	@DEBUG_VALUE: lwip_standard_chksum:odd <- $lr
	.loc	2 0 28 is_stmt 0        @ ../Libraries/lwip-1.4.1/src/core/ipv4/inet_chksum.c:0:28
	mov.w	r12, #0
.Ltmp35:
	.loc	2 143 11 is_stmt 1      @ ../Libraries/lwip-1.4.1/src/core/ipv4/inet_chksum.c:143:11
	cmp	r1, #1
	blt	.LBB1_2
.Ltmp36:
@ %bb.1:
	@DEBUG_VALUE: lwip_standard_chksum:odd <- $lr
	@DEBUG_VALUE: lwip_standard_chksum:pb <- $r0
	@DEBUG_VALUE: lwip_standard_chksum:len <- $r1
	@DEBUG_VALUE: lwip_standard_chksum:dataptr <- $r0
	cmp.w	lr, #0
	@DEBUG_VALUE: lwip_standard_chksum:pb <- $r0
.Ltmp37:
	@DEBUG_VALUE: lwip_standard_chksum:t <- [DW_OP_LLVM_fragment 8 8] undef
	.loc	2 145 8                 @ ../Libraries/lwip-1.4.1/src/core/ipv4/inet_chksum.c:145:8
	ittt	ne
	subne	r1, #1
.Ltmp38:
	@DEBUG_VALUE: lwip_standard_chksum:len <- $r1
	.loc	2 144 23                @ ../Libraries/lwip-1.4.1/src/core/ipv4/inet_chksum.c:144:23
	ldrbne	r2, [r0], #1
.Ltmp39:
	.loc	2 146 3                 @ ../Libraries/lwip-1.4.1/src/core/ipv4/inet_chksum.c:146:3
	lslne.w	r12, r2, #8
.Ltmp40:
.LBB1_2:
	@DEBUG_VALUE: lwip_standard_chksum:odd <- $lr
	@DEBUG_VALUE: lwip_standard_chksum:len <- $r1
	@DEBUG_VALUE: lwip_standard_chksum:len <- $r1
	@DEBUG_VALUE: lwip_standard_chksum:pb <- $r0
	@DEBUG_VALUE: lwip_standard_chksum:sum <- 0
	.loc	2 150 3                 @ ../Libraries/lwip-1.4.1/src/core/ipv4/inet_chksum.c:150:3
	cmp	r1, #2
	blt	.LBB1_6
.Ltmp41:
@ %bb.3:
	@DEBUG_VALUE: lwip_standard_chksum:odd <- $lr
	@DEBUG_VALUE: lwip_standard_chksum:pb <- $r0
	@DEBUG_VALUE: lwip_standard_chksum:len <- $r1
	.loc	2 151 15                @ ../Libraries/lwip-1.4.1/src/core/ipv4/inet_chksum.c:151:15
	subs	r2, r1, #2
	bic	r5, r2, #1
.Ltmp42:
	@DEBUG_VALUE: lwip_standard_chksum:ps <- $r0
	.loc	2 149 8                 @ ../Libraries/lwip-1.4.1/src/core/ipv4/inet_chksum.c:149:8
	adds	r3, r0, r5
.Ltmp43:
	.loc	2 151 15                @ ../Libraries/lwip-1.4.1/src/core/ipv4/inet_chksum.c:151:15
	adds	r4, r3, #2
	movs	r3, #0
.Ltmp44:
	.p2align	2
.LBB1_4:                                @ =>This Inner Loop Header: Depth=1
	@DEBUG_VALUE: lwip_standard_chksum:ps <- $r0
	@DEBUG_VALUE: lwip_standard_chksum:odd <- $lr
	@DEBUG_VALUE: lwip_standard_chksum:pb <- $r0
	@DEBUG_VALUE: lwip_standard_chksum:len <- $r1
	@DEBUG_VALUE: lwip_standard_chksum:len <- $r1
	@DEBUG_VALUE: lwip_standard_chksum:sum <- $r3
	@DEBUG_VALUE: lwip_standard_chksum:ps <- $r0
	.loc	2 151 12 is_stmt 0      @ ../Libraries/lwip-1.4.1/src/core/ipv4/inet_chksum.c:151:12
	ldrh	r6, [r0], #2
.Ltmp45:
	.loc	2 152 9 is_stmt 1       @ ../Libraries/lwip-1.4.1/src/core/ipv4/inet_chksum.c:152:9
	subs	r1, #2
.Ltmp46:
	@DEBUG_VALUE: lwip_standard_chksum:len <- $r1
	.loc	2 150 3                 @ ../Libraries/lwip-1.4.1/src/core/ipv4/inet_chksum.c:150:3
	cmp	r1, #1
.Ltmp47:
	.loc	2 151 9                 @ ../Libraries/lwip-1.4.1/src/core/ipv4/inet_chksum.c:151:9
	add	r3, r6
.Ltmp48:
	@DEBUG_VALUE: lwip_standard_chksum:sum <- $r3
	.loc	2 150 3                 @ ../Libraries/lwip-1.4.1/src/core/ipv4/inet_chksum.c:150:3
	bgt	.LBB1_4
.Ltmp49:
@ %bb.5:
	@DEBUG_VALUE: lwip_standard_chksum:sum <- $r3
	@DEBUG_VALUE: lwip_standard_chksum:odd <- $lr
	@DEBUG_VALUE: lwip_standard_chksum:len <- $r1
	.loc	2 151 15                @ ../Libraries/lwip-1.4.1/src/core/ipv4/inet_chksum.c:151:15
	subs	r1, r2, r5
.Ltmp50:
	.loc	2 0 0 is_stmt 0         @ ../Libraries/lwip-1.4.1/src/core/ipv4/inet_chksum.c:0:0
	mov	r0, r4
	b	.LBB1_7
.Ltmp51:
.LBB1_6:
	@DEBUG_VALUE: lwip_standard_chksum:odd <- $lr
	@DEBUG_VALUE: lwip_standard_chksum:pb <- $r0
	@DEBUG_VALUE: lwip_standard_chksum:len <- $r1
	movs	r3, #0
.Ltmp52:
.LBB1_7:
	@DEBUG_VALUE: lwip_standard_chksum:odd <- $lr
	@DEBUG_VALUE: lwip_standard_chksum:len <- $r1
	@DEBUG_VALUE: lwip_standard_chksum:sum <- $r3
	.loc	2 156 7 is_stmt 1       @ ../Libraries/lwip-1.4.1/src/core/ipv4/inet_chksum.c:156:7
	cmp	r1, #1
.Ltmp53:
	.loc	2 157 23                @ ../Libraries/lwip-1.4.1/src/core/ipv4/inet_chksum.c:157:23
	ite	eq
	ldrbeq	r0, [r0]
.Ltmp54:
	@DEBUG_VALUE: lwip_standard_chksum:t <- [DW_OP_LLVM_fragment 0 8] undef
	.loc	2 0 23 is_stmt 0        @ ../Libraries/lwip-1.4.1/src/core/ipv4/inet_chksum.c:0:23
	movne	r0, #0
.Ltmp55:
	.loc	2 161 10 is_stmt 1      @ ../Libraries/lwip-1.4.1/src/core/ipv4/inet_chksum.c:161:10
	orr.w	r0, r0, r12
	.loc	2 169 7                 @ ../Libraries/lwip-1.4.1/src/core/ipv4/inet_chksum.c:169:7
	cmp.w	lr, #0
	.loc	2 161 7                 @ ../Libraries/lwip-1.4.1/src/core/ipv4/inet_chksum.c:161:7
	add	r0, r3
.Ltmp56:
	@DEBUG_VALUE: lwip_standard_chksum:sum <- $r0
	.loc	2 165 9                 @ ../Libraries/lwip-1.4.1/src/core/ipv4/inet_chksum.c:165:9
	lsr.w	r1, r0, #16
.Ltmp57:
	uxtah	r0, r1, r0
.Ltmp58:
	@DEBUG_VALUE: lwip_standard_chksum:sum <- $r0
	.loc	2 166 9                 @ ../Libraries/lwip-1.4.1/src/core/ipv4/inet_chksum.c:166:9
	lsr.w	r1, r0, #16
	uxtah	r1, r1, r0
.Ltmp59:
	@DEBUG_VALUE: lwip_standard_chksum:sum <- $r1
	.loc	2 170 11                @ ../Libraries/lwip-1.4.1/src/core/ipv4/inet_chksum.c:170:11
	itte	ne
	ubfxne	r0, r1, #8, #8
	bfine	r0, r1, #8, #8
.Ltmp60:
	@DEBUG_VALUE: lwip_standard_chksum:sum <- $r0
	.loc	2 0 0 is_stmt 0         @ ../Libraries/lwip-1.4.1/src/core/ipv4/inet_chksum.c:0:0
	moveq	r0, r1
.Ltmp61:
	@DEBUG_VALUE: lwip_standard_chksum:sum <- $r0
	.loc	2 173 3 is_stmt 1       @ ../Libraries/lwip-1.4.1/src/core/ipv4/inet_chksum.c:173:3
	uxth	r0, r0
.Ltmp62:
	pop	{r4, r5, r6, pc}
.Ltmp63:
.Lfunc_end1:
	.size	lwip_standard_chksum, .Lfunc_end1-lwip_standard_chksum
	.cfi_endproc
	.cantunwind
	.fnend
                                        @ -- End function
	.section	.text.inet_chksum_pseudo_partial,"ax",%progbits
	.hidden	inet_chksum_pseudo_partial @ -- Begin function inet_chksum_pseudo_partial
	.globl	inet_chksum_pseudo_partial
	.p2align	1
	.type	inet_chksum_pseudo_partial,%function
	.code	16                      @ @inet_chksum_pseudo_partial
	.thumb_func
inet_chksum_pseudo_partial:
.Lfunc_begin2:
	.loc	2 335 0                 @ ../Libraries/lwip-1.4.1/src/core/ipv4/inet_chksum.c:335:0
	.fnstart
	.cfi_startproc
@ %bb.0:
	.save	{r4, r5, r6, r7, r8, r9, r10, r11, lr}
	push.w	{r4, r5, r6, r7, r8, r9, r10, r11, lr}
	.cfi_def_cfa_offset 36
	.cfi_offset lr, -4
	.cfi_offset r11, -8
	.cfi_offset r10, -12
	.cfi_offset r9, -16
	.cfi_offset r8, -20
	.cfi_offset r7, -24
	.cfi_offset r6, -28
	.cfi_offset r5, -32
	.cfi_offset r4, -36
	.pad	#4
	sub	sp, #4
	.cfi_def_cfa_offset 40
	@DEBUG_VALUE: inet_chksum_pseudo_partial:p <- $r0
	@DEBUG_VALUE: inet_chksum_pseudo_partial:src <- $r1
	@DEBUG_VALUE: inet_chksum_pseudo_partial:dest <- $r2
	@DEBUG_VALUE: inet_chksum_pseudo_partial:proto <- $r3
.Ltmp64:
	@DEBUG_VALUE: inet_chksum_pseudo_partial:q <- $r0
	ldrd	r6, r4, [sp, #40]
	@DEBUG_VALUE: inet_chksum_pseudo_partial:proto_len <- $r6
	@DEBUG_VALUE: inet_chksum_pseudo_partial:chksum_len <- $r4
.Ltmp65:
	@DEBUG_VALUE: inet_chksum_pseudo_partial:swapped <- 0
	@DEBUG_VALUE: inet_chksum_pseudo_partial:acc <- 0
	@DEBUG_VALUE: inet_chksum_pseudo_partial:q <- $r5
	@DEBUG_VALUE: inet_chksum_pseudo_partial:proto <- $r3
	@DEBUG_VALUE: inet_chksum_pseudo_partial:dest <- $r10
	@DEBUG_VALUE: inet_chksum_pseudo_partial:src <- $r11
	@DEBUG_VALUE: inet_chksum_pseudo_partial:p <- $r5
	mov	r5, r0
.Ltmp66:
	mov	r10, r2
.Ltmp67:
	mov	r11, r1
.Ltmp68:
	movs	r0, #0
.Ltmp69:
	.loc	2 345 3 prologue_end    @ ../Libraries/lwip-1.4.1/src/core/ipv4/inet_chksum.c:345:3
	cbz	r4, .LBB2_6
.Ltmp70:
@ %bb.1:
	@DEBUG_VALUE: inet_chksum_pseudo_partial:chksum_len <- $r4
	@DEBUG_VALUE: inet_chksum_pseudo_partial:proto_len <- $r6
	@DEBUG_VALUE: inet_chksum_pseudo_partial:proto <- $r3
	cbz	r5, .LBB2_6
.Ltmp71:
@ %bb.2:
	@DEBUG_VALUE: inet_chksum_pseudo_partial:chksum_len <- $r4
	@DEBUG_VALUE: inet_chksum_pseudo_partial:proto_len <- $r6
	@DEBUG_VALUE: inet_chksum_pseudo_partial:proto <- $r3
	.loc	2 0 3 is_stmt 0         @ ../Libraries/lwip-1.4.1/src/core/ipv4/inet_chksum.c:0:3
	movs	r6, #0
.Ltmp72:
	movs	r7, #0
	str	r3, [sp]                @ 4-byte Spill
.Ltmp73:
	@DEBUG_VALUE: inet_chksum_pseudo_partial:proto <- [$sp+0]
	.p2align	2
.LBB2_3:                                @ =>This Inner Loop Header: Depth=1
	@DEBUG_VALUE: inet_chksum_pseudo_partial:proto <- [$sp+0]
	@DEBUG_VALUE: inet_chksum_pseudo_partial:chksum_len <- $r4
	@DEBUG_VALUE: inet_chksum_pseudo_partial:q <- $r5
	@DEBUG_VALUE: inet_chksum_pseudo_partial:acc <- $r7
	@DEBUG_VALUE: inet_chksum_pseudo_partial:swapped <- $r6
	@DEBUG_VALUE: inet_chksum_pseudo_partial:chksum_len <- $r4
	.loc	2 348 17 is_stmt 1      @ ../Libraries/lwip-1.4.1/src/core/ipv4/inet_chksum.c:348:17
	ldrh.w	r9, [r5, #10]
.Ltmp74:
	@DEBUG_VALUE: inet_chksum_pseudo_partial:chklen <- $r9
	.loc	2 349 16                @ ../Libraries/lwip-1.4.1/src/core/ipv4/inet_chksum.c:349:16
	uxth	r0, r4
.Ltmp75:
	.loc	2 349 9 is_stmt 0       @ ../Libraries/lwip-1.4.1/src/core/ipv4/inet_chksum.c:349:9
	mov	r8, r9
	cmp	r9, r0
	it	hi
	movhi	r8, r4
.Ltmp76:
	@DEBUG_VALUE: inet_chksum_pseudo_partial:chklen <- $r8
	.loc	2 352 27 is_stmt 1      @ ../Libraries/lwip-1.4.1/src/core/ipv4/inet_chksum.c:352:27
	ldr	r0, [r5, #4]
	.loc	2 352 36 is_stmt 0      @ ../Libraries/lwip-1.4.1/src/core/ipv4/inet_chksum.c:352:36
	uxth.w	r1, r8
	.loc	2 352 12                @ ../Libraries/lwip-1.4.1/src/core/ipv4/inet_chksum.c:352:12
	bl	lwip_standard_chksum
	.loc	2 352 9                 @ ../Libraries/lwip-1.4.1/src/core/ipv4/inet_chksum.c:352:9
	add	r0, r7
.Ltmp77:
	@DEBUG_VALUE: inet_chksum_pseudo_partial:acc <- $r0
	.loc	2 353 16 is_stmt 1      @ ../Libraries/lwip-1.4.1/src/core/ipv4/inet_chksum.c:353:16
	sub.w	r4, r4, r8
.Ltmp78:
	@DEBUG_VALUE: inet_chksum_pseudo_partial:chksum_len <- $r4
	.loc	2 357 11                @ ../Libraries/lwip-1.4.1/src/core/ipv4/inet_chksum.c:357:11
	lsrs	r1, r0, #16
	uxtah	r0, r1, r0
.Ltmp79:
	@DEBUG_VALUE: inet_chksum_pseudo_partial:acc <- $r0
	.loc	2 358 9                 @ ../Libraries/lwip-1.4.1/src/core/ipv4/inet_chksum.c:358:9
	lsls.w	r1, r9, #31
	.loc	2 0 0 is_stmt 0         @ ../Libraries/lwip-1.4.1/src/core/ipv4/inet_chksum.c:0:0
	iteee	eq
	moveq	r7, r0
.Ltmp80:
	.loc	2 360 13 is_stmt 1      @ ../Libraries/lwip-1.4.1/src/core/ipv4/inet_chksum.c:360:13
	ubfxne	r7, r0, #8, #8
	bfine	r7, r0, #8, #8
.Ltmp81:
	@DEBUG_VALUE: inet_chksum_pseudo_partial:acc <- $r7
	.loc	2 359 19                @ ../Libraries/lwip-1.4.1/src/core/ipv4/inet_chksum.c:359:19
	rsbne.w	r6, r6, #1
.Ltmp82:
	@DEBUG_VALUE: inet_chksum_pseudo_partial:swapped <- $r6
	@DEBUG_VALUE: inet_chksum_pseudo_partial:acc <- $r7
	@DEBUG_VALUE: inet_chksum_pseudo_partial:swapped <- $r6
	.loc	2 345 3                 @ ../Libraries/lwip-1.4.1/src/core/ipv4/inet_chksum.c:345:3
	lsls	r0, r4, #16
	beq	.LBB2_5
.Ltmp83:
@ %bb.4:                                @   in Loop: Header=BB2_3 Depth=1
	@DEBUG_VALUE: inet_chksum_pseudo_partial:proto <- [$sp+0]
	@DEBUG_VALUE: inet_chksum_pseudo_partial:chklen <- $r8
	@DEBUG_VALUE: inet_chksum_pseudo_partial:swapped <- $r6
	@DEBUG_VALUE: inet_chksum_pseudo_partial:acc <- $r7
	@DEBUG_VALUE: inet_chksum_pseudo_partial:q <- $r5
	@DEBUG_VALUE: inet_chksum_pseudo_partial:chksum_len <- $r4
	.loc	2 0 0 is_stmt 0         @ ../Libraries/lwip-1.4.1/src/core/ipv4/inet_chksum.c:0:0
	ldr	r5, [r5]
.Ltmp84:
	@DEBUG_VALUE: inet_chksum_pseudo_partial:q <- $r5
	.loc	2 345 3                 @ ../Libraries/lwip-1.4.1/src/core/ipv4/inet_chksum.c:345:3
	cmp	r5, #0
	bne	.LBB2_3
.Ltmp85:
.LBB2_5:
	@DEBUG_VALUE: inet_chksum_pseudo_partial:proto <- [$sp+0]
	@DEBUG_VALUE: inet_chksum_pseudo_partial:chklen <- $r8
	@DEBUG_VALUE: inet_chksum_pseudo_partial:swapped <- $r6
	@DEBUG_VALUE: inet_chksum_pseudo_partial:acc <- $r7
	@DEBUG_VALUE: inet_chksum_pseudo_partial:q <- $r5
	@DEBUG_VALUE: inet_chksum_pseudo_partial:chksum_len <- $r4
	.loc	2 365 7 is_stmt 1       @ ../Libraries/lwip-1.4.1/src/core/ipv4/inet_chksum.c:365:7
	lsls	r0, r6, #24
	ldr	r6, [sp, #40]
.Ltmp86:
	.loc	2 366 11                @ ../Libraries/lwip-1.4.1/src/core/ipv4/inet_chksum.c:366:11
	itte	ne
	ubfxne	r0, r7, #8, #8
	bfine	r0, r7, #8, #8
.Ltmp87:
	.loc	2 0 0 is_stmt 0         @ ../Libraries/lwip-1.4.1/src/core/ipv4/inet_chksum.c:0:0
	moveq	r0, r7
.Ltmp88:
	@DEBUG_VALUE: inet_chksum_pseudo_partial:acc <- $r0
	ldr	r3, [sp]                @ 4-byte Reload
.Ltmp89:
.LBB2_6:
	@DEBUG_VALUE: inet_chksum_pseudo_partial:chksum_len <- $r4
	@DEBUG_VALUE: inet_chksum_pseudo_partial:acc <- $r0
	.loc	2 368 10 is_stmt 1      @ ../Libraries/lwip-1.4.1/src/core/ipv4/inet_chksum.c:368:10
	ldr.w	r1, [r11]
.Ltmp90:
	@DEBUG_VALUE: inet_chksum_pseudo_partial:addr <- $r1
	.loc	2 369 7                 @ ../Libraries/lwip-1.4.1/src/core/ipv4/inet_chksum.c:369:7
	uxtah	r0, r0, r1
.Ltmp91:
	@DEBUG_VALUE: inet_chksum_pseudo_partial:acc <- $r0
	.loc	2 370 7                 @ ../Libraries/lwip-1.4.1/src/core/ipv4/inet_chksum.c:370:7
	add.w	r0, r0, r1, lsr #16
.Ltmp92:
	@DEBUG_VALUE: inet_chksum_pseudo_partial:acc <- $r0
	.loc	2 371 10                @ ../Libraries/lwip-1.4.1/src/core/ipv4/inet_chksum.c:371:10
	ldr.w	r1, [r10]
.Ltmp93:
	@DEBUG_VALUE: inet_chksum_pseudo_partial:addr <- $r1
	.loc	2 372 7                 @ ../Libraries/lwip-1.4.1/src/core/ipv4/inet_chksum.c:372:7
	uxtah	r0, r0, r1
.Ltmp94:
	@DEBUG_VALUE: inet_chksum_pseudo_partial:acc <- $r0
	.loc	2 373 7                 @ ../Libraries/lwip-1.4.1/src/core/ipv4/inet_chksum.c:373:7
	add.w	r4, r0, r1, lsr #16
.Ltmp95:
	@DEBUG_VALUE: inet_chksum_pseudo_partial:acc <- $r4
	.loc	2 374 17                @ ../Libraries/lwip-1.4.1/src/core/ipv4/inet_chksum.c:374:17
	mov	r0, r3
	bl	lwip_htons
.Ltmp96:
	.loc	2 374 7 is_stmt 0       @ ../Libraries/lwip-1.4.1/src/core/ipv4/inet_chksum.c:374:7
	add	r4, r0
.Ltmp97:
	@DEBUG_VALUE: inet_chksum_pseudo_partial:acc <- $r4
	.loc	2 375 17 is_stmt 1      @ ../Libraries/lwip-1.4.1/src/core/ipv4/inet_chksum.c:375:17
	mov	r0, r6
	bl	lwip_htons
	.loc	2 375 7 is_stmt 0       @ ../Libraries/lwip-1.4.1/src/core/ipv4/inet_chksum.c:375:7
	add	r0, r4
.Ltmp98:
	@DEBUG_VALUE: inet_chksum_pseudo_partial:acc <- $r0
	.loc	2 379 9 is_stmt 1       @ ../Libraries/lwip-1.4.1/src/core/ipv4/inet_chksum.c:379:9
	lsrs	r1, r0, #16
	uxtah	r0, r1, r0
.Ltmp99:
	@DEBUG_VALUE: inet_chksum_pseudo_partial:acc <- $r0
	.loc	2 380 9                 @ ../Libraries/lwip-1.4.1/src/core/ipv4/inet_chksum.c:380:9
	add.w	r0, r0, r0, lsr #16
.Ltmp100:
	@DEBUG_VALUE: inet_chksum_pseudo_partial:acc <- $r0
	.loc	2 382 10                @ ../Libraries/lwip-1.4.1/src/core/ipv4/inet_chksum.c:382:10
	mvns	r0, r0
.Ltmp101:
	.loc	2 382 3 is_stmt 0       @ ../Libraries/lwip-1.4.1/src/core/ipv4/inet_chksum.c:382:3
	uxth	r0, r0
	add	sp, #4
	pop.w	{r4, r5, r6, r7, r8, r9, r10, r11, pc}
.Ltmp102:
.Lfunc_end2:
	.size	inet_chksum_pseudo_partial, .Lfunc_end2-inet_chksum_pseudo_partial
	.cfi_endproc
	.cantunwind
	.fnend
                                        @ -- End function
	.section	.text.inet_chksum,"ax",%progbits
	.hidden	inet_chksum             @ -- Begin function inet_chksum
	.globl	inet_chksum
	.p2align	1
	.type	inet_chksum,%function
	.code	16                      @ @inet_chksum
	.thumb_func
inet_chksum:
.Lfunc_begin3:
	.loc	2 397 0 is_stmt 1       @ ../Libraries/lwip-1.4.1/src/core/ipv4/inet_chksum.c:397:0
	.fnstart
	.cfi_startproc
@ %bb.0:
	.save	{r7, lr}
	push	{r7, lr}
	.cfi_def_cfa_offset 8
	.cfi_offset lr, -4
	.cfi_offset r7, -8
	@DEBUG_VALUE: inet_chksum:dataptr <- $r0
	@DEBUG_VALUE: inet_chksum:dataptr <- $r0
	@DEBUG_VALUE: inet_chksum:len <- $r1
	@DEBUG_VALUE: inet_chksum:len <- $r1
	@DEBUG_VALUE: inet_chksum:len <- $r1
	@DEBUG_VALUE: inet_chksum:dataptr <- $r0
.Ltmp103:
	.loc	2 398 11 prologue_end   @ ../Libraries/lwip-1.4.1/src/core/ipv4/inet_chksum.c:398:11
	bl	lwip_standard_chksum
.Ltmp104:
	.loc	2 0 11 is_stmt 0        @ ../Libraries/lwip-1.4.1/src/core/ipv4/inet_chksum.c:0:11
	movw	r1, #65535
	.loc	2 398 3                 @ ../Libraries/lwip-1.4.1/src/core/ipv4/inet_chksum.c:398:3
	eors	r0, r1
	pop	{r7, pc}
.Ltmp105:
.Lfunc_end3:
	.size	inet_chksum, .Lfunc_end3-inet_chksum
	.cfi_endproc
	.cantunwind
	.fnend
                                        @ -- End function
	.section	.text.inet_chksum_pbuf,"ax",%progbits
	.hidden	inet_chksum_pbuf        @ -- Begin function inet_chksum_pbuf
	.globl	inet_chksum_pbuf
	.p2align	1
	.type	inet_chksum_pbuf,%function
	.code	16                      @ @inet_chksum_pbuf
	.thumb_func
inet_chksum_pbuf:
.Lfunc_begin4:
	.loc	2 410 0 is_stmt 1       @ ../Libraries/lwip-1.4.1/src/core/ipv4/inet_chksum.c:410:0
	.fnstart
	.cfi_startproc
@ %bb.0:
	.save	{r4, r5, r6, r7, lr}
	push	{r4, r5, r6, r7, lr}
	.cfi_def_cfa_offset 20
	.cfi_offset lr, -4
	.cfi_offset r7, -8
	.cfi_offset r6, -12
	.cfi_offset r5, -16
	.cfi_offset r4, -20
	.pad	#4
	sub	sp, #4
	.cfi_def_cfa_offset 24
	@DEBUG_VALUE: inet_chksum_pbuf:p <- $r0
.Ltmp106:
	@DEBUG_VALUE: inet_chksum_pbuf:q <- $r0
	@DEBUG_VALUE: inet_chksum_pbuf:swapped <- 0
	@DEBUG_VALUE: inet_chksum_pbuf:acc <- 0
	.loc	2 417 3 prologue_end    @ ../Libraries/lwip-1.4.1/src/core/ipv4/inet_chksum.c:417:3
	cbz	r0, .LBB4_4
.Ltmp107:
@ %bb.1:
	@DEBUG_VALUE: inet_chksum_pbuf:q <- $r0
	@DEBUG_VALUE: inet_chksum_pbuf:p <- $r0
	.loc	2 0 3 is_stmt 0         @ ../Libraries/lwip-1.4.1/src/core/ipv4/inet_chksum.c:0:3
	mov	r4, r0
.Ltmp108:
	@DEBUG_VALUE: inet_chksum_pbuf:p <- $r4
	@DEBUG_VALUE: inet_chksum_pbuf:p <- $r4
	@DEBUG_VALUE: inet_chksum_pbuf:q <- $r4
	movs	r6, #0
	movs	r7, #0
.Ltmp109:
	.p2align	2
.LBB4_2:                                @ =>This Inner Loop Header: Depth=1
	@DEBUG_VALUE: inet_chksum_pbuf:q <- $r4
	@DEBUG_VALUE: inet_chksum_pbuf:p <- $r4
	@DEBUG_VALUE: inet_chksum_pbuf:q <- $r4
	@DEBUG_VALUE: inet_chksum_pbuf:acc <- $r7
	@DEBUG_VALUE: inet_chksum_pbuf:swapped <- $r6
	.loc	2 418 39 is_stmt 1      @ ../Libraries/lwip-1.4.1/src/core/ipv4/inet_chksum.c:418:39
	ldrh	r5, [r4, #10]
	.loc	2 418 27 is_stmt 0      @ ../Libraries/lwip-1.4.1/src/core/ipv4/inet_chksum.c:418:27
	ldr	r0, [r4, #4]
	.loc	2 418 12                @ ../Libraries/lwip-1.4.1/src/core/ipv4/inet_chksum.c:418:12
	mov	r1, r5
	bl	lwip_standard_chksum
	.loc	2 418 9                 @ ../Libraries/lwip-1.4.1/src/core/ipv4/inet_chksum.c:418:9
	add	r0, r7
.Ltmp110:
	@DEBUG_VALUE: inet_chksum_pbuf:acc <- $r0
	.loc	2 419 11 is_stmt 1      @ ../Libraries/lwip-1.4.1/src/core/ipv4/inet_chksum.c:419:11
	lsrs	r1, r0, #16
	uxtah	r0, r1, r0
.Ltmp111:
	@DEBUG_VALUE: inet_chksum_pbuf:acc <- $r0
	.loc	2 420 9                 @ ../Libraries/lwip-1.4.1/src/core/ipv4/inet_chksum.c:420:9
	lsls	r1, r5, #31
	.loc	2 0 0 is_stmt 0         @ ../Libraries/lwip-1.4.1/src/core/ipv4/inet_chksum.c:0:0
	iteee	eq
	moveq	r7, r0
.Ltmp112:
	.loc	2 422 13 is_stmt 1      @ ../Libraries/lwip-1.4.1/src/core/ipv4/inet_chksum.c:422:13
	ubfxne	r7, r0, #8, #8
	bfine	r7, r0, #8, #8
.Ltmp113:
	@DEBUG_VALUE: inet_chksum_pbuf:acc <- $r7
	.loc	2 421 19                @ ../Libraries/lwip-1.4.1/src/core/ipv4/inet_chksum.c:421:19
	rsbne.w	r6, r6, #1
.Ltmp114:
	@DEBUG_VALUE: inet_chksum_pbuf:swapped <- $r6
	@DEBUG_VALUE: inet_chksum_pbuf:acc <- $r7
	@DEBUG_VALUE: inet_chksum_pbuf:swapped <- $r6
	.loc	2 417 32                @ ../Libraries/lwip-1.4.1/src/core/ipv4/inet_chksum.c:417:32
	ldr	r4, [r4]
.Ltmp115:
	@DEBUG_VALUE: inet_chksum_pbuf:q <- $r4
	.loc	2 417 3 is_stmt 0       @ ../Libraries/lwip-1.4.1/src/core/ipv4/inet_chksum.c:417:3
	cmp	r4, #0
	bne	.LBB4_2
.Ltmp116:
@ %bb.3:
	@DEBUG_VALUE: inet_chksum_pbuf:swapped <- $r6
	@DEBUG_VALUE: inet_chksum_pbuf:acc <- $r7
	@DEBUG_VALUE: inet_chksum_pbuf:q <- $r4
	.loc	2 426 7 is_stmt 1       @ ../Libraries/lwip-1.4.1/src/core/ipv4/inet_chksum.c:426:7
	lsls	r0, r6, #24
.Ltmp117:
	.loc	2 427 11                @ ../Libraries/lwip-1.4.1/src/core/ipv4/inet_chksum.c:427:11
	itte	ne
	ubfxne	r0, r7, #8, #8
	bfine	r0, r7, #8, #8
.Ltmp118:
	@DEBUG_VALUE: inet_chksum_pbuf:acc <- $r0
	.loc	2 0 0 is_stmt 0         @ ../Libraries/lwip-1.4.1/src/core/ipv4/inet_chksum.c:0:0
	moveq	r0, r7
.Ltmp119:
	b	.LBB4_5
.Ltmp120:
.LBB4_4:
	@DEBUG_VALUE: inet_chksum_pbuf:q <- $r0
	@DEBUG_VALUE: inet_chksum_pbuf:p <- $r0
	movs	r0, #0
.Ltmp121:
.LBB4_5:
	@DEBUG_VALUE: inet_chksum_pbuf:acc <- $r0
	.loc	2 429 10 is_stmt 1      @ ../Libraries/lwip-1.4.1/src/core/ipv4/inet_chksum.c:429:10
	mvns	r0, r0
.Ltmp122:
	.loc	2 429 3 is_stmt 0       @ ../Libraries/lwip-1.4.1/src/core/ipv4/inet_chksum.c:429:3
	uxth	r0, r0
	add	sp, #4
	pop	{r4, r5, r6, r7, pc}
.Ltmp123:
.Lfunc_end4:
	.size	inet_chksum_pbuf, .Lfunc_end4-inet_chksum_pbuf
	.cfi_endproc
	.cantunwind
	.fnend
                                        @ -- End function
	.section	.text.lwip_chksum_copy,"ax",%progbits
	.hidden	lwip_chksum_copy        @ -- Begin function lwip_chksum_copy
	.globl	lwip_chksum_copy
	.p2align	1
	.type	lwip_chksum_copy,%function
	.code	16                      @ @lwip_chksum_copy
	.thumb_func
lwip_chksum_copy:
.Lfunc_begin5:
	.loc	2 446 0 is_stmt 1       @ ../Libraries/lwip-1.4.1/src/core/ipv4/inet_chksum.c:446:0
	.fnstart
	.cfi_startproc
@ %bb.0:
	.save	{r4, r5, r7, lr}
	push	{r4, r5, r7, lr}
	.cfi_def_cfa_offset 16
	.cfi_offset lr, -4
	.cfi_offset r7, -8
	.cfi_offset r5, -12
	.cfi_offset r4, -16
	@DEBUG_VALUE: lwip_chksum_copy:dst <- $r0
	@DEBUG_VALUE: lwip_chksum_copy:src <- $r1
	@DEBUG_VALUE: lwip_chksum_copy:len <- $r2
	mov	r4, r2
	mov	r5, r0
.Ltmp124:
	@DEBUG_VALUE: lwip_chksum_copy:len <- $r4
	@DEBUG_VALUE: lwip_chksum_copy:src <- $r1
	@DEBUG_VALUE: lwip_chksum_copy:dst <- $r5
	@DEBUG_VALUE: lwip_chksum_copy:src <- $r1
	.loc	2 447 3 prologue_end    @ ../Libraries/lwip-1.4.1/src/core/ipv4/inet_chksum.c:447:3
	bl	__aeabi_memcpy
.Ltmp125:
	.loc	2 448 10                @ ../Libraries/lwip-1.4.1/src/core/ipv4/inet_chksum.c:448:10
	mov	r0, r5
	mov	r1, r4
	pop.w	{r4, r5, r7, lr}
.Ltmp126:
	b	lwip_standard_chksum
.Ltmp127:
.Lfunc_end5:
	.size	lwip_chksum_copy, .Lfunc_end5-lwip_chksum_copy
	.cfi_endproc
	.cantunwind
	.fnend
                                        @ -- End function
	.file	3 "F:\\SkyDrive\\OtvoreniProjekti\\HotelSaplast\\fw\\KontrolerHotela\\HC070318\\Project" "../Libraries/lwip-1.4.1/src/include\\lwip/pbuf.h"
	.file	4 "F:\\SkyDrive\\OtvoreniProjekti\\HotelSaplast\\fw\\KontrolerHotela\\HC070318\\Project" "../Libraries/lwip-1.4.1/src/include/ipv4\\lwip/ip_addr.h"
	.section	.debug_str,"MS",%progbits,1
.Linfo_string0:
	.asciz	"Component: ARM Compiler 6.12 Tool: armclang [5d624a00]" @ string offset=0
.Linfo_string1:
	.asciz	"../Libraries/lwip-1.4.1/src/core/ipv4\\inet_chksum.c" @ string offset=55
.Linfo_string2:
	.asciz	"F:\\SkyDrive\\OtvoreniProjekti\\HotelSaplast\\fw\\KontrolerHotela\\HC070318\\Project" @ string offset=107
.Linfo_string3:
	.asciz	"long unsigned int"     @ string offset=185
.Linfo_string4:
	.asciz	"u32_t"                 @ string offset=203
.Linfo_string5:
	.asciz	"unsigned short"        @ string offset=209
.Linfo_string6:
	.asciz	"u16_t"                 @ string offset=224
.Linfo_string7:
	.asciz	"unsigned char"         @ string offset=230
.Linfo_string8:
	.asciz	"u8_t"                  @ string offset=244
.Linfo_string9:
	.asciz	"mem_ptr_t"             @ string offset=249
.Linfo_string10:
	.asciz	"inet_chksum_pseudo"    @ string offset=259
.Linfo_string11:
	.asciz	"lwip_standard_chksum"  @ string offset=278
.Linfo_string12:
	.asciz	"inet_chksum_pseudo_partial" @ string offset=299
.Linfo_string13:
	.asciz	"inet_chksum"           @ string offset=326
.Linfo_string14:
	.asciz	"inet_chksum_pbuf"      @ string offset=338
.Linfo_string15:
	.asciz	"lwip_chksum_copy"      @ string offset=355
.Linfo_string16:
	.asciz	"p"                     @ string offset=372
.Linfo_string17:
	.asciz	"next"                  @ string offset=374
.Linfo_string18:
	.asciz	"payload"               @ string offset=379
.Linfo_string19:
	.asciz	"tot_len"               @ string offset=387
.Linfo_string20:
	.asciz	"len"                   @ string offset=395
.Linfo_string21:
	.asciz	"type"                  @ string offset=399
.Linfo_string22:
	.asciz	"flags"                 @ string offset=404
.Linfo_string23:
	.asciz	"ref"                   @ string offset=410
.Linfo_string24:
	.asciz	"pbuf"                  @ string offset=414
.Linfo_string25:
	.asciz	"src"                   @ string offset=419
.Linfo_string26:
	.asciz	"addr"                  @ string offset=423
.Linfo_string27:
	.asciz	"ip_addr"               @ string offset=428
.Linfo_string28:
	.asciz	"ip_addr_t"             @ string offset=436
.Linfo_string29:
	.asciz	"dest"                  @ string offset=446
.Linfo_string30:
	.asciz	"proto"                 @ string offset=451
.Linfo_string31:
	.asciz	"q"                     @ string offset=457
.Linfo_string32:
	.asciz	"proto_len"             @ string offset=459
.Linfo_string33:
	.asciz	"swapped"               @ string offset=469
.Linfo_string34:
	.asciz	"acc"                   @ string offset=477
.Linfo_string35:
	.asciz	"dataptr"               @ string offset=481
.Linfo_string36:
	.asciz	"int"                   @ string offset=489
.Linfo_string37:
	.asciz	"pb"                    @ string offset=493
.Linfo_string38:
	.asciz	"t"                     @ string offset=496
.Linfo_string39:
	.asciz	"sum"                   @ string offset=498
.Linfo_string40:
	.asciz	"odd"                   @ string offset=502
.Linfo_string41:
	.asciz	"ps"                    @ string offset=506
.Linfo_string42:
	.asciz	"chksum_len"            @ string offset=509
.Linfo_string43:
	.asciz	"chklen"                @ string offset=520
.Linfo_string44:
	.asciz	"dst"                   @ string offset=527
	.section	.debug_loc,"",%progbits
.Ldebug_loc0:
	.long	.Lfunc_begin0
	.long	.Ltmp6
	.short	1                       @ Loc expr size
	.byte	80                      @ DW_OP_reg0
	.long	.Ltmp6
	.long	.Ltmp13
	.short	1                       @ Loc expr size
	.byte	84                      @ DW_OP_reg4
	.long	.Ltmp18
	.long	.Ltmp19
	.short	1                       @ Loc expr size
	.byte	80                      @ DW_OP_reg0
	.long	0
	.long	0
.Ldebug_loc1:
	.long	.Lfunc_begin0
	.long	.Ltmp1
	.short	1                       @ Loc expr size
	.byte	81                      @ DW_OP_reg1
	.long	.Ltmp1
	.long	.Ltmp4
	.short	1                       @ Loc expr size
	.byte	91                      @ DW_OP_reg11
	.long	0
	.long	0
.Ldebug_loc2:
	.long	.Lfunc_begin0
	.long	.Ltmp1
	.short	1                       @ Loc expr size
	.byte	82                      @ DW_OP_reg2
	.long	.Ltmp1
	.long	.Ltmp3
	.short	1                       @ Loc expr size
	.byte	90                      @ DW_OP_reg10
	.long	0
	.long	0
.Ldebug_loc3:
	.long	.Lfunc_begin0
	.long	.Ltmp1
	.short	1                       @ Loc expr size
	.byte	83                      @ DW_OP_reg3
	.long	.Ltmp1
	.long	.Ltmp2
	.short	1                       @ Loc expr size
	.byte	89                      @ DW_OP_reg9
	.long	0
	.long	0
.Ldebug_loc4:
	.long	.Ltmp0
	.long	.Ltmp6
	.short	1                       @ Loc expr size
	.byte	80                      @ DW_OP_reg0
	.long	.Ltmp6
	.long	.Ltmp18
	.short	1                       @ Loc expr size
	.byte	84                      @ DW_OP_reg4
	.long	.Ltmp18
	.long	.Ltmp19
	.short	1                       @ Loc expr size
	.byte	80                      @ DW_OP_reg0
	.long	0
	.long	0
.Ldebug_loc5:
	.long	.Lfunc_begin0
	.long	.Ltmp32
	.short	1                       @ Loc expr size
	.byte	88                      @ DW_OP_reg8
	.long	0
	.long	0
.Ldebug_loc6:
	.long	.Ltmp1
	.long	.Ltmp7
	.short	1                       @ Loc expr size
	.byte	48                      @ DW_OP_lit0
	.long	.Ltmp7
	.long	.Ltmp18
	.short	1                       @ Loc expr size
	.byte	86                      @ DW_OP_reg6
	.long	0
	.long	0
.Ldebug_loc7:
	.long	.Ltmp1
	.long	.Ltmp7
	.short	1                       @ Loc expr size
	.byte	48                      @ DW_OP_lit0
	.long	.Ltmp7
	.long	.Ltmp8
	.short	1                       @ Loc expr size
	.byte	87                      @ DW_OP_reg7
	.long	.Ltmp8
	.long	.Ltmp11
	.short	1                       @ Loc expr size
	.byte	80                      @ DW_OP_reg0
	.long	.Ltmp11
	.long	.Ltmp16
	.short	1                       @ Loc expr size
	.byte	87                      @ DW_OP_reg7
	.long	.Ltmp16
	.long	.Ltmp17
	.short	1                       @ Loc expr size
	.byte	80                      @ DW_OP_reg0
	.long	.Ltmp19
	.long	.Ltmp25
	.short	1                       @ Loc expr size
	.byte	80                      @ DW_OP_reg0
	.long	.Ltmp25
	.long	.Ltmp28
	.short	1                       @ Loc expr size
	.byte	84                      @ DW_OP_reg4
	.long	.Ltmp28
	.long	.Ltmp31
	.short	1                       @ Loc expr size
	.byte	80                      @ DW_OP_reg0
	.long	0
	.long	0
.Ldebug_loc8:
	.long	.Ltmp20
	.long	.Ltmp26
	.short	1                       @ Loc expr size
	.byte	81                      @ DW_OP_reg1
	.long	0
	.long	0
.Ldebug_loc9:
	.long	.Lfunc_begin1
	.long	.Ltmp39
	.short	1                       @ Loc expr size
	.byte	80                      @ DW_OP_reg0
	.long	0
	.long	0
.Ldebug_loc10:
	.long	.Lfunc_begin1
	.long	.Ltmp50
	.short	1                       @ Loc expr size
	.byte	81                      @ DW_OP_reg1
	.long	.Ltmp51
	.long	.Ltmp57
	.short	1                       @ Loc expr size
	.byte	81                      @ DW_OP_reg1
	.long	0
	.long	0
.Ldebug_loc11:
	.long	.Ltmp33
	.long	.Ltmp39
	.short	1                       @ Loc expr size
	.byte	80                      @ DW_OP_reg0
	.long	.Ltmp40
	.long	.Ltmp45
	.short	1                       @ Loc expr size
	.byte	80                      @ DW_OP_reg0
	.long	.Ltmp51
	.long	.Ltmp52
	.short	1                       @ Loc expr size
	.byte	80                      @ DW_OP_reg0
	.long	0
	.long	0
.Ldebug_loc12:
	.long	.Ltmp33
	.long	.Ltmp37
	.short	6                       @ Loc expr size
	.byte	48                      @ DW_OP_lit0
	.byte	147                     @ DW_OP_piece
	.byte	1                       @ 1
	.byte	48                      @ DW_OP_lit0
	.byte	147                     @ DW_OP_piece
	.byte	1                       @ 1
	.long	0
	.long	0
.Ldebug_loc13:
	.long	.Ltmp33
	.long	.Ltmp44
	.short	1                       @ Loc expr size
	.byte	48                      @ DW_OP_lit0
	.long	.Ltmp44
	.long	.Ltmp51
	.short	1                       @ Loc expr size
	.byte	83                      @ DW_OP_reg3
	.long	.Ltmp52
	.long	.Ltmp56
	.short	1                       @ Loc expr size
	.byte	83                      @ DW_OP_reg3
	.long	.Ltmp56
	.long	.Ltmp59
	.short	1                       @ Loc expr size
	.byte	80                      @ DW_OP_reg0
	.long	.Ltmp59
	.long	.Ltmp60
	.short	1                       @ Loc expr size
	.byte	81                      @ DW_OP_reg1
	.long	.Ltmp60
	.long	.Ltmp62
	.short	1                       @ Loc expr size
	.byte	80                      @ DW_OP_reg0
	.long	0
	.long	0
.Ldebug_loc14:
	.long	.Ltmp34
	.long	.Lfunc_end1
	.short	1                       @ Loc expr size
	.byte	94                      @ DW_OP_reg14
	.long	0
	.long	0
.Ldebug_loc15:
	.long	.Ltmp42
	.long	.Ltmp45
	.short	1                       @ Loc expr size
	.byte	80                      @ DW_OP_reg0
	.long	0
	.long	0
.Ldebug_loc16:
	.long	.Lfunc_begin2
	.long	.Ltmp65
	.short	1                       @ Loc expr size
	.byte	80                      @ DW_OP_reg0
	.long	.Ltmp65
	.long	.Ltmp66
	.short	1                       @ Loc expr size
	.byte	85                      @ DW_OP_reg5
	.long	0
	.long	0
.Ldebug_loc17:
	.long	.Lfunc_begin2
	.long	.Ltmp65
	.short	1                       @ Loc expr size
	.byte	81                      @ DW_OP_reg1
	.long	.Ltmp65
	.long	.Ltmp68
	.short	1                       @ Loc expr size
	.byte	91                      @ DW_OP_reg11
	.long	0
	.long	0
.Ldebug_loc18:
	.long	.Lfunc_begin2
	.long	.Ltmp65
	.short	1                       @ Loc expr size
	.byte	82                      @ DW_OP_reg2
	.long	.Ltmp65
	.long	.Ltmp67
	.short	1                       @ Loc expr size
	.byte	90                      @ DW_OP_reg10
	.long	0
	.long	0
.Ldebug_loc19:
	.long	.Lfunc_begin2
	.long	.Ltmp73
	.short	1                       @ Loc expr size
	.byte	83                      @ DW_OP_reg3
	.long	.Ltmp73
	.long	.Ltmp89
	.short	2                       @ Loc expr size
	.byte	125                     @ DW_OP_breg13
	.byte	0                       @ 0
	.long	0
	.long	0
.Ldebug_loc20:
	.long	.Ltmp64
	.long	.Ltmp65
	.short	1                       @ Loc expr size
	.byte	80                      @ DW_OP_reg0
	.long	.Ltmp65
	.long	.Ltmp66
	.short	1                       @ Loc expr size
	.byte	85                      @ DW_OP_reg5
	.long	.Ltmp73
	.long	.Ltmp89
	.short	1                       @ Loc expr size
	.byte	85                      @ DW_OP_reg5
	.long	0
	.long	0
.Ldebug_loc21:
	.long	.Lfunc_begin2
	.long	.Ltmp72
	.short	1                       @ Loc expr size
	.byte	86                      @ DW_OP_reg6
	.long	0
	.long	0
.Ldebug_loc22:
	.long	.Lfunc_begin2
	.long	.Ltmp95
	.short	1                       @ Loc expr size
	.byte	84                      @ DW_OP_reg4
	.long	0
	.long	0
.Ldebug_loc23:
	.long	.Ltmp65
	.long	.Ltmp73
	.short	1                       @ Loc expr size
	.byte	48                      @ DW_OP_lit0
	.long	.Ltmp73
	.long	.Ltmp86
	.short	1                       @ Loc expr size
	.byte	86                      @ DW_OP_reg6
	.long	0
	.long	0
.Ldebug_loc24:
	.long	.Ltmp65
	.long	.Ltmp73
	.short	1                       @ Loc expr size
	.byte	48                      @ DW_OP_lit0
	.long	.Ltmp73
	.long	.Ltmp77
	.short	1                       @ Loc expr size
	.byte	87                      @ DW_OP_reg7
	.long	.Ltmp77
	.long	.Ltmp81
	.short	1                       @ Loc expr size
	.byte	80                      @ DW_OP_reg0
	.long	.Ltmp81
	.long	.Ltmp88
	.short	1                       @ Loc expr size
	.byte	87                      @ DW_OP_reg7
	.long	.Ltmp88
	.long	.Ltmp95
	.short	1                       @ Loc expr size
	.byte	80                      @ DW_OP_reg0
	.long	.Ltmp95
	.long	.Ltmp98
	.short	1                       @ Loc expr size
	.byte	84                      @ DW_OP_reg4
	.long	.Ltmp98
	.long	.Ltmp101
	.short	1                       @ Loc expr size
	.byte	80                      @ DW_OP_reg0
	.long	0
	.long	0
.Ldebug_loc25:
	.long	.Ltmp74
	.long	.Ltmp76
	.short	1                       @ Loc expr size
	.byte	89                      @ DW_OP_reg9
	.long	.Ltmp76
	.long	.Ltmp89
	.short	1                       @ Loc expr size
	.byte	88                      @ DW_OP_reg8
	.long	0
	.long	0
.Ldebug_loc26:
	.long	.Ltmp90
	.long	.Ltmp96
	.short	1                       @ Loc expr size
	.byte	81                      @ DW_OP_reg1
	.long	0
	.long	0
.Ldebug_loc27:
	.long	.Lfunc_begin3
	.long	.Ltmp104
	.short	1                       @ Loc expr size
	.byte	80                      @ DW_OP_reg0
	.long	0
	.long	0
.Ldebug_loc28:
	.long	.Lfunc_begin3
	.long	.Ltmp104
	.short	1                       @ Loc expr size
	.byte	81                      @ DW_OP_reg1
	.long	0
	.long	0
.Ldebug_loc29:
	.long	.Lfunc_begin4
	.long	.Ltmp108
	.short	1                       @ Loc expr size
	.byte	80                      @ DW_OP_reg0
	.long	.Ltmp108
	.long	.Ltmp115
	.short	1                       @ Loc expr size
	.byte	84                      @ DW_OP_reg4
	.long	.Ltmp120
	.long	.Ltmp121
	.short	1                       @ Loc expr size
	.byte	80                      @ DW_OP_reg0
	.long	0
	.long	0
.Ldebug_loc30:
	.long	.Ltmp106
	.long	.Ltmp108
	.short	1                       @ Loc expr size
	.byte	80                      @ DW_OP_reg0
	.long	.Ltmp108
	.long	.Ltmp120
	.short	1                       @ Loc expr size
	.byte	84                      @ DW_OP_reg4
	.long	.Ltmp120
	.long	.Ltmp121
	.short	1                       @ Loc expr size
	.byte	80                      @ DW_OP_reg0
	.long	0
	.long	0
.Ldebug_loc31:
	.long	.Ltmp106
	.long	.Ltmp109
	.short	1                       @ Loc expr size
	.byte	48                      @ DW_OP_lit0
	.long	.Ltmp109
	.long	.Ltmp120
	.short	1                       @ Loc expr size
	.byte	86                      @ DW_OP_reg6
	.long	0
	.long	0
.Ldebug_loc32:
	.long	.Ltmp106
	.long	.Ltmp109
	.short	1                       @ Loc expr size
	.byte	48                      @ DW_OP_lit0
	.long	.Ltmp109
	.long	.Ltmp110
	.short	1                       @ Loc expr size
	.byte	87                      @ DW_OP_reg7
	.long	.Ltmp110
	.long	.Ltmp113
	.short	1                       @ Loc expr size
	.byte	80                      @ DW_OP_reg0
	.long	.Ltmp113
	.long	.Ltmp118
	.short	1                       @ Loc expr size
	.byte	87                      @ DW_OP_reg7
	.long	.Ltmp118
	.long	.Ltmp119
	.short	1                       @ Loc expr size
	.byte	80                      @ DW_OP_reg0
	.long	.Ltmp121
	.long	.Ltmp122
	.short	1                       @ Loc expr size
	.byte	80                      @ DW_OP_reg0
	.long	0
	.long	0
.Ldebug_loc33:
	.long	.Lfunc_begin5
	.long	.Ltmp124
	.short	1                       @ Loc expr size
	.byte	80                      @ DW_OP_reg0
	.long	.Ltmp124
	.long	.Ltmp126
	.short	1                       @ Loc expr size
	.byte	85                      @ DW_OP_reg5
	.long	0
	.long	0
.Ldebug_loc34:
	.long	.Lfunc_begin5
	.long	.Ltmp125
	.short	1                       @ Loc expr size
	.byte	81                      @ DW_OP_reg1
	.long	0
	.long	0
.Ldebug_loc35:
	.long	.Lfunc_begin5
	.long	.Ltmp124
	.short	1                       @ Loc expr size
	.byte	82                      @ DW_OP_reg2
	.long	.Ltmp124
	.long	.Ltmp126
	.short	1                       @ Loc expr size
	.byte	84                      @ DW_OP_reg4
	.long	0
	.long	0
	.section	.debug_abbrev,"",%progbits
	.byte	1                       @ Abbreviation Code
	.byte	17                      @ DW_TAG_compile_unit
	.byte	1                       @ DW_CHILDREN_yes
	.byte	37                      @ DW_AT_producer
	.byte	14                      @ DW_FORM_strp
	.byte	19                      @ DW_AT_language
	.byte	5                       @ DW_FORM_data2
	.byte	3                       @ DW_AT_name
	.byte	14                      @ DW_FORM_strp
	.byte	16                      @ DW_AT_stmt_list
	.byte	6                       @ DW_FORM_data4
	.byte	27                      @ DW_AT_comp_dir
	.byte	14                      @ DW_FORM_strp
	.byte	17                      @ DW_AT_low_pc
	.byte	1                       @ DW_FORM_addr
	.byte	85                      @ DW_AT_ranges
	.byte	6                       @ DW_FORM_data4
	.byte	0                       @ EOM(1)
	.byte	0                       @ EOM(2)
	.byte	2                       @ Abbreviation Code
	.byte	22                      @ DW_TAG_typedef
	.byte	0                       @ DW_CHILDREN_no
	.byte	73                      @ DW_AT_type
	.byte	19                      @ DW_FORM_ref4
	.byte	3                       @ DW_AT_name
	.byte	14                      @ DW_FORM_strp
	.byte	58                      @ DW_AT_decl_file
	.byte	11                      @ DW_FORM_data1
	.byte	59                      @ DW_AT_decl_line
	.byte	11                      @ DW_FORM_data1
	.byte	0                       @ EOM(1)
	.byte	0                       @ EOM(2)
	.byte	3                       @ Abbreviation Code
	.byte	36                      @ DW_TAG_base_type
	.byte	0                       @ DW_CHILDREN_no
	.byte	3                       @ DW_AT_name
	.byte	14                      @ DW_FORM_strp
	.byte	62                      @ DW_AT_encoding
	.byte	11                      @ DW_FORM_data1
	.byte	11                      @ DW_AT_byte_size
	.byte	11                      @ DW_FORM_data1
	.byte	0                       @ EOM(1)
	.byte	0                       @ EOM(2)
	.byte	4                       @ Abbreviation Code
	.byte	15                      @ DW_TAG_pointer_type
	.byte	0                       @ DW_CHILDREN_no
	.byte	73                      @ DW_AT_type
	.byte	19                      @ DW_FORM_ref4
	.byte	0                       @ EOM(1)
	.byte	0                       @ EOM(2)
	.byte	5                       @ Abbreviation Code
	.byte	15                      @ DW_TAG_pointer_type
	.byte	0                       @ DW_CHILDREN_no
	.byte	0                       @ EOM(1)
	.byte	0                       @ EOM(2)
	.byte	6                       @ Abbreviation Code
	.byte	46                      @ DW_TAG_subprogram
	.byte	1                       @ DW_CHILDREN_yes
	.byte	17                      @ DW_AT_low_pc
	.byte	1                       @ DW_FORM_addr
	.byte	18                      @ DW_AT_high_pc
	.byte	1                       @ DW_FORM_addr
	.byte	64                      @ DW_AT_frame_base
	.byte	10                      @ DW_FORM_block1
	.byte	3                       @ DW_AT_name
	.byte	14                      @ DW_FORM_strp
	.byte	58                      @ DW_AT_decl_file
	.byte	11                      @ DW_FORM_data1
	.byte	59                      @ DW_AT_decl_line
	.byte	5                       @ DW_FORM_data2
	.byte	39                      @ DW_AT_prototyped
	.byte	12                      @ DW_FORM_flag
	.byte	73                      @ DW_AT_type
	.byte	19                      @ DW_FORM_ref4
	.byte	63                      @ DW_AT_external
	.byte	12                      @ DW_FORM_flag
	.byte	0                       @ EOM(1)
	.byte	0                       @ EOM(2)
	.byte	7                       @ Abbreviation Code
	.byte	5                       @ DW_TAG_formal_parameter
	.byte	0                       @ DW_CHILDREN_no
	.byte	2                       @ DW_AT_location
	.byte	6                       @ DW_FORM_data4
	.byte	3                       @ DW_AT_name
	.byte	14                      @ DW_FORM_strp
	.byte	58                      @ DW_AT_decl_file
	.byte	11                      @ DW_FORM_data1
	.byte	59                      @ DW_AT_decl_line
	.byte	5                       @ DW_FORM_data2
	.byte	73                      @ DW_AT_type
	.byte	19                      @ DW_FORM_ref4
	.byte	0                       @ EOM(1)
	.byte	0                       @ EOM(2)
	.byte	8                       @ Abbreviation Code
	.byte	52                      @ DW_TAG_variable
	.byte	0                       @ DW_CHILDREN_no
	.byte	2                       @ DW_AT_location
	.byte	6                       @ DW_FORM_data4
	.byte	3                       @ DW_AT_name
	.byte	14                      @ DW_FORM_strp
	.byte	58                      @ DW_AT_decl_file
	.byte	11                      @ DW_FORM_data1
	.byte	59                      @ DW_AT_decl_line
	.byte	5                       @ DW_FORM_data2
	.byte	73                      @ DW_AT_type
	.byte	19                      @ DW_FORM_ref4
	.byte	0                       @ EOM(1)
	.byte	0                       @ EOM(2)
	.byte	9                       @ Abbreviation Code
	.byte	46                      @ DW_TAG_subprogram
	.byte	1                       @ DW_CHILDREN_yes
	.byte	17                      @ DW_AT_low_pc
	.byte	1                       @ DW_FORM_addr
	.byte	18                      @ DW_AT_high_pc
	.byte	1                       @ DW_FORM_addr
	.byte	64                      @ DW_AT_frame_base
	.byte	10                      @ DW_FORM_block1
	.byte	3                       @ DW_AT_name
	.byte	14                      @ DW_FORM_strp
	.byte	58                      @ DW_AT_decl_file
	.byte	11                      @ DW_FORM_data1
	.byte	59                      @ DW_AT_decl_line
	.byte	11                      @ DW_FORM_data1
	.byte	39                      @ DW_AT_prototyped
	.byte	12                      @ DW_FORM_flag
	.byte	73                      @ DW_AT_type
	.byte	19                      @ DW_FORM_ref4
	.byte	0                       @ EOM(1)
	.byte	0                       @ EOM(2)
	.byte	10                      @ Abbreviation Code
	.byte	5                       @ DW_TAG_formal_parameter
	.byte	0                       @ DW_CHILDREN_no
	.byte	2                       @ DW_AT_location
	.byte	6                       @ DW_FORM_data4
	.byte	3                       @ DW_AT_name
	.byte	14                      @ DW_FORM_strp
	.byte	58                      @ DW_AT_decl_file
	.byte	11                      @ DW_FORM_data1
	.byte	59                      @ DW_AT_decl_line
	.byte	11                      @ DW_FORM_data1
	.byte	73                      @ DW_AT_type
	.byte	19                      @ DW_FORM_ref4
	.byte	0                       @ EOM(1)
	.byte	0                       @ EOM(2)
	.byte	11                      @ Abbreviation Code
	.byte	52                      @ DW_TAG_variable
	.byte	0                       @ DW_CHILDREN_no
	.byte	2                       @ DW_AT_location
	.byte	6                       @ DW_FORM_data4
	.byte	3                       @ DW_AT_name
	.byte	14                      @ DW_FORM_strp
	.byte	58                      @ DW_AT_decl_file
	.byte	11                      @ DW_FORM_data1
	.byte	59                      @ DW_AT_decl_line
	.byte	11                      @ DW_FORM_data1
	.byte	73                      @ DW_AT_type
	.byte	19                      @ DW_FORM_ref4
	.byte	0                       @ EOM(1)
	.byte	0                       @ EOM(2)
	.byte	12                      @ Abbreviation Code
	.byte	19                      @ DW_TAG_structure_type
	.byte	1                       @ DW_CHILDREN_yes
	.byte	3                       @ DW_AT_name
	.byte	14                      @ DW_FORM_strp
	.byte	11                      @ DW_AT_byte_size
	.byte	11                      @ DW_FORM_data1
	.byte	58                      @ DW_AT_decl_file
	.byte	11                      @ DW_FORM_data1
	.byte	59                      @ DW_AT_decl_line
	.byte	11                      @ DW_FORM_data1
	.byte	0                       @ EOM(1)
	.byte	0                       @ EOM(2)
	.byte	13                      @ Abbreviation Code
	.byte	13                      @ DW_TAG_member
	.byte	0                       @ DW_CHILDREN_no
	.byte	3                       @ DW_AT_name
	.byte	14                      @ DW_FORM_strp
	.byte	73                      @ DW_AT_type
	.byte	19                      @ DW_FORM_ref4
	.byte	58                      @ DW_AT_decl_file
	.byte	11                      @ DW_FORM_data1
	.byte	59                      @ DW_AT_decl_line
	.byte	11                      @ DW_FORM_data1
	.byte	56                      @ DW_AT_data_member_location
	.byte	11                      @ DW_FORM_data1
	.byte	0                       @ EOM(1)
	.byte	0                       @ EOM(2)
	.byte	14                      @ Abbreviation Code
	.byte	38                      @ DW_TAG_const_type
	.byte	0                       @ DW_CHILDREN_no
	.byte	0                       @ EOM(1)
	.byte	0                       @ EOM(2)
	.byte	0                       @ EOM(3)
	.section	.debug_info,"",%progbits
.Lcu_begin0:
	.long	.Ldebug_info_end0-.Ldebug_info_start0 @ Length of Unit
.Ldebug_info_start0:
	.short	3                       @ DWARF version number
	.long	.debug_abbrev           @ Offset Into Abbrev. Section
	.byte	4                       @ Address Size (in bytes)
	.byte	1                       @ Abbrev [1] 0xb:0x3c9 DW_TAG_compile_unit
	.long	.Linfo_string0          @ DW_AT_producer
	.short	12                      @ DW_AT_language
	.long	.Linfo_string1          @ DW_AT_name
	.long	.Lline_table_start0     @ DW_AT_stmt_list
	.long	.Linfo_string2          @ DW_AT_comp_dir
	.long	0                       @ DW_AT_low_pc
	.long	.Ldebug_ranges0         @ DW_AT_ranges
	.byte	2                       @ Abbrev [2] 0x26:0xb DW_TAG_typedef
	.long	49                      @ DW_AT_type
	.long	.Linfo_string4          @ DW_AT_name
	.byte	1                       @ DW_AT_decl_file
	.byte	41                      @ DW_AT_decl_line
	.byte	3                       @ Abbrev [3] 0x31:0x7 DW_TAG_base_type
	.long	.Linfo_string3          @ DW_AT_name
	.byte	7                       @ DW_AT_encoding
	.byte	4                       @ DW_AT_byte_size
	.byte	2                       @ Abbrev [2] 0x38:0xb DW_TAG_typedef
	.long	67                      @ DW_AT_type
	.long	.Linfo_string6          @ DW_AT_name
	.byte	1                       @ DW_AT_decl_file
	.byte	39                      @ DW_AT_decl_line
	.byte	3                       @ Abbrev [3] 0x43:0x7 DW_TAG_base_type
	.long	.Linfo_string5          @ DW_AT_name
	.byte	7                       @ DW_AT_encoding
	.byte	2                       @ DW_AT_byte_size
	.byte	4                       @ Abbrev [4] 0x4a:0x5 DW_TAG_pointer_type
	.long	79                      @ DW_AT_type
	.byte	2                       @ Abbrev [2] 0x4f:0xb DW_TAG_typedef
	.long	90                      @ DW_AT_type
	.long	.Linfo_string8          @ DW_AT_name
	.byte	1                       @ DW_AT_decl_file
	.byte	37                      @ DW_AT_decl_line
	.byte	3                       @ Abbrev [3] 0x5a:0x7 DW_TAG_base_type
	.long	.Linfo_string7          @ DW_AT_name
	.byte	8                       @ DW_AT_encoding
	.byte	1                       @ DW_AT_byte_size
	.byte	2                       @ Abbrev [2] 0x61:0xb DW_TAG_typedef
	.long	38                      @ DW_AT_type
	.long	.Linfo_string9          @ DW_AT_name
	.byte	1                       @ DW_AT_decl_file
	.byte	43                      @ DW_AT_decl_line
	.byte	4                       @ Abbrev [4] 0x6c:0x5 DW_TAG_pointer_type
	.long	56                      @ DW_AT_type
	.byte	5                       @ Abbrev [5] 0x71:0x1 DW_TAG_pointer_type
	.byte	6                       @ Abbrev [6] 0x72:0xa9 DW_TAG_subprogram
	.long	.Lfunc_begin0           @ DW_AT_low_pc
	.long	.Lfunc_end0             @ DW_AT_high_pc
	.byte	1                       @ DW_AT_frame_base
	.byte	93
	.long	.Linfo_string10         @ DW_AT_name
	.byte	2                       @ DW_AT_decl_file
	.short	272                     @ DW_AT_decl_line
	.byte	1                       @ DW_AT_prototyped
	.long	56                      @ DW_AT_type
	.byte	1                       @ DW_AT_external
	.byte	7                       @ Abbrev [7] 0x8a:0x10 DW_TAG_formal_parameter
	.long	.Ldebug_loc0            @ DW_AT_location
	.long	.Linfo_string16         @ DW_AT_name
	.byte	2                       @ DW_AT_decl_file
	.short	272                     @ DW_AT_decl_line
	.long	831                     @ DW_AT_type
	.byte	7                       @ Abbrev [7] 0x9a:0x10 DW_TAG_formal_parameter
	.long	.Ldebug_loc1            @ DW_AT_location
	.long	.Linfo_string25         @ DW_AT_name
	.byte	2                       @ DW_AT_decl_file
	.short	273                     @ DW_AT_decl_line
	.long	929                     @ DW_AT_type
	.byte	7                       @ Abbrev [7] 0xaa:0x10 DW_TAG_formal_parameter
	.long	.Ldebug_loc2            @ DW_AT_location
	.long	.Linfo_string29         @ DW_AT_name
	.byte	2                       @ DW_AT_decl_file
	.short	273                     @ DW_AT_decl_line
	.long	929                     @ DW_AT_type
	.byte	7                       @ Abbrev [7] 0xba:0x10 DW_TAG_formal_parameter
	.long	.Ldebug_loc3            @ DW_AT_location
	.long	.Linfo_string30         @ DW_AT_name
	.byte	2                       @ DW_AT_decl_file
	.short	274                     @ DW_AT_decl_line
	.long	79                      @ DW_AT_type
	.byte	7                       @ Abbrev [7] 0xca:0x10 DW_TAG_formal_parameter
	.long	.Ldebug_loc5            @ DW_AT_location
	.long	.Linfo_string32         @ DW_AT_name
	.byte	2                       @ DW_AT_decl_file
	.short	274                     @ DW_AT_decl_line
	.long	56                      @ DW_AT_type
	.byte	8                       @ Abbrev [8] 0xda:0x10 DW_TAG_variable
	.long	.Ldebug_loc4            @ DW_AT_location
	.long	.Linfo_string31         @ DW_AT_name
	.byte	2                       @ DW_AT_decl_file
	.short	278                     @ DW_AT_decl_line
	.long	831                     @ DW_AT_type
	.byte	8                       @ Abbrev [8] 0xea:0x10 DW_TAG_variable
	.long	.Ldebug_loc6            @ DW_AT_location
	.long	.Linfo_string33         @ DW_AT_name
	.byte	2                       @ DW_AT_decl_file
	.short	279                     @ DW_AT_decl_line
	.long	79                      @ DW_AT_type
	.byte	8                       @ Abbrev [8] 0xfa:0x10 DW_TAG_variable
	.long	.Ldebug_loc7            @ DW_AT_location
	.long	.Linfo_string34         @ DW_AT_name
	.byte	2                       @ DW_AT_decl_file
	.short	276                     @ DW_AT_decl_line
	.long	38                      @ DW_AT_type
	.byte	8                       @ Abbrev [8] 0x10a:0x10 DW_TAG_variable
	.long	.Ldebug_loc8            @ DW_AT_location
	.long	.Linfo_string26         @ DW_AT_name
	.byte	2                       @ DW_AT_decl_file
	.short	277                     @ DW_AT_decl_line
	.long	38                      @ DW_AT_type
	.byte	0                       @ End Of Children Mark
	.byte	9                       @ Abbrev [9] 0x11b:0x80 DW_TAG_subprogram
	.long	.Lfunc_begin1           @ DW_AT_low_pc
	.long	.Lfunc_end1             @ DW_AT_high_pc
	.byte	1                       @ DW_AT_frame_base
	.byte	93
	.long	.Linfo_string11         @ DW_AT_name
	.byte	2                       @ DW_AT_decl_file
	.byte	135                     @ DW_AT_decl_line
	.byte	1                       @ DW_AT_prototyped
	.long	56                      @ DW_AT_type
	.byte	10                      @ Abbrev [10] 0x131:0xf DW_TAG_formal_parameter
	.long	.Ldebug_loc9            @ DW_AT_location
	.long	.Linfo_string35         @ DW_AT_name
	.byte	2                       @ DW_AT_decl_file
	.byte	135                     @ DW_AT_decl_line
	.long	113                     @ DW_AT_type
	.byte	10                      @ Abbrev [10] 0x140:0xf DW_TAG_formal_parameter
	.long	.Ldebug_loc10           @ DW_AT_location
	.long	.Linfo_string20         @ DW_AT_name
	.byte	2                       @ DW_AT_decl_file
	.byte	135                     @ DW_AT_decl_line
	.long	966                     @ DW_AT_type
	.byte	11                      @ Abbrev [11] 0x14f:0xf DW_TAG_variable
	.long	.Ldebug_loc11           @ DW_AT_location
	.long	.Linfo_string37         @ DW_AT_name
	.byte	2                       @ DW_AT_decl_file
	.byte	137                     @ DW_AT_decl_line
	.long	74                      @ DW_AT_type
	.byte	11                      @ Abbrev [11] 0x15e:0xf DW_TAG_variable
	.long	.Ldebug_loc12           @ DW_AT_location
	.long	.Linfo_string38         @ DW_AT_name
	.byte	2                       @ DW_AT_decl_file
	.byte	138                     @ DW_AT_decl_line
	.long	56                      @ DW_AT_type
	.byte	11                      @ Abbrev [11] 0x16d:0xf DW_TAG_variable
	.long	.Ldebug_loc13           @ DW_AT_location
	.long	.Linfo_string39         @ DW_AT_name
	.byte	2                       @ DW_AT_decl_file
	.byte	139                     @ DW_AT_decl_line
	.long	38                      @ DW_AT_type
	.byte	11                      @ Abbrev [11] 0x17c:0xf DW_TAG_variable
	.long	.Ldebug_loc14           @ DW_AT_location
	.long	.Linfo_string40         @ DW_AT_name
	.byte	2                       @ DW_AT_decl_file
	.byte	140                     @ DW_AT_decl_line
	.long	966                     @ DW_AT_type
	.byte	11                      @ Abbrev [11] 0x18b:0xf DW_TAG_variable
	.long	.Ldebug_loc15           @ DW_AT_location
	.long	.Linfo_string41         @ DW_AT_name
	.byte	2                       @ DW_AT_decl_file
	.byte	138                     @ DW_AT_decl_line
	.long	108                     @ DW_AT_type
	.byte	0                       @ End Of Children Mark
	.byte	6                       @ Abbrev [6] 0x19b:0xc9 DW_TAG_subprogram
	.long	.Lfunc_begin2           @ DW_AT_low_pc
	.long	.Lfunc_end2             @ DW_AT_high_pc
	.byte	1                       @ DW_AT_frame_base
	.byte	93
	.long	.Linfo_string12         @ DW_AT_name
	.byte	2                       @ DW_AT_decl_file
	.short	332                     @ DW_AT_decl_line
	.byte	1                       @ DW_AT_prototyped
	.long	56                      @ DW_AT_type
	.byte	1                       @ DW_AT_external
	.byte	7                       @ Abbrev [7] 0x1b3:0x10 DW_TAG_formal_parameter
	.long	.Ldebug_loc16           @ DW_AT_location
	.long	.Linfo_string16         @ DW_AT_name
	.byte	2                       @ DW_AT_decl_file
	.short	332                     @ DW_AT_decl_line
	.long	831                     @ DW_AT_type
	.byte	7                       @ Abbrev [7] 0x1c3:0x10 DW_TAG_formal_parameter
	.long	.Ldebug_loc17           @ DW_AT_location
	.long	.Linfo_string25         @ DW_AT_name
	.byte	2                       @ DW_AT_decl_file
	.short	333                     @ DW_AT_decl_line
	.long	929                     @ DW_AT_type
	.byte	7                       @ Abbrev [7] 0x1d3:0x10 DW_TAG_formal_parameter
	.long	.Ldebug_loc18           @ DW_AT_location
	.long	.Linfo_string29         @ DW_AT_name
	.byte	2                       @ DW_AT_decl_file
	.short	333                     @ DW_AT_decl_line
	.long	929                     @ DW_AT_type
	.byte	7                       @ Abbrev [7] 0x1e3:0x10 DW_TAG_formal_parameter
	.long	.Ldebug_loc19           @ DW_AT_location
	.long	.Linfo_string30         @ DW_AT_name
	.byte	2                       @ DW_AT_decl_file
	.short	334                     @ DW_AT_decl_line
	.long	79                      @ DW_AT_type
	.byte	7                       @ Abbrev [7] 0x1f3:0x10 DW_TAG_formal_parameter
	.long	.Ldebug_loc21           @ DW_AT_location
	.long	.Linfo_string32         @ DW_AT_name
	.byte	2                       @ DW_AT_decl_file
	.short	334                     @ DW_AT_decl_line
	.long	56                      @ DW_AT_type
	.byte	7                       @ Abbrev [7] 0x203:0x10 DW_TAG_formal_parameter
	.long	.Ldebug_loc22           @ DW_AT_location
	.long	.Linfo_string42         @ DW_AT_name
	.byte	2                       @ DW_AT_decl_file
	.short	334                     @ DW_AT_decl_line
	.long	56                      @ DW_AT_type
	.byte	8                       @ Abbrev [8] 0x213:0x10 DW_TAG_variable
	.long	.Ldebug_loc20           @ DW_AT_location
	.long	.Linfo_string31         @ DW_AT_name
	.byte	2                       @ DW_AT_decl_file
	.short	338                     @ DW_AT_decl_line
	.long	831                     @ DW_AT_type
	.byte	8                       @ Abbrev [8] 0x223:0x10 DW_TAG_variable
	.long	.Ldebug_loc23           @ DW_AT_location
	.long	.Linfo_string33         @ DW_AT_name
	.byte	2                       @ DW_AT_decl_file
	.short	339                     @ DW_AT_decl_line
	.long	79                      @ DW_AT_type
	.byte	8                       @ Abbrev [8] 0x233:0x10 DW_TAG_variable
	.long	.Ldebug_loc24           @ DW_AT_location
	.long	.Linfo_string34         @ DW_AT_name
	.byte	2                       @ DW_AT_decl_file
	.short	336                     @ DW_AT_decl_line
	.long	38                      @ DW_AT_type
	.byte	8                       @ Abbrev [8] 0x243:0x10 DW_TAG_variable
	.long	.Ldebug_loc25           @ DW_AT_location
	.long	.Linfo_string43         @ DW_AT_name
	.byte	2                       @ DW_AT_decl_file
	.short	340                     @ DW_AT_decl_line
	.long	56                      @ DW_AT_type
	.byte	8                       @ Abbrev [8] 0x253:0x10 DW_TAG_variable
	.long	.Ldebug_loc26           @ DW_AT_location
	.long	.Linfo_string26         @ DW_AT_name
	.byte	2                       @ DW_AT_decl_file
	.short	337                     @ DW_AT_decl_line
	.long	38                      @ DW_AT_type
	.byte	0                       @ End Of Children Mark
	.byte	6                       @ Abbrev [6] 0x264:0x39 DW_TAG_subprogram
	.long	.Lfunc_begin3           @ DW_AT_low_pc
	.long	.Lfunc_end3             @ DW_AT_high_pc
	.byte	1                       @ DW_AT_frame_base
	.byte	93
	.long	.Linfo_string13         @ DW_AT_name
	.byte	2                       @ DW_AT_decl_file
	.short	396                     @ DW_AT_decl_line
	.byte	1                       @ DW_AT_prototyped
	.long	56                      @ DW_AT_type
	.byte	1                       @ DW_AT_external
	.byte	7                       @ Abbrev [7] 0x27c:0x10 DW_TAG_formal_parameter
	.long	.Ldebug_loc27           @ DW_AT_location
	.long	.Linfo_string35         @ DW_AT_name
	.byte	2                       @ DW_AT_decl_file
	.short	396                     @ DW_AT_decl_line
	.long	113                     @ DW_AT_type
	.byte	7                       @ Abbrev [7] 0x28c:0x10 DW_TAG_formal_parameter
	.long	.Ldebug_loc28           @ DW_AT_location
	.long	.Linfo_string20         @ DW_AT_name
	.byte	2                       @ DW_AT_decl_file
	.short	396                     @ DW_AT_decl_line
	.long	56                      @ DW_AT_type
	.byte	0                       @ End Of Children Mark
	.byte	6                       @ Abbrev [6] 0x29d:0x59 DW_TAG_subprogram
	.long	.Lfunc_begin4           @ DW_AT_low_pc
	.long	.Lfunc_end4             @ DW_AT_high_pc
	.byte	1                       @ DW_AT_frame_base
	.byte	93
	.long	.Linfo_string14         @ DW_AT_name
	.byte	2                       @ DW_AT_decl_file
	.short	409                     @ DW_AT_decl_line
	.byte	1                       @ DW_AT_prototyped
	.long	56                      @ DW_AT_type
	.byte	1                       @ DW_AT_external
	.byte	7                       @ Abbrev [7] 0x2b5:0x10 DW_TAG_formal_parameter
	.long	.Ldebug_loc29           @ DW_AT_location
	.long	.Linfo_string16         @ DW_AT_name
	.byte	2                       @ DW_AT_decl_file
	.short	409                     @ DW_AT_decl_line
	.long	831                     @ DW_AT_type
	.byte	8                       @ Abbrev [8] 0x2c5:0x10 DW_TAG_variable
	.long	.Ldebug_loc30           @ DW_AT_location
	.long	.Linfo_string31         @ DW_AT_name
	.byte	2                       @ DW_AT_decl_file
	.short	412                     @ DW_AT_decl_line
	.long	831                     @ DW_AT_type
	.byte	8                       @ Abbrev [8] 0x2d5:0x10 DW_TAG_variable
	.long	.Ldebug_loc31           @ DW_AT_location
	.long	.Linfo_string33         @ DW_AT_name
	.byte	2                       @ DW_AT_decl_file
	.short	413                     @ DW_AT_decl_line
	.long	79                      @ DW_AT_type
	.byte	8                       @ Abbrev [8] 0x2e5:0x10 DW_TAG_variable
	.long	.Ldebug_loc32           @ DW_AT_location
	.long	.Linfo_string34         @ DW_AT_name
	.byte	2                       @ DW_AT_decl_file
	.short	411                     @ DW_AT_decl_line
	.long	38                      @ DW_AT_type
	.byte	0                       @ End Of Children Mark
	.byte	6                       @ Abbrev [6] 0x2f6:0x49 DW_TAG_subprogram
	.long	.Lfunc_begin5           @ DW_AT_low_pc
	.long	.Lfunc_end5             @ DW_AT_high_pc
	.byte	1                       @ DW_AT_frame_base
	.byte	93
	.long	.Linfo_string15         @ DW_AT_name
	.byte	2                       @ DW_AT_decl_file
	.short	445                     @ DW_AT_decl_line
	.byte	1                       @ DW_AT_prototyped
	.long	56                      @ DW_AT_type
	.byte	1                       @ DW_AT_external
	.byte	7                       @ Abbrev [7] 0x30e:0x10 DW_TAG_formal_parameter
	.long	.Ldebug_loc33           @ DW_AT_location
	.long	.Linfo_string44         @ DW_AT_name
	.byte	2                       @ DW_AT_decl_file
	.short	445                     @ DW_AT_decl_line
	.long	113                     @ DW_AT_type
	.byte	7                       @ Abbrev [7] 0x31e:0x10 DW_TAG_formal_parameter
	.long	.Ldebug_loc34           @ DW_AT_location
	.long	.Linfo_string25         @ DW_AT_name
	.byte	2                       @ DW_AT_decl_file
	.short	445                     @ DW_AT_decl_line
	.long	973                     @ DW_AT_type
	.byte	7                       @ Abbrev [7] 0x32e:0x10 DW_TAG_formal_parameter
	.long	.Ldebug_loc35           @ DW_AT_location
	.long	.Linfo_string20         @ DW_AT_name
	.byte	2                       @ DW_AT_decl_file
	.short	445                     @ DW_AT_decl_line
	.long	56                      @ DW_AT_type
	.byte	0                       @ End Of Children Mark
	.byte	4                       @ Abbrev [4] 0x33f:0x5 DW_TAG_pointer_type
	.long	836                     @ DW_AT_type
	.byte	12                      @ Abbrev [12] 0x344:0x5d DW_TAG_structure_type
	.long	.Linfo_string24         @ DW_AT_name
	.byte	16                      @ DW_AT_byte_size
	.byte	3                       @ DW_AT_decl_file
	.byte	79                      @ DW_AT_decl_line
	.byte	13                      @ Abbrev [13] 0x34c:0xc DW_TAG_member
	.long	.Linfo_string17         @ DW_AT_name
	.long	831                     @ DW_AT_type
	.byte	3                       @ DW_AT_decl_file
	.byte	81                      @ DW_AT_decl_line
	.byte	0                       @ DW_AT_data_member_location
	.byte	13                      @ Abbrev [13] 0x358:0xc DW_TAG_member
	.long	.Linfo_string18         @ DW_AT_name
	.long	113                     @ DW_AT_type
	.byte	3                       @ DW_AT_decl_file
	.byte	84                      @ DW_AT_decl_line
	.byte	4                       @ DW_AT_data_member_location
	.byte	13                      @ Abbrev [13] 0x364:0xc DW_TAG_member
	.long	.Linfo_string19         @ DW_AT_name
	.long	56                      @ DW_AT_type
	.byte	3                       @ DW_AT_decl_file
	.byte	93                      @ DW_AT_decl_line
	.byte	8                       @ DW_AT_data_member_location
	.byte	13                      @ Abbrev [13] 0x370:0xc DW_TAG_member
	.long	.Linfo_string20         @ DW_AT_name
	.long	56                      @ DW_AT_type
	.byte	3                       @ DW_AT_decl_file
	.byte	96                      @ DW_AT_decl_line
	.byte	10                      @ DW_AT_data_member_location
	.byte	13                      @ Abbrev [13] 0x37c:0xc DW_TAG_member
	.long	.Linfo_string21         @ DW_AT_name
	.long	79                      @ DW_AT_type
	.byte	3                       @ DW_AT_decl_file
	.byte	99                      @ DW_AT_decl_line
	.byte	12                      @ DW_AT_data_member_location
	.byte	13                      @ Abbrev [13] 0x388:0xc DW_TAG_member
	.long	.Linfo_string22         @ DW_AT_name
	.long	79                      @ DW_AT_type
	.byte	3                       @ DW_AT_decl_file
	.byte	102                     @ DW_AT_decl_line
	.byte	13                      @ DW_AT_data_member_location
	.byte	13                      @ Abbrev [13] 0x394:0xc DW_TAG_member
	.long	.Linfo_string23         @ DW_AT_name
	.long	56                      @ DW_AT_type
	.byte	3                       @ DW_AT_decl_file
	.byte	109                     @ DW_AT_decl_line
	.byte	14                      @ DW_AT_data_member_location
	.byte	0                       @ End Of Children Mark
	.byte	4                       @ Abbrev [4] 0x3a1:0x5 DW_TAG_pointer_type
	.long	934                     @ DW_AT_type
	.byte	2                       @ Abbrev [2] 0x3a6:0xb DW_TAG_typedef
	.long	945                     @ DW_AT_type
	.long	.Linfo_string28         @ DW_AT_name
	.byte	4                       @ DW_AT_decl_file
	.byte	64                      @ DW_AT_decl_line
	.byte	12                      @ Abbrev [12] 0x3b1:0x15 DW_TAG_structure_type
	.long	.Linfo_string27         @ DW_AT_name
	.byte	4                       @ DW_AT_byte_size
	.byte	4                       @ DW_AT_decl_file
	.byte	44                      @ DW_AT_decl_line
	.byte	13                      @ Abbrev [13] 0x3b9:0xc DW_TAG_member
	.long	.Linfo_string26         @ DW_AT_name
	.long	38                      @ DW_AT_type
	.byte	4                       @ DW_AT_decl_file
	.byte	45                      @ DW_AT_decl_line
	.byte	0                       @ DW_AT_data_member_location
	.byte	0                       @ End Of Children Mark
	.byte	3                       @ Abbrev [3] 0x3c6:0x7 DW_TAG_base_type
	.long	.Linfo_string36         @ DW_AT_name
	.byte	5                       @ DW_AT_encoding
	.byte	4                       @ DW_AT_byte_size
	.byte	4                       @ Abbrev [4] 0x3cd:0x5 DW_TAG_pointer_type
	.long	978                     @ DW_AT_type
	.byte	14                      @ Abbrev [14] 0x3d2:0x1 DW_TAG_const_type
	.byte	0                       @ End Of Children Mark
.Ldebug_info_end0:
	.section	.debug_ranges,"",%progbits
.Ldebug_ranges0:
	.long	.Lfunc_begin0
	.long	.Lfunc_end0
	.long	.Lfunc_begin1
	.long	.Lfunc_end1
	.long	.Lfunc_begin2
	.long	.Lfunc_end2
	.long	.Lfunc_begin3
	.long	.Lfunc_end3
	.long	.Lfunc_begin4
	.long	.Lfunc_end4
	.long	.Lfunc_begin5
	.long	.Lfunc_end5
	.long	0
	.long	0
	.section	.debug_macinfo,"",%progbits
	.byte	0                       @ End Of Macro List Mark

	.ident	"Component: ARM Compiler 6.12 Tool: armclang [5d624a00]"
	.section	".note.GNU-stack","",%progbits
	.eabi_attribute	30, 3	@ Tag_ABI_optimization_goals
	.ARM_attribute	16, 1	@ Tag_AV_eba
	.section	.debug_line,"",%progbits
.Lline_table_start0:
