	.text
	.syntax unified
	.eabi_attribute	67, "2.09"	@ Tag_conformance
	.cpu	cortex-m4
	.eabi_attribute	6, 13	@ Tag_CPU_arch
	.eabi_attribute	7, 77	@ Tag_CPU_arch_profile
	.eabi_attribute	8, 0	@ Tag_ARM_ISA_use
	.eabi_attribute	9, 2	@ Tag_THUMB_ISA_use
	.fpu	fpv4-sp-d16
	.eabi_attribute	27, 1	@ Tag_ABI_HardFP_use
	.eabi_attribute	36, 1	@ Tag_FP_HP_extension
	.eabi_attribute	34, 1	@ Tag_CPU_unaligned_access
	.eabi_attribute	17, 1	@ Tag_ABI_PCS_GOT_use
	.eabi_attribute	20, 2	@ Tag_ABI_FP_denormal
	.eabi_attribute	21, 0	@ Tag_ABI_FP_exceptions
	.eabi_attribute	23, 1	@ Tag_ABI_FP_number_model
	.eabi_attribute	24, 1	@ Tag_ABI_align_needed
	.eabi_attribute	25, 1	@ Tag_ABI_align_preserved
	.eabi_attribute	28, 1	@ Tag_ABI_VFP_args
	.eabi_attribute	38, 1	@ Tag_ABI_FP_16bit_format
	.eabi_attribute	18, 2	@ Tag_ABI_PCS_wchar_t
	.eabi_attribute	26, 1	@ Tag_ABI_enum_size
	.eabi_attribute	14, 0	@ Tag_ABI_PCS_R9_use
	.file	"ip_addr.c"
	.file	1 "F:\\SkyDrive\\OtvoreniProjekti\\HotelSaplast\\fw\\KontrolerHotela\\HC070318\\Project" "../Libraries/lwip-1.4.1/port/arch\\cc.h"
	.file	2 "F:\\SkyDrive\\OtvoreniProjekti\\HotelSaplast\\fw\\KontrolerHotela\\HC070318\\Project" "../Libraries/lwip-1.4.1/src/include/ipv4\\lwip/ip_addr.h"
	.file	3 "F:\\SkyDrive\\OtvoreniProjekti\\HotelSaplast\\fw\\KontrolerHotela\\HC070318\\Project" "../Libraries/lwip-1.4.1/src/core/ipv4/ip_addr.c"
	.section	.text.ip4_addr_isbroadcast,"ax",%progbits
	.hidden	ip4_addr_isbroadcast    @ -- Begin function ip4_addr_isbroadcast
	.globl	ip4_addr_isbroadcast
	.p2align	1
	.type	ip4_addr_isbroadcast,%function
	.code	16                      @ @ip4_addr_isbroadcast
	.thumb_func
ip4_addr_isbroadcast:
.Lfunc_begin0:
	.loc	3 56 0                  @ ../Libraries/lwip-1.4.1/src/core/ipv4/ip_addr.c:56:0
	.fnstart
	.cfi_sections .debug_frame
	.cfi_startproc
@ %bb.0:
	@DEBUG_VALUE: ip4_addr_isbroadcast:addr <- $r0
	@DEBUG_VALUE: ip4_addr_isbroadcast:addr <- $r0
	@DEBUG_VALUE: ip4_addr_isbroadcast:netif <- $r1
	@DEBUG_VALUE: ip4_addr_isbroadcast:netif <- $r1
	@DEBUG_VALUE: ip4_addr_isbroadcast:ipaddr <- $r0
	@DEBUG_VALUE: ip4_addr_isbroadcast:ipaddr <- $r0
	.loc	3 61 29 prologue_end    @ ../Libraries/lwip-1.4.1/src/core/ipv4/ip_addr.c:61:29
	adds	r2, r0, #1
	cmp	r2, #2
	bhs	.LBB0_2
.Ltmp0:
.LBB0_1:
	.loc	3 0 29 is_stmt 0        @ ../Libraries/lwip-1.4.1/src/core/ipv4/ip_addr.c:0:29
	movs	r0, #1
	.loc	3 82 1 is_stmt 1        @ ../Libraries/lwip-1.4.1/src/core/ipv4/ip_addr.c:82:1
	bx	lr
.LBB0_2:
.Ltmp1:
	@DEBUG_VALUE: ip4_addr_isbroadcast:ipaddr <- $r0
	@DEBUG_VALUE: ip4_addr_isbroadcast:netif <- $r1
	@DEBUG_VALUE: ip4_addr_isbroadcast:addr <- $r0
	.loc	3 65 22                 @ ../Libraries/lwip-1.4.1/src/core/ipv4/ip_addr.c:65:22
	ldrb.w	r2, [r1, #45]
.Ltmp2:
	.loc	3 65 14 is_stmt 0       @ ../Libraries/lwip-1.4.1/src/core/ipv4/ip_addr.c:65:14
	lsls	r2, r2, #30
	bpl	.LBB0_6
.Ltmp3:
@ %bb.3:
	@DEBUG_VALUE: ip4_addr_isbroadcast:ipaddr <- $r0
	@DEBUG_VALUE: ip4_addr_isbroadcast:netif <- $r1
	@DEBUG_VALUE: ip4_addr_isbroadcast:addr <- $r0
	.loc	3 70 22 is_stmt 1       @ ../Libraries/lwip-1.4.1/src/core/ipv4/ip_addr.c:70:22
	ldr	r2, [r1, #4]
.Ltmp4:
	.loc	3 70 14 is_stmt 0       @ ../Libraries/lwip-1.4.1/src/core/ipv4/ip_addr.c:70:14
	cmp	r2, r0
	beq	.LBB0_6
.Ltmp5:
@ %bb.4:
	@DEBUG_VALUE: ip4_addr_isbroadcast:ipaddr <- $r0
	@DEBUG_VALUE: ip4_addr_isbroadcast:netif <- $r1
	@DEBUG_VALUE: ip4_addr_isbroadcast:addr <- $r0
	.loc	3 73 14 is_stmt 1       @ ../Libraries/lwip-1.4.1/src/core/ipv4/ip_addr.c:73:14
	ldr	r1, [r1, #8]
.Ltmp6:
	eors	r2, r0
	.loc	3 75 11                 @ ../Libraries/lwip-1.4.1/src/core/ipv4/ip_addr.c:75:11
	tst	r1, r2
	bne	.LBB0_6
.Ltmp7:
@ %bb.5:
	@DEBUG_VALUE: ip4_addr_isbroadcast:ipaddr <- $r0
	@DEBUG_VALUE: ip4_addr_isbroadcast:addr <- $r0
	.loc	3 75 21 is_stmt 0       @ ../Libraries/lwip-1.4.1/src/core/ipv4/ip_addr.c:75:21
	bics	r0, r1
.Ltmp8:
	.loc	3 75 23                 @ ../Libraries/lwip-1.4.1/src/core/ipv4/ip_addr.c:75:23
	mvns	r1, r1
.Ltmp9:
	.loc	3 73 14 is_stmt 1       @ ../Libraries/lwip-1.4.1/src/core/ipv4/ip_addr.c:73:14
	cmp	r0, r1
	beq	.LBB0_1
.Ltmp10:
.LBB0_6:
	.loc	3 0 14 is_stmt 0        @ ../Libraries/lwip-1.4.1/src/core/ipv4/ip_addr.c:0:14
	movs	r0, #0
	.loc	3 82 1 is_stmt 1        @ ../Libraries/lwip-1.4.1/src/core/ipv4/ip_addr.c:82:1
	bx	lr
.Ltmp11:
.Lfunc_end0:
	.size	ip4_addr_isbroadcast, .Lfunc_end0-ip4_addr_isbroadcast
	.cfi_endproc
	.cantunwind
	.fnend
                                        @ -- End function
	.section	.text.ip4_addr_netmask_valid,"ax",%progbits
	.hidden	ip4_addr_netmask_valid  @ -- Begin function ip4_addr_netmask_valid
	.globl	ip4_addr_netmask_valid
	.p2align	1
	.type	ip4_addr_netmask_valid,%function
	.code	16                      @ @ip4_addr_netmask_valid
	.thumb_func
ip4_addr_netmask_valid:
.Lfunc_begin1:
	.loc	3 91 0                  @ ../Libraries/lwip-1.4.1/src/core/ipv4/ip_addr.c:91:0
	.fnstart
	.cfi_startproc
@ %bb.0:
	.save	{r7, lr}
	push	{r7, lr}
	.cfi_def_cfa_offset 8
	.cfi_offset lr, -4
	.cfi_offset r7, -8
	@DEBUG_VALUE: ip4_addr_netmask_valid:netmask <- $r0
	@DEBUG_VALUE: ip4_addr_netmask_valid:netmask <- $r0
	@DEBUG_VALUE: ip4_addr_netmask_valid:netmask <- $r0
.Ltmp12:
	.loc	3 93 24 prologue_end    @ ../Libraries/lwip-1.4.1/src/core/ipv4/ip_addr.c:93:24
	bl	lwip_htonl
.Ltmp13:
	@DEBUG_VALUE: ip4_addr_netmask_valid:nm_hostorder <- $r0
	.loc	3 0 24 is_stmt 0        @ ../Libraries/lwip-1.4.1/src/core/ipv4/ip_addr.c:0:24
	mov.w	r2, #-2147483648
.Ltmp14:
	@DEBUG_VALUE: ip4_addr_netmask_valid:mask <- -2147483648
	.p2align	2
.LBB1_1:                                @ =>This Inner Loop Header: Depth=1
	@DEBUG_VALUE: ip4_addr_netmask_valid:nm_hostorder <- $r0
	mov	r1, r2
.Ltmp15:
	@DEBUG_VALUE: ip4_addr_netmask_valid:mask <- $r1
	.loc	3 96 43 is_stmt 1       @ ../Libraries/lwip-1.4.1/src/core/ipv4/ip_addr.c:96:43
	lsrs	r2, r2, #1
.Ltmp16:
	@DEBUG_VALUE: ip4_addr_netmask_valid:mask <- $r2
	.loc	3 96 3 is_stmt 0        @ ../Libraries/lwip-1.4.1/src/core/ipv4/ip_addr.c:96:3
	tst	r1, r0
	bne	.LBB1_1
.Ltmp17:
@ %bb.2:
	@DEBUG_VALUE: ip4_addr_netmask_valid:mask <- $r2
	@DEBUG_VALUE: ip4_addr_netmask_valid:nm_hostorder <- $r0
	.loc	3 102 3 is_stmt 1       @ ../Libraries/lwip-1.4.1/src/core/ipv4/ip_addr.c:102:3
	cbz	r1, .LBB1_5
.Ltmp18:
	.p2align	2
.LBB1_3:                                @ =>This Inner Loop Header: Depth=1
	@DEBUG_VALUE: ip4_addr_netmask_valid:mask <- $r2
	@DEBUG_VALUE: ip4_addr_netmask_valid:nm_hostorder <- $r0
	@DEBUG_VALUE: ip4_addr_netmask_valid:mask <- $r1
	.loc	3 103 9                 @ ../Libraries/lwip-1.4.1/src/core/ipv4/ip_addr.c:103:9
	tst	r1, r0
	itt	ne
	movne	r0, #0
.Ltmp19:
	.loc	3 110 1                 @ ../Libraries/lwip-1.4.1/src/core/ipv4/ip_addr.c:110:1
	popne	{r7, pc}
.Ltmp20:
.LBB1_4:                                @   in Loop: Header=BB1_3 Depth=1
	@DEBUG_VALUE: ip4_addr_netmask_valid:mask <- $r1
	.loc	3 0 1 is_stmt 0         @ ../Libraries/lwip-1.4.1/src/core/ipv4/ip_addr.c:0:1
	lsrs	r1, r1, #1
.Ltmp21:
	@DEBUG_VALUE: ip4_addr_netmask_valid:mask <- $r1
	.loc	3 102 3 is_stmt 1       @ ../Libraries/lwip-1.4.1/src/core/ipv4/ip_addr.c:102:3
	bne	.LBB1_3
.Ltmp22:
.LBB1_5:
	.loc	3 0 3 is_stmt 0         @ ../Libraries/lwip-1.4.1/src/core/ipv4/ip_addr.c:0:3
	movs	r0, #1
	.loc	3 110 1 is_stmt 1       @ ../Libraries/lwip-1.4.1/src/core/ipv4/ip_addr.c:110:1
	pop	{r7, pc}
.Ltmp23:
.Lfunc_end1:
	.size	ip4_addr_netmask_valid, .Lfunc_end1-ip4_addr_netmask_valid
	.cfi_endproc
	.cantunwind
	.fnend
                                        @ -- End function
	.section	.text.ipaddr_addr,"ax",%progbits
	.hidden	ipaddr_addr             @ -- Begin function ipaddr_addr
	.globl	ipaddr_addr
	.p2align	1
	.type	ipaddr_addr,%function
	.code	16                      @ @ipaddr_addr
	.thumb_func
ipaddr_addr:
.Lfunc_begin2:
	.loc	3 131 0                 @ ../Libraries/lwip-1.4.1/src/core/ipv4/ip_addr.c:131:0
	.fnstart
	.cfi_startproc
@ %bb.0:
	.save	{r7, lr}
	push	{r7, lr}
	.cfi_def_cfa_offset 8
	.cfi_offset lr, -4
	.cfi_offset r7, -8
	.pad	#8
	sub	sp, #8
	.cfi_def_cfa_offset 16
	@DEBUG_VALUE: ipaddr_addr:cp <- $r0
	@DEBUG_VALUE: ipaddr_addr:cp <- $r0
.Ltmp24:
	@DEBUG_VALUE: ipaddr_addr:val <- [DW_OP_plus_uconst 4, DW_OP_deref] $sp
	add	r1, sp, #4
	@DEBUG_VALUE: ipaddr_addr:cp <- $r0
.Ltmp25:
	.loc	3 134 7 prologue_end    @ ../Libraries/lwip-1.4.1/src/core/ipv4/ip_addr.c:134:7
	bl	ipaddr_aton
.Ltmp26:
	.loc	3 134 7 is_stmt 0       @ ../Libraries/lwip-1.4.1/src/core/ipv4/ip_addr.c:134:7
	ldr	r1, [sp, #4]
	cmp	r0, #0
	it	eq
	moveq.w	r1, #-1
	.loc	3 138 1 is_stmt 1       @ ../Libraries/lwip-1.4.1/src/core/ipv4/ip_addr.c:138:1
	mov	r0, r1
	add	sp, #8
.Ltmp27:
	pop	{r7, pc}
.Ltmp28:
.Lfunc_end2:
	.size	ipaddr_addr, .Lfunc_end2-ipaddr_addr
	.cfi_endproc
	.cantunwind
	.fnend
                                        @ -- End function
	.section	.text.ipaddr_aton,"ax",%progbits
	.hidden	ipaddr_aton             @ -- Begin function ipaddr_aton
	.globl	ipaddr_aton
	.p2align	2
	.type	ipaddr_aton,%function
	.code	16                      @ @ipaddr_aton
	.thumb_func
ipaddr_aton:
.Lfunc_begin3:
	.loc	3 153 0                 @ ../Libraries/lwip-1.4.1/src/core/ipv4/ip_addr.c:153:0
	.fnstart
	.cfi_startproc
@ %bb.0:
	.save	{r4, r5, r6, r7, r8, lr}
	push.w	{r4, r5, r6, r7, r8, lr}
	.cfi_def_cfa_offset 24
	.cfi_offset lr, -4
	.cfi_offset r8, -8
	.cfi_offset r7, -12
	.cfi_offset r6, -16
	.cfi_offset r5, -20
	.cfi_offset r4, -24
	.pad	#16
	sub	sp, #16
	.cfi_def_cfa_offset 40
	@DEBUG_VALUE: ipaddr_aton:cp <- $r0
	@DEBUG_VALUE: ipaddr_aton:addr <- $r1
.Ltmp29:
	@DEBUG_VALUE: ipaddr_aton:c <- [DW_OP_deref] $r0
	.loc	3 0 0 prologue_end      @ ../Libraries/lwip-1.4.1/src/core/ipv4/ip_addr.c:0:0
	ldrb	r5, [r0]
	mov	r8, r1
	mov	r1, r0
.Ltmp30:
	@DEBUG_VALUE: ipaddr_aton:pp <- $sp
	@DEBUG_VALUE: ipaddr_aton:c <- [DW_OP_deref] $r1
	@DEBUG_VALUE: ipaddr_aton:addr <- $r8
	@DEBUG_VALUE: ipaddr_aton:cp <- $r1
	.loc	3 167 10                @ ../Libraries/lwip-1.4.1/src/core/ipv4/ip_addr.c:167:10
	sub.w	r0, r5, #48
.Ltmp31:
	@DEBUG_VALUE: ipaddr_aton:c <- undef
	cmp	r0, #9
	bhi	.LBB3_20
.Ltmp32:
@ %bb.1:
	@DEBUG_VALUE: ipaddr_aton:cp <- $r1
	@DEBUG_VALUE: ipaddr_aton:addr <- $r8
	@DEBUG_VALUE: ipaddr_aton:pp <- $sp
	.loc	3 0 10 is_stmt 0        @ ../Libraries/lwip-1.4.1/src/core/ipv4/ip_addr.c:0:10
	mov	r2, sp
	add.w	r4, r2, #12
	mov	r3, r2
.Ltmp33:
.LBB3_2:                                @ =>This Loop Header: Depth=1
                                        @     Child Loop BB3_11 Depth 2
	@DEBUG_VALUE: ipaddr_aton:cp <- $r1
	@DEBUG_VALUE: ipaddr_aton:addr <- $r8
	@DEBUG_VALUE: ipaddr_aton:pp <- $sp
	@DEBUG_VALUE: ipaddr_aton:cp <- $r1
	@DEBUG_VALUE: ipaddr_aton:pp <- $r3
	@DEBUG_VALUE: ipaddr_aton:val <- 0
	@DEBUG_VALUE: ipaddr_aton:base <- 10
	.loc	3 171 9 is_stmt 1       @ ../Libraries/lwip-1.4.1/src/core/ipv4/ip_addr.c:171:9
	cmp	r5, #48
	bne	.LBB3_5
.Ltmp34:
@ %bb.3:                                @   in Loop: Header=BB3_2 Depth=1
	@DEBUG_VALUE: ipaddr_aton:pp <- $r3
	@DEBUG_VALUE: ipaddr_aton:cp <- $r1
	@DEBUG_VALUE: ipaddr_aton:addr <- $r8
	@DEBUG_VALUE: ipaddr_aton:cp <- undef
	.loc	3 172 11                @ ../Libraries/lwip-1.4.1/src/core/ipv4/ip_addr.c:172:11
	mov	r0, r1
	ldrb	r5, [r0, #1]!
.Ltmp35:
	.loc	3 173 20                @ ../Libraries/lwip-1.4.1/src/core/ipv4/ip_addr.c:173:20
	orr	r6, r5, #32
	@DEBUG_VALUE: ipaddr_aton:c <- undef
	cmp	r6, #120
	bne	.LBB3_6
.Ltmp36:
@ %bb.4:                                @   in Loop: Header=BB3_2 Depth=1
	@DEBUG_VALUE: ipaddr_aton:pp <- $r3
	@DEBUG_VALUE: ipaddr_aton:addr <- $r8
	@DEBUG_VALUE: ipaddr_aton:cp <- $r1
	@DEBUG_VALUE: ipaddr_aton:base <- 16
	.loc	3 175 13                @ ../Libraries/lwip-1.4.1/src/core/ipv4/ip_addr.c:175:13
	ldrb	r5, [r1, #2]!
.Ltmp37:
	.loc	3 0 13 is_stmt 0        @ ../Libraries/lwip-1.4.1/src/core/ipv4/ip_addr.c:0:13
	movs	r6, #16
	@DEBUG_VALUE: ipaddr_aton:c <- undef
	b	.LBB3_7
.Ltmp38:
	.p2align	2
.LBB3_5:                                @   in Loop: Header=BB3_2 Depth=1
	@DEBUG_VALUE: ipaddr_aton:pp <- $r3
	@DEBUG_VALUE: ipaddr_aton:cp <- $r1
	@DEBUG_VALUE: ipaddr_aton:addr <- $r8
	movs	r6, #10
	b	.LBB3_7
.Ltmp39:
.LBB3_6:                                @   in Loop: Header=BB3_2 Depth=1
	@DEBUG_VALUE: ipaddr_aton:pp <- $r3
	@DEBUG_VALUE: ipaddr_aton:addr <- $r8
	movs	r6, #8
	mov	r1, r0
.Ltmp40:
	.p2align	2
.LBB3_7:                                @   in Loop: Header=BB3_2 Depth=1
	@DEBUG_VALUE: ipaddr_aton:pp <- $r3
	@DEBUG_VALUE: ipaddr_aton:addr <- $r8
	@DEBUG_VALUE: ipaddr_aton:cp <- $r1
	@DEBUG_VALUE: ipaddr_aton:c <- $r5
	.loc	3 179 5 is_stmt 1       @ ../Libraries/lwip-1.4.1/src/core/ipv4/ip_addr.c:179:5
	adds	r1, #1
.Ltmp41:
	.loc	3 0 5 is_stmt 0         @ ../Libraries/lwip-1.4.1/src/core/ipv4/ip_addr.c:0:5
	movs	r0, #0
	b	.LBB3_11
.Ltmp42:
	.p2align	2
.LBB3_8:                                @   in Loop: Header=BB3_11 Depth=2
	@DEBUG_VALUE: ipaddr_aton:val <- $r0
	@DEBUG_VALUE: ipaddr_aton:c <- $r5
	@DEBUG_VALUE: ipaddr_aton:pp <- $r3
	@DEBUG_VALUE: ipaddr_aton:addr <- $r8
	.loc	3 183 18 is_stmt 1      @ ../Libraries/lwip-1.4.1/src/core/ipv4/ip_addr.c:183:18
	cmp	r5, #70
	bhi	.LBB3_20
.Ltmp43:
.LBB3_9:                                @   in Loop: Header=BB3_11 Depth=2
	@DEBUG_VALUE: ipaddr_aton:val <- $r0
	@DEBUG_VALUE: ipaddr_aton:c <- $r5
	@DEBUG_VALUE: ipaddr_aton:pp <- $r3
	@DEBUG_VALUE: ipaddr_aton:addr <- $r8
	.loc	3 184 44                @ ../Libraries/lwip-1.4.1/src/core/ipv4/ip_addr.c:184:44
	sub.w	r7, r5, #97
	cmp	r7, #26
	mvn	r7, #64
	it	lo
	mvnlo	r7, #96
	.loc	3 184 36 is_stmt 0      @ ../Libraries/lwip-1.4.1/src/core/ipv4/ip_addr.c:184:36
	add	r7, r5
	.loc	3 184 41                @ ../Libraries/lwip-1.4.1/src/core/ipv4/ip_addr.c:184:41
	adds	r7, #10
	.loc	3 184 26                @ ../Libraries/lwip-1.4.1/src/core/ipv4/ip_addr.c:184:26
	orr.w	r0, r7, r0, lsl #4
.Ltmp44:
	@DEBUG_VALUE: ipaddr_aton:c <- [DW_OP_plus_uconst 1, DW_OP_deref, DW_OP_stack_value] undef
	@DEBUG_VALUE: ipaddr_aton:cp <- [DW_OP_plus_uconst 1, DW_OP_stack_value] undef
	@DEBUG_VALUE: ipaddr_aton:val <- $r0
.LBB3_10:                               @   in Loop: Header=BB3_11 Depth=2
	@DEBUG_VALUE: ipaddr_aton:val <- $r0
	@DEBUG_VALUE: ipaddr_aton:pp <- $r3
	@DEBUG_VALUE: ipaddr_aton:addr <- $r8
	@DEBUG_VALUE: ipaddr_aton:val <- $r0
	.loc	3 0 0                   @ ../Libraries/lwip-1.4.1/src/core/ipv4/ip_addr.c:0:0
	ldrb	r5, [r1], #1
	@DEBUG_VALUE: ipaddr_aton:cp <- [DW_OP_plus_uconst 1, DW_OP_stack_value] undef
.Ltmp45:
	@DEBUG_VALUE: ipaddr_aton:c <- undef
.LBB3_11:                               @   Parent Loop BB3_2 Depth=1
                                        @ =>  This Inner Loop Header: Depth=2
	@DEBUG_VALUE: ipaddr_aton:c <- $r5
	@DEBUG_VALUE: ipaddr_aton:pp <- $r3
	@DEBUG_VALUE: ipaddr_aton:addr <- $r8
	@DEBUG_VALUE: ipaddr_aton:cp <- undef
	@DEBUG_VALUE: ipaddr_aton:c <- $r5
	@DEBUG_VALUE: ipaddr_aton:val <- $r0
	.loc	3 180 11 is_stmt 1      @ ../Libraries/lwip-1.4.1/src/core/ipv4/ip_addr.c:180:11
	sub.w	r7, r5, #48
	cmp	r7, #9
	bhi	.LBB3_13
.Ltmp46:
@ %bb.12:                               @   in Loop: Header=BB3_11 Depth=2
	@DEBUG_VALUE: ipaddr_aton:val <- $r0
	@DEBUG_VALUE: ipaddr_aton:c <- $r5
	@DEBUG_VALUE: ipaddr_aton:pp <- $r3
	@DEBUG_VALUE: ipaddr_aton:addr <- $r8
	.loc	3 181 38                @ ../Libraries/lwip-1.4.1/src/core/ipv4/ip_addr.c:181:38
	mla	r0, r0, r6, r5
.Ltmp47:
	.loc	3 181 28 is_stmt 0      @ ../Libraries/lwip-1.4.1/src/core/ipv4/ip_addr.c:181:28
	subs	r0, #48
.Ltmp48:
	@DEBUG_VALUE: ipaddr_aton:c <- [DW_OP_plus_uconst 1, DW_OP_deref, DW_OP_stack_value] undef
	@DEBUG_VALUE: ipaddr_aton:cp <- [DW_OP_plus_uconst 1, DW_OP_stack_value] undef
	@DEBUG_VALUE: ipaddr_aton:val <- $r0
	.loc	3 0 28                  @ ../Libraries/lwip-1.4.1/src/core/ipv4/ip_addr.c:0:28
	b	.LBB3_10
.Ltmp49:
	.p2align	2
.LBB3_13:                               @   in Loop: Header=BB3_11 Depth=2
	@DEBUG_VALUE: ipaddr_aton:val <- $r0
	@DEBUG_VALUE: ipaddr_aton:c <- $r5
	@DEBUG_VALUE: ipaddr_aton:pp <- $r3
	@DEBUG_VALUE: ipaddr_aton:addr <- $r8
	.loc	3 183 29 is_stmt 1      @ ../Libraries/lwip-1.4.1/src/core/ipv4/ip_addr.c:183:29
	cmp	r6, #16
	bne	.LBB3_17
.Ltmp50:
@ %bb.14:                               @   in Loop: Header=BB3_11 Depth=2
	@DEBUG_VALUE: ipaddr_aton:val <- $r0
	@DEBUG_VALUE: ipaddr_aton:c <- $r5
	@DEBUG_VALUE: ipaddr_aton:pp <- $r3
	@DEBUG_VALUE: ipaddr_aton:addr <- $r8
	.loc	3 183 32 is_stmt 0      @ ../Libraries/lwip-1.4.1/src/core/ipv4/ip_addr.c:183:32
	cmp	r5, #97
	blo	.LBB3_16
.Ltmp51:
@ %bb.15:                               @   in Loop: Header=BB3_11 Depth=2
	@DEBUG_VALUE: ipaddr_aton:val <- $r0
	@DEBUG_VALUE: ipaddr_aton:c <- $r5
	@DEBUG_VALUE: ipaddr_aton:pp <- $r3
	@DEBUG_VALUE: ipaddr_aton:addr <- $r8
	cmp	r5, #103
	blo	.LBB3_9
	b	.LBB3_20
.Ltmp52:
	.p2align	2
.LBB3_16:                               @   in Loop: Header=BB3_11 Depth=2
	@DEBUG_VALUE: ipaddr_aton:val <- $r0
	@DEBUG_VALUE: ipaddr_aton:c <- $r5
	@DEBUG_VALUE: ipaddr_aton:pp <- $r3
	@DEBUG_VALUE: ipaddr_aton:addr <- $r8
	cmp	r5, #65
	bhs	.LBB3_8
.Ltmp53:
.LBB3_17:                               @   in Loop: Header=BB3_2 Depth=1
	@DEBUG_VALUE: ipaddr_aton:val <- $r0
	@DEBUG_VALUE: ipaddr_aton:c <- $r5
	@DEBUG_VALUE: ipaddr_aton:pp <- $r3
	@DEBUG_VALUE: ipaddr_aton:addr <- $r8
	@DEBUG_VALUE: ipaddr_aton:cp <- undef
	.loc	3 189 9 is_stmt 1       @ ../Libraries/lwip-1.4.1/src/core/ipv4/ip_addr.c:189:9
	cmp	r5, #46
	bne	.LBB3_22
.Ltmp54:
@ %bb.18:                               @   in Loop: Header=BB3_2 Depth=1
	@DEBUG_VALUE: ipaddr_aton:val <- $r0
	@DEBUG_VALUE: ipaddr_aton:c <- $r5
	@DEBUG_VALUE: ipaddr_aton:pp <- $r3
	@DEBUG_VALUE: ipaddr_aton:addr <- $r8
	.loc	3 196 11                @ ../Libraries/lwip-1.4.1/src/core/ipv4/ip_addr.c:196:11
	cmp	r3, r4
	bhs	.LBB3_20
.Ltmp55:
@ %bb.19:                               @   in Loop: Header=BB3_2 Depth=1
	@DEBUG_VALUE: ipaddr_aton:val <- $r0
	@DEBUG_VALUE: ipaddr_aton:c <- $r5
	@DEBUG_VALUE: ipaddr_aton:pp <- $r3
	@DEBUG_VALUE: ipaddr_aton:addr <- $r8
	@DEBUG_VALUE: ipaddr_aton:pp <- $r3
	.loc	3 199 13                @ ../Libraries/lwip-1.4.1/src/core/ipv4/ip_addr.c:199:13
	str	r0, [r3], #4
.Ltmp56:
	.loc	3 0 0 is_stmt 0         @ ../Libraries/lwip-1.4.1/src/core/ipv4/ip_addr.c:0:0
	ldrb	r5, [r1]
.Ltmp57:
	.loc	3 167 10 is_stmt 1      @ ../Libraries/lwip-1.4.1/src/core/ipv4/ip_addr.c:167:10
	sub.w	r0, r5, #48
.Ltmp58:
	@DEBUG_VALUE: ipaddr_aton:c <- undef
	cmp	r0, #10
	blo	.LBB3_2
.Ltmp59:
.LBB3_20:
	@DEBUG_VALUE: ipaddr_aton:addr <- $r8
	.loc	3 0 10 is_stmt 0        @ ../Libraries/lwip-1.4.1/src/core/ipv4/ip_addr.c:0:10
	movs	r1, #0
.Ltmp60:
.LBB3_21:
	@DEBUG_VALUE: ipaddr_aton:addr <- $r8
	.loc	3 250 1 is_stmt 1       @ ../Libraries/lwip-1.4.1/src/core/ipv4/ip_addr.c:250:1
	mov	r0, r1
	add	sp, #16
	pop.w	{r4, r5, r6, r7, r8, pc}
.Ltmp61:
.LBB3_22:
	@DEBUG_VALUE: ipaddr_aton:val <- $r0
	@DEBUG_VALUE: ipaddr_aton:c <- $r5
	@DEBUG_VALUE: ipaddr_aton:pp <- $r3
	@DEBUG_VALUE: ipaddr_aton:addr <- $r8
	.loc	3 0 1 is_stmt 0         @ ../Libraries/lwip-1.4.1/src/core/ipv4/ip_addr.c:0:1
	sub.w	r1, r5, #9
	cmp	r1, #23
	bhi	.LBB3_30
.Ltmp62:
@ %bb.23:
	@DEBUG_VALUE: ipaddr_aton:val <- $r0
	@DEBUG_VALUE: ipaddr_aton:c <- $r5
	@DEBUG_VALUE: ipaddr_aton:pp <- $r3
	@DEBUG_VALUE: ipaddr_aton:addr <- $r8
	movs	r7, #1
	lsl.w	r1, r7, r1
	movs	r7, #31
	movt	r7, #128
	tst	r1, r7
	beq	.LBB3_30
.Ltmp63:
.LBB3_24:
	@DEBUG_VALUE: ipaddr_aton:val <- $r0
	@DEBUG_VALUE: ipaddr_aton:c <- $r5
	@DEBUG_VALUE: ipaddr_aton:pp <- $r3
	@DEBUG_VALUE: ipaddr_aton:addr <- $r8
	.loc	3 214 14 is_stmt 1      @ ../Libraries/lwip-1.4.1/src/core/ipv4/ip_addr.c:214:14
	subs	r1, r3, r2
	movs	r2, #1
	.loc	3 214 3 is_stmt 0       @ ../Libraries/lwip-1.4.1/src/core/ipv4/ip_addr.c:214:3
	add.w	r2, r2, r1, asr #2
	cmp	r2, #4
	bhi	.LBB3_35
.Ltmp64:
@ %bb.25:
	@DEBUG_VALUE: ipaddr_aton:val <- $r0
	@DEBUG_VALUE: ipaddr_aton:c <- $r5
	@DEBUG_VALUE: ipaddr_aton:pp <- $r3
	@DEBUG_VALUE: ipaddr_aton:addr <- $r8
	.loc	3 0 3                   @ ../Libraries/lwip-1.4.1/src/core/ipv4/ip_addr.c:0:3
	movs	r1, #0
.LCPI3_0:
	tbb	[pc, r2]
.Ltmp65:
@ %bb.26:
.LJTI3_0:
	.byte	(.LBB3_27-(.LCPI3_0+4))/2
	.byte	(.LBB3_35-(.LCPI3_0+4))/2
	.byte	(.LBB3_28-(.LCPI3_0+4))/2
	.byte	(.LBB3_31-(.LCPI3_0+4))/2
	.byte	(.LBB3_33-(.LCPI3_0+4))/2
	.p2align	1
.LBB3_27:
.Ltmp66:
	@DEBUG_VALUE: ipaddr_aton:val <- $r0
	@DEBUG_VALUE: ipaddr_aton:c <- $r5
	@DEBUG_VALUE: ipaddr_aton:pp <- $r3
	@DEBUG_VALUE: ipaddr_aton:addr <- $r8
	b	.LBB3_21
.Ltmp67:
.LBB3_28:
	@DEBUG_VALUE: ipaddr_aton:val <- $r0
	@DEBUG_VALUE: ipaddr_aton:c <- $r5
	@DEBUG_VALUE: ipaddr_aton:pp <- $r3
	@DEBUG_VALUE: ipaddr_aton:addr <- $r8
	movs	r1, #0
.Ltmp68:
	.loc	3 223 9 is_stmt 1       @ ../Libraries/lwip-1.4.1/src/core/ipv4/ip_addr.c:223:9
	cmp.w	r1, r0, lsr #24
	bne	.LBB3_21
.Ltmp69:
@ %bb.29:
	@DEBUG_VALUE: ipaddr_aton:val <- $r0
	@DEBUG_VALUE: ipaddr_aton:c <- $r5
	@DEBUG_VALUE: ipaddr_aton:pp <- $r3
	@DEBUG_VALUE: ipaddr_aton:addr <- $r8
	.loc	3 226 12                @ ../Libraries/lwip-1.4.1/src/core/ipv4/ip_addr.c:226:12
	ldr	r1, [sp]
	.loc	3 226 9 is_stmt 0       @ ../Libraries/lwip-1.4.1/src/core/ipv4/ip_addr.c:226:9
	orr.w	r0, r0, r1, lsl #24
.Ltmp70:
	@DEBUG_VALUE: ipaddr_aton:val <- $r0
	.loc	3 0 9                   @ ../Libraries/lwip-1.4.1/src/core/ipv4/ip_addr.c:0:9
	b	.LBB3_35
.Ltmp71:
.LBB3_30:
	@DEBUG_VALUE: ipaddr_aton:val <- $r0
	@DEBUG_VALUE: ipaddr_aton:c <- $r5
	@DEBUG_VALUE: ipaddr_aton:pp <- $r3
	@DEBUG_VALUE: ipaddr_aton:addr <- $r8
	.loc	3 189 9 is_stmt 1       @ ../Libraries/lwip-1.4.1/src/core/ipv4/ip_addr.c:189:9
	cmp	r5, #0
	bne	.LBB3_20
	b	.LBB3_24
.Ltmp72:
.LBB3_31:
	@DEBUG_VALUE: ipaddr_aton:val <- $r0
	@DEBUG_VALUE: ipaddr_aton:c <- $r5
	@DEBUG_VALUE: ipaddr_aton:pp <- $r3
	@DEBUG_VALUE: ipaddr_aton:addr <- $r8
	.loc	3 0 9 is_stmt 0         @ ../Libraries/lwip-1.4.1/src/core/ipv4/ip_addr.c:0:9
	movs	r1, #0
.Ltmp73:
	.loc	3 230 9 is_stmt 1       @ ../Libraries/lwip-1.4.1/src/core/ipv4/ip_addr.c:230:9
	cmp.w	r1, r0, lsr #16
	bne	.LBB3_21
.Ltmp74:
@ %bb.32:
	@DEBUG_VALUE: ipaddr_aton:val <- $r0
	@DEBUG_VALUE: ipaddr_aton:c <- $r5
	@DEBUG_VALUE: ipaddr_aton:pp <- $r3
	@DEBUG_VALUE: ipaddr_aton:addr <- $r8
	.loc	3 233 13                @ ../Libraries/lwip-1.4.1/src/core/ipv4/ip_addr.c:233:13
	ldrd	r1, r2, [sp]
	.loc	3 233 29 is_stmt 0      @ ../Libraries/lwip-1.4.1/src/core/ipv4/ip_addr.c:233:29
	orr.w	r0, r0, r1, lsl #24
.Ltmp75:
	.loc	3 233 9                 @ ../Libraries/lwip-1.4.1/src/core/ipv4/ip_addr.c:233:9
	orr.w	r0, r0, r2, lsl #16
.Ltmp76:
	@DEBUG_VALUE: ipaddr_aton:val <- $r0
	.loc	3 0 9                   @ ../Libraries/lwip-1.4.1/src/core/ipv4/ip_addr.c:0:9
	b	.LBB3_35
.Ltmp77:
.LBB3_33:
	@DEBUG_VALUE: ipaddr_aton:val <- $r0
	@DEBUG_VALUE: ipaddr_aton:c <- $r5
	@DEBUG_VALUE: ipaddr_aton:pp <- $r3
	@DEBUG_VALUE: ipaddr_aton:addr <- $r8
	.loc	3 237 9 is_stmt 1       @ ../Libraries/lwip-1.4.1/src/core/ipv4/ip_addr.c:237:9
	cmp	r0, #255
	bhi	.LBB3_20
.Ltmp78:
@ %bb.34:
	@DEBUG_VALUE: ipaddr_aton:val <- $r0
	@DEBUG_VALUE: ipaddr_aton:c <- $r5
	@DEBUG_VALUE: ipaddr_aton:pp <- $r3
	@DEBUG_VALUE: ipaddr_aton:addr <- $r8
	.loc	3 240 13                @ ../Libraries/lwip-1.4.1/src/core/ipv4/ip_addr.c:240:13
	ldm.w	sp, {r1, r2, r3}
.Ltmp79:
	.loc	3 240 29 is_stmt 0      @ ../Libraries/lwip-1.4.1/src/core/ipv4/ip_addr.c:240:29
	orr.w	r0, r0, r1, lsl #24
.Ltmp80:
	.loc	3 240 48                @ ../Libraries/lwip-1.4.1/src/core/ipv4/ip_addr.c:240:48
	orr.w	r0, r0, r2, lsl #16
	.loc	3 240 9                 @ ../Libraries/lwip-1.4.1/src/core/ipv4/ip_addr.c:240:9
	orr.w	r0, r0, r3, lsl #8
.Ltmp81:
	@DEBUG_VALUE: ipaddr_aton:val <- $r0
.LBB3_35:
	@DEBUG_VALUE: ipaddr_aton:val <- $r0
	@DEBUG_VALUE: ipaddr_aton:c <- $r5
	@DEBUG_VALUE: ipaddr_aton:addr <- $r8
	@DEBUG_VALUE: ipaddr_aton:val <- $r0
	.loc	3 246 7 is_stmt 1       @ ../Libraries/lwip-1.4.1/src/core/ipv4/ip_addr.c:246:7
	cmp.w	r8, #0
	beq	.LBB3_37
.Ltmp82:
@ %bb.36:
	@DEBUG_VALUE: ipaddr_aton:val <- $r0
	@DEBUG_VALUE: ipaddr_aton:c <- $r5
	@DEBUG_VALUE: ipaddr_aton:addr <- $r8
	.loc	3 247 5                 @ ../Libraries/lwip-1.4.1/src/core/ipv4/ip_addr.c:247:5
	bl	lwip_htonl
.Ltmp83:
	str.w	r0, [r8]
.Ltmp84:
.LBB3_37:
	@DEBUG_VALUE: ipaddr_aton:c <- $r5
	@DEBUG_VALUE: ipaddr_aton:addr <- $r8
	.loc	3 0 5 is_stmt 0         @ ../Libraries/lwip-1.4.1/src/core/ipv4/ip_addr.c:0:5
	movs	r1, #1
	b	.LBB3_21
.Lfunc_end3:
	.size	ipaddr_aton, .Lfunc_end3-ipaddr_aton
	.cfi_endproc
	.cantunwind
	.fnend
                                        @ -- End function
	.section	.text.ipaddr_ntoa,"ax",%progbits
	.hidden	ipaddr_ntoa             @ -- Begin function ipaddr_ntoa
	.globl	ipaddr_ntoa
	.p2align	1
	.type	ipaddr_ntoa,%function
	.code	16                      @ @ipaddr_ntoa
	.thumb_func
ipaddr_ntoa:
.Lfunc_begin4:
	.loc	3 262 0 is_stmt 1       @ ../Libraries/lwip-1.4.1/src/core/ipv4/ip_addr.c:262:0
	.fnstart
	.cfi_startproc
@ %bb.0:
	@DEBUG_VALUE: ipaddr_ntoa:addr <- $r0
	@DEBUG_VALUE: ipaddr_ntoa:addr <- $r0
	.loc	3 264 10 prologue_end   @ ../Libraries/lwip-1.4.1/src/core/ipv4/ip_addr.c:264:10
	movw	r1, :lower16:ipaddr_ntoa.str
	movs	r2, #16
	movt	r1, :upper16:ipaddr_ntoa.str
	@DEBUG_VALUE: ipaddr_ntoa:addr <- $r0
	b	ipaddr_ntoa_r
.Ltmp85:
.Lfunc_end4:
	.size	ipaddr_ntoa, .Lfunc_end4-ipaddr_ntoa
	.cfi_endproc
	.cantunwind
	.fnend
                                        @ -- End function
	.section	.text.ipaddr_ntoa_r,"ax",%progbits
	.hidden	ipaddr_ntoa_r           @ -- Begin function ipaddr_ntoa_r
	.globl	ipaddr_ntoa_r
	.p2align	1
	.type	ipaddr_ntoa_r,%function
	.code	16                      @ @ipaddr_ntoa_r
	.thumb_func
ipaddr_ntoa_r:
.Lfunc_begin5:
	.loc	3 277 0                 @ ../Libraries/lwip-1.4.1/src/core/ipv4/ip_addr.c:277:0
	.fnstart
	.cfi_startproc
@ %bb.0:
	.save	{r4, r5, r6, r7, r8, r9, r10, lr}
	push.w	{r4, r5, r6, r7, r8, r9, r10, lr}
	.cfi_def_cfa_offset 32
	.cfi_offset lr, -4
	.cfi_offset r10, -8
	.cfi_offset r9, -12
	.cfi_offset r8, -16
	.cfi_offset r7, -20
	.cfi_offset r6, -24
	.cfi_offset r5, -28
	.cfi_offset r4, -32
	.pad	#8
	sub	sp, #8
	.cfi_def_cfa_offset 40
	@DEBUG_VALUE: ipaddr_ntoa_r:addr <- $r0
	@DEBUG_VALUE: ipaddr_ntoa_r:buf <- $r1
	@DEBUG_VALUE: ipaddr_ntoa_r:buflen <- $r2
.Ltmp86:
	@DEBUG_VALUE: ipaddr_ntoa_r:rp <- $r1
	.loc	3 287 12 prologue_end   @ ../Libraries/lwip-1.4.1/src/core/ipv4/ip_addr.c:287:12
	ldr	r4, [r0]
.Ltmp87:
	@DEBUG_VALUE: ipaddr_ntoa_r:s_addr <- $r4
	.loc	3 0 12 is_stmt 0        @ ../Libraries/lwip-1.4.1/src/core/ipv4/ip_addr.c:0:12
	movw	lr, #52429
	mov	r12, r1
.Ltmp88:
	@DEBUG_VALUE: ipaddr_ntoa_r:len <- 0
	@DEBUG_VALUE: ipaddr_ntoa_r:rp <- $r12
	@DEBUG_VALUE: ipaddr_ntoa_r:buflen <- $r2
	@DEBUG_VALUE: ipaddr_ntoa_r:buf <- $r12
	@DEBUG_VALUE: ipaddr_ntoa_r:addr <- $r0
	movs	r0, #0
.Ltmp89:
	@DEBUG_VALUE: ipaddr_ntoa_r:n <- 0
	add	r3, sp, #4
.Ltmp90:
	@DEBUG_VALUE: ipaddr_ntoa_r:ap <- [DW_OP_plus_uconst 4] $sp
	add.w	r10, sp, #1
	mov.w	r8, #46
	mov.w	r9, #0
	mov	r5, r1
	movt	lr, #52428
	.loc	3 287 10                @ ../Libraries/lwip-1.4.1/src/core/ipv4/ip_addr.c:287:10
	str	r4, [sp, #4]
	b	.LBB5_3
.Ltmp91:
	.p2align	2
.LBB5_1:                                @   in Loop: Header=BB5_3 Depth=1
	@DEBUG_VALUE: ipaddr_ntoa_r:len <- $r0
	@DEBUG_VALUE: ipaddr_ntoa_r:rp <- $r5
	@DEBUG_VALUE: ipaddr_ntoa_r:ap <- $r3
	@DEBUG_VALUE: ipaddr_ntoa_r:n <- $r9
	@DEBUG_VALUE: ipaddr_ntoa_r:buf <- $r12
	@DEBUG_VALUE: ipaddr_ntoa_r:buflen <- $r2
	.loc	3 291 22 is_stmt 1      @ ../Libraries/lwip-1.4.1/src/core/ipv4/ip_addr.c:291:22
	add.w	r9, r9, #1
.Ltmp92:
	@DEBUG_VALUE: ipaddr_ntoa_r:n <- $r9
	.loc	3 307 11                @ ../Libraries/lwip-1.4.1/src/core/ipv4/ip_addr.c:307:11
	strb.w	r8, [r5]
.Ltmp93:
	.loc	3 291 3                 @ ../Libraries/lwip-1.4.1/src/core/ipv4/ip_addr.c:291:3
	cmp.w	r9, #3
	bhi	.LBB5_11
.Ltmp94:
@ %bb.2:                                @   in Loop: Header=BB5_3 Depth=1
	@DEBUG_VALUE: ipaddr_ntoa_r:len <- $r0
	@DEBUG_VALUE: ipaddr_ntoa_r:rp <- $r5
	@DEBUG_VALUE: ipaddr_ntoa_r:ap <- $r3
	@DEBUG_VALUE: ipaddr_ntoa_r:n <- $r9
	@DEBUG_VALUE: ipaddr_ntoa_r:buf <- $r12
	@DEBUG_VALUE: ipaddr_ntoa_r:buflen <- $r2
	.loc	3 0 0 is_stmt 0         @ ../Libraries/lwip-1.4.1/src/core/ipv4/ip_addr.c:0:0
	adds	r3, #1
.Ltmp95:
	@DEBUG_VALUE: ipaddr_ntoa_r:ap <- $r3
	.loc	3 307 8 is_stmt 1       @ ../Libraries/lwip-1.4.1/src/core/ipv4/ip_addr.c:307:8
	adds	r5, #1
.Ltmp96:
	@DEBUG_VALUE: ipaddr_ntoa_r:rp <- $r5
	.loc	3 294 13                @ ../Libraries/lwip-1.4.1/src/core/ipv4/ip_addr.c:294:13
	ldrb	r4, [r3]
.Ltmp97:
.LBB5_3:                                @ =>This Loop Header: Depth=1
                                        @     Child Loop BB5_4 Depth 2
                                        @     Child Loop BB5_6 Depth 2
	@DEBUG_VALUE: ipaddr_ntoa_r:ap <- [DW_OP_plus_uconst 4] $sp
	@DEBUG_VALUE: ipaddr_ntoa_r:buf <- $r12
	@DEBUG_VALUE: ipaddr_ntoa_r:rp <- $r12
	@DEBUG_VALUE: ipaddr_ntoa_r:s_addr <- $r4
	@DEBUG_VALUE: ipaddr_ntoa_r:buflen <- $r2
	.loc	3 0 13 is_stmt 0        @ ../Libraries/lwip-1.4.1/src/core/ipv4/ip_addr.c:0:13
	movs	r7, #0
.Ltmp98:
	@DEBUG_VALUE: ipaddr_ntoa_r:ap <- $r3
	@DEBUG_VALUE: ipaddr_ntoa_r:n <- $r9
	@DEBUG_VALUE: ipaddr_ntoa_r:len <- $r0
	@DEBUG_VALUE: ipaddr_ntoa_r:rp <- $r5
	.p2align	2
.LBB5_4:                                @   Parent Loop BB5_3 Depth=1
                                        @ =>  This Inner Loop Header: Depth=2
	@DEBUG_VALUE: ipaddr_ntoa_r:len <- $r0
	@DEBUG_VALUE: ipaddr_ntoa_r:rp <- $r5
	@DEBUG_VALUE: ipaddr_ntoa_r:ap <- $r3
	@DEBUG_VALUE: ipaddr_ntoa_r:n <- $r9
	@DEBUG_VALUE: ipaddr_ntoa_r:buf <- $r12
	@DEBUG_VALUE: ipaddr_ntoa_r:s_addr <- $r4
	@DEBUG_VALUE: ipaddr_ntoa_r:buflen <- $r2
	mov	r6, r7
.Ltmp99:
	@DEBUG_VALUE: ipaddr_ntoa_r:i <- $r6
	.loc	3 295 11 is_stmt 1      @ ../Libraries/lwip-1.4.1/src/core/ipv4/ip_addr.c:295:11
	uxtb	r7, r4
	umull	r7, r1, r7, lr
	lsrs	r1, r1, #3
	.loc	3 296 12                @ ../Libraries/lwip-1.4.1/src/core/ipv4/ip_addr.c:296:12
	adds	r7, r6, #1
.Ltmp100:
	@DEBUG_VALUE: ipaddr_ntoa_r:i <- $r7
	.loc	3 295 11                @ ../Libraries/lwip-1.4.1/src/core/ipv4/ip_addr.c:295:11
	strb	r1, [r3]
	add.w	r1, r1, r1, lsl #2
	sub.w	r1, r4, r1, lsl #1
.Ltmp101:
	@DEBUG_VALUE: ipaddr_ntoa_r:rem <- $r1
	.loc	3 296 7                 @ ../Libraries/lwip-1.4.1/src/core/ipv4/ip_addr.c:296:7
	uxtb	r4, r6
.Ltmp102:
	.loc	3 296 22 is_stmt 0      @ ../Libraries/lwip-1.4.1/src/core/ipv4/ip_addr.c:296:22
	orr	r1, r1, #48
.Ltmp103:
	.loc	3 296 16                @ ../Libraries/lwip-1.4.1/src/core/ipv4/ip_addr.c:296:16
	strb.w	r1, [r10, r4]
.Ltmp104:
	.loc	3 297 13 is_stmt 1      @ ../Libraries/lwip-1.4.1/src/core/ipv4/ip_addr.c:297:13
	ldrb	r4, [r3]
.Ltmp105:
	.loc	3 297 5 is_stmt 0       @ ../Libraries/lwip-1.4.1/src/core/ipv4/ip_addr.c:297:5
	cmp	r4, #0
	bne	.LBB5_4
.Ltmp106:
@ %bb.5:                                @   in Loop: Header=BB5_3 Depth=1
	@DEBUG_VALUE: ipaddr_ntoa_r:i <- $r7
	@DEBUG_VALUE: ipaddr_ntoa_r:len <- $r0
	@DEBUG_VALUE: ipaddr_ntoa_r:rp <- $r5
	@DEBUG_VALUE: ipaddr_ntoa_r:ap <- $r3
	@DEBUG_VALUE: ipaddr_ntoa_r:n <- $r9
	@DEBUG_VALUE: ipaddr_ntoa_r:buf <- $r12
	@DEBUG_VALUE: ipaddr_ntoa_r:buflen <- $r2
	.loc	3 0 0                   @ ../Libraries/lwip-1.4.1/src/core/ipv4/ip_addr.c:0:0
	cmp	r0, r2
	mov.w	r4, #0
	add.w	r0, r0, #1
.Ltmp107:
	@DEBUG_VALUE: ipaddr_ntoa_r:len <- $r0
	it	ge
	movge	r4, #1
	.loc	3 298 5 is_stmt 1       @ ../Libraries/lwip-1.4.1/src/core/ipv4/ip_addr.c:298:5
	lsls	r1, r7, #24
	beq	.LBB5_8
.Ltmp108:
	.p2align	2
.LBB5_6:                                @   Parent Loop BB5_3 Depth=1
                                        @ =>  This Inner Loop Header: Depth=2
	@DEBUG_VALUE: ipaddr_ntoa_r:i <- $r7
	@DEBUG_VALUE: ipaddr_ntoa_r:len <- $r0
	@DEBUG_VALUE: ipaddr_ntoa_r:rp <- $r5
	@DEBUG_VALUE: ipaddr_ntoa_r:ap <- $r3
	@DEBUG_VALUE: ipaddr_ntoa_r:n <- $r9
	@DEBUG_VALUE: ipaddr_ntoa_r:buf <- $r12
	@DEBUG_VALUE: ipaddr_ntoa_r:buflen <- $r2
	@DEBUG_VALUE: ipaddr_ntoa_r:rp <- $r5
	@DEBUG_VALUE: ipaddr_ntoa_r:len <- $r0
	@DEBUG_VALUE: ipaddr_ntoa_r:i <- $r6
	.loc	3 299 11                @ ../Libraries/lwip-1.4.1/src/core/ipv4/ip_addr.c:299:11
	lsls	r1, r4, #31
	bne	.LBB5_9
.Ltmp109:
@ %bb.7:                                @   in Loop: Header=BB5_6 Depth=2
	@DEBUG_VALUE: ipaddr_ntoa_r:i <- $r6
	@DEBUG_VALUE: ipaddr_ntoa_r:len <- $r0
	@DEBUG_VALUE: ipaddr_ntoa_r:rp <- $r5
	@DEBUG_VALUE: ipaddr_ntoa_r:ap <- $r3
	@DEBUG_VALUE: ipaddr_ntoa_r:n <- $r9
	@DEBUG_VALUE: ipaddr_ntoa_r:buf <- $r12
	@DEBUG_VALUE: ipaddr_ntoa_r:buflen <- $r2
	.loc	3 302 15                @ ../Libraries/lwip-1.4.1/src/core/ipv4/ip_addr.c:302:15
	uxtb	r1, r6
.Ltmp110:
	.loc	3 0 0 is_stmt 0         @ ../Libraries/lwip-1.4.1/src/core/ipv4/ip_addr.c:0:0
	movs	r4, #0
	cmp	r0, r2
	add.w	r0, r0, #1
.Ltmp111:
	@DEBUG_VALUE: ipaddr_ntoa_r:len <- $r0
	.loc	3 298 12 is_stmt 1      @ ../Libraries/lwip-1.4.1/src/core/ipv4/ip_addr.c:298:12
	sub.w	r6, r6, #1
.Ltmp112:
	@DEBUG_VALUE: ipaddr_ntoa_r:i <- $r6
	.loc	3 0 0 is_stmt 0         @ ../Libraries/lwip-1.4.1/src/core/ipv4/ip_addr.c:0:0
	it	ge
	movge	r4, #1
.Ltmp113:
	.loc	3 302 15 is_stmt 1      @ ../Libraries/lwip-1.4.1/src/core/ipv4/ip_addr.c:302:15
	ldrb.w	r7, [r10, r1]
.Ltmp114:
	@DEBUG_VALUE: ipaddr_ntoa_r:rp <- $r5
	.loc	3 298 5                 @ ../Libraries/lwip-1.4.1/src/core/ipv4/ip_addr.c:298:5
	cmp	r1, #0
.Ltmp115:
	.loc	3 302 13                @ ../Libraries/lwip-1.4.1/src/core/ipv4/ip_addr.c:302:13
	strb	r7, [r5], #1
.Ltmp116:
	.loc	3 298 5                 @ ../Libraries/lwip-1.4.1/src/core/ipv4/ip_addr.c:298:5
	bne	.LBB5_6
.Ltmp117:
.LBB5_8:                                @   in Loop: Header=BB5_3 Depth=1
	@DEBUG_VALUE: ipaddr_ntoa_r:len <- $r0
	@DEBUG_VALUE: ipaddr_ntoa_r:ap <- $r3
	@DEBUG_VALUE: ipaddr_ntoa_r:n <- $r9
	@DEBUG_VALUE: ipaddr_ntoa_r:buf <- $r12
	@DEBUG_VALUE: ipaddr_ntoa_r:buflen <- $r2
	@DEBUG_VALUE: ipaddr_ntoa_r:rp <- $r5
	@DEBUG_VALUE: ipaddr_ntoa_r:len <- $r0
	.loc	3 304 9                 @ ../Libraries/lwip-1.4.1/src/core/ipv4/ip_addr.c:304:9
	cmp	r4, #0
	beq	.LBB5_1
.Ltmp118:
.LBB5_9:
	@DEBUG_VALUE: ipaddr_ntoa_r:len <- $r0
	@DEBUG_VALUE: ipaddr_ntoa_r:rp <- $r5
	@DEBUG_VALUE: ipaddr_ntoa_r:ap <- $r3
	@DEBUG_VALUE: ipaddr_ntoa_r:n <- $r9
	@DEBUG_VALUE: ipaddr_ntoa_r:buf <- $r12
	@DEBUG_VALUE: ipaddr_ntoa_r:buflen <- $r2
	.loc	3 0 9 is_stmt 0         @ ../Libraries/lwip-1.4.1/src/core/ipv4/ip_addr.c:0:9
	mov.w	r12, #0
.Ltmp119:
.LBB5_10:
	@DEBUG_VALUE: ipaddr_ntoa_r:rp <- $r5
	@DEBUG_VALUE: ipaddr_ntoa_r:ap <- $r3
	@DEBUG_VALUE: ipaddr_ntoa_r:n <- $r9
	@DEBUG_VALUE: ipaddr_ntoa_r:buflen <- $r2
	.loc	3 312 1 is_stmt 1       @ ../Libraries/lwip-1.4.1/src/core/ipv4/ip_addr.c:312:1
	mov	r0, r12
	add	sp, #8
	pop.w	{r4, r5, r6, r7, r8, r9, r10, pc}
.Ltmp120:
.LBB5_11:
	@DEBUG_VALUE: ipaddr_ntoa_r:len <- $r0
	@DEBUG_VALUE: ipaddr_ntoa_r:rp <- $r5
	@DEBUG_VALUE: ipaddr_ntoa_r:ap <- $r3
	@DEBUG_VALUE: ipaddr_ntoa_r:n <- $r9
	@DEBUG_VALUE: ipaddr_ntoa_r:buf <- $r12
	@DEBUG_VALUE: ipaddr_ntoa_r:buflen <- $r2
	.loc	3 0 1 is_stmt 0         @ ../Libraries/lwip-1.4.1/src/core/ipv4/ip_addr.c:0:1
	movs	r0, #0
.Ltmp121:
	.loc	3 310 9 is_stmt 1       @ ../Libraries/lwip-1.4.1/src/core/ipv4/ip_addr.c:310:9
	strb	r0, [r5]
	b	.LBB5_10
.Ltmp122:
.Lfunc_end5:
	.size	ipaddr_ntoa_r, .Lfunc_end5-ipaddr_ntoa_r
	.cfi_endproc
	.cantunwind
	.fnend
                                        @ -- End function
	.hidden	ip_addr_any             @ @ip_addr_any
	.type	ip_addr_any,%object
	.section	.rodata.ip_addr_any,"a",%progbits
	.globl	ip_addr_any
	.p2align	2
ip_addr_any:
	.zero	4
	.size	ip_addr_any, 4

	.hidden	ip_addr_broadcast       @ @ip_addr_broadcast
	.type	ip_addr_broadcast,%object
	.section	.rodata.ip_addr_broadcast,"a",%progbits
	.globl	ip_addr_broadcast
	.p2align	2
ip_addr_broadcast:
	.long	4294967295              @ 0xffffffff
	.size	ip_addr_broadcast, 4

	.type	ipaddr_ntoa.str,%object @ @ipaddr_ntoa.str
	.section	.bss.ipaddr_ntoa.str,"aw",%nobits
ipaddr_ntoa.str:
	.zero	16
	.size	ipaddr_ntoa.str, 16

	.file	4 "F:\\SkyDrive\\OtvoreniProjekti\\HotelSaplast\\fw\\KontrolerHotela\\HC070318\\Project" "../Libraries/lwip-1.4.1/src/include\\lwip/netif.h"
	.file	5 "F:\\SkyDrive\\OtvoreniProjekti\\HotelSaplast\\fw\\KontrolerHotela\\HC070318\\Project" "../Libraries/lwip-1.4.1/src/include\\lwip/err.h"
	.file	6 "F:\\SkyDrive\\OtvoreniProjekti\\HotelSaplast\\fw\\KontrolerHotela\\HC070318\\Project" "../Libraries/lwip-1.4.1/src/include\\lwip/pbuf.h"
	.section	.debug_str,"MS",%progbits,1
.Linfo_string0:
	.asciz	"Component: ARM Compiler 6.12 Tool: armclang [5d624a00]" @ string offset=0
.Linfo_string1:
	.asciz	"../Libraries/lwip-1.4.1/src/core/ipv4\\ip_addr.c" @ string offset=55
.Linfo_string2:
	.asciz	"F:\\SkyDrive\\OtvoreniProjekti\\HotelSaplast\\fw\\KontrolerHotela\\HC070318\\Project" @ string offset=103
.Linfo_string3:
	.asciz	"ip_addr_any"           @ string offset=181
.Linfo_string4:
	.asciz	"addr"                  @ string offset=193
.Linfo_string5:
	.asciz	"long unsigned int"     @ string offset=198
.Linfo_string6:
	.asciz	"u32_t"                 @ string offset=216
.Linfo_string7:
	.asciz	"ip_addr"               @ string offset=222
.Linfo_string8:
	.asciz	"ip_addr_t"             @ string offset=230
.Linfo_string9:
	.asciz	"ip_addr_broadcast"     @ string offset=240
.Linfo_string10:
	.asciz	"str"                   @ string offset=258
.Linfo_string11:
	.asciz	"char"                  @ string offset=262
.Linfo_string12:
	.asciz	"__ARRAY_SIZE_TYPE__"   @ string offset=267
.Linfo_string13:
	.asciz	"unsigned char"         @ string offset=287
.Linfo_string14:
	.asciz	"u8_t"                  @ string offset=301
.Linfo_string15:
	.asciz	"int"                   @ string offset=306
.Linfo_string16:
	.asciz	"ip4_addr_isbroadcast"  @ string offset=310
.Linfo_string17:
	.asciz	"ip4_addr_netmask_valid" @ string offset=331
.Linfo_string18:
	.asciz	"ipaddr_addr"           @ string offset=354
.Linfo_string19:
	.asciz	"ipaddr_aton"           @ string offset=366
.Linfo_string20:
	.asciz	"ipaddr_ntoa"           @ string offset=378
.Linfo_string21:
	.asciz	"ipaddr_ntoa_r"         @ string offset=390
.Linfo_string22:
	.asciz	"netif"                 @ string offset=404
.Linfo_string23:
	.asciz	"next"                  @ string offset=410
.Linfo_string24:
	.asciz	"netmask"               @ string offset=415
.Linfo_string25:
	.asciz	"gw"                    @ string offset=423
.Linfo_string26:
	.asciz	"input"                 @ string offset=426
.Linfo_string27:
	.asciz	"signed char"           @ string offset=432
.Linfo_string28:
	.asciz	"s8_t"                  @ string offset=444
.Linfo_string29:
	.asciz	"err_t"                 @ string offset=449
.Linfo_string30:
	.asciz	"payload"               @ string offset=455
.Linfo_string31:
	.asciz	"tot_len"               @ string offset=463
.Linfo_string32:
	.asciz	"unsigned short"        @ string offset=471
.Linfo_string33:
	.asciz	"u16_t"                 @ string offset=486
.Linfo_string34:
	.asciz	"len"                   @ string offset=492
.Linfo_string35:
	.asciz	"type"                  @ string offset=496
.Linfo_string36:
	.asciz	"flags"                 @ string offset=501
.Linfo_string37:
	.asciz	"ref"                   @ string offset=507
.Linfo_string38:
	.asciz	"pbuf"                  @ string offset=511
.Linfo_string39:
	.asciz	"netif_input_fn"        @ string offset=516
.Linfo_string40:
	.asciz	"output"                @ string offset=531
.Linfo_string41:
	.asciz	"netif_output_fn"       @ string offset=538
.Linfo_string42:
	.asciz	"linkoutput"            @ string offset=554
.Linfo_string43:
	.asciz	"netif_linkoutput_fn"   @ string offset=565
.Linfo_string44:
	.asciz	"state"                 @ string offset=585
.Linfo_string45:
	.asciz	"hostname"              @ string offset=591
.Linfo_string46:
	.asciz	"mtu"                   @ string offset=600
.Linfo_string47:
	.asciz	"hwaddr_len"            @ string offset=604
.Linfo_string48:
	.asciz	"hwaddr"                @ string offset=615
.Linfo_string49:
	.asciz	"name"                  @ string offset=622
.Linfo_string50:
	.asciz	"num"                   @ string offset=627
.Linfo_string51:
	.asciz	"ipaddr"                @ string offset=631
.Linfo_string52:
	.asciz	"nm_hostorder"          @ string offset=638
.Linfo_string53:
	.asciz	"mask"                  @ string offset=651
.Linfo_string54:
	.asciz	"cp"                    @ string offset=656
.Linfo_string55:
	.asciz	"val"                   @ string offset=659
.Linfo_string56:
	.asciz	"parts"                 @ string offset=663
.Linfo_string57:
	.asciz	"c"                     @ string offset=669
.Linfo_string58:
	.asciz	"pp"                    @ string offset=671
.Linfo_string59:
	.asciz	"base"                  @ string offset=674
.Linfo_string60:
	.asciz	"inv"                   @ string offset=679
.Linfo_string61:
	.asciz	"buf"                   @ string offset=683
.Linfo_string62:
	.asciz	"buflen"                @ string offset=687
.Linfo_string63:
	.asciz	"rp"                    @ string offset=694
.Linfo_string64:
	.asciz	"s_addr"                @ string offset=697
.Linfo_string65:
	.asciz	"n"                     @ string offset=704
.Linfo_string66:
	.asciz	"ap"                    @ string offset=706
.Linfo_string67:
	.asciz	"i"                     @ string offset=709
.Linfo_string68:
	.asciz	"rem"                   @ string offset=711
	.section	.debug_loc,"",%progbits
.Ldebug_loc0:
	.long	.Lfunc_begin0
	.long	.Ltmp0
	.short	1                       @ Loc expr size
	.byte	80                      @ DW_OP_reg0
	.long	.Ltmp1
	.long	.Ltmp8
	.short	1                       @ Loc expr size
	.byte	80                      @ DW_OP_reg0
	.long	0
	.long	0
.Ldebug_loc1:
	.long	.Lfunc_begin0
	.long	.Ltmp0
	.short	1                       @ Loc expr size
	.byte	81                      @ DW_OP_reg1
	.long	.Ltmp1
	.long	.Ltmp6
	.short	1                       @ Loc expr size
	.byte	81                      @ DW_OP_reg1
	.long	0
	.long	0
.Ldebug_loc2:
	.long	.Lfunc_begin0
	.long	.Ltmp0
	.short	1                       @ Loc expr size
	.byte	80                      @ DW_OP_reg0
	.long	.Ltmp1
	.long	.Ltmp8
	.short	1                       @ Loc expr size
	.byte	80                      @ DW_OP_reg0
	.long	0
	.long	0
.Ldebug_loc3:
	.long	.Lfunc_begin1
	.long	.Ltmp13
	.short	1                       @ Loc expr size
	.byte	80                      @ DW_OP_reg0
	.long	0
	.long	0
.Ldebug_loc4:
	.long	.Ltmp13
	.long	.Ltmp19
	.short	1                       @ Loc expr size
	.byte	80                      @ DW_OP_reg0
	.long	0
	.long	0
.Ldebug_loc5:
	.long	.Ltmp14
	.long	.Ltmp15
	.short	11                      @ Loc expr size
	.byte	16                      @ DW_OP_constu
	.byte	128                     @ 18446744071562067968
	.byte	128                     @ 
	.byte	128                     @ 
	.byte	128                     @ 
	.byte	248                     @ 
	.byte	255                     @ 
	.byte	255                     @ 
	.byte	255                     @ 
	.byte	255                     @ 
	.byte	1                       @ 
	.long	.Ltmp15
	.long	.Ltmp16
	.short	1                       @ Loc expr size
	.byte	81                      @ DW_OP_reg1
	.long	.Ltmp16
	.long	.Ltmp18
	.short	1                       @ Loc expr size
	.byte	82                      @ DW_OP_reg2
	.long	.Ltmp18
	.long	.Ltmp22
	.short	1                       @ Loc expr size
	.byte	81                      @ DW_OP_reg1
	.long	0
	.long	0
.Ldebug_loc6:
	.long	.Lfunc_begin2
	.long	.Ltmp26
	.short	1                       @ Loc expr size
	.byte	80                      @ DW_OP_reg0
	.long	0
	.long	0
.Ldebug_loc7:
	.long	.Ltmp24
	.long	.Ltmp27
	.short	2                       @ Loc expr size
	.byte	125                     @ DW_OP_breg13
	.byte	4                       @ 4
	.long	0
	.long	0
.Ldebug_loc8:
	.long	.Lfunc_begin3
	.long	.Ltmp30
	.short	1                       @ Loc expr size
	.byte	80                      @ DW_OP_reg0
	.long	.Ltmp30
	.long	.Ltmp34
	.short	1                       @ Loc expr size
	.byte	81                      @ DW_OP_reg1
	.long	.Ltmp36
	.long	.Ltmp37
	.short	1                       @ Loc expr size
	.byte	81                      @ DW_OP_reg1
	.long	.Ltmp38
	.long	.Ltmp39
	.short	1                       @ Loc expr size
	.byte	81                      @ DW_OP_reg1
	.long	.Ltmp40
	.long	.Ltmp41
	.short	1                       @ Loc expr size
	.byte	81                      @ DW_OP_reg1
	.long	0
	.long	0
.Ldebug_loc9:
	.long	.Lfunc_begin3
	.long	.Ltmp30
	.short	1                       @ Loc expr size
	.byte	81                      @ DW_OP_reg1
	.long	.Ltmp30
	.long	.Ltmp65
	.short	1                       @ Loc expr size
	.byte	88                      @ DW_OP_reg8
	.long	.Ltmp66
	.long	.Lfunc_end3
	.short	1                       @ Loc expr size
	.byte	88                      @ DW_OP_reg8
	.long	0
	.long	0
.Ldebug_loc10:
	.long	.Ltmp29
	.long	.Ltmp30
	.short	2                       @ Loc expr size
	.byte	112                     @ DW_OP_breg0
	.byte	0                       @ 0
	.long	.Ltmp30
	.long	.Ltmp31
	.short	2                       @ Loc expr size
	.byte	113                     @ DW_OP_breg1
	.byte	0                       @ 0
	.long	.Ltmp40
	.long	.Ltmp44
	.short	1                       @ Loc expr size
	.byte	85                      @ DW_OP_reg5
	.long	.Ltmp45
	.long	.Ltmp48
	.short	1                       @ Loc expr size
	.byte	85                      @ DW_OP_reg5
	.long	.Ltmp49
	.long	.Ltmp57
	.short	1                       @ Loc expr size
	.byte	85                      @ DW_OP_reg5
	.long	.Ltmp61
	.long	.Ltmp65
	.short	1                       @ Loc expr size
	.byte	85                      @ DW_OP_reg5
	.long	.Ltmp66
	.long	.Lfunc_end3
	.short	1                       @ Loc expr size
	.byte	85                      @ DW_OP_reg5
	.long	0
	.long	0
.Ldebug_loc11:
	.long	.Ltmp30
	.long	.Ltmp33
	.short	1                       @ Loc expr size
	.byte	93                      @ DW_OP_reg13
	.long	.Ltmp33
	.long	.Ltmp56
	.short	1                       @ Loc expr size
	.byte	83                      @ DW_OP_reg3
	.long	.Ltmp61
	.long	.Ltmp65
	.short	1                       @ Loc expr size
	.byte	83                      @ DW_OP_reg3
	.long	.Ltmp66
	.long	.Ltmp79
	.short	1                       @ Loc expr size
	.byte	83                      @ DW_OP_reg3
	.long	0
	.long	0
.Ldebug_loc12:
	.long	.Ltmp33
	.long	.Ltmp42
	.short	1                       @ Loc expr size
	.byte	48                      @ DW_OP_lit0
	.long	.Ltmp42
	.long	.Ltmp47
	.short	1                       @ Loc expr size
	.byte	80                      @ DW_OP_reg0
	.long	.Ltmp48
	.long	.Ltmp58
	.short	1                       @ Loc expr size
	.byte	80                      @ DW_OP_reg0
	.long	.Ltmp61
	.long	.Ltmp65
	.short	1                       @ Loc expr size
	.byte	80                      @ DW_OP_reg0
	.long	.Ltmp66
	.long	.Ltmp75
	.short	1                       @ Loc expr size
	.byte	80                      @ DW_OP_reg0
	.long	.Ltmp76
	.long	.Ltmp80
	.short	1                       @ Loc expr size
	.byte	80                      @ DW_OP_reg0
	.long	.Ltmp81
	.long	.Ltmp83
	.short	1                       @ Loc expr size
	.byte	80                      @ DW_OP_reg0
	.long	0
	.long	0
.Ldebug_loc13:
	.long	.Ltmp33
	.long	.Ltmp36
	.short	1                       @ Loc expr size
	.byte	58                      @ DW_OP_lit10
	.long	.Ltmp36
	.long	.Lfunc_end3
	.short	1                       @ Loc expr size
	.byte	64                      @ DW_OP_lit16
	.long	0
	.long	0
.Ldebug_loc14:
	.long	.Lfunc_begin5
	.long	.Ltmp89
	.short	1                       @ Loc expr size
	.byte	80                      @ DW_OP_reg0
	.long	0
	.long	0
.Ldebug_loc15:
	.long	.Lfunc_begin5
	.long	.Ltmp88
	.short	1                       @ Loc expr size
	.byte	81                      @ DW_OP_reg1
	.long	.Ltmp88
	.long	.Ltmp119
	.short	1                       @ Loc expr size
	.byte	92                      @ DW_OP_reg12
	.long	.Ltmp120
	.long	.Lfunc_end5
	.short	1                       @ Loc expr size
	.byte	92                      @ DW_OP_reg12
	.long	0
	.long	0
.Ldebug_loc16:
	.long	.Ltmp86
	.long	.Ltmp88
	.short	1                       @ Loc expr size
	.byte	81                      @ DW_OP_reg1
	.long	.Ltmp88
	.long	.Ltmp91
	.short	1                       @ Loc expr size
	.byte	92                      @ DW_OP_reg12
	.long	.Ltmp91
	.long	.Ltmp97
	.short	1                       @ Loc expr size
	.byte	85                      @ DW_OP_reg5
	.long	.Ltmp97
	.long	.Ltmp98
	.short	1                       @ Loc expr size
	.byte	92                      @ DW_OP_reg12
	.long	.Ltmp98
	.long	.Ltmp116
	.short	1                       @ Loc expr size
	.byte	85                      @ DW_OP_reg5
	.long	.Ltmp117
	.long	.Lfunc_end5
	.short	1                       @ Loc expr size
	.byte	85                      @ DW_OP_reg5
	.long	0
	.long	0
.Ldebug_loc17:
	.long	.Ltmp87
	.long	.Ltmp91
	.short	1                       @ Loc expr size
	.byte	84                      @ DW_OP_reg4
	.long	.Ltmp97
	.long	.Ltmp102
	.short	1                       @ Loc expr size
	.byte	84                      @ DW_OP_reg4
	.long	0
	.long	0
.Ldebug_loc18:
	.long	.Ltmp88
	.long	.Ltmp91
	.short	2                       @ Loc expr size
	.byte	17                      @ DW_OP_consts
	.byte	0                       @ 0
	.long	.Ltmp91
	.long	.Ltmp97
	.short	1                       @ Loc expr size
	.byte	80                      @ DW_OP_reg0
	.long	.Ltmp98
	.long	.Ltmp119
	.short	1                       @ Loc expr size
	.byte	80                      @ DW_OP_reg0
	.long	.Ltmp120
	.long	.Ltmp121
	.short	1                       @ Loc expr size
	.byte	80                      @ DW_OP_reg0
	.long	0
	.long	0
.Ldebug_loc19:
	.long	.Ltmp89
	.long	.Ltmp91
	.short	1                       @ Loc expr size
	.byte	48                      @ DW_OP_lit0
	.long	.Ltmp91
	.long	.Ltmp97
	.short	1                       @ Loc expr size
	.byte	89                      @ DW_OP_reg9
	.long	.Ltmp98
	.long	.Lfunc_end5
	.short	1                       @ Loc expr size
	.byte	89                      @ DW_OP_reg9
	.long	0
	.long	0
.Ldebug_loc20:
	.long	.Ltmp90
	.long	.Ltmp91
	.short	2                       @ Loc expr size
	.byte	125                     @ DW_OP_breg13
	.byte	4                       @ 4
	.long	.Ltmp91
	.long	.Ltmp97
	.short	1                       @ Loc expr size
	.byte	83                      @ DW_OP_reg3
	.long	.Ltmp97
	.long	.Ltmp98
	.short	2                       @ Loc expr size
	.byte	125                     @ DW_OP_breg13
	.byte	4                       @ 4
	.long	.Ltmp98
	.long	.Lfunc_end5
	.short	1                       @ Loc expr size
	.byte	83                      @ DW_OP_reg3
	.long	0
	.long	0
.Ldebug_loc21:
	.long	.Ltmp99
	.long	.Ltmp100
	.short	1                       @ Loc expr size
	.byte	86                      @ DW_OP_reg6
	.long	.Ltmp100
	.long	.Ltmp108
	.short	1                       @ Loc expr size
	.byte	87                      @ DW_OP_reg7
	.long	.Ltmp108
	.long	.Ltmp117
	.short	1                       @ Loc expr size
	.byte	86                      @ DW_OP_reg6
	.long	0
	.long	0
.Ldebug_loc22:
	.long	.Ltmp101
	.long	.Ltmp103
	.short	1                       @ Loc expr size
	.byte	81                      @ DW_OP_reg1
	.long	0
	.long	0
	.section	.debug_abbrev,"",%progbits
	.byte	1                       @ Abbreviation Code
	.byte	17                      @ DW_TAG_compile_unit
	.byte	1                       @ DW_CHILDREN_yes
	.byte	37                      @ DW_AT_producer
	.byte	14                      @ DW_FORM_strp
	.byte	19                      @ DW_AT_language
	.byte	5                       @ DW_FORM_data2
	.byte	3                       @ DW_AT_name
	.byte	14                      @ DW_FORM_strp
	.byte	16                      @ DW_AT_stmt_list
	.byte	6                       @ DW_FORM_data4
	.byte	27                      @ DW_AT_comp_dir
	.byte	14                      @ DW_FORM_strp
	.byte	17                      @ DW_AT_low_pc
	.byte	1                       @ DW_FORM_addr
	.byte	85                      @ DW_AT_ranges
	.byte	6                       @ DW_FORM_data4
	.byte	0                       @ EOM(1)
	.byte	0                       @ EOM(2)
	.byte	2                       @ Abbreviation Code
	.byte	52                      @ DW_TAG_variable
	.byte	0                       @ DW_CHILDREN_no
	.byte	3                       @ DW_AT_name
	.byte	14                      @ DW_FORM_strp
	.byte	73                      @ DW_AT_type
	.byte	19                      @ DW_FORM_ref4
	.byte	63                      @ DW_AT_external
	.byte	12                      @ DW_FORM_flag
	.byte	58                      @ DW_AT_decl_file
	.byte	11                      @ DW_FORM_data1
	.byte	59                      @ DW_AT_decl_line
	.byte	11                      @ DW_FORM_data1
	.byte	2                       @ DW_AT_location
	.byte	10                      @ DW_FORM_block1
	.byte	0                       @ EOM(1)
	.byte	0                       @ EOM(2)
	.byte	3                       @ Abbreviation Code
	.byte	38                      @ DW_TAG_const_type
	.byte	0                       @ DW_CHILDREN_no
	.byte	73                      @ DW_AT_type
	.byte	19                      @ DW_FORM_ref4
	.byte	0                       @ EOM(1)
	.byte	0                       @ EOM(2)
	.byte	4                       @ Abbreviation Code
	.byte	22                      @ DW_TAG_typedef
	.byte	0                       @ DW_CHILDREN_no
	.byte	73                      @ DW_AT_type
	.byte	19                      @ DW_FORM_ref4
	.byte	3                       @ DW_AT_name
	.byte	14                      @ DW_FORM_strp
	.byte	58                      @ DW_AT_decl_file
	.byte	11                      @ DW_FORM_data1
	.byte	59                      @ DW_AT_decl_line
	.byte	11                      @ DW_FORM_data1
	.byte	0                       @ EOM(1)
	.byte	0                       @ EOM(2)
	.byte	5                       @ Abbreviation Code
	.byte	19                      @ DW_TAG_structure_type
	.byte	1                       @ DW_CHILDREN_yes
	.byte	3                       @ DW_AT_name
	.byte	14                      @ DW_FORM_strp
	.byte	11                      @ DW_AT_byte_size
	.byte	11                      @ DW_FORM_data1
	.byte	58                      @ DW_AT_decl_file
	.byte	11                      @ DW_FORM_data1
	.byte	59                      @ DW_AT_decl_line
	.byte	11                      @ DW_FORM_data1
	.byte	0                       @ EOM(1)
	.byte	0                       @ EOM(2)
	.byte	6                       @ Abbreviation Code
	.byte	13                      @ DW_TAG_member
	.byte	0                       @ DW_CHILDREN_no
	.byte	3                       @ DW_AT_name
	.byte	14                      @ DW_FORM_strp
	.byte	73                      @ DW_AT_type
	.byte	19                      @ DW_FORM_ref4
	.byte	58                      @ DW_AT_decl_file
	.byte	11                      @ DW_FORM_data1
	.byte	59                      @ DW_AT_decl_line
	.byte	11                      @ DW_FORM_data1
	.byte	56                      @ DW_AT_data_member_location
	.byte	11                      @ DW_FORM_data1
	.byte	0                       @ EOM(1)
	.byte	0                       @ EOM(2)
	.byte	7                       @ Abbreviation Code
	.byte	36                      @ DW_TAG_base_type
	.byte	0                       @ DW_CHILDREN_no
	.byte	3                       @ DW_AT_name
	.byte	14                      @ DW_FORM_strp
	.byte	62                      @ DW_AT_encoding
	.byte	11                      @ DW_FORM_data1
	.byte	11                      @ DW_AT_byte_size
	.byte	11                      @ DW_FORM_data1
	.byte	0                       @ EOM(1)
	.byte	0                       @ EOM(2)
	.byte	8                       @ Abbreviation Code
	.byte	46                      @ DW_TAG_subprogram
	.byte	1                       @ DW_CHILDREN_yes
	.byte	17                      @ DW_AT_low_pc
	.byte	1                       @ DW_FORM_addr
	.byte	18                      @ DW_AT_high_pc
	.byte	1                       @ DW_FORM_addr
	.byte	64                      @ DW_AT_frame_base
	.byte	10                      @ DW_FORM_block1
	.byte	3                       @ DW_AT_name
	.byte	14                      @ DW_FORM_strp
	.byte	58                      @ DW_AT_decl_file
	.byte	11                      @ DW_FORM_data1
	.byte	59                      @ DW_AT_decl_line
	.byte	5                       @ DW_FORM_data2
	.byte	39                      @ DW_AT_prototyped
	.byte	12                      @ DW_FORM_flag
	.byte	73                      @ DW_AT_type
	.byte	19                      @ DW_FORM_ref4
	.byte	63                      @ DW_AT_external
	.byte	12                      @ DW_FORM_flag
	.byte	0                       @ EOM(1)
	.byte	0                       @ EOM(2)
	.byte	9                       @ Abbreviation Code
	.byte	52                      @ DW_TAG_variable
	.byte	0                       @ DW_CHILDREN_no
	.byte	3                       @ DW_AT_name
	.byte	14                      @ DW_FORM_strp
	.byte	73                      @ DW_AT_type
	.byte	19                      @ DW_FORM_ref4
	.byte	58                      @ DW_AT_decl_file
	.byte	11                      @ DW_FORM_data1
	.byte	59                      @ DW_AT_decl_line
	.byte	5                       @ DW_FORM_data2
	.byte	2                       @ DW_AT_location
	.byte	10                      @ DW_FORM_block1
	.byte	0                       @ EOM(1)
	.byte	0                       @ EOM(2)
	.byte	10                      @ Abbreviation Code
	.byte	5                       @ DW_TAG_formal_parameter
	.byte	0                       @ DW_CHILDREN_no
	.byte	2                       @ DW_AT_location
	.byte	10                      @ DW_FORM_block1
	.byte	3                       @ DW_AT_name
	.byte	14                      @ DW_FORM_strp
	.byte	58                      @ DW_AT_decl_file
	.byte	11                      @ DW_FORM_data1
	.byte	59                      @ DW_AT_decl_line
	.byte	5                       @ DW_FORM_data2
	.byte	73                      @ DW_AT_type
	.byte	19                      @ DW_FORM_ref4
	.byte	0                       @ EOM(1)
	.byte	0                       @ EOM(2)
	.byte	11                      @ Abbreviation Code
	.byte	1                       @ DW_TAG_array_type
	.byte	1                       @ DW_CHILDREN_yes
	.byte	73                      @ DW_AT_type
	.byte	19                      @ DW_FORM_ref4
	.byte	0                       @ EOM(1)
	.byte	0                       @ EOM(2)
	.byte	12                      @ Abbreviation Code
	.byte	33                      @ DW_TAG_subrange_type
	.byte	0                       @ DW_CHILDREN_no
	.byte	73                      @ DW_AT_type
	.byte	19                      @ DW_FORM_ref4
	.byte	55                      @ DW_AT_count
	.byte	11                      @ DW_FORM_data1
	.byte	0                       @ EOM(1)
	.byte	0                       @ EOM(2)
	.byte	13                      @ Abbreviation Code
	.byte	36                      @ DW_TAG_base_type
	.byte	0                       @ DW_CHILDREN_no
	.byte	3                       @ DW_AT_name
	.byte	14                      @ DW_FORM_strp
	.byte	11                      @ DW_AT_byte_size
	.byte	11                      @ DW_FORM_data1
	.byte	62                      @ DW_AT_encoding
	.byte	11                      @ DW_FORM_data1
	.byte	0                       @ EOM(1)
	.byte	0                       @ EOM(2)
	.byte	14                      @ Abbreviation Code
	.byte	15                      @ DW_TAG_pointer_type
	.byte	0                       @ DW_CHILDREN_no
	.byte	73                      @ DW_AT_type
	.byte	19                      @ DW_FORM_ref4
	.byte	0                       @ EOM(1)
	.byte	0                       @ EOM(2)
	.byte	15                      @ Abbreviation Code
	.byte	46                      @ DW_TAG_subprogram
	.byte	1                       @ DW_CHILDREN_yes
	.byte	17                      @ DW_AT_low_pc
	.byte	1                       @ DW_FORM_addr
	.byte	18                      @ DW_AT_high_pc
	.byte	1                       @ DW_FORM_addr
	.byte	64                      @ DW_AT_frame_base
	.byte	10                      @ DW_FORM_block1
	.byte	3                       @ DW_AT_name
	.byte	14                      @ DW_FORM_strp
	.byte	58                      @ DW_AT_decl_file
	.byte	11                      @ DW_FORM_data1
	.byte	59                      @ DW_AT_decl_line
	.byte	11                      @ DW_FORM_data1
	.byte	39                      @ DW_AT_prototyped
	.byte	12                      @ DW_FORM_flag
	.byte	73                      @ DW_AT_type
	.byte	19                      @ DW_FORM_ref4
	.byte	63                      @ DW_AT_external
	.byte	12                      @ DW_FORM_flag
	.byte	0                       @ EOM(1)
	.byte	0                       @ EOM(2)
	.byte	16                      @ Abbreviation Code
	.byte	5                       @ DW_TAG_formal_parameter
	.byte	0                       @ DW_CHILDREN_no
	.byte	2                       @ DW_AT_location
	.byte	6                       @ DW_FORM_data4
	.byte	3                       @ DW_AT_name
	.byte	14                      @ DW_FORM_strp
	.byte	58                      @ DW_AT_decl_file
	.byte	11                      @ DW_FORM_data1
	.byte	59                      @ DW_AT_decl_line
	.byte	11                      @ DW_FORM_data1
	.byte	73                      @ DW_AT_type
	.byte	19                      @ DW_FORM_ref4
	.byte	0                       @ EOM(1)
	.byte	0                       @ EOM(2)
	.byte	17                      @ Abbreviation Code
	.byte	52                      @ DW_TAG_variable
	.byte	0                       @ DW_CHILDREN_no
	.byte	2                       @ DW_AT_location
	.byte	6                       @ DW_FORM_data4
	.byte	3                       @ DW_AT_name
	.byte	14                      @ DW_FORM_strp
	.byte	58                      @ DW_AT_decl_file
	.byte	11                      @ DW_FORM_data1
	.byte	59                      @ DW_AT_decl_line
	.byte	11                      @ DW_FORM_data1
	.byte	73                      @ DW_AT_type
	.byte	19                      @ DW_FORM_ref4
	.byte	0                       @ EOM(1)
	.byte	0                       @ EOM(2)
	.byte	18                      @ Abbreviation Code
	.byte	52                      @ DW_TAG_variable
	.byte	0                       @ DW_CHILDREN_no
	.byte	2                       @ DW_AT_location
	.byte	10                      @ DW_FORM_block1
	.byte	3                       @ DW_AT_name
	.byte	14                      @ DW_FORM_strp
	.byte	58                      @ DW_AT_decl_file
	.byte	11                      @ DW_FORM_data1
	.byte	59                      @ DW_AT_decl_line
	.byte	11                      @ DW_FORM_data1
	.byte	73                      @ DW_AT_type
	.byte	19                      @ DW_FORM_ref4
	.byte	0                       @ EOM(1)
	.byte	0                       @ EOM(2)
	.byte	19                      @ Abbreviation Code
	.byte	5                       @ DW_TAG_formal_parameter
	.byte	0                       @ DW_CHILDREN_no
	.byte	2                       @ DW_AT_location
	.byte	6                       @ DW_FORM_data4
	.byte	3                       @ DW_AT_name
	.byte	14                      @ DW_FORM_strp
	.byte	58                      @ DW_AT_decl_file
	.byte	11                      @ DW_FORM_data1
	.byte	59                      @ DW_AT_decl_line
	.byte	5                       @ DW_FORM_data2
	.byte	73                      @ DW_AT_type
	.byte	19                      @ DW_FORM_ref4
	.byte	0                       @ EOM(1)
	.byte	0                       @ EOM(2)
	.byte	20                      @ Abbreviation Code
	.byte	52                      @ DW_TAG_variable
	.byte	0                       @ DW_CHILDREN_no
	.byte	2                       @ DW_AT_location
	.byte	10                      @ DW_FORM_block1
	.byte	3                       @ DW_AT_name
	.byte	14                      @ DW_FORM_strp
	.byte	58                      @ DW_AT_decl_file
	.byte	11                      @ DW_FORM_data1
	.byte	59                      @ DW_AT_decl_line
	.byte	5                       @ DW_FORM_data2
	.byte	73                      @ DW_AT_type
	.byte	19                      @ DW_FORM_ref4
	.byte	0                       @ EOM(1)
	.byte	0                       @ EOM(2)
	.byte	21                      @ Abbreviation Code
	.byte	52                      @ DW_TAG_variable
	.byte	0                       @ DW_CHILDREN_no
	.byte	2                       @ DW_AT_location
	.byte	6                       @ DW_FORM_data4
	.byte	3                       @ DW_AT_name
	.byte	14                      @ DW_FORM_strp
	.byte	58                      @ DW_AT_decl_file
	.byte	11                      @ DW_FORM_data1
	.byte	59                      @ DW_AT_decl_line
	.byte	5                       @ DW_FORM_data2
	.byte	73                      @ DW_AT_type
	.byte	19                      @ DW_FORM_ref4
	.byte	0                       @ EOM(1)
	.byte	0                       @ EOM(2)
	.byte	22                      @ Abbreviation Code
	.byte	21                      @ DW_TAG_subroutine_type
	.byte	1                       @ DW_CHILDREN_yes
	.byte	73                      @ DW_AT_type
	.byte	19                      @ DW_FORM_ref4
	.byte	39                      @ DW_AT_prototyped
	.byte	12                      @ DW_FORM_flag
	.byte	0                       @ EOM(1)
	.byte	0                       @ EOM(2)
	.byte	23                      @ Abbreviation Code
	.byte	5                       @ DW_TAG_formal_parameter
	.byte	0                       @ DW_CHILDREN_no
	.byte	73                      @ DW_AT_type
	.byte	19                      @ DW_FORM_ref4
	.byte	0                       @ EOM(1)
	.byte	0                       @ EOM(2)
	.byte	24                      @ Abbreviation Code
	.byte	15                      @ DW_TAG_pointer_type
	.byte	0                       @ DW_CHILDREN_no
	.byte	0                       @ EOM(1)
	.byte	0                       @ EOM(2)
	.byte	0                       @ EOM(3)
	.section	.debug_info,"",%progbits
.Lcu_begin0:
	.long	.Ldebug_info_end0-.Ldebug_info_start0 @ Length of Unit
.Ldebug_info_start0:
	.short	3                       @ DWARF version number
	.long	.debug_abbrev           @ Offset Into Abbrev. Section
	.byte	4                       @ Address Size (in bytes)
	.byte	1                       @ Abbrev [1] 0xb:0x502 DW_TAG_compile_unit
	.long	.Linfo_string0          @ DW_AT_producer
	.short	12                      @ DW_AT_language
	.long	.Linfo_string1          @ DW_AT_name
	.long	.Lline_table_start0     @ DW_AT_stmt_list
	.long	.Linfo_string2          @ DW_AT_comp_dir
	.long	0                       @ DW_AT_low_pc
	.long	.Ldebug_ranges0         @ DW_AT_ranges
	.byte	2                       @ Abbrev [2] 0x26:0x12 DW_TAG_variable
	.long	.Linfo_string3          @ DW_AT_name
	.long	56                      @ DW_AT_type
	.byte	1                       @ DW_AT_external
	.byte	3                       @ DW_AT_decl_file
	.byte	44                      @ DW_AT_decl_line
	.byte	5                       @ DW_AT_location
	.byte	3
	.long	ip_addr_any
	.byte	3                       @ Abbrev [3] 0x38:0x5 DW_TAG_const_type
	.long	61                      @ DW_AT_type
	.byte	4                       @ Abbrev [4] 0x3d:0xb DW_TAG_typedef
	.long	72                      @ DW_AT_type
	.long	.Linfo_string8          @ DW_AT_name
	.byte	2                       @ DW_AT_decl_file
	.byte	64                      @ DW_AT_decl_line
	.byte	5                       @ Abbrev [5] 0x48:0x15 DW_TAG_structure_type
	.long	.Linfo_string7          @ DW_AT_name
	.byte	4                       @ DW_AT_byte_size
	.byte	2                       @ DW_AT_decl_file
	.byte	44                      @ DW_AT_decl_line
	.byte	6                       @ Abbrev [6] 0x50:0xc DW_TAG_member
	.long	.Linfo_string4          @ DW_AT_name
	.long	93                      @ DW_AT_type
	.byte	2                       @ DW_AT_decl_file
	.byte	45                      @ DW_AT_decl_line
	.byte	0                       @ DW_AT_data_member_location
	.byte	0                       @ End Of Children Mark
	.byte	4                       @ Abbrev [4] 0x5d:0xb DW_TAG_typedef
	.long	104                     @ DW_AT_type
	.long	.Linfo_string6          @ DW_AT_name
	.byte	1                       @ DW_AT_decl_file
	.byte	41                      @ DW_AT_decl_line
	.byte	7                       @ Abbrev [7] 0x68:0x7 DW_TAG_base_type
	.long	.Linfo_string5          @ DW_AT_name
	.byte	7                       @ DW_AT_encoding
	.byte	4                       @ DW_AT_byte_size
	.byte	2                       @ Abbrev [2] 0x6f:0x12 DW_TAG_variable
	.long	.Linfo_string9          @ DW_AT_name
	.long	56                      @ DW_AT_type
	.byte	1                       @ DW_AT_external
	.byte	3                       @ DW_AT_decl_file
	.byte	45                      @ DW_AT_decl_line
	.byte	5                       @ DW_AT_location
	.byte	3
	.long	ip_addr_broadcast
	.byte	8                       @ Abbrev [8] 0x81:0x39 DW_TAG_subprogram
	.long	.Lfunc_begin4           @ DW_AT_low_pc
	.long	.Lfunc_end4             @ DW_AT_high_pc
	.byte	1                       @ DW_AT_frame_base
	.byte	93
	.long	.Linfo_string20         @ DW_AT_name
	.byte	3                       @ DW_AT_decl_file
	.short	261                     @ DW_AT_decl_line
	.byte	1                       @ DW_AT_prototyped
	.long	760                     @ DW_AT_type
	.byte	1                       @ DW_AT_external
	.byte	9                       @ Abbrev [9] 0x99:0x12 DW_TAG_variable
	.long	.Linfo_string10         @ DW_AT_name
	.long	186                     @ DW_AT_type
	.byte	3                       @ DW_AT_decl_file
	.short	263                     @ DW_AT_decl_line
	.byte	5                       @ DW_AT_location
	.byte	3
	.long	ipaddr_ntoa.str
	.byte	10                      @ Abbrev [10] 0xab:0xe DW_TAG_formal_parameter
	.byte	1                       @ DW_AT_location
	.byte	80
	.long	.Linfo_string4          @ DW_AT_name
	.byte	3                       @ DW_AT_decl_file
	.short	261                     @ DW_AT_decl_line
	.long	1275                    @ DW_AT_type
	.byte	0                       @ End Of Children Mark
	.byte	11                      @ Abbrev [11] 0xba:0xc DW_TAG_array_type
	.long	198                     @ DW_AT_type
	.byte	12                      @ Abbrev [12] 0xbf:0x6 DW_TAG_subrange_type
	.long	205                     @ DW_AT_type
	.byte	16                      @ DW_AT_count
	.byte	0                       @ End Of Children Mark
	.byte	7                       @ Abbrev [7] 0xc6:0x7 DW_TAG_base_type
	.long	.Linfo_string11         @ DW_AT_name
	.byte	8                       @ DW_AT_encoding
	.byte	1                       @ DW_AT_byte_size
	.byte	13                      @ Abbrev [13] 0xcd:0x7 DW_TAG_base_type
	.long	.Linfo_string12         @ DW_AT_name
	.byte	8                       @ DW_AT_byte_size
	.byte	7                       @ DW_AT_encoding
	.byte	4                       @ Abbrev [4] 0xd4:0xb DW_TAG_typedef
	.long	223                     @ DW_AT_type
	.long	.Linfo_string14         @ DW_AT_name
	.byte	1                       @ DW_AT_decl_file
	.byte	37                      @ DW_AT_decl_line
	.byte	7                       @ Abbrev [7] 0xdf:0x7 DW_TAG_base_type
	.long	.Linfo_string13         @ DW_AT_name
	.byte	8                       @ DW_AT_encoding
	.byte	1                       @ DW_AT_byte_size
	.byte	7                       @ Abbrev [7] 0xe6:0x7 DW_TAG_base_type
	.long	.Linfo_string15         @ DW_AT_name
	.byte	5                       @ DW_AT_encoding
	.byte	4                       @ DW_AT_byte_size
	.byte	14                      @ Abbrev [14] 0xed:0x5 DW_TAG_pointer_type
	.long	212                     @ DW_AT_type
	.byte	15                      @ Abbrev [15] 0xf2:0x45 DW_TAG_subprogram
	.long	.Lfunc_begin0           @ DW_AT_low_pc
	.long	.Lfunc_end0             @ DW_AT_high_pc
	.byte	1                       @ DW_AT_frame_base
	.byte	93
	.long	.Linfo_string16         @ DW_AT_name
	.byte	3                       @ DW_AT_decl_file
	.byte	55                      @ DW_AT_decl_line
	.byte	1                       @ DW_AT_prototyped
	.long	212                     @ DW_AT_type
	.byte	1                       @ DW_AT_external
	.byte	16                      @ Abbrev [16] 0x109:0xf DW_TAG_formal_parameter
	.long	.Ldebug_loc0            @ DW_AT_location
	.long	.Linfo_string4          @ DW_AT_name
	.byte	3                       @ DW_AT_decl_file
	.byte	55                      @ DW_AT_decl_line
	.long	93                      @ DW_AT_type
	.byte	16                      @ Abbrev [16] 0x118:0xf DW_TAG_formal_parameter
	.long	.Ldebug_loc1            @ DW_AT_location
	.long	.Linfo_string22         @ DW_AT_name
	.byte	3                       @ DW_AT_decl_file
	.byte	55                      @ DW_AT_decl_line
	.long	765                     @ DW_AT_type
	.byte	17                      @ Abbrev [17] 0x127:0xf DW_TAG_variable
	.long	.Ldebug_loc2            @ DW_AT_location
	.long	.Linfo_string51         @ DW_AT_name
	.byte	3                       @ DW_AT_decl_file
	.byte	57                      @ DW_AT_decl_line
	.long	61                      @ DW_AT_type
	.byte	0                       @ End Of Children Mark
	.byte	15                      @ Abbrev [15] 0x137:0x45 DW_TAG_subprogram
	.long	.Lfunc_begin1           @ DW_AT_low_pc
	.long	.Lfunc_end1             @ DW_AT_high_pc
	.byte	1                       @ DW_AT_frame_base
	.byte	93
	.long	.Linfo_string17         @ DW_AT_name
	.byte	3                       @ DW_AT_decl_file
	.byte	90                      @ DW_AT_decl_line
	.byte	1                       @ DW_AT_prototyped
	.long	212                     @ DW_AT_type
	.byte	1                       @ DW_AT_external
	.byte	16                      @ Abbrev [16] 0x14e:0xf DW_TAG_formal_parameter
	.long	.Ldebug_loc3            @ DW_AT_location
	.long	.Linfo_string24         @ DW_AT_name
	.byte	3                       @ DW_AT_decl_file
	.byte	90                      @ DW_AT_decl_line
	.long	93                      @ DW_AT_type
	.byte	17                      @ Abbrev [17] 0x15d:0xf DW_TAG_variable
	.long	.Ldebug_loc4            @ DW_AT_location
	.long	.Linfo_string52         @ DW_AT_name
	.byte	3                       @ DW_AT_decl_file
	.byte	93                      @ DW_AT_decl_line
	.long	93                      @ DW_AT_type
	.byte	17                      @ Abbrev [17] 0x16c:0xf DW_TAG_variable
	.long	.Ldebug_loc5            @ DW_AT_location
	.long	.Linfo_string53         @ DW_AT_name
	.byte	3                       @ DW_AT_decl_file
	.byte	92                      @ DW_AT_decl_line
	.long	93                      @ DW_AT_type
	.byte	0                       @ End Of Children Mark
	.byte	15                      @ Abbrev [15] 0x17c:0x36 DW_TAG_subprogram
	.long	.Lfunc_begin2           @ DW_AT_low_pc
	.long	.Lfunc_end2             @ DW_AT_high_pc
	.byte	1                       @ DW_AT_frame_base
	.byte	93
	.long	.Linfo_string18         @ DW_AT_name
	.byte	3                       @ DW_AT_decl_file
	.byte	130                     @ DW_AT_decl_line
	.byte	1                       @ DW_AT_prototyped
	.long	93                      @ DW_AT_type
	.byte	1                       @ DW_AT_external
	.byte	16                      @ Abbrev [16] 0x193:0xf DW_TAG_formal_parameter
	.long	.Ldebug_loc6            @ DW_AT_location
	.long	.Linfo_string54         @ DW_AT_name
	.byte	3                       @ DW_AT_decl_file
	.byte	130                     @ DW_AT_decl_line
	.long	1248                    @ DW_AT_type
	.byte	17                      @ Abbrev [17] 0x1a2:0xf DW_TAG_variable
	.long	.Ldebug_loc7            @ DW_AT_location
	.long	.Linfo_string55         @ DW_AT_name
	.byte	3                       @ DW_AT_decl_file
	.byte	132                     @ DW_AT_decl_line
	.long	61                      @ DW_AT_type
	.byte	0                       @ End Of Children Mark
	.byte	15                      @ Abbrev [15] 0x1b2:0x80 DW_TAG_subprogram
	.long	.Lfunc_begin3           @ DW_AT_low_pc
	.long	.Lfunc_end3             @ DW_AT_high_pc
	.byte	1                       @ DW_AT_frame_base
	.byte	93
	.long	.Linfo_string19         @ DW_AT_name
	.byte	3                       @ DW_AT_decl_file
	.byte	152                     @ DW_AT_decl_line
	.byte	1                       @ DW_AT_prototyped
	.long	230                     @ DW_AT_type
	.byte	1                       @ DW_AT_external
	.byte	16                      @ Abbrev [16] 0x1c9:0xf DW_TAG_formal_parameter
	.long	.Ldebug_loc8            @ DW_AT_location
	.long	.Linfo_string54         @ DW_AT_name
	.byte	3                       @ DW_AT_decl_file
	.byte	152                     @ DW_AT_decl_line
	.long	1248                    @ DW_AT_type
	.byte	16                      @ Abbrev [16] 0x1d8:0xf DW_TAG_formal_parameter
	.long	.Ldebug_loc9            @ DW_AT_location
	.long	.Linfo_string4          @ DW_AT_name
	.byte	3                       @ DW_AT_decl_file
	.byte	152                     @ DW_AT_decl_line
	.long	1186                    @ DW_AT_type
	.byte	18                      @ Abbrev [18] 0x1e7:0xe DW_TAG_variable
	.byte	2                       @ DW_AT_location
	.byte	145
	.byte	0
	.long	.Linfo_string56         @ DW_AT_name
	.byte	3                       @ DW_AT_decl_file
	.byte	157                     @ DW_AT_decl_line
	.long	1258                    @ DW_AT_type
	.byte	17                      @ Abbrev [17] 0x1f5:0xf DW_TAG_variable
	.long	.Ldebug_loc10           @ DW_AT_location
	.long	.Linfo_string57         @ DW_AT_name
	.byte	3                       @ DW_AT_decl_file
	.byte	156                     @ DW_AT_decl_line
	.long	198                     @ DW_AT_type
	.byte	17                      @ Abbrev [17] 0x204:0xf DW_TAG_variable
	.long	.Ldebug_loc11           @ DW_AT_location
	.long	.Linfo_string58         @ DW_AT_name
	.byte	3                       @ DW_AT_decl_file
	.byte	158                     @ DW_AT_decl_line
	.long	1270                    @ DW_AT_type
	.byte	17                      @ Abbrev [17] 0x213:0xf DW_TAG_variable
	.long	.Ldebug_loc12           @ DW_AT_location
	.long	.Linfo_string55         @ DW_AT_name
	.byte	3                       @ DW_AT_decl_file
	.byte	154                     @ DW_AT_decl_line
	.long	93                      @ DW_AT_type
	.byte	17                      @ Abbrev [17] 0x222:0xf DW_TAG_variable
	.long	.Ldebug_loc13           @ DW_AT_location
	.long	.Linfo_string59         @ DW_AT_name
	.byte	3                       @ DW_AT_decl_file
	.byte	155                     @ DW_AT_decl_line
	.long	212                     @ DW_AT_type
	.byte	0                       @ End Of Children Mark
	.byte	8                       @ Abbrev [8] 0x232:0xc6 DW_TAG_subprogram
	.long	.Lfunc_begin5           @ DW_AT_low_pc
	.long	.Lfunc_end5             @ DW_AT_high_pc
	.byte	1                       @ DW_AT_frame_base
	.byte	93
	.long	.Linfo_string21         @ DW_AT_name
	.byte	3                       @ DW_AT_decl_file
	.short	276                     @ DW_AT_decl_line
	.byte	1                       @ DW_AT_prototyped
	.long	760                     @ DW_AT_type
	.byte	1                       @ DW_AT_external
	.byte	19                      @ Abbrev [19] 0x24a:0x10 DW_TAG_formal_parameter
	.long	.Ldebug_loc14           @ DW_AT_location
	.long	.Linfo_string4          @ DW_AT_name
	.byte	3                       @ DW_AT_decl_file
	.short	276                     @ DW_AT_decl_line
	.long	1275                    @ DW_AT_type
	.byte	19                      @ Abbrev [19] 0x25a:0x10 DW_TAG_formal_parameter
	.long	.Ldebug_loc15           @ DW_AT_location
	.long	.Linfo_string61         @ DW_AT_name
	.byte	3                       @ DW_AT_decl_file
	.short	276                     @ DW_AT_decl_line
	.long	760                     @ DW_AT_type
	.byte	10                      @ Abbrev [10] 0x26a:0xe DW_TAG_formal_parameter
	.byte	1                       @ DW_AT_location
	.byte	82
	.long	.Linfo_string62         @ DW_AT_name
	.byte	3                       @ DW_AT_decl_file
	.short	276                     @ DW_AT_decl_line
	.long	230                     @ DW_AT_type
	.byte	20                      @ Abbrev [20] 0x278:0xf DW_TAG_variable
	.byte	2                       @ DW_AT_location
	.byte	145
	.byte	1
	.long	.Linfo_string60         @ DW_AT_name
	.byte	3                       @ DW_AT_decl_file
	.short	279                     @ DW_AT_decl_line
	.long	1280                    @ DW_AT_type
	.byte	21                      @ Abbrev [21] 0x287:0x10 DW_TAG_variable
	.long	.Ldebug_loc16           @ DW_AT_location
	.long	.Linfo_string63         @ DW_AT_name
	.byte	3                       @ DW_AT_decl_file
	.short	280                     @ DW_AT_decl_line
	.long	760                     @ DW_AT_type
	.byte	21                      @ Abbrev [21] 0x297:0x10 DW_TAG_variable
	.long	.Ldebug_loc17           @ DW_AT_location
	.long	.Linfo_string64         @ DW_AT_name
	.byte	3                       @ DW_AT_decl_file
	.short	278                     @ DW_AT_decl_line
	.long	93                      @ DW_AT_type
	.byte	21                      @ Abbrev [21] 0x2a7:0x10 DW_TAG_variable
	.long	.Ldebug_loc18           @ DW_AT_location
	.long	.Linfo_string34         @ DW_AT_name
	.byte	3                       @ DW_AT_decl_file
	.short	285                     @ DW_AT_decl_line
	.long	230                     @ DW_AT_type
	.byte	21                      @ Abbrev [21] 0x2b7:0x10 DW_TAG_variable
	.long	.Ldebug_loc19           @ DW_AT_location
	.long	.Linfo_string65         @ DW_AT_name
	.byte	3                       @ DW_AT_decl_file
	.short	283                     @ DW_AT_decl_line
	.long	212                     @ DW_AT_type
	.byte	21                      @ Abbrev [21] 0x2c7:0x10 DW_TAG_variable
	.long	.Ldebug_loc20           @ DW_AT_location
	.long	.Linfo_string66         @ DW_AT_name
	.byte	3                       @ DW_AT_decl_file
	.short	281                     @ DW_AT_decl_line
	.long	237                     @ DW_AT_type
	.byte	21                      @ Abbrev [21] 0x2d7:0x10 DW_TAG_variable
	.long	.Ldebug_loc21           @ DW_AT_location
	.long	.Linfo_string67         @ DW_AT_name
	.byte	3                       @ DW_AT_decl_file
	.short	284                     @ DW_AT_decl_line
	.long	212                     @ DW_AT_type
	.byte	21                      @ Abbrev [21] 0x2e7:0x10 DW_TAG_variable
	.long	.Ldebug_loc22           @ DW_AT_location
	.long	.Linfo_string68         @ DW_AT_name
	.byte	3                       @ DW_AT_decl_file
	.short	282                     @ DW_AT_decl_line
	.long	212                     @ DW_AT_type
	.byte	0                       @ End Of Children Mark
	.byte	14                      @ Abbrev [14] 0x2f8:0x5 DW_TAG_pointer_type
	.long	198                     @ DW_AT_type
	.byte	14                      @ Abbrev [14] 0x2fd:0x5 DW_TAG_pointer_type
	.long	770                     @ DW_AT_type
	.byte	3                       @ Abbrev [3] 0x302:0x5 DW_TAG_const_type
	.long	775                     @ DW_AT_type
	.byte	5                       @ Abbrev [5] 0x307:0xbd DW_TAG_structure_type
	.long	.Linfo_string22         @ DW_AT_name
	.byte	52                      @ DW_AT_byte_size
	.byte	4                       @ DW_AT_decl_file
	.byte	136                     @ DW_AT_decl_line
	.byte	6                       @ Abbrev [6] 0x30f:0xc DW_TAG_member
	.long	.Linfo_string23         @ DW_AT_name
	.long	964                     @ DW_AT_type
	.byte	4                       @ DW_AT_decl_file
	.byte	138                     @ DW_AT_decl_line
	.byte	0                       @ DW_AT_data_member_location
	.byte	6                       @ Abbrev [6] 0x31b:0xc DW_TAG_member
	.long	.Linfo_string7          @ DW_AT_name
	.long	61                      @ DW_AT_type
	.byte	4                       @ DW_AT_decl_file
	.byte	141                     @ DW_AT_decl_line
	.byte	4                       @ DW_AT_data_member_location
	.byte	6                       @ Abbrev [6] 0x327:0xc DW_TAG_member
	.long	.Linfo_string24         @ DW_AT_name
	.long	61                      @ DW_AT_type
	.byte	4                       @ DW_AT_decl_file
	.byte	142                     @ DW_AT_decl_line
	.byte	8                       @ DW_AT_data_member_location
	.byte	6                       @ Abbrev [6] 0x333:0xc DW_TAG_member
	.long	.Linfo_string25         @ DW_AT_name
	.long	61                      @ DW_AT_type
	.byte	4                       @ DW_AT_decl_file
	.byte	143                     @ DW_AT_decl_line
	.byte	12                      @ DW_AT_data_member_location
	.byte	6                       @ Abbrev [6] 0x33f:0xc DW_TAG_member
	.long	.Linfo_string26         @ DW_AT_name
	.long	969                     @ DW_AT_type
	.byte	4                       @ DW_AT_decl_file
	.byte	147                     @ DW_AT_decl_line
	.byte	16                      @ DW_AT_data_member_location
	.byte	6                       @ Abbrev [6] 0x34b:0xc DW_TAG_member
	.long	.Linfo_string40         @ DW_AT_name
	.long	1148                    @ DW_AT_type
	.byte	4                       @ DW_AT_decl_file
	.byte	151                     @ DW_AT_decl_line
	.byte	20                      @ DW_AT_data_member_location
	.byte	6                       @ Abbrev [6] 0x357:0xc DW_TAG_member
	.long	.Linfo_string42         @ DW_AT_name
	.long	1191                    @ DW_AT_type
	.byte	4                       @ DW_AT_decl_file
	.byte	155                     @ DW_AT_decl_line
	.byte	24                      @ DW_AT_data_member_location
	.byte	6                       @ Abbrev [6] 0x363:0xc DW_TAG_member
	.long	.Linfo_string44         @ DW_AT_name
	.long	1129                    @ DW_AT_type
	.byte	4                       @ DW_AT_decl_file
	.byte	172                     @ DW_AT_decl_line
	.byte	28                      @ DW_AT_data_member_location
	.byte	6                       @ Abbrev [6] 0x36f:0xc DW_TAG_member
	.long	.Linfo_string45         @ DW_AT_name
	.long	760                     @ DW_AT_type
	.byte	4                       @ DW_AT_decl_file
	.byte	183                     @ DW_AT_decl_line
	.byte	32                      @ DW_AT_data_member_location
	.byte	6                       @ Abbrev [6] 0x37b:0xc DW_TAG_member
	.long	.Linfo_string46         @ DW_AT_name
	.long	1130                    @ DW_AT_type
	.byte	4                       @ DW_AT_decl_file
	.byte	186                     @ DW_AT_decl_line
	.byte	36                      @ DW_AT_data_member_location
	.byte	6                       @ Abbrev [6] 0x387:0xc DW_TAG_member
	.long	.Linfo_string47         @ DW_AT_name
	.long	212                     @ DW_AT_type
	.byte	4                       @ DW_AT_decl_file
	.byte	188                     @ DW_AT_decl_line
	.byte	38                      @ DW_AT_data_member_location
	.byte	6                       @ Abbrev [6] 0x393:0xc DW_TAG_member
	.long	.Linfo_string48         @ DW_AT_name
	.long	1224                    @ DW_AT_type
	.byte	4                       @ DW_AT_decl_file
	.byte	190                     @ DW_AT_decl_line
	.byte	39                      @ DW_AT_data_member_location
	.byte	6                       @ Abbrev [6] 0x39f:0xc DW_TAG_member
	.long	.Linfo_string36         @ DW_AT_name
	.long	212                     @ DW_AT_type
	.byte	4                       @ DW_AT_decl_file
	.byte	192                     @ DW_AT_decl_line
	.byte	45                      @ DW_AT_data_member_location
	.byte	6                       @ Abbrev [6] 0x3ab:0xc DW_TAG_member
	.long	.Linfo_string49         @ DW_AT_name
	.long	1236                    @ DW_AT_type
	.byte	4                       @ DW_AT_decl_file
	.byte	194                     @ DW_AT_decl_line
	.byte	46                      @ DW_AT_data_member_location
	.byte	6                       @ Abbrev [6] 0x3b7:0xc DW_TAG_member
	.long	.Linfo_string50         @ DW_AT_name
	.long	212                     @ DW_AT_type
	.byte	4                       @ DW_AT_decl_file
	.byte	196                     @ DW_AT_decl_line
	.byte	48                      @ DW_AT_data_member_location
	.byte	0                       @ End Of Children Mark
	.byte	14                      @ Abbrev [14] 0x3c4:0x5 DW_TAG_pointer_type
	.long	775                     @ DW_AT_type
	.byte	4                       @ Abbrev [4] 0x3c9:0xb DW_TAG_typedef
	.long	980                     @ DW_AT_type
	.long	.Linfo_string39         @ DW_AT_name
	.byte	4                       @ DW_AT_decl_file
	.byte	109                     @ DW_AT_decl_line
	.byte	14                      @ Abbrev [14] 0x3d4:0x5 DW_TAG_pointer_type
	.long	985                     @ DW_AT_type
	.byte	22                      @ Abbrev [22] 0x3d9:0x11 DW_TAG_subroutine_type
	.long	1002                    @ DW_AT_type
	.byte	1                       @ DW_AT_prototyped
	.byte	23                      @ Abbrev [23] 0x3df:0x5 DW_TAG_formal_parameter
	.long	1031                    @ DW_AT_type
	.byte	23                      @ Abbrev [23] 0x3e4:0x5 DW_TAG_formal_parameter
	.long	964                     @ DW_AT_type
	.byte	0                       @ End Of Children Mark
	.byte	4                       @ Abbrev [4] 0x3ea:0xb DW_TAG_typedef
	.long	1013                    @ DW_AT_type
	.long	.Linfo_string29         @ DW_AT_name
	.byte	5                       @ DW_AT_decl_file
	.byte	47                      @ DW_AT_decl_line
	.byte	4                       @ Abbrev [4] 0x3f5:0xb DW_TAG_typedef
	.long	1024                    @ DW_AT_type
	.long	.Linfo_string28         @ DW_AT_name
	.byte	1                       @ DW_AT_decl_file
	.byte	38                      @ DW_AT_decl_line
	.byte	7                       @ Abbrev [7] 0x400:0x7 DW_TAG_base_type
	.long	.Linfo_string27         @ DW_AT_name
	.byte	6                       @ DW_AT_encoding
	.byte	1                       @ DW_AT_byte_size
	.byte	14                      @ Abbrev [14] 0x407:0x5 DW_TAG_pointer_type
	.long	1036                    @ DW_AT_type
	.byte	5                       @ Abbrev [5] 0x40c:0x5d DW_TAG_structure_type
	.long	.Linfo_string38         @ DW_AT_name
	.byte	16                      @ DW_AT_byte_size
	.byte	6                       @ DW_AT_decl_file
	.byte	79                      @ DW_AT_decl_line
	.byte	6                       @ Abbrev [6] 0x414:0xc DW_TAG_member
	.long	.Linfo_string23         @ DW_AT_name
	.long	1031                    @ DW_AT_type
	.byte	6                       @ DW_AT_decl_file
	.byte	81                      @ DW_AT_decl_line
	.byte	0                       @ DW_AT_data_member_location
	.byte	6                       @ Abbrev [6] 0x420:0xc DW_TAG_member
	.long	.Linfo_string30         @ DW_AT_name
	.long	1129                    @ DW_AT_type
	.byte	6                       @ DW_AT_decl_file
	.byte	84                      @ DW_AT_decl_line
	.byte	4                       @ DW_AT_data_member_location
	.byte	6                       @ Abbrev [6] 0x42c:0xc DW_TAG_member
	.long	.Linfo_string31         @ DW_AT_name
	.long	1130                    @ DW_AT_type
	.byte	6                       @ DW_AT_decl_file
	.byte	93                      @ DW_AT_decl_line
	.byte	8                       @ DW_AT_data_member_location
	.byte	6                       @ Abbrev [6] 0x438:0xc DW_TAG_member
	.long	.Linfo_string34         @ DW_AT_name
	.long	1130                    @ DW_AT_type
	.byte	6                       @ DW_AT_decl_file
	.byte	96                      @ DW_AT_decl_line
	.byte	10                      @ DW_AT_data_member_location
	.byte	6                       @ Abbrev [6] 0x444:0xc DW_TAG_member
	.long	.Linfo_string35         @ DW_AT_name
	.long	212                     @ DW_AT_type
	.byte	6                       @ DW_AT_decl_file
	.byte	99                      @ DW_AT_decl_line
	.byte	12                      @ DW_AT_data_member_location
	.byte	6                       @ Abbrev [6] 0x450:0xc DW_TAG_member
	.long	.Linfo_string36         @ DW_AT_name
	.long	212                     @ DW_AT_type
	.byte	6                       @ DW_AT_decl_file
	.byte	102                     @ DW_AT_decl_line
	.byte	13                      @ DW_AT_data_member_location
	.byte	6                       @ Abbrev [6] 0x45c:0xc DW_TAG_member
	.long	.Linfo_string37         @ DW_AT_name
	.long	1130                    @ DW_AT_type
	.byte	6                       @ DW_AT_decl_file
	.byte	109                     @ DW_AT_decl_line
	.byte	14                      @ DW_AT_data_member_location
	.byte	0                       @ End Of Children Mark
	.byte	24                      @ Abbrev [24] 0x469:0x1 DW_TAG_pointer_type
	.byte	4                       @ Abbrev [4] 0x46a:0xb DW_TAG_typedef
	.long	1141                    @ DW_AT_type
	.long	.Linfo_string33         @ DW_AT_name
	.byte	1                       @ DW_AT_decl_file
	.byte	39                      @ DW_AT_decl_line
	.byte	7                       @ Abbrev [7] 0x475:0x7 DW_TAG_base_type
	.long	.Linfo_string32         @ DW_AT_name
	.byte	7                       @ DW_AT_encoding
	.byte	2                       @ DW_AT_byte_size
	.byte	4                       @ Abbrev [4] 0x47c:0xb DW_TAG_typedef
	.long	1159                    @ DW_AT_type
	.long	.Linfo_string41         @ DW_AT_name
	.byte	4                       @ DW_AT_decl_file
	.byte	118                     @ DW_AT_decl_line
	.byte	14                      @ Abbrev [14] 0x487:0x5 DW_TAG_pointer_type
	.long	1164                    @ DW_AT_type
	.byte	22                      @ Abbrev [22] 0x48c:0x16 DW_TAG_subroutine_type
	.long	1002                    @ DW_AT_type
	.byte	1                       @ DW_AT_prototyped
	.byte	23                      @ Abbrev [23] 0x492:0x5 DW_TAG_formal_parameter
	.long	964                     @ DW_AT_type
	.byte	23                      @ Abbrev [23] 0x497:0x5 DW_TAG_formal_parameter
	.long	1031                    @ DW_AT_type
	.byte	23                      @ Abbrev [23] 0x49c:0x5 DW_TAG_formal_parameter
	.long	1186                    @ DW_AT_type
	.byte	0                       @ End Of Children Mark
	.byte	14                      @ Abbrev [14] 0x4a2:0x5 DW_TAG_pointer_type
	.long	61                      @ DW_AT_type
	.byte	4                       @ Abbrev [4] 0x4a7:0xb DW_TAG_typedef
	.long	1202                    @ DW_AT_type
	.long	.Linfo_string43         @ DW_AT_name
	.byte	4                       @ DW_AT_decl_file
	.byte	126                     @ DW_AT_decl_line
	.byte	14                      @ Abbrev [14] 0x4b2:0x5 DW_TAG_pointer_type
	.long	1207                    @ DW_AT_type
	.byte	22                      @ Abbrev [22] 0x4b7:0x11 DW_TAG_subroutine_type
	.long	1002                    @ DW_AT_type
	.byte	1                       @ DW_AT_prototyped
	.byte	23                      @ Abbrev [23] 0x4bd:0x5 DW_TAG_formal_parameter
	.long	964                     @ DW_AT_type
	.byte	23                      @ Abbrev [23] 0x4c2:0x5 DW_TAG_formal_parameter
	.long	1031                    @ DW_AT_type
	.byte	0                       @ End Of Children Mark
	.byte	11                      @ Abbrev [11] 0x4c8:0xc DW_TAG_array_type
	.long	212                     @ DW_AT_type
	.byte	12                      @ Abbrev [12] 0x4cd:0x6 DW_TAG_subrange_type
	.long	205                     @ DW_AT_type
	.byte	6                       @ DW_AT_count
	.byte	0                       @ End Of Children Mark
	.byte	11                      @ Abbrev [11] 0x4d4:0xc DW_TAG_array_type
	.long	198                     @ DW_AT_type
	.byte	12                      @ Abbrev [12] 0x4d9:0x6 DW_TAG_subrange_type
	.long	205                     @ DW_AT_type
	.byte	2                       @ DW_AT_count
	.byte	0                       @ End Of Children Mark
	.byte	14                      @ Abbrev [14] 0x4e0:0x5 DW_TAG_pointer_type
	.long	1253                    @ DW_AT_type
	.byte	3                       @ Abbrev [3] 0x4e5:0x5 DW_TAG_const_type
	.long	198                     @ DW_AT_type
	.byte	11                      @ Abbrev [11] 0x4ea:0xc DW_TAG_array_type
	.long	93                      @ DW_AT_type
	.byte	12                      @ Abbrev [12] 0x4ef:0x6 DW_TAG_subrange_type
	.long	205                     @ DW_AT_type
	.byte	4                       @ DW_AT_count
	.byte	0                       @ End Of Children Mark
	.byte	14                      @ Abbrev [14] 0x4f6:0x5 DW_TAG_pointer_type
	.long	93                      @ DW_AT_type
	.byte	14                      @ Abbrev [14] 0x4fb:0x5 DW_TAG_pointer_type
	.long	56                      @ DW_AT_type
	.byte	11                      @ Abbrev [11] 0x500:0xc DW_TAG_array_type
	.long	198                     @ DW_AT_type
	.byte	12                      @ Abbrev [12] 0x505:0x6 DW_TAG_subrange_type
	.long	205                     @ DW_AT_type
	.byte	3                       @ DW_AT_count
	.byte	0                       @ End Of Children Mark
	.byte	0                       @ End Of Children Mark
.Ldebug_info_end0:
	.section	.debug_ranges,"",%progbits
.Ldebug_ranges0:
	.long	.Lfunc_begin0
	.long	.Lfunc_end0
	.long	.Lfunc_begin1
	.long	.Lfunc_end1
	.long	.Lfunc_begin2
	.long	.Lfunc_end2
	.long	.Lfunc_begin3
	.long	.Lfunc_end3
	.long	.Lfunc_begin4
	.long	.Lfunc_end4
	.long	.Lfunc_begin5
	.long	.Lfunc_end5
	.long	0
	.long	0
	.section	.debug_macinfo,"",%progbits
	.byte	0                       @ End Of Macro List Mark

	.ident	"Component: ARM Compiler 6.12 Tool: armclang [5d624a00]"
	.section	".note.GNU-stack","",%progbits
	.eabi_attribute	30, 3	@ Tag_ABI_optimization_goals
	.ARM_attribute	16, 1	@ Tag_AV_eba
	.section	.debug_line,"",%progbits
.Lline_table_start0:
