	.text
	.syntax unified
	.eabi_attribute	67, "2.09"	@ Tag_conformance
	.cpu	cortex-m4
	.eabi_attribute	6, 13	@ Tag_CPU_arch
	.eabi_attribute	7, 77	@ Tag_CPU_arch_profile
	.eabi_attribute	8, 0	@ Tag_ARM_ISA_use
	.eabi_attribute	9, 2	@ Tag_THUMB_ISA_use
	.fpu	fpv4-sp-d16
	.eabi_attribute	27, 1	@ Tag_ABI_HardFP_use
	.eabi_attribute	36, 1	@ Tag_FP_HP_extension
	.eabi_attribute	34, 1	@ Tag_CPU_unaligned_access
	.eabi_attribute	17, 1	@ Tag_ABI_PCS_GOT_use
	.eabi_attribute	20, 2	@ Tag_ABI_FP_denormal
	.eabi_attribute	21, 0	@ Tag_ABI_FP_exceptions
	.eabi_attribute	23, 1	@ Tag_ABI_FP_number_model
	.eabi_attribute	24, 1	@ Tag_ABI_align_needed
	.eabi_attribute	25, 1	@ Tag_ABI_align_preserved
	.eabi_attribute	28, 1	@ Tag_ABI_VFP_args
	.eabi_attribute	38, 1	@ Tag_ABI_FP_16bit_format
	.eabi_attribute	18, 2	@ Tag_ABI_PCS_wchar_t
	.eabi_attribute	26, 1	@ Tag_ABI_enum_size
	.eabi_attribute	14, 0	@ Tag_ABI_PCS_R9_use
	.file	"main.c"
	.file	1 "F:\\SkyDrive\\OtvoreniProjekti\\HotelSaplast\\fw\\KontrolerHotela\\HC070318\\Project" "../Application/main.c"
	.file	2 "C:\\Keil\\ARM\\ARMCLANG\\Bin\\..\\include" "stdint.h"
	.file	3 "F:\\SkyDrive\\OtvoreniProjekti\\HotelSaplast\\fw\\KontrolerHotela\\HC070318\\Project" "../Libraries/CMSIS/Device/ST/STM32F4xx/Include\\stm32f4xx.h"
	.section	.text.get_systick,"ax",%progbits
	.hidden	get_systick             @ -- Begin function get_systick
	.globl	get_systick
	.p2align	1
	.type	get_systick,%function
	.code	16                      @ @get_systick
	.thumb_func
get_systick:
.Lfunc_begin0:
	.loc	1 52 0                  @ ../Application/main.c:52:0
	.fnstart
	.cfi_sections .debug_frame
	.cfi_startproc
@ %bb.0:
	.loc	1 53 9 prologue_end     @ ../Application/main.c:53:9
	movw	r0, :lower16:SystickCnt
	movt	r0, :upper16:SystickCnt
	ldr	r0, [r0]
	.loc	1 53 2 is_stmt 0        @ ../Application/main.c:53:2
	bx	lr
.Ltmp0:
.Lfunc_end0:
	.size	get_systick, .Lfunc_end0-get_systick
	.cfi_endproc
	.cantunwind
	.fnend
                                        @ -- End function
	.section	.text.main,"ax",%progbits
	.hidden	main                    @ -- Begin function main
	.globl	main
	.p2align	1
	.type	main,%function
	.code	16                      @ @main
	.thumb_func
main:
.Lfunc_begin1:
	.loc	1 60 0 is_stmt 1        @ ../Application/main.c:60:0
	.fnstart
	.cfi_startproc
@ %bb.0:
	.loc	1 61 2 prologue_end     @ ../Application/main.c:61:2
	bl	RTC_Config
	.loc	1 62 2                  @ ../Application/main.c:62:2
	bl	I2C_EERPOM_Init
	.loc	1 63 2                  @ ../Application/main.c:63:2
	bl	RAM_Init
	.loc	1 64 2                  @ ../Application/main.c:64:2
	bl	W25Qxx_Init
	.loc	1 65 12                 @ ../Application/main.c:65:12
	movw	r0, :lower16:rs485_interface_baudrate
	movt	r0, :upper16:rs485_interface_baudrate
	ldrb	r0, [r0]
	.loc	1 65 2 is_stmt 0        @ ../Application/main.c:65:2
	bl	uart_init
	.loc	1 66 2 is_stmt 1        @ ../Application/main.c:66:2
	bl	LCD_Init
	.loc	1 67 2                  @ ../Application/main.c:67:2
	movs	r0, #1
	bl	LTDC_Cmd
	.loc	1 68 2                  @ ../Application/main.c:68:2
	mov.w	r0, #4096
	movs	r1, #1
	bl	RCC_AHB1PeriphClockCmd
	.loc	1 69 2                  @ ../Application/main.c:69:2
	bl	BUZZER_Init
	.loc	1 70 2                  @ ../Application/main.c:70:2
	bl	nvic_config
	.loc	1 71 2                  @ ../Application/main.c:71:2
	bl	LED_Init
	.loc	1 72 2                  @ ../Application/main.c:72:2
	bl	Key_Init
	.loc	1 73 2                  @ ../Application/main.c:73:2
	bl	FS5206_Init
	.loc	1 74 2                  @ ../Application/main.c:74:2
	bl	eth_init
	.loc	1 75 2                  @ ../Application/main.c:75:2
	bl	LwIP_Init
	.loc	1 76 2                  @ ../Application/main.c:76:2
	bl	tftpd_init
	.loc	1 77 2                  @ ../Application/main.c:77:2
	bl	httpd_init
	.loc	1 78 5                  @ ../Application/main.c:78:5
	bl	netbios_init
	.loc	1 79 2                  @ ../Application/main.c:79:2
	bl	DisplayInit
	.loc	1 80 2                  @ ../Application/main.c:80:2
	bl	RUBICON_Init
	movw	r4, :lower16:SystickCnt
	movt	r4, :upper16:SystickCnt
	.p2align	2
.LBB1_1:                                @ =>This Inner Loop Header: Depth=1
.Ltmp1:
	.loc	1 84 7                  @ ../Application/main.c:84:7
	bl	ETH_CheckFrameReceived
.Ltmp2:
	.loc	1 84 7 is_stmt 0        @ ../Application/main.c:84:7
	cbz	r0, .LBB1_3
@ %bb.2:                                @   in Loop: Header=BB1_1 Depth=1
.Ltmp3:
	.loc	1 84 33                 @ ../Application/main.c:84:33
	bl	LwIP_Pkt_Handle
.Ltmp4:
.LBB1_3:                                @   in Loop: Header=BB1_1 Depth=1
	.loc	1 85 24 is_stmt 1       @ ../Application/main.c:85:24
	ldr	r0, [r4]
	.loc	1 85 3 is_stmt 0        @ ../Application/main.c:85:3
	bl	LwIP_Periodic_Handle
	.loc	1 86 3 is_stmt 1        @ ../Application/main.c:86:3
	bl	RUBICON_ProcessService
	.loc	1 87 3                  @ ../Application/main.c:87:3
	bl	DisplayService
	b	.LBB1_1
.Ltmp5:
.Lfunc_end1:
	.size	main, .Lfunc_end1-main
	.cfi_endproc
	.cantunwind
	.fnend
                                        @ -- End function
	.section	.text.RAM_Init,"ax",%progbits
	.hidden	RAM_Init                @ -- Begin function RAM_Init
	.globl	RAM_Init
	.p2align	1
	.type	RAM_Init,%function
	.code	16                      @ @RAM_Init
	.thumb_func
RAM_Init:
.Lfunc_begin2:
	.loc	1 93 0                  @ ../Application/main.c:93:0
	.fnstart
	.cfi_startproc
@ %bb.0:
	.save	{r4, r5, r6, r7, lr}
	push	{r4, r5, r6, r7, lr}
	.cfi_def_cfa_offset 20
	.cfi_offset lr, -4
	.cfi_offset r7, -8
	.cfi_offset r6, -12
	.cfi_offset r5, -16
	.cfi_offset r4, -20
	.pad	#4
	sub	sp, #4
	.cfi_def_cfa_offset 24
.Ltmp6:
	.loc	1 94 2 prologue_end     @ ../Application/main.c:94:2
	movs	r0, #161
	movs	r1, #16
	movs	r2, #2
	bl	I2C_EERPOM_ReadBytes16
	.loc	1 95 30                 @ ../Application/main.c:95:30
	movw	r4, :lower16:i2c_ee_buffer
	.loc	1 95 26 is_stmt 0       @ ../Application/main.c:95:26
	movw	r7, :lower16:rs485_interface_address
	.loc	1 96 2 is_stmt 1        @ ../Application/main.c:96:2
	movs	r1, #18
	movs	r2, #2
	.loc	1 95 30                 @ ../Application/main.c:95:30
	movt	r4, :upper16:i2c_ee_buffer
	.loc	1 95 26 is_stmt 0       @ ../Application/main.c:95:26
	movt	r7, :upper16:rs485_interface_address
	.loc	1 95 53                 @ ../Application/main.c:95:53
	ldrh	r0, [r4]
	rev	r0, r0
	lsrs	r0, r0, #16
	.loc	1 95 26                 @ ../Application/main.c:95:26
	strh	r0, [r7]
	.loc	1 96 2 is_stmt 1        @ ../Application/main.c:96:2
	movs	r0, #161
	bl	I2C_EERPOM_ReadBytes16
	.loc	1 97 49                 @ ../Application/main.c:97:49
	ldrh	r0, [r4]
	.loc	1 97 22 is_stmt 0       @ ../Application/main.c:97:22
	movw	r6, :lower16:rs485_group_address
	.loc	1 98 2 is_stmt 1        @ ../Application/main.c:98:2
	movs	r1, #20
	movs	r2, #2
	.loc	1 97 22                 @ ../Application/main.c:97:22
	movt	r6, :upper16:rs485_group_address
	.loc	1 97 49 is_stmt 0       @ ../Application/main.c:97:49
	rev	r0, r0
	lsrs	r0, r0, #16
	.loc	1 97 22                 @ ../Application/main.c:97:22
	strh	r0, [r6]
	.loc	1 98 2 is_stmt 1        @ ../Application/main.c:98:2
	movs	r0, #161
	bl	I2C_EERPOM_ReadBytes16
	.loc	1 99 53                 @ ../Application/main.c:99:53
	ldrh	r0, [r4]
	.loc	1 99 26 is_stmt 0       @ ../Application/main.c:99:26
	movw	r5, :lower16:rs485_broadcast_address
	.loc	1 100 2 is_stmt 1       @ ../Application/main.c:100:2
	movs	r1, #28
	movs	r2, #1
	.loc	1 99 26                 @ ../Application/main.c:99:26
	movt	r5, :upper16:rs485_broadcast_address
	.loc	1 99 53 is_stmt 0       @ ../Application/main.c:99:53
	rev	r0, r0
	lsrs	r0, r0, #16
	.loc	1 99 26                 @ ../Application/main.c:99:26
	strh	r0, [r5]
	.loc	1 100 2 is_stmt 1       @ ../Application/main.c:100:2
	movs	r0, #161
	bl	I2C_EERPOM_ReadBytes16
	.loc	1 101 27                @ ../Application/main.c:101:27
	movw	r0, :lower16:rs485_interface_baudrate
	.loc	1 101 29 is_stmt 0      @ ../Application/main.c:101:29
	ldrb	r1, [r4]
	.loc	1 101 27                @ ../Application/main.c:101:27
	movt	r0, :upper16:rs485_interface_baudrate
	strb	r1, [r0]
.Ltmp7:
	.loc	1 103 54 is_stmt 1      @ ../Application/main.c:103:54
	subs	r1, #48
	cmp	r1, #10
	blo	.LBB2_2
@ %bb.1:
	.loc	1 0 54 is_stmt 0        @ ../Application/main.c:0:54
	movs	r1, #54
.Ltmp8:
	.loc	1 106 3 is_stmt 1       @ ../Application/main.c:106:3
	movs	r2, #54
	.loc	1 105 28                @ ../Application/main.c:105:28
	strb	r1, [r0]
	.loc	1 106 3                 @ ../Application/main.c:106:3
	movs	r0, #160
	movs	r1, #28
	bl	I2C_EERPOM_WriteByte16
	.loc	1 107 3                 @ ../Application/main.c:107:3
	movs	r0, #15
	bl	delay
	mov.w	r0, #1280
	.loc	1 112 3                 @ ../Application/main.c:112:3
	movs	r1, #16
	movs	r2, #2
	.loc	1 110 20                @ ../Application/main.c:110:20
	strh	r0, [r4]
	movs	r0, #5
	.loc	1 109 27                @ ../Application/main.c:109:27
	strh	r0, [r7]
	.loc	1 112 3                 @ ../Application/main.c:112:3
	movs	r0, #160
	bl	I2C_EERPOM_WriteBytes16
	.loc	1 113 3                 @ ../Application/main.c:113:3
	movs	r0, #15
	bl	delay
	movw	r0, #30311
	.loc	1 118 3                 @ ../Application/main.c:118:3
	movs	r1, #18
	movs	r2, #2
	.loc	1 116 20                @ ../Application/main.c:116:20
	strh	r0, [r4]
	movw	r0, #26486
	.loc	1 115 23                @ ../Application/main.c:115:23
	strh	r0, [r6]
	.loc	1 118 3                 @ ../Application/main.c:118:3
	movs	r0, #160
	bl	I2C_EERPOM_WriteBytes16
	.loc	1 119 3                 @ ../Application/main.c:119:3
	movs	r0, #15
	bl	delay
	movw	r0, #39321
	.loc	1 124 3                 @ ../Application/main.c:124:3
	movs	r1, #20
	movs	r2, #2
	.loc	1 122 20                @ ../Application/main.c:122:20
	strh	r0, [r4]
	.loc	1 121 27                @ ../Application/main.c:121:27
	strh	r0, [r5]
	.loc	1 124 3                 @ ../Application/main.c:124:3
	movs	r0, #160
	bl	I2C_EERPOM_WriteBytes16
	.loc	1 125 3                 @ ../Application/main.c:125:3
	movs	r0, #15
	bl	delay
.Ltmp9:
.LBB2_2:
	.loc	1 128 2                 @ ../Application/main.c:128:2
	movs	r0, #161
	movs	r1, #0
	movs	r2, #4
	bl	I2C_EERPOM_ReadBytes16
	.loc	1 129 16                @ ../Application/main.c:129:16
	movw	r1, :lower16:ip_address
	.loc	1 129 18 is_stmt 0      @ ../Application/main.c:129:18
	ldr	r0, [r4]
	.loc	1 134 2 is_stmt 1       @ ../Application/main.c:134:2
	movs	r2, #4
	.loc	1 129 16                @ ../Application/main.c:129:16
	movt	r1, :upper16:ip_address
	str	r0, [r1]
	.loc	1 134 2                 @ ../Application/main.c:134:2
	movs	r0, #161
	movs	r1, #4
	bl	I2C_EERPOM_ReadBytes16
	.loc	1 135 17                @ ../Application/main.c:135:17
	movw	r1, :lower16:subnet_mask
	.loc	1 135 19 is_stmt 0      @ ../Application/main.c:135:19
	ldr	r0, [r4]
	.loc	1 140 2 is_stmt 1       @ ../Application/main.c:140:2
	movs	r2, #4
	.loc	1 135 17                @ ../Application/main.c:135:17
	movt	r1, :upper16:subnet_mask
	str	r0, [r1]
	.loc	1 140 2                 @ ../Application/main.c:140:2
	movs	r0, #161
	movs	r1, #8
	bl	I2C_EERPOM_ReadBytes16
	.loc	1 141 21                @ ../Application/main.c:141:21
	movw	r1, :lower16:gateway_address
	.loc	1 141 23 is_stmt 0      @ ../Application/main.c:141:23
	ldr	r0, [r4]
	.loc	1 146 2 is_stmt 1       @ ../Application/main.c:146:2
	movs	r2, #2
	.loc	1 141 21                @ ../Application/main.c:141:21
	movt	r1, :upper16:gateway_address
	str	r0, [r1]
	.loc	1 146 2                 @ ../Application/main.c:146:2
	movs	r0, #161
	movs	r1, #26
	bl	I2C_EERPOM_ReadBytes16
	.loc	1 147 39                @ ../Application/main.c:147:39
	ldrh	r0, [r4]
	.loc	1 147 12 is_stmt 0      @ ../Application/main.c:147:12
	movw	r1, :lower16:system_id
	.loc	1 149 2 is_stmt 1       @ ../Application/main.c:149:2
	movs	r2, #4
	.loc	1 147 12                @ ../Application/main.c:147:12
	movt	r1, :upper16:system_id
	.loc	1 147 39 is_stmt 0      @ ../Application/main.c:147:39
	rev	r0, r0
	lsrs	r0, r0, #16
	.loc	1 147 12                @ ../Application/main.c:147:12
	strh	r0, [r1]
	.loc	1 149 2 is_stmt 1       @ ../Application/main.c:149:2
	movs	r0, #161
	movs	r1, #22
	bl	I2C_EERPOM_ReadBytes16
	.loc	1 150 97                @ ../Application/main.c:150:97
	ldr	r0, [r4]
	.loc	1 150 16 is_stmt 0      @ ../Application/main.c:150:16
	movw	r1, :lower16:system_config
	movt	r1, :upper16:system_config
	.loc	1 150 97                @ ../Application/main.c:150:97
	rev	r0, r0
	.loc	1 150 16                @ ../Application/main.c:150:16
	str	r0, [r1]
	.loc	1 152 1 is_stmt 1       @ ../Application/main.c:152:1
	add	sp, #4
	pop	{r4, r5, r6, r7, pc}
.Ltmp10:
.Lfunc_end2:
	.size	RAM_Init, .Lfunc_end2-RAM_Init
	.cfi_endproc
	.cantunwind
	.fnend
                                        @ -- End function
	.section	.text.IWDG_Init,"ax",%progbits
	.hidden	IWDG_Init               @ -- Begin function IWDG_Init
	.globl	IWDG_Init
	.p2align	1
	.type	IWDG_Init,%function
	.code	16                      @ @IWDG_Init
	.thumb_func
IWDG_Init:
.Lfunc_begin3:
	.loc	1 157 0                 @ ../Application/main.c:157:0
	.fnstart
	.cfi_startproc
@ %bb.0:
	.save	{r7, lr}
	push	{r7, lr}
	.cfi_def_cfa_offset 8
	.cfi_offset lr, -4
	.cfi_offset r7, -8
.Ltmp11:
	.loc	1 158 2 prologue_end    @ ../Application/main.c:158:2
	movw	r0, #21845
	bl	IWDG_WriteAccessCmd
	.loc	1 159 2                 @ ../Application/main.c:159:2
	movs	r0, #6
	bl	IWDG_SetPrescaler
	.loc	1 160 2                 @ ../Application/main.c:160:2
	mov.w	r0, #800
	bl	IWDG_SetReload
	.loc	1 162 2                 @ ../Application/main.c:162:2
	bl	IWDG_ReloadCounter
	.loc	1 163 2                 @ ../Application/main.c:163:2
	pop.w	{r7, lr}
	b	IWDG_Enable
.Ltmp12:
.Lfunc_end3:
	.size	IWDG_Init, .Lfunc_end3-IWDG_Init
	.cfi_endproc
	.cantunwind
	.fnend
                                        @ -- End function
	.hidden	sys_info                @ @sys_info
	.type	sys_info,%object
	.section	.rodata.sys_info,"a",%progbits
	.globl	sys_info
sys_info:
	.asciz	"HW: RED_DRAGON_F429, REV: 1_0,      FW: HC070318 "
	.size	sys_info, 50

	.hidden	SystickCnt              @ @SystickCnt
	.type	SystickCnt,%object
	.section	.bss.SystickCnt,"aw",%nobits
	.globl	SystickCnt
	.p2align	2
SystickCnt:
	.long	0                       @ 0x0
	.size	SystickCnt, 4

	.hidden	system_config           @ @system_config
	.type	system_config,%object
	.section	.bss.system_config,"aw",%nobits
	.globl	system_config
	.p2align	2
system_config:
	.long	0                       @ 0x0
	.size	system_config, 4

	.hidden	delay_tm                @ @delay_tm
	.type	delay_tm,%object
	.section	.bss.delay_tm,"aw",%nobits
	.globl	delay_tm
	.p2align	2
delay_tm:
	.long	0                       @ 0x0
	.size	delay_tm, 4

	.type	__ARM_use_no_argv,%object @ @__ARM_use_no_argv
	.section	.ARM.use_no_argv,"aw",%progbits
	.globl	__ARM_use_no_argv
	.p2align	2
__ARM_use_no_argv:
	.long	1                       @ 0x1
	.size	__ARM_use_no_argv, 4

	.globl	__ARM_use_no_argv
	.section	.debug_str,"MS",%progbits,1
.Linfo_string0:
	.asciz	"Component: ARM Compiler 6.12 Tool: armclang [5d624a00]" @ string offset=0
.Linfo_string1:
	.asciz	"../Application\\main.c" @ string offset=55
.Linfo_string2:
	.asciz	"F:\\SkyDrive\\OtvoreniProjekti\\HotelSaplast\\fw\\KontrolerHotela\\HC070318\\Project" @ string offset=77
.Linfo_string3:
	.asciz	"sys_info"              @ string offset=155
.Linfo_string4:
	.asciz	"char"                  @ string offset=164
.Linfo_string5:
	.asciz	"__ARRAY_SIZE_TYPE__"   @ string offset=169
.Linfo_string6:
	.asciz	"SystickCnt"            @ string offset=189
.Linfo_string7:
	.asciz	"unsigned int"          @ string offset=200
.Linfo_string8:
	.asciz	"uint32_t"              @ string offset=213
.Linfo_string9:
	.asciz	"delay_tm"              @ string offset=222
.Linfo_string10:
	.asciz	"system_config"         @ string offset=231
.Linfo_string11:
	.asciz	"unsigned char"         @ string offset=245
.Linfo_string12:
	.asciz	"DISABLE"               @ string offset=259
.Linfo_string13:
	.asciz	"ENABLE"                @ string offset=267
.Linfo_string14:
	.asciz	"unsigned short"        @ string offset=274
.Linfo_string15:
	.asciz	"uint16_t"              @ string offset=289
.Linfo_string16:
	.asciz	"uint8_t"               @ string offset=298
.Linfo_string17:
	.asciz	"get_systick"           @ string offset=306
.Linfo_string18:
	.asciz	"main"                  @ string offset=318
.Linfo_string19:
	.asciz	"int"                   @ string offset=323
.Linfo_string20:
	.asciz	"RAM_Init"              @ string offset=327
.Linfo_string21:
	.asciz	"IWDG_Init"             @ string offset=336
	.section	.debug_abbrev,"",%progbits
	.byte	1                       @ Abbreviation Code
	.byte	17                      @ DW_TAG_compile_unit
	.byte	1                       @ DW_CHILDREN_yes
	.byte	37                      @ DW_AT_producer
	.byte	14                      @ DW_FORM_strp
	.byte	19                      @ DW_AT_language
	.byte	5                       @ DW_FORM_data2
	.byte	3                       @ DW_AT_name
	.byte	14                      @ DW_FORM_strp
	.byte	16                      @ DW_AT_stmt_list
	.byte	6                       @ DW_FORM_data4
	.byte	27                      @ DW_AT_comp_dir
	.byte	14                      @ DW_FORM_strp
	.byte	17                      @ DW_AT_low_pc
	.byte	1                       @ DW_FORM_addr
	.byte	85                      @ DW_AT_ranges
	.byte	6                       @ DW_FORM_data4
	.byte	0                       @ EOM(1)
	.byte	0                       @ EOM(2)
	.byte	2                       @ Abbreviation Code
	.byte	52                      @ DW_TAG_variable
	.byte	0                       @ DW_CHILDREN_no
	.byte	3                       @ DW_AT_name
	.byte	14                      @ DW_FORM_strp
	.byte	73                      @ DW_AT_type
	.byte	19                      @ DW_FORM_ref4
	.byte	63                      @ DW_AT_external
	.byte	12                      @ DW_FORM_flag
	.byte	58                      @ DW_AT_decl_file
	.byte	11                      @ DW_FORM_data1
	.byte	59                      @ DW_AT_decl_line
	.byte	11                      @ DW_FORM_data1
	.byte	2                       @ DW_AT_location
	.byte	10                      @ DW_FORM_block1
	.byte	0                       @ EOM(1)
	.byte	0                       @ EOM(2)
	.byte	3                       @ Abbreviation Code
	.byte	1                       @ DW_TAG_array_type
	.byte	1                       @ DW_CHILDREN_yes
	.byte	73                      @ DW_AT_type
	.byte	19                      @ DW_FORM_ref4
	.byte	0                       @ EOM(1)
	.byte	0                       @ EOM(2)
	.byte	4                       @ Abbreviation Code
	.byte	33                      @ DW_TAG_subrange_type
	.byte	0                       @ DW_CHILDREN_no
	.byte	73                      @ DW_AT_type
	.byte	19                      @ DW_FORM_ref4
	.byte	55                      @ DW_AT_count
	.byte	11                      @ DW_FORM_data1
	.byte	0                       @ EOM(1)
	.byte	0                       @ EOM(2)
	.byte	5                       @ Abbreviation Code
	.byte	38                      @ DW_TAG_const_type
	.byte	0                       @ DW_CHILDREN_no
	.byte	73                      @ DW_AT_type
	.byte	19                      @ DW_FORM_ref4
	.byte	0                       @ EOM(1)
	.byte	0                       @ EOM(2)
	.byte	6                       @ Abbreviation Code
	.byte	36                      @ DW_TAG_base_type
	.byte	0                       @ DW_CHILDREN_no
	.byte	3                       @ DW_AT_name
	.byte	14                      @ DW_FORM_strp
	.byte	62                      @ DW_AT_encoding
	.byte	11                      @ DW_FORM_data1
	.byte	11                      @ DW_AT_byte_size
	.byte	11                      @ DW_FORM_data1
	.byte	0                       @ EOM(1)
	.byte	0                       @ EOM(2)
	.byte	7                       @ Abbreviation Code
	.byte	36                      @ DW_TAG_base_type
	.byte	0                       @ DW_CHILDREN_no
	.byte	3                       @ DW_AT_name
	.byte	14                      @ DW_FORM_strp
	.byte	11                      @ DW_AT_byte_size
	.byte	11                      @ DW_FORM_data1
	.byte	62                      @ DW_AT_encoding
	.byte	11                      @ DW_FORM_data1
	.byte	0                       @ EOM(1)
	.byte	0                       @ EOM(2)
	.byte	8                       @ Abbreviation Code
	.byte	53                      @ DW_TAG_volatile_type
	.byte	0                       @ DW_CHILDREN_no
	.byte	73                      @ DW_AT_type
	.byte	19                      @ DW_FORM_ref4
	.byte	0                       @ EOM(1)
	.byte	0                       @ EOM(2)
	.byte	9                       @ Abbreviation Code
	.byte	22                      @ DW_TAG_typedef
	.byte	0                       @ DW_CHILDREN_no
	.byte	73                      @ DW_AT_type
	.byte	19                      @ DW_FORM_ref4
	.byte	3                       @ DW_AT_name
	.byte	14                      @ DW_FORM_strp
	.byte	58                      @ DW_AT_decl_file
	.byte	11                      @ DW_FORM_data1
	.byte	59                      @ DW_AT_decl_line
	.byte	11                      @ DW_FORM_data1
	.byte	0                       @ EOM(1)
	.byte	0                       @ EOM(2)
	.byte	10                      @ Abbreviation Code
	.byte	4                       @ DW_TAG_enumeration_type
	.byte	1                       @ DW_CHILDREN_yes
	.byte	73                      @ DW_AT_type
	.byte	19                      @ DW_FORM_ref4
	.byte	11                      @ DW_AT_byte_size
	.byte	11                      @ DW_FORM_data1
	.byte	58                      @ DW_AT_decl_file
	.byte	11                      @ DW_FORM_data1
	.byte	59                      @ DW_AT_decl_line
	.byte	5                       @ DW_FORM_data2
	.byte	0                       @ EOM(1)
	.byte	0                       @ EOM(2)
	.byte	11                      @ Abbreviation Code
	.byte	40                      @ DW_TAG_enumerator
	.byte	0                       @ DW_CHILDREN_no
	.byte	3                       @ DW_AT_name
	.byte	14                      @ DW_FORM_strp
	.byte	28                      @ DW_AT_const_value
	.byte	15                      @ DW_FORM_udata
	.byte	0                       @ EOM(1)
	.byte	0                       @ EOM(2)
	.byte	12                      @ Abbreviation Code
	.byte	46                      @ DW_TAG_subprogram
	.byte	0                       @ DW_CHILDREN_no
	.byte	17                      @ DW_AT_low_pc
	.byte	1                       @ DW_FORM_addr
	.byte	18                      @ DW_AT_high_pc
	.byte	1                       @ DW_FORM_addr
	.byte	64                      @ DW_AT_frame_base
	.byte	10                      @ DW_FORM_block1
	.byte	3                       @ DW_AT_name
	.byte	14                      @ DW_FORM_strp
	.byte	58                      @ DW_AT_decl_file
	.byte	11                      @ DW_FORM_data1
	.byte	59                      @ DW_AT_decl_line
	.byte	11                      @ DW_FORM_data1
	.byte	39                      @ DW_AT_prototyped
	.byte	12                      @ DW_FORM_flag
	.byte	73                      @ DW_AT_type
	.byte	19                      @ DW_FORM_ref4
	.byte	63                      @ DW_AT_external
	.byte	12                      @ DW_FORM_flag
	.byte	0                       @ EOM(1)
	.byte	0                       @ EOM(2)
	.byte	13                      @ Abbreviation Code
	.byte	46                      @ DW_TAG_subprogram
	.byte	0                       @ DW_CHILDREN_no
	.byte	17                      @ DW_AT_low_pc
	.byte	1                       @ DW_FORM_addr
	.byte	18                      @ DW_AT_high_pc
	.byte	1                       @ DW_FORM_addr
	.byte	64                      @ DW_AT_frame_base
	.byte	10                      @ DW_FORM_block1
	.byte	3                       @ DW_AT_name
	.byte	14                      @ DW_FORM_strp
	.byte	58                      @ DW_AT_decl_file
	.byte	11                      @ DW_FORM_data1
	.byte	59                      @ DW_AT_decl_line
	.byte	11                      @ DW_FORM_data1
	.byte	39                      @ DW_AT_prototyped
	.byte	12                      @ DW_FORM_flag
	.byte	63                      @ DW_AT_external
	.byte	12                      @ DW_FORM_flag
	.byte	0                       @ EOM(1)
	.byte	0                       @ EOM(2)
	.byte	0                       @ EOM(3)
	.section	.debug_info,"",%progbits
.Lcu_begin0:
	.long	.Ldebug_info_end0-.Ldebug_info_start0 @ Length of Unit
.Ldebug_info_start0:
	.short	3                       @ DWARF version number
	.long	.debug_abbrev           @ Offset Into Abbrev. Section
	.byte	4                       @ Address Size (in bytes)
	.byte	1                       @ Abbrev [1] 0xb:0x12f DW_TAG_compile_unit
	.long	.Linfo_string0          @ DW_AT_producer
	.short	12                      @ DW_AT_language
	.long	.Linfo_string1          @ DW_AT_name
	.long	.Lline_table_start0     @ DW_AT_stmt_list
	.long	.Linfo_string2          @ DW_AT_comp_dir
	.long	0                       @ DW_AT_low_pc
	.long	.Ldebug_ranges0         @ DW_AT_ranges
	.byte	2                       @ Abbrev [2] 0x26:0x12 DW_TAG_variable
	.long	.Linfo_string3          @ DW_AT_name
	.long	56                      @ DW_AT_type
	.byte	1                       @ DW_AT_external
	.byte	1                       @ DW_AT_decl_file
	.byte	33                      @ DW_AT_decl_line
	.byte	5                       @ DW_AT_location
	.byte	3
	.long	sys_info
	.byte	3                       @ Abbrev [3] 0x38:0xc DW_TAG_array_type
	.long	68                      @ DW_AT_type
	.byte	4                       @ Abbrev [4] 0x3d:0x6 DW_TAG_subrange_type
	.long	80                      @ DW_AT_type
	.byte	50                      @ DW_AT_count
	.byte	0                       @ End Of Children Mark
	.byte	5                       @ Abbrev [5] 0x44:0x5 DW_TAG_const_type
	.long	73                      @ DW_AT_type
	.byte	6                       @ Abbrev [6] 0x49:0x7 DW_TAG_base_type
	.long	.Linfo_string4          @ DW_AT_name
	.byte	8                       @ DW_AT_encoding
	.byte	1                       @ DW_AT_byte_size
	.byte	7                       @ Abbrev [7] 0x50:0x7 DW_TAG_base_type
	.long	.Linfo_string5          @ DW_AT_name
	.byte	8                       @ DW_AT_byte_size
	.byte	7                       @ DW_AT_encoding
	.byte	2                       @ Abbrev [2] 0x57:0x12 DW_TAG_variable
	.long	.Linfo_string6          @ DW_AT_name
	.long	105                     @ DW_AT_type
	.byte	1                       @ DW_AT_external
	.byte	1                       @ DW_AT_decl_file
	.byte	47                      @ DW_AT_decl_line
	.byte	5                       @ DW_AT_location
	.byte	3
	.long	SystickCnt
	.byte	8                       @ Abbrev [8] 0x69:0x5 DW_TAG_volatile_type
	.long	110                     @ DW_AT_type
	.byte	9                       @ Abbrev [9] 0x6e:0xb DW_TAG_typedef
	.long	121                     @ DW_AT_type
	.long	.Linfo_string8          @ DW_AT_name
	.byte	2                       @ DW_AT_decl_file
	.byte	64                      @ DW_AT_decl_line
	.byte	6                       @ Abbrev [6] 0x79:0x7 DW_TAG_base_type
	.long	.Linfo_string7          @ DW_AT_name
	.byte	7                       @ DW_AT_encoding
	.byte	4                       @ DW_AT_byte_size
	.byte	2                       @ Abbrev [2] 0x80:0x12 DW_TAG_variable
	.long	.Linfo_string9          @ DW_AT_name
	.long	105                     @ DW_AT_type
	.byte	1                       @ DW_AT_external
	.byte	1                       @ DW_AT_decl_file
	.byte	48                      @ DW_AT_decl_line
	.byte	5                       @ DW_AT_location
	.byte	3
	.long	delay_tm
	.byte	2                       @ Abbrev [2] 0x92:0x12 DW_TAG_variable
	.long	.Linfo_string10         @ DW_AT_name
	.long	110                     @ DW_AT_type
	.byte	1                       @ DW_AT_external
	.byte	1                       @ DW_AT_decl_file
	.byte	49                      @ DW_AT_decl_line
	.byte	5                       @ DW_AT_location
	.byte	3
	.long	system_config
	.byte	10                      @ Abbrev [10] 0xa4:0x16 DW_TAG_enumeration_type
	.long	186                     @ DW_AT_type
	.byte	1                       @ DW_AT_byte_size
	.byte	3                       @ DW_AT_decl_file
	.short	589                     @ DW_AT_decl_line
	.byte	11                      @ Abbrev [11] 0xad:0x6 DW_TAG_enumerator
	.long	.Linfo_string12         @ DW_AT_name
	.byte	0                       @ DW_AT_const_value
	.byte	11                      @ Abbrev [11] 0xb3:0x6 DW_TAG_enumerator
	.long	.Linfo_string13         @ DW_AT_name
	.byte	1                       @ DW_AT_const_value
	.byte	0                       @ End Of Children Mark
	.byte	6                       @ Abbrev [6] 0xba:0x7 DW_TAG_base_type
	.long	.Linfo_string11         @ DW_AT_name
	.byte	8                       @ DW_AT_encoding
	.byte	1                       @ DW_AT_byte_size
	.byte	9                       @ Abbrev [9] 0xc1:0xb DW_TAG_typedef
	.long	204                     @ DW_AT_type
	.long	.Linfo_string15         @ DW_AT_name
	.byte	2                       @ DW_AT_decl_file
	.byte	63                      @ DW_AT_decl_line
	.byte	6                       @ Abbrev [6] 0xcc:0x7 DW_TAG_base_type
	.long	.Linfo_string14         @ DW_AT_name
	.byte	7                       @ DW_AT_encoding
	.byte	2                       @ DW_AT_byte_size
	.byte	9                       @ Abbrev [9] 0xd3:0xb DW_TAG_typedef
	.long	186                     @ DW_AT_type
	.long	.Linfo_string16         @ DW_AT_name
	.byte	2                       @ DW_AT_decl_file
	.byte	62                      @ DW_AT_decl_line
	.byte	12                      @ Abbrev [12] 0xde:0x17 DW_TAG_subprogram
	.long	.Lfunc_begin0           @ DW_AT_low_pc
	.long	.Lfunc_end0             @ DW_AT_high_pc
	.byte	1                       @ DW_AT_frame_base
	.byte	93
	.long	.Linfo_string17         @ DW_AT_name
	.byte	1                       @ DW_AT_decl_file
	.byte	51                      @ DW_AT_decl_line
	.byte	1                       @ DW_AT_prototyped
	.long	110                     @ DW_AT_type
	.byte	1                       @ DW_AT_external
	.byte	12                      @ Abbrev [12] 0xf5:0x17 DW_TAG_subprogram
	.long	.Lfunc_begin1           @ DW_AT_low_pc
	.long	.Lfunc_end1             @ DW_AT_high_pc
	.byte	1                       @ DW_AT_frame_base
	.byte	93
	.long	.Linfo_string18         @ DW_AT_name
	.byte	1                       @ DW_AT_decl_file
	.byte	59                      @ DW_AT_decl_line
	.byte	1                       @ DW_AT_prototyped
	.long	306                     @ DW_AT_type
	.byte	1                       @ DW_AT_external
	.byte	13                      @ Abbrev [13] 0x10c:0x13 DW_TAG_subprogram
	.long	.Lfunc_begin2           @ DW_AT_low_pc
	.long	.Lfunc_end2             @ DW_AT_high_pc
	.byte	1                       @ DW_AT_frame_base
	.byte	93
	.long	.Linfo_string20         @ DW_AT_name
	.byte	1                       @ DW_AT_decl_file
	.byte	92                      @ DW_AT_decl_line
	.byte	1                       @ DW_AT_prototyped
	.byte	1                       @ DW_AT_external
	.byte	13                      @ Abbrev [13] 0x11f:0x13 DW_TAG_subprogram
	.long	.Lfunc_begin3           @ DW_AT_low_pc
	.long	.Lfunc_end3             @ DW_AT_high_pc
	.byte	1                       @ DW_AT_frame_base
	.byte	93
	.long	.Linfo_string21         @ DW_AT_name
	.byte	1                       @ DW_AT_decl_file
	.byte	156                     @ DW_AT_decl_line
	.byte	1                       @ DW_AT_prototyped
	.byte	1                       @ DW_AT_external
	.byte	6                       @ Abbrev [6] 0x132:0x7 DW_TAG_base_type
	.long	.Linfo_string19         @ DW_AT_name
	.byte	5                       @ DW_AT_encoding
	.byte	4                       @ DW_AT_byte_size
	.byte	0                       @ End Of Children Mark
.Ldebug_info_end0:
	.section	.debug_ranges,"",%progbits
.Ldebug_ranges0:
	.long	.Lfunc_begin0
	.long	.Lfunc_end0
	.long	.Lfunc_begin1
	.long	.Lfunc_end1
	.long	.Lfunc_begin2
	.long	.Lfunc_end2
	.long	.Lfunc_begin3
	.long	.Lfunc_end3
	.long	0
	.long	0
	.section	.debug_macinfo,"",%progbits
	.byte	0                       @ End Of Macro List Mark

	.ident	"Component: ARM Compiler 6.12 Tool: armclang [5d624a00]"
	.section	".note.GNU-stack","",%progbits
	.eabi_attribute	30, 3	@ Tag_ABI_optimization_goals
	.ARM_attribute	16, 1	@ Tag_AV_eba
	.section	.debug_line,"",%progbits
.Lline_table_start0:
