	.text
	.syntax unified
	.eabi_attribute	67, "2.09"	@ Tag_conformance
	.cpu	cortex-m4
	.eabi_attribute	6, 13	@ Tag_CPU_arch
	.eabi_attribute	7, 77	@ Tag_CPU_arch_profile
	.eabi_attribute	8, 0	@ Tag_ARM_ISA_use
	.eabi_attribute	9, 2	@ Tag_THUMB_ISA_use
	.fpu	fpv4-sp-d16
	.eabi_attribute	27, 1	@ Tag_ABI_HardFP_use
	.eabi_attribute	36, 1	@ Tag_FP_HP_extension
	.eabi_attribute	34, 1	@ Tag_CPU_unaligned_access
	.eabi_attribute	17, 1	@ Tag_ABI_PCS_GOT_use
	.eabi_attribute	20, 2	@ Tag_ABI_FP_denormal
	.eabi_attribute	21, 0	@ Tag_ABI_FP_exceptions
	.eabi_attribute	23, 1	@ Tag_ABI_FP_number_model
	.eabi_attribute	24, 1	@ Tag_ABI_align_needed
	.eabi_attribute	25, 1	@ Tag_ABI_align_preserved
	.eabi_attribute	28, 1	@ Tag_ABI_VFP_args
	.eabi_attribute	38, 1	@ Tag_ABI_FP_16bit_format
	.eabi_attribute	18, 2	@ Tag_ABI_PCS_wchar_t
	.eabi_attribute	26, 1	@ Tag_ABI_enum_size
	.eabi_attribute	14, 0	@ Tag_ABI_PCS_R9_use
	.file	"memp.c"
	.file	1 "F:\\SkyDrive\\OtvoreniProjekti\\HotelSaplast\\fw\\KontrolerHotela\\HC070318\\Project" "../Libraries/lwip-1.4.1/src/core/memp.c"
	.file	2 "F:\\SkyDrive\\OtvoreniProjekti\\HotelSaplast\\fw\\KontrolerHotela\\HC070318\\Project" "../Libraries/lwip-1.4.1/port/arch\\cc.h"
	.file	3 "F:\\SkyDrive\\OtvoreniProjekti\\HotelSaplast\\fw\\KontrolerHotela\\HC070318\\Project" "../Libraries/lwip-1.4.1/src/include\\lwip/memp.h"
	.section	.text.memp_init,"ax",%progbits
	.hidden	memp_init               @ -- Begin function memp_init
	.globl	memp_init
	.p2align	2
	.type	memp_init,%function
	.code	16                      @ @memp_init
	.thumb_func
memp_init:
.Lfunc_begin0:
	.loc	1 357 0                 @ ../Libraries/lwip-1.4.1/src/core/memp.c:357:0
	.fnstart
	.cfi_sections .debug_frame
	.cfi_startproc
@ %bb.0:
	.save	{r4, r5, r6, r7, r8, lr}
	push.w	{r4, r5, r6, r7, r8, lr}
	.cfi_def_cfa_offset 24
	.cfi_offset lr, -4
	.cfi_offset r8, -8
	.cfi_offset r7, -12
	.cfi_offset r6, -16
	.cfi_offset r5, -20
	.cfi_offset r4, -24
	movw	r0, :lower16:memp_memory
	movw	r2, :lower16:memp_tab
	mov.w	r12, #0
.Ltmp0:
	@DEBUG_VALUE: memp_init:i <- undef
	adr.w	lr, .LCPI0_0
	adr.w	r8, .LCPI0_1
	movs	r3, #0
	movt	r0, :upper16:memp_memory
	movt	r2, :upper16:memp_tab
	adds	r0, #3
	bic	r1, r0, #3
	mov	r4, r1
	.p2align	2
.LBB0_1:                                @ =>This Loop Header: Depth=1
                                        @     Child Loop BB0_2 Depth 2
.Ltmp1:
	@DEBUG_VALUE: memp_init:i <- $r3
	@DEBUG_VALUE: memp_init:memp <- $r1
	ldrh.w	r5, [lr, r3, lsl #1]
	ldrh.w	r6, [r8, r3, lsl #1]
.Ltmp2:
	.loc	1 382 26 prologue_end   @ ../Libraries/lwip-1.4.1/src/core/memp.c:382:26
	movs	r0, #0
	movs	r7, #0
.Ltmp3:
	.loc	1 375 21                @ ../Libraries/lwip-1.4.1/src/core/memp.c:375:21
	str.w	r12, [r2, r3, lsl #2]
.Ltmp4:
	@DEBUG_VALUE: memp_init:j <- 0
	.p2align	2
.LBB0_2:                                @   Parent Loop BB0_1 Depth=1
                                        @ =>  This Inner Loop Header: Depth=2
	@DEBUG_VALUE: memp_init:memp <- $r1
	@DEBUG_VALUE: memp_init:i <- $r3
	@DEBUG_VALUE: memp_init:memp <- $r1
	@DEBUG_VALUE: memp_init:j <- $r7
	.loc	1 382 24                @ ../Libraries/lwip-1.4.1/src/core/memp.c:382:24
	str	r0, [r1]
.Ltmp5:
	.loc	1 380 38                @ ../Libraries/lwip-1.4.1/src/core/memp.c:380:38
	adds	r7, #1
.Ltmp6:
	@DEBUG_VALUE: memp_init:j <- $r7
	.loc	1 384 72                @ ../Libraries/lwip-1.4.1/src/core/memp.c:384:72
	adds	r1, r4, r6
.Ltmp7:
	@DEBUG_VALUE: memp_init:memp <- $r1
	.loc	1 383 25                @ ../Libraries/lwip-1.4.1/src/core/memp.c:383:25
	str.w	r4, [r2, r3, lsl #2]
	.loc	1 382 26                @ ../Libraries/lwip-1.4.1/src/core/memp.c:382:26
	mov	r0, r4
.Ltmp8:
	.loc	1 380 9                 @ ../Libraries/lwip-1.4.1/src/core/memp.c:380:9
	cmp	r7, r5
	mov	r4, r1
	blo	.LBB0_2
.Ltmp9:
@ %bb.3:                                @   in Loop: Header=BB0_1 Depth=1
	@DEBUG_VALUE: memp_init:j <- $r7
	@DEBUG_VALUE: memp_init:memp <- $r1
	@DEBUG_VALUE: memp_init:i <- $r3
	.loc	1 373 31                @ ../Libraries/lwip-1.4.1/src/core/memp.c:373:31
	adds	r3, #1
.Ltmp10:
	@DEBUG_VALUE: memp_init:i <- [DW_OP_plus_uconst 1, DW_OP_stack_value] undef
	.loc	1 0 31 is_stmt 0        @ ../Libraries/lwip-1.4.1/src/core/memp.c:0:31
	mov	r4, r1
.Ltmp11:
	.loc	1 373 5                 @ ../Libraries/lwip-1.4.1/src/core/memp.c:373:5
	cmp	r3, #10
.Ltmp12:
	.loc	1 396 1 is_stmt 1       @ ../Libraries/lwip-1.4.1/src/core/memp.c:396:1
	it	eq
	popeq.w	{r4, r5, r6, r7, r8, pc}
.Ltmp13:
	.loc	1 0 1 is_stmt 0         @ ../Libraries/lwip-1.4.1/src/core/memp.c:0:1
	b	.LBB0_1
.Ltmp14:
	.p2align	2
@ %bb.4:
.LCPI0_0:
memp_num:
	.short	4                       @ 0x4
	.short	4                       @ 0x4
	.short	5                       @ 0x5
	.short	8                       @ 0x8
	.short	16                      @ 0x10
	.short	5                       @ 0x5
	.short	15                      @ 0xf
	.short	300                     @ 0x12c
	.short	16                      @ 0x10
	.short	8                       @ 0x8
.LCPI0_1:
memp_sizes:
	.short	28                      @ 0x1c
	.short	32                      @ 0x20
	.short	152                     @ 0x98
	.short	28                      @ 0x1c
	.short	20                      @ 0x14
	.short	32                      @ 0x20
	.short	24                      @ 0x18
	.short	16                      @ 0x10
	.short	16                      @ 0x10
	.short	1532                    @ 0x5fc
.Lfunc_end0:
	.size	memp_init, .Lfunc_end0-memp_init
	.cfi_endproc
	.cantunwind
	.fnend
                                        @ -- End function
	.section	.text.memp_malloc,"ax",%progbits
	.hidden	memp_malloc             @ -- Begin function memp_malloc
	.globl	memp_malloc
	.p2align	1
	.type	memp_malloc,%function
	.code	16                      @ @memp_malloc
	.thumb_func
memp_malloc:
.Lfunc_begin1:
	.loc	1 415 0 is_stmt 1       @ ../Libraries/lwip-1.4.1/src/core/memp.c:415:0
	.fnstart
	.cfi_startproc
@ %bb.0:
	@DEBUG_VALUE: memp_malloc:type <- $r0
	.loc	1 419 5 prologue_end    @ ../Libraries/lwip-1.4.1/src/core/memp.c:419:5
	cmp	r0, #9
	itt	hi
	movhi	r0, #0
.Ltmp15:
	.loc	1 450 1                 @ ../Libraries/lwip-1.4.1/src/core/memp.c:450:1
	bxhi	lr
	.loc	1 426 12                @ ../Libraries/lwip-1.4.1/src/core/memp.c:426:12
	movw	r2, :lower16:memp_tab
	mov	r1, r0
.Ltmp16:
	@DEBUG_VALUE: memp_malloc:type <- $r1
	movt	r2, :upper16:memp_tab
	ldr.w	r0, [r2, r0, lsl #2]
.Ltmp17:
	@DEBUG_VALUE: memp_malloc:memp <- $r0
	.loc	1 428 9                 @ ../Libraries/lwip-1.4.1/src/core/memp.c:428:9
	cmp	r0, #0
	.loc	1 450 1                 @ ../Libraries/lwip-1.4.1/src/core/memp.c:450:1
	it	eq
	bxeq	lr
.Ltmp18:
	.loc	1 430 32                @ ../Libraries/lwip-1.4.1/src/core/memp.c:430:32
	ldr	r3, [r0]
	.loc	1 430 24 is_stmt 0      @ ../Libraries/lwip-1.4.1/src/core/memp.c:430:24
	str.w	r3, [r2, r1, lsl #2]
.Ltmp19:
	.loc	1 450 1 is_stmt 1       @ ../Libraries/lwip-1.4.1/src/core/memp.c:450:1
	bx	lr
.Ltmp20:
.Lfunc_end1:
	.size	memp_malloc, .Lfunc_end1-memp_malloc
	.cfi_endproc
	.cantunwind
	.fnend
                                        @ -- End function
	.section	.text.memp_free,"ax",%progbits
	.hidden	memp_free               @ -- Begin function memp_free
	.globl	memp_free
	.p2align	1
	.type	memp_free,%function
	.code	16                      @ @memp_free
	.thumb_func
memp_free:
.Lfunc_begin2:
	.loc	1 460 0                 @ ../Libraries/lwip-1.4.1/src/core/memp.c:460:0
	.fnstart
	.cfi_startproc
@ %bb.0:
	@DEBUG_VALUE: memp_free:type <- $r0
	@DEBUG_VALUE: memp_free:type <- $r0
	@DEBUG_VALUE: memp_free:mem <- $r1
	@DEBUG_VALUE: memp_free:mem <- $r1
	@DEBUG_VALUE: memp_free:memp <- $r1
	@DEBUG_VALUE: memp_free:memp <- $r1
	.loc	1 464 9 prologue_end    @ ../Libraries/lwip-1.4.1/src/core/memp.c:464:9
	cbz	r1, .LBB2_2
@ %bb.1:
	@DEBUG_VALUE: memp_free:memp <- $r1
	@DEBUG_VALUE: memp_free:mem <- $r1
	@DEBUG_VALUE: memp_free:type <- $r0
	@DEBUG_VALUE: memp_free:type <- $r0
	.loc	1 485 18                @ ../Libraries/lwip-1.4.1/src/core/memp.c:485:18
	movw	r2, :lower16:memp_tab
	movt	r2, :upper16:memp_tab
	ldr.w	r3, [r2, r0, lsl #2]
	.loc	1 485 16 is_stmt 0      @ ../Libraries/lwip-1.4.1/src/core/memp.c:485:16
	str	r3, [r1]
	.loc	1 486 20 is_stmt 1      @ ../Libraries/lwip-1.4.1/src/core/memp.c:486:20
	str.w	r1, [r2, r0, lsl #2]
.LBB2_2:
	@DEBUG_VALUE: memp_free:memp <- $r1
	@DEBUG_VALUE: memp_free:mem <- $r1
	@DEBUG_VALUE: memp_free:type <- $r0
	.loc	1 493 1                 @ ../Libraries/lwip-1.4.1/src/core/memp.c:493:1
	bx	lr
.Ltmp21:
.Lfunc_end2:
	.size	memp_free, .Lfunc_end2-memp_free
	.cfi_endproc
	.cantunwind
	.fnend
                                        @ -- End function
	.type	memp_memory,%object     @ @memp_memory
	.section	.bss.memp_memory,"aw",%nobits
memp_memory:
	.zero	19379
	.size	memp_memory, 19379

	.type	memp_tab,%object        @ @memp_tab
	.section	.bss.memp_tab,"aw",%nobits
	.p2align	2
memp_tab:
	.zero	40
	.size	memp_tab, 40

	.section	.debug_str,"MS",%progbits,1
.Linfo_string0:
	.asciz	"Component: ARM Compiler 6.12 Tool: armclang [5d624a00]" @ string offset=0
.Linfo_string1:
	.asciz	"../Libraries/lwip-1.4.1/src/core\\memp.c" @ string offset=55
.Linfo_string2:
	.asciz	"F:\\SkyDrive\\OtvoreniProjekti\\HotelSaplast\\fw\\KontrolerHotela\\HC070318\\Project" @ string offset=95
.Linfo_string3:
	.asciz	"memp_tab"              @ string offset=173
.Linfo_string4:
	.asciz	"next"                  @ string offset=182
.Linfo_string5:
	.asciz	"memp"                  @ string offset=187
.Linfo_string6:
	.asciz	"__ARRAY_SIZE_TYPE__"   @ string offset=192
.Linfo_string7:
	.asciz	"memp_memory"           @ string offset=212
.Linfo_string8:
	.asciz	"unsigned char"         @ string offset=224
.Linfo_string9:
	.asciz	"u8_t"                  @ string offset=238
.Linfo_string10:
	.asciz	"memp_num"              @ string offset=243
.Linfo_string11:
	.asciz	"unsigned short"        @ string offset=252
.Linfo_string12:
	.asciz	"u16_t"                 @ string offset=267
.Linfo_string13:
	.asciz	"memp_sizes"            @ string offset=273
.Linfo_string14:
	.asciz	"MEMP_RAW_PCB"          @ string offset=284
.Linfo_string15:
	.asciz	"MEMP_UDP_PCB"          @ string offset=297
.Linfo_string16:
	.asciz	"MEMP_TCP_PCB"          @ string offset=310
.Linfo_string17:
	.asciz	"MEMP_TCP_PCB_LISTEN"   @ string offset=323
.Linfo_string18:
	.asciz	"MEMP_TCP_SEG"          @ string offset=343
.Linfo_string19:
	.asciz	"MEMP_REASSDATA"        @ string offset=356
.Linfo_string20:
	.asciz	"MEMP_FRAG_PBUF"        @ string offset=371
.Linfo_string21:
	.asciz	"MEMP_SYS_TIMEOUT"      @ string offset=386
.Linfo_string22:
	.asciz	"MEMP_PBUF"             @ string offset=403
.Linfo_string23:
	.asciz	"MEMP_PBUF_POOL"        @ string offset=413
.Linfo_string24:
	.asciz	"MEMP_MAX"              @ string offset=428
.Linfo_string25:
	.asciz	"long unsigned int"     @ string offset=437
.Linfo_string26:
	.asciz	"u32_t"                 @ string offset=455
.Linfo_string27:
	.asciz	"mem_ptr_t"             @ string offset=461
.Linfo_string28:
	.asciz	"memp_init"             @ string offset=471
.Linfo_string29:
	.asciz	"memp_malloc"           @ string offset=481
.Linfo_string30:
	.asciz	"memp_free"             @ string offset=493
.Linfo_string31:
	.asciz	"i"                     @ string offset=503
.Linfo_string32:
	.asciz	"j"                     @ string offset=505
.Linfo_string33:
	.asciz	"type"                  @ string offset=507
.Linfo_string34:
	.asciz	"memp_t"                @ string offset=512
.Linfo_string35:
	.asciz	"mem"                   @ string offset=519
	.section	.debug_loc,"",%progbits
.Ldebug_loc0:
	.long	.Ltmp1
	.long	.Ltmp10
	.short	1                       @ Loc expr size
	.byte	83                      @ DW_OP_reg3
	.long	0
	.long	0
.Ldebug_loc1:
	.long	.Ltmp1
	.long	.Ltmp14
	.short	1                       @ Loc expr size
	.byte	81                      @ DW_OP_reg1
	.long	0
	.long	0
.Ldebug_loc2:
	.long	.Ltmp4
	.long	.Ltmp13
	.short	1                       @ Loc expr size
	.byte	87                      @ DW_OP_reg7
	.long	0
	.long	0
.Ldebug_loc3:
	.long	.Lfunc_begin1
	.long	.Ltmp15
	.short	1                       @ Loc expr size
	.byte	80                      @ DW_OP_reg0
	.long	.Ltmp16
	.long	.Lfunc_end1
	.short	1                       @ Loc expr size
	.byte	81                      @ DW_OP_reg1
	.long	0
	.long	0
.Ldebug_loc4:
	.long	.Ltmp17
	.long	.Lfunc_end1
	.short	1                       @ Loc expr size
	.byte	80                      @ DW_OP_reg0
	.long	0
	.long	0
	.section	.debug_abbrev,"",%progbits
	.byte	1                       @ Abbreviation Code
	.byte	17                      @ DW_TAG_compile_unit
	.byte	1                       @ DW_CHILDREN_yes
	.byte	37                      @ DW_AT_producer
	.byte	14                      @ DW_FORM_strp
	.byte	19                      @ DW_AT_language
	.byte	5                       @ DW_FORM_data2
	.byte	3                       @ DW_AT_name
	.byte	14                      @ DW_FORM_strp
	.byte	16                      @ DW_AT_stmt_list
	.byte	6                       @ DW_FORM_data4
	.byte	27                      @ DW_AT_comp_dir
	.byte	14                      @ DW_FORM_strp
	.byte	17                      @ DW_AT_low_pc
	.byte	1                       @ DW_FORM_addr
	.byte	85                      @ DW_AT_ranges
	.byte	6                       @ DW_FORM_data4
	.byte	0                       @ EOM(1)
	.byte	0                       @ EOM(2)
	.byte	2                       @ Abbreviation Code
	.byte	52                      @ DW_TAG_variable
	.byte	0                       @ DW_CHILDREN_no
	.byte	3                       @ DW_AT_name
	.byte	14                      @ DW_FORM_strp
	.byte	73                      @ DW_AT_type
	.byte	19                      @ DW_FORM_ref4
	.byte	58                      @ DW_AT_decl_file
	.byte	11                      @ DW_FORM_data1
	.byte	59                      @ DW_AT_decl_line
	.byte	11                      @ DW_FORM_data1
	.byte	2                       @ DW_AT_location
	.byte	10                      @ DW_FORM_block1
	.byte	0                       @ EOM(1)
	.byte	0                       @ EOM(2)
	.byte	3                       @ Abbreviation Code
	.byte	1                       @ DW_TAG_array_type
	.byte	1                       @ DW_CHILDREN_yes
	.byte	73                      @ DW_AT_type
	.byte	19                      @ DW_FORM_ref4
	.byte	0                       @ EOM(1)
	.byte	0                       @ EOM(2)
	.byte	4                       @ Abbreviation Code
	.byte	33                      @ DW_TAG_subrange_type
	.byte	0                       @ DW_CHILDREN_no
	.byte	73                      @ DW_AT_type
	.byte	19                      @ DW_FORM_ref4
	.byte	55                      @ DW_AT_count
	.byte	11                      @ DW_FORM_data1
	.byte	0                       @ EOM(1)
	.byte	0                       @ EOM(2)
	.byte	5                       @ Abbreviation Code
	.byte	15                      @ DW_TAG_pointer_type
	.byte	0                       @ DW_CHILDREN_no
	.byte	73                      @ DW_AT_type
	.byte	19                      @ DW_FORM_ref4
	.byte	0                       @ EOM(1)
	.byte	0                       @ EOM(2)
	.byte	6                       @ Abbreviation Code
	.byte	19                      @ DW_TAG_structure_type
	.byte	1                       @ DW_CHILDREN_yes
	.byte	3                       @ DW_AT_name
	.byte	14                      @ DW_FORM_strp
	.byte	11                      @ DW_AT_byte_size
	.byte	11                      @ DW_FORM_data1
	.byte	58                      @ DW_AT_decl_file
	.byte	11                      @ DW_FORM_data1
	.byte	59                      @ DW_AT_decl_line
	.byte	11                      @ DW_FORM_data1
	.byte	0                       @ EOM(1)
	.byte	0                       @ EOM(2)
	.byte	7                       @ Abbreviation Code
	.byte	13                      @ DW_TAG_member
	.byte	0                       @ DW_CHILDREN_no
	.byte	3                       @ DW_AT_name
	.byte	14                      @ DW_FORM_strp
	.byte	73                      @ DW_AT_type
	.byte	19                      @ DW_FORM_ref4
	.byte	58                      @ DW_AT_decl_file
	.byte	11                      @ DW_FORM_data1
	.byte	59                      @ DW_AT_decl_line
	.byte	11                      @ DW_FORM_data1
	.byte	56                      @ DW_AT_data_member_location
	.byte	11                      @ DW_FORM_data1
	.byte	0                       @ EOM(1)
	.byte	0                       @ EOM(2)
	.byte	8                       @ Abbreviation Code
	.byte	36                      @ DW_TAG_base_type
	.byte	0                       @ DW_CHILDREN_no
	.byte	3                       @ DW_AT_name
	.byte	14                      @ DW_FORM_strp
	.byte	11                      @ DW_AT_byte_size
	.byte	11                      @ DW_FORM_data1
	.byte	62                      @ DW_AT_encoding
	.byte	11                      @ DW_FORM_data1
	.byte	0                       @ EOM(1)
	.byte	0                       @ EOM(2)
	.byte	9                       @ Abbreviation Code
	.byte	33                      @ DW_TAG_subrange_type
	.byte	0                       @ DW_CHILDREN_no
	.byte	73                      @ DW_AT_type
	.byte	19                      @ DW_FORM_ref4
	.byte	55                      @ DW_AT_count
	.byte	5                       @ DW_FORM_data2
	.byte	0                       @ EOM(1)
	.byte	0                       @ EOM(2)
	.byte	10                      @ Abbreviation Code
	.byte	22                      @ DW_TAG_typedef
	.byte	0                       @ DW_CHILDREN_no
	.byte	73                      @ DW_AT_type
	.byte	19                      @ DW_FORM_ref4
	.byte	3                       @ DW_AT_name
	.byte	14                      @ DW_FORM_strp
	.byte	58                      @ DW_AT_decl_file
	.byte	11                      @ DW_FORM_data1
	.byte	59                      @ DW_AT_decl_line
	.byte	11                      @ DW_FORM_data1
	.byte	0                       @ EOM(1)
	.byte	0                       @ EOM(2)
	.byte	11                      @ Abbreviation Code
	.byte	36                      @ DW_TAG_base_type
	.byte	0                       @ DW_CHILDREN_no
	.byte	3                       @ DW_AT_name
	.byte	14                      @ DW_FORM_strp
	.byte	62                      @ DW_AT_encoding
	.byte	11                      @ DW_FORM_data1
	.byte	11                      @ DW_AT_byte_size
	.byte	11                      @ DW_FORM_data1
	.byte	0                       @ EOM(1)
	.byte	0                       @ EOM(2)
	.byte	12                      @ Abbreviation Code
	.byte	38                      @ DW_TAG_const_type
	.byte	0                       @ DW_CHILDREN_no
	.byte	73                      @ DW_AT_type
	.byte	19                      @ DW_FORM_ref4
	.byte	0                       @ EOM(1)
	.byte	0                       @ EOM(2)
	.byte	13                      @ Abbreviation Code
	.byte	4                       @ DW_TAG_enumeration_type
	.byte	1                       @ DW_CHILDREN_yes
	.byte	73                      @ DW_AT_type
	.byte	19                      @ DW_FORM_ref4
	.byte	11                      @ DW_AT_byte_size
	.byte	11                      @ DW_FORM_data1
	.byte	58                      @ DW_AT_decl_file
	.byte	11                      @ DW_FORM_data1
	.byte	59                      @ DW_AT_decl_line
	.byte	11                      @ DW_FORM_data1
	.byte	0                       @ EOM(1)
	.byte	0                       @ EOM(2)
	.byte	14                      @ Abbreviation Code
	.byte	40                      @ DW_TAG_enumerator
	.byte	0                       @ DW_CHILDREN_no
	.byte	3                       @ DW_AT_name
	.byte	14                      @ DW_FORM_strp
	.byte	28                      @ DW_AT_const_value
	.byte	15                      @ DW_FORM_udata
	.byte	0                       @ EOM(1)
	.byte	0                       @ EOM(2)
	.byte	15                      @ Abbreviation Code
	.byte	15                      @ DW_TAG_pointer_type
	.byte	0                       @ DW_CHILDREN_no
	.byte	0                       @ EOM(1)
	.byte	0                       @ EOM(2)
	.byte	16                      @ Abbreviation Code
	.byte	46                      @ DW_TAG_subprogram
	.byte	1                       @ DW_CHILDREN_yes
	.byte	17                      @ DW_AT_low_pc
	.byte	1                       @ DW_FORM_addr
	.byte	18                      @ DW_AT_high_pc
	.byte	1                       @ DW_FORM_addr
	.byte	64                      @ DW_AT_frame_base
	.byte	10                      @ DW_FORM_block1
	.byte	3                       @ DW_AT_name
	.byte	14                      @ DW_FORM_strp
	.byte	58                      @ DW_AT_decl_file
	.byte	11                      @ DW_FORM_data1
	.byte	59                      @ DW_AT_decl_line
	.byte	5                       @ DW_FORM_data2
	.byte	39                      @ DW_AT_prototyped
	.byte	12                      @ DW_FORM_flag
	.byte	63                      @ DW_AT_external
	.byte	12                      @ DW_FORM_flag
	.byte	0                       @ EOM(1)
	.byte	0                       @ EOM(2)
	.byte	17                      @ Abbreviation Code
	.byte	52                      @ DW_TAG_variable
	.byte	0                       @ DW_CHILDREN_no
	.byte	2                       @ DW_AT_location
	.byte	6                       @ DW_FORM_data4
	.byte	3                       @ DW_AT_name
	.byte	14                      @ DW_FORM_strp
	.byte	58                      @ DW_AT_decl_file
	.byte	11                      @ DW_FORM_data1
	.byte	59                      @ DW_AT_decl_line
	.byte	5                       @ DW_FORM_data2
	.byte	73                      @ DW_AT_type
	.byte	19                      @ DW_FORM_ref4
	.byte	0                       @ EOM(1)
	.byte	0                       @ EOM(2)
	.byte	18                      @ Abbreviation Code
	.byte	46                      @ DW_TAG_subprogram
	.byte	1                       @ DW_CHILDREN_yes
	.byte	17                      @ DW_AT_low_pc
	.byte	1                       @ DW_FORM_addr
	.byte	18                      @ DW_AT_high_pc
	.byte	1                       @ DW_FORM_addr
	.byte	64                      @ DW_AT_frame_base
	.byte	10                      @ DW_FORM_block1
	.byte	3                       @ DW_AT_name
	.byte	14                      @ DW_FORM_strp
	.byte	58                      @ DW_AT_decl_file
	.byte	11                      @ DW_FORM_data1
	.byte	59                      @ DW_AT_decl_line
	.byte	5                       @ DW_FORM_data2
	.byte	39                      @ DW_AT_prototyped
	.byte	12                      @ DW_FORM_flag
	.byte	73                      @ DW_AT_type
	.byte	19                      @ DW_FORM_ref4
	.byte	63                      @ DW_AT_external
	.byte	12                      @ DW_FORM_flag
	.byte	0                       @ EOM(1)
	.byte	0                       @ EOM(2)
	.byte	19                      @ Abbreviation Code
	.byte	5                       @ DW_TAG_formal_parameter
	.byte	0                       @ DW_CHILDREN_no
	.byte	2                       @ DW_AT_location
	.byte	6                       @ DW_FORM_data4
	.byte	3                       @ DW_AT_name
	.byte	14                      @ DW_FORM_strp
	.byte	58                      @ DW_AT_decl_file
	.byte	11                      @ DW_FORM_data1
	.byte	59                      @ DW_AT_decl_line
	.byte	5                       @ DW_FORM_data2
	.byte	73                      @ DW_AT_type
	.byte	19                      @ DW_FORM_ref4
	.byte	0                       @ EOM(1)
	.byte	0                       @ EOM(2)
	.byte	20                      @ Abbreviation Code
	.byte	5                       @ DW_TAG_formal_parameter
	.byte	0                       @ DW_CHILDREN_no
	.byte	2                       @ DW_AT_location
	.byte	10                      @ DW_FORM_block1
	.byte	3                       @ DW_AT_name
	.byte	14                      @ DW_FORM_strp
	.byte	58                      @ DW_AT_decl_file
	.byte	11                      @ DW_FORM_data1
	.byte	59                      @ DW_AT_decl_line
	.byte	5                       @ DW_FORM_data2
	.byte	73                      @ DW_AT_type
	.byte	19                      @ DW_FORM_ref4
	.byte	0                       @ EOM(1)
	.byte	0                       @ EOM(2)
	.byte	21                      @ Abbreviation Code
	.byte	52                      @ DW_TAG_variable
	.byte	0                       @ DW_CHILDREN_no
	.byte	2                       @ DW_AT_location
	.byte	10                      @ DW_FORM_block1
	.byte	3                       @ DW_AT_name
	.byte	14                      @ DW_FORM_strp
	.byte	58                      @ DW_AT_decl_file
	.byte	11                      @ DW_FORM_data1
	.byte	59                      @ DW_AT_decl_line
	.byte	5                       @ DW_FORM_data2
	.byte	73                      @ DW_AT_type
	.byte	19                      @ DW_FORM_ref4
	.byte	0                       @ EOM(1)
	.byte	0                       @ EOM(2)
	.byte	0                       @ EOM(3)
	.section	.debug_info,"",%progbits
.Lcu_begin0:
	.long	.Ldebug_info_end0-.Ldebug_info_start0 @ Length of Unit
.Ldebug_info_start0:
	.short	3                       @ DWARF version number
	.long	.debug_abbrev           @ Offset Into Abbrev. Section
	.byte	4                       @ Address Size (in bytes)
	.byte	1                       @ Abbrev [1] 0xb:0x205 DW_TAG_compile_unit
	.long	.Linfo_string0          @ DW_AT_producer
	.short	12                      @ DW_AT_language
	.long	.Linfo_string1          @ DW_AT_name
	.long	.Lline_table_start0     @ DW_AT_stmt_list
	.long	.Linfo_string2          @ DW_AT_comp_dir
	.long	0                       @ DW_AT_low_pc
	.long	.Ldebug_ranges0         @ DW_AT_ranges
	.byte	2                       @ Abbrev [2] 0x26:0x11 DW_TAG_variable
	.long	.Linfo_string3          @ DW_AT_name
	.long	55                      @ DW_AT_type
	.byte	1                       @ DW_AT_decl_file
	.byte	118                     @ DW_AT_decl_line
	.byte	5                       @ DW_AT_location
	.byte	3
	.long	memp_tab
	.byte	3                       @ Abbrev [3] 0x37:0xc DW_TAG_array_type
	.long	67                      @ DW_AT_type
	.byte	4                       @ Abbrev [4] 0x3c:0x6 DW_TAG_subrange_type
	.long	93                      @ DW_AT_type
	.byte	10                      @ DW_AT_count
	.byte	0                       @ End Of Children Mark
	.byte	5                       @ Abbrev [5] 0x43:0x5 DW_TAG_pointer_type
	.long	72                      @ DW_AT_type
	.byte	6                       @ Abbrev [6] 0x48:0x15 DW_TAG_structure_type
	.long	.Linfo_string5          @ DW_AT_name
	.byte	4                       @ DW_AT_byte_size
	.byte	1                       @ DW_AT_decl_file
	.byte	66                      @ DW_AT_decl_line
	.byte	7                       @ Abbrev [7] 0x50:0xc DW_TAG_member
	.long	.Linfo_string4          @ DW_AT_name
	.long	67                      @ DW_AT_type
	.byte	1                       @ DW_AT_decl_file
	.byte	68                      @ DW_AT_decl_line
	.byte	0                       @ DW_AT_data_member_location
	.byte	0                       @ End Of Children Mark
	.byte	8                       @ Abbrev [8] 0x5d:0x7 DW_TAG_base_type
	.long	.Linfo_string6          @ DW_AT_name
	.byte	8                       @ DW_AT_byte_size
	.byte	7                       @ DW_AT_encoding
	.byte	2                       @ Abbrev [2] 0x64:0x11 DW_TAG_variable
	.long	.Linfo_string7          @ DW_AT_name
	.long	117                     @ DW_AT_type
	.byte	1                       @ DW_AT_decl_file
	.byte	171                     @ DW_AT_decl_line
	.byte	5                       @ DW_AT_location
	.byte	3
	.long	memp_memory
	.byte	3                       @ Abbrev [3] 0x75:0xd DW_TAG_array_type
	.long	130                     @ DW_AT_type
	.byte	9                       @ Abbrev [9] 0x7a:0x7 DW_TAG_subrange_type
	.long	93                      @ DW_AT_type
	.short	19379                   @ DW_AT_count
	.byte	0                       @ End Of Children Mark
	.byte	10                      @ Abbrev [10] 0x82:0xb DW_TAG_typedef
	.long	141                     @ DW_AT_type
	.long	.Linfo_string9          @ DW_AT_name
	.byte	2                       @ DW_AT_decl_file
	.byte	37                      @ DW_AT_decl_line
	.byte	11                      @ Abbrev [11] 0x8d:0x7 DW_TAG_base_type
	.long	.Linfo_string8          @ DW_AT_name
	.byte	8                       @ DW_AT_encoding
	.byte	1                       @ DW_AT_byte_size
	.byte	2                       @ Abbrev [2] 0x94:0x11 DW_TAG_variable
	.long	.Linfo_string10         @ DW_AT_name
	.long	165                     @ DW_AT_type
	.byte	1                       @ DW_AT_decl_file
	.byte	138                     @ DW_AT_decl_line
	.byte	5                       @ DW_AT_location
	.byte	3
	.long	memp_num
	.byte	3                       @ Abbrev [3] 0xa5:0xc DW_TAG_array_type
	.long	177                     @ DW_AT_type
	.byte	4                       @ Abbrev [4] 0xaa:0x6 DW_TAG_subrange_type
	.long	93                      @ DW_AT_type
	.byte	10                      @ DW_AT_count
	.byte	0                       @ End Of Children Mark
	.byte	12                      @ Abbrev [12] 0xb1:0x5 DW_TAG_const_type
	.long	182                     @ DW_AT_type
	.byte	10                      @ Abbrev [10] 0xb6:0xb DW_TAG_typedef
	.long	193                     @ DW_AT_type
	.long	.Linfo_string12         @ DW_AT_name
	.byte	2                       @ DW_AT_decl_file
	.byte	39                      @ DW_AT_decl_line
	.byte	11                      @ Abbrev [11] 0xc1:0x7 DW_TAG_base_type
	.long	.Linfo_string11         @ DW_AT_name
	.byte	7                       @ DW_AT_encoding
	.byte	2                       @ DW_AT_byte_size
	.byte	2                       @ Abbrev [2] 0xc8:0x11 DW_TAG_variable
	.long	.Linfo_string13         @ DW_AT_name
	.long	165                     @ DW_AT_type
	.byte	1                       @ DW_AT_decl_file
	.byte	130                     @ DW_AT_decl_line
	.byte	5                       @ DW_AT_location
	.byte	3
	.long	memp_sizes
	.byte	13                      @ Abbrev [13] 0xd9:0x4b DW_TAG_enumeration_type
	.long	141                     @ DW_AT_type
	.byte	1                       @ DW_AT_byte_size
	.byte	3                       @ DW_AT_decl_file
	.byte	43                      @ DW_AT_decl_line
	.byte	14                      @ Abbrev [14] 0xe1:0x6 DW_TAG_enumerator
	.long	.Linfo_string14         @ DW_AT_name
	.byte	0                       @ DW_AT_const_value
	.byte	14                      @ Abbrev [14] 0xe7:0x6 DW_TAG_enumerator
	.long	.Linfo_string15         @ DW_AT_name
	.byte	1                       @ DW_AT_const_value
	.byte	14                      @ Abbrev [14] 0xed:0x6 DW_TAG_enumerator
	.long	.Linfo_string16         @ DW_AT_name
	.byte	2                       @ DW_AT_const_value
	.byte	14                      @ Abbrev [14] 0xf3:0x6 DW_TAG_enumerator
	.long	.Linfo_string17         @ DW_AT_name
	.byte	3                       @ DW_AT_const_value
	.byte	14                      @ Abbrev [14] 0xf9:0x6 DW_TAG_enumerator
	.long	.Linfo_string18         @ DW_AT_name
	.byte	4                       @ DW_AT_const_value
	.byte	14                      @ Abbrev [14] 0xff:0x6 DW_TAG_enumerator
	.long	.Linfo_string19         @ DW_AT_name
	.byte	5                       @ DW_AT_const_value
	.byte	14                      @ Abbrev [14] 0x105:0x6 DW_TAG_enumerator
	.long	.Linfo_string20         @ DW_AT_name
	.byte	6                       @ DW_AT_const_value
	.byte	14                      @ Abbrev [14] 0x10b:0x6 DW_TAG_enumerator
	.long	.Linfo_string21         @ DW_AT_name
	.byte	7                       @ DW_AT_const_value
	.byte	14                      @ Abbrev [14] 0x111:0x6 DW_TAG_enumerator
	.long	.Linfo_string22         @ DW_AT_name
	.byte	8                       @ DW_AT_const_value
	.byte	14                      @ Abbrev [14] 0x117:0x6 DW_TAG_enumerator
	.long	.Linfo_string23         @ DW_AT_name
	.byte	9                       @ DW_AT_const_value
	.byte	14                      @ Abbrev [14] 0x11d:0x6 DW_TAG_enumerator
	.long	.Linfo_string24         @ DW_AT_name
	.byte	10                      @ DW_AT_const_value
	.byte	0                       @ End Of Children Mark
	.byte	15                      @ Abbrev [15] 0x124:0x1 DW_TAG_pointer_type
	.byte	10                      @ Abbrev [10] 0x125:0xb DW_TAG_typedef
	.long	304                     @ DW_AT_type
	.long	.Linfo_string27         @ DW_AT_name
	.byte	2                       @ DW_AT_decl_file
	.byte	43                      @ DW_AT_decl_line
	.byte	10                      @ Abbrev [10] 0x130:0xb DW_TAG_typedef
	.long	315                     @ DW_AT_type
	.long	.Linfo_string26         @ DW_AT_name
	.byte	2                       @ DW_AT_decl_file
	.byte	41                      @ DW_AT_decl_line
	.byte	11                      @ Abbrev [11] 0x13b:0x7 DW_TAG_base_type
	.long	.Linfo_string25         @ DW_AT_name
	.byte	7                       @ DW_AT_encoding
	.byte	4                       @ DW_AT_byte_size
	.byte	5                       @ Abbrev [5] 0x142:0x5 DW_TAG_pointer_type
	.long	130                     @ DW_AT_type
	.byte	16                      @ Abbrev [16] 0x147:0x45 DW_TAG_subprogram
	.long	.Lfunc_begin0           @ DW_AT_low_pc
	.long	.Lfunc_end0             @ DW_AT_high_pc
	.byte	1                       @ DW_AT_frame_base
	.byte	93
	.long	.Linfo_string28         @ DW_AT_name
	.byte	1                       @ DW_AT_decl_file
	.short	356                     @ DW_AT_decl_line
	.byte	1                       @ DW_AT_prototyped
	.byte	1                       @ DW_AT_external
	.byte	17                      @ Abbrev [17] 0x15b:0x10 DW_TAG_variable
	.long	.Ldebug_loc0            @ DW_AT_location
	.long	.Linfo_string31         @ DW_AT_name
	.byte	1                       @ DW_AT_decl_file
	.short	359                     @ DW_AT_decl_line
	.long	182                     @ DW_AT_type
	.byte	17                      @ Abbrev [17] 0x16b:0x10 DW_TAG_variable
	.long	.Ldebug_loc1            @ DW_AT_location
	.long	.Linfo_string5          @ DW_AT_name
	.byte	1                       @ DW_AT_decl_file
	.short	358                     @ DW_AT_decl_line
	.long	67                      @ DW_AT_type
	.byte	17                      @ Abbrev [17] 0x17b:0x10 DW_TAG_variable
	.long	.Ldebug_loc2            @ DW_AT_location
	.long	.Linfo_string32         @ DW_AT_name
	.byte	1                       @ DW_AT_decl_file
	.short	359                     @ DW_AT_decl_line
	.long	182                     @ DW_AT_type
	.byte	0                       @ End Of Children Mark
	.byte	18                      @ Abbrev [18] 0x18c:0x39 DW_TAG_subprogram
	.long	.Lfunc_begin1           @ DW_AT_low_pc
	.long	.Lfunc_end1             @ DW_AT_high_pc
	.byte	1                       @ DW_AT_frame_base
	.byte	93
	.long	.Linfo_string29         @ DW_AT_name
	.byte	1                       @ DW_AT_decl_file
	.short	411                     @ DW_AT_decl_line
	.byte	1                       @ DW_AT_prototyped
	.long	292                     @ DW_AT_type
	.byte	1                       @ DW_AT_external
	.byte	19                      @ Abbrev [19] 0x1a4:0x10 DW_TAG_formal_parameter
	.long	.Ldebug_loc3            @ DW_AT_location
	.long	.Linfo_string33         @ DW_AT_name
	.byte	1                       @ DW_AT_decl_file
	.short	411                     @ DW_AT_decl_line
	.long	516                     @ DW_AT_type
	.byte	17                      @ Abbrev [17] 0x1b4:0x10 DW_TAG_variable
	.long	.Ldebug_loc4            @ DW_AT_location
	.long	.Linfo_string5          @ DW_AT_name
	.byte	1                       @ DW_AT_decl_file
	.short	416                     @ DW_AT_decl_line
	.long	67                      @ DW_AT_type
	.byte	0                       @ End Of Children Mark
	.byte	16                      @ Abbrev [16] 0x1c5:0x3f DW_TAG_subprogram
	.long	.Lfunc_begin2           @ DW_AT_low_pc
	.long	.Lfunc_end2             @ DW_AT_high_pc
	.byte	1                       @ DW_AT_frame_base
	.byte	93
	.long	.Linfo_string30         @ DW_AT_name
	.byte	1                       @ DW_AT_decl_file
	.short	459                     @ DW_AT_decl_line
	.byte	1                       @ DW_AT_prototyped
	.byte	1                       @ DW_AT_external
	.byte	20                      @ Abbrev [20] 0x1d9:0xe DW_TAG_formal_parameter
	.byte	1                       @ DW_AT_location
	.byte	80
	.long	.Linfo_string33         @ DW_AT_name
	.byte	1                       @ DW_AT_decl_file
	.short	459                     @ DW_AT_decl_line
	.long	516                     @ DW_AT_type
	.byte	20                      @ Abbrev [20] 0x1e7:0xe DW_TAG_formal_parameter
	.byte	1                       @ DW_AT_location
	.byte	81
	.long	.Linfo_string35         @ DW_AT_name
	.byte	1                       @ DW_AT_decl_file
	.short	459                     @ DW_AT_decl_line
	.long	292                     @ DW_AT_type
	.byte	21                      @ Abbrev [21] 0x1f5:0xe DW_TAG_variable
	.byte	1                       @ DW_AT_location
	.byte	81
	.long	.Linfo_string5          @ DW_AT_name
	.byte	1                       @ DW_AT_decl_file
	.short	461                     @ DW_AT_decl_line
	.long	67                      @ DW_AT_type
	.byte	0                       @ End Of Children Mark
	.byte	10                      @ Abbrev [10] 0x204:0xb DW_TAG_typedef
	.long	217                     @ DW_AT_type
	.long	.Linfo_string34         @ DW_AT_name
	.byte	3                       @ DW_AT_decl_file
	.byte	47                      @ DW_AT_decl_line
	.byte	0                       @ End Of Children Mark
.Ldebug_info_end0:
	.section	.debug_ranges,"",%progbits
.Ldebug_ranges0:
	.long	.Lfunc_begin0
	.long	.Lfunc_end0
	.long	.Lfunc_begin1
	.long	.Lfunc_end1
	.long	.Lfunc_begin2
	.long	.Lfunc_end2
	.long	0
	.long	0
	.section	.debug_macinfo,"",%progbits
	.byte	0                       @ End Of Macro List Mark

	.ident	"Component: ARM Compiler 6.12 Tool: armclang [5d624a00]"
	.section	".note.GNU-stack","",%progbits
	.eabi_attribute	30, 3	@ Tag_ABI_optimization_goals
	.ARM_attribute	16, 1	@ Tag_AV_eba
	.section	.debug_line,"",%progbits
.Lline_table_start0:
