	.text
	.syntax unified
	.eabi_attribute	67, "2.09"	@ Tag_conformance
	.cpu	cortex-m4
	.eabi_attribute	6, 13	@ Tag_CPU_arch
	.eabi_attribute	7, 77	@ Tag_CPU_arch_profile
	.eabi_attribute	8, 0	@ Tag_ARM_ISA_use
	.eabi_attribute	9, 2	@ Tag_THUMB_ISA_use
	.fpu	fpv4-sp-d16
	.eabi_attribute	27, 1	@ Tag_ABI_HardFP_use
	.eabi_attribute	36, 1	@ Tag_FP_HP_extension
	.eabi_attribute	34, 1	@ Tag_CPU_unaligned_access
	.eabi_attribute	17, 1	@ Tag_ABI_PCS_GOT_use
	.eabi_attribute	20, 2	@ Tag_ABI_FP_denormal
	.eabi_attribute	21, 0	@ Tag_ABI_FP_exceptions
	.eabi_attribute	23, 1	@ Tag_ABI_FP_number_model
	.eabi_attribute	24, 1	@ Tag_ABI_align_needed
	.eabi_attribute	25, 1	@ Tag_ABI_align_preserved
	.eabi_attribute	28, 1	@ Tag_ABI_VFP_args
	.eabi_attribute	38, 1	@ Tag_ABI_FP_16bit_format
	.eabi_attribute	18, 2	@ Tag_ABI_PCS_wchar_t
	.eabi_attribute	26, 1	@ Tag_ABI_enum_size
	.eabi_attribute	14, 0	@ Tag_ABI_PCS_R9_use
	.file	"netbios.c"
	.file	1 "F:\\SkyDrive\\OtvoreniProjekti\\HotelSaplast\\fw\\KontrolerHotela\\HC070318\\Project" "../Libraries/lwip-1.4.1/src/include\\lwip/pbuf.h"
	.file	2 "F:\\SkyDrive\\OtvoreniProjekti\\HotelSaplast\\fw\\KontrolerHotela\\HC070318\\Project" "../Libraries/lwip-1.4.1/port/arch\\cc.h"
	.file	3 "F:\\SkyDrive\\OtvoreniProjekti\\HotelSaplast\\fw\\KontrolerHotela\\HC070318\\Project" "../Libraries/lwip-1.4.1/src/include/ipv4\\lwip/ip_addr.h"
	.file	4 "F:\\SkyDrive\\OtvoreniProjekti\\HotelSaplast\\fw\\KontrolerHotela\\HC070318\\Project" "../User/NetBIOS/netbios.c"
	.section	.text.netbios_init,"ax",%progbits
	.hidden	netbios_init            @ -- Begin function netbios_init
	.globl	netbios_init
	.p2align	1
	.type	netbios_init,%function
	.code	16                      @ @netbios_init
	.thumb_func
netbios_init:
.Lfunc_begin0:
	.loc	4 324 0                 @ ../User/NetBIOS/netbios.c:324:0
	.fnstart
	.cfi_sections .debug_frame
	.cfi_startproc
@ %bb.0:
	.save	{r4, lr}
	push	{r4, lr}
	.cfi_def_cfa_offset 8
	.cfi_offset lr, -4
	.cfi_offset r4, -8
.Ltmp0:
	.loc	4 329 9 prologue_end    @ ../User/NetBIOS/netbios.c:329:9
	bl	udp_new
	.loc	4 330 7                 @ ../User/NetBIOS/netbios.c:330:7
	cbz	r0, .LBB0_2
@ %bb.1:
	.loc	4 0 0 is_stmt 0         @ ../User/NetBIOS/netbios.c:0:0
	mov	r4, r0
.Ltmp1:
	@DEBUG_VALUE: netbios_init:pcb <- $r4
	.loc	4 332 21 is_stmt 1      @ ../User/NetBIOS/netbios.c:332:21
	ldrb	r0, [r0, #8]
	.loc	4 333 5                 @ ../User/NetBIOS/netbios.c:333:5
	movw	r1, :lower16:ip_addr_any
	movs	r2, #137
	movt	r1, :upper16:ip_addr_any
	.loc	4 332 21                @ ../User/NetBIOS/netbios.c:332:21
	orr	r0, r0, #32
	strb	r0, [r4, #8]
	.loc	4 333 5                 @ ../User/NetBIOS/netbios.c:333:5
	mov	r0, r4
	bl	udp_bind
	.loc	4 334 5                 @ ../User/NetBIOS/netbios.c:334:5
	movw	r1, :lower16:netbios_recv
	mov	r0, r4
	mov	r2, r4
	movt	r1, :upper16:netbios_recv
	pop.w	{r4, lr}
.Ltmp2:
	b	udp_recv
.Ltmp3:
.LBB0_2:
	.loc	4 336 1                 @ ../User/NetBIOS/netbios.c:336:1
	pop	{r4, pc}
.Ltmp4:
.Lfunc_end0:
	.size	netbios_init, .Lfunc_end0-netbios_init
	.cfi_endproc
	.cantunwind
	.fnend
                                        @ -- End function
	.section	.text.netbios_recv,"ax",%progbits
	.p2align	2               @ -- Begin function netbios_recv
	.type	netbios_recv,%function
	.code	16                      @ @netbios_recv
	.thumb_func
netbios_recv:
.Lfunc_begin1:
	.loc	4 261 0                 @ ../User/NetBIOS/netbios.c:261:0
	.fnstart
	.cfi_startproc
@ %bb.0:
	@DEBUG_VALUE: netbios_recv:arg <- $r0
	@DEBUG_VALUE: netbios_recv:upcb <- $r1
	@DEBUG_VALUE: netbios_recv:p <- $r2
	@DEBUG_VALUE: netbios_recv:addr <- $r3
	.loc	4 265 7 prologue_end    @ ../User/NetBIOS/netbios.c:265:7
	cmp	r2, #0
	beq.w	.LBB1_17
.Ltmp5:
@ %bb.1:
	@DEBUG_VALUE: netbios_recv:addr <- $r3
	@DEBUG_VALUE: netbios_recv:p <- $r2
	@DEBUG_VALUE: netbios_recv:upcb <- $r1
	@DEBUG_VALUE: netbios_recv:arg <- $r0
	.save	{r4, r5, r6, r7, r8, r9, r10, r11, lr}
	push.w	{r4, r5, r6, r7, r8, r9, r10, r11, lr}
	.cfi_def_cfa_offset 36
	.cfi_offset lr, -4
	.cfi_offset r11, -8
	.cfi_offset r10, -12
	.cfi_offset r9, -16
	.cfi_offset r8, -20
	.cfi_offset r7, -24
	.cfi_offset r6, -28
	.cfi_offset r5, -32
	.cfi_offset r4, -36
	.pad	#20
	sub	sp, #20
	.cfi_def_cfa_offset 56
.Ltmp6:
	.loc	4 271 9                 @ ../User/NetBIOS/netbios.c:271:9
	movw	r11, :lower16:netif_default
	mov	r4, r2
.Ltmp7:
	@DEBUG_VALUE: netbios_recv:p <- $r4
	@DEBUG_VALUE: netbios_recv:p <- $r4
	@DEBUG_VALUE: netbios_name_decoding:name_dec <- undef
	movt	r11, :upper16:netif_default
	ldr.w	r0, [r11]
.Ltmp8:
	.loc	4 271 9 is_stmt 0       @ ../User/NetBIOS/netbios.c:271:9
	cmp	r0, #0
	beq	.LBB1_16
.Ltmp9:
@ %bb.2:
	@DEBUG_VALUE: netbios_recv:p <- $r4
	@DEBUG_VALUE: netbios_recv:addr <- $r3
	@DEBUG_VALUE: netbios_recv:upcb <- $r1
	.loc	4 0 0                   @ ../User/NetBIOS/netbios.c:0:0
	ldr	r7, [r4, #4]
.Ltmp10:
	@DEBUG_VALUE: netbios_hdr <- $r7
	.loc	4 274 26 is_stmt 1      @ ../User/NetBIOS/netbios.c:274:26
	ldrh	r0, [r7, #2]
	.loc	4 274 106 is_stmt 0     @ ../User/NetBIOS/netbios.c:274:106
	tst.w	r0, #248
	bne	.LBB1_16
.Ltmp11:
@ %bb.3:
	@DEBUG_VALUE: netbios_hdr <- $r7
	@DEBUG_VALUE: netbios_recv:p <- $r4
	@DEBUG_VALUE: netbios_recv:addr <- $r3
	@DEBUG_VALUE: netbios_recv:upcb <- $r1
	.loc	4 276 26 is_stmt 1      @ ../User/NetBIOS/netbios.c:276:26
	ldrh	r0, [r7, #4]
.Ltmp12:
	.loc	4 274 11                @ ../User/NetBIOS/netbios.c:274:11
	cmp.w	r0, #256
	bne	.LBB1_16
.Ltmp13:
@ %bb.4:
	@DEBUG_VALUE: netbios_hdr <- $r7
	@DEBUG_VALUE: netbios_recv:p <- $r4
	@DEBUG_VALUE: netbios_recv:addr <- $r3
	@DEBUG_VALUE: netbios_recv:upcb <- $r1
	.loc	4 0 0 is_stmt 0         @ ../User/NetBIOS/netbios.c:0:0
	add.w	r0, r7, #12
.Ltmp14:
	@DEBUG_VALUE: netbios_name_hdr <- $r0
	mov	r8, r3
.Ltmp15:
	@DEBUG_VALUE: netbios_recv:addr <- $r8
	@DEBUG_VALUE: netbios_recv:addr <- $r8
	mov	r6, r1
.Ltmp16:
	@DEBUG_VALUE: netbios_recv:upcb <- $r6
	@DEBUG_VALUE: netbios_recv:upcb <- $r6
	@DEBUG_VALUE: netbios_recv:port <- undef
	mvn	r12, #15
	add.w	lr, sp, #3
.Ltmp17:
	.loc	4 278 39 is_stmt 1      @ ../User/NetBIOS/netbios.c:278:39
	add.w	r9, r0, #1
.Ltmp18:
	@DEBUG_VALUE: netbios_name_decoding:pname <- $r9
	@DEBUG_VALUE: netbios_name_decoding:name_enc <- $r9
	.loc	4 0 39 is_stmt 0        @ ../User/NetBIOS/netbios.c:0:39
	movs	r0, #0
.Ltmp19:
	@DEBUG_VALUE: netbios_name_decoding:index <- 0
	@DEBUG_VALUE: netbios_name_decoding:name_dec_len <- undef
	mov	r3, r9
.Ltmp20:
	@DEBUG_VALUE: netbios_name_decoding:index <- $r0
	b	.LBB1_10
.Ltmp21:
	.p2align	2
.LBB1_5:                                @   in Loop: Header=BB1_10 Depth=1
	@DEBUG_VALUE: netbios_name_decoding:cname <- $r1
	@DEBUG_VALUE: netbios_name_decoding:pname <- $r3
	@DEBUG_VALUE: netbios_name_decoding:index <- $r0
	@DEBUG_VALUE: netbios_name_decoding:name_enc <- $r9
	@DEBUG_VALUE: netbios_recv:upcb <- $r6
	@DEBUG_VALUE: netbios_recv:addr <- $r8
	@DEBUG_VALUE: netbios_hdr <- $r7
	@DEBUG_VALUE: netbios_recv:p <- $r4
	.loc	4 183 13 is_stmt 1      @ ../User/NetBIOS/netbios.c:183:13
	ldrb	r2, [r3, #1]
.Ltmp22:
	@DEBUG_VALUE: netbios_name_decoding:cname <- $r2
	.loc	4 184 23                @ ../User/NetBIOS/netbios.c:184:23
	cbz	r2, .LBB1_13
.Ltmp23:
@ %bb.6:                                @   in Loop: Header=BB1_10 Depth=1
	@DEBUG_VALUE: netbios_name_decoding:pname <- $r3
	@DEBUG_VALUE: netbios_name_decoding:cname <- $r2
	@DEBUG_VALUE: netbios_name_decoding:index <- $r0
	@DEBUG_VALUE: netbios_name_decoding:name_enc <- $r9
	@DEBUG_VALUE: netbios_recv:upcb <- $r6
	@DEBUG_VALUE: netbios_recv:addr <- $r8
	@DEBUG_VALUE: netbios_hdr <- $r7
	@DEBUG_VALUE: netbios_recv:p <- $r4
	cmp	r2, #46
	beq	.LBB1_13
.Ltmp24:
@ %bb.7:                                @   in Loop: Header=BB1_10 Depth=1
	@DEBUG_VALUE: netbios_name_decoding:pname <- $r3
	@DEBUG_VALUE: netbios_name_decoding:cname <- $r2
	@DEBUG_VALUE: netbios_name_decoding:index <- $r0
	@DEBUG_VALUE: netbios_name_decoding:name_enc <- $r9
	@DEBUG_VALUE: netbios_recv:upcb <- $r6
	@DEBUG_VALUE: netbios_recv:addr <- $r8
	@DEBUG_VALUE: netbios_hdr <- $r7
	@DEBUG_VALUE: netbios_recv:p <- $r4
	.loc	4 189 21                @ ../User/NetBIOS/netbios.c:189:21
	subs	r2, #65
.Ltmp25:
	@DEBUG_VALUE: netbios_name_decoding:cname <- $r2
	uxtb	r5, r2
	cmp	r5, #25
	bhi	.LBB1_13
.Ltmp26:
@ %bb.8:                                @   in Loop: Header=BB1_10 Depth=1
	@DEBUG_VALUE: netbios_name_decoding:pname <- $r3
	@DEBUG_VALUE: netbios_name_decoding:cname <- $r2
	@DEBUG_VALUE: netbios_name_decoding:index <- $r0
	@DEBUG_VALUE: netbios_name_decoding:name_enc <- $r9
	@DEBUG_VALUE: netbios_recv:upcb <- $r6
	@DEBUG_VALUE: netbios_recv:addr <- $r8
	@DEBUG_VALUE: netbios_hdr <- $r7
	@DEBUG_VALUE: netbios_recv:p <- $r4
	.loc	4 195 10                @ ../User/NetBIOS/netbios.c:195:10
	adds	r3, #2
.Ltmp27:
	@DEBUG_VALUE: netbios_name_decoding:pname <- $r3
	.loc	4 198 9                 @ ../User/NetBIOS/netbios.c:198:9
	cmp	r0, #15
	bhi	.LBB1_10
.Ltmp28:
@ %bb.9:                                @   in Loop: Header=BB1_10 Depth=1
	@DEBUG_VALUE: netbios_name_decoding:pname <- $r3
	@DEBUG_VALUE: netbios_name_decoding:cname <- $r2
	@DEBUG_VALUE: netbios_name_decoding:index <- $r0
	@DEBUG_VALUE: netbios_name_decoding:name_enc <- $r9
	@DEBUG_VALUE: netbios_recv:upcb <- $r6
	@DEBUG_VALUE: netbios_recv:addr <- $r8
	@DEBUG_VALUE: netbios_hdr <- $r7
	@DEBUG_VALUE: netbios_recv:p <- $r4
	.loc	4 180 21                @ ../User/NetBIOS/netbios.c:180:21
	add.w	r1, r12, r1, lsl #4
	.loc	4 194 13                @ ../User/NetBIOS/netbios.c:194:13
	orrs	r1, r2
.Ltmp29:
	@DEBUG_VALUE: netbios_name_decoding:cnbname <- $r1
	uxtb	r2, r1
.Ltmp30:
	.loc	4 200 28                @ ../User/NetBIOS/netbios.c:200:28
	subs	r2, #32
	it	ne
	movne	r2, r1
	.loc	4 200 25 is_stmt 0      @ ../User/NetBIOS/netbios.c:200:25
	strb.w	r2, [lr, r0]
	.loc	4 200 21                @ ../User/NetBIOS/netbios.c:200:21
	adds	r0, #1
.Ltmp31:
	@DEBUG_VALUE: netbios_name_decoding:index <- $r0
	@DEBUG_VALUE: netbios_name_decoding:index <- $r0
	.p2align	2
.LBB1_10:                               @ =>This Inner Loop Header: Depth=1
	@DEBUG_VALUE: netbios_name_decoding:index <- $r0
	@DEBUG_VALUE: netbios_name_decoding:name_enc <- $r9
	@DEBUG_VALUE: netbios_name_decoding:pname <- $r9
	@DEBUG_VALUE: netbios_recv:upcb <- $r6
	@DEBUG_VALUE: netbios_recv:addr <- $r8
	@DEBUG_VALUE: netbios_hdr <- $r7
	@DEBUG_VALUE: netbios_recv:p <- $r4
	@DEBUG_VALUE: netbios_name_decoding:pname <- $r3
	.loc	4 170 13 is_stmt 1      @ ../User/NetBIOS/netbios.c:170:13
	ldrb	r1, [r3]
.Ltmp32:
	@DEBUG_VALUE: netbios_name_decoding:cname <- $r1
	@DEBUG_VALUE: netbios_name_decoding:cname <- [DW_OP_plus_uconst 15, DW_OP_stack_value] $r1
	.loc	4 171 9                 @ ../User/NetBIOS/netbios.c:171:9
	cbz	r1, .LBB1_13
.Ltmp33:
@ %bb.11:                               @   in Loop: Header=BB1_10 Depth=1
	@DEBUG_VALUE: netbios_name_decoding:cname <- $r1
	@DEBUG_VALUE: netbios_name_decoding:pname <- $r3
	@DEBUG_VALUE: netbios_name_decoding:index <- $r0
	@DEBUG_VALUE: netbios_name_decoding:name_enc <- $r9
	@DEBUG_VALUE: netbios_recv:upcb <- $r6
	@DEBUG_VALUE: netbios_recv:addr <- $r8
	@DEBUG_VALUE: netbios_hdr <- $r7
	@DEBUG_VALUE: netbios_recv:p <- $r4
	cmp	r1, #46
	beq	.LBB1_13
.Ltmp34:
@ %bb.12:                               @   in Loop: Header=BB1_10 Depth=1
	@DEBUG_VALUE: netbios_name_decoding:cname <- $r1
	@DEBUG_VALUE: netbios_name_decoding:pname <- $r3
	@DEBUG_VALUE: netbios_name_decoding:index <- $r0
	@DEBUG_VALUE: netbios_name_decoding:name_enc <- $r9
	@DEBUG_VALUE: netbios_recv:upcb <- $r6
	@DEBUG_VALUE: netbios_recv:addr <- $r8
	@DEBUG_VALUE: netbios_hdr <- $r7
	@DEBUG_VALUE: netbios_recv:p <- $r4
	.loc	4 175 21                @ ../User/NetBIOS/netbios.c:175:21
	sub.w	r2, r1, #65
	uxtb	r2, r2
	cmp	r2, #25
	bls	.LBB1_5
.Ltmp35:
.LBB1_13:
	@DEBUG_VALUE: netbios_recv:upcb <- $r6
	@DEBUG_VALUE: netbios_recv:addr <- $r8
	@DEBUG_VALUE: netbios_hdr <- $r7
	@DEBUG_VALUE: netbios_recv:p <- $r4
	.loc	4 0 21 is_stmt 0        @ ../User/NetBIOS/netbios.c:0:21
	add.w	r0, sp, #3
.Ltmp36:
	.loc	4 280 13 is_stmt 1      @ ../User/NetBIOS/netbios.c:280:13
	adr	r1, .LCPI1_0
	movs	r2, #11
	bl	memcmp
.Ltmp37:
	.loc	4 280 13 is_stmt 0      @ ../User/NetBIOS/netbios.c:280:13
	cbnz	r0, .LBB1_16
.Ltmp38:
@ %bb.14:
	@DEBUG_VALUE: netbios_recv:upcb <- $r6
	@DEBUG_VALUE: netbios_recv:addr <- $r8
	@DEBUG_VALUE: netbios_hdr <- $r7
	@DEBUG_VALUE: netbios_recv:p <- $r4
	.loc	4 284 15 is_stmt 1      @ ../User/NetBIOS/netbios.c:284:15
	movs	r0, #0
	movs	r1, #62
	movs	r2, #0
	bl	pbuf_alloc
	.loc	4 285 15                @ ../User/NetBIOS/netbios.c:285:15
	cbz	r0, .LBB1_16
.Ltmp39:
@ %bb.15:
	@DEBUG_VALUE: netbios_recv:upcb <- $r6
	@DEBUG_VALUE: netbios_recv:addr <- $r8
	@DEBUG_VALUE: netbios_hdr <- $r7
	@DEBUG_VALUE: netbios_recv:p <- $r4
	.loc	4 0 0 is_stmt 0         @ ../User/NetBIOS/netbios.c:0:0
	mov	r10, r0
.Ltmp40:
	@DEBUG_VALUE: q <- $r10
	movs	r1, #0
.Ltmp41:
	.loc	4 289 57 is_stmt 1      @ ../User/NetBIOS/netbios.c:289:57
	ldrh	r0, [r7]
	.loc	4 300 13                @ ../User/NetBIOS/netbios.c:300:13
	movs	r2, #33
	.loc	4 286 45                @ ../User/NetBIOS/netbios.c:286:45
	ldr.w	r5, [r10, #4]
.Ltmp42:
	@DEBUG_VALUE: resp <- $r5
	.loc	4 297 42                @ ../User/NetBIOS/netbios.c:297:42
	strh	r1, [r5, #10]
	mov.w	r1, #256
	.loc	4 295 42                @ ../User/NetBIOS/netbios.c:295:42
	str.w	r1, [r5, #6]
	movs	r1, #133
	.loc	4 290 42                @ ../User/NetBIOS/netbios.c:290:42
	str.w	r1, [r5, #2]
	.loc	4 289 42                @ ../User/NetBIOS/netbios.c:289:42
	strh	r0, [r5]
	.loc	4 300 13                @ ../User/NetBIOS/netbios.c:300:13
	add.w	r0, r5, #13
	mov	r1, r9
	bl	__aeabi_memcpy
	.loc	4 301 62                @ ../User/NetBIOS/netbios.c:301:62
	ldrb	r0, [r7, #12]
	mov.w	r1, #1536
	.loc	4 310 13                @ ../User/NetBIOS/netbios.c:310:13
	ldr	r3, [sp, #56]
	mov	r2, r8
	.loc	4 301 42                @ ../User/NetBIOS/netbios.c:301:42
	strb	r0, [r5, #12]
	.loc	4 302 62                @ ../User/NetBIOS/netbios.c:302:62
	ldrh	r0, [r7, #46]
	.loc	4 302 42 is_stmt 0      @ ../User/NetBIOS/netbios.c:302:42
	strh	r0, [r5, #46]
	.loc	4 303 62 is_stmt 1      @ ../User/NetBIOS/netbios.c:303:62
	ldrh	r0, [r7, #48]
	.loc	4 305 42                @ ../User/NetBIOS/netbios.c:305:42
	str.w	r1, [r5, #54]
	movw	r1, #1024
	movt	r1, #57491
	.loc	4 304 42                @ ../User/NetBIOS/netbios.c:304:42
	str.w	r1, [r5, #50]
	.loc	4 303 42                @ ../User/NetBIOS/netbios.c:303:42
	strh	r0, [r5, #48]
	.loc	4 310 13                @ ../User/NetBIOS/netbios.c:310:13
	mov	r1, r10
	.loc	4 307 13                @ ../User/NetBIOS/netbios.c:307:13
	ldr.w	r0, [r11]
	ldr	r0, [r0, #4]
	str.w	r0, [r5, #58]
	.loc	4 310 13                @ ../User/NetBIOS/netbios.c:310:13
	mov	r0, r6
	bl	udp_sendto
	.loc	4 313 13                @ ../User/NetBIOS/netbios.c:313:13
	mov	r0, r10
	bl	pbuf_free
.Ltmp43:
.LBB1_16:
	@DEBUG_VALUE: netbios_recv:p <- $r4
	.loc	4 319 5                 @ ../User/NetBIOS/netbios.c:319:5
	mov	r0, r4
	bl	pbuf_free
	add	sp, #20
	pop.w	{r4, r5, r6, r7, r8, r9, r10, r11, lr}
.Ltmp44:
.LBB1_17:
	.loc	4 321 1                 @ ../User/NetBIOS/netbios.c:321:1
	bx	lr
.Ltmp45:
	.p2align	2
@ %bb.18:
	.loc	4 0 1 is_stmt 0         @ ../User/NetBIOS/netbios.c:0:1
.LCPI1_0:
.L.str:
	.asciz	"HOTEL_CTRL\000"
.Lfunc_end1:
	.size	netbios_recv, .Lfunc_end1-netbios_recv
	.cfi_endproc
	.cantunwind
	.fnend
                                        @ -- End function
	.file	5 "F:\\SkyDrive\\OtvoreniProjekti\\HotelSaplast\\fw\\KontrolerHotela\\HC070318\\Project" "../Libraries/lwip-1.4.1/src/include\\lwip/udp.h"
	.section	.debug_str,"MS",%progbits,1
.Linfo_string0:
	.asciz	"Component: ARM Compiler 6.12 Tool: armclang [5d624a00]" @ string offset=0
.Linfo_string1:
	.asciz	"../User/NetBIOS\\netbios.c" @ string offset=55
.Linfo_string2:
	.asciz	"F:\\SkyDrive\\OtvoreniProjekti\\HotelSaplast\\fw\\KontrolerHotela\\HC070318\\Project" @ string offset=81
.Linfo_string3:
	.asciz	"unsigned char"         @ string offset=159
.Linfo_string4:
	.asciz	"PBUF_TRANSPORT"        @ string offset=173
.Linfo_string5:
	.asciz	"PBUF_IP"               @ string offset=188
.Linfo_string6:
	.asciz	"PBUF_LINK"             @ string offset=196
.Linfo_string7:
	.asciz	"PBUF_RAW"              @ string offset=206
.Linfo_string8:
	.asciz	"PBUF_RAM"              @ string offset=215
.Linfo_string9:
	.asciz	"PBUF_ROM"              @ string offset=224
.Linfo_string10:
	.asciz	"PBUF_REF"              @ string offset=233
.Linfo_string11:
	.asciz	"PBUF_POOL"             @ string offset=242
.Linfo_string12:
	.asciz	"addr"                  @ string offset=252
.Linfo_string13:
	.asciz	"long unsigned int"     @ string offset=257
.Linfo_string14:
	.asciz	"u32_t"                 @ string offset=275
.Linfo_string15:
	.asciz	"ip_addr"               @ string offset=281
.Linfo_string16:
	.asciz	"ip_addr_t"             @ string offset=289
.Linfo_string17:
	.asciz	"trans_id"              @ string offset=299
.Linfo_string18:
	.asciz	"unsigned short"        @ string offset=308
.Linfo_string19:
	.asciz	"u16_t"                 @ string offset=323
.Linfo_string20:
	.asciz	"flags"                 @ string offset=329
.Linfo_string21:
	.asciz	"questions"             @ string offset=335
.Linfo_string22:
	.asciz	"answerRRs"             @ string offset=345
.Linfo_string23:
	.asciz	"authorityRRs"          @ string offset=355
.Linfo_string24:
	.asciz	"additionalRRs"         @ string offset=368
.Linfo_string25:
	.asciz	"netbios_hdr"           @ string offset=382
.Linfo_string26:
	.asciz	"nametype"              @ string offset=394
.Linfo_string27:
	.asciz	"u8_t"                  @ string offset=403
.Linfo_string28:
	.asciz	"encname"               @ string offset=408
.Linfo_string29:
	.asciz	"__ARRAY_SIZE_TYPE__"   @ string offset=416
.Linfo_string30:
	.asciz	"type"                  @ string offset=436
.Linfo_string31:
	.asciz	"cls"                   @ string offset=441
.Linfo_string32:
	.asciz	"ttl"                   @ string offset=445
.Linfo_string33:
	.asciz	"datalen"               @ string offset=449
.Linfo_string34:
	.asciz	"ip_addr_packed"        @ string offset=457
.Linfo_string35:
	.asciz	"ip_addr_p_t"           @ string offset=472
.Linfo_string36:
	.asciz	"netbios_name_hdr"      @ string offset=484
.Linfo_string37:
	.asciz	"char"                  @ string offset=501
.Linfo_string38:
	.asciz	"resp_hdr"              @ string offset=506
.Linfo_string39:
	.asciz	"resp_name"             @ string offset=515
.Linfo_string40:
	.asciz	"netbios_resp"          @ string offset=525
.Linfo_string41:
	.asciz	"netbios_name_decoding" @ string offset=538
.Linfo_string42:
	.asciz	"int"                   @ string offset=560
.Linfo_string43:
	.asciz	"name_enc"              @ string offset=564
.Linfo_string44:
	.asciz	"name_dec"              @ string offset=573
.Linfo_string45:
	.asciz	"name_dec_len"          @ string offset=582
.Linfo_string46:
	.asciz	"pname"                 @ string offset=595
.Linfo_string47:
	.asciz	"index"                 @ string offset=601
.Linfo_string48:
	.asciz	"cname"                 @ string offset=607
.Linfo_string49:
	.asciz	"cnbname"               @ string offset=613
.Linfo_string50:
	.asciz	"netbios_init"          @ string offset=621
.Linfo_string51:
	.asciz	"netbios_recv"          @ string offset=634
.Linfo_string52:
	.asciz	"pcb"                   @ string offset=647
.Linfo_string53:
	.asciz	"local_ip"              @ string offset=651
.Linfo_string54:
	.asciz	"remote_ip"             @ string offset=660
.Linfo_string55:
	.asciz	"so_options"            @ string offset=670
.Linfo_string56:
	.asciz	"tos"                   @ string offset=681
.Linfo_string57:
	.asciz	"next"                  @ string offset=685
.Linfo_string58:
	.asciz	"local_port"            @ string offset=690
.Linfo_string59:
	.asciz	"remote_port"           @ string offset=701
.Linfo_string60:
	.asciz	"recv"                  @ string offset=713
.Linfo_string61:
	.asciz	"payload"               @ string offset=718
.Linfo_string62:
	.asciz	"tot_len"               @ string offset=726
.Linfo_string63:
	.asciz	"len"                   @ string offset=734
.Linfo_string64:
	.asciz	"ref"                   @ string offset=738
.Linfo_string65:
	.asciz	"pbuf"                  @ string offset=742
.Linfo_string66:
	.asciz	"udp_recv_fn"           @ string offset=747
.Linfo_string67:
	.asciz	"recv_arg"              @ string offset=759
.Linfo_string68:
	.asciz	"udp_pcb"               @ string offset=768
.Linfo_string69:
	.asciz	"netbios_name"          @ string offset=776
.Linfo_string70:
	.asciz	"arg"                   @ string offset=789
.Linfo_string71:
	.asciz	"upcb"                  @ string offset=793
.Linfo_string72:
	.asciz	"p"                     @ string offset=798
.Linfo_string73:
	.asciz	"port"                  @ string offset=800
.Linfo_string74:
	.asciz	"q"                     @ string offset=805
.Linfo_string75:
	.asciz	"resp"                  @ string offset=807
	.section	.debug_loc,"",%progbits
.Ldebug_loc0:
	.long	.Ltmp1
	.long	.Ltmp2
	.short	1                       @ Loc expr size
	.byte	84                      @ DW_OP_reg4
	.long	0
	.long	0
.Ldebug_loc1:
	.long	.Lfunc_begin1
	.long	.Ltmp8
	.short	1                       @ Loc expr size
	.byte	80                      @ DW_OP_reg0
	.long	0
	.long	0
.Ldebug_loc2:
	.long	.Lfunc_begin1
	.long	.Ltmp16
	.short	1                       @ Loc expr size
	.byte	81                      @ DW_OP_reg1
	.long	.Ltmp16
	.long	.Ltmp43
	.short	1                       @ Loc expr size
	.byte	86                      @ DW_OP_reg6
	.long	0
	.long	0
.Ldebug_loc3:
	.long	.Lfunc_begin1
	.long	.Ltmp7
	.short	1                       @ Loc expr size
	.byte	82                      @ DW_OP_reg2
	.long	.Ltmp7
	.long	.Ltmp44
	.short	1                       @ Loc expr size
	.byte	84                      @ DW_OP_reg4
	.long	0
	.long	0
.Ldebug_loc4:
	.long	.Lfunc_begin1
	.long	.Ltmp15
	.short	1                       @ Loc expr size
	.byte	83                      @ DW_OP_reg3
	.long	.Ltmp15
	.long	.Ltmp43
	.short	1                       @ Loc expr size
	.byte	88                      @ DW_OP_reg8
	.long	0
	.long	0
.Ldebug_loc5:
	.long	.Ltmp10
	.long	.Ltmp43
	.short	1                       @ Loc expr size
	.byte	87                      @ DW_OP_reg7
	.long	0
	.long	0
.Ldebug_loc6:
	.long	.Ltmp14
	.long	.Ltmp19
	.short	1                       @ Loc expr size
	.byte	80                      @ DW_OP_reg0
	.long	0
	.long	0
.Ldebug_loc7:
	.long	.Ltmp18
	.long	.Ltmp21
	.short	1                       @ Loc expr size
	.byte	89                      @ DW_OP_reg9
	.long	.Ltmp21
	.long	.Ltmp35
	.short	1                       @ Loc expr size
	.byte	83                      @ DW_OP_reg3
	.long	0
	.long	0
.Ldebug_loc8:
	.long	.Ltmp18
	.long	.Ltmp35
	.short	1                       @ Loc expr size
	.byte	89                      @ DW_OP_reg9
	.long	0
	.long	0
.Ldebug_loc9:
	.long	.Ltmp19
	.long	.Ltmp20
	.short	2                       @ Loc expr size
	.byte	17                      @ DW_OP_consts
	.byte	0                       @ 0
	.long	.Ltmp20
	.long	.Ltmp35
	.short	1                       @ Loc expr size
	.byte	80                      @ DW_OP_reg0
	.long	0
	.long	0
.Ldebug_loc10:
	.long	.Ltmp21
	.long	.Ltmp22
	.short	1                       @ Loc expr size
	.byte	81                      @ DW_OP_reg1
	.long	.Ltmp22
	.long	.Ltmp30
	.short	1                       @ Loc expr size
	.byte	82                      @ DW_OP_reg2
	.long	.Ltmp33
	.long	.Ltmp35
	.short	1                       @ Loc expr size
	.byte	81                      @ DW_OP_reg1
	.long	0
	.long	0
.Ldebug_loc11:
	.long	.Ltmp29
	.long	.Ltmp31
	.short	1                       @ Loc expr size
	.byte	81                      @ DW_OP_reg1
	.long	0
	.long	0
.Ldebug_loc12:
	.long	.Ltmp40
	.long	.Ltmp43
	.short	1                       @ Loc expr size
	.byte	90                      @ DW_OP_reg10
	.long	0
	.long	0
.Ldebug_loc13:
	.long	.Ltmp42
	.long	.Ltmp43
	.short	1                       @ Loc expr size
	.byte	85                      @ DW_OP_reg5
	.long	0
	.long	0
	.section	.debug_abbrev,"",%progbits
	.byte	1                       @ Abbreviation Code
	.byte	17                      @ DW_TAG_compile_unit
	.byte	1                       @ DW_CHILDREN_yes
	.byte	37                      @ DW_AT_producer
	.byte	14                      @ DW_FORM_strp
	.byte	19                      @ DW_AT_language
	.byte	5                       @ DW_FORM_data2
	.byte	3                       @ DW_AT_name
	.byte	14                      @ DW_FORM_strp
	.byte	16                      @ DW_AT_stmt_list
	.byte	6                       @ DW_FORM_data4
	.byte	27                      @ DW_AT_comp_dir
	.byte	14                      @ DW_FORM_strp
	.byte	17                      @ DW_AT_low_pc
	.byte	1                       @ DW_FORM_addr
	.byte	85                      @ DW_AT_ranges
	.byte	6                       @ DW_FORM_data4
	.byte	0                       @ EOM(1)
	.byte	0                       @ EOM(2)
	.byte	2                       @ Abbreviation Code
	.byte	4                       @ DW_TAG_enumeration_type
	.byte	1                       @ DW_CHILDREN_yes
	.byte	73                      @ DW_AT_type
	.byte	19                      @ DW_FORM_ref4
	.byte	11                      @ DW_AT_byte_size
	.byte	11                      @ DW_FORM_data1
	.byte	58                      @ DW_AT_decl_file
	.byte	11                      @ DW_FORM_data1
	.byte	59                      @ DW_AT_decl_line
	.byte	11                      @ DW_FORM_data1
	.byte	0                       @ EOM(1)
	.byte	0                       @ EOM(2)
	.byte	3                       @ Abbreviation Code
	.byte	40                      @ DW_TAG_enumerator
	.byte	0                       @ DW_CHILDREN_no
	.byte	3                       @ DW_AT_name
	.byte	14                      @ DW_FORM_strp
	.byte	28                      @ DW_AT_const_value
	.byte	15                      @ DW_FORM_udata
	.byte	0                       @ EOM(1)
	.byte	0                       @ EOM(2)
	.byte	4                       @ Abbreviation Code
	.byte	36                      @ DW_TAG_base_type
	.byte	0                       @ DW_CHILDREN_no
	.byte	3                       @ DW_AT_name
	.byte	14                      @ DW_FORM_strp
	.byte	62                      @ DW_AT_encoding
	.byte	11                      @ DW_FORM_data1
	.byte	11                      @ DW_AT_byte_size
	.byte	11                      @ DW_FORM_data1
	.byte	0                       @ EOM(1)
	.byte	0                       @ EOM(2)
	.byte	5                       @ Abbreviation Code
	.byte	15                      @ DW_TAG_pointer_type
	.byte	0                       @ DW_CHILDREN_no
	.byte	73                      @ DW_AT_type
	.byte	19                      @ DW_FORM_ref4
	.byte	0                       @ EOM(1)
	.byte	0                       @ EOM(2)
	.byte	6                       @ Abbreviation Code
	.byte	22                      @ DW_TAG_typedef
	.byte	0                       @ DW_CHILDREN_no
	.byte	73                      @ DW_AT_type
	.byte	19                      @ DW_FORM_ref4
	.byte	3                       @ DW_AT_name
	.byte	14                      @ DW_FORM_strp
	.byte	58                      @ DW_AT_decl_file
	.byte	11                      @ DW_FORM_data1
	.byte	59                      @ DW_AT_decl_line
	.byte	11                      @ DW_FORM_data1
	.byte	0                       @ EOM(1)
	.byte	0                       @ EOM(2)
	.byte	7                       @ Abbreviation Code
	.byte	19                      @ DW_TAG_structure_type
	.byte	1                       @ DW_CHILDREN_yes
	.byte	3                       @ DW_AT_name
	.byte	14                      @ DW_FORM_strp
	.byte	11                      @ DW_AT_byte_size
	.byte	11                      @ DW_FORM_data1
	.byte	58                      @ DW_AT_decl_file
	.byte	11                      @ DW_FORM_data1
	.byte	59                      @ DW_AT_decl_line
	.byte	11                      @ DW_FORM_data1
	.byte	0                       @ EOM(1)
	.byte	0                       @ EOM(2)
	.byte	8                       @ Abbreviation Code
	.byte	13                      @ DW_TAG_member
	.byte	0                       @ DW_CHILDREN_no
	.byte	3                       @ DW_AT_name
	.byte	14                      @ DW_FORM_strp
	.byte	73                      @ DW_AT_type
	.byte	19                      @ DW_FORM_ref4
	.byte	58                      @ DW_AT_decl_file
	.byte	11                      @ DW_FORM_data1
	.byte	59                      @ DW_AT_decl_line
	.byte	11                      @ DW_FORM_data1
	.byte	56                      @ DW_AT_data_member_location
	.byte	11                      @ DW_FORM_data1
	.byte	0                       @ EOM(1)
	.byte	0                       @ EOM(2)
	.byte	9                       @ Abbreviation Code
	.byte	1                       @ DW_TAG_array_type
	.byte	1                       @ DW_CHILDREN_yes
	.byte	73                      @ DW_AT_type
	.byte	19                      @ DW_FORM_ref4
	.byte	0                       @ EOM(1)
	.byte	0                       @ EOM(2)
	.byte	10                      @ Abbreviation Code
	.byte	33                      @ DW_TAG_subrange_type
	.byte	0                       @ DW_CHILDREN_no
	.byte	73                      @ DW_AT_type
	.byte	19                      @ DW_FORM_ref4
	.byte	55                      @ DW_AT_count
	.byte	11                      @ DW_FORM_data1
	.byte	0                       @ EOM(1)
	.byte	0                       @ EOM(2)
	.byte	11                      @ Abbreviation Code
	.byte	36                      @ DW_TAG_base_type
	.byte	0                       @ DW_CHILDREN_no
	.byte	3                       @ DW_AT_name
	.byte	14                      @ DW_FORM_strp
	.byte	11                      @ DW_AT_byte_size
	.byte	11                      @ DW_FORM_data1
	.byte	62                      @ DW_AT_encoding
	.byte	11                      @ DW_FORM_data1
	.byte	0                       @ EOM(1)
	.byte	0                       @ EOM(2)
	.byte	12                      @ Abbreviation Code
	.byte	46                      @ DW_TAG_subprogram
	.byte	1                       @ DW_CHILDREN_yes
	.byte	17                      @ DW_AT_low_pc
	.byte	1                       @ DW_FORM_addr
	.byte	18                      @ DW_AT_high_pc
	.byte	1                       @ DW_FORM_addr
	.byte	64                      @ DW_AT_frame_base
	.byte	10                      @ DW_FORM_block1
	.byte	3                       @ DW_AT_name
	.byte	14                      @ DW_FORM_strp
	.byte	58                      @ DW_AT_decl_file
	.byte	11                      @ DW_FORM_data1
	.byte	59                      @ DW_AT_decl_line
	.byte	5                       @ DW_FORM_data2
	.byte	39                      @ DW_AT_prototyped
	.byte	12                      @ DW_FORM_flag
	.byte	63                      @ DW_AT_external
	.byte	12                      @ DW_FORM_flag
	.byte	0                       @ EOM(1)
	.byte	0                       @ EOM(2)
	.byte	13                      @ Abbreviation Code
	.byte	52                      @ DW_TAG_variable
	.byte	0                       @ DW_CHILDREN_no
	.byte	2                       @ DW_AT_location
	.byte	6                       @ DW_FORM_data4
	.byte	3                       @ DW_AT_name
	.byte	14                      @ DW_FORM_strp
	.byte	58                      @ DW_AT_decl_file
	.byte	11                      @ DW_FORM_data1
	.byte	59                      @ DW_AT_decl_line
	.byte	5                       @ DW_FORM_data2
	.byte	73                      @ DW_AT_type
	.byte	19                      @ DW_FORM_ref4
	.byte	0                       @ EOM(1)
	.byte	0                       @ EOM(2)
	.byte	14                      @ Abbreviation Code
	.byte	46                      @ DW_TAG_subprogram
	.byte	1                       @ DW_CHILDREN_yes
	.byte	3                       @ DW_AT_name
	.byte	14                      @ DW_FORM_strp
	.byte	58                      @ DW_AT_decl_file
	.byte	11                      @ DW_FORM_data1
	.byte	59                      @ DW_AT_decl_line
	.byte	11                      @ DW_FORM_data1
	.byte	39                      @ DW_AT_prototyped
	.byte	12                      @ DW_FORM_flag
	.byte	73                      @ DW_AT_type
	.byte	19                      @ DW_FORM_ref4
	.byte	32                      @ DW_AT_inline
	.byte	11                      @ DW_FORM_data1
	.byte	0                       @ EOM(1)
	.byte	0                       @ EOM(2)
	.byte	15                      @ Abbreviation Code
	.byte	5                       @ DW_TAG_formal_parameter
	.byte	0                       @ DW_CHILDREN_no
	.byte	3                       @ DW_AT_name
	.byte	14                      @ DW_FORM_strp
	.byte	58                      @ DW_AT_decl_file
	.byte	11                      @ DW_FORM_data1
	.byte	59                      @ DW_AT_decl_line
	.byte	11                      @ DW_FORM_data1
	.byte	73                      @ DW_AT_type
	.byte	19                      @ DW_FORM_ref4
	.byte	0                       @ EOM(1)
	.byte	0                       @ EOM(2)
	.byte	16                      @ Abbreviation Code
	.byte	52                      @ DW_TAG_variable
	.byte	0                       @ DW_CHILDREN_no
	.byte	3                       @ DW_AT_name
	.byte	14                      @ DW_FORM_strp
	.byte	58                      @ DW_AT_decl_file
	.byte	11                      @ DW_FORM_data1
	.byte	59                      @ DW_AT_decl_line
	.byte	11                      @ DW_FORM_data1
	.byte	73                      @ DW_AT_type
	.byte	19                      @ DW_FORM_ref4
	.byte	0                       @ EOM(1)
	.byte	0                       @ EOM(2)
	.byte	17                      @ Abbreviation Code
	.byte	46                      @ DW_TAG_subprogram
	.byte	1                       @ DW_CHILDREN_yes
	.byte	17                      @ DW_AT_low_pc
	.byte	1                       @ DW_FORM_addr
	.byte	18                      @ DW_AT_high_pc
	.byte	1                       @ DW_FORM_addr
	.byte	64                      @ DW_AT_frame_base
	.byte	10                      @ DW_FORM_block1
	.byte	3                       @ DW_AT_name
	.byte	14                      @ DW_FORM_strp
	.byte	58                      @ DW_AT_decl_file
	.byte	11                      @ DW_FORM_data1
	.byte	59                      @ DW_AT_decl_line
	.byte	5                       @ DW_FORM_data2
	.byte	39                      @ DW_AT_prototyped
	.byte	12                      @ DW_FORM_flag
	.byte	0                       @ EOM(1)
	.byte	0                       @ EOM(2)
	.byte	18                      @ Abbreviation Code
	.byte	5                       @ DW_TAG_formal_parameter
	.byte	0                       @ DW_CHILDREN_no
	.byte	2                       @ DW_AT_location
	.byte	6                       @ DW_FORM_data4
	.byte	3                       @ DW_AT_name
	.byte	14                      @ DW_FORM_strp
	.byte	58                      @ DW_AT_decl_file
	.byte	11                      @ DW_FORM_data1
	.byte	59                      @ DW_AT_decl_line
	.byte	5                       @ DW_FORM_data2
	.byte	73                      @ DW_AT_type
	.byte	19                      @ DW_FORM_ref4
	.byte	0                       @ EOM(1)
	.byte	0                       @ EOM(2)
	.byte	19                      @ Abbreviation Code
	.byte	5                       @ DW_TAG_formal_parameter
	.byte	0                       @ DW_CHILDREN_no
	.byte	3                       @ DW_AT_name
	.byte	14                      @ DW_FORM_strp
	.byte	58                      @ DW_AT_decl_file
	.byte	11                      @ DW_FORM_data1
	.byte	59                      @ DW_AT_decl_line
	.byte	5                       @ DW_FORM_data2
	.byte	73                      @ DW_AT_type
	.byte	19                      @ DW_FORM_ref4
	.byte	0                       @ EOM(1)
	.byte	0                       @ EOM(2)
	.byte	20                      @ Abbreviation Code
	.byte	11                      @ DW_TAG_lexical_block
	.byte	1                       @ DW_CHILDREN_yes
	.byte	17                      @ DW_AT_low_pc
	.byte	1                       @ DW_FORM_addr
	.byte	18                      @ DW_AT_high_pc
	.byte	1                       @ DW_FORM_addr
	.byte	0                       @ EOM(1)
	.byte	0                       @ EOM(2)
	.byte	21                      @ Abbreviation Code
	.byte	52                      @ DW_TAG_variable
	.byte	0                       @ DW_CHILDREN_no
	.byte	2                       @ DW_AT_location
	.byte	10                      @ DW_FORM_block1
	.byte	3                       @ DW_AT_name
	.byte	14                      @ DW_FORM_strp
	.byte	58                      @ DW_AT_decl_file
	.byte	11                      @ DW_FORM_data1
	.byte	59                      @ DW_AT_decl_line
	.byte	5                       @ DW_FORM_data2
	.byte	73                      @ DW_AT_type
	.byte	19                      @ DW_FORM_ref4
	.byte	0                       @ EOM(1)
	.byte	0                       @ EOM(2)
	.byte	22                      @ Abbreviation Code
	.byte	29                      @ DW_TAG_inlined_subroutine
	.byte	1                       @ DW_CHILDREN_yes
	.byte	49                      @ DW_AT_abstract_origin
	.byte	19                      @ DW_FORM_ref4
	.byte	17                      @ DW_AT_low_pc
	.byte	1                       @ DW_FORM_addr
	.byte	18                      @ DW_AT_high_pc
	.byte	1                       @ DW_FORM_addr
	.byte	88                      @ DW_AT_call_file
	.byte	11                      @ DW_FORM_data1
	.byte	89                      @ DW_AT_call_line
	.byte	5                       @ DW_FORM_data2
	.byte	0                       @ EOM(1)
	.byte	0                       @ EOM(2)
	.byte	23                      @ Abbreviation Code
	.byte	5                       @ DW_TAG_formal_parameter
	.byte	0                       @ DW_CHILDREN_no
	.byte	2                       @ DW_AT_location
	.byte	6                       @ DW_FORM_data4
	.byte	49                      @ DW_AT_abstract_origin
	.byte	19                      @ DW_FORM_ref4
	.byte	0                       @ EOM(1)
	.byte	0                       @ EOM(2)
	.byte	24                      @ Abbreviation Code
	.byte	5                       @ DW_TAG_formal_parameter
	.byte	0                       @ DW_CHILDREN_no
	.byte	49                      @ DW_AT_abstract_origin
	.byte	19                      @ DW_FORM_ref4
	.byte	0                       @ EOM(1)
	.byte	0                       @ EOM(2)
	.byte	25                      @ Abbreviation Code
	.byte	52                      @ DW_TAG_variable
	.byte	0                       @ DW_CHILDREN_no
	.byte	2                       @ DW_AT_location
	.byte	6                       @ DW_FORM_data4
	.byte	49                      @ DW_AT_abstract_origin
	.byte	19                      @ DW_FORM_ref4
	.byte	0                       @ EOM(1)
	.byte	0                       @ EOM(2)
	.byte	26                      @ Abbreviation Code
	.byte	21                      @ DW_TAG_subroutine_type
	.byte	1                       @ DW_CHILDREN_yes
	.byte	39                      @ DW_AT_prototyped
	.byte	12                      @ DW_FORM_flag
	.byte	0                       @ EOM(1)
	.byte	0                       @ EOM(2)
	.byte	27                      @ Abbreviation Code
	.byte	5                       @ DW_TAG_formal_parameter
	.byte	0                       @ DW_CHILDREN_no
	.byte	73                      @ DW_AT_type
	.byte	19                      @ DW_FORM_ref4
	.byte	0                       @ EOM(1)
	.byte	0                       @ EOM(2)
	.byte	28                      @ Abbreviation Code
	.byte	15                      @ DW_TAG_pointer_type
	.byte	0                       @ DW_CHILDREN_no
	.byte	0                       @ EOM(1)
	.byte	0                       @ EOM(2)
	.byte	0                       @ EOM(3)
	.section	.debug_info,"",%progbits
.Lcu_begin0:
	.long	.Ldebug_info_end0-.Ldebug_info_start0 @ Length of Unit
.Ldebug_info_start0:
	.short	3                       @ DWARF version number
	.long	.debug_abbrev           @ Offset Into Abbrev. Section
	.byte	4                       @ Address Size (in bytes)
	.byte	1                       @ Abbrev [1] 0xb:0x4a1 DW_TAG_compile_unit
	.long	.Linfo_string0          @ DW_AT_producer
	.short	12                      @ DW_AT_language
	.long	.Linfo_string1          @ DW_AT_name
	.long	.Lline_table_start0     @ DW_AT_stmt_list
	.long	.Linfo_string2          @ DW_AT_comp_dir
	.long	0                       @ DW_AT_low_pc
	.long	.Ldebug_ranges0         @ DW_AT_ranges
	.byte	2                       @ Abbrev [2] 0x26:0x21 DW_TAG_enumeration_type
	.long	71                      @ DW_AT_type
	.byte	1                       @ DW_AT_byte_size
	.byte	1                       @ DW_AT_decl_file
	.byte	50                      @ DW_AT_decl_line
	.byte	3                       @ Abbrev [3] 0x2e:0x6 DW_TAG_enumerator
	.long	.Linfo_string4          @ DW_AT_name
	.byte	0                       @ DW_AT_const_value
	.byte	3                       @ Abbrev [3] 0x34:0x6 DW_TAG_enumerator
	.long	.Linfo_string5          @ DW_AT_name
	.byte	1                       @ DW_AT_const_value
	.byte	3                       @ Abbrev [3] 0x3a:0x6 DW_TAG_enumerator
	.long	.Linfo_string6          @ DW_AT_name
	.byte	2                       @ DW_AT_const_value
	.byte	3                       @ Abbrev [3] 0x40:0x6 DW_TAG_enumerator
	.long	.Linfo_string7          @ DW_AT_name
	.byte	3                       @ DW_AT_const_value
	.byte	0                       @ End Of Children Mark
	.byte	4                       @ Abbrev [4] 0x47:0x7 DW_TAG_base_type
	.long	.Linfo_string3          @ DW_AT_name
	.byte	8                       @ DW_AT_encoding
	.byte	1                       @ DW_AT_byte_size
	.byte	2                       @ Abbrev [2] 0x4e:0x21 DW_TAG_enumeration_type
	.long	71                      @ DW_AT_type
	.byte	1                       @ DW_AT_byte_size
	.byte	1                       @ DW_AT_decl_file
	.byte	57                      @ DW_AT_decl_line
	.byte	3                       @ Abbrev [3] 0x56:0x6 DW_TAG_enumerator
	.long	.Linfo_string8          @ DW_AT_name
	.byte	0                       @ DW_AT_const_value
	.byte	3                       @ Abbrev [3] 0x5c:0x6 DW_TAG_enumerator
	.long	.Linfo_string9          @ DW_AT_name
	.byte	1                       @ DW_AT_const_value
	.byte	3                       @ Abbrev [3] 0x62:0x6 DW_TAG_enumerator
	.long	.Linfo_string10         @ DW_AT_name
	.byte	2                       @ DW_AT_const_value
	.byte	3                       @ Abbrev [3] 0x68:0x6 DW_TAG_enumerator
	.long	.Linfo_string11         @ DW_AT_name
	.byte	3                       @ DW_AT_const_value
	.byte	0                       @ End Of Children Mark
	.byte	5                       @ Abbrev [5] 0x6f:0x5 DW_TAG_pointer_type
	.long	116                     @ DW_AT_type
	.byte	6                       @ Abbrev [6] 0x74:0xb DW_TAG_typedef
	.long	127                     @ DW_AT_type
	.long	.Linfo_string16         @ DW_AT_name
	.byte	3                       @ DW_AT_decl_file
	.byte	64                      @ DW_AT_decl_line
	.byte	7                       @ Abbrev [7] 0x7f:0x15 DW_TAG_structure_type
	.long	.Linfo_string15         @ DW_AT_name
	.byte	4                       @ DW_AT_byte_size
	.byte	3                       @ DW_AT_decl_file
	.byte	44                      @ DW_AT_decl_line
	.byte	8                       @ Abbrev [8] 0x87:0xc DW_TAG_member
	.long	.Linfo_string12         @ DW_AT_name
	.long	148                     @ DW_AT_type
	.byte	3                       @ DW_AT_decl_file
	.byte	45                      @ DW_AT_decl_line
	.byte	0                       @ DW_AT_data_member_location
	.byte	0                       @ End Of Children Mark
	.byte	6                       @ Abbrev [6] 0x94:0xb DW_TAG_typedef
	.long	159                     @ DW_AT_type
	.long	.Linfo_string14         @ DW_AT_name
	.byte	2                       @ DW_AT_decl_file
	.byte	41                      @ DW_AT_decl_line
	.byte	4                       @ Abbrev [4] 0x9f:0x7 DW_TAG_base_type
	.long	.Linfo_string13         @ DW_AT_name
	.byte	7                       @ DW_AT_encoding
	.byte	4                       @ DW_AT_byte_size
	.byte	5                       @ Abbrev [5] 0xa6:0x5 DW_TAG_pointer_type
	.long	171                     @ DW_AT_type
	.byte	7                       @ Abbrev [7] 0xab:0x51 DW_TAG_structure_type
	.long	.Linfo_string25         @ DW_AT_name
	.byte	12                      @ DW_AT_byte_size
	.byte	4                       @ DW_AT_decl_file
	.byte	106                     @ DW_AT_decl_line
	.byte	8                       @ Abbrev [8] 0xb3:0xc DW_TAG_member
	.long	.Linfo_string17         @ DW_AT_name
	.long	252                     @ DW_AT_type
	.byte	4                       @ DW_AT_decl_file
	.byte	107                     @ DW_AT_decl_line
	.byte	0                       @ DW_AT_data_member_location
	.byte	8                       @ Abbrev [8] 0xbf:0xc DW_TAG_member
	.long	.Linfo_string20         @ DW_AT_name
	.long	252                     @ DW_AT_type
	.byte	4                       @ DW_AT_decl_file
	.byte	108                     @ DW_AT_decl_line
	.byte	2                       @ DW_AT_data_member_location
	.byte	8                       @ Abbrev [8] 0xcb:0xc DW_TAG_member
	.long	.Linfo_string21         @ DW_AT_name
	.long	252                     @ DW_AT_type
	.byte	4                       @ DW_AT_decl_file
	.byte	109                     @ DW_AT_decl_line
	.byte	4                       @ DW_AT_data_member_location
	.byte	8                       @ Abbrev [8] 0xd7:0xc DW_TAG_member
	.long	.Linfo_string22         @ DW_AT_name
	.long	252                     @ DW_AT_type
	.byte	4                       @ DW_AT_decl_file
	.byte	110                     @ DW_AT_decl_line
	.byte	6                       @ DW_AT_data_member_location
	.byte	8                       @ Abbrev [8] 0xe3:0xc DW_TAG_member
	.long	.Linfo_string23         @ DW_AT_name
	.long	252                     @ DW_AT_type
	.byte	4                       @ DW_AT_decl_file
	.byte	111                     @ DW_AT_decl_line
	.byte	8                       @ DW_AT_data_member_location
	.byte	8                       @ Abbrev [8] 0xef:0xc DW_TAG_member
	.long	.Linfo_string24         @ DW_AT_name
	.long	252                     @ DW_AT_type
	.byte	4                       @ DW_AT_decl_file
	.byte	112                     @ DW_AT_decl_line
	.byte	10                      @ DW_AT_data_member_location
	.byte	0                       @ End Of Children Mark
	.byte	6                       @ Abbrev [6] 0xfc:0xb DW_TAG_typedef
	.long	263                     @ DW_AT_type
	.long	.Linfo_string19         @ DW_AT_name
	.byte	2                       @ DW_AT_decl_file
	.byte	39                      @ DW_AT_decl_line
	.byte	4                       @ Abbrev [4] 0x107:0x7 DW_TAG_base_type
	.long	.Linfo_string18         @ DW_AT_name
	.byte	7                       @ DW_AT_encoding
	.byte	2                       @ DW_AT_byte_size
	.byte	5                       @ Abbrev [5] 0x10e:0x5 DW_TAG_pointer_type
	.long	275                     @ DW_AT_type
	.byte	7                       @ Abbrev [7] 0x113:0x69 DW_TAG_structure_type
	.long	.Linfo_string36         @ DW_AT_name
	.byte	50                      @ DW_AT_byte_size
	.byte	4                       @ DW_AT_decl_file
	.byte	124                     @ DW_AT_decl_line
	.byte	8                       @ Abbrev [8] 0x11b:0xc DW_TAG_member
	.long	.Linfo_string26         @ DW_AT_name
	.long	380                     @ DW_AT_type
	.byte	4                       @ DW_AT_decl_file
	.byte	125                     @ DW_AT_decl_line
	.byte	0                       @ DW_AT_data_member_location
	.byte	8                       @ Abbrev [8] 0x127:0xc DW_TAG_member
	.long	.Linfo_string28         @ DW_AT_name
	.long	391                     @ DW_AT_type
	.byte	4                       @ DW_AT_decl_file
	.byte	126                     @ DW_AT_decl_line
	.byte	1                       @ DW_AT_data_member_location
	.byte	8                       @ Abbrev [8] 0x133:0xc DW_TAG_member
	.long	.Linfo_string30         @ DW_AT_name
	.long	252                     @ DW_AT_type
	.byte	4                       @ DW_AT_decl_file
	.byte	127                     @ DW_AT_decl_line
	.byte	34                      @ DW_AT_data_member_location
	.byte	8                       @ Abbrev [8] 0x13f:0xc DW_TAG_member
	.long	.Linfo_string31         @ DW_AT_name
	.long	252                     @ DW_AT_type
	.byte	4                       @ DW_AT_decl_file
	.byte	128                     @ DW_AT_decl_line
	.byte	36                      @ DW_AT_data_member_location
	.byte	8                       @ Abbrev [8] 0x14b:0xc DW_TAG_member
	.long	.Linfo_string32         @ DW_AT_name
	.long	148                     @ DW_AT_type
	.byte	4                       @ DW_AT_decl_file
	.byte	129                     @ DW_AT_decl_line
	.byte	38                      @ DW_AT_data_member_location
	.byte	8                       @ Abbrev [8] 0x157:0xc DW_TAG_member
	.long	.Linfo_string33         @ DW_AT_name
	.long	252                     @ DW_AT_type
	.byte	4                       @ DW_AT_decl_file
	.byte	130                     @ DW_AT_decl_line
	.byte	42                      @ DW_AT_data_member_location
	.byte	8                       @ Abbrev [8] 0x163:0xc DW_TAG_member
	.long	.Linfo_string20         @ DW_AT_name
	.long	252                     @ DW_AT_type
	.byte	4                       @ DW_AT_decl_file
	.byte	131                     @ DW_AT_decl_line
	.byte	44                      @ DW_AT_data_member_location
	.byte	8                       @ Abbrev [8] 0x16f:0xc DW_TAG_member
	.long	.Linfo_string12         @ DW_AT_name
	.long	410                     @ DW_AT_type
	.byte	4                       @ DW_AT_decl_file
	.byte	132                     @ DW_AT_decl_line
	.byte	46                      @ DW_AT_data_member_location
	.byte	0                       @ End Of Children Mark
	.byte	6                       @ Abbrev [6] 0x17c:0xb DW_TAG_typedef
	.long	71                      @ DW_AT_type
	.long	.Linfo_string27         @ DW_AT_name
	.byte	2                       @ DW_AT_decl_file
	.byte	37                      @ DW_AT_decl_line
	.byte	9                       @ Abbrev [9] 0x187:0xc DW_TAG_array_type
	.long	380                     @ DW_AT_type
	.byte	10                      @ Abbrev [10] 0x18c:0x6 DW_TAG_subrange_type
	.long	403                     @ DW_AT_type
	.byte	33                      @ DW_AT_count
	.byte	0                       @ End Of Children Mark
	.byte	11                      @ Abbrev [11] 0x193:0x7 DW_TAG_base_type
	.long	.Linfo_string29         @ DW_AT_name
	.byte	8                       @ DW_AT_byte_size
	.byte	7                       @ DW_AT_encoding
	.byte	6                       @ Abbrev [6] 0x19a:0xb DW_TAG_typedef
	.long	421                     @ DW_AT_type
	.long	.Linfo_string35         @ DW_AT_name
	.byte	3                       @ DW_AT_decl_file
	.byte	65                      @ DW_AT_decl_line
	.byte	7                       @ Abbrev [7] 0x1a5:0x15 DW_TAG_structure_type
	.long	.Linfo_string34         @ DW_AT_name
	.byte	4                       @ DW_AT_byte_size
	.byte	3                       @ DW_AT_decl_file
	.byte	54                      @ DW_AT_decl_line
	.byte	8                       @ Abbrev [8] 0x1ad:0xc DW_TAG_member
	.long	.Linfo_string12         @ DW_AT_name
	.long	148                     @ DW_AT_type
	.byte	3                       @ DW_AT_decl_file
	.byte	55                      @ DW_AT_decl_line
	.byte	0                       @ DW_AT_data_member_location
	.byte	0                       @ End Of Children Mark
	.byte	5                       @ Abbrev [5] 0x1ba:0x5 DW_TAG_pointer_type
	.long	447                     @ DW_AT_type
	.byte	4                       @ Abbrev [4] 0x1bf:0x7 DW_TAG_base_type
	.long	.Linfo_string37         @ DW_AT_name
	.byte	8                       @ DW_AT_encoding
	.byte	1                       @ DW_AT_byte_size
	.byte	5                       @ Abbrev [5] 0x1c6:0x5 DW_TAG_pointer_type
	.long	459                     @ DW_AT_type
	.byte	7                       @ Abbrev [7] 0x1cb:0x21 DW_TAG_structure_type
	.long	.Linfo_string40         @ DW_AT_name
	.byte	62                      @ DW_AT_byte_size
	.byte	4                       @ DW_AT_decl_file
	.byte	144                     @ DW_AT_decl_line
	.byte	8                       @ Abbrev [8] 0x1d3:0xc DW_TAG_member
	.long	.Linfo_string38         @ DW_AT_name
	.long	171                     @ DW_AT_type
	.byte	4                       @ DW_AT_decl_file
	.byte	146                     @ DW_AT_decl_line
	.byte	0                       @ DW_AT_data_member_location
	.byte	8                       @ Abbrev [8] 0x1df:0xc DW_TAG_member
	.long	.Linfo_string39         @ DW_AT_name
	.long	275                     @ DW_AT_type
	.byte	4                       @ DW_AT_decl_file
	.byte	147                     @ DW_AT_decl_line
	.byte	12                      @ DW_AT_data_member_location
	.byte	0                       @ End Of Children Mark
	.byte	12                      @ Abbrev [12] 0x1ec:0x25 DW_TAG_subprogram
	.long	.Lfunc_begin0           @ DW_AT_low_pc
	.long	.Lfunc_end0             @ DW_AT_high_pc
	.byte	1                       @ DW_AT_frame_base
	.byte	93
	.long	.Linfo_string50         @ DW_AT_name
	.byte	4                       @ DW_AT_decl_file
	.short	323                     @ DW_AT_decl_line
	.byte	1                       @ DW_AT_prototyped
	.byte	1                       @ DW_AT_external
	.byte	13                      @ Abbrev [13] 0x200:0x10 DW_TAG_variable
	.long	.Ldebug_loc0            @ DW_AT_location
	.long	.Linfo_string52         @ DW_AT_name
	.byte	4                       @ DW_AT_decl_file
	.short	325                     @ DW_AT_decl_line
	.long	894                     @ DW_AT_type
	.byte	0                       @ End Of Children Mark
	.byte	14                      @ Abbrev [14] 0x211:0x5b DW_TAG_subprogram
	.long	.Linfo_string41         @ DW_AT_name
	.byte	4                       @ DW_AT_decl_file
	.byte	156                     @ DW_AT_decl_line
	.byte	1                       @ DW_AT_prototyped
	.long	620                     @ DW_AT_type
	.byte	1                       @ DW_AT_inline
	.byte	15                      @ Abbrev [15] 0x21e:0xb DW_TAG_formal_parameter
	.long	.Linfo_string43         @ DW_AT_name
	.byte	4                       @ DW_AT_decl_file
	.byte	156                     @ DW_AT_decl_line
	.long	442                     @ DW_AT_type
	.byte	15                      @ Abbrev [15] 0x229:0xb DW_TAG_formal_parameter
	.long	.Linfo_string44         @ DW_AT_name
	.byte	4                       @ DW_AT_decl_file
	.byte	156                     @ DW_AT_decl_line
	.long	442                     @ DW_AT_type
	.byte	15                      @ Abbrev [15] 0x234:0xb DW_TAG_formal_parameter
	.long	.Linfo_string45         @ DW_AT_name
	.byte	4                       @ DW_AT_decl_file
	.byte	156                     @ DW_AT_decl_line
	.long	620                     @ DW_AT_type
	.byte	16                      @ Abbrev [16] 0x23f:0xb DW_TAG_variable
	.long	.Linfo_string46         @ DW_AT_name
	.byte	4                       @ DW_AT_decl_file
	.byte	158                     @ DW_AT_decl_line
	.long	442                     @ DW_AT_type
	.byte	16                      @ Abbrev [16] 0x24a:0xb DW_TAG_variable
	.long	.Linfo_string47         @ DW_AT_name
	.byte	4                       @ DW_AT_decl_file
	.byte	161                     @ DW_AT_decl_line
	.long	620                     @ DW_AT_type
	.byte	16                      @ Abbrev [16] 0x255:0xb DW_TAG_variable
	.long	.Linfo_string48         @ DW_AT_name
	.byte	4                       @ DW_AT_decl_file
	.byte	159                     @ DW_AT_decl_line
	.long	447                     @ DW_AT_type
	.byte	16                      @ Abbrev [16] 0x260:0xb DW_TAG_variable
	.long	.Linfo_string49         @ DW_AT_name
	.byte	4                       @ DW_AT_decl_file
	.byte	160                     @ DW_AT_decl_line
	.long	447                     @ DW_AT_type
	.byte	0                       @ End Of Children Mark
	.byte	4                       @ Abbrev [4] 0x26c:0x7 DW_TAG_base_type
	.long	.Linfo_string42         @ DW_AT_name
	.byte	5                       @ DW_AT_encoding
	.byte	4                       @ DW_AT_byte_size
	.byte	17                      @ Abbrev [17] 0x273:0x10b DW_TAG_subprogram
	.long	.Lfunc_begin1           @ DW_AT_low_pc
	.long	.Lfunc_end1             @ DW_AT_high_pc
	.byte	1                       @ DW_AT_frame_base
	.byte	93
	.long	.Linfo_string51         @ DW_AT_name
	.byte	4                       @ DW_AT_decl_file
	.short	260                     @ DW_AT_decl_line
	.byte	1                       @ DW_AT_prototyped
	.byte	18                      @ Abbrev [18] 0x286:0x10 DW_TAG_formal_parameter
	.long	.Ldebug_loc1            @ DW_AT_location
	.long	.Linfo_string70         @ DW_AT_name
	.byte	4                       @ DW_AT_decl_file
	.short	260                     @ DW_AT_decl_line
	.long	1084                    @ DW_AT_type
	.byte	18                      @ Abbrev [18] 0x296:0x10 DW_TAG_formal_parameter
	.long	.Ldebug_loc2            @ DW_AT_location
	.long	.Linfo_string71         @ DW_AT_name
	.byte	4                       @ DW_AT_decl_file
	.short	260                     @ DW_AT_decl_line
	.long	894                     @ DW_AT_type
	.byte	18                      @ Abbrev [18] 0x2a6:0x10 DW_TAG_formal_parameter
	.long	.Ldebug_loc3            @ DW_AT_location
	.long	.Linfo_string72         @ DW_AT_name
	.byte	4                       @ DW_AT_decl_file
	.short	260                     @ DW_AT_decl_line
	.long	1085                    @ DW_AT_type
	.byte	18                      @ Abbrev [18] 0x2b6:0x10 DW_TAG_formal_parameter
	.long	.Ldebug_loc4            @ DW_AT_location
	.long	.Linfo_string12         @ DW_AT_name
	.byte	4                       @ DW_AT_decl_file
	.short	260                     @ DW_AT_decl_line
	.long	111                     @ DW_AT_type
	.byte	19                      @ Abbrev [19] 0x2c6:0xc DW_TAG_formal_parameter
	.long	.Linfo_string73         @ DW_AT_name
	.byte	4                       @ DW_AT_decl_file
	.short	260                     @ DW_AT_decl_line
	.long	252                     @ DW_AT_type
	.byte	20                      @ Abbrev [20] 0x2d2:0xab DW_TAG_lexical_block
	.long	.Ltmp6                  @ DW_AT_low_pc
	.long	.Ltmp44                 @ DW_AT_high_pc
	.byte	21                      @ Abbrev [21] 0x2db:0xf DW_TAG_variable
	.byte	2                       @ DW_AT_location
	.byte	145
	.byte	3
	.long	.Linfo_string69         @ DW_AT_name
	.byte	4                       @ DW_AT_decl_file
	.short	266                     @ DW_AT_decl_line
	.long	1183                    @ DW_AT_type
	.byte	13                      @ Abbrev [13] 0x2ea:0x10 DW_TAG_variable
	.long	.Ldebug_loc5            @ DW_AT_location
	.long	.Linfo_string25         @ DW_AT_name
	.byte	4                       @ DW_AT_decl_file
	.short	267                     @ DW_AT_decl_line
	.long	166                     @ DW_AT_type
	.byte	13                      @ Abbrev [13] 0x2fa:0x10 DW_TAG_variable
	.long	.Ldebug_loc6            @ DW_AT_location
	.long	.Linfo_string36         @ DW_AT_name
	.byte	4                       @ DW_AT_decl_file
	.short	268                     @ DW_AT_decl_line
	.long	270                     @ DW_AT_type
	.byte	22                      @ Abbrev [22] 0x30a:0x48 DW_TAG_inlined_subroutine
	.long	529                     @ DW_AT_abstract_origin
	.long	.Ltmp21                 @ DW_AT_low_pc
	.long	.Ltmp35                 @ DW_AT_high_pc
	.byte	4                       @ DW_AT_call_file
	.short	278                     @ DW_AT_call_line
	.byte	23                      @ Abbrev [23] 0x31a:0x9 DW_TAG_formal_parameter
	.long	.Ldebug_loc8            @ DW_AT_location
	.long	542                     @ DW_AT_abstract_origin
	.byte	24                      @ Abbrev [24] 0x323:0x5 DW_TAG_formal_parameter
	.long	553                     @ DW_AT_abstract_origin
	.byte	24                      @ Abbrev [24] 0x328:0x5 DW_TAG_formal_parameter
	.long	564                     @ DW_AT_abstract_origin
	.byte	25                      @ Abbrev [25] 0x32d:0x9 DW_TAG_variable
	.long	.Ldebug_loc7            @ DW_AT_location
	.long	575                     @ DW_AT_abstract_origin
	.byte	25                      @ Abbrev [25] 0x336:0x9 DW_TAG_variable
	.long	.Ldebug_loc9            @ DW_AT_location
	.long	586                     @ DW_AT_abstract_origin
	.byte	25                      @ Abbrev [25] 0x33f:0x9 DW_TAG_variable
	.long	.Ldebug_loc10           @ DW_AT_location
	.long	597                     @ DW_AT_abstract_origin
	.byte	25                      @ Abbrev [25] 0x348:0x9 DW_TAG_variable
	.long	.Ldebug_loc11           @ DW_AT_location
	.long	608                     @ DW_AT_abstract_origin
	.byte	0                       @ End Of Children Mark
	.byte	20                      @ Abbrev [20] 0x352:0x2a DW_TAG_lexical_block
	.long	.Ltmp38                 @ DW_AT_low_pc
	.long	.Ltmp43                 @ DW_AT_high_pc
	.byte	13                      @ Abbrev [13] 0x35b:0x10 DW_TAG_variable
	.long	.Ldebug_loc12           @ DW_AT_location
	.long	.Linfo_string74         @ DW_AT_name
	.byte	4                       @ DW_AT_decl_file
	.short	281                     @ DW_AT_decl_line
	.long	1085                    @ DW_AT_type
	.byte	13                      @ Abbrev [13] 0x36b:0x10 DW_TAG_variable
	.long	.Ldebug_loc13           @ DW_AT_location
	.long	.Linfo_string75         @ DW_AT_name
	.byte	4                       @ DW_AT_decl_file
	.short	282                     @ DW_AT_decl_line
	.long	454                     @ DW_AT_type
	.byte	0                       @ End Of Children Mark
	.byte	0                       @ End Of Children Mark
	.byte	0                       @ End Of Children Mark
	.byte	5                       @ Abbrev [5] 0x37e:0x5 DW_TAG_pointer_type
	.long	899                     @ DW_AT_type
	.byte	7                       @ Abbrev [7] 0x383:0x8d DW_TAG_structure_type
	.long	.Linfo_string68         @ DW_AT_name
	.byte	32                      @ DW_AT_byte_size
	.byte	5                       @ DW_AT_decl_file
	.byte	91                      @ DW_AT_decl_line
	.byte	8                       @ Abbrev [8] 0x38b:0xc DW_TAG_member
	.long	.Linfo_string53         @ DW_AT_name
	.long	116                     @ DW_AT_type
	.byte	5                       @ DW_AT_decl_file
	.byte	93                      @ DW_AT_decl_line
	.byte	0                       @ DW_AT_data_member_location
	.byte	8                       @ Abbrev [8] 0x397:0xc DW_TAG_member
	.long	.Linfo_string54         @ DW_AT_name
	.long	116                     @ DW_AT_type
	.byte	5                       @ DW_AT_decl_file
	.byte	93                      @ DW_AT_decl_line
	.byte	4                       @ DW_AT_data_member_location
	.byte	8                       @ Abbrev [8] 0x3a3:0xc DW_TAG_member
	.long	.Linfo_string55         @ DW_AT_name
	.long	380                     @ DW_AT_type
	.byte	5                       @ DW_AT_decl_file
	.byte	93                      @ DW_AT_decl_line
	.byte	8                       @ DW_AT_data_member_location
	.byte	8                       @ Abbrev [8] 0x3af:0xc DW_TAG_member
	.long	.Linfo_string56         @ DW_AT_name
	.long	380                     @ DW_AT_type
	.byte	5                       @ DW_AT_decl_file
	.byte	93                      @ DW_AT_decl_line
	.byte	9                       @ DW_AT_data_member_location
	.byte	8                       @ Abbrev [8] 0x3bb:0xc DW_TAG_member
	.long	.Linfo_string32         @ DW_AT_name
	.long	380                     @ DW_AT_type
	.byte	5                       @ DW_AT_decl_file
	.byte	93                      @ DW_AT_decl_line
	.byte	10                      @ DW_AT_data_member_location
	.byte	8                       @ Abbrev [8] 0x3c7:0xc DW_TAG_member
	.long	.Linfo_string57         @ DW_AT_name
	.long	894                     @ DW_AT_type
	.byte	5                       @ DW_AT_decl_file
	.byte	97                      @ DW_AT_decl_line
	.byte	12                      @ DW_AT_data_member_location
	.byte	8                       @ Abbrev [8] 0x3d3:0xc DW_TAG_member
	.long	.Linfo_string20         @ DW_AT_name
	.long	380                     @ DW_AT_type
	.byte	5                       @ DW_AT_decl_file
	.byte	99                      @ DW_AT_decl_line
	.byte	16                      @ DW_AT_data_member_location
	.byte	8                       @ Abbrev [8] 0x3df:0xc DW_TAG_member
	.long	.Linfo_string58         @ DW_AT_name
	.long	252                     @ DW_AT_type
	.byte	5                       @ DW_AT_decl_file
	.byte	101                     @ DW_AT_decl_line
	.byte	18                      @ DW_AT_data_member_location
	.byte	8                       @ Abbrev [8] 0x3eb:0xc DW_TAG_member
	.long	.Linfo_string59         @ DW_AT_name
	.long	252                     @ DW_AT_type
	.byte	5                       @ DW_AT_decl_file
	.byte	101                     @ DW_AT_decl_line
	.byte	20                      @ DW_AT_data_member_location
	.byte	8                       @ Abbrev [8] 0x3f7:0xc DW_TAG_member
	.long	.Linfo_string60         @ DW_AT_name
	.long	1040                    @ DW_AT_type
	.byte	5                       @ DW_AT_decl_file
	.byte	114                     @ DW_AT_decl_line
	.byte	24                      @ DW_AT_data_member_location
	.byte	8                       @ Abbrev [8] 0x403:0xc DW_TAG_member
	.long	.Linfo_string67         @ DW_AT_name
	.long	1084                    @ DW_AT_type
	.byte	5                       @ DW_AT_decl_file
	.byte	116                     @ DW_AT_decl_line
	.byte	28                      @ DW_AT_data_member_location
	.byte	0                       @ End Of Children Mark
	.byte	6                       @ Abbrev [6] 0x410:0xb DW_TAG_typedef
	.long	1051                    @ DW_AT_type
	.long	.Linfo_string66         @ DW_AT_name
	.byte	5                       @ DW_AT_decl_file
	.byte	87                      @ DW_AT_decl_line
	.byte	5                       @ Abbrev [5] 0x41b:0x5 DW_TAG_pointer_type
	.long	1056                    @ DW_AT_type
	.byte	26                      @ Abbrev [26] 0x420:0x1c DW_TAG_subroutine_type
	.byte	1                       @ DW_AT_prototyped
	.byte	27                      @ Abbrev [27] 0x422:0x5 DW_TAG_formal_parameter
	.long	1084                    @ DW_AT_type
	.byte	27                      @ Abbrev [27] 0x427:0x5 DW_TAG_formal_parameter
	.long	894                     @ DW_AT_type
	.byte	27                      @ Abbrev [27] 0x42c:0x5 DW_TAG_formal_parameter
	.long	1085                    @ DW_AT_type
	.byte	27                      @ Abbrev [27] 0x431:0x5 DW_TAG_formal_parameter
	.long	111                     @ DW_AT_type
	.byte	27                      @ Abbrev [27] 0x436:0x5 DW_TAG_formal_parameter
	.long	252                     @ DW_AT_type
	.byte	0                       @ End Of Children Mark
	.byte	28                      @ Abbrev [28] 0x43c:0x1 DW_TAG_pointer_type
	.byte	5                       @ Abbrev [5] 0x43d:0x5 DW_TAG_pointer_type
	.long	1090                    @ DW_AT_type
	.byte	7                       @ Abbrev [7] 0x442:0x5d DW_TAG_structure_type
	.long	.Linfo_string65         @ DW_AT_name
	.byte	16                      @ DW_AT_byte_size
	.byte	1                       @ DW_AT_decl_file
	.byte	79                      @ DW_AT_decl_line
	.byte	8                       @ Abbrev [8] 0x44a:0xc DW_TAG_member
	.long	.Linfo_string57         @ DW_AT_name
	.long	1085                    @ DW_AT_type
	.byte	1                       @ DW_AT_decl_file
	.byte	81                      @ DW_AT_decl_line
	.byte	0                       @ DW_AT_data_member_location
	.byte	8                       @ Abbrev [8] 0x456:0xc DW_TAG_member
	.long	.Linfo_string61         @ DW_AT_name
	.long	1084                    @ DW_AT_type
	.byte	1                       @ DW_AT_decl_file
	.byte	84                      @ DW_AT_decl_line
	.byte	4                       @ DW_AT_data_member_location
	.byte	8                       @ Abbrev [8] 0x462:0xc DW_TAG_member
	.long	.Linfo_string62         @ DW_AT_name
	.long	252                     @ DW_AT_type
	.byte	1                       @ DW_AT_decl_file
	.byte	93                      @ DW_AT_decl_line
	.byte	8                       @ DW_AT_data_member_location
	.byte	8                       @ Abbrev [8] 0x46e:0xc DW_TAG_member
	.long	.Linfo_string63         @ DW_AT_name
	.long	252                     @ DW_AT_type
	.byte	1                       @ DW_AT_decl_file
	.byte	96                      @ DW_AT_decl_line
	.byte	10                      @ DW_AT_data_member_location
	.byte	8                       @ Abbrev [8] 0x47a:0xc DW_TAG_member
	.long	.Linfo_string30         @ DW_AT_name
	.long	380                     @ DW_AT_type
	.byte	1                       @ DW_AT_decl_file
	.byte	99                      @ DW_AT_decl_line
	.byte	12                      @ DW_AT_data_member_location
	.byte	8                       @ Abbrev [8] 0x486:0xc DW_TAG_member
	.long	.Linfo_string20         @ DW_AT_name
	.long	380                     @ DW_AT_type
	.byte	1                       @ DW_AT_decl_file
	.byte	102                     @ DW_AT_decl_line
	.byte	13                      @ DW_AT_data_member_location
	.byte	8                       @ Abbrev [8] 0x492:0xc DW_TAG_member
	.long	.Linfo_string64         @ DW_AT_name
	.long	252                     @ DW_AT_type
	.byte	1                       @ DW_AT_decl_file
	.byte	109                     @ DW_AT_decl_line
	.byte	14                      @ DW_AT_data_member_location
	.byte	0                       @ End Of Children Mark
	.byte	9                       @ Abbrev [9] 0x49f:0xc DW_TAG_array_type
	.long	447                     @ DW_AT_type
	.byte	10                      @ Abbrev [10] 0x4a4:0x6 DW_TAG_subrange_type
	.long	403                     @ DW_AT_type
	.byte	17                      @ DW_AT_count
	.byte	0                       @ End Of Children Mark
	.byte	0                       @ End Of Children Mark
.Ldebug_info_end0:
	.section	.debug_ranges,"",%progbits
.Ldebug_ranges0:
	.long	.Lfunc_begin0
	.long	.Lfunc_end0
	.long	.Lfunc_begin1
	.long	.Lfunc_end1
	.long	0
	.long	0
	.section	.debug_macinfo,"",%progbits
	.byte	0                       @ End Of Macro List Mark

	.ident	"Component: ARM Compiler 6.12 Tool: armclang [5d624a00]"
	.section	".note.GNU-stack","",%progbits
	.eabi_attribute	30, 3	@ Tag_ABI_optimization_goals
	.ARM_attribute	16, 1	@ Tag_AV_eba
	.section	.debug_line,"",%progbits
.Lline_table_start0:
