	.text
	.syntax unified
	.eabi_attribute	67, "2.09"	@ Tag_conformance
	.cpu	cortex-m4
	.eabi_attribute	6, 13	@ Tag_CPU_arch
	.eabi_attribute	7, 77	@ Tag_CPU_arch_profile
	.eabi_attribute	8, 0	@ Tag_ARM_ISA_use
	.eabi_attribute	9, 2	@ Tag_THUMB_ISA_use
	.fpu	fpv4-sp-d16
	.eabi_attribute	27, 1	@ Tag_ABI_HardFP_use
	.eabi_attribute	36, 1	@ Tag_FP_HP_extension
	.eabi_attribute	34, 1	@ Tag_CPU_unaligned_access
	.eabi_attribute	17, 1	@ Tag_ABI_PCS_GOT_use
	.eabi_attribute	20, 2	@ Tag_ABI_FP_denormal
	.eabi_attribute	21, 0	@ Tag_ABI_FP_exceptions
	.eabi_attribute	23, 1	@ Tag_ABI_FP_number_model
	.eabi_attribute	24, 1	@ Tag_ABI_align_needed
	.eabi_attribute	25, 1	@ Tag_ABI_align_preserved
	.eabi_attribute	28, 1	@ Tag_ABI_VFP_args
	.eabi_attribute	38, 1	@ Tag_ABI_FP_16bit_format
	.eabi_attribute	18, 2	@ Tag_ABI_PCS_wchar_t
	.eabi_attribute	26, 1	@ Tag_ABI_enum_size
	.eabi_attribute	14, 0	@ Tag_ABI_PCS_R9_use
	.file	"NetworkError.c"
	.file	1 "F:\\SkyDrive\\OtvoreniProjekti\\HotelSaplast\\fw\\KontrolerHotela\\HC070318\\Project" "../Libraries/STemWinLibrary532/inc/GUI_Type.h"
	.file	2 "F:\\SkyDrive\\OtvoreniProjekti\\HotelSaplast\\fw\\KontrolerHotela\\HC070318\\Project" "../Libraries/STemWinLibrary532/inc/LCD.h"
	.file	3 "F:\\SkyDrive\\OtvoreniProjekti\\HotelSaplast\\fw\\KontrolerHotela\\HC070318\\Project" "../Application/Dsiplay/NetworkError.c"
	.type	_acNetworkError,%object @ @_acNetworkError
	.section	.rodata._acNetworkError,"a",%progbits
_acNetworkError:
	.ascii	"\000\377\377\000\377\377\000\377\377\000\377\377\000\377\377\000\377\377\000\377\377\000\377\377\000\377\377\000\377\377\000\377\377\000\377\377\000\377\377\000\377\377\000\377\377\000\377\377\000\377\377\000\377\377\000\377\377\000\377\377\000\377\377\000\377\377\000\377\377\000\377\377\000\377\377\000\377\377\000\377\377\000\377\377\000\377\377\000\377\377\000\377\377\000\377\377\000\377\377\000\377\377\000\377\377\000\377\377\000\377\377\000\377\377\000\377\377\000\377\377\000\377\377\000\377\377\000\377\377\000\377\377\000\377\377\000\377\377\000\377\377\000\377\377\000\377\377\000\377\377\000\377\377\000\377\377\000\377\377\000\377\377\000\377\377\000\377\377\000\377\377\000\377\377\000\377\377\000\377\377\000\377\377\000\377\377\000\377\377\000\377\377\000\377\377\000\377\377\000\377\377\000\377\377\000\377\377\000\377\377\000\377\377\000\377\377\000\377\377\000\377\377\000\377\377\000\377\377\000\377\377\000\377\377\000\377\377\000\377\377\000\377\377\000\377\377\000\377\377\000\377\377\000\377\377\000\377\377\000\377\377\000\377\377\000\377\377\000\377\377\000\377\377\000\377\377\000\377\377\000\377\377\000\377\377\000\377\377\000\377\377\000\377\377\000\377\377\000\377\377\000\377\377\000\377\377\000\377\377\000\377\377\000\377\377\000\377\377\000\377\377\000\377\377\000\377\377\000\377\377\000\377\377\000\377\377\000\377\377\000\377\377\000\377\377\000\377\377\000\377\377\000\377\377\000\377\377\000\377\377\000\377\377\000\377\377\000\377\377\000\377\377\000\377\377\000\377\377\000\377\377\000\377\377\000\377\377\000\377\377\000\377\377\000\377\377\000\377\377\000\377\377\000\377\377\000\377\377\000\377\377\000\377\377\000\377\377\000\377\377\000\377\377\000\377\377\000\377\377\000\377\377\000\377\377\000\377\377\000\377\377\000\377\377\000\377\377\000\377\377\000\377\377\000\377\377\000\377\377\000\377\377\000\377\377\000\377\377\000\377\377\000\377\377\000\377\377\000\377\377\000\377\377\000\377\377\000\377\377\000\377\377\000\377\377\000\377\377\000\377\377\000\377\377\000\377\377\000\377\377\000\377\377\000\377\377\000\377\377\000\377\377\000\377\377\000\377\377\000\377\377\000\377\377\000\377\377\000\377\377\000\377\377\000\377\377\000\377\377\000\377\377\000\377\377\000\377\377\000\377\377\000\377\377\000\377\377\000\377\377\000\377\377\000\377\377\000\377\377\000\377\377\000\377\377\000\377\377\000\377\377\000\377\377\000\377\377\000\377\377\000\377\377\000\377\377\000\377\377\000\377\377\000\377\377\000\377\377\000\377\377\000\377\377\000\377\377\000\377\377\000\377\377\000\377\377\000\377\377\000\377\377\000\377\377\000\377\377\000\377\377\000\347\034\000\367\236\000\377\377\000\377\377\000\377\377\000\377\377\000\377\377\000\377\377\000\377\377\000\377\377\000\377\377\000\377\377\000\377\377\000\377\377\000\377\377\000\377\377\000\377\377\000\377\377\000\377\377\000\377\377\000\377\377\000\377\377\000\377\377\000\377\377\000\377\377\000\377\377\000\377\377\000\377\377\000\377\377\000\377\377\000\377\377\000\377\377\000\377\377\000\377\377\000\377\377\000\377\377\000\377\377\000\316Y\000\234\222\000\244\263\000\305\327\000\265V\000\224R\000\275\267\000\377\377\000\377\377\000\377\377\000\377\377\000\377\377\000\377\377\000\377\377\000\377\377\000\377\377\000\377\377\000\377\377\000\377\377\000\377\377\000\377\377\000\377\377\000\377\377\000\377\377\000\377\377\000\377\377\000\377\377\000\377\377\000\377\377\000\377\377\000\377\377\000\377\377\000\377\377\000\377\377\000\377\377\000\377\377\000\377\377\000\3169\000\234\222\000\234r\000\316Y\000\367\276\000\377\337\000\367\276\000\377\337\000\377\377\000\336\333\000\234r\000\244\323\000\347\034\000\377\377\000\377\377\000\377\377\000\377\377\000\377\377\000\377\377\000\377\377\000\377\377\000\377\377\000\377\377\000\377\377\000\377\377\000\377\377\000\377\377\000\377\377\000\377\377\000\377\377\000\377\377\000\377\377\000\377\377\000\377\377\000\377\377\000\377\377\000\377\377\000\316Y\000\234r\000\224R\000\306\030\000\347]\000\357}\000\357}\000\357}\000\367\236\000\367\276\000\367\276\000\367\236\000\357\235\000\367\236\000\357]\000\2555\000\2241\000\306\030\000\377\377\000\377\377\000\377\377\000\377\377\000\377\377\000\377\377\000\377\377\000\377\377\000\377\377\000\377\377\000\377\377\000\377\377\000\377\377\000\377\377\000\377\377\000\377\377\000\377\377\000\377\377\000\377\377\000\316Y\000\234r\000\2241\000\275\267\000\336\373\000\336\373\000\336\373\000\347\034\000\347<\000\357]\000\357}\000\357}\000\367\236\000\367\236\000\357\236\000\357}\000\357]\000\347<\000\347<\000\347\\\000\305\370\000\2241\000\254\364\000\357}\000\377\377\000\377\377\000\377\377\000\377\377\000\377\377\000\377\377\000\377\377\000\377\377\000\377\377\000\377\377\000\377\377\000\377\377\000\377\377\000\377\377\000\357}\000\213\360\000\305\370\000\336\373\000\336\333\000\326\232\000\326\272\000\336\333\000\336\373\000\337\033\000\347<\000\347<\000\357]\000\357}\000\357}\000\357}\000\357}\000\357]\000\347\\\000\347<\000\347\034\000\336\373\000\336\333\000\336\373\000\326\232\000\234\263\000\224R\000\316Y\000\377\377\000\377\377\000\377\377\000\377\377\000\377\377\000\377\377\000\377\377\000\377\377\000\377\377\000\377\377\000\377\377\000\367\236\000\213\361\000\367\336\000\347\\\000\347\034\000\336\373\000\336\333\000\326\332\000\326\332\000\336\333\000\336\373\000\347\034\000\347<\000\347<\000\357]\000\357]\000\357]\000\357]\000\347\\\000\347<\000\347\034\000\336\373\000\336\333\000\336\333\000\326\272\000\326\232\000\326\232\000\326\272\000\265v\000\224\021\000\2555\000\367\276\000\377\377\000\377\377\000\377\377\000\377\377\000\377\377\000\377\377\000\377\377\000\377\377\000\214\021\000\357}\000\357]\000\357}\000\357}\000\347\\\000\347<\000\337\033\000\336\373\000\336\333\000\336\333\000\336\373\000\337\033\000\347\034\000\347<\000\347<\000\347<\000\347<\000\347\034\000\337\034\000\336\373\000\336\373\000\336\333\000\326\272\000\326\232\000\316\232\000\316y\000\316y\000\316y\000\326\272\000\316Y\000\224r\000\224R\000\326\232\000\377\377\000\377\377\000\377\377\000\377\377\000\377\377\000\336\272\000\2555\000\336\333\000\337\033\000\347<\000\357}\000\357}\000\357}\000\357]\000\347<\000\347\034\000\337\033\000\336\373\000\336\373\000\336\373\000\337\034\000\347\034\000\347\034\000\347\034\000\337\033\000\336\373\000\336\333\000\336\333\000\326\272\000\326\272\000\326\232\000\316y\000\316y\000\316y\000\316y\000\316y\000\316\231\000\326\232\000\316y\000\255\024\000\213\360\000\275\327\000\377\377\000\377\377\000\377\377\000\244\323\000\326\232\000\316\231\000\326\272\000\336\333\000\337\033\000\347<\000\357}\000\357}\000\357}\000\357]\000\347<\000\347\034\000\337\033\000\336\373\000\336\373\000\336\373\000\336\373\000\336\373\000\336\333\000\336\333\000\326\272\000\326\272\000\326\232\000\326\232\000\316\231\000\316y\000\316y\000\316\231\000\316y\000\3168\000\316\030\000\315\367\000\275\266\000\224r\000\275u\000\244\222\000\326z\000\377\377\000\377\377\000\265v\000\213\320\000\306X\000\326\272\000\316\231\000\326\272\000\336\333\000\337\033\000\347<\000\357}\000\357\235\000\357}\000\357}\000\347<\000\347\034\000\337\033\000\336\373\000\336\333\000\336\333\000\326\332\000\326\272\000\326\272\000\326\272\000\326\232\000\316\231\000\316\231\000\316y\000\3168\000\305\367\000\275\266\000\275\226\000B.\000\030\356\000c\021\000\336\332\000b\252\000\305\326\000\224\021\000\377\377\000\377\377\000\265U\000{N\000kM\000\214q\000\3068\000\326\272\000\326\232\000\326\272\000\336\333\000\337\033\000\347<\000\357}\000\357\235\000\357\235\000\357]\000\347<\000\347\034\000\336\373\000\336\333\000\326\272\000\326\232\000\326\232\000\326\232\000\316y\000\3168\000\305\367\000\275\266\000\265u\000\255T\000\255u\000)O\000\000\027\000\b>\000\000\030\000\306[\000j\314\000j\254\000\255U\000\377\377\000\377\377\000\275\327\000\203\360\000\224\222\000\203\317\000sm\000\224\222\000\306\030\000\326\232\000\316\231\000\326\272\000\336\333\000\337\033\000\347<\000\357}\000\357\235\000\357}\000\357]\000\347<\000\336\373\000\336\333\000\326\272\000\316X\000\305\367\000\275\226\000\255U\000\245\024\000\235\024\000\275\327\000\337\034\000\336\373\000\000\025\000\000\031\000\000<\000\000\031\000\234\367\000\2241\000\223\360\000\244\263\000\377\377\000\377\377\000\367\276\000\203\217\000k-\000\214q\000\234\262\000\203\317\000s\216\000\224\262\000\3068\000\326\232\000\326\232\000\326\272\000\336\333\000\337\033\000\347<\000\357}\000\357}\000\357}\000\357]\000\316Y\000\275v\000\255\024\000\234\323\000\224\323\000\265\226\000\336\333\000\326\333\000\255U\000{\357\000\2455\000\000\025\000\000\030\000\000\031\000\000\024\000\244\323\000b\253\000\244\323\000\244\323\000\377\377\000\377\377\000\377\377\000\357]\000\244\363\000j\355\000k-\000\214\222\000\244\363\000\203\357\000{\317\000\234\363\000\3068\000\326\232\000\316\231\000\326\272\000\336\333\000\337\033\000\347<\000\357}\000\316\030\000\234\323\000\214q\000\245T\000\316y\000\316\231\000\2454\000\204\020\000\2040\000\255u\000\326\232\000\357}\000s\266\000\000\024\000\030\264\000\234\367\000j\353\000\203\317\000\203n\000\336\333\000\377\377\000\377\377\000\377\377\000\377\377\000\377\337\000\347<\000\245\024\000k\r\000k-\000\224\262\000\2454\000\213\357\000\203\357\000\2454\000\3068\000\326\232\000\326\232\000\326\272\000\336\333\000\326Y\000\234\323\000\224\323\000\3068\000\2454\000{\357\000\2041\000\255u\000\316y\000\337\033\000\357]\000\357}\000\357}\000\377\377\000\367\235\000\306\027\000j\313\000{\216\000\234Q\000\224r\000\377\337\000\377\377\000\377\377\000\377\377\000\377\377\000\377\377\000\377\377\000\377\377\000\347<\000\2454\000k\r\000k-\000\234\323\000\255U\000\214\020\000\214\020\000\255u\000\3068\000\326\232\000\326\272\000\2654\000s\216\000\204\020\000\204\020\000\255U\000\3068\000\326\272\000\336\373\000\336\373\000\337\034\000\357}\000\347<\000\275\266\000\203\317\000j\353\000{m\000\234q\000\224\020\000{\257\000\357}\000\377\377\000\377\377\000\377\377\000\377\377\000\377\377\000\377\377\000\377\377\000\377\377\000\377\377\000\377\377\000\347\\\000\255U\000s\r\000s-\000\234\363\000\265u\000\2140\000\2140\000\265\266\000\255u\000\204\020\000\234\363\000\275\370\000\306Y\000\316y\000\316\232\000\326\272\000\336\373\000\326\333\000\265u\000\203\256\000j\353\000{\216\000\234q\000\234r\000\203n\000k\r\000\234\263\000\357}\000\377\377\000\377\377\000\377\377\000\377\377\000\377\377\000\377\377\000\377\377\000\377\377\000\377\377\000\377\377\000\377\377\000\377\377\000\377\377\000\347\\\000\255U\000k\r\000s-\000\2454\000\265\266\000\224Q\000sm\000\235\024\000\276\030\000\306\030\000\3068\000\316\232\000\316y\000\2554\000{\216\000j\353\000{\216\000\234q\000\234r\000\203n\000k\r\000\203\360\000\265\266\000\347<\000\367\336\000\377\377\000\377\377\000\377\377\000\377\377\000\377\377\000\377\377\000\377\377\000\377\377\000\377\377\000\377\377\000\377\377\000\377\377\000\377\377\000\377\377\000\377\377\000\377\377\000\357]\000\255u\000s-\000s-\000\255U\000\275\266\000\234\222\000\276\030\000\275\367\000\245\024\000{\216\000j\353\000{\216\000\234q\000\234r\000\203n\000k\r\000\203\360\000\275\327\000\347<\000\367\276\000\377\377\000\377\377\000\377\377\000\377\377\000\377\377\000\377\377\000\377\377\000\377\377\000\377\377\000\377\377\000\377\377\000\377\377\000\377\377\000\377\377\000\377\377\000\377\377\000\377\377\000\377\377\000\377\377\000\377\377\000\377\377\000\357}\000\265\226\000s-\000sN\000\234\222\000\234\222\000sM\000{\216\000\234q\000\234r\000\203n\000k\r\000\204\020\000\265\326\000\347<\000\367\276\000\377\377\000\377\377\000\377\377\000\377\377\000\377\377\000\377\377\000\377\377\000\377\377\000\377\377\000\377\377\000\377\377\000\377\377\000\377\377\000\377\377\000\377\377\000\377\377\000\377\377\000\377\377\000\377\377\000\377\377\000\377\377\000\377\377\000\377\377\000\377\377\000\377\377\000\377\377\000\357\235\000c,\000s-\000{-\000\213\320\000{n\000Z\213\000\203\360\000\275\327\000\347<\000\367\276\000\377\377\000\377\377\000\377\377\000\377\377\000\377\377\000\377\377\000\377\377\000\377\377\000\377\377\000\377\377\000\377\377\000\377\377\000\377\377\000\377\377\000\377\377\000\377\377\000\377\377\000\377\377\000\377\377\000\377\377\000\377\377\000\377\377\000\377\377\000\377\377\000\377\377\000\377\377\000\377\377\000\377\377\000\377\377\000\377\377\000\214Q\000\336\333\000\2554\000\2140\000\224q\000s\216\000\367\336\000\377\377\000\377\377\000\377\377\000\377\377\000\377\377\000\377\377\000\377\377\000\377\377\000\377\377\000\377\377\000\377\377\000\377\377\000\377\377\000\377\377\000\377\377\000\377\377\000\377\377\000\377\377\000\377\377\000\377\377\000\377\377\000\377\377\000\377\377\000\377\377\000\377\377\000\377\377\000\377\377\000\377\377\000\377\377\000\377\377\000\377\377\000\377\377\000\377\377\000\204Q\000\367]\000\346\373\000\326y\000\3068\000\204/\000\377\377\000\377\377\000\377\377\000\377\377\000\377\377\000\377\377\000\377\377\000\377\377\000\377\377\000\377\377\000\377\377\000\377\377\000\377\377\000\377\377\000\377\377\000\377\377\000\377\377\000\377\377\000\377\377\000\377\377\000\377\377\000\377\377\000\377\377\000\377\377\000\377\377\000\377\377\000\377\377\000\377\377\000\377\377\000\377\377\000\377\377\000\377\377\000\306;\000\316|\000\214P\000\367]\000\346\373\000\326y\000\306\027\000!\226\000:\273\000|z\000\377\377\000\377\377\000\377\377\000\377\377\000\377\377\000\377\377\000\377\377\000\377\377\000\377\377\000\377\377\000\377\377\000\377\377\000\377\377\000\377\377\000\377\377\000\377\377\000\377\377\000\377\377\000\377\377\000\377\377\000\377\377\000\377\377\000\377\377\000\377\377\000\377\377\000\377\377\000\377\377\000\377\377\000\377\377\000\276\033\000:\236\000*^\000\031\330\000\336\232\000\357\\\000\336\331\000!U\000\b\333\000*\277\000*{\000\377\377\000\377\377\000\377\377\000\377\377\000\377\377\000\377\377\000\377\377\000\377\377\000\377\377\000\377\377\000\377\377\000\377\377\000\377\377\000\377\377\000\377\377\000\377\377\000\377\377\000\377\377\000\377\377\000\377\377\000\377\377\000\377\377\000\377\377\000\377\377\000\377\377\000\377\377\000\377\377\000\377\377\000\234\022\000{\020\000\021:\000\"\035\000\"\036\000\031\333\000r\256\000)2\000\000Z\000*\236\000\"^\000j\256\000\243\361\000\213p\000\377\377\000\377\377\000\377\377\000\377\377\000\377\377\000\377\377\000\377\377\000\377\377\000\377\377\000\377\377\000\377\377\000\377\377\000\377\377\000\377\377\000\377\377\000\377\377\000\377\377\000\377\337\000\2140\000\234\363\000\234\323\000\234\323\000\234\323\000\234\323\000\234\323\000\234\363\000\213/\000\377<\000\244\223\000\000v\000!\335\000!\375\000!\375\000\bZ\000\"\035\000\"\036\000kS\000\376\373\000\376\373\000\233\261\000\234\363\000\234\323\000\234\323\000\234\323\000\234\323\000\234\323\000\234\323\000\214q\000\347<\000\377\377\000\377\377\000\377\377\000\377\377\000\377\377\000\377\377\000\377\377\000\377\377\000\337\033\000\244\363\000\367\236\000\367}\000\367}\000\367}\000\367}\000\367}\000\377\336\000\223\220\000\366y\000\356Y\000\315U\000\030\323\000\031\234\000!\275\000!\375\000!\335\000Js\000\366X\000\3568\000\356Y\000\233\220\000\377\236\000\367}\000\367}\000\367}\000\367}\000\367}\000\367}\000\306\027\000\3068\000\377\377\000\377\377\000\377\377\000\377\377\000\377\377\000\377\377\000\377\377\000\377\377\000\337\033\000\224\262\000\336\333\000\336\333\000\336\333\000\336\333\000\336\333\000\336\333\000\347\033\000\213O\000\345\327\000\335\226\000\335\266\000\223\363\000\000\021\000\031|\000\031\234\000\031\235\000Z\325\000\345\326\000\335\226\000\335\266\000\223O\000\336\373\000\336\333\000\336\333\000\336\333\000\336\333\000\336\333\000\336\333\000\265\226\000\3068\000\377\377\000\377\377\000\377\377\000\377\377\000\377\377\000\377\377\000\377\377\000\377\377\000\337\033\000\224q\000\316Y\000\316X\000\3168\000\316X\000\316X\000\316X\000\326y\000\213.\000\3154\000\315\024\000\2442\000\000\026\000\020\271\000\031\\\000\021\033\000\031|\000\031]\0009\366\000\315\023\000\315\024\000\213\016\000\316y\000\316X\000\316X\000\316X\000\316X\000\316X\000\316X\000\255T\000\3068\000\377\377\000\377\377\000\377\377\000\377\377\000\377\377\000\377\377\000\377\377\000\377\377\000\337\033\000\2140\000\265\226\000\265\226\000\265\226\000\265\226\000\265\226\000\265\226\000\265\266\000\202\356\000\274\222\000\244\020\000\0007\000\bz\000\030\373\000\b\331\000ZL\000\000u\000\031<\000\031<\000)\226\000\304\261\000\202\355\000\265\226\000\265\226\000\265\226\000\265\226\000\265\226\000\265\226\000\265\226\000\234\323\000\3068\000\377\377\000\377\377\000\377\377\000\377\377\000\377\377\000\377\377\000\377\377\000\377\377\000\357\235\000s\216\000c\f\000c\f\000c\f\000c\f\000c\f\000c\f\000c\f\000jL\000\243\257\000\031x\000\bZ\000\020\272\000\020\273\000bM\000\253\320\000\202\355\000\020\261\000\020\374\000\031\026\000\253\317\000z\215\000Z\353\000c\f\000c\f\000c\f\000c\f\000c\f\000c\f\000kM\000\336\373\000\377\377\000\377\377\000\377\377\000\377\377\000\377\377\000\377\377\000\377\377\000\377\377\000\377\377\000\377\337\000\367\336\000\367\336\000\367\336\000\367\336\000\367\336\000\367\336\000\367\276\000\214Q\0009\356\000!\276\000\020z\000\020{\0001\256\000k\f\000j\354\000j\355\000k\f\000Jk\000Z\313\000j\354\000{\257\000\357\235\000\367\336\000\367\336\000\367\336\000\367\336\000\367\336\000\367\336\000\367\336\000\377\377\000\377\377\000\377\377\000\377\377\000\377\377\000\377\377\000\377\377\000\377\377\000\377\377\000\377\377\000\377\377\000\377\377\000\377\377\000\377\377\000\377\377\000\377\377\000\377\377\000\377\377\000\377\377\000\347<\000R\364\000!7\000[\025\000\377\337\000\377\337\000\377\337\000\377\337\000\377\337\000\377\337\000\377\337\000\377\337\000\377\377\000\377\377\000\377\377\000\377\377\000\377\377\000\377\377\000\377\377\000\377\377\000\377\377\000\377\377\000\377\377\000\377\377\000\377\377\000\377\377"
	.size	_acNetworkError, 4800

	.hidden	bmNetworkError          @ @bmNetworkError
	.type	bmNetworkError,%object
	.section	.rodata.bmNetworkError,"a",%progbits
	.globl	bmNetworkError
	.p2align	2
bmNetworkError:
	.short	40                      @ 0x28
	.short	40                      @ 0x28
	.short	120                     @ 0x78
	.short	24                      @ 0x18
	.long	_acNetworkError
	.long	0
	.long	GUI_BitmapMethodsA565
	.size	bmNetworkError, 20

	.section	.debug_str,"MS",%progbits,1
.Linfo_string0:
	.asciz	"Component: ARM Compiler 6.12 Tool: armclang [5d624a00]" @ string offset=0
.Linfo_string1:
	.asciz	"../Application/Dsiplay\\NetworkError.c" @ string offset=55
.Linfo_string2:
	.asciz	"F:\\SkyDrive\\OtvoreniProjekti\\HotelSaplast\\fw\\KontrolerHotela\\HC070318\\Project" @ string offset=93
.Linfo_string3:
	.asciz	"bmNetworkError"        @ string offset=171
.Linfo_string4:
	.asciz	"XSize"                 @ string offset=186
.Linfo_string5:
	.asciz	"unsigned short"        @ string offset=192
.Linfo_string6:
	.asciz	"YSize"                 @ string offset=207
.Linfo_string7:
	.asciz	"BytesPerLine"          @ string offset=213
.Linfo_string8:
	.asciz	"BitsPerPixel"          @ string offset=226
.Linfo_string9:
	.asciz	"pData"                 @ string offset=239
.Linfo_string10:
	.asciz	"unsigned char"         @ string offset=245
.Linfo_string11:
	.asciz	"pPal"                  @ string offset=259
.Linfo_string12:
	.asciz	"NumEntries"            @ string offset=264
.Linfo_string13:
	.asciz	"int"                   @ string offset=275
.Linfo_string14:
	.asciz	"HasTrans"              @ string offset=279
.Linfo_string15:
	.asciz	"char"                  @ string offset=288
.Linfo_string16:
	.asciz	"pPalEntries"           @ string offset=293
.Linfo_string17:
	.asciz	"long unsigned int"     @ string offset=305
.Linfo_string18:
	.asciz	"LCD_COLOR"             @ string offset=323
.Linfo_string19:
	.asciz	"LCD_LOGPALETTE"        @ string offset=333
.Linfo_string20:
	.asciz	"GUI_LOGPALETTE"        @ string offset=348
.Linfo_string21:
	.asciz	"pMethods"              @ string offset=363
.Linfo_string22:
	.asciz	"pfDraw"                @ string offset=372
.Linfo_string23:
	.asciz	"pfIndex2Color"         @ string offset=379
.Linfo_string24:
	.asciz	"GUI_COLOR"             @ string offset=393
.Linfo_string25:
	.asciz	"unsigned int"          @ string offset=403
.Linfo_string26:
	.asciz	"pfDrawHW"              @ string offset=416
.Linfo_string27:
	.asciz	"pColorConvAPI"         @ string offset=425
.Linfo_string28:
	.asciz	"pfColor2Index"         @ string offset=439
.Linfo_string29:
	.asciz	"tLCDDEV_Color2Index"   @ string offset=453
.Linfo_string30:
	.asciz	"tLCDDEV_Index2Color"   @ string offset=473
.Linfo_string31:
	.asciz	"pfGetIndexMask"        @ string offset=493
.Linfo_string32:
	.asciz	"tLCDDEV_GetIndexMask"  @ string offset=508
.Linfo_string33:
	.asciz	"NoAlpha"               @ string offset=529
.Linfo_string34:
	.asciz	"pfColor2IndexBulk"     @ string offset=537
.Linfo_string35:
	.asciz	"tLCDDEV_Color2IndexBulk" @ string offset=555
.Linfo_string36:
	.asciz	"pfIndex2ColorBulk"     @ string offset=579
.Linfo_string37:
	.asciz	"tLCDDEV_Index2ColorBulk" @ string offset=597
.Linfo_string38:
	.asciz	"LCD_API_COLOR_CONV"    @ string offset=621
.Linfo_string39:
	.asciz	"GUI_BITMAP_METHODS"    @ string offset=640
.Linfo_string40:
	.asciz	"GUI_BITMAP"            @ string offset=659
.Linfo_string41:
	.asciz	"_acNetworkError"       @ string offset=670
.Linfo_string42:
	.asciz	"__ARRAY_SIZE_TYPE__"   @ string offset=686
	.section	.debug_abbrev,"",%progbits
	.byte	1                       @ Abbreviation Code
	.byte	17                      @ DW_TAG_compile_unit
	.byte	1                       @ DW_CHILDREN_yes
	.byte	37                      @ DW_AT_producer
	.byte	14                      @ DW_FORM_strp
	.byte	19                      @ DW_AT_language
	.byte	5                       @ DW_FORM_data2
	.byte	3                       @ DW_AT_name
	.byte	14                      @ DW_FORM_strp
	.byte	16                      @ DW_AT_stmt_list
	.byte	6                       @ DW_FORM_data4
	.byte	27                      @ DW_AT_comp_dir
	.byte	14                      @ DW_FORM_strp
	.byte	0                       @ EOM(1)
	.byte	0                       @ EOM(2)
	.byte	2                       @ Abbreviation Code
	.byte	52                      @ DW_TAG_variable
	.byte	0                       @ DW_CHILDREN_no
	.byte	3                       @ DW_AT_name
	.byte	14                      @ DW_FORM_strp
	.byte	73                      @ DW_AT_type
	.byte	19                      @ DW_FORM_ref4
	.byte	63                      @ DW_AT_external
	.byte	12                      @ DW_FORM_flag
	.byte	58                      @ DW_AT_decl_file
	.byte	11                      @ DW_FORM_data1
	.byte	59                      @ DW_AT_decl_line
	.byte	11                      @ DW_FORM_data1
	.byte	2                       @ DW_AT_location
	.byte	10                      @ DW_FORM_block1
	.byte	0                       @ EOM(1)
	.byte	0                       @ EOM(2)
	.byte	3                       @ Abbreviation Code
	.byte	38                      @ DW_TAG_const_type
	.byte	0                       @ DW_CHILDREN_no
	.byte	73                      @ DW_AT_type
	.byte	19                      @ DW_FORM_ref4
	.byte	0                       @ EOM(1)
	.byte	0                       @ EOM(2)
	.byte	4                       @ Abbreviation Code
	.byte	22                      @ DW_TAG_typedef
	.byte	0                       @ DW_CHILDREN_no
	.byte	73                      @ DW_AT_type
	.byte	19                      @ DW_FORM_ref4
	.byte	3                       @ DW_AT_name
	.byte	14                      @ DW_FORM_strp
	.byte	58                      @ DW_AT_decl_file
	.byte	11                      @ DW_FORM_data1
	.byte	59                      @ DW_AT_decl_line
	.byte	11                      @ DW_FORM_data1
	.byte	0                       @ EOM(1)
	.byte	0                       @ EOM(2)
	.byte	5                       @ Abbreviation Code
	.byte	19                      @ DW_TAG_structure_type
	.byte	1                       @ DW_CHILDREN_yes
	.byte	11                      @ DW_AT_byte_size
	.byte	11                      @ DW_FORM_data1
	.byte	58                      @ DW_AT_decl_file
	.byte	11                      @ DW_FORM_data1
	.byte	59                      @ DW_AT_decl_line
	.byte	11                      @ DW_FORM_data1
	.byte	0                       @ EOM(1)
	.byte	0                       @ EOM(2)
	.byte	6                       @ Abbreviation Code
	.byte	13                      @ DW_TAG_member
	.byte	0                       @ DW_CHILDREN_no
	.byte	3                       @ DW_AT_name
	.byte	14                      @ DW_FORM_strp
	.byte	73                      @ DW_AT_type
	.byte	19                      @ DW_FORM_ref4
	.byte	58                      @ DW_AT_decl_file
	.byte	11                      @ DW_FORM_data1
	.byte	59                      @ DW_AT_decl_line
	.byte	11                      @ DW_FORM_data1
	.byte	56                      @ DW_AT_data_member_location
	.byte	11                      @ DW_FORM_data1
	.byte	0                       @ EOM(1)
	.byte	0                       @ EOM(2)
	.byte	7                       @ Abbreviation Code
	.byte	36                      @ DW_TAG_base_type
	.byte	0                       @ DW_CHILDREN_no
	.byte	3                       @ DW_AT_name
	.byte	14                      @ DW_FORM_strp
	.byte	62                      @ DW_AT_encoding
	.byte	11                      @ DW_FORM_data1
	.byte	11                      @ DW_AT_byte_size
	.byte	11                      @ DW_FORM_data1
	.byte	0                       @ EOM(1)
	.byte	0                       @ EOM(2)
	.byte	8                       @ Abbreviation Code
	.byte	15                      @ DW_TAG_pointer_type
	.byte	0                       @ DW_CHILDREN_no
	.byte	73                      @ DW_AT_type
	.byte	19                      @ DW_FORM_ref4
	.byte	0                       @ EOM(1)
	.byte	0                       @ EOM(2)
	.byte	9                       @ Abbreviation Code
	.byte	21                      @ DW_TAG_subroutine_type
	.byte	1                       @ DW_CHILDREN_yes
	.byte	39                      @ DW_AT_prototyped
	.byte	12                      @ DW_FORM_flag
	.byte	0                       @ EOM(1)
	.byte	0                       @ EOM(2)
	.byte	10                      @ Abbreviation Code
	.byte	5                       @ DW_TAG_formal_parameter
	.byte	0                       @ DW_CHILDREN_no
	.byte	73                      @ DW_AT_type
	.byte	19                      @ DW_FORM_ref4
	.byte	0                       @ EOM(1)
	.byte	0                       @ EOM(2)
	.byte	11                      @ Abbreviation Code
	.byte	21                      @ DW_TAG_subroutine_type
	.byte	1                       @ DW_CHILDREN_yes
	.byte	73                      @ DW_AT_type
	.byte	19                      @ DW_FORM_ref4
	.byte	39                      @ DW_AT_prototyped
	.byte	12                      @ DW_FORM_flag
	.byte	0                       @ EOM(1)
	.byte	0                       @ EOM(2)
	.byte	12                      @ Abbreviation Code
	.byte	21                      @ DW_TAG_subroutine_type
	.byte	0                       @ DW_CHILDREN_no
	.byte	73                      @ DW_AT_type
	.byte	19                      @ DW_FORM_ref4
	.byte	39                      @ DW_AT_prototyped
	.byte	12                      @ DW_FORM_flag
	.byte	0                       @ EOM(1)
	.byte	0                       @ EOM(2)
	.byte	13                      @ Abbreviation Code
	.byte	15                      @ DW_TAG_pointer_type
	.byte	0                       @ DW_CHILDREN_no
	.byte	0                       @ EOM(1)
	.byte	0                       @ EOM(2)
	.byte	14                      @ Abbreviation Code
	.byte	52                      @ DW_TAG_variable
	.byte	0                       @ DW_CHILDREN_no
	.byte	3                       @ DW_AT_name
	.byte	14                      @ DW_FORM_strp
	.byte	73                      @ DW_AT_type
	.byte	19                      @ DW_FORM_ref4
	.byte	58                      @ DW_AT_decl_file
	.byte	11                      @ DW_FORM_data1
	.byte	59                      @ DW_AT_decl_line
	.byte	11                      @ DW_FORM_data1
	.byte	2                       @ DW_AT_location
	.byte	10                      @ DW_FORM_block1
	.byte	0                       @ EOM(1)
	.byte	0                       @ EOM(2)
	.byte	15                      @ Abbreviation Code
	.byte	1                       @ DW_TAG_array_type
	.byte	1                       @ DW_CHILDREN_yes
	.byte	73                      @ DW_AT_type
	.byte	19                      @ DW_FORM_ref4
	.byte	0                       @ EOM(1)
	.byte	0                       @ EOM(2)
	.byte	16                      @ Abbreviation Code
	.byte	33                      @ DW_TAG_subrange_type
	.byte	0                       @ DW_CHILDREN_no
	.byte	73                      @ DW_AT_type
	.byte	19                      @ DW_FORM_ref4
	.byte	55                      @ DW_AT_count
	.byte	5                       @ DW_FORM_data2
	.byte	0                       @ EOM(1)
	.byte	0                       @ EOM(2)
	.byte	17                      @ Abbreviation Code
	.byte	36                      @ DW_TAG_base_type
	.byte	0                       @ DW_CHILDREN_no
	.byte	3                       @ DW_AT_name
	.byte	14                      @ DW_FORM_strp
	.byte	11                      @ DW_AT_byte_size
	.byte	11                      @ DW_FORM_data1
	.byte	62                      @ DW_AT_encoding
	.byte	11                      @ DW_FORM_data1
	.byte	0                       @ EOM(1)
	.byte	0                       @ EOM(2)
	.byte	0                       @ EOM(3)
	.section	.debug_info,"",%progbits
.Lcu_begin0:
	.long	.Ldebug_info_end0-.Ldebug_info_start0 @ Length of Unit
.Ldebug_info_start0:
	.short	3                       @ DWARF version number
	.long	.debug_abbrev           @ Offset Into Abbrev. Section
	.byte	4                       @ Address Size (in bytes)
	.byte	1                       @ Abbrev [1] 0xb:0x2ea DW_TAG_compile_unit
	.long	.Linfo_string0          @ DW_AT_producer
	.short	12                      @ DW_AT_language
	.long	.Linfo_string1          @ DW_AT_name
	.long	.Lline_table_start0     @ DW_AT_stmt_list
	.long	.Linfo_string2          @ DW_AT_comp_dir
	.byte	2                       @ Abbrev [2] 0x1e:0x12 DW_TAG_variable
	.long	.Linfo_string3          @ DW_AT_name
	.long	48                      @ DW_AT_type
	.byte	1                       @ DW_AT_external
	.byte	3                       @ DW_AT_decl_file
	.byte	156                     @ DW_AT_decl_line
	.byte	5                       @ DW_AT_location
	.byte	3
	.long	bmNetworkError
	.byte	3                       @ Abbrev [3] 0x30:0x5 DW_TAG_const_type
	.long	53                      @ DW_AT_type
	.byte	4                       @ Abbrev [4] 0x35:0xb DW_TAG_typedef
	.long	64                      @ DW_AT_type
	.long	.Linfo_string40         @ DW_AT_name
	.byte	1                       @ DW_AT_decl_file
	.byte	104                     @ DW_AT_decl_line
	.byte	5                       @ Abbrev [5] 0x40:0x59 DW_TAG_structure_type
	.byte	20                      @ DW_AT_byte_size
	.byte	1                       @ DW_AT_decl_file
	.byte	96                      @ DW_AT_decl_line
	.byte	6                       @ Abbrev [6] 0x44:0xc DW_TAG_member
	.long	.Linfo_string4          @ DW_AT_name
	.long	153                     @ DW_AT_type
	.byte	1                       @ DW_AT_decl_file
	.byte	97                      @ DW_AT_decl_line
	.byte	0                       @ DW_AT_data_member_location
	.byte	6                       @ Abbrev [6] 0x50:0xc DW_TAG_member
	.long	.Linfo_string6          @ DW_AT_name
	.long	153                     @ DW_AT_type
	.byte	1                       @ DW_AT_decl_file
	.byte	98                      @ DW_AT_decl_line
	.byte	2                       @ DW_AT_data_member_location
	.byte	6                       @ Abbrev [6] 0x5c:0xc DW_TAG_member
	.long	.Linfo_string7          @ DW_AT_name
	.long	153                     @ DW_AT_type
	.byte	1                       @ DW_AT_decl_file
	.byte	99                      @ DW_AT_decl_line
	.byte	4                       @ DW_AT_data_member_location
	.byte	6                       @ Abbrev [6] 0x68:0xc DW_TAG_member
	.long	.Linfo_string8          @ DW_AT_name
	.long	153                     @ DW_AT_type
	.byte	1                       @ DW_AT_decl_file
	.byte	100                     @ DW_AT_decl_line
	.byte	6                       @ DW_AT_data_member_location
	.byte	6                       @ Abbrev [6] 0x74:0xc DW_TAG_member
	.long	.Linfo_string9          @ DW_AT_name
	.long	160                     @ DW_AT_type
	.byte	1                       @ DW_AT_decl_file
	.byte	101                     @ DW_AT_decl_line
	.byte	8                       @ DW_AT_data_member_location
	.byte	6                       @ Abbrev [6] 0x80:0xc DW_TAG_member
	.long	.Linfo_string11         @ DW_AT_name
	.long	177                     @ DW_AT_type
	.byte	1                       @ DW_AT_decl_file
	.byte	102                     @ DW_AT_decl_line
	.byte	12                      @ DW_AT_data_member_location
	.byte	6                       @ Abbrev [6] 0x8c:0xc DW_TAG_member
	.long	.Linfo_string21         @ DW_AT_name
	.long	292                     @ DW_AT_type
	.byte	1                       @ DW_AT_decl_file
	.byte	103                     @ DW_AT_decl_line
	.byte	16                      @ DW_AT_data_member_location
	.byte	0                       @ End Of Children Mark
	.byte	7                       @ Abbrev [7] 0x99:0x7 DW_TAG_base_type
	.long	.Linfo_string5          @ DW_AT_name
	.byte	7                       @ DW_AT_encoding
	.byte	2                       @ DW_AT_byte_size
	.byte	8                       @ Abbrev [8] 0xa0:0x5 DW_TAG_pointer_type
	.long	165                     @ DW_AT_type
	.byte	3                       @ Abbrev [3] 0xa5:0x5 DW_TAG_const_type
	.long	170                     @ DW_AT_type
	.byte	7                       @ Abbrev [7] 0xaa:0x7 DW_TAG_base_type
	.long	.Linfo_string10         @ DW_AT_name
	.byte	8                       @ DW_AT_encoding
	.byte	1                       @ DW_AT_byte_size
	.byte	8                       @ Abbrev [8] 0xb1:0x5 DW_TAG_pointer_type
	.long	182                     @ DW_AT_type
	.byte	3                       @ Abbrev [3] 0xb6:0x5 DW_TAG_const_type
	.long	187                     @ DW_AT_type
	.byte	4                       @ Abbrev [4] 0xbb:0xb DW_TAG_typedef
	.long	198                     @ DW_AT_type
	.long	.Linfo_string20         @ DW_AT_name
	.byte	1                       @ DW_AT_decl_file
	.byte	71                      @ DW_AT_decl_line
	.byte	4                       @ Abbrev [4] 0xc6:0xb DW_TAG_typedef
	.long	209                     @ DW_AT_type
	.long	.Linfo_string19         @ DW_AT_name
	.byte	2                       @ DW_AT_decl_file
	.byte	128                     @ DW_AT_decl_line
	.byte	5                       @ Abbrev [5] 0xd1:0x29 DW_TAG_structure_type
	.byte	12                      @ DW_AT_byte_size
	.byte	2                       @ DW_AT_decl_file
	.byte	124                     @ DW_AT_decl_line
	.byte	6                       @ Abbrev [6] 0xd5:0xc DW_TAG_member
	.long	.Linfo_string12         @ DW_AT_name
	.long	250                     @ DW_AT_type
	.byte	2                       @ DW_AT_decl_file
	.byte	125                     @ DW_AT_decl_line
	.byte	0                       @ DW_AT_data_member_location
	.byte	6                       @ Abbrev [6] 0xe1:0xc DW_TAG_member
	.long	.Linfo_string14         @ DW_AT_name
	.long	257                     @ DW_AT_type
	.byte	2                       @ DW_AT_decl_file
	.byte	126                     @ DW_AT_decl_line
	.byte	4                       @ DW_AT_data_member_location
	.byte	6                       @ Abbrev [6] 0xed:0xc DW_TAG_member
	.long	.Linfo_string16         @ DW_AT_name
	.long	264                     @ DW_AT_type
	.byte	2                       @ DW_AT_decl_file
	.byte	127                     @ DW_AT_decl_line
	.byte	8                       @ DW_AT_data_member_location
	.byte	0                       @ End Of Children Mark
	.byte	7                       @ Abbrev [7] 0xfa:0x7 DW_TAG_base_type
	.long	.Linfo_string13         @ DW_AT_name
	.byte	5                       @ DW_AT_encoding
	.byte	4                       @ DW_AT_byte_size
	.byte	7                       @ Abbrev [7] 0x101:0x7 DW_TAG_base_type
	.long	.Linfo_string15         @ DW_AT_name
	.byte	8                       @ DW_AT_encoding
	.byte	1                       @ DW_AT_byte_size
	.byte	8                       @ Abbrev [8] 0x108:0x5 DW_TAG_pointer_type
	.long	269                     @ DW_AT_type
	.byte	3                       @ Abbrev [3] 0x10d:0x5 DW_TAG_const_type
	.long	274                     @ DW_AT_type
	.byte	4                       @ Abbrev [4] 0x112:0xb DW_TAG_typedef
	.long	285                     @ DW_AT_type
	.long	.Linfo_string18         @ DW_AT_name
	.byte	2                       @ DW_AT_decl_file
	.byte	115                     @ DW_AT_decl_line
	.byte	7                       @ Abbrev [7] 0x11d:0x7 DW_TAG_base_type
	.long	.Linfo_string17         @ DW_AT_name
	.byte	7                       @ DW_AT_encoding
	.byte	4                       @ DW_AT_byte_size
	.byte	8                       @ Abbrev [8] 0x124:0x5 DW_TAG_pointer_type
	.long	297                     @ DW_AT_type
	.byte	3                       @ Abbrev [3] 0x129:0x5 DW_TAG_const_type
	.long	302                     @ DW_AT_type
	.byte	4                       @ Abbrev [4] 0x12e:0xb DW_TAG_typedef
	.long	313                     @ DW_AT_type
	.long	.Linfo_string39         @ DW_AT_name
	.byte	1                       @ DW_AT_decl_file
	.byte	94                      @ DW_AT_decl_line
	.byte	5                       @ Abbrev [5] 0x139:0x35 DW_TAG_structure_type
	.byte	16                      @ DW_AT_byte_size
	.byte	1                       @ DW_AT_decl_file
	.byte	75                      @ DW_AT_decl_line
	.byte	6                       @ Abbrev [6] 0x13d:0xc DW_TAG_member
	.long	.Linfo_string22         @ DW_AT_name
	.long	366                     @ DW_AT_type
	.byte	1                       @ DW_AT_decl_file
	.byte	76                      @ DW_AT_decl_line
	.byte	0                       @ DW_AT_data_member_location
	.byte	6                       @ Abbrev [6] 0x149:0xc DW_TAG_member
	.long	.Linfo_string23         @ DW_AT_name
	.long	424                     @ DW_AT_type
	.byte	1                       @ DW_AT_decl_file
	.byte	84                      @ DW_AT_decl_line
	.byte	4                       @ DW_AT_data_member_location
	.byte	6                       @ Abbrev [6] 0x155:0xc DW_TAG_member
	.long	.Linfo_string26         @ DW_AT_name
	.long	366                     @ DW_AT_type
	.byte	1                       @ DW_AT_decl_file
	.byte	85                      @ DW_AT_decl_line
	.byte	8                       @ DW_AT_data_member_location
	.byte	6                       @ Abbrev [6] 0x161:0xc DW_TAG_member
	.long	.Linfo_string27         @ DW_AT_name
	.long	459                     @ DW_AT_type
	.byte	1                       @ DW_AT_decl_file
	.byte	93                      @ DW_AT_decl_line
	.byte	12                      @ DW_AT_data_member_location
	.byte	0                       @ End Of Children Mark
	.byte	8                       @ Abbrev [8] 0x16e:0x5 DW_TAG_pointer_type
	.long	371                     @ DW_AT_type
	.byte	9                       @ Abbrev [9] 0x173:0x2b DW_TAG_subroutine_type
	.byte	1                       @ DW_AT_prototyped
	.byte	10                      @ Abbrev [10] 0x175:0x5 DW_TAG_formal_parameter
	.long	250                     @ DW_AT_type
	.byte	10                      @ Abbrev [10] 0x17a:0x5 DW_TAG_formal_parameter
	.long	250                     @ DW_AT_type
	.byte	10                      @ Abbrev [10] 0x17f:0x5 DW_TAG_formal_parameter
	.long	250                     @ DW_AT_type
	.byte	10                      @ Abbrev [10] 0x184:0x5 DW_TAG_formal_parameter
	.long	250                     @ DW_AT_type
	.byte	10                      @ Abbrev [10] 0x189:0x5 DW_TAG_formal_parameter
	.long	160                     @ DW_AT_type
	.byte	10                      @ Abbrev [10] 0x18e:0x5 DW_TAG_formal_parameter
	.long	414                     @ DW_AT_type
	.byte	10                      @ Abbrev [10] 0x193:0x5 DW_TAG_formal_parameter
	.long	250                     @ DW_AT_type
	.byte	10                      @ Abbrev [10] 0x198:0x5 DW_TAG_formal_parameter
	.long	250                     @ DW_AT_type
	.byte	0                       @ End Of Children Mark
	.byte	8                       @ Abbrev [8] 0x19e:0x5 DW_TAG_pointer_type
	.long	419                     @ DW_AT_type
	.byte	3                       @ Abbrev [3] 0x1a3:0x5 DW_TAG_const_type
	.long	198                     @ DW_AT_type
	.byte	8                       @ Abbrev [8] 0x1a8:0x5 DW_TAG_pointer_type
	.long	429                     @ DW_AT_type
	.byte	11                      @ Abbrev [11] 0x1ad:0xc DW_TAG_subroutine_type
	.long	441                     @ DW_AT_type
	.byte	1                       @ DW_AT_prototyped
	.byte	10                      @ Abbrev [10] 0x1b3:0x5 DW_TAG_formal_parameter
	.long	452                     @ DW_AT_type
	.byte	0                       @ End Of Children Mark
	.byte	4                       @ Abbrev [4] 0x1b9:0xb DW_TAG_typedef
	.long	274                     @ DW_AT_type
	.long	.Linfo_string24         @ DW_AT_name
	.byte	1                       @ DW_AT_decl_file
	.byte	70                      @ DW_AT_decl_line
	.byte	7                       @ Abbrev [7] 0x1c4:0x7 DW_TAG_base_type
	.long	.Linfo_string25         @ DW_AT_name
	.byte	7                       @ DW_AT_encoding
	.byte	4                       @ DW_AT_byte_size
	.byte	8                       @ Abbrev [8] 0x1cb:0x5 DW_TAG_pointer_type
	.long	464                     @ DW_AT_type
	.byte	3                       @ Abbrev [3] 0x1d0:0x5 DW_TAG_const_type
	.long	469                     @ DW_AT_type
	.byte	4                       @ Abbrev [4] 0x1d5:0xb DW_TAG_typedef
	.long	480                     @ DW_AT_type
	.long	.Linfo_string38         @ DW_AT_name
	.byte	2                       @ DW_AT_decl_file
	.byte	163                     @ DW_AT_decl_line
	.byte	5                       @ Abbrev [5] 0x1e0:0x4d DW_TAG_structure_type
	.byte	24                      @ DW_AT_byte_size
	.byte	2                       @ DW_AT_decl_file
	.byte	156                     @ DW_AT_decl_line
	.byte	6                       @ Abbrev [6] 0x1e4:0xc DW_TAG_member
	.long	.Linfo_string28         @ DW_AT_name
	.long	557                     @ DW_AT_type
	.byte	2                       @ DW_AT_decl_file
	.byte	157                     @ DW_AT_decl_line
	.byte	0                       @ DW_AT_data_member_location
	.byte	6                       @ Abbrev [6] 0x1f0:0xc DW_TAG_member
	.long	.Linfo_string23         @ DW_AT_name
	.long	585                     @ DW_AT_type
	.byte	2                       @ DW_AT_decl_file
	.byte	158                     @ DW_AT_decl_line
	.byte	4                       @ DW_AT_data_member_location
	.byte	6                       @ Abbrev [6] 0x1fc:0xc DW_TAG_member
	.long	.Linfo_string31         @ DW_AT_name
	.long	613                     @ DW_AT_type
	.byte	2                       @ DW_AT_decl_file
	.byte	159                     @ DW_AT_decl_line
	.byte	8                       @ DW_AT_data_member_location
	.byte	6                       @ Abbrev [6] 0x208:0xc DW_TAG_member
	.long	.Linfo_string33         @ DW_AT_name
	.long	250                     @ DW_AT_type
	.byte	2                       @ DW_AT_decl_file
	.byte	160                     @ DW_AT_decl_line
	.byte	12                      @ DW_AT_data_member_location
	.byte	6                       @ Abbrev [6] 0x214:0xc DW_TAG_member
	.long	.Linfo_string34         @ DW_AT_name
	.long	635                     @ DW_AT_type
	.byte	2                       @ DW_AT_decl_file
	.byte	161                     @ DW_AT_decl_line
	.byte	16                      @ DW_AT_data_member_location
	.byte	6                       @ Abbrev [6] 0x220:0xc DW_TAG_member
	.long	.Linfo_string36         @ DW_AT_name
	.long	680                     @ DW_AT_type
	.byte	2                       @ DW_AT_decl_file
	.byte	162                     @ DW_AT_decl_line
	.byte	20                      @ DW_AT_data_member_location
	.byte	0                       @ End Of Children Mark
	.byte	8                       @ Abbrev [8] 0x22d:0x5 DW_TAG_pointer_type
	.long	562                     @ DW_AT_type
	.byte	4                       @ Abbrev [4] 0x232:0xb DW_TAG_typedef
	.long	573                     @ DW_AT_type
	.long	.Linfo_string29         @ DW_AT_name
	.byte	2                       @ DW_AT_decl_file
	.byte	146                     @ DW_AT_decl_line
	.byte	11                      @ Abbrev [11] 0x23d:0xc DW_TAG_subroutine_type
	.long	452                     @ DW_AT_type
	.byte	1                       @ DW_AT_prototyped
	.byte	10                      @ Abbrev [10] 0x243:0x5 DW_TAG_formal_parameter
	.long	274                     @ DW_AT_type
	.byte	0                       @ End Of Children Mark
	.byte	8                       @ Abbrev [8] 0x249:0x5 DW_TAG_pointer_type
	.long	590                     @ DW_AT_type
	.byte	4                       @ Abbrev [4] 0x24e:0xb DW_TAG_typedef
	.long	601                     @ DW_AT_type
	.long	.Linfo_string30         @ DW_AT_name
	.byte	2                       @ DW_AT_decl_file
	.byte	145                     @ DW_AT_decl_line
	.byte	11                      @ Abbrev [11] 0x259:0xc DW_TAG_subroutine_type
	.long	274                     @ DW_AT_type
	.byte	1                       @ DW_AT_prototyped
	.byte	10                      @ Abbrev [10] 0x25f:0x5 DW_TAG_formal_parameter
	.long	452                     @ DW_AT_type
	.byte	0                       @ End Of Children Mark
	.byte	8                       @ Abbrev [8] 0x265:0x5 DW_TAG_pointer_type
	.long	618                     @ DW_AT_type
	.byte	4                       @ Abbrev [4] 0x26a:0xb DW_TAG_typedef
	.long	629                     @ DW_AT_type
	.long	.Linfo_string32         @ DW_AT_name
	.byte	2                       @ DW_AT_decl_file
	.byte	147                     @ DW_AT_decl_line
	.byte	12                      @ Abbrev [12] 0x275:0x6 DW_TAG_subroutine_type
	.long	452                     @ DW_AT_type
	.byte	1                       @ DW_AT_prototyped
	.byte	8                       @ Abbrev [8] 0x27b:0x5 DW_TAG_pointer_type
	.long	640                     @ DW_AT_type
	.byte	4                       @ Abbrev [4] 0x280:0xb DW_TAG_typedef
	.long	651                     @ DW_AT_type
	.long	.Linfo_string35         @ DW_AT_name
	.byte	2                       @ DW_AT_decl_file
	.byte	150                     @ DW_AT_decl_line
	.byte	9                       @ Abbrev [9] 0x28b:0x17 DW_TAG_subroutine_type
	.byte	1                       @ DW_AT_prototyped
	.byte	10                      @ Abbrev [10] 0x28d:0x5 DW_TAG_formal_parameter
	.long	674                     @ DW_AT_type
	.byte	10                      @ Abbrev [10] 0x292:0x5 DW_TAG_formal_parameter
	.long	679                     @ DW_AT_type
	.byte	10                      @ Abbrev [10] 0x297:0x5 DW_TAG_formal_parameter
	.long	285                     @ DW_AT_type
	.byte	10                      @ Abbrev [10] 0x29c:0x5 DW_TAG_formal_parameter
	.long	170                     @ DW_AT_type
	.byte	0                       @ End Of Children Mark
	.byte	8                       @ Abbrev [8] 0x2a2:0x5 DW_TAG_pointer_type
	.long	274                     @ DW_AT_type
	.byte	13                      @ Abbrev [13] 0x2a7:0x1 DW_TAG_pointer_type
	.byte	8                       @ Abbrev [8] 0x2a8:0x5 DW_TAG_pointer_type
	.long	685                     @ DW_AT_type
	.byte	4                       @ Abbrev [4] 0x2ad:0xb DW_TAG_typedef
	.long	696                     @ DW_AT_type
	.long	.Linfo_string37         @ DW_AT_name
	.byte	2                       @ DW_AT_decl_file
	.byte	149                     @ DW_AT_decl_line
	.byte	9                       @ Abbrev [9] 0x2b8:0x17 DW_TAG_subroutine_type
	.byte	1                       @ DW_AT_prototyped
	.byte	10                      @ Abbrev [10] 0x2ba:0x5 DW_TAG_formal_parameter
	.long	679                     @ DW_AT_type
	.byte	10                      @ Abbrev [10] 0x2bf:0x5 DW_TAG_formal_parameter
	.long	674                     @ DW_AT_type
	.byte	10                      @ Abbrev [10] 0x2c4:0x5 DW_TAG_formal_parameter
	.long	285                     @ DW_AT_type
	.byte	10                      @ Abbrev [10] 0x2c9:0x5 DW_TAG_formal_parameter
	.long	170                     @ DW_AT_type
	.byte	0                       @ End Of Children Mark
	.byte	14                      @ Abbrev [14] 0x2cf:0x11 DW_TAG_variable
	.long	.Linfo_string41         @ DW_AT_name
	.long	736                     @ DW_AT_type
	.byte	3                       @ DW_AT_decl_file
	.byte	33                      @ DW_AT_decl_line
	.byte	5                       @ DW_AT_location
	.byte	3
	.long	_acNetworkError
	.byte	15                      @ Abbrev [15] 0x2e0:0xd DW_TAG_array_type
	.long	165                     @ DW_AT_type
	.byte	16                      @ Abbrev [16] 0x2e5:0x7 DW_TAG_subrange_type
	.long	749                     @ DW_AT_type
	.short	4800                    @ DW_AT_count
	.byte	0                       @ End Of Children Mark
	.byte	17                      @ Abbrev [17] 0x2ed:0x7 DW_TAG_base_type
	.long	.Linfo_string42         @ DW_AT_name
	.byte	8                       @ DW_AT_byte_size
	.byte	7                       @ DW_AT_encoding
	.byte	0                       @ End Of Children Mark
.Ldebug_info_end0:
	.section	.debug_macinfo,"",%progbits
	.byte	0                       @ End Of Macro List Mark

	.ident	"Component: ARM Compiler 6.12 Tool: armclang [5d624a00]"
	.section	".note.GNU-stack","",%progbits
	.ARM_attribute	16, 1	@ Tag_AV_eba
	.section	.debug_line,"",%progbits
.Lline_table_start0:
