	.text
	.syntax unified
	.eabi_attribute	67, "2.09"	@ Tag_conformance
	.cpu	cortex-m4
	.eabi_attribute	6, 13	@ Tag_CPU_arch
	.eabi_attribute	7, 77	@ Tag_CPU_arch_profile
	.eabi_attribute	8, 0	@ Tag_ARM_ISA_use
	.eabi_attribute	9, 2	@ Tag_THUMB_ISA_use
	.fpu	fpv4-sp-d16
	.eabi_attribute	27, 1	@ Tag_ABI_HardFP_use
	.eabi_attribute	36, 1	@ Tag_FP_HP_extension
	.eabi_attribute	34, 1	@ Tag_CPU_unaligned_access
	.eabi_attribute	17, 1	@ Tag_ABI_PCS_GOT_use
	.eabi_attribute	20, 2	@ Tag_ABI_FP_denormal
	.eabi_attribute	21, 0	@ Tag_ABI_FP_exceptions
	.eabi_attribute	23, 1	@ Tag_ABI_FP_number_model
	.eabi_attribute	24, 1	@ Tag_ABI_align_needed
	.eabi_attribute	25, 1	@ Tag_ABI_align_preserved
	.eabi_attribute	28, 1	@ Tag_ABI_VFP_args
	.eabi_attribute	38, 1	@ Tag_ABI_FP_16bit_format
	.eabi_attribute	18, 2	@ Tag_ABI_PCS_wchar_t
	.eabi_attribute	26, 1	@ Tag_ABI_enum_size
	.eabi_attribute	14, 0	@ Tag_ABI_PCS_R9_use
	.file	"stm32f4xx_dbgmcu.c"
	.file	1 "F:\\SkyDrive\\OtvoreniProjekti\\HotelSaplast\\fw\\KontrolerHotela\\HC070318\\Project" "../Libraries/CMSIS/Device/ST/STM32F4xx/Include\\stm32f4xx.h"
	.file	2 "C:\\Keil\\ARM\\ARMCLANG\\Bin\\..\\include" "stdint.h"
	.section	.text.DBGMCU_GetREVID,"ax",%progbits
	.hidden	DBGMCU_GetREVID         @ -- Begin function DBGMCU_GetREVID
	.globl	DBGMCU_GetREVID
	.p2align	1
	.type	DBGMCU_GetREVID,%function
	.code	16                      @ @DBGMCU_GetREVID
	.thumb_func
DBGMCU_GetREVID:
.Lfunc_begin0:
	.file	3 "F:\\SkyDrive\\OtvoreniProjekti\\HotelSaplast\\fw\\KontrolerHotela\\HC070318\\Project" "../Libraries/STM32F4xx_StdPeriph_Driver/src/stm32f4xx_dbgmcu.c"
	.loc	3 59 0                  @ ../Libraries/STM32F4xx_StdPeriph_Driver/src/stm32f4xx_dbgmcu.c:59:0
	.fnstart
	.cfi_sections .debug_frame
	.cfi_startproc
@ %bb.0:
	movw	r0, #8192
	movt	r0, #57348
.Ltmp0:
	.loc	3 60 19 prologue_end    @ ../Libraries/STM32F4xx_StdPeriph_Driver/src/stm32f4xx_dbgmcu.c:60:19
	ldr	r0, [r0]
	.loc	3 60 26 is_stmt 0       @ ../Libraries/STM32F4xx_StdPeriph_Driver/src/stm32f4xx_dbgmcu.c:60:26
	lsrs	r0, r0, #16
	.loc	3 60 4                  @ ../Libraries/STM32F4xx_StdPeriph_Driver/src/stm32f4xx_dbgmcu.c:60:4
	bx	lr
.Ltmp1:
.Lfunc_end0:
	.size	DBGMCU_GetREVID, .Lfunc_end0-DBGMCU_GetREVID
	.cfi_endproc
	.cantunwind
	.fnend
                                        @ -- End function
	.section	.text.DBGMCU_GetDEVID,"ax",%progbits
	.hidden	DBGMCU_GetDEVID         @ -- Begin function DBGMCU_GetDEVID
	.globl	DBGMCU_GetDEVID
	.p2align	1
	.type	DBGMCU_GetDEVID,%function
	.code	16                      @ @DBGMCU_GetDEVID
	.thumb_func
DBGMCU_GetDEVID:
.Lfunc_begin1:
	.loc	3 69 0 is_stmt 1        @ ../Libraries/STM32F4xx_StdPeriph_Driver/src/stm32f4xx_dbgmcu.c:69:0
	.fnstart
	.cfi_startproc
@ %bb.0:
	movw	r0, #8192
	movt	r0, #57348
.Ltmp2:
	.loc	3 70 19 prologue_end    @ ../Libraries/STM32F4xx_StdPeriph_Driver/src/stm32f4xx_dbgmcu.c:70:19
	ldr	r0, [r0]
	.loc	3 70 26 is_stmt 0       @ ../Libraries/STM32F4xx_StdPeriph_Driver/src/stm32f4xx_dbgmcu.c:70:26
	bfc	r0, #12, #20
	.loc	3 70 4                  @ ../Libraries/STM32F4xx_StdPeriph_Driver/src/stm32f4xx_dbgmcu.c:70:4
	bx	lr
.Ltmp3:
.Lfunc_end1:
	.size	DBGMCU_GetDEVID, .Lfunc_end1-DBGMCU_GetDEVID
	.cfi_endproc
	.cantunwind
	.fnend
                                        @ -- End function
	.section	.text.DBGMCU_Config,"ax",%progbits
	.hidden	DBGMCU_Config           @ -- Begin function DBGMCU_Config
	.globl	DBGMCU_Config
	.p2align	1
	.type	DBGMCU_Config,%function
	.code	16                      @ @DBGMCU_Config
	.thumb_func
DBGMCU_Config:
.Lfunc_begin2:
	.loc	3 85 0 is_stmt 1        @ ../Libraries/STM32F4xx_StdPeriph_Driver/src/stm32f4xx_dbgmcu.c:85:0
	.fnstart
	.cfi_startproc
@ %bb.0:
	@DEBUG_VALUE: DBGMCU_Config:DBGMCU_Periph <- $r0
	@DEBUG_VALUE: DBGMCU_Config:NewState <- $r1
	movw	r2, #8196
.Ltmp4:
	.loc	3 89 7 prologue_end     @ ../Libraries/STM32F4xx_StdPeriph_Driver/src/stm32f4xx_dbgmcu.c:89:7
	cmp	r1, #0
	movt	r2, #57348
	@DEBUG_VALUE: DBGMCU_Config:NewState <- $r1
	@DEBUG_VALUE: DBGMCU_Config:DBGMCU_Periph <- $r0
.Ltmp5:
	.loc	3 95 16                 @ ../Libraries/STM32F4xx_StdPeriph_Driver/src/stm32f4xx_dbgmcu.c:95:16
	ldr	r1, [r2]
.Ltmp6:
	ite	eq
	biceq.w	r0, r1, r0
.Ltmp7:
	.loc	3 91 16                 @ ../Libraries/STM32F4xx_StdPeriph_Driver/src/stm32f4xx_dbgmcu.c:91:16
	orrne	r0, r1
.Ltmp8:
	.loc	3 0 0 is_stmt 0         @ ../Libraries/STM32F4xx_StdPeriph_Driver/src/stm32f4xx_dbgmcu.c:0:0
	str	r0, [r2]
.Ltmp9:
	.loc	3 97 1 is_stmt 1        @ ../Libraries/STM32F4xx_StdPeriph_Driver/src/stm32f4xx_dbgmcu.c:97:1
	bx	lr
.Ltmp10:
.Lfunc_end2:
	.size	DBGMCU_Config, .Lfunc_end2-DBGMCU_Config
	.cfi_endproc
	.cantunwind
	.fnend
                                        @ -- End function
	.section	.text.DBGMCU_APB1PeriphConfig,"ax",%progbits
	.hidden	DBGMCU_APB1PeriphConfig @ -- Begin function DBGMCU_APB1PeriphConfig
	.globl	DBGMCU_APB1PeriphConfig
	.p2align	1
	.type	DBGMCU_APB1PeriphConfig,%function
	.code	16                      @ @DBGMCU_APB1PeriphConfig
	.thumb_func
DBGMCU_APB1PeriphConfig:
.Lfunc_begin3:
	.loc	3 124 0                 @ ../Libraries/STM32F4xx_StdPeriph_Driver/src/stm32f4xx_dbgmcu.c:124:0
	.fnstart
	.cfi_startproc
@ %bb.0:
	@DEBUG_VALUE: DBGMCU_APB1PeriphConfig:DBGMCU_Periph <- $r0
	@DEBUG_VALUE: DBGMCU_APB1PeriphConfig:NewState <- $r1
	movw	r2, #8200
.Ltmp11:
	.loc	3 129 7 prologue_end    @ ../Libraries/STM32F4xx_StdPeriph_Driver/src/stm32f4xx_dbgmcu.c:129:7
	cmp	r1, #0
	movt	r2, #57348
	@DEBUG_VALUE: DBGMCU_APB1PeriphConfig:NewState <- $r1
	@DEBUG_VALUE: DBGMCU_APB1PeriphConfig:DBGMCU_Periph <- $r0
.Ltmp12:
	.loc	3 135 20                @ ../Libraries/STM32F4xx_StdPeriph_Driver/src/stm32f4xx_dbgmcu.c:135:20
	ldr	r1, [r2]
.Ltmp13:
	ite	eq
	biceq.w	r0, r1, r0
.Ltmp14:
	.loc	3 131 20                @ ../Libraries/STM32F4xx_StdPeriph_Driver/src/stm32f4xx_dbgmcu.c:131:20
	orrne	r0, r1
.Ltmp15:
	.loc	3 0 0 is_stmt 0         @ ../Libraries/STM32F4xx_StdPeriph_Driver/src/stm32f4xx_dbgmcu.c:0:0
	str	r0, [r2]
.Ltmp16:
	.loc	3 137 1 is_stmt 1       @ ../Libraries/STM32F4xx_StdPeriph_Driver/src/stm32f4xx_dbgmcu.c:137:1
	bx	lr
.Ltmp17:
.Lfunc_end3:
	.size	DBGMCU_APB1PeriphConfig, .Lfunc_end3-DBGMCU_APB1PeriphConfig
	.cfi_endproc
	.cantunwind
	.fnend
                                        @ -- End function
	.section	.text.DBGMCU_APB2PeriphConfig,"ax",%progbits
	.hidden	DBGMCU_APB2PeriphConfig @ -- Begin function DBGMCU_APB2PeriphConfig
	.globl	DBGMCU_APB2PeriphConfig
	.p2align	1
	.type	DBGMCU_APB2PeriphConfig,%function
	.code	16                      @ @DBGMCU_APB2PeriphConfig
	.thumb_func
DBGMCU_APB2PeriphConfig:
.Lfunc_begin4:
	.loc	3 153 0                 @ ../Libraries/STM32F4xx_StdPeriph_Driver/src/stm32f4xx_dbgmcu.c:153:0
	.fnstart
	.cfi_startproc
@ %bb.0:
	@DEBUG_VALUE: DBGMCU_APB2PeriphConfig:DBGMCU_Periph <- $r0
	@DEBUG_VALUE: DBGMCU_APB2PeriphConfig:NewState <- $r1
	movw	r2, #8204
.Ltmp18:
	.loc	3 158 7 prologue_end    @ ../Libraries/STM32F4xx_StdPeriph_Driver/src/stm32f4xx_dbgmcu.c:158:7
	cmp	r1, #0
	movt	r2, #57348
	@DEBUG_VALUE: DBGMCU_APB2PeriphConfig:NewState <- $r1
	@DEBUG_VALUE: DBGMCU_APB2PeriphConfig:DBGMCU_Periph <- $r0
.Ltmp19:
	.loc	3 164 20                @ ../Libraries/STM32F4xx_StdPeriph_Driver/src/stm32f4xx_dbgmcu.c:164:20
	ldr	r1, [r2]
.Ltmp20:
	ite	eq
	biceq.w	r0, r1, r0
.Ltmp21:
	.loc	3 160 20                @ ../Libraries/STM32F4xx_StdPeriph_Driver/src/stm32f4xx_dbgmcu.c:160:20
	orrne	r0, r1
.Ltmp22:
	.loc	3 0 0 is_stmt 0         @ ../Libraries/STM32F4xx_StdPeriph_Driver/src/stm32f4xx_dbgmcu.c:0:0
	str	r0, [r2]
.Ltmp23:
	.loc	3 166 1 is_stmt 1       @ ../Libraries/STM32F4xx_StdPeriph_Driver/src/stm32f4xx_dbgmcu.c:166:1
	bx	lr
.Ltmp24:
.Lfunc_end4:
	.size	DBGMCU_APB2PeriphConfig, .Lfunc_end4-DBGMCU_APB2PeriphConfig
	.cfi_endproc
	.cantunwind
	.fnend
                                        @ -- End function
	.section	.debug_str,"MS",%progbits,1
.Linfo_string0:
	.asciz	"Component: ARM Compiler 6.12 Tool: armclang [5d624a00]" @ string offset=0
.Linfo_string1:
	.asciz	"../Libraries/STM32F4xx_StdPeriph_Driver/src\\stm32f4xx_dbgmcu.c" @ string offset=55
.Linfo_string2:
	.asciz	"F:\\SkyDrive\\OtvoreniProjekti\\HotelSaplast\\fw\\KontrolerHotela\\HC070318\\Project" @ string offset=118
.Linfo_string3:
	.asciz	"unsigned char"         @ string offset=196
.Linfo_string4:
	.asciz	"DISABLE"               @ string offset=210
.Linfo_string5:
	.asciz	"ENABLE"                @ string offset=218
.Linfo_string6:
	.asciz	"IDCODE"                @ string offset=225
.Linfo_string7:
	.asciz	"unsigned int"          @ string offset=232
.Linfo_string8:
	.asciz	"uint32_t"              @ string offset=245
.Linfo_string9:
	.asciz	"CR"                    @ string offset=254
.Linfo_string10:
	.asciz	"APB1FZ"                @ string offset=257
.Linfo_string11:
	.asciz	"APB2FZ"                @ string offset=264
.Linfo_string12:
	.asciz	"DBGMCU_TypeDef"        @ string offset=271
.Linfo_string13:
	.asciz	"DBGMCU_GetREVID"       @ string offset=286
.Linfo_string14:
	.asciz	"DBGMCU_GetDEVID"       @ string offset=302
.Linfo_string15:
	.asciz	"DBGMCU_Config"         @ string offset=318
.Linfo_string16:
	.asciz	"DBGMCU_APB1PeriphConfig" @ string offset=332
.Linfo_string17:
	.asciz	"DBGMCU_APB2PeriphConfig" @ string offset=356
.Linfo_string18:
	.asciz	"DBGMCU_Periph"         @ string offset=380
.Linfo_string19:
	.asciz	"NewState"              @ string offset=394
.Linfo_string20:
	.asciz	"FunctionalState"       @ string offset=403
	.section	.debug_loc,"",%progbits
.Ldebug_loc0:
	.long	.Lfunc_begin2
	.long	.Ltmp7
	.short	1                       @ Loc expr size
	.byte	80                      @ DW_OP_reg0
	.long	0
	.long	0
.Ldebug_loc1:
	.long	.Lfunc_begin2
	.long	.Ltmp6
	.short	1                       @ Loc expr size
	.byte	81                      @ DW_OP_reg1
	.long	0
	.long	0
.Ldebug_loc2:
	.long	.Lfunc_begin3
	.long	.Ltmp14
	.short	1                       @ Loc expr size
	.byte	80                      @ DW_OP_reg0
	.long	0
	.long	0
.Ldebug_loc3:
	.long	.Lfunc_begin3
	.long	.Ltmp13
	.short	1                       @ Loc expr size
	.byte	81                      @ DW_OP_reg1
	.long	0
	.long	0
.Ldebug_loc4:
	.long	.Lfunc_begin4
	.long	.Ltmp21
	.short	1                       @ Loc expr size
	.byte	80                      @ DW_OP_reg0
	.long	0
	.long	0
.Ldebug_loc5:
	.long	.Lfunc_begin4
	.long	.Ltmp20
	.short	1                       @ Loc expr size
	.byte	81                      @ DW_OP_reg1
	.long	0
	.long	0
	.section	.debug_abbrev,"",%progbits
	.byte	1                       @ Abbreviation Code
	.byte	17                      @ DW_TAG_compile_unit
	.byte	1                       @ DW_CHILDREN_yes
	.byte	37                      @ DW_AT_producer
	.byte	14                      @ DW_FORM_strp
	.byte	19                      @ DW_AT_language
	.byte	5                       @ DW_FORM_data2
	.byte	3                       @ DW_AT_name
	.byte	14                      @ DW_FORM_strp
	.byte	16                      @ DW_AT_stmt_list
	.byte	6                       @ DW_FORM_data4
	.byte	27                      @ DW_AT_comp_dir
	.byte	14                      @ DW_FORM_strp
	.byte	17                      @ DW_AT_low_pc
	.byte	1                       @ DW_FORM_addr
	.byte	85                      @ DW_AT_ranges
	.byte	6                       @ DW_FORM_data4
	.byte	0                       @ EOM(1)
	.byte	0                       @ EOM(2)
	.byte	2                       @ Abbreviation Code
	.byte	4                       @ DW_TAG_enumeration_type
	.byte	1                       @ DW_CHILDREN_yes
	.byte	73                      @ DW_AT_type
	.byte	19                      @ DW_FORM_ref4
	.byte	11                      @ DW_AT_byte_size
	.byte	11                      @ DW_FORM_data1
	.byte	58                      @ DW_AT_decl_file
	.byte	11                      @ DW_FORM_data1
	.byte	59                      @ DW_AT_decl_line
	.byte	5                       @ DW_FORM_data2
	.byte	0                       @ EOM(1)
	.byte	0                       @ EOM(2)
	.byte	3                       @ Abbreviation Code
	.byte	40                      @ DW_TAG_enumerator
	.byte	0                       @ DW_CHILDREN_no
	.byte	3                       @ DW_AT_name
	.byte	14                      @ DW_FORM_strp
	.byte	28                      @ DW_AT_const_value
	.byte	15                      @ DW_FORM_udata
	.byte	0                       @ EOM(1)
	.byte	0                       @ EOM(2)
	.byte	4                       @ Abbreviation Code
	.byte	36                      @ DW_TAG_base_type
	.byte	0                       @ DW_CHILDREN_no
	.byte	3                       @ DW_AT_name
	.byte	14                      @ DW_FORM_strp
	.byte	62                      @ DW_AT_encoding
	.byte	11                      @ DW_FORM_data1
	.byte	11                      @ DW_AT_byte_size
	.byte	11                      @ DW_FORM_data1
	.byte	0                       @ EOM(1)
	.byte	0                       @ EOM(2)
	.byte	5                       @ Abbreviation Code
	.byte	15                      @ DW_TAG_pointer_type
	.byte	0                       @ DW_CHILDREN_no
	.byte	73                      @ DW_AT_type
	.byte	19                      @ DW_FORM_ref4
	.byte	0                       @ EOM(1)
	.byte	0                       @ EOM(2)
	.byte	6                       @ Abbreviation Code
	.byte	22                      @ DW_TAG_typedef
	.byte	0                       @ DW_CHILDREN_no
	.byte	73                      @ DW_AT_type
	.byte	19                      @ DW_FORM_ref4
	.byte	3                       @ DW_AT_name
	.byte	14                      @ DW_FORM_strp
	.byte	58                      @ DW_AT_decl_file
	.byte	11                      @ DW_FORM_data1
	.byte	59                      @ DW_AT_decl_line
	.byte	5                       @ DW_FORM_data2
	.byte	0                       @ EOM(1)
	.byte	0                       @ EOM(2)
	.byte	7                       @ Abbreviation Code
	.byte	19                      @ DW_TAG_structure_type
	.byte	1                       @ DW_CHILDREN_yes
	.byte	11                      @ DW_AT_byte_size
	.byte	11                      @ DW_FORM_data1
	.byte	58                      @ DW_AT_decl_file
	.byte	11                      @ DW_FORM_data1
	.byte	59                      @ DW_AT_decl_line
	.byte	5                       @ DW_FORM_data2
	.byte	0                       @ EOM(1)
	.byte	0                       @ EOM(2)
	.byte	8                       @ Abbreviation Code
	.byte	13                      @ DW_TAG_member
	.byte	0                       @ DW_CHILDREN_no
	.byte	3                       @ DW_AT_name
	.byte	14                      @ DW_FORM_strp
	.byte	73                      @ DW_AT_type
	.byte	19                      @ DW_FORM_ref4
	.byte	58                      @ DW_AT_decl_file
	.byte	11                      @ DW_FORM_data1
	.byte	59                      @ DW_AT_decl_line
	.byte	5                       @ DW_FORM_data2
	.byte	56                      @ DW_AT_data_member_location
	.byte	11                      @ DW_FORM_data1
	.byte	0                       @ EOM(1)
	.byte	0                       @ EOM(2)
	.byte	9                       @ Abbreviation Code
	.byte	53                      @ DW_TAG_volatile_type
	.byte	0                       @ DW_CHILDREN_no
	.byte	73                      @ DW_AT_type
	.byte	19                      @ DW_FORM_ref4
	.byte	0                       @ EOM(1)
	.byte	0                       @ EOM(2)
	.byte	10                      @ Abbreviation Code
	.byte	22                      @ DW_TAG_typedef
	.byte	0                       @ DW_CHILDREN_no
	.byte	73                      @ DW_AT_type
	.byte	19                      @ DW_FORM_ref4
	.byte	3                       @ DW_AT_name
	.byte	14                      @ DW_FORM_strp
	.byte	58                      @ DW_AT_decl_file
	.byte	11                      @ DW_FORM_data1
	.byte	59                      @ DW_AT_decl_line
	.byte	11                      @ DW_FORM_data1
	.byte	0                       @ EOM(1)
	.byte	0                       @ EOM(2)
	.byte	11                      @ Abbreviation Code
	.byte	46                      @ DW_TAG_subprogram
	.byte	0                       @ DW_CHILDREN_no
	.byte	17                      @ DW_AT_low_pc
	.byte	1                       @ DW_FORM_addr
	.byte	18                      @ DW_AT_high_pc
	.byte	1                       @ DW_FORM_addr
	.byte	64                      @ DW_AT_frame_base
	.byte	10                      @ DW_FORM_block1
	.byte	3                       @ DW_AT_name
	.byte	14                      @ DW_FORM_strp
	.byte	58                      @ DW_AT_decl_file
	.byte	11                      @ DW_FORM_data1
	.byte	59                      @ DW_AT_decl_line
	.byte	11                      @ DW_FORM_data1
	.byte	39                      @ DW_AT_prototyped
	.byte	12                      @ DW_FORM_flag
	.byte	73                      @ DW_AT_type
	.byte	19                      @ DW_FORM_ref4
	.byte	63                      @ DW_AT_external
	.byte	12                      @ DW_FORM_flag
	.byte	0                       @ EOM(1)
	.byte	0                       @ EOM(2)
	.byte	12                      @ Abbreviation Code
	.byte	46                      @ DW_TAG_subprogram
	.byte	1                       @ DW_CHILDREN_yes
	.byte	17                      @ DW_AT_low_pc
	.byte	1                       @ DW_FORM_addr
	.byte	18                      @ DW_AT_high_pc
	.byte	1                       @ DW_FORM_addr
	.byte	64                      @ DW_AT_frame_base
	.byte	10                      @ DW_FORM_block1
	.byte	3                       @ DW_AT_name
	.byte	14                      @ DW_FORM_strp
	.byte	58                      @ DW_AT_decl_file
	.byte	11                      @ DW_FORM_data1
	.byte	59                      @ DW_AT_decl_line
	.byte	11                      @ DW_FORM_data1
	.byte	39                      @ DW_AT_prototyped
	.byte	12                      @ DW_FORM_flag
	.byte	63                      @ DW_AT_external
	.byte	12                      @ DW_FORM_flag
	.byte	0                       @ EOM(1)
	.byte	0                       @ EOM(2)
	.byte	13                      @ Abbreviation Code
	.byte	5                       @ DW_TAG_formal_parameter
	.byte	0                       @ DW_CHILDREN_no
	.byte	2                       @ DW_AT_location
	.byte	6                       @ DW_FORM_data4
	.byte	3                       @ DW_AT_name
	.byte	14                      @ DW_FORM_strp
	.byte	58                      @ DW_AT_decl_file
	.byte	11                      @ DW_FORM_data1
	.byte	59                      @ DW_AT_decl_line
	.byte	11                      @ DW_FORM_data1
	.byte	73                      @ DW_AT_type
	.byte	19                      @ DW_FORM_ref4
	.byte	0                       @ EOM(1)
	.byte	0                       @ EOM(2)
	.byte	0                       @ EOM(3)
	.section	.debug_info,"",%progbits
.Lcu_begin0:
	.long	.Ldebug_info_end0-.Ldebug_info_start0 @ Length of Unit
.Ldebug_info_start0:
	.short	3                       @ DWARF version number
	.long	.debug_abbrev           @ Offset Into Abbrev. Section
	.byte	4                       @ Address Size (in bytes)
	.byte	1                       @ Abbrev [1] 0xb:0x16b DW_TAG_compile_unit
	.long	.Linfo_string0          @ DW_AT_producer
	.short	12                      @ DW_AT_language
	.long	.Linfo_string1          @ DW_AT_name
	.long	.Lline_table_start0     @ DW_AT_stmt_list
	.long	.Linfo_string2          @ DW_AT_comp_dir
	.long	0                       @ DW_AT_low_pc
	.long	.Ldebug_ranges0         @ DW_AT_ranges
	.byte	2                       @ Abbrev [2] 0x26:0x16 DW_TAG_enumeration_type
	.long	60                      @ DW_AT_type
	.byte	1                       @ DW_AT_byte_size
	.byte	1                       @ DW_AT_decl_file
	.short	589                     @ DW_AT_decl_line
	.byte	3                       @ Abbrev [3] 0x2f:0x6 DW_TAG_enumerator
	.long	.Linfo_string4          @ DW_AT_name
	.byte	0                       @ DW_AT_const_value
	.byte	3                       @ Abbrev [3] 0x35:0x6 DW_TAG_enumerator
	.long	.Linfo_string5          @ DW_AT_name
	.byte	1                       @ DW_AT_const_value
	.byte	0                       @ End Of Children Mark
	.byte	4                       @ Abbrev [4] 0x3c:0x7 DW_TAG_base_type
	.long	.Linfo_string3          @ DW_AT_name
	.byte	8                       @ DW_AT_encoding
	.byte	1                       @ DW_AT_byte_size
	.byte	5                       @ Abbrev [5] 0x43:0x5 DW_TAG_pointer_type
	.long	72                      @ DW_AT_type
	.byte	6                       @ Abbrev [6] 0x48:0xc DW_TAG_typedef
	.long	84                      @ DW_AT_type
	.long	.Linfo_string12         @ DW_AT_name
	.byte	1                       @ DW_AT_decl_file
	.short	763                     @ DW_AT_decl_line
	.byte	7                       @ Abbrev [7] 0x54:0x3a DW_TAG_structure_type
	.byte	16                      @ DW_AT_byte_size
	.byte	1                       @ DW_AT_decl_file
	.short	757                     @ DW_AT_decl_line
	.byte	8                       @ Abbrev [8] 0x59:0xd DW_TAG_member
	.long	.Linfo_string6          @ DW_AT_name
	.long	142                     @ DW_AT_type
	.byte	1                       @ DW_AT_decl_file
	.short	759                     @ DW_AT_decl_line
	.byte	0                       @ DW_AT_data_member_location
	.byte	8                       @ Abbrev [8] 0x66:0xd DW_TAG_member
	.long	.Linfo_string9          @ DW_AT_name
	.long	142                     @ DW_AT_type
	.byte	1                       @ DW_AT_decl_file
	.short	760                     @ DW_AT_decl_line
	.byte	4                       @ DW_AT_data_member_location
	.byte	8                       @ Abbrev [8] 0x73:0xd DW_TAG_member
	.long	.Linfo_string10         @ DW_AT_name
	.long	142                     @ DW_AT_type
	.byte	1                       @ DW_AT_decl_file
	.short	761                     @ DW_AT_decl_line
	.byte	8                       @ DW_AT_data_member_location
	.byte	8                       @ Abbrev [8] 0x80:0xd DW_TAG_member
	.long	.Linfo_string11         @ DW_AT_name
	.long	142                     @ DW_AT_type
	.byte	1                       @ DW_AT_decl_file
	.short	762                     @ DW_AT_decl_line
	.byte	12                      @ DW_AT_data_member_location
	.byte	0                       @ End Of Children Mark
	.byte	9                       @ Abbrev [9] 0x8e:0x5 DW_TAG_volatile_type
	.long	147                     @ DW_AT_type
	.byte	10                      @ Abbrev [10] 0x93:0xb DW_TAG_typedef
	.long	158                     @ DW_AT_type
	.long	.Linfo_string8          @ DW_AT_name
	.byte	2                       @ DW_AT_decl_file
	.byte	64                      @ DW_AT_decl_line
	.byte	4                       @ Abbrev [4] 0x9e:0x7 DW_TAG_base_type
	.long	.Linfo_string7          @ DW_AT_name
	.byte	7                       @ DW_AT_encoding
	.byte	4                       @ DW_AT_byte_size
	.byte	11                      @ Abbrev [11] 0xa5:0x17 DW_TAG_subprogram
	.long	.Lfunc_begin0           @ DW_AT_low_pc
	.long	.Lfunc_end0             @ DW_AT_high_pc
	.byte	1                       @ DW_AT_frame_base
	.byte	93
	.long	.Linfo_string13         @ DW_AT_name
	.byte	3                       @ DW_AT_decl_file
	.byte	58                      @ DW_AT_decl_line
	.byte	1                       @ DW_AT_prototyped
	.long	147                     @ DW_AT_type
	.byte	1                       @ DW_AT_external
	.byte	11                      @ Abbrev [11] 0xbc:0x17 DW_TAG_subprogram
	.long	.Lfunc_begin1           @ DW_AT_low_pc
	.long	.Lfunc_end1             @ DW_AT_high_pc
	.byte	1                       @ DW_AT_frame_base
	.byte	93
	.long	.Linfo_string14         @ DW_AT_name
	.byte	3                       @ DW_AT_decl_file
	.byte	68                      @ DW_AT_decl_line
	.byte	1                       @ DW_AT_prototyped
	.long	147                     @ DW_AT_type
	.byte	1                       @ DW_AT_external
	.byte	12                      @ Abbrev [12] 0xd3:0x32 DW_TAG_subprogram
	.long	.Lfunc_begin2           @ DW_AT_low_pc
	.long	.Lfunc_end2             @ DW_AT_high_pc
	.byte	1                       @ DW_AT_frame_base
	.byte	93
	.long	.Linfo_string15         @ DW_AT_name
	.byte	3                       @ DW_AT_decl_file
	.byte	84                      @ DW_AT_decl_line
	.byte	1                       @ DW_AT_prototyped
	.byte	1                       @ DW_AT_external
	.byte	13                      @ Abbrev [13] 0xe6:0xf DW_TAG_formal_parameter
	.long	.Ldebug_loc0            @ DW_AT_location
	.long	.Linfo_string18         @ DW_AT_name
	.byte	3                       @ DW_AT_decl_file
	.byte	84                      @ DW_AT_decl_line
	.long	147                     @ DW_AT_type
	.byte	13                      @ Abbrev [13] 0xf5:0xf DW_TAG_formal_parameter
	.long	.Ldebug_loc1            @ DW_AT_location
	.long	.Linfo_string19         @ DW_AT_name
	.byte	3                       @ DW_AT_decl_file
	.byte	84                      @ DW_AT_decl_line
	.long	361                     @ DW_AT_type
	.byte	0                       @ End Of Children Mark
	.byte	12                      @ Abbrev [12] 0x105:0x32 DW_TAG_subprogram
	.long	.Lfunc_begin3           @ DW_AT_low_pc
	.long	.Lfunc_end3             @ DW_AT_high_pc
	.byte	1                       @ DW_AT_frame_base
	.byte	93
	.long	.Linfo_string16         @ DW_AT_name
	.byte	3                       @ DW_AT_decl_file
	.byte	123                     @ DW_AT_decl_line
	.byte	1                       @ DW_AT_prototyped
	.byte	1                       @ DW_AT_external
	.byte	13                      @ Abbrev [13] 0x118:0xf DW_TAG_formal_parameter
	.long	.Ldebug_loc2            @ DW_AT_location
	.long	.Linfo_string18         @ DW_AT_name
	.byte	3                       @ DW_AT_decl_file
	.byte	123                     @ DW_AT_decl_line
	.long	147                     @ DW_AT_type
	.byte	13                      @ Abbrev [13] 0x127:0xf DW_TAG_formal_parameter
	.long	.Ldebug_loc3            @ DW_AT_location
	.long	.Linfo_string19         @ DW_AT_name
	.byte	3                       @ DW_AT_decl_file
	.byte	123                     @ DW_AT_decl_line
	.long	361                     @ DW_AT_type
	.byte	0                       @ End Of Children Mark
	.byte	12                      @ Abbrev [12] 0x137:0x32 DW_TAG_subprogram
	.long	.Lfunc_begin4           @ DW_AT_low_pc
	.long	.Lfunc_end4             @ DW_AT_high_pc
	.byte	1                       @ DW_AT_frame_base
	.byte	93
	.long	.Linfo_string17         @ DW_AT_name
	.byte	3                       @ DW_AT_decl_file
	.byte	152                     @ DW_AT_decl_line
	.byte	1                       @ DW_AT_prototyped
	.byte	1                       @ DW_AT_external
	.byte	13                      @ Abbrev [13] 0x14a:0xf DW_TAG_formal_parameter
	.long	.Ldebug_loc4            @ DW_AT_location
	.long	.Linfo_string18         @ DW_AT_name
	.byte	3                       @ DW_AT_decl_file
	.byte	152                     @ DW_AT_decl_line
	.long	147                     @ DW_AT_type
	.byte	13                      @ Abbrev [13] 0x159:0xf DW_TAG_formal_parameter
	.long	.Ldebug_loc5            @ DW_AT_location
	.long	.Linfo_string19         @ DW_AT_name
	.byte	3                       @ DW_AT_decl_file
	.byte	152                     @ DW_AT_decl_line
	.long	361                     @ DW_AT_type
	.byte	0                       @ End Of Children Mark
	.byte	6                       @ Abbrev [6] 0x169:0xc DW_TAG_typedef
	.long	38                      @ DW_AT_type
	.long	.Linfo_string20         @ DW_AT_name
	.byte	1                       @ DW_AT_decl_file
	.short	589                     @ DW_AT_decl_line
	.byte	0                       @ End Of Children Mark
.Ldebug_info_end0:
	.section	.debug_ranges,"",%progbits
.Ldebug_ranges0:
	.long	.Lfunc_begin0
	.long	.Lfunc_end0
	.long	.Lfunc_begin1
	.long	.Lfunc_end1
	.long	.Lfunc_begin2
	.long	.Lfunc_end2
	.long	.Lfunc_begin3
	.long	.Lfunc_end3
	.long	.Lfunc_begin4
	.long	.Lfunc_end4
	.long	0
	.long	0
	.section	.debug_macinfo,"",%progbits
	.byte	0                       @ End Of Macro List Mark

	.ident	"Component: ARM Compiler 6.12 Tool: armclang [5d624a00]"
	.section	".note.GNU-stack","",%progbits
	.eabi_attribute	30, 3	@ Tag_ABI_optimization_goals
	.ARM_attribute	16, 1	@ Tag_AV_eba
	.section	.debug_line,"",%progbits
.Lline_table_start0:
