	.text
	.syntax unified
	.eabi_attribute	67, "2.09"	@ Tag_conformance
	.cpu	cortex-m4
	.eabi_attribute	6, 13	@ Tag_CPU_arch
	.eabi_attribute	7, 77	@ Tag_CPU_arch_profile
	.eabi_attribute	8, 0	@ Tag_ARM_ISA_use
	.eabi_attribute	9, 2	@ Tag_THUMB_ISA_use
	.fpu	fpv4-sp-d16
	.eabi_attribute	27, 1	@ Tag_ABI_HardFP_use
	.eabi_attribute	36, 1	@ Tag_FP_HP_extension
	.eabi_attribute	34, 1	@ Tag_CPU_unaligned_access
	.eabi_attribute	17, 1	@ Tag_ABI_PCS_GOT_use
	.eabi_attribute	20, 2	@ Tag_ABI_FP_denormal
	.eabi_attribute	21, 0	@ Tag_ABI_FP_exceptions
	.eabi_attribute	23, 1	@ Tag_ABI_FP_number_model
	.eabi_attribute	24, 1	@ Tag_ABI_align_needed
	.eabi_attribute	25, 1	@ Tag_ABI_align_preserved
	.eabi_attribute	28, 1	@ Tag_ABI_VFP_args
	.eabi_attribute	38, 1	@ Tag_ABI_FP_16bit_format
	.eabi_attribute	18, 2	@ Tag_ABI_PCS_wchar_t
	.eabi_attribute	26, 1	@ Tag_ABI_enum_size
	.eabi_attribute	14, 0	@ Tag_ABI_PCS_R9_use
	.file	"stm32f4xx_exti.c"
	.file	1 "F:\\SkyDrive\\OtvoreniProjekti\\HotelSaplast\\fw\\KontrolerHotela\\HC070318\\Project" "../Libraries/STM32F4xx_StdPeriph_Driver/inc\\stm32f4xx_exti.h"
	.file	2 "F:\\SkyDrive\\OtvoreniProjekti\\HotelSaplast\\fw\\KontrolerHotela\\HC070318\\Project" "../Libraries/CMSIS/Device/ST/STM32F4xx/Include\\stm32f4xx.h"
	.file	3 "C:\\Keil\\ARM\\ARMCLANG\\Bin\\..\\include" "stdint.h"
	.section	.text.EXTI_DeInit,"ax",%progbits
	.hidden	EXTI_DeInit             @ -- Begin function EXTI_DeInit
	.globl	EXTI_DeInit
	.p2align	1
	.type	EXTI_DeInit,%function
	.code	16                      @ @EXTI_DeInit
	.thumb_func
EXTI_DeInit:
.Lfunc_begin0:
	.file	4 "F:\\SkyDrive\\OtvoreniProjekti\\HotelSaplast\\fw\\KontrolerHotela\\HC070318\\Project" "../Libraries/STM32F4xx_StdPeriph_Driver/src/stm32f4xx_exti.c"
	.loc	4 110 0                 @ ../Libraries/STM32F4xx_StdPeriph_Driver/src/stm32f4xx_exti.c:110:0
	.fnstart
	.cfi_sections .debug_frame
	.cfi_startproc
@ %bb.0:
	movw	r0, #15360
	movs	r1, #0
	movt	r0, #16385
.Ltmp0:
	.loc	4 111 13 prologue_end   @ ../Libraries/STM32F4xx_StdPeriph_Driver/src/stm32f4xx_exti.c:111:13
	str	r1, [r0]
	.loc	4 112 13                @ ../Libraries/STM32F4xx_StdPeriph_Driver/src/stm32f4xx_exti.c:112:13
	str	r1, [r0, #4]
	.loc	4 113 14                @ ../Libraries/STM32F4xx_StdPeriph_Driver/src/stm32f4xx_exti.c:113:14
	str	r1, [r0, #8]
	.loc	4 114 14                @ ../Libraries/STM32F4xx_StdPeriph_Driver/src/stm32f4xx_exti.c:114:14
	str	r1, [r0, #12]
	movw	r1, #65535
	movt	r1, #127
	.loc	4 115 12                @ ../Libraries/STM32F4xx_StdPeriph_Driver/src/stm32f4xx_exti.c:115:12
	str	r1, [r0, #20]
	.loc	4 116 1                 @ ../Libraries/STM32F4xx_StdPeriph_Driver/src/stm32f4xx_exti.c:116:1
	bx	lr
.Ltmp1:
.Lfunc_end0:
	.size	EXTI_DeInit, .Lfunc_end0-EXTI_DeInit
	.cfi_endproc
	.cantunwind
	.fnend
                                        @ -- End function
	.section	.text.EXTI_Init,"ax",%progbits
	.hidden	EXTI_Init               @ -- Begin function EXTI_Init
	.globl	EXTI_Init
	.p2align	1
	.type	EXTI_Init,%function
	.code	16                      @ @EXTI_Init
	.thumb_func
EXTI_Init:
.Lfunc_begin1:
	.loc	4 126 0                 @ ../Libraries/STM32F4xx_StdPeriph_Driver/src/stm32f4xx_exti.c:126:0
	.fnstart
	.cfi_startproc
@ %bb.0:
	@DEBUG_VALUE: EXTI_Init:EXTI_InitStruct <- $r0
	@DEBUG_VALUE: EXTI_Init:EXTI_InitStruct <- $r0
	@DEBUG_VALUE: EXTI_Init:tmp <- 1073822720
	.loc	4 137 24 prologue_end   @ ../Libraries/STM32F4xx_StdPeriph_Driver/src/stm32f4xx_exti.c:137:24
	ldrb	r2, [r0, #6]
	movw	r1, #15360
	movt	r1, #16385
.Ltmp2:
	.loc	4 137 7 is_stmt 0       @ ../Libraries/STM32F4xx_StdPeriph_Driver/src/stm32f4xx_exti.c:137:7
	cbz	r2, .LBB1_3
.Ltmp3:
@ %bb.1:
	@DEBUG_VALUE: EXTI_Init:EXTI_InitStruct <- $r0
	.loc	4 140 36 is_stmt 1      @ ../Libraries/STM32F4xx_StdPeriph_Driver/src/stm32f4xx_exti.c:140:36
	ldr	r2, [r0]
	.loc	4 140 15 is_stmt 0      @ ../Libraries/STM32F4xx_StdPeriph_Driver/src/stm32f4xx_exti.c:140:15
	ldr	r3, [r1]
	bics	r3, r2
	str	r3, [r1]
	.loc	4 141 15 is_stmt 1      @ ../Libraries/STM32F4xx_StdPeriph_Driver/src/stm32f4xx_exti.c:141:15
	ldr	r3, [r1, #4]
	bics	r3, r2
	str	r3, [r1, #4]
	.loc	4 143 29                @ ../Libraries/STM32F4xx_StdPeriph_Driver/src/stm32f4xx_exti.c:143:29
	ldrb	r3, [r0, #4]
	.loc	4 143 9 is_stmt 0       @ ../Libraries/STM32F4xx_StdPeriph_Driver/src/stm32f4xx_exti.c:143:9
	orr.w	r12, r3, r1
.Ltmp4:
	@DEBUG_VALUE: EXTI_Init:tmp <- $r12
	.loc	4 145 28 is_stmt 1      @ ../Libraries/STM32F4xx_StdPeriph_Driver/src/stm32f4xx_exti.c:145:28
	ldr.w	r3, [r12]
	orrs	r2, r3
	str.w	r2, [r12]
	.loc	4 148 37                @ ../Libraries/STM32F4xx_StdPeriph_Driver/src/stm32f4xx_exti.c:148:37
	ldr	r2, [r0]
	.loc	4 148 16 is_stmt 0      @ ../Libraries/STM32F4xx_StdPeriph_Driver/src/stm32f4xx_exti.c:148:16
	ldr	r3, [r1, #8]
	bics	r3, r2
	str	r3, [r1, #8]
	.loc	4 149 16 is_stmt 1      @ ../Libraries/STM32F4xx_StdPeriph_Driver/src/stm32f4xx_exti.c:149:16
	ldr	r3, [r1, #12]
	bics	r3, r2
	str	r3, [r1, #12]
.Ltmp5:
	.loc	4 152 26                @ ../Libraries/STM32F4xx_StdPeriph_Driver/src/stm32f4xx_exti.c:152:26
	ldrb	r0, [r0, #5]
.Ltmp6:
	.loc	4 152 9 is_stmt 0       @ ../Libraries/STM32F4xx_StdPeriph_Driver/src/stm32f4xx_exti.c:152:9
	cmp	r0, #16
	bne	.LBB1_4
.Ltmp7:
@ %bb.2:
	@DEBUG_VALUE: EXTI_Init:tmp <- $r12
	.loc	4 155 18 is_stmt 1      @ ../Libraries/STM32F4xx_StdPeriph_Driver/src/stm32f4xx_exti.c:155:18
	ldr	r0, [r1, #8]
	orrs	r0, r2
	str	r0, [r1, #8]
	.loc	4 156 18                @ ../Libraries/STM32F4xx_StdPeriph_Driver/src/stm32f4xx_exti.c:156:18
	ldr	r0, [r1, #12]
	orrs	r0, r2
	str	r0, [r1, #12]
.Ltmp8:
	.loc	4 173 1                 @ ../Libraries/STM32F4xx_StdPeriph_Driver/src/stm32f4xx_exti.c:173:1
	bx	lr
.Ltmp9:
.LBB1_3:
	@DEBUG_VALUE: EXTI_Init:EXTI_InitStruct <- $r0
	.loc	4 168 29                @ ../Libraries/STM32F4xx_StdPeriph_Driver/src/stm32f4xx_exti.c:168:29
	ldrb	r2, [r0, #4]
	.loc	4 171 49                @ ../Libraries/STM32F4xx_StdPeriph_Driver/src/stm32f4xx_exti.c:171:49
	ldr	r0, [r0]
.Ltmp10:
	.loc	4 168 9                 @ ../Libraries/STM32F4xx_StdPeriph_Driver/src/stm32f4xx_exti.c:168:9
	orrs	r1, r2
.Ltmp11:
	@DEBUG_VALUE: EXTI_Init:tmp <- $r1
	.loc	4 171 28                @ ../Libraries/STM32F4xx_StdPeriph_Driver/src/stm32f4xx_exti.c:171:28
	ldr	r2, [r1]
	bic.w	r0, r2, r0
	str	r0, [r1]
.Ltmp12:
	.loc	4 173 1                 @ ../Libraries/STM32F4xx_StdPeriph_Driver/src/stm32f4xx_exti.c:173:1
	bx	lr
.Ltmp13:
.LBB1_4:
	@DEBUG_VALUE: EXTI_Init:tmp <- $r12
	@DEBUG_VALUE: EXTI_Init:tmp <- 1073822720
	.loc	4 161 11                @ ../Libraries/STM32F4xx_StdPeriph_Driver/src/stm32f4xx_exti.c:161:11
	orrs	r0, r1
.Ltmp14:
	@DEBUG_VALUE: EXTI_Init:tmp <- $r0
	.loc	4 163 30                @ ../Libraries/STM32F4xx_StdPeriph_Driver/src/stm32f4xx_exti.c:163:30
	ldr	r1, [r0]
	orrs	r1, r2
	str	r1, [r0]
.Ltmp15:
	.loc	4 173 1                 @ ../Libraries/STM32F4xx_StdPeriph_Driver/src/stm32f4xx_exti.c:173:1
	bx	lr
.Ltmp16:
.Lfunc_end1:
	.size	EXTI_Init, .Lfunc_end1-EXTI_Init
	.cfi_endproc
	.cantunwind
	.fnend
                                        @ -- End function
	.section	.text.EXTI_StructInit,"ax",%progbits
	.hidden	EXTI_StructInit         @ -- Begin function EXTI_StructInit
	.globl	EXTI_StructInit
	.p2align	1
	.type	EXTI_StructInit,%function
	.code	16                      @ @EXTI_StructInit
	.thumb_func
EXTI_StructInit:
.Lfunc_begin2:
	.loc	4 182 0                 @ ../Libraries/STM32F4xx_StdPeriph_Driver/src/stm32f4xx_exti.c:182:0
	.fnstart
	.cfi_startproc
@ %bb.0:
	@DEBUG_VALUE: EXTI_StructInit:EXTI_InitStruct <- $r0
	movs	r1, #0
	@DEBUG_VALUE: EXTI_StructInit:EXTI_InitStruct <- $r0
	mov.w	r2, #3072
.Ltmp17:
	.loc	4 186 33 prologue_end   @ ../Libraries/STM32F4xx_StdPeriph_Driver/src/stm32f4xx_exti.c:186:33
	strb	r1, [r0, #6]
	.loc	4 184 30                @ ../Libraries/STM32F4xx_StdPeriph_Driver/src/stm32f4xx_exti.c:184:30
	strh	r2, [r0, #4]
	.loc	4 183 30                @ ../Libraries/STM32F4xx_StdPeriph_Driver/src/stm32f4xx_exti.c:183:30
	str	r1, [r0]
	.loc	4 187 1                 @ ../Libraries/STM32F4xx_StdPeriph_Driver/src/stm32f4xx_exti.c:187:1
	bx	lr
.Ltmp18:
.Lfunc_end2:
	.size	EXTI_StructInit, .Lfunc_end2-EXTI_StructInit
	.cfi_endproc
	.cantunwind
	.fnend
                                        @ -- End function
	.section	.text.EXTI_GenerateSWInterrupt,"ax",%progbits
	.hidden	EXTI_GenerateSWInterrupt @ -- Begin function EXTI_GenerateSWInterrupt
	.globl	EXTI_GenerateSWInterrupt
	.p2align	1
	.type	EXTI_GenerateSWInterrupt,%function
	.code	16                      @ @EXTI_GenerateSWInterrupt
	.thumb_func
EXTI_GenerateSWInterrupt:
.Lfunc_begin3:
	.loc	4 197 0                 @ ../Libraries/STM32F4xx_StdPeriph_Driver/src/stm32f4xx_exti.c:197:0
	.fnstart
	.cfi_startproc
@ %bb.0:
	@DEBUG_VALUE: EXTI_GenerateSWInterrupt:EXTI_Line <- $r0
	movw	r1, #15376
	movt	r1, #16385
	@DEBUG_VALUE: EXTI_GenerateSWInterrupt:EXTI_Line <- $r0
.Ltmp19:
	.loc	4 201 15 prologue_end   @ ../Libraries/STM32F4xx_StdPeriph_Driver/src/stm32f4xx_exti.c:201:15
	ldr	r2, [r1]
	orrs	r0, r2
.Ltmp20:
	str	r0, [r1]
	.loc	4 202 1                 @ ../Libraries/STM32F4xx_StdPeriph_Driver/src/stm32f4xx_exti.c:202:1
	bx	lr
.Ltmp21:
.Lfunc_end3:
	.size	EXTI_GenerateSWInterrupt, .Lfunc_end3-EXTI_GenerateSWInterrupt
	.cfi_endproc
	.cantunwind
	.fnend
                                        @ -- End function
	.section	.text.EXTI_GetFlagStatus,"ax",%progbits
	.hidden	EXTI_GetFlagStatus      @ -- Begin function EXTI_GetFlagStatus
	.globl	EXTI_GetFlagStatus
	.p2align	1
	.type	EXTI_GetFlagStatus,%function
	.code	16                      @ @EXTI_GetFlagStatus
	.thumb_func
EXTI_GetFlagStatus:
.Lfunc_begin4:
	.loc	4 227 0                 @ ../Libraries/STM32F4xx_StdPeriph_Driver/src/stm32f4xx_exti.c:227:0
	.fnstart
	.cfi_startproc
@ %bb.0:
	@DEBUG_VALUE: EXTI_GetFlagStatus:EXTI_Line <- $r0
	movw	r1, #15380
	movt	r1, #16385
.Ltmp22:
	@DEBUG_VALUE: EXTI_GetFlagStatus:bitstatus <- 0
	@DEBUG_VALUE: EXTI_GetFlagStatus:EXTI_Line <- $r0
	.loc	4 232 14 prologue_end   @ ../Libraries/STM32F4xx_StdPeriph_Driver/src/stm32f4xx_exti.c:232:14
	ldr	r1, [r1]
	.loc	4 232 17 is_stmt 0      @ ../Libraries/STM32F4xx_StdPeriph_Driver/src/stm32f4xx_exti.c:232:17
	ands	r0, r1
.Ltmp23:
	.loc	4 232 30                @ ../Libraries/STM32F4xx_StdPeriph_Driver/src/stm32f4xx_exti.c:232:30
	it	ne
	movne	r0, #1
.Ltmp24:
	@DEBUG_VALUE: EXTI_GetFlagStatus:bitstatus <- undef
	.loc	4 240 3 is_stmt 1       @ ../Libraries/STM32F4xx_StdPeriph_Driver/src/stm32f4xx_exti.c:240:3
	bx	lr
.Ltmp25:
.Lfunc_end4:
	.size	EXTI_GetFlagStatus, .Lfunc_end4-EXTI_GetFlagStatus
	.cfi_endproc
	.cantunwind
	.fnend
                                        @ -- End function
	.section	.text.EXTI_ClearFlag,"ax",%progbits
	.hidden	EXTI_ClearFlag          @ -- Begin function EXTI_ClearFlag
	.globl	EXTI_ClearFlag
	.p2align	1
	.type	EXTI_ClearFlag,%function
	.code	16                      @ @EXTI_ClearFlag
	.thumb_func
EXTI_ClearFlag:
.Lfunc_begin5:
	.loc	4 250 0                 @ ../Libraries/STM32F4xx_StdPeriph_Driver/src/stm32f4xx_exti.c:250:0
	.fnstart
	.cfi_startproc
@ %bb.0:
	@DEBUG_VALUE: EXTI_ClearFlag:EXTI_Line <- $r0
	movw	r1, #15380
	movt	r1, #16385
	@DEBUG_VALUE: EXTI_ClearFlag:EXTI_Line <- $r0
.Ltmp26:
	.loc	4 254 12 prologue_end   @ ../Libraries/STM32F4xx_StdPeriph_Driver/src/stm32f4xx_exti.c:254:12
	str	r0, [r1]
	.loc	4 255 1                 @ ../Libraries/STM32F4xx_StdPeriph_Driver/src/stm32f4xx_exti.c:255:1
	bx	lr
.Ltmp27:
.Lfunc_end5:
	.size	EXTI_ClearFlag, .Lfunc_end5-EXTI_ClearFlag
	.cfi_endproc
	.cantunwind
	.fnend
                                        @ -- End function
	.section	.text.EXTI_GetITStatus,"ax",%progbits
	.hidden	EXTI_GetITStatus        @ -- Begin function EXTI_GetITStatus
	.globl	EXTI_GetITStatus
	.p2align	1
	.type	EXTI_GetITStatus,%function
	.code	16                      @ @EXTI_GetITStatus
	.thumb_func
EXTI_GetITStatus:
.Lfunc_begin6:
	.loc	4 264 0                 @ ../Libraries/STM32F4xx_StdPeriph_Driver/src/stm32f4xx_exti.c:264:0
	.fnstart
	.cfi_startproc
@ %bb.0:
	@DEBUG_VALUE: EXTI_GetITStatus:EXTI_Line <- $r0
	movw	r1, #15380
	movt	r1, #16385
.Ltmp28:
	@DEBUG_VALUE: EXTI_GetITStatus:bitstatus <- 0
	@DEBUG_VALUE: EXTI_GetITStatus:EXTI_Line <- $r0
	.loc	4 269 14 prologue_end   @ ../Libraries/STM32F4xx_StdPeriph_Driver/src/stm32f4xx_exti.c:269:14
	ldr	r1, [r1]
	.loc	4 269 17 is_stmt 0      @ ../Libraries/STM32F4xx_StdPeriph_Driver/src/stm32f4xx_exti.c:269:17
	ands	r0, r1
.Ltmp29:
	.loc	4 269 30                @ ../Libraries/STM32F4xx_StdPeriph_Driver/src/stm32f4xx_exti.c:269:30
	it	ne
	movne	r0, #1
.Ltmp30:
	@DEBUG_VALUE: EXTI_GetITStatus:bitstatus <- undef
	.loc	4 277 3 is_stmt 1       @ ../Libraries/STM32F4xx_StdPeriph_Driver/src/stm32f4xx_exti.c:277:3
	bx	lr
.Ltmp31:
.Lfunc_end6:
	.size	EXTI_GetITStatus, .Lfunc_end6-EXTI_GetITStatus
	.cfi_endproc
	.cantunwind
	.fnend
                                        @ -- End function
	.section	.text.EXTI_ClearITPendingBit,"ax",%progbits
	.hidden	EXTI_ClearITPendingBit  @ -- Begin function EXTI_ClearITPendingBit
	.globl	EXTI_ClearITPendingBit
	.p2align	1
	.type	EXTI_ClearITPendingBit,%function
	.code	16                      @ @EXTI_ClearITPendingBit
	.thumb_func
EXTI_ClearITPendingBit:
.Lfunc_begin7:
	.loc	4 288 0                 @ ../Libraries/STM32F4xx_StdPeriph_Driver/src/stm32f4xx_exti.c:288:0
	.fnstart
	.cfi_startproc
@ %bb.0:
	@DEBUG_VALUE: EXTI_ClearITPendingBit:EXTI_Line <- $r0
	movw	r1, #15380
	movt	r1, #16385
	@DEBUG_VALUE: EXTI_ClearITPendingBit:EXTI_Line <- $r0
.Ltmp32:
	.loc	4 292 12 prologue_end   @ ../Libraries/STM32F4xx_StdPeriph_Driver/src/stm32f4xx_exti.c:292:12
	str	r0, [r1]
	.loc	4 293 1                 @ ../Libraries/STM32F4xx_StdPeriph_Driver/src/stm32f4xx_exti.c:293:1
	bx	lr
.Ltmp33:
.Lfunc_end7:
	.size	EXTI_ClearITPendingBit, .Lfunc_end7-EXTI_ClearITPendingBit
	.cfi_endproc
	.cantunwind
	.fnend
                                        @ -- End function
	.section	.debug_str,"MS",%progbits,1
.Linfo_string0:
	.asciz	"Component: ARM Compiler 6.12 Tool: armclang [5d624a00]" @ string offset=0
.Linfo_string1:
	.asciz	"../Libraries/STM32F4xx_StdPeriph_Driver/src\\stm32f4xx_exti.c" @ string offset=55
.Linfo_string2:
	.asciz	"F:\\SkyDrive\\OtvoreniProjekti\\HotelSaplast\\fw\\KontrolerHotela\\HC070318\\Project" @ string offset=116
.Linfo_string3:
	.asciz	"unsigned char"         @ string offset=194
.Linfo_string4:
	.asciz	"EXTI_Mode_Interrupt"   @ string offset=208
.Linfo_string5:
	.asciz	"EXTI_Mode_Event"       @ string offset=228
.Linfo_string6:
	.asciz	"EXTI_Trigger_Rising"   @ string offset=244
.Linfo_string7:
	.asciz	"EXTI_Trigger_Falling"  @ string offset=264
.Linfo_string8:
	.asciz	"EXTI_Trigger_Rising_Falling" @ string offset=285
.Linfo_string9:
	.asciz	"DISABLE"               @ string offset=313
.Linfo_string10:
	.asciz	"ENABLE"                @ string offset=321
.Linfo_string11:
	.asciz	"RESET"                 @ string offset=328
.Linfo_string12:
	.asciz	"SET"                   @ string offset=334
.Linfo_string13:
	.asciz	"IMR"                   @ string offset=338
.Linfo_string14:
	.asciz	"unsigned int"          @ string offset=342
.Linfo_string15:
	.asciz	"uint32_t"              @ string offset=355
.Linfo_string16:
	.asciz	"EMR"                   @ string offset=364
.Linfo_string17:
	.asciz	"RTSR"                  @ string offset=368
.Linfo_string18:
	.asciz	"FTSR"                  @ string offset=373
.Linfo_string19:
	.asciz	"SWIER"                 @ string offset=378
.Linfo_string20:
	.asciz	"PR"                    @ string offset=384
.Linfo_string21:
	.asciz	"EXTI_TypeDef"          @ string offset=387
.Linfo_string22:
	.asciz	"EXTI_DeInit"           @ string offset=400
.Linfo_string23:
	.asciz	"EXTI_Init"             @ string offset=412
.Linfo_string24:
	.asciz	"EXTI_StructInit"       @ string offset=422
.Linfo_string25:
	.asciz	"EXTI_GenerateSWInterrupt" @ string offset=438
.Linfo_string26:
	.asciz	"EXTI_GetFlagStatus"    @ string offset=463
.Linfo_string27:
	.asciz	"FlagStatus"            @ string offset=482
.Linfo_string28:
	.asciz	"EXTI_ClearFlag"        @ string offset=493
.Linfo_string29:
	.asciz	"EXTI_GetITStatus"      @ string offset=508
.Linfo_string30:
	.asciz	"ITStatus"              @ string offset=525
.Linfo_string31:
	.asciz	"EXTI_ClearITPendingBit" @ string offset=534
.Linfo_string32:
	.asciz	"EXTI_InitStruct"       @ string offset=557
.Linfo_string33:
	.asciz	"EXTI_Line"             @ string offset=573
.Linfo_string34:
	.asciz	"EXTI_Mode"             @ string offset=583
.Linfo_string35:
	.asciz	"EXTIMode_TypeDef"      @ string offset=593
.Linfo_string36:
	.asciz	"EXTI_Trigger"          @ string offset=610
.Linfo_string37:
	.asciz	"EXTITrigger_TypeDef"   @ string offset=623
.Linfo_string38:
	.asciz	"EXTI_LineCmd"          @ string offset=643
.Linfo_string39:
	.asciz	"FunctionalState"       @ string offset=656
.Linfo_string40:
	.asciz	"EXTI_InitTypeDef"      @ string offset=672
.Linfo_string41:
	.asciz	"tmp"                   @ string offset=689
.Linfo_string42:
	.asciz	"bitstatus"             @ string offset=693
	.section	.debug_loc,"",%progbits
.Ldebug_loc0:
	.long	.Lfunc_begin1
	.long	.Ltmp6
	.short	1                       @ Loc expr size
	.byte	80                      @ DW_OP_reg0
	.long	.Ltmp9
	.long	.Ltmp10
	.short	1                       @ Loc expr size
	.byte	80                      @ DW_OP_reg0
	.long	0
	.long	0
.Ldebug_loc1:
	.long	.Lfunc_begin1
	.long	.Ltmp4
	.short	6                       @ Loc expr size
	.byte	16                      @ DW_OP_constu
	.byte	128                     @ 1073822720
	.byte	248                     @ 
	.byte	132                     @ 
	.byte	128                     @ 
	.byte	4                       @ 
	.long	.Ltmp4
	.long	.Ltmp9
	.short	1                       @ Loc expr size
	.byte	92                      @ DW_OP_reg12
	.long	.Ltmp11
	.long	.Ltmp13
	.short	1                       @ Loc expr size
	.byte	81                      @ DW_OP_reg1
	.long	.Ltmp13
	.long	.Ltmp14
	.short	6                       @ Loc expr size
	.byte	16                      @ DW_OP_constu
	.byte	128                     @ 1073822720
	.byte	248                     @ 
	.byte	132                     @ 
	.byte	128                     @ 
	.byte	4                       @ 
	.long	.Ltmp14
	.long	.Lfunc_end1
	.short	1                       @ Loc expr size
	.byte	80                      @ DW_OP_reg0
	.long	0
	.long	0
.Ldebug_loc2:
	.long	.Lfunc_begin3
	.long	.Ltmp20
	.short	1                       @ Loc expr size
	.byte	80                      @ DW_OP_reg0
	.long	0
	.long	0
.Ldebug_loc3:
	.long	.Lfunc_begin4
	.long	.Ltmp23
	.short	1                       @ Loc expr size
	.byte	80                      @ DW_OP_reg0
	.long	0
	.long	0
.Ldebug_loc4:
	.long	.Ltmp22
	.long	.Ltmp24
	.short	1                       @ Loc expr size
	.byte	48                      @ DW_OP_lit0
	.long	0
	.long	0
.Ldebug_loc5:
	.long	.Lfunc_begin6
	.long	.Ltmp29
	.short	1                       @ Loc expr size
	.byte	80                      @ DW_OP_reg0
	.long	0
	.long	0
.Ldebug_loc6:
	.long	.Ltmp28
	.long	.Ltmp30
	.short	1                       @ Loc expr size
	.byte	48                      @ DW_OP_lit0
	.long	0
	.long	0
	.section	.debug_abbrev,"",%progbits
	.byte	1                       @ Abbreviation Code
	.byte	17                      @ DW_TAG_compile_unit
	.byte	1                       @ DW_CHILDREN_yes
	.byte	37                      @ DW_AT_producer
	.byte	14                      @ DW_FORM_strp
	.byte	19                      @ DW_AT_language
	.byte	5                       @ DW_FORM_data2
	.byte	3                       @ DW_AT_name
	.byte	14                      @ DW_FORM_strp
	.byte	16                      @ DW_AT_stmt_list
	.byte	6                       @ DW_FORM_data4
	.byte	27                      @ DW_AT_comp_dir
	.byte	14                      @ DW_FORM_strp
	.byte	17                      @ DW_AT_low_pc
	.byte	1                       @ DW_FORM_addr
	.byte	85                      @ DW_AT_ranges
	.byte	6                       @ DW_FORM_data4
	.byte	0                       @ EOM(1)
	.byte	0                       @ EOM(2)
	.byte	2                       @ Abbreviation Code
	.byte	4                       @ DW_TAG_enumeration_type
	.byte	1                       @ DW_CHILDREN_yes
	.byte	73                      @ DW_AT_type
	.byte	19                      @ DW_FORM_ref4
	.byte	11                      @ DW_AT_byte_size
	.byte	11                      @ DW_FORM_data1
	.byte	58                      @ DW_AT_decl_file
	.byte	11                      @ DW_FORM_data1
	.byte	59                      @ DW_AT_decl_line
	.byte	11                      @ DW_FORM_data1
	.byte	0                       @ EOM(1)
	.byte	0                       @ EOM(2)
	.byte	3                       @ Abbreviation Code
	.byte	40                      @ DW_TAG_enumerator
	.byte	0                       @ DW_CHILDREN_no
	.byte	3                       @ DW_AT_name
	.byte	14                      @ DW_FORM_strp
	.byte	28                      @ DW_AT_const_value
	.byte	15                      @ DW_FORM_udata
	.byte	0                       @ EOM(1)
	.byte	0                       @ EOM(2)
	.byte	4                       @ Abbreviation Code
	.byte	36                      @ DW_TAG_base_type
	.byte	0                       @ DW_CHILDREN_no
	.byte	3                       @ DW_AT_name
	.byte	14                      @ DW_FORM_strp
	.byte	62                      @ DW_AT_encoding
	.byte	11                      @ DW_FORM_data1
	.byte	11                      @ DW_AT_byte_size
	.byte	11                      @ DW_FORM_data1
	.byte	0                       @ EOM(1)
	.byte	0                       @ EOM(2)
	.byte	5                       @ Abbreviation Code
	.byte	4                       @ DW_TAG_enumeration_type
	.byte	1                       @ DW_CHILDREN_yes
	.byte	73                      @ DW_AT_type
	.byte	19                      @ DW_FORM_ref4
	.byte	11                      @ DW_AT_byte_size
	.byte	11                      @ DW_FORM_data1
	.byte	58                      @ DW_AT_decl_file
	.byte	11                      @ DW_FORM_data1
	.byte	59                      @ DW_AT_decl_line
	.byte	5                       @ DW_FORM_data2
	.byte	0                       @ EOM(1)
	.byte	0                       @ EOM(2)
	.byte	6                       @ Abbreviation Code
	.byte	15                      @ DW_TAG_pointer_type
	.byte	0                       @ DW_CHILDREN_no
	.byte	73                      @ DW_AT_type
	.byte	19                      @ DW_FORM_ref4
	.byte	0                       @ EOM(1)
	.byte	0                       @ EOM(2)
	.byte	7                       @ Abbreviation Code
	.byte	22                      @ DW_TAG_typedef
	.byte	0                       @ DW_CHILDREN_no
	.byte	73                      @ DW_AT_type
	.byte	19                      @ DW_FORM_ref4
	.byte	3                       @ DW_AT_name
	.byte	14                      @ DW_FORM_strp
	.byte	58                      @ DW_AT_decl_file
	.byte	11                      @ DW_FORM_data1
	.byte	59                      @ DW_AT_decl_line
	.byte	5                       @ DW_FORM_data2
	.byte	0                       @ EOM(1)
	.byte	0                       @ EOM(2)
	.byte	8                       @ Abbreviation Code
	.byte	19                      @ DW_TAG_structure_type
	.byte	1                       @ DW_CHILDREN_yes
	.byte	11                      @ DW_AT_byte_size
	.byte	11                      @ DW_FORM_data1
	.byte	58                      @ DW_AT_decl_file
	.byte	11                      @ DW_FORM_data1
	.byte	59                      @ DW_AT_decl_line
	.byte	5                       @ DW_FORM_data2
	.byte	0                       @ EOM(1)
	.byte	0                       @ EOM(2)
	.byte	9                       @ Abbreviation Code
	.byte	13                      @ DW_TAG_member
	.byte	0                       @ DW_CHILDREN_no
	.byte	3                       @ DW_AT_name
	.byte	14                      @ DW_FORM_strp
	.byte	73                      @ DW_AT_type
	.byte	19                      @ DW_FORM_ref4
	.byte	58                      @ DW_AT_decl_file
	.byte	11                      @ DW_FORM_data1
	.byte	59                      @ DW_AT_decl_line
	.byte	5                       @ DW_FORM_data2
	.byte	56                      @ DW_AT_data_member_location
	.byte	11                      @ DW_FORM_data1
	.byte	0                       @ EOM(1)
	.byte	0                       @ EOM(2)
	.byte	10                      @ Abbreviation Code
	.byte	53                      @ DW_TAG_volatile_type
	.byte	0                       @ DW_CHILDREN_no
	.byte	73                      @ DW_AT_type
	.byte	19                      @ DW_FORM_ref4
	.byte	0                       @ EOM(1)
	.byte	0                       @ EOM(2)
	.byte	11                      @ Abbreviation Code
	.byte	22                      @ DW_TAG_typedef
	.byte	0                       @ DW_CHILDREN_no
	.byte	73                      @ DW_AT_type
	.byte	19                      @ DW_FORM_ref4
	.byte	3                       @ DW_AT_name
	.byte	14                      @ DW_FORM_strp
	.byte	58                      @ DW_AT_decl_file
	.byte	11                      @ DW_FORM_data1
	.byte	59                      @ DW_AT_decl_line
	.byte	11                      @ DW_FORM_data1
	.byte	0                       @ EOM(1)
	.byte	0                       @ EOM(2)
	.byte	12                      @ Abbreviation Code
	.byte	46                      @ DW_TAG_subprogram
	.byte	0                       @ DW_CHILDREN_no
	.byte	17                      @ DW_AT_low_pc
	.byte	1                       @ DW_FORM_addr
	.byte	18                      @ DW_AT_high_pc
	.byte	1                       @ DW_FORM_addr
	.byte	64                      @ DW_AT_frame_base
	.byte	10                      @ DW_FORM_block1
	.byte	3                       @ DW_AT_name
	.byte	14                      @ DW_FORM_strp
	.byte	58                      @ DW_AT_decl_file
	.byte	11                      @ DW_FORM_data1
	.byte	59                      @ DW_AT_decl_line
	.byte	11                      @ DW_FORM_data1
	.byte	39                      @ DW_AT_prototyped
	.byte	12                      @ DW_FORM_flag
	.byte	63                      @ DW_AT_external
	.byte	12                      @ DW_FORM_flag
	.byte	0                       @ EOM(1)
	.byte	0                       @ EOM(2)
	.byte	13                      @ Abbreviation Code
	.byte	46                      @ DW_TAG_subprogram
	.byte	1                       @ DW_CHILDREN_yes
	.byte	17                      @ DW_AT_low_pc
	.byte	1                       @ DW_FORM_addr
	.byte	18                      @ DW_AT_high_pc
	.byte	1                       @ DW_FORM_addr
	.byte	64                      @ DW_AT_frame_base
	.byte	10                      @ DW_FORM_block1
	.byte	3                       @ DW_AT_name
	.byte	14                      @ DW_FORM_strp
	.byte	58                      @ DW_AT_decl_file
	.byte	11                      @ DW_FORM_data1
	.byte	59                      @ DW_AT_decl_line
	.byte	11                      @ DW_FORM_data1
	.byte	39                      @ DW_AT_prototyped
	.byte	12                      @ DW_FORM_flag
	.byte	63                      @ DW_AT_external
	.byte	12                      @ DW_FORM_flag
	.byte	0                       @ EOM(1)
	.byte	0                       @ EOM(2)
	.byte	14                      @ Abbreviation Code
	.byte	5                       @ DW_TAG_formal_parameter
	.byte	0                       @ DW_CHILDREN_no
	.byte	2                       @ DW_AT_location
	.byte	6                       @ DW_FORM_data4
	.byte	3                       @ DW_AT_name
	.byte	14                      @ DW_FORM_strp
	.byte	58                      @ DW_AT_decl_file
	.byte	11                      @ DW_FORM_data1
	.byte	59                      @ DW_AT_decl_line
	.byte	11                      @ DW_FORM_data1
	.byte	73                      @ DW_AT_type
	.byte	19                      @ DW_FORM_ref4
	.byte	0                       @ EOM(1)
	.byte	0                       @ EOM(2)
	.byte	15                      @ Abbreviation Code
	.byte	52                      @ DW_TAG_variable
	.byte	0                       @ DW_CHILDREN_no
	.byte	2                       @ DW_AT_location
	.byte	6                       @ DW_FORM_data4
	.byte	3                       @ DW_AT_name
	.byte	14                      @ DW_FORM_strp
	.byte	58                      @ DW_AT_decl_file
	.byte	11                      @ DW_FORM_data1
	.byte	59                      @ DW_AT_decl_line
	.byte	11                      @ DW_FORM_data1
	.byte	73                      @ DW_AT_type
	.byte	19                      @ DW_FORM_ref4
	.byte	0                       @ EOM(1)
	.byte	0                       @ EOM(2)
	.byte	16                      @ Abbreviation Code
	.byte	5                       @ DW_TAG_formal_parameter
	.byte	0                       @ DW_CHILDREN_no
	.byte	2                       @ DW_AT_location
	.byte	10                      @ DW_FORM_block1
	.byte	3                       @ DW_AT_name
	.byte	14                      @ DW_FORM_strp
	.byte	58                      @ DW_AT_decl_file
	.byte	11                      @ DW_FORM_data1
	.byte	59                      @ DW_AT_decl_line
	.byte	11                      @ DW_FORM_data1
	.byte	73                      @ DW_AT_type
	.byte	19                      @ DW_FORM_ref4
	.byte	0                       @ EOM(1)
	.byte	0                       @ EOM(2)
	.byte	17                      @ Abbreviation Code
	.byte	46                      @ DW_TAG_subprogram
	.byte	1                       @ DW_CHILDREN_yes
	.byte	17                      @ DW_AT_low_pc
	.byte	1                       @ DW_FORM_addr
	.byte	18                      @ DW_AT_high_pc
	.byte	1                       @ DW_FORM_addr
	.byte	64                      @ DW_AT_frame_base
	.byte	10                      @ DW_FORM_block1
	.byte	3                       @ DW_AT_name
	.byte	14                      @ DW_FORM_strp
	.byte	58                      @ DW_AT_decl_file
	.byte	11                      @ DW_FORM_data1
	.byte	59                      @ DW_AT_decl_line
	.byte	11                      @ DW_FORM_data1
	.byte	39                      @ DW_AT_prototyped
	.byte	12                      @ DW_FORM_flag
	.byte	73                      @ DW_AT_type
	.byte	19                      @ DW_FORM_ref4
	.byte	63                      @ DW_AT_external
	.byte	12                      @ DW_FORM_flag
	.byte	0                       @ EOM(1)
	.byte	0                       @ EOM(2)
	.byte	18                      @ Abbreviation Code
	.byte	46                      @ DW_TAG_subprogram
	.byte	1                       @ DW_CHILDREN_yes
	.byte	17                      @ DW_AT_low_pc
	.byte	1                       @ DW_FORM_addr
	.byte	18                      @ DW_AT_high_pc
	.byte	1                       @ DW_FORM_addr
	.byte	64                      @ DW_AT_frame_base
	.byte	10                      @ DW_FORM_block1
	.byte	3                       @ DW_AT_name
	.byte	14                      @ DW_FORM_strp
	.byte	58                      @ DW_AT_decl_file
	.byte	11                      @ DW_FORM_data1
	.byte	59                      @ DW_AT_decl_line
	.byte	5                       @ DW_FORM_data2
	.byte	39                      @ DW_AT_prototyped
	.byte	12                      @ DW_FORM_flag
	.byte	73                      @ DW_AT_type
	.byte	19                      @ DW_FORM_ref4
	.byte	63                      @ DW_AT_external
	.byte	12                      @ DW_FORM_flag
	.byte	0                       @ EOM(1)
	.byte	0                       @ EOM(2)
	.byte	19                      @ Abbreviation Code
	.byte	5                       @ DW_TAG_formal_parameter
	.byte	0                       @ DW_CHILDREN_no
	.byte	2                       @ DW_AT_location
	.byte	6                       @ DW_FORM_data4
	.byte	3                       @ DW_AT_name
	.byte	14                      @ DW_FORM_strp
	.byte	58                      @ DW_AT_decl_file
	.byte	11                      @ DW_FORM_data1
	.byte	59                      @ DW_AT_decl_line
	.byte	5                       @ DW_FORM_data2
	.byte	73                      @ DW_AT_type
	.byte	19                      @ DW_FORM_ref4
	.byte	0                       @ EOM(1)
	.byte	0                       @ EOM(2)
	.byte	20                      @ Abbreviation Code
	.byte	52                      @ DW_TAG_variable
	.byte	0                       @ DW_CHILDREN_no
	.byte	2                       @ DW_AT_location
	.byte	6                       @ DW_FORM_data4
	.byte	3                       @ DW_AT_name
	.byte	14                      @ DW_FORM_strp
	.byte	58                      @ DW_AT_decl_file
	.byte	11                      @ DW_FORM_data1
	.byte	59                      @ DW_AT_decl_line
	.byte	5                       @ DW_FORM_data2
	.byte	73                      @ DW_AT_type
	.byte	19                      @ DW_FORM_ref4
	.byte	0                       @ EOM(1)
	.byte	0                       @ EOM(2)
	.byte	21                      @ Abbreviation Code
	.byte	46                      @ DW_TAG_subprogram
	.byte	1                       @ DW_CHILDREN_yes
	.byte	17                      @ DW_AT_low_pc
	.byte	1                       @ DW_FORM_addr
	.byte	18                      @ DW_AT_high_pc
	.byte	1                       @ DW_FORM_addr
	.byte	64                      @ DW_AT_frame_base
	.byte	10                      @ DW_FORM_block1
	.byte	3                       @ DW_AT_name
	.byte	14                      @ DW_FORM_strp
	.byte	58                      @ DW_AT_decl_file
	.byte	11                      @ DW_FORM_data1
	.byte	59                      @ DW_AT_decl_line
	.byte	5                       @ DW_FORM_data2
	.byte	39                      @ DW_AT_prototyped
	.byte	12                      @ DW_FORM_flag
	.byte	63                      @ DW_AT_external
	.byte	12                      @ DW_FORM_flag
	.byte	0                       @ EOM(1)
	.byte	0                       @ EOM(2)
	.byte	22                      @ Abbreviation Code
	.byte	5                       @ DW_TAG_formal_parameter
	.byte	0                       @ DW_CHILDREN_no
	.byte	2                       @ DW_AT_location
	.byte	10                      @ DW_FORM_block1
	.byte	3                       @ DW_AT_name
	.byte	14                      @ DW_FORM_strp
	.byte	58                      @ DW_AT_decl_file
	.byte	11                      @ DW_FORM_data1
	.byte	59                      @ DW_AT_decl_line
	.byte	5                       @ DW_FORM_data2
	.byte	73                      @ DW_AT_type
	.byte	19                      @ DW_FORM_ref4
	.byte	0                       @ EOM(1)
	.byte	0                       @ EOM(2)
	.byte	23                      @ Abbreviation Code
	.byte	19                      @ DW_TAG_structure_type
	.byte	1                       @ DW_CHILDREN_yes
	.byte	11                      @ DW_AT_byte_size
	.byte	11                      @ DW_FORM_data1
	.byte	58                      @ DW_AT_decl_file
	.byte	11                      @ DW_FORM_data1
	.byte	59                      @ DW_AT_decl_line
	.byte	11                      @ DW_FORM_data1
	.byte	0                       @ EOM(1)
	.byte	0                       @ EOM(2)
	.byte	24                      @ Abbreviation Code
	.byte	13                      @ DW_TAG_member
	.byte	0                       @ DW_CHILDREN_no
	.byte	3                       @ DW_AT_name
	.byte	14                      @ DW_FORM_strp
	.byte	73                      @ DW_AT_type
	.byte	19                      @ DW_FORM_ref4
	.byte	58                      @ DW_AT_decl_file
	.byte	11                      @ DW_FORM_data1
	.byte	59                      @ DW_AT_decl_line
	.byte	11                      @ DW_FORM_data1
	.byte	56                      @ DW_AT_data_member_location
	.byte	11                      @ DW_FORM_data1
	.byte	0                       @ EOM(1)
	.byte	0                       @ EOM(2)
	.byte	0                       @ EOM(3)
	.section	.debug_info,"",%progbits
.Lcu_begin0:
	.long	.Ldebug_info_end0-.Ldebug_info_start0 @ Length of Unit
.Ldebug_info_start0:
	.short	3                       @ DWARF version number
	.long	.debug_abbrev           @ Offset Into Abbrev. Section
	.byte	4                       @ Address Size (in bytes)
	.byte	1                       @ Abbrev [1] 0xb:0x2bb DW_TAG_compile_unit
	.long	.Linfo_string0          @ DW_AT_producer
	.short	12                      @ DW_AT_language
	.long	.Linfo_string1          @ DW_AT_name
	.long	.Lline_table_start0     @ DW_AT_stmt_list
	.long	.Linfo_string2          @ DW_AT_comp_dir
	.long	0                       @ DW_AT_low_pc
	.long	.Ldebug_ranges0         @ DW_AT_ranges
	.byte	2                       @ Abbrev [2] 0x26:0x15 DW_TAG_enumeration_type
	.long	59                      @ DW_AT_type
	.byte	1                       @ DW_AT_byte_size
	.byte	1                       @ DW_AT_decl_file
	.byte	54                      @ DW_AT_decl_line
	.byte	3                       @ Abbrev [3] 0x2e:0x6 DW_TAG_enumerator
	.long	.Linfo_string4          @ DW_AT_name
	.byte	0                       @ DW_AT_const_value
	.byte	3                       @ Abbrev [3] 0x34:0x6 DW_TAG_enumerator
	.long	.Linfo_string5          @ DW_AT_name
	.byte	4                       @ DW_AT_const_value
	.byte	0                       @ End Of Children Mark
	.byte	4                       @ Abbrev [4] 0x3b:0x7 DW_TAG_base_type
	.long	.Linfo_string3          @ DW_AT_name
	.byte	8                       @ DW_AT_encoding
	.byte	1                       @ DW_AT_byte_size
	.byte	2                       @ Abbrev [2] 0x42:0x1b DW_TAG_enumeration_type
	.long	59                      @ DW_AT_type
	.byte	1                       @ DW_AT_byte_size
	.byte	1                       @ DW_AT_decl_file
	.byte	66                      @ DW_AT_decl_line
	.byte	3                       @ Abbrev [3] 0x4a:0x6 DW_TAG_enumerator
	.long	.Linfo_string6          @ DW_AT_name
	.byte	8                       @ DW_AT_const_value
	.byte	3                       @ Abbrev [3] 0x50:0x6 DW_TAG_enumerator
	.long	.Linfo_string7          @ DW_AT_name
	.byte	12                      @ DW_AT_const_value
	.byte	3                       @ Abbrev [3] 0x56:0x6 DW_TAG_enumerator
	.long	.Linfo_string8          @ DW_AT_name
	.byte	16                      @ DW_AT_const_value
	.byte	0                       @ End Of Children Mark
	.byte	5                       @ Abbrev [5] 0x5d:0x16 DW_TAG_enumeration_type
	.long	59                      @ DW_AT_type
	.byte	1                       @ DW_AT_byte_size
	.byte	2                       @ DW_AT_decl_file
	.short	589                     @ DW_AT_decl_line
	.byte	3                       @ Abbrev [3] 0x66:0x6 DW_TAG_enumerator
	.long	.Linfo_string9          @ DW_AT_name
	.byte	0                       @ DW_AT_const_value
	.byte	3                       @ Abbrev [3] 0x6c:0x6 DW_TAG_enumerator
	.long	.Linfo_string10         @ DW_AT_name
	.byte	1                       @ DW_AT_const_value
	.byte	0                       @ End Of Children Mark
	.byte	5                       @ Abbrev [5] 0x73:0x16 DW_TAG_enumeration_type
	.long	59                      @ DW_AT_type
	.byte	1                       @ DW_AT_byte_size
	.byte	2                       @ DW_AT_decl_file
	.short	587                     @ DW_AT_decl_line
	.byte	3                       @ Abbrev [3] 0x7c:0x6 DW_TAG_enumerator
	.long	.Linfo_string11         @ DW_AT_name
	.byte	0                       @ DW_AT_const_value
	.byte	3                       @ Abbrev [3] 0x82:0x6 DW_TAG_enumerator
	.long	.Linfo_string12         @ DW_AT_name
	.byte	1                       @ DW_AT_const_value
	.byte	0                       @ End Of Children Mark
	.byte	6                       @ Abbrev [6] 0x89:0x5 DW_TAG_pointer_type
	.long	142                     @ DW_AT_type
	.byte	7                       @ Abbrev [7] 0x8e:0xc DW_TAG_typedef
	.long	154                     @ DW_AT_type
	.long	.Linfo_string21         @ DW_AT_name
	.byte	2                       @ DW_AT_decl_file
	.short	923                     @ DW_AT_decl_line
	.byte	8                       @ Abbrev [8] 0x9a:0x54 DW_TAG_structure_type
	.byte	24                      @ DW_AT_byte_size
	.byte	2                       @ DW_AT_decl_file
	.short	915                     @ DW_AT_decl_line
	.byte	9                       @ Abbrev [9] 0x9f:0xd DW_TAG_member
	.long	.Linfo_string13         @ DW_AT_name
	.long	238                     @ DW_AT_type
	.byte	2                       @ DW_AT_decl_file
	.short	917                     @ DW_AT_decl_line
	.byte	0                       @ DW_AT_data_member_location
	.byte	9                       @ Abbrev [9] 0xac:0xd DW_TAG_member
	.long	.Linfo_string16         @ DW_AT_name
	.long	238                     @ DW_AT_type
	.byte	2                       @ DW_AT_decl_file
	.short	918                     @ DW_AT_decl_line
	.byte	4                       @ DW_AT_data_member_location
	.byte	9                       @ Abbrev [9] 0xb9:0xd DW_TAG_member
	.long	.Linfo_string17         @ DW_AT_name
	.long	238                     @ DW_AT_type
	.byte	2                       @ DW_AT_decl_file
	.short	919                     @ DW_AT_decl_line
	.byte	8                       @ DW_AT_data_member_location
	.byte	9                       @ Abbrev [9] 0xc6:0xd DW_TAG_member
	.long	.Linfo_string18         @ DW_AT_name
	.long	238                     @ DW_AT_type
	.byte	2                       @ DW_AT_decl_file
	.short	920                     @ DW_AT_decl_line
	.byte	12                      @ DW_AT_data_member_location
	.byte	9                       @ Abbrev [9] 0xd3:0xd DW_TAG_member
	.long	.Linfo_string19         @ DW_AT_name
	.long	238                     @ DW_AT_type
	.byte	2                       @ DW_AT_decl_file
	.short	921                     @ DW_AT_decl_line
	.byte	16                      @ DW_AT_data_member_location
	.byte	9                       @ Abbrev [9] 0xe0:0xd DW_TAG_member
	.long	.Linfo_string20         @ DW_AT_name
	.long	238                     @ DW_AT_type
	.byte	2                       @ DW_AT_decl_file
	.short	922                     @ DW_AT_decl_line
	.byte	20                      @ DW_AT_data_member_location
	.byte	0                       @ End Of Children Mark
	.byte	10                      @ Abbrev [10] 0xee:0x5 DW_TAG_volatile_type
	.long	243                     @ DW_AT_type
	.byte	11                      @ Abbrev [11] 0xf3:0xb DW_TAG_typedef
	.long	254                     @ DW_AT_type
	.long	.Linfo_string15         @ DW_AT_name
	.byte	3                       @ DW_AT_decl_file
	.byte	64                      @ DW_AT_decl_line
	.byte	4                       @ Abbrev [4] 0xfe:0x7 DW_TAG_base_type
	.long	.Linfo_string14         @ DW_AT_name
	.byte	7                       @ DW_AT_encoding
	.byte	4                       @ DW_AT_byte_size
	.byte	6                       @ Abbrev [6] 0x105:0x5 DW_TAG_pointer_type
	.long	238                     @ DW_AT_type
	.byte	12                      @ Abbrev [12] 0x10a:0x13 DW_TAG_subprogram
	.long	.Lfunc_begin0           @ DW_AT_low_pc
	.long	.Lfunc_end0             @ DW_AT_high_pc
	.byte	1                       @ DW_AT_frame_base
	.byte	93
	.long	.Linfo_string22         @ DW_AT_name
	.byte	4                       @ DW_AT_decl_file
	.byte	109                     @ DW_AT_decl_line
	.byte	1                       @ DW_AT_prototyped
	.byte	1                       @ DW_AT_external
	.byte	13                      @ Abbrev [13] 0x11d:0x32 DW_TAG_subprogram
	.long	.Lfunc_begin1           @ DW_AT_low_pc
	.long	.Lfunc_end1             @ DW_AT_high_pc
	.byte	1                       @ DW_AT_frame_base
	.byte	93
	.long	.Linfo_string23         @ DW_AT_name
	.byte	4                       @ DW_AT_decl_file
	.byte	125                     @ DW_AT_decl_line
	.byte	1                       @ DW_AT_prototyped
	.byte	1                       @ DW_AT_external
	.byte	14                      @ Abbrev [14] 0x130:0xf DW_TAG_formal_parameter
	.long	.Ldebug_loc0            @ DW_AT_location
	.long	.Linfo_string32         @ DW_AT_name
	.byte	4                       @ DW_AT_decl_file
	.byte	125                     @ DW_AT_decl_line
	.long	606                     @ DW_AT_type
	.byte	15                      @ Abbrev [15] 0x13f:0xf DW_TAG_variable
	.long	.Ldebug_loc1            @ DW_AT_location
	.long	.Linfo_string41         @ DW_AT_name
	.byte	4                       @ DW_AT_decl_file
	.byte	127                     @ DW_AT_decl_line
	.long	243                     @ DW_AT_type
	.byte	0                       @ End Of Children Mark
	.byte	13                      @ Abbrev [13] 0x14f:0x21 DW_TAG_subprogram
	.long	.Lfunc_begin2           @ DW_AT_low_pc
	.long	.Lfunc_end2             @ DW_AT_high_pc
	.byte	1                       @ DW_AT_frame_base
	.byte	93
	.long	.Linfo_string24         @ DW_AT_name
	.byte	4                       @ DW_AT_decl_file
	.byte	181                     @ DW_AT_decl_line
	.byte	1                       @ DW_AT_prototyped
	.byte	1                       @ DW_AT_external
	.byte	16                      @ Abbrev [16] 0x162:0xd DW_TAG_formal_parameter
	.byte	1                       @ DW_AT_location
	.byte	80
	.long	.Linfo_string32         @ DW_AT_name
	.byte	4                       @ DW_AT_decl_file
	.byte	181                     @ DW_AT_decl_line
	.long	606                     @ DW_AT_type
	.byte	0                       @ End Of Children Mark
	.byte	13                      @ Abbrev [13] 0x170:0x23 DW_TAG_subprogram
	.long	.Lfunc_begin3           @ DW_AT_low_pc
	.long	.Lfunc_end3             @ DW_AT_high_pc
	.byte	1                       @ DW_AT_frame_base
	.byte	93
	.long	.Linfo_string25         @ DW_AT_name
	.byte	4                       @ DW_AT_decl_file
	.byte	196                     @ DW_AT_decl_line
	.byte	1                       @ DW_AT_prototyped
	.byte	1                       @ DW_AT_external
	.byte	14                      @ Abbrev [14] 0x183:0xf DW_TAG_formal_parameter
	.long	.Ldebug_loc2            @ DW_AT_location
	.long	.Linfo_string33         @ DW_AT_name
	.byte	4                       @ DW_AT_decl_file
	.byte	196                     @ DW_AT_decl_line
	.long	243                     @ DW_AT_type
	.byte	0                       @ End Of Children Mark
	.byte	17                      @ Abbrev [17] 0x193:0x36 DW_TAG_subprogram
	.long	.Lfunc_begin4           @ DW_AT_low_pc
	.long	.Lfunc_end4             @ DW_AT_high_pc
	.byte	1                       @ DW_AT_frame_base
	.byte	93
	.long	.Linfo_string26         @ DW_AT_name
	.byte	4                       @ DW_AT_decl_file
	.byte	226                     @ DW_AT_decl_line
	.byte	1                       @ DW_AT_prototyped
	.long	582                     @ DW_AT_type
	.byte	1                       @ DW_AT_external
	.byte	14                      @ Abbrev [14] 0x1aa:0xf DW_TAG_formal_parameter
	.long	.Ldebug_loc3            @ DW_AT_location
	.long	.Linfo_string33         @ DW_AT_name
	.byte	4                       @ DW_AT_decl_file
	.byte	226                     @ DW_AT_decl_line
	.long	243                     @ DW_AT_type
	.byte	15                      @ Abbrev [15] 0x1b9:0xf DW_TAG_variable
	.long	.Ldebug_loc4            @ DW_AT_location
	.long	.Linfo_string42         @ DW_AT_name
	.byte	4                       @ DW_AT_decl_file
	.byte	228                     @ DW_AT_decl_line
	.long	582                     @ DW_AT_type
	.byte	0                       @ End Of Children Mark
	.byte	13                      @ Abbrev [13] 0x1c9:0x21 DW_TAG_subprogram
	.long	.Lfunc_begin5           @ DW_AT_low_pc
	.long	.Lfunc_end5             @ DW_AT_high_pc
	.byte	1                       @ DW_AT_frame_base
	.byte	93
	.long	.Linfo_string28         @ DW_AT_name
	.byte	4                       @ DW_AT_decl_file
	.byte	249                     @ DW_AT_decl_line
	.byte	1                       @ DW_AT_prototyped
	.byte	1                       @ DW_AT_external
	.byte	16                      @ Abbrev [16] 0x1dc:0xd DW_TAG_formal_parameter
	.byte	1                       @ DW_AT_location
	.byte	80
	.long	.Linfo_string33         @ DW_AT_name
	.byte	4                       @ DW_AT_decl_file
	.byte	249                     @ DW_AT_decl_line
	.long	243                     @ DW_AT_type
	.byte	0                       @ End Of Children Mark
	.byte	18                      @ Abbrev [18] 0x1ea:0x39 DW_TAG_subprogram
	.long	.Lfunc_begin6           @ DW_AT_low_pc
	.long	.Lfunc_end6             @ DW_AT_high_pc
	.byte	1                       @ DW_AT_frame_base
	.byte	93
	.long	.Linfo_string29         @ DW_AT_name
	.byte	4                       @ DW_AT_decl_file
	.short	263                     @ DW_AT_decl_line
	.byte	1                       @ DW_AT_prototyped
	.long	594                     @ DW_AT_type
	.byte	1                       @ DW_AT_external
	.byte	19                      @ Abbrev [19] 0x202:0x10 DW_TAG_formal_parameter
	.long	.Ldebug_loc5            @ DW_AT_location
	.long	.Linfo_string33         @ DW_AT_name
	.byte	4                       @ DW_AT_decl_file
	.short	263                     @ DW_AT_decl_line
	.long	243                     @ DW_AT_type
	.byte	20                      @ Abbrev [20] 0x212:0x10 DW_TAG_variable
	.long	.Ldebug_loc6            @ DW_AT_location
	.long	.Linfo_string42         @ DW_AT_name
	.byte	4                       @ DW_AT_decl_file
	.short	265                     @ DW_AT_decl_line
	.long	582                     @ DW_AT_type
	.byte	0                       @ End Of Children Mark
	.byte	21                      @ Abbrev [21] 0x223:0x23 DW_TAG_subprogram
	.long	.Lfunc_begin7           @ DW_AT_low_pc
	.long	.Lfunc_end7             @ DW_AT_high_pc
	.byte	1                       @ DW_AT_frame_base
	.byte	93
	.long	.Linfo_string31         @ DW_AT_name
	.byte	4                       @ DW_AT_decl_file
	.short	287                     @ DW_AT_decl_line
	.byte	1                       @ DW_AT_prototyped
	.byte	1                       @ DW_AT_external
	.byte	22                      @ Abbrev [22] 0x237:0xe DW_TAG_formal_parameter
	.byte	1                       @ DW_AT_location
	.byte	80
	.long	.Linfo_string33         @ DW_AT_name
	.byte	4                       @ DW_AT_decl_file
	.short	287                     @ DW_AT_decl_line
	.long	243                     @ DW_AT_type
	.byte	0                       @ End Of Children Mark
	.byte	7                       @ Abbrev [7] 0x246:0xc DW_TAG_typedef
	.long	115                     @ DW_AT_type
	.long	.Linfo_string27         @ DW_AT_name
	.byte	2                       @ DW_AT_decl_file
	.short	587                     @ DW_AT_decl_line
	.byte	7                       @ Abbrev [7] 0x252:0xc DW_TAG_typedef
	.long	115                     @ DW_AT_type
	.long	.Linfo_string30         @ DW_AT_name
	.byte	2                       @ DW_AT_decl_file
	.short	587                     @ DW_AT_decl_line
	.byte	6                       @ Abbrev [6] 0x25e:0x5 DW_TAG_pointer_type
	.long	611                     @ DW_AT_type
	.byte	11                      @ Abbrev [11] 0x263:0xb DW_TAG_typedef
	.long	622                     @ DW_AT_type
	.long	.Linfo_string40         @ DW_AT_name
	.byte	1                       @ DW_AT_decl_file
	.byte	93                      @ DW_AT_decl_line
	.byte	23                      @ Abbrev [23] 0x26e:0x35 DW_TAG_structure_type
	.byte	8                       @ DW_AT_byte_size
	.byte	1                       @ DW_AT_decl_file
	.byte	80                      @ DW_AT_decl_line
	.byte	24                      @ Abbrev [24] 0x272:0xc DW_TAG_member
	.long	.Linfo_string33         @ DW_AT_name
	.long	243                     @ DW_AT_type
	.byte	1                       @ DW_AT_decl_file
	.byte	82                      @ DW_AT_decl_line
	.byte	0                       @ DW_AT_data_member_location
	.byte	24                      @ Abbrev [24] 0x27e:0xc DW_TAG_member
	.long	.Linfo_string34         @ DW_AT_name
	.long	675                     @ DW_AT_type
	.byte	1                       @ DW_AT_decl_file
	.byte	85                      @ DW_AT_decl_line
	.byte	4                       @ DW_AT_data_member_location
	.byte	24                      @ Abbrev [24] 0x28a:0xc DW_TAG_member
	.long	.Linfo_string36         @ DW_AT_name
	.long	686                     @ DW_AT_type
	.byte	1                       @ DW_AT_decl_file
	.byte	88                      @ DW_AT_decl_line
	.byte	5                       @ DW_AT_data_member_location
	.byte	24                      @ Abbrev [24] 0x296:0xc DW_TAG_member
	.long	.Linfo_string38         @ DW_AT_name
	.long	697                     @ DW_AT_type
	.byte	1                       @ DW_AT_decl_file
	.byte	91                      @ DW_AT_decl_line
	.byte	6                       @ DW_AT_data_member_location
	.byte	0                       @ End Of Children Mark
	.byte	11                      @ Abbrev [11] 0x2a3:0xb DW_TAG_typedef
	.long	38                      @ DW_AT_type
	.long	.Linfo_string35         @ DW_AT_name
	.byte	1                       @ DW_AT_decl_file
	.byte	58                      @ DW_AT_decl_line
	.byte	11                      @ Abbrev [11] 0x2ae:0xb DW_TAG_typedef
	.long	66                      @ DW_AT_type
	.long	.Linfo_string37         @ DW_AT_name
	.byte	1                       @ DW_AT_decl_file
	.byte	71                      @ DW_AT_decl_line
	.byte	7                       @ Abbrev [7] 0x2b9:0xc DW_TAG_typedef
	.long	93                      @ DW_AT_type
	.long	.Linfo_string39         @ DW_AT_name
	.byte	2                       @ DW_AT_decl_file
	.short	589                     @ DW_AT_decl_line
	.byte	0                       @ End Of Children Mark
.Ldebug_info_end0:
	.section	.debug_ranges,"",%progbits
.Ldebug_ranges0:
	.long	.Lfunc_begin0
	.long	.Lfunc_end0
	.long	.Lfunc_begin1
	.long	.Lfunc_end1
	.long	.Lfunc_begin2
	.long	.Lfunc_end2
	.long	.Lfunc_begin3
	.long	.Lfunc_end3
	.long	.Lfunc_begin4
	.long	.Lfunc_end4
	.long	.Lfunc_begin5
	.long	.Lfunc_end5
	.long	.Lfunc_begin6
	.long	.Lfunc_end6
	.long	.Lfunc_begin7
	.long	.Lfunc_end7
	.long	0
	.long	0
	.section	.debug_macinfo,"",%progbits
	.byte	0                       @ End Of Macro List Mark

	.ident	"Component: ARM Compiler 6.12 Tool: armclang [5d624a00]"
	.section	".note.GNU-stack","",%progbits
	.eabi_attribute	30, 3	@ Tag_ABI_optimization_goals
	.ARM_attribute	16, 1	@ Tag_AV_eba
	.section	.debug_line,"",%progbits
.Lline_table_start0:
