	.text
	.syntax unified
	.eabi_attribute	67, "2.09"	@ Tag_conformance
	.cpu	cortex-m4
	.eabi_attribute	6, 13	@ Tag_CPU_arch
	.eabi_attribute	7, 77	@ Tag_CPU_arch_profile
	.eabi_attribute	8, 0	@ Tag_ARM_ISA_use
	.eabi_attribute	9, 2	@ Tag_THUMB_ISA_use
	.fpu	fpv4-sp-d16
	.eabi_attribute	27, 1	@ Tag_ABI_HardFP_use
	.eabi_attribute	36, 1	@ Tag_FP_HP_extension
	.eabi_attribute	34, 1	@ Tag_CPU_unaligned_access
	.eabi_attribute	17, 1	@ Tag_ABI_PCS_GOT_use
	.eabi_attribute	20, 2	@ Tag_ABI_FP_denormal
	.eabi_attribute	21, 0	@ Tag_ABI_FP_exceptions
	.eabi_attribute	23, 1	@ Tag_ABI_FP_number_model
	.eabi_attribute	24, 1	@ Tag_ABI_align_needed
	.eabi_attribute	25, 1	@ Tag_ABI_align_preserved
	.eabi_attribute	28, 1	@ Tag_ABI_VFP_args
	.eabi_attribute	38, 1	@ Tag_ABI_FP_16bit_format
	.eabi_attribute	18, 2	@ Tag_ABI_PCS_wchar_t
	.eabi_attribute	26, 1	@ Tag_ABI_enum_size
	.eabi_attribute	14, 0	@ Tag_ABI_PCS_R9_use
	.file	"stm32f4xx_syscfg.c"
	.file	1 "F:\\SkyDrive\\OtvoreniProjekti\\HotelSaplast\\fw\\KontrolerHotela\\HC070318\\Project" "../Libraries/CMSIS/Device/ST/STM32F4xx/Include\\stm32f4xx.h"
	.file	2 "C:\\Keil\\ARM\\ARMCLANG\\Bin\\..\\include" "stdint.h"
	.section	.text.SYSCFG_DeInit,"ax",%progbits
	.hidden	SYSCFG_DeInit           @ -- Begin function SYSCFG_DeInit
	.globl	SYSCFG_DeInit
	.p2align	1
	.type	SYSCFG_DeInit,%function
	.code	16                      @ @SYSCFG_DeInit
	.thumb_func
SYSCFG_DeInit:
.Lfunc_begin0:
	.file	3 "F:\\SkyDrive\\OtvoreniProjekti\\HotelSaplast\\fw\\KontrolerHotela\\HC070318\\Project" "../Libraries/STM32F4xx_StdPeriph_Driver/src/stm32f4xx_syscfg.c"
	.loc	3 101 0                 @ ../Libraries/STM32F4xx_StdPeriph_Driver/src/stm32f4xx_syscfg.c:101:0
	.fnstart
	.cfi_sections .debug_frame
	.cfi_startproc
@ %bb.0:
	.save	{r7, lr}
	push	{r7, lr}
	.cfi_def_cfa_offset 8
	.cfi_offset lr, -4
	.cfi_offset r7, -8
.Ltmp0:
	.loc	3 102 4 prologue_end    @ ../Libraries/STM32F4xx_StdPeriph_Driver/src/stm32f4xx_syscfg.c:102:4
	mov.w	r0, #16384
	movs	r1, #1
	bl	RCC_APB2PeriphResetCmd
	.loc	3 103 4                 @ ../Libraries/STM32F4xx_StdPeriph_Driver/src/stm32f4xx_syscfg.c:103:4
	mov.w	r0, #16384
	movs	r1, #0
	pop.w	{r7, lr}
	b	RCC_APB2PeriphResetCmd
.Ltmp1:
.Lfunc_end0:
	.size	SYSCFG_DeInit, .Lfunc_end0-SYSCFG_DeInit
	.cfi_endproc
	.cantunwind
	.fnend
                                        @ -- End function
	.section	.text.SYSCFG_MemoryRemapConfig,"ax",%progbits
	.hidden	SYSCFG_MemoryRemapConfig @ -- Begin function SYSCFG_MemoryRemapConfig
	.globl	SYSCFG_MemoryRemapConfig
	.p2align	1
	.type	SYSCFG_MemoryRemapConfig,%function
	.code	16                      @ @SYSCFG_MemoryRemapConfig
	.thumb_func
SYSCFG_MemoryRemapConfig:
.Lfunc_begin1:
	.loc	3 120 0                 @ ../Libraries/STM32F4xx_StdPeriph_Driver/src/stm32f4xx_syscfg.c:120:0
	.fnstart
	.cfi_startproc
@ %bb.0:
	@DEBUG_VALUE: SYSCFG_MemoryRemapConfig:SYSCFG_MemoryRemap <- $r0
	movw	r1, #14336
	movt	r1, #16385
	@DEBUG_VALUE: SYSCFG_MemoryRemapConfig:SYSCFG_MemoryRemap <- $r0
.Ltmp2:
	.loc	3 124 18 prologue_end   @ ../Libraries/STM32F4xx_StdPeriph_Driver/src/stm32f4xx_syscfg.c:124:18
	str	r0, [r1]
	.loc	3 125 1                 @ ../Libraries/STM32F4xx_StdPeriph_Driver/src/stm32f4xx_syscfg.c:125:1
	bx	lr
.Ltmp3:
.Lfunc_end1:
	.size	SYSCFG_MemoryRemapConfig, .Lfunc_end1-SYSCFG_MemoryRemapConfig
	.cfi_endproc
	.cantunwind
	.fnend
                                        @ -- End function
	.section	.text.SYSCFG_MemorySwappingBank,"ax",%progbits
	.hidden	SYSCFG_MemorySwappingBank @ -- Begin function SYSCFG_MemorySwappingBank
	.globl	SYSCFG_MemorySwappingBank
	.p2align	1
	.type	SYSCFG_MemorySwappingBank,%function
	.code	16                      @ @SYSCFG_MemorySwappingBank
	.thumb_func
SYSCFG_MemorySwappingBank:
.Lfunc_begin2:
	.loc	3 141 0                 @ ../Libraries/STM32F4xx_StdPeriph_Driver/src/stm32f4xx_syscfg.c:141:0
	.fnstart
	.cfi_startproc
@ %bb.0:
	@DEBUG_VALUE: SYSCFG_MemorySwappingBank:NewState <- $r0
	movs	r1, #32
	movt	r1, #16935
	@DEBUG_VALUE: SYSCFG_MemorySwappingBank:NewState <- $r0
.Ltmp4:
	.loc	3 145 34 prologue_end   @ ../Libraries/STM32F4xx_StdPeriph_Driver/src/stm32f4xx_syscfg.c:145:34
	str	r0, [r1]
	.loc	3 146 1                 @ ../Libraries/STM32F4xx_StdPeriph_Driver/src/stm32f4xx_syscfg.c:146:1
	bx	lr
.Ltmp5:
.Lfunc_end2:
	.size	SYSCFG_MemorySwappingBank, .Lfunc_end2-SYSCFG_MemorySwappingBank
	.cfi_endproc
	.cantunwind
	.fnend
                                        @ -- End function
	.section	.text.SYSCFG_EXTILineConfig,"ax",%progbits
	.hidden	SYSCFG_EXTILineConfig   @ -- Begin function SYSCFG_EXTILineConfig
	.globl	SYSCFG_EXTILineConfig
	.p2align	1
	.type	SYSCFG_EXTILineConfig,%function
	.code	16                      @ @SYSCFG_EXTILineConfig
	.thumb_func
SYSCFG_EXTILineConfig:
.Lfunc_begin3:
	.loc	3 164 0                 @ ../Libraries/STM32F4xx_StdPeriph_Driver/src/stm32f4xx_syscfg.c:164:0
	.fnstart
	.cfi_startproc
@ %bb.0:
	.save	{r7, lr}
	push	{r7, lr}
	.cfi_def_cfa_offset 8
	.cfi_offset lr, -4
	.cfi_offset r7, -8
	@DEBUG_VALUE: SYSCFG_EXTILineConfig:EXTI_PortSourceGPIOx <- $r0
	@DEBUG_VALUE: SYSCFG_EXTILineConfig:EXTI_PortSourceGPIOx <- $r0
	@DEBUG_VALUE: SYSCFG_EXTILineConfig:EXTI_PinSourcex <- $r1
	@DEBUG_VALUE: SYSCFG_EXTILineConfig:EXTI_PinSourcex <- $r1
.Ltmp6:
	@DEBUG_VALUE: SYSCFG_EXTILineConfig:tmp <- 0
	movw	lr, #14344
.Ltmp7:
	.loc	3 172 34 prologue_end   @ ../Libraries/STM32F4xx_StdPeriph_Driver/src/stm32f4xx_syscfg.c:172:34
	and	r2, r1, #252
	movs	r3, #12
	movt	lr, #16385
	.loc	3 171 35                @ ../Libraries/STM32F4xx_StdPeriph_Driver/src/stm32f4xx_syscfg.c:171:35
	and.w	r1, r3, r1, lsl #2
.Ltmp8:
	.loc	3 0 35 is_stmt 0        @ ../Libraries/STM32F4xx_StdPeriph_Driver/src/stm32f4xx_syscfg.c:0:35
	movs	r3, #15
	.loc	3 172 43 is_stmt 1      @ ../Libraries/STM32F4xx_StdPeriph_Driver/src/stm32f4xx_syscfg.c:172:43
	ldr.w	r12, [r2, lr]
	.loc	3 171 26                @ ../Libraries/STM32F4xx_StdPeriph_Driver/src/stm32f4xx_syscfg.c:171:26
	lsls	r3, r1
.Ltmp9:
	@DEBUG_VALUE: SYSCFG_EXTILineConfig:tmp <- $r3
	.loc	3 173 80                @ ../Libraries/STM32F4xx_StdPeriph_Driver/src/stm32f4xx_syscfg.c:173:80
	lsls	r0, r1
.Ltmp10:
	.loc	3 172 43                @ ../Libraries/STM32F4xx_StdPeriph_Driver/src/stm32f4xx_syscfg.c:172:43
	bic.w	r3, r12, r3
.Ltmp11:
	str.w	r3, [r2, lr]
	.loc	3 173 43                @ ../Libraries/STM32F4xx_StdPeriph_Driver/src/stm32f4xx_syscfg.c:173:43
	ldr.w	r3, [r2, lr]
	orrs	r0, r3
	str.w	r0, [r2, lr]
	.loc	3 174 1                 @ ../Libraries/STM32F4xx_StdPeriph_Driver/src/stm32f4xx_syscfg.c:174:1
	pop	{r7, pc}
.Ltmp12:
.Lfunc_end3:
	.size	SYSCFG_EXTILineConfig, .Lfunc_end3-SYSCFG_EXTILineConfig
	.cfi_endproc
	.cantunwind
	.fnend
                                        @ -- End function
	.section	.text.SYSCFG_ETH_MediaInterfaceConfig,"ax",%progbits
	.hidden	SYSCFG_ETH_MediaInterfaceConfig @ -- Begin function SYSCFG_ETH_MediaInterfaceConfig
	.globl	SYSCFG_ETH_MediaInterfaceConfig
	.p2align	1
	.type	SYSCFG_ETH_MediaInterfaceConfig,%function
	.code	16                      @ @SYSCFG_ETH_MediaInterfaceConfig
	.thumb_func
SYSCFG_ETH_MediaInterfaceConfig:
.Lfunc_begin4:
	.loc	3 185 0                 @ ../Libraries/STM32F4xx_StdPeriph_Driver/src/stm32f4xx_syscfg.c:185:0
	.fnstart
	.cfi_startproc
@ %bb.0:
	@DEBUG_VALUE: SYSCFG_ETH_MediaInterfaceConfig:SYSCFG_ETH_MediaInterface <- $r0
	movs	r1, #220
	movt	r1, #16935
	@DEBUG_VALUE: SYSCFG_ETH_MediaInterfaceConfig:SYSCFG_ETH_MediaInterface <- $r0
.Ltmp13:
	.loc	3 188 42 prologue_end   @ ../Libraries/STM32F4xx_StdPeriph_Driver/src/stm32f4xx_syscfg.c:188:42
	str	r0, [r1]
	.loc	3 189 1                 @ ../Libraries/STM32F4xx_StdPeriph_Driver/src/stm32f4xx_syscfg.c:189:1
	bx	lr
.Ltmp14:
.Lfunc_end4:
	.size	SYSCFG_ETH_MediaInterfaceConfig, .Lfunc_end4-SYSCFG_ETH_MediaInterfaceConfig
	.cfi_endproc
	.cantunwind
	.fnend
                                        @ -- End function
	.section	.text.SYSCFG_CompensationCellCmd,"ax",%progbits
	.hidden	SYSCFG_CompensationCellCmd @ -- Begin function SYSCFG_CompensationCellCmd
	.globl	SYSCFG_CompensationCellCmd
	.p2align	1
	.type	SYSCFG_CompensationCellCmd,%function
	.code	16                      @ @SYSCFG_CompensationCellCmd
	.thumb_func
SYSCFG_CompensationCellCmd:
.Lfunc_begin5:
	.loc	3 202 0                 @ ../Libraries/STM32F4xx_StdPeriph_Driver/src/stm32f4xx_syscfg.c:202:0
	.fnstart
	.cfi_startproc
@ %bb.0:
	@DEBUG_VALUE: SYSCFG_CompensationCellCmd:NewState <- $r0
	movw	r1, #1024
	movt	r1, #16935
	@DEBUG_VALUE: SYSCFG_CompensationCellCmd:NewState <- $r0
.Ltmp15:
	.loc	3 206 38 prologue_end   @ ../Libraries/STM32F4xx_StdPeriph_Driver/src/stm32f4xx_syscfg.c:206:38
	str	r0, [r1]
	.loc	3 207 1                 @ ../Libraries/STM32F4xx_StdPeriph_Driver/src/stm32f4xx_syscfg.c:207:1
	bx	lr
.Ltmp16:
.Lfunc_end5:
	.size	SYSCFG_CompensationCellCmd, .Lfunc_end5-SYSCFG_CompensationCellCmd
	.cfi_endproc
	.cantunwind
	.fnend
                                        @ -- End function
	.section	.text.SYSCFG_GetCompensationCellStatus,"ax",%progbits
	.hidden	SYSCFG_GetCompensationCellStatus @ -- Begin function SYSCFG_GetCompensationCellStatus
	.globl	SYSCFG_GetCompensationCellStatus
	.p2align	1
	.type	SYSCFG_GetCompensationCellStatus,%function
	.code	16                      @ @SYSCFG_GetCompensationCellStatus
	.thumb_func
SYSCFG_GetCompensationCellStatus:
.Lfunc_begin6:
	.loc	3 215 0                 @ ../Libraries/STM32F4xx_StdPeriph_Driver/src/stm32f4xx_syscfg.c:215:0
	.fnstart
	.cfi_startproc
@ %bb.0:
	movw	r0, #14368
	movt	r0, #16385
.Ltmp17:
	@DEBUG_VALUE: SYSCFG_GetCompensationCellStatus:bitstatus <- 0
	.loc	3 218 16 prologue_end   @ ../Libraries/STM32F4xx_StdPeriph_Driver/src/stm32f4xx_syscfg.c:218:16
	ldr	r0, [r0]
.Ltmp18:
	@DEBUG_VALUE: SYSCFG_GetCompensationCellStatus:bitstatus <- undef
	.loc	3 226 3                 @ ../Libraries/STM32F4xx_StdPeriph_Driver/src/stm32f4xx_syscfg.c:226:3
	ubfx	r0, r0, #8, #1
	bx	lr
.Ltmp19:
.Lfunc_end6:
	.size	SYSCFG_GetCompensationCellStatus, .Lfunc_end6-SYSCFG_GetCompensationCellStatus
	.cfi_endproc
	.cantunwind
	.fnend
                                        @ -- End function
	.section	.debug_str,"MS",%progbits,1
.Linfo_string0:
	.asciz	"Component: ARM Compiler 6.12 Tool: armclang [5d624a00]" @ string offset=0
.Linfo_string1:
	.asciz	"../Libraries/STM32F4xx_StdPeriph_Driver/src\\stm32f4xx_syscfg.c" @ string offset=55
.Linfo_string2:
	.asciz	"F:\\SkyDrive\\OtvoreniProjekti\\HotelSaplast\\fw\\KontrolerHotela\\HC070318\\Project" @ string offset=118
.Linfo_string3:
	.asciz	"unsigned char"         @ string offset=196
.Linfo_string4:
	.asciz	"DISABLE"               @ string offset=210
.Linfo_string5:
	.asciz	"ENABLE"                @ string offset=218
.Linfo_string6:
	.asciz	"RESET"                 @ string offset=225
.Linfo_string7:
	.asciz	"SET"                   @ string offset=231
.Linfo_string8:
	.asciz	"unsigned int"          @ string offset=235
.Linfo_string9:
	.asciz	"uint32_t"              @ string offset=248
.Linfo_string10:
	.asciz	"MEMRMP"                @ string offset=257
.Linfo_string11:
	.asciz	"PMC"                   @ string offset=264
.Linfo_string12:
	.asciz	"EXTICR"                @ string offset=268
.Linfo_string13:
	.asciz	"__ARRAY_SIZE_TYPE__"   @ string offset=275
.Linfo_string14:
	.asciz	"RESERVED"              @ string offset=295
.Linfo_string15:
	.asciz	"CMPCR"                 @ string offset=304
.Linfo_string16:
	.asciz	"SYSCFG_TypeDef"        @ string offset=310
.Linfo_string17:
	.asciz	"uint8_t"               @ string offset=325
.Linfo_string18:
	.asciz	"SYSCFG_DeInit"         @ string offset=333
.Linfo_string19:
	.asciz	"SYSCFG_MemoryRemapConfig" @ string offset=347
.Linfo_string20:
	.asciz	"SYSCFG_MemorySwappingBank" @ string offset=372
.Linfo_string21:
	.asciz	"SYSCFG_EXTILineConfig" @ string offset=398
.Linfo_string22:
	.asciz	"SYSCFG_ETH_MediaInterfaceConfig" @ string offset=420
.Linfo_string23:
	.asciz	"SYSCFG_CompensationCellCmd" @ string offset=452
.Linfo_string24:
	.asciz	"SYSCFG_GetCompensationCellStatus" @ string offset=479
.Linfo_string25:
	.asciz	"FlagStatus"            @ string offset=512
.Linfo_string26:
	.asciz	"SYSCFG_MemoryRemap"    @ string offset=523
.Linfo_string27:
	.asciz	"NewState"              @ string offset=542
.Linfo_string28:
	.asciz	"FunctionalState"       @ string offset=551
.Linfo_string29:
	.asciz	"EXTI_PortSourceGPIOx"  @ string offset=567
.Linfo_string30:
	.asciz	"EXTI_PinSourcex"       @ string offset=588
.Linfo_string31:
	.asciz	"tmp"                   @ string offset=604
.Linfo_string32:
	.asciz	"SYSCFG_ETH_MediaInterface" @ string offset=608
.Linfo_string33:
	.asciz	"bitstatus"             @ string offset=634
	.section	.debug_loc,"",%progbits
.Ldebug_loc0:
	.long	.Lfunc_begin3
	.long	.Ltmp10
	.short	1                       @ Loc expr size
	.byte	80                      @ DW_OP_reg0
	.long	0
	.long	0
.Ldebug_loc1:
	.long	.Lfunc_begin3
	.long	.Ltmp8
	.short	1                       @ Loc expr size
	.byte	81                      @ DW_OP_reg1
	.long	0
	.long	0
.Ldebug_loc2:
	.long	.Ltmp6
	.long	.Ltmp9
	.short	1                       @ Loc expr size
	.byte	48                      @ DW_OP_lit0
	.long	.Ltmp9
	.long	.Ltmp11
	.short	1                       @ Loc expr size
	.byte	83                      @ DW_OP_reg3
	.long	0
	.long	0
.Ldebug_loc3:
	.long	.Ltmp17
	.long	.Ltmp18
	.short	1                       @ Loc expr size
	.byte	48                      @ DW_OP_lit0
	.long	0
	.long	0
	.section	.debug_abbrev,"",%progbits
	.byte	1                       @ Abbreviation Code
	.byte	17                      @ DW_TAG_compile_unit
	.byte	1                       @ DW_CHILDREN_yes
	.byte	37                      @ DW_AT_producer
	.byte	14                      @ DW_FORM_strp
	.byte	19                      @ DW_AT_language
	.byte	5                       @ DW_FORM_data2
	.byte	3                       @ DW_AT_name
	.byte	14                      @ DW_FORM_strp
	.byte	16                      @ DW_AT_stmt_list
	.byte	6                       @ DW_FORM_data4
	.byte	27                      @ DW_AT_comp_dir
	.byte	14                      @ DW_FORM_strp
	.byte	17                      @ DW_AT_low_pc
	.byte	1                       @ DW_FORM_addr
	.byte	85                      @ DW_AT_ranges
	.byte	6                       @ DW_FORM_data4
	.byte	0                       @ EOM(1)
	.byte	0                       @ EOM(2)
	.byte	2                       @ Abbreviation Code
	.byte	4                       @ DW_TAG_enumeration_type
	.byte	1                       @ DW_CHILDREN_yes
	.byte	73                      @ DW_AT_type
	.byte	19                      @ DW_FORM_ref4
	.byte	11                      @ DW_AT_byte_size
	.byte	11                      @ DW_FORM_data1
	.byte	58                      @ DW_AT_decl_file
	.byte	11                      @ DW_FORM_data1
	.byte	59                      @ DW_AT_decl_line
	.byte	5                       @ DW_FORM_data2
	.byte	0                       @ EOM(1)
	.byte	0                       @ EOM(2)
	.byte	3                       @ Abbreviation Code
	.byte	40                      @ DW_TAG_enumerator
	.byte	0                       @ DW_CHILDREN_no
	.byte	3                       @ DW_AT_name
	.byte	14                      @ DW_FORM_strp
	.byte	28                      @ DW_AT_const_value
	.byte	15                      @ DW_FORM_udata
	.byte	0                       @ EOM(1)
	.byte	0                       @ EOM(2)
	.byte	4                       @ Abbreviation Code
	.byte	36                      @ DW_TAG_base_type
	.byte	0                       @ DW_CHILDREN_no
	.byte	3                       @ DW_AT_name
	.byte	14                      @ DW_FORM_strp
	.byte	62                      @ DW_AT_encoding
	.byte	11                      @ DW_FORM_data1
	.byte	11                      @ DW_AT_byte_size
	.byte	11                      @ DW_FORM_data1
	.byte	0                       @ EOM(1)
	.byte	0                       @ EOM(2)
	.byte	5                       @ Abbreviation Code
	.byte	22                      @ DW_TAG_typedef
	.byte	0                       @ DW_CHILDREN_no
	.byte	73                      @ DW_AT_type
	.byte	19                      @ DW_FORM_ref4
	.byte	3                       @ DW_AT_name
	.byte	14                      @ DW_FORM_strp
	.byte	58                      @ DW_AT_decl_file
	.byte	11                      @ DW_FORM_data1
	.byte	59                      @ DW_AT_decl_line
	.byte	11                      @ DW_FORM_data1
	.byte	0                       @ EOM(1)
	.byte	0                       @ EOM(2)
	.byte	6                       @ Abbreviation Code
	.byte	15                      @ DW_TAG_pointer_type
	.byte	0                       @ DW_CHILDREN_no
	.byte	73                      @ DW_AT_type
	.byte	19                      @ DW_FORM_ref4
	.byte	0                       @ EOM(1)
	.byte	0                       @ EOM(2)
	.byte	7                       @ Abbreviation Code
	.byte	22                      @ DW_TAG_typedef
	.byte	0                       @ DW_CHILDREN_no
	.byte	73                      @ DW_AT_type
	.byte	19                      @ DW_FORM_ref4
	.byte	3                       @ DW_AT_name
	.byte	14                      @ DW_FORM_strp
	.byte	58                      @ DW_AT_decl_file
	.byte	11                      @ DW_FORM_data1
	.byte	59                      @ DW_AT_decl_line
	.byte	5                       @ DW_FORM_data2
	.byte	0                       @ EOM(1)
	.byte	0                       @ EOM(2)
	.byte	8                       @ Abbreviation Code
	.byte	19                      @ DW_TAG_structure_type
	.byte	1                       @ DW_CHILDREN_yes
	.byte	11                      @ DW_AT_byte_size
	.byte	11                      @ DW_FORM_data1
	.byte	58                      @ DW_AT_decl_file
	.byte	11                      @ DW_FORM_data1
	.byte	59                      @ DW_AT_decl_line
	.byte	5                       @ DW_FORM_data2
	.byte	0                       @ EOM(1)
	.byte	0                       @ EOM(2)
	.byte	9                       @ Abbreviation Code
	.byte	13                      @ DW_TAG_member
	.byte	0                       @ DW_CHILDREN_no
	.byte	3                       @ DW_AT_name
	.byte	14                      @ DW_FORM_strp
	.byte	73                      @ DW_AT_type
	.byte	19                      @ DW_FORM_ref4
	.byte	58                      @ DW_AT_decl_file
	.byte	11                      @ DW_FORM_data1
	.byte	59                      @ DW_AT_decl_line
	.byte	5                       @ DW_FORM_data2
	.byte	56                      @ DW_AT_data_member_location
	.byte	11                      @ DW_FORM_data1
	.byte	0                       @ EOM(1)
	.byte	0                       @ EOM(2)
	.byte	10                      @ Abbreviation Code
	.byte	53                      @ DW_TAG_volatile_type
	.byte	0                       @ DW_CHILDREN_no
	.byte	73                      @ DW_AT_type
	.byte	19                      @ DW_FORM_ref4
	.byte	0                       @ EOM(1)
	.byte	0                       @ EOM(2)
	.byte	11                      @ Abbreviation Code
	.byte	1                       @ DW_TAG_array_type
	.byte	1                       @ DW_CHILDREN_yes
	.byte	73                      @ DW_AT_type
	.byte	19                      @ DW_FORM_ref4
	.byte	0                       @ EOM(1)
	.byte	0                       @ EOM(2)
	.byte	12                      @ Abbreviation Code
	.byte	33                      @ DW_TAG_subrange_type
	.byte	0                       @ DW_CHILDREN_no
	.byte	73                      @ DW_AT_type
	.byte	19                      @ DW_FORM_ref4
	.byte	55                      @ DW_AT_count
	.byte	11                      @ DW_FORM_data1
	.byte	0                       @ EOM(1)
	.byte	0                       @ EOM(2)
	.byte	13                      @ Abbreviation Code
	.byte	36                      @ DW_TAG_base_type
	.byte	0                       @ DW_CHILDREN_no
	.byte	3                       @ DW_AT_name
	.byte	14                      @ DW_FORM_strp
	.byte	11                      @ DW_AT_byte_size
	.byte	11                      @ DW_FORM_data1
	.byte	62                      @ DW_AT_encoding
	.byte	11                      @ DW_FORM_data1
	.byte	0                       @ EOM(1)
	.byte	0                       @ EOM(2)
	.byte	14                      @ Abbreviation Code
	.byte	46                      @ DW_TAG_subprogram
	.byte	0                       @ DW_CHILDREN_no
	.byte	17                      @ DW_AT_low_pc
	.byte	1                       @ DW_FORM_addr
	.byte	18                      @ DW_AT_high_pc
	.byte	1                       @ DW_FORM_addr
	.byte	64                      @ DW_AT_frame_base
	.byte	10                      @ DW_FORM_block1
	.byte	3                       @ DW_AT_name
	.byte	14                      @ DW_FORM_strp
	.byte	58                      @ DW_AT_decl_file
	.byte	11                      @ DW_FORM_data1
	.byte	59                      @ DW_AT_decl_line
	.byte	11                      @ DW_FORM_data1
	.byte	39                      @ DW_AT_prototyped
	.byte	12                      @ DW_FORM_flag
	.byte	63                      @ DW_AT_external
	.byte	12                      @ DW_FORM_flag
	.byte	0                       @ EOM(1)
	.byte	0                       @ EOM(2)
	.byte	15                      @ Abbreviation Code
	.byte	46                      @ DW_TAG_subprogram
	.byte	1                       @ DW_CHILDREN_yes
	.byte	17                      @ DW_AT_low_pc
	.byte	1                       @ DW_FORM_addr
	.byte	18                      @ DW_AT_high_pc
	.byte	1                       @ DW_FORM_addr
	.byte	64                      @ DW_AT_frame_base
	.byte	10                      @ DW_FORM_block1
	.byte	3                       @ DW_AT_name
	.byte	14                      @ DW_FORM_strp
	.byte	58                      @ DW_AT_decl_file
	.byte	11                      @ DW_FORM_data1
	.byte	59                      @ DW_AT_decl_line
	.byte	11                      @ DW_FORM_data1
	.byte	39                      @ DW_AT_prototyped
	.byte	12                      @ DW_FORM_flag
	.byte	63                      @ DW_AT_external
	.byte	12                      @ DW_FORM_flag
	.byte	0                       @ EOM(1)
	.byte	0                       @ EOM(2)
	.byte	16                      @ Abbreviation Code
	.byte	5                       @ DW_TAG_formal_parameter
	.byte	0                       @ DW_CHILDREN_no
	.byte	2                       @ DW_AT_location
	.byte	10                      @ DW_FORM_block1
	.byte	3                       @ DW_AT_name
	.byte	14                      @ DW_FORM_strp
	.byte	58                      @ DW_AT_decl_file
	.byte	11                      @ DW_FORM_data1
	.byte	59                      @ DW_AT_decl_line
	.byte	11                      @ DW_FORM_data1
	.byte	73                      @ DW_AT_type
	.byte	19                      @ DW_FORM_ref4
	.byte	0                       @ EOM(1)
	.byte	0                       @ EOM(2)
	.byte	17                      @ Abbreviation Code
	.byte	5                       @ DW_TAG_formal_parameter
	.byte	0                       @ DW_CHILDREN_no
	.byte	2                       @ DW_AT_location
	.byte	6                       @ DW_FORM_data4
	.byte	3                       @ DW_AT_name
	.byte	14                      @ DW_FORM_strp
	.byte	58                      @ DW_AT_decl_file
	.byte	11                      @ DW_FORM_data1
	.byte	59                      @ DW_AT_decl_line
	.byte	11                      @ DW_FORM_data1
	.byte	73                      @ DW_AT_type
	.byte	19                      @ DW_FORM_ref4
	.byte	0                       @ EOM(1)
	.byte	0                       @ EOM(2)
	.byte	18                      @ Abbreviation Code
	.byte	52                      @ DW_TAG_variable
	.byte	0                       @ DW_CHILDREN_no
	.byte	2                       @ DW_AT_location
	.byte	6                       @ DW_FORM_data4
	.byte	3                       @ DW_AT_name
	.byte	14                      @ DW_FORM_strp
	.byte	58                      @ DW_AT_decl_file
	.byte	11                      @ DW_FORM_data1
	.byte	59                      @ DW_AT_decl_line
	.byte	11                      @ DW_FORM_data1
	.byte	73                      @ DW_AT_type
	.byte	19                      @ DW_FORM_ref4
	.byte	0                       @ EOM(1)
	.byte	0                       @ EOM(2)
	.byte	19                      @ Abbreviation Code
	.byte	46                      @ DW_TAG_subprogram
	.byte	1                       @ DW_CHILDREN_yes
	.byte	17                      @ DW_AT_low_pc
	.byte	1                       @ DW_FORM_addr
	.byte	18                      @ DW_AT_high_pc
	.byte	1                       @ DW_FORM_addr
	.byte	64                      @ DW_AT_frame_base
	.byte	10                      @ DW_FORM_block1
	.byte	3                       @ DW_AT_name
	.byte	14                      @ DW_FORM_strp
	.byte	58                      @ DW_AT_decl_file
	.byte	11                      @ DW_FORM_data1
	.byte	59                      @ DW_AT_decl_line
	.byte	11                      @ DW_FORM_data1
	.byte	39                      @ DW_AT_prototyped
	.byte	12                      @ DW_FORM_flag
	.byte	73                      @ DW_AT_type
	.byte	19                      @ DW_FORM_ref4
	.byte	63                      @ DW_AT_external
	.byte	12                      @ DW_FORM_flag
	.byte	0                       @ EOM(1)
	.byte	0                       @ EOM(2)
	.byte	0                       @ EOM(3)
	.section	.debug_info,"",%progbits
.Lcu_begin0:
	.long	.Ldebug_info_end0-.Ldebug_info_start0 @ Length of Unit
.Ldebug_info_start0:
	.short	3                       @ DWARF version number
	.long	.debug_abbrev           @ Offset Into Abbrev. Section
	.byte	4                       @ Address Size (in bytes)
	.byte	1                       @ Abbrev [1] 0xb:0x204 DW_TAG_compile_unit
	.long	.Linfo_string0          @ DW_AT_producer
	.short	12                      @ DW_AT_language
	.long	.Linfo_string1          @ DW_AT_name
	.long	.Lline_table_start0     @ DW_AT_stmt_list
	.long	.Linfo_string2          @ DW_AT_comp_dir
	.long	0                       @ DW_AT_low_pc
	.long	.Ldebug_ranges0         @ DW_AT_ranges
	.byte	2                       @ Abbrev [2] 0x26:0x16 DW_TAG_enumeration_type
	.long	60                      @ DW_AT_type
	.byte	1                       @ DW_AT_byte_size
	.byte	1                       @ DW_AT_decl_file
	.short	589                     @ DW_AT_decl_line
	.byte	3                       @ Abbrev [3] 0x2f:0x6 DW_TAG_enumerator
	.long	.Linfo_string4          @ DW_AT_name
	.byte	0                       @ DW_AT_const_value
	.byte	3                       @ Abbrev [3] 0x35:0x6 DW_TAG_enumerator
	.long	.Linfo_string5          @ DW_AT_name
	.byte	1                       @ DW_AT_const_value
	.byte	0                       @ End Of Children Mark
	.byte	4                       @ Abbrev [4] 0x3c:0x7 DW_TAG_base_type
	.long	.Linfo_string3          @ DW_AT_name
	.byte	8                       @ DW_AT_encoding
	.byte	1                       @ DW_AT_byte_size
	.byte	2                       @ Abbrev [2] 0x43:0x16 DW_TAG_enumeration_type
	.long	60                      @ DW_AT_type
	.byte	1                       @ DW_AT_byte_size
	.byte	1                       @ DW_AT_decl_file
	.short	587                     @ DW_AT_decl_line
	.byte	3                       @ Abbrev [3] 0x4c:0x6 DW_TAG_enumerator
	.long	.Linfo_string6          @ DW_AT_name
	.byte	0                       @ DW_AT_const_value
	.byte	3                       @ Abbrev [3] 0x52:0x6 DW_TAG_enumerator
	.long	.Linfo_string7          @ DW_AT_name
	.byte	1                       @ DW_AT_const_value
	.byte	0                       @ End Of Children Mark
	.byte	5                       @ Abbrev [5] 0x59:0xb DW_TAG_typedef
	.long	100                     @ DW_AT_type
	.long	.Linfo_string9          @ DW_AT_name
	.byte	2                       @ DW_AT_decl_file
	.byte	64                      @ DW_AT_decl_line
	.byte	4                       @ Abbrev [4] 0x64:0x7 DW_TAG_base_type
	.long	.Linfo_string8          @ DW_AT_name
	.byte	7                       @ DW_AT_encoding
	.byte	4                       @ DW_AT_byte_size
	.byte	6                       @ Abbrev [6] 0x6b:0x5 DW_TAG_pointer_type
	.long	112                     @ DW_AT_type
	.byte	7                       @ Abbrev [7] 0x70:0xc DW_TAG_typedef
	.long	124                     @ DW_AT_type
	.long	.Linfo_string16         @ DW_AT_name
	.byte	1                       @ DW_AT_decl_file
	.short	1104                    @ DW_AT_decl_line
	.byte	8                       @ Abbrev [8] 0x7c:0x47 DW_TAG_structure_type
	.byte	36                      @ DW_AT_byte_size
	.byte	1                       @ DW_AT_decl_file
	.short	1097                    @ DW_AT_decl_line
	.byte	9                       @ Abbrev [9] 0x81:0xd DW_TAG_member
	.long	.Linfo_string10         @ DW_AT_name
	.long	195                     @ DW_AT_type
	.byte	1                       @ DW_AT_decl_file
	.short	1099                    @ DW_AT_decl_line
	.byte	0                       @ DW_AT_data_member_location
	.byte	9                       @ Abbrev [9] 0x8e:0xd DW_TAG_member
	.long	.Linfo_string11         @ DW_AT_name
	.long	195                     @ DW_AT_type
	.byte	1                       @ DW_AT_decl_file
	.short	1100                    @ DW_AT_decl_line
	.byte	4                       @ DW_AT_data_member_location
	.byte	9                       @ Abbrev [9] 0x9b:0xd DW_TAG_member
	.long	.Linfo_string12         @ DW_AT_name
	.long	200                     @ DW_AT_type
	.byte	1                       @ DW_AT_decl_file
	.short	1101                    @ DW_AT_decl_line
	.byte	8                       @ DW_AT_data_member_location
	.byte	9                       @ Abbrev [9] 0xa8:0xd DW_TAG_member
	.long	.Linfo_string14         @ DW_AT_name
	.long	219                     @ DW_AT_type
	.byte	1                       @ DW_AT_decl_file
	.short	1102                    @ DW_AT_decl_line
	.byte	24                      @ DW_AT_data_member_location
	.byte	9                       @ Abbrev [9] 0xb5:0xd DW_TAG_member
	.long	.Linfo_string15         @ DW_AT_name
	.long	195                     @ DW_AT_type
	.byte	1                       @ DW_AT_decl_file
	.short	1103                    @ DW_AT_decl_line
	.byte	32                      @ DW_AT_data_member_location
	.byte	0                       @ End Of Children Mark
	.byte	10                      @ Abbrev [10] 0xc3:0x5 DW_TAG_volatile_type
	.long	89                      @ DW_AT_type
	.byte	11                      @ Abbrev [11] 0xc8:0xc DW_TAG_array_type
	.long	195                     @ DW_AT_type
	.byte	12                      @ Abbrev [12] 0xcd:0x6 DW_TAG_subrange_type
	.long	212                     @ DW_AT_type
	.byte	4                       @ DW_AT_count
	.byte	0                       @ End Of Children Mark
	.byte	13                      @ Abbrev [13] 0xd4:0x7 DW_TAG_base_type
	.long	.Linfo_string13         @ DW_AT_name
	.byte	8                       @ DW_AT_byte_size
	.byte	7                       @ DW_AT_encoding
	.byte	11                      @ Abbrev [11] 0xdb:0xc DW_TAG_array_type
	.long	89                      @ DW_AT_type
	.byte	12                      @ Abbrev [12] 0xe0:0x6 DW_TAG_subrange_type
	.long	212                     @ DW_AT_type
	.byte	2                       @ DW_AT_count
	.byte	0                       @ End Of Children Mark
	.byte	6                       @ Abbrev [6] 0xe7:0x5 DW_TAG_pointer_type
	.long	195                     @ DW_AT_type
	.byte	5                       @ Abbrev [5] 0xec:0xb DW_TAG_typedef
	.long	60                      @ DW_AT_type
	.long	.Linfo_string17         @ DW_AT_name
	.byte	2                       @ DW_AT_decl_file
	.byte	62                      @ DW_AT_decl_line
	.byte	14                      @ Abbrev [14] 0xf7:0x13 DW_TAG_subprogram
	.long	.Lfunc_begin0           @ DW_AT_low_pc
	.long	.Lfunc_end0             @ DW_AT_high_pc
	.byte	1                       @ DW_AT_frame_base
	.byte	93
	.long	.Linfo_string18         @ DW_AT_name
	.byte	3                       @ DW_AT_decl_file
	.byte	100                     @ DW_AT_decl_line
	.byte	1                       @ DW_AT_prototyped
	.byte	1                       @ DW_AT_external
	.byte	15                      @ Abbrev [15] 0x10a:0x21 DW_TAG_subprogram
	.long	.Lfunc_begin1           @ DW_AT_low_pc
	.long	.Lfunc_end1             @ DW_AT_high_pc
	.byte	1                       @ DW_AT_frame_base
	.byte	93
	.long	.Linfo_string19         @ DW_AT_name
	.byte	3                       @ DW_AT_decl_file
	.byte	119                     @ DW_AT_decl_line
	.byte	1                       @ DW_AT_prototyped
	.byte	1                       @ DW_AT_external
	.byte	16                      @ Abbrev [16] 0x11d:0xd DW_TAG_formal_parameter
	.byte	1                       @ DW_AT_location
	.byte	80
	.long	.Linfo_string26         @ DW_AT_name
	.byte	3                       @ DW_AT_decl_file
	.byte	119                     @ DW_AT_decl_line
	.long	236                     @ DW_AT_type
	.byte	0                       @ End Of Children Mark
	.byte	15                      @ Abbrev [15] 0x12b:0x21 DW_TAG_subprogram
	.long	.Lfunc_begin2           @ DW_AT_low_pc
	.long	.Lfunc_end2             @ DW_AT_high_pc
	.byte	1                       @ DW_AT_frame_base
	.byte	93
	.long	.Linfo_string20         @ DW_AT_name
	.byte	3                       @ DW_AT_decl_file
	.byte	140                     @ DW_AT_decl_line
	.byte	1                       @ DW_AT_prototyped
	.byte	1                       @ DW_AT_external
	.byte	16                      @ Abbrev [16] 0x13e:0xd DW_TAG_formal_parameter
	.byte	1                       @ DW_AT_location
	.byte	80
	.long	.Linfo_string27         @ DW_AT_name
	.byte	3                       @ DW_AT_decl_file
	.byte	140                     @ DW_AT_decl_line
	.long	514                     @ DW_AT_type
	.byte	0                       @ End Of Children Mark
	.byte	15                      @ Abbrev [15] 0x14c:0x41 DW_TAG_subprogram
	.long	.Lfunc_begin3           @ DW_AT_low_pc
	.long	.Lfunc_end3             @ DW_AT_high_pc
	.byte	1                       @ DW_AT_frame_base
	.byte	93
	.long	.Linfo_string21         @ DW_AT_name
	.byte	3                       @ DW_AT_decl_file
	.byte	163                     @ DW_AT_decl_line
	.byte	1                       @ DW_AT_prototyped
	.byte	1                       @ DW_AT_external
	.byte	17                      @ Abbrev [17] 0x15f:0xf DW_TAG_formal_parameter
	.long	.Ldebug_loc0            @ DW_AT_location
	.long	.Linfo_string29         @ DW_AT_name
	.byte	3                       @ DW_AT_decl_file
	.byte	163                     @ DW_AT_decl_line
	.long	236                     @ DW_AT_type
	.byte	17                      @ Abbrev [17] 0x16e:0xf DW_TAG_formal_parameter
	.long	.Ldebug_loc1            @ DW_AT_location
	.long	.Linfo_string30         @ DW_AT_name
	.byte	3                       @ DW_AT_decl_file
	.byte	163                     @ DW_AT_decl_line
	.long	236                     @ DW_AT_type
	.byte	18                      @ Abbrev [18] 0x17d:0xf DW_TAG_variable
	.long	.Ldebug_loc2            @ DW_AT_location
	.long	.Linfo_string31         @ DW_AT_name
	.byte	3                       @ DW_AT_decl_file
	.byte	165                     @ DW_AT_decl_line
	.long	89                      @ DW_AT_type
	.byte	0                       @ End Of Children Mark
	.byte	15                      @ Abbrev [15] 0x18d:0x21 DW_TAG_subprogram
	.long	.Lfunc_begin4           @ DW_AT_low_pc
	.long	.Lfunc_end4             @ DW_AT_high_pc
	.byte	1                       @ DW_AT_frame_base
	.byte	93
	.long	.Linfo_string22         @ DW_AT_name
	.byte	3                       @ DW_AT_decl_file
	.byte	184                     @ DW_AT_decl_line
	.byte	1                       @ DW_AT_prototyped
	.byte	1                       @ DW_AT_external
	.byte	16                      @ Abbrev [16] 0x1a0:0xd DW_TAG_formal_parameter
	.byte	1                       @ DW_AT_location
	.byte	80
	.long	.Linfo_string32         @ DW_AT_name
	.byte	3                       @ DW_AT_decl_file
	.byte	184                     @ DW_AT_decl_line
	.long	89                      @ DW_AT_type
	.byte	0                       @ End Of Children Mark
	.byte	15                      @ Abbrev [15] 0x1ae:0x21 DW_TAG_subprogram
	.long	.Lfunc_begin5           @ DW_AT_low_pc
	.long	.Lfunc_end5             @ DW_AT_high_pc
	.byte	1                       @ DW_AT_frame_base
	.byte	93
	.long	.Linfo_string23         @ DW_AT_name
	.byte	3                       @ DW_AT_decl_file
	.byte	201                     @ DW_AT_decl_line
	.byte	1                       @ DW_AT_prototyped
	.byte	1                       @ DW_AT_external
	.byte	16                      @ Abbrev [16] 0x1c1:0xd DW_TAG_formal_parameter
	.byte	1                       @ DW_AT_location
	.byte	80
	.long	.Linfo_string27         @ DW_AT_name
	.byte	3                       @ DW_AT_decl_file
	.byte	201                     @ DW_AT_decl_line
	.long	514                     @ DW_AT_type
	.byte	0                       @ End Of Children Mark
	.byte	19                      @ Abbrev [19] 0x1cf:0x27 DW_TAG_subprogram
	.long	.Lfunc_begin6           @ DW_AT_low_pc
	.long	.Lfunc_end6             @ DW_AT_high_pc
	.byte	1                       @ DW_AT_frame_base
	.byte	93
	.long	.Linfo_string24         @ DW_AT_name
	.byte	3                       @ DW_AT_decl_file
	.byte	214                     @ DW_AT_decl_line
	.byte	1                       @ DW_AT_prototyped
	.long	502                     @ DW_AT_type
	.byte	1                       @ DW_AT_external
	.byte	18                      @ Abbrev [18] 0x1e6:0xf DW_TAG_variable
	.long	.Ldebug_loc3            @ DW_AT_location
	.long	.Linfo_string33         @ DW_AT_name
	.byte	3                       @ DW_AT_decl_file
	.byte	216                     @ DW_AT_decl_line
	.long	502                     @ DW_AT_type
	.byte	0                       @ End Of Children Mark
	.byte	7                       @ Abbrev [7] 0x1f6:0xc DW_TAG_typedef
	.long	67                      @ DW_AT_type
	.long	.Linfo_string25         @ DW_AT_name
	.byte	1                       @ DW_AT_decl_file
	.short	587                     @ DW_AT_decl_line
	.byte	7                       @ Abbrev [7] 0x202:0xc DW_TAG_typedef
	.long	38                      @ DW_AT_type
	.long	.Linfo_string28         @ DW_AT_name
	.byte	1                       @ DW_AT_decl_file
	.short	589                     @ DW_AT_decl_line
	.byte	0                       @ End Of Children Mark
.Ldebug_info_end0:
	.section	.debug_ranges,"",%progbits
.Ldebug_ranges0:
	.long	.Lfunc_begin0
	.long	.Lfunc_end0
	.long	.Lfunc_begin1
	.long	.Lfunc_end1
	.long	.Lfunc_begin2
	.long	.Lfunc_end2
	.long	.Lfunc_begin3
	.long	.Lfunc_end3
	.long	.Lfunc_begin4
	.long	.Lfunc_end4
	.long	.Lfunc_begin5
	.long	.Lfunc_end5
	.long	.Lfunc_begin6
	.long	.Lfunc_end6
	.long	0
	.long	0
	.section	.debug_macinfo,"",%progbits
	.byte	0                       @ End Of Macro List Mark

	.ident	"Component: ARM Compiler 6.12 Tool: armclang [5d624a00]"
	.section	".note.GNU-stack","",%progbits
	.eabi_attribute	30, 3	@ Tag_ABI_optimization_goals
	.ARM_attribute	16, 1	@ Tag_AV_eba
	.section	.debug_line,"",%progbits
.Lline_table_start0:
