	.text
	.syntax unified
	.eabi_attribute	67, "2.09"	@ Tag_conformance
	.cpu	cortex-m4
	.eabi_attribute	6, 13	@ Tag_CPU_arch
	.eabi_attribute	7, 77	@ Tag_CPU_arch_profile
	.eabi_attribute	8, 0	@ Tag_ARM_ISA_use
	.eabi_attribute	9, 2	@ Tag_THUMB_ISA_use
	.fpu	fpv4-sp-d16
	.eabi_attribute	27, 1	@ Tag_ABI_HardFP_use
	.eabi_attribute	36, 1	@ Tag_FP_HP_extension
	.eabi_attribute	34, 1	@ Tag_CPU_unaligned_access
	.eabi_attribute	17, 1	@ Tag_ABI_PCS_GOT_use
	.eabi_attribute	20, 2	@ Tag_ABI_FP_denormal
	.eabi_attribute	21, 0	@ Tag_ABI_FP_exceptions
	.eabi_attribute	23, 1	@ Tag_ABI_FP_number_model
	.eabi_attribute	24, 1	@ Tag_ABI_align_needed
	.eabi_attribute	25, 1	@ Tag_ABI_align_preserved
	.eabi_attribute	28, 1	@ Tag_ABI_VFP_args
	.eabi_attribute	38, 1	@ Tag_ABI_FP_16bit_format
	.eabi_attribute	18, 2	@ Tag_ABI_PCS_wchar_t
	.eabi_attribute	26, 1	@ Tag_ABI_enum_size
	.eabi_attribute	14, 0	@ Tag_ABI_PCS_R9_use
	.file	"stm32f4xx_iwdg.c"
	.file	1 "F:\\SkyDrive\\OtvoreniProjekti\\HotelSaplast\\fw\\KontrolerHotela\\HC070318\\Project" "../Libraries/CMSIS/Device/ST/STM32F4xx/Include\\stm32f4xx.h"
	.file	2 "C:\\Keil\\ARM\\ARMCLANG\\Bin\\..\\include" "stdint.h"
	.section	.text.IWDG_WriteAccessCmd,"ax",%progbits
	.hidden	IWDG_WriteAccessCmd     @ -- Begin function IWDG_WriteAccessCmd
	.globl	IWDG_WriteAccessCmd
	.p2align	1
	.type	IWDG_WriteAccessCmd,%function
	.code	16                      @ @IWDG_WriteAccessCmd
	.thumb_func
IWDG_WriteAccessCmd:
.Lfunc_begin0:
	.file	3 "F:\\SkyDrive\\OtvoreniProjekti\\HotelSaplast\\fw\\KontrolerHotela\\HC070318\\Project" "../Libraries/STM32F4xx_StdPeriph_Driver/src/stm32f4xx_iwdg.c"
	.loc	3 133 0                 @ ../Libraries/STM32F4xx_StdPeriph_Driver/src/stm32f4xx_iwdg.c:133:0
	.fnstart
	.cfi_sections .debug_frame
	.cfi_startproc
@ %bb.0:
	@DEBUG_VALUE: IWDG_WriteAccessCmd:IWDG_WriteAccess <- $r0
	movw	r1, #12288
	movt	r1, #16384
	@DEBUG_VALUE: IWDG_WriteAccessCmd:IWDG_WriteAccess <- $r0
.Ltmp0:
	.loc	3 136 12 prologue_end   @ ../Libraries/STM32F4xx_StdPeriph_Driver/src/stm32f4xx_iwdg.c:136:12
	str	r0, [r1]
	.loc	3 137 1                 @ ../Libraries/STM32F4xx_StdPeriph_Driver/src/stm32f4xx_iwdg.c:137:1
	bx	lr
.Ltmp1:
.Lfunc_end0:
	.size	IWDG_WriteAccessCmd, .Lfunc_end0-IWDG_WriteAccessCmd
	.cfi_endproc
	.cantunwind
	.fnend
                                        @ -- End function
	.section	.text.IWDG_SetPrescaler,"ax",%progbits
	.hidden	IWDG_SetPrescaler       @ -- Begin function IWDG_SetPrescaler
	.globl	IWDG_SetPrescaler
	.p2align	1
	.type	IWDG_SetPrescaler,%function
	.code	16                      @ @IWDG_SetPrescaler
	.thumb_func
IWDG_SetPrescaler:
.Lfunc_begin1:
	.loc	3 153 0                 @ ../Libraries/STM32F4xx_StdPeriph_Driver/src/stm32f4xx_iwdg.c:153:0
	.fnstart
	.cfi_startproc
@ %bb.0:
	@DEBUG_VALUE: IWDG_SetPrescaler:IWDG_Prescaler <- $r0
	movw	r1, #12292
	movt	r1, #16384
	@DEBUG_VALUE: IWDG_SetPrescaler:IWDG_Prescaler <- $r0
.Ltmp2:
	.loc	3 156 12 prologue_end   @ ../Libraries/STM32F4xx_StdPeriph_Driver/src/stm32f4xx_iwdg.c:156:12
	str	r0, [r1]
	.loc	3 157 1                 @ ../Libraries/STM32F4xx_StdPeriph_Driver/src/stm32f4xx_iwdg.c:157:1
	bx	lr
.Ltmp3:
.Lfunc_end1:
	.size	IWDG_SetPrescaler, .Lfunc_end1-IWDG_SetPrescaler
	.cfi_endproc
	.cantunwind
	.fnend
                                        @ -- End function
	.section	.text.IWDG_SetReload,"ax",%progbits
	.hidden	IWDG_SetReload          @ -- Begin function IWDG_SetReload
	.globl	IWDG_SetReload
	.p2align	1
	.type	IWDG_SetReload,%function
	.code	16                      @ @IWDG_SetReload
	.thumb_func
IWDG_SetReload:
.Lfunc_begin2:
	.loc	3 166 0                 @ ../Libraries/STM32F4xx_StdPeriph_Driver/src/stm32f4xx_iwdg.c:166:0
	.fnstart
	.cfi_startproc
@ %bb.0:
	@DEBUG_VALUE: IWDG_SetReload:Reload <- $r0
	movw	r1, #12296
	movt	r1, #16384
	@DEBUG_VALUE: IWDG_SetReload:Reload <- $r0
.Ltmp4:
	.loc	3 169 13 prologue_end   @ ../Libraries/STM32F4xx_StdPeriph_Driver/src/stm32f4xx_iwdg.c:169:13
	str	r0, [r1]
	.loc	3 170 1                 @ ../Libraries/STM32F4xx_StdPeriph_Driver/src/stm32f4xx_iwdg.c:170:1
	bx	lr
.Ltmp5:
.Lfunc_end2:
	.size	IWDG_SetReload, .Lfunc_end2-IWDG_SetReload
	.cfi_endproc
	.cantunwind
	.fnend
                                        @ -- End function
	.section	.text.IWDG_ReloadCounter,"ax",%progbits
	.hidden	IWDG_ReloadCounter      @ -- Begin function IWDG_ReloadCounter
	.globl	IWDG_ReloadCounter
	.p2align	1
	.type	IWDG_ReloadCounter,%function
	.code	16                      @ @IWDG_ReloadCounter
	.thumb_func
IWDG_ReloadCounter:
.Lfunc_begin3:
	.loc	3 179 0                 @ ../Libraries/STM32F4xx_StdPeriph_Driver/src/stm32f4xx_iwdg.c:179:0
	.fnstart
	.cfi_startproc
@ %bb.0:
	movw	r0, #12288
	movw	r1, #43690
	movt	r0, #16384
.Ltmp6:
	.loc	3 180 12 prologue_end   @ ../Libraries/STM32F4xx_StdPeriph_Driver/src/stm32f4xx_iwdg.c:180:12
	str	r1, [r0]
	.loc	3 181 1                 @ ../Libraries/STM32F4xx_StdPeriph_Driver/src/stm32f4xx_iwdg.c:181:1
	bx	lr
.Ltmp7:
.Lfunc_end3:
	.size	IWDG_ReloadCounter, .Lfunc_end3-IWDG_ReloadCounter
	.cfi_endproc
	.cantunwind
	.fnend
                                        @ -- End function
	.section	.text.IWDG_Enable,"ax",%progbits
	.hidden	IWDG_Enable             @ -- Begin function IWDG_Enable
	.globl	IWDG_Enable
	.p2align	1
	.type	IWDG_Enable,%function
	.code	16                      @ @IWDG_Enable
	.thumb_func
IWDG_Enable:
.Lfunc_begin4:
	.loc	3 205 0                 @ ../Libraries/STM32F4xx_StdPeriph_Driver/src/stm32f4xx_iwdg.c:205:0
	.fnstart
	.cfi_startproc
@ %bb.0:
	movw	r0, #12288
	movw	r1, #52428
	movt	r0, #16384
.Ltmp8:
	.loc	3 206 12 prologue_end   @ ../Libraries/STM32F4xx_StdPeriph_Driver/src/stm32f4xx_iwdg.c:206:12
	str	r1, [r0]
	.loc	3 207 1                 @ ../Libraries/STM32F4xx_StdPeriph_Driver/src/stm32f4xx_iwdg.c:207:1
	bx	lr
.Ltmp9:
.Lfunc_end4:
	.size	IWDG_Enable, .Lfunc_end4-IWDG_Enable
	.cfi_endproc
	.cantunwind
	.fnend
                                        @ -- End function
	.section	.text.IWDG_GetFlagStatus,"ax",%progbits
	.hidden	IWDG_GetFlagStatus      @ -- Begin function IWDG_GetFlagStatus
	.globl	IWDG_GetFlagStatus
	.p2align	1
	.type	IWDG_GetFlagStatus,%function
	.code	16                      @ @IWDG_GetFlagStatus
	.thumb_func
IWDG_GetFlagStatus:
.Lfunc_begin5:
	.loc	3 234 0                 @ ../Libraries/STM32F4xx_StdPeriph_Driver/src/stm32f4xx_iwdg.c:234:0
	.fnstart
	.cfi_startproc
@ %bb.0:
	@DEBUG_VALUE: IWDG_GetFlagStatus:IWDG_FLAG <- $r0
	movw	r1, #12300
	movt	r1, #16384
.Ltmp10:
	@DEBUG_VALUE: IWDG_GetFlagStatus:bitstatus <- 0
	@DEBUG_VALUE: IWDG_GetFlagStatus:IWDG_FLAG <- $r0
	.loc	3 238 14 prologue_end   @ ../Libraries/STM32F4xx_StdPeriph_Driver/src/stm32f4xx_iwdg.c:238:14
	ldr	r1, [r1]
	.loc	3 238 17 is_stmt 0      @ ../Libraries/STM32F4xx_StdPeriph_Driver/src/stm32f4xx_iwdg.c:238:17
	ands	r0, r1
.Ltmp11:
	.loc	3 238 30                @ ../Libraries/STM32F4xx_StdPeriph_Driver/src/stm32f4xx_iwdg.c:238:30
	it	ne
	movne	r0, #1
.Ltmp12:
	@DEBUG_VALUE: IWDG_GetFlagStatus:bitstatus <- undef
	.loc	3 247 3 is_stmt 1       @ ../Libraries/STM32F4xx_StdPeriph_Driver/src/stm32f4xx_iwdg.c:247:3
	bx	lr
.Ltmp13:
.Lfunc_end5:
	.size	IWDG_GetFlagStatus, .Lfunc_end5-IWDG_GetFlagStatus
	.cfi_endproc
	.cantunwind
	.fnend
                                        @ -- End function
	.section	.debug_str,"MS",%progbits,1
.Linfo_string0:
	.asciz	"Component: ARM Compiler 6.12 Tool: armclang [5d624a00]" @ string offset=0
.Linfo_string1:
	.asciz	"../Libraries/STM32F4xx_StdPeriph_Driver/src\\stm32f4xx_iwdg.c" @ string offset=55
.Linfo_string2:
	.asciz	"F:\\SkyDrive\\OtvoreniProjekti\\HotelSaplast\\fw\\KontrolerHotela\\HC070318\\Project" @ string offset=116
.Linfo_string3:
	.asciz	"unsigned char"         @ string offset=194
.Linfo_string4:
	.asciz	"RESET"                 @ string offset=208
.Linfo_string5:
	.asciz	"SET"                   @ string offset=214
.Linfo_string6:
	.asciz	"KR"                    @ string offset=218
.Linfo_string7:
	.asciz	"unsigned int"          @ string offset=221
.Linfo_string8:
	.asciz	"uint32_t"              @ string offset=234
.Linfo_string9:
	.asciz	"PR"                    @ string offset=243
.Linfo_string10:
	.asciz	"RLR"                   @ string offset=246
.Linfo_string11:
	.asciz	"SR"                    @ string offset=250
.Linfo_string12:
	.asciz	"IWDG_TypeDef"          @ string offset=253
.Linfo_string13:
	.asciz	"unsigned short"        @ string offset=266
.Linfo_string14:
	.asciz	"uint16_t"              @ string offset=281
.Linfo_string15:
	.asciz	"IWDG_WriteAccessCmd"   @ string offset=290
.Linfo_string16:
	.asciz	"IWDG_SetPrescaler"     @ string offset=310
.Linfo_string17:
	.asciz	"IWDG_SetReload"        @ string offset=328
.Linfo_string18:
	.asciz	"IWDG_ReloadCounter"    @ string offset=343
.Linfo_string19:
	.asciz	"IWDG_Enable"           @ string offset=362
.Linfo_string20:
	.asciz	"IWDG_GetFlagStatus"    @ string offset=374
.Linfo_string21:
	.asciz	"FlagStatus"            @ string offset=393
.Linfo_string22:
	.asciz	"IWDG_WriteAccess"      @ string offset=404
.Linfo_string23:
	.asciz	"IWDG_Prescaler"        @ string offset=421
.Linfo_string24:
	.asciz	"uint8_t"               @ string offset=436
.Linfo_string25:
	.asciz	"Reload"                @ string offset=444
.Linfo_string26:
	.asciz	"IWDG_FLAG"             @ string offset=451
.Linfo_string27:
	.asciz	"bitstatus"             @ string offset=461
	.section	.debug_loc,"",%progbits
.Ldebug_loc0:
	.long	.Lfunc_begin5
	.long	.Ltmp11
	.short	1                       @ Loc expr size
	.byte	80                      @ DW_OP_reg0
	.long	0
	.long	0
.Ldebug_loc1:
	.long	.Ltmp10
	.long	.Ltmp12
	.short	1                       @ Loc expr size
	.byte	48                      @ DW_OP_lit0
	.long	0
	.long	0
	.section	.debug_abbrev,"",%progbits
	.byte	1                       @ Abbreviation Code
	.byte	17                      @ DW_TAG_compile_unit
	.byte	1                       @ DW_CHILDREN_yes
	.byte	37                      @ DW_AT_producer
	.byte	14                      @ DW_FORM_strp
	.byte	19                      @ DW_AT_language
	.byte	5                       @ DW_FORM_data2
	.byte	3                       @ DW_AT_name
	.byte	14                      @ DW_FORM_strp
	.byte	16                      @ DW_AT_stmt_list
	.byte	6                       @ DW_FORM_data4
	.byte	27                      @ DW_AT_comp_dir
	.byte	14                      @ DW_FORM_strp
	.byte	17                      @ DW_AT_low_pc
	.byte	1                       @ DW_FORM_addr
	.byte	85                      @ DW_AT_ranges
	.byte	6                       @ DW_FORM_data4
	.byte	0                       @ EOM(1)
	.byte	0                       @ EOM(2)
	.byte	2                       @ Abbreviation Code
	.byte	4                       @ DW_TAG_enumeration_type
	.byte	1                       @ DW_CHILDREN_yes
	.byte	73                      @ DW_AT_type
	.byte	19                      @ DW_FORM_ref4
	.byte	11                      @ DW_AT_byte_size
	.byte	11                      @ DW_FORM_data1
	.byte	58                      @ DW_AT_decl_file
	.byte	11                      @ DW_FORM_data1
	.byte	59                      @ DW_AT_decl_line
	.byte	5                       @ DW_FORM_data2
	.byte	0                       @ EOM(1)
	.byte	0                       @ EOM(2)
	.byte	3                       @ Abbreviation Code
	.byte	40                      @ DW_TAG_enumerator
	.byte	0                       @ DW_CHILDREN_no
	.byte	3                       @ DW_AT_name
	.byte	14                      @ DW_FORM_strp
	.byte	28                      @ DW_AT_const_value
	.byte	15                      @ DW_FORM_udata
	.byte	0                       @ EOM(1)
	.byte	0                       @ EOM(2)
	.byte	4                       @ Abbreviation Code
	.byte	36                      @ DW_TAG_base_type
	.byte	0                       @ DW_CHILDREN_no
	.byte	3                       @ DW_AT_name
	.byte	14                      @ DW_FORM_strp
	.byte	62                      @ DW_AT_encoding
	.byte	11                      @ DW_FORM_data1
	.byte	11                      @ DW_AT_byte_size
	.byte	11                      @ DW_FORM_data1
	.byte	0                       @ EOM(1)
	.byte	0                       @ EOM(2)
	.byte	5                       @ Abbreviation Code
	.byte	15                      @ DW_TAG_pointer_type
	.byte	0                       @ DW_CHILDREN_no
	.byte	73                      @ DW_AT_type
	.byte	19                      @ DW_FORM_ref4
	.byte	0                       @ EOM(1)
	.byte	0                       @ EOM(2)
	.byte	6                       @ Abbreviation Code
	.byte	22                      @ DW_TAG_typedef
	.byte	0                       @ DW_CHILDREN_no
	.byte	73                      @ DW_AT_type
	.byte	19                      @ DW_FORM_ref4
	.byte	3                       @ DW_AT_name
	.byte	14                      @ DW_FORM_strp
	.byte	58                      @ DW_AT_decl_file
	.byte	11                      @ DW_FORM_data1
	.byte	59                      @ DW_AT_decl_line
	.byte	5                       @ DW_FORM_data2
	.byte	0                       @ EOM(1)
	.byte	0                       @ EOM(2)
	.byte	7                       @ Abbreviation Code
	.byte	19                      @ DW_TAG_structure_type
	.byte	1                       @ DW_CHILDREN_yes
	.byte	11                      @ DW_AT_byte_size
	.byte	11                      @ DW_FORM_data1
	.byte	58                      @ DW_AT_decl_file
	.byte	11                      @ DW_FORM_data1
	.byte	59                      @ DW_AT_decl_line
	.byte	5                       @ DW_FORM_data2
	.byte	0                       @ EOM(1)
	.byte	0                       @ EOM(2)
	.byte	8                       @ Abbreviation Code
	.byte	13                      @ DW_TAG_member
	.byte	0                       @ DW_CHILDREN_no
	.byte	3                       @ DW_AT_name
	.byte	14                      @ DW_FORM_strp
	.byte	73                      @ DW_AT_type
	.byte	19                      @ DW_FORM_ref4
	.byte	58                      @ DW_AT_decl_file
	.byte	11                      @ DW_FORM_data1
	.byte	59                      @ DW_AT_decl_line
	.byte	5                       @ DW_FORM_data2
	.byte	56                      @ DW_AT_data_member_location
	.byte	11                      @ DW_FORM_data1
	.byte	0                       @ EOM(1)
	.byte	0                       @ EOM(2)
	.byte	9                       @ Abbreviation Code
	.byte	53                      @ DW_TAG_volatile_type
	.byte	0                       @ DW_CHILDREN_no
	.byte	73                      @ DW_AT_type
	.byte	19                      @ DW_FORM_ref4
	.byte	0                       @ EOM(1)
	.byte	0                       @ EOM(2)
	.byte	10                      @ Abbreviation Code
	.byte	22                      @ DW_TAG_typedef
	.byte	0                       @ DW_CHILDREN_no
	.byte	73                      @ DW_AT_type
	.byte	19                      @ DW_FORM_ref4
	.byte	3                       @ DW_AT_name
	.byte	14                      @ DW_FORM_strp
	.byte	58                      @ DW_AT_decl_file
	.byte	11                      @ DW_FORM_data1
	.byte	59                      @ DW_AT_decl_line
	.byte	11                      @ DW_FORM_data1
	.byte	0                       @ EOM(1)
	.byte	0                       @ EOM(2)
	.byte	11                      @ Abbreviation Code
	.byte	46                      @ DW_TAG_subprogram
	.byte	1                       @ DW_CHILDREN_yes
	.byte	17                      @ DW_AT_low_pc
	.byte	1                       @ DW_FORM_addr
	.byte	18                      @ DW_AT_high_pc
	.byte	1                       @ DW_FORM_addr
	.byte	64                      @ DW_AT_frame_base
	.byte	10                      @ DW_FORM_block1
	.byte	3                       @ DW_AT_name
	.byte	14                      @ DW_FORM_strp
	.byte	58                      @ DW_AT_decl_file
	.byte	11                      @ DW_FORM_data1
	.byte	59                      @ DW_AT_decl_line
	.byte	11                      @ DW_FORM_data1
	.byte	39                      @ DW_AT_prototyped
	.byte	12                      @ DW_FORM_flag
	.byte	63                      @ DW_AT_external
	.byte	12                      @ DW_FORM_flag
	.byte	0                       @ EOM(1)
	.byte	0                       @ EOM(2)
	.byte	12                      @ Abbreviation Code
	.byte	5                       @ DW_TAG_formal_parameter
	.byte	0                       @ DW_CHILDREN_no
	.byte	2                       @ DW_AT_location
	.byte	10                      @ DW_FORM_block1
	.byte	3                       @ DW_AT_name
	.byte	14                      @ DW_FORM_strp
	.byte	58                      @ DW_AT_decl_file
	.byte	11                      @ DW_FORM_data1
	.byte	59                      @ DW_AT_decl_line
	.byte	11                      @ DW_FORM_data1
	.byte	73                      @ DW_AT_type
	.byte	19                      @ DW_FORM_ref4
	.byte	0                       @ EOM(1)
	.byte	0                       @ EOM(2)
	.byte	13                      @ Abbreviation Code
	.byte	46                      @ DW_TAG_subprogram
	.byte	0                       @ DW_CHILDREN_no
	.byte	17                      @ DW_AT_low_pc
	.byte	1                       @ DW_FORM_addr
	.byte	18                      @ DW_AT_high_pc
	.byte	1                       @ DW_FORM_addr
	.byte	64                      @ DW_AT_frame_base
	.byte	10                      @ DW_FORM_block1
	.byte	3                       @ DW_AT_name
	.byte	14                      @ DW_FORM_strp
	.byte	58                      @ DW_AT_decl_file
	.byte	11                      @ DW_FORM_data1
	.byte	59                      @ DW_AT_decl_line
	.byte	11                      @ DW_FORM_data1
	.byte	39                      @ DW_AT_prototyped
	.byte	12                      @ DW_FORM_flag
	.byte	63                      @ DW_AT_external
	.byte	12                      @ DW_FORM_flag
	.byte	0                       @ EOM(1)
	.byte	0                       @ EOM(2)
	.byte	14                      @ Abbreviation Code
	.byte	46                      @ DW_TAG_subprogram
	.byte	1                       @ DW_CHILDREN_yes
	.byte	17                      @ DW_AT_low_pc
	.byte	1                       @ DW_FORM_addr
	.byte	18                      @ DW_AT_high_pc
	.byte	1                       @ DW_FORM_addr
	.byte	64                      @ DW_AT_frame_base
	.byte	10                      @ DW_FORM_block1
	.byte	3                       @ DW_AT_name
	.byte	14                      @ DW_FORM_strp
	.byte	58                      @ DW_AT_decl_file
	.byte	11                      @ DW_FORM_data1
	.byte	59                      @ DW_AT_decl_line
	.byte	11                      @ DW_FORM_data1
	.byte	39                      @ DW_AT_prototyped
	.byte	12                      @ DW_FORM_flag
	.byte	73                      @ DW_AT_type
	.byte	19                      @ DW_FORM_ref4
	.byte	63                      @ DW_AT_external
	.byte	12                      @ DW_FORM_flag
	.byte	0                       @ EOM(1)
	.byte	0                       @ EOM(2)
	.byte	15                      @ Abbreviation Code
	.byte	5                       @ DW_TAG_formal_parameter
	.byte	0                       @ DW_CHILDREN_no
	.byte	2                       @ DW_AT_location
	.byte	6                       @ DW_FORM_data4
	.byte	3                       @ DW_AT_name
	.byte	14                      @ DW_FORM_strp
	.byte	58                      @ DW_AT_decl_file
	.byte	11                      @ DW_FORM_data1
	.byte	59                      @ DW_AT_decl_line
	.byte	11                      @ DW_FORM_data1
	.byte	73                      @ DW_AT_type
	.byte	19                      @ DW_FORM_ref4
	.byte	0                       @ EOM(1)
	.byte	0                       @ EOM(2)
	.byte	16                      @ Abbreviation Code
	.byte	52                      @ DW_TAG_variable
	.byte	0                       @ DW_CHILDREN_no
	.byte	2                       @ DW_AT_location
	.byte	6                       @ DW_FORM_data4
	.byte	3                       @ DW_AT_name
	.byte	14                      @ DW_FORM_strp
	.byte	58                      @ DW_AT_decl_file
	.byte	11                      @ DW_FORM_data1
	.byte	59                      @ DW_AT_decl_line
	.byte	11                      @ DW_FORM_data1
	.byte	73                      @ DW_AT_type
	.byte	19                      @ DW_FORM_ref4
	.byte	0                       @ EOM(1)
	.byte	0                       @ EOM(2)
	.byte	0                       @ EOM(3)
	.section	.debug_info,"",%progbits
.Lcu_begin0:
	.long	.Ldebug_info_end0-.Ldebug_info_start0 @ Length of Unit
.Ldebug_info_start0:
	.short	3                       @ DWARF version number
	.long	.debug_abbrev           @ Offset Into Abbrev. Section
	.byte	4                       @ Address Size (in bytes)
	.byte	1                       @ Abbrev [1] 0xb:0x183 DW_TAG_compile_unit
	.long	.Linfo_string0          @ DW_AT_producer
	.short	12                      @ DW_AT_language
	.long	.Linfo_string1          @ DW_AT_name
	.long	.Lline_table_start0     @ DW_AT_stmt_list
	.long	.Linfo_string2          @ DW_AT_comp_dir
	.long	0                       @ DW_AT_low_pc
	.long	.Ldebug_ranges0         @ DW_AT_ranges
	.byte	2                       @ Abbrev [2] 0x26:0x16 DW_TAG_enumeration_type
	.long	60                      @ DW_AT_type
	.byte	1                       @ DW_AT_byte_size
	.byte	1                       @ DW_AT_decl_file
	.short	587                     @ DW_AT_decl_line
	.byte	3                       @ Abbrev [3] 0x2f:0x6 DW_TAG_enumerator
	.long	.Linfo_string4          @ DW_AT_name
	.byte	0                       @ DW_AT_const_value
	.byte	3                       @ Abbrev [3] 0x35:0x6 DW_TAG_enumerator
	.long	.Linfo_string5          @ DW_AT_name
	.byte	1                       @ DW_AT_const_value
	.byte	0                       @ End Of Children Mark
	.byte	4                       @ Abbrev [4] 0x3c:0x7 DW_TAG_base_type
	.long	.Linfo_string3          @ DW_AT_name
	.byte	8                       @ DW_AT_encoding
	.byte	1                       @ DW_AT_byte_size
	.byte	5                       @ Abbrev [5] 0x43:0x5 DW_TAG_pointer_type
	.long	72                      @ DW_AT_type
	.byte	6                       @ Abbrev [6] 0x48:0xc DW_TAG_typedef
	.long	84                      @ DW_AT_type
	.long	.Linfo_string12         @ DW_AT_name
	.byte	1                       @ DW_AT_decl_file
	.short	1165                    @ DW_AT_decl_line
	.byte	7                       @ Abbrev [7] 0x54:0x3a DW_TAG_structure_type
	.byte	16                      @ DW_AT_byte_size
	.byte	1                       @ DW_AT_decl_file
	.short	1159                    @ DW_AT_decl_line
	.byte	8                       @ Abbrev [8] 0x59:0xd DW_TAG_member
	.long	.Linfo_string6          @ DW_AT_name
	.long	142                     @ DW_AT_type
	.byte	1                       @ DW_AT_decl_file
	.short	1161                    @ DW_AT_decl_line
	.byte	0                       @ DW_AT_data_member_location
	.byte	8                       @ Abbrev [8] 0x66:0xd DW_TAG_member
	.long	.Linfo_string9          @ DW_AT_name
	.long	142                     @ DW_AT_type
	.byte	1                       @ DW_AT_decl_file
	.short	1162                    @ DW_AT_decl_line
	.byte	4                       @ DW_AT_data_member_location
	.byte	8                       @ Abbrev [8] 0x73:0xd DW_TAG_member
	.long	.Linfo_string10         @ DW_AT_name
	.long	142                     @ DW_AT_type
	.byte	1                       @ DW_AT_decl_file
	.short	1163                    @ DW_AT_decl_line
	.byte	8                       @ DW_AT_data_member_location
	.byte	8                       @ Abbrev [8] 0x80:0xd DW_TAG_member
	.long	.Linfo_string11         @ DW_AT_name
	.long	142                     @ DW_AT_type
	.byte	1                       @ DW_AT_decl_file
	.short	1164                    @ DW_AT_decl_line
	.byte	12                      @ DW_AT_data_member_location
	.byte	0                       @ End Of Children Mark
	.byte	9                       @ Abbrev [9] 0x8e:0x5 DW_TAG_volatile_type
	.long	147                     @ DW_AT_type
	.byte	10                      @ Abbrev [10] 0x93:0xb DW_TAG_typedef
	.long	158                     @ DW_AT_type
	.long	.Linfo_string8          @ DW_AT_name
	.byte	2                       @ DW_AT_decl_file
	.byte	64                      @ DW_AT_decl_line
	.byte	4                       @ Abbrev [4] 0x9e:0x7 DW_TAG_base_type
	.long	.Linfo_string7          @ DW_AT_name
	.byte	7                       @ DW_AT_encoding
	.byte	4                       @ DW_AT_byte_size
	.byte	10                      @ Abbrev [10] 0xa5:0xb DW_TAG_typedef
	.long	176                     @ DW_AT_type
	.long	.Linfo_string14         @ DW_AT_name
	.byte	2                       @ DW_AT_decl_file
	.byte	63                      @ DW_AT_decl_line
	.byte	4                       @ Abbrev [4] 0xb0:0x7 DW_TAG_base_type
	.long	.Linfo_string13         @ DW_AT_name
	.byte	7                       @ DW_AT_encoding
	.byte	2                       @ DW_AT_byte_size
	.byte	11                      @ Abbrev [11] 0xb7:0x21 DW_TAG_subprogram
	.long	.Lfunc_begin0           @ DW_AT_low_pc
	.long	.Lfunc_end0             @ DW_AT_high_pc
	.byte	1                       @ DW_AT_frame_base
	.byte	93
	.long	.Linfo_string15         @ DW_AT_name
	.byte	3                       @ DW_AT_decl_file
	.byte	132                     @ DW_AT_decl_line
	.byte	1                       @ DW_AT_prototyped
	.byte	1                       @ DW_AT_external
	.byte	12                      @ Abbrev [12] 0xca:0xd DW_TAG_formal_parameter
	.byte	1                       @ DW_AT_location
	.byte	80
	.long	.Linfo_string22         @ DW_AT_name
	.byte	3                       @ DW_AT_decl_file
	.byte	132                     @ DW_AT_decl_line
	.long	165                     @ DW_AT_type
	.byte	0                       @ End Of Children Mark
	.byte	11                      @ Abbrev [11] 0xd8:0x21 DW_TAG_subprogram
	.long	.Lfunc_begin1           @ DW_AT_low_pc
	.long	.Lfunc_end1             @ DW_AT_high_pc
	.byte	1                       @ DW_AT_frame_base
	.byte	93
	.long	.Linfo_string16         @ DW_AT_name
	.byte	3                       @ DW_AT_decl_file
	.byte	152                     @ DW_AT_decl_line
	.byte	1                       @ DW_AT_prototyped
	.byte	1                       @ DW_AT_external
	.byte	12                      @ Abbrev [12] 0xeb:0xd DW_TAG_formal_parameter
	.byte	1                       @ DW_AT_location
	.byte	80
	.long	.Linfo_string23         @ DW_AT_name
	.byte	3                       @ DW_AT_decl_file
	.byte	152                     @ DW_AT_decl_line
	.long	386                     @ DW_AT_type
	.byte	0                       @ End Of Children Mark
	.byte	11                      @ Abbrev [11] 0xf9:0x21 DW_TAG_subprogram
	.long	.Lfunc_begin2           @ DW_AT_low_pc
	.long	.Lfunc_end2             @ DW_AT_high_pc
	.byte	1                       @ DW_AT_frame_base
	.byte	93
	.long	.Linfo_string17         @ DW_AT_name
	.byte	3                       @ DW_AT_decl_file
	.byte	165                     @ DW_AT_decl_line
	.byte	1                       @ DW_AT_prototyped
	.byte	1                       @ DW_AT_external
	.byte	12                      @ Abbrev [12] 0x10c:0xd DW_TAG_formal_parameter
	.byte	1                       @ DW_AT_location
	.byte	80
	.long	.Linfo_string25         @ DW_AT_name
	.byte	3                       @ DW_AT_decl_file
	.byte	165                     @ DW_AT_decl_line
	.long	165                     @ DW_AT_type
	.byte	0                       @ End Of Children Mark
	.byte	13                      @ Abbrev [13] 0x11a:0x13 DW_TAG_subprogram
	.long	.Lfunc_begin3           @ DW_AT_low_pc
	.long	.Lfunc_end3             @ DW_AT_high_pc
	.byte	1                       @ DW_AT_frame_base
	.byte	93
	.long	.Linfo_string18         @ DW_AT_name
	.byte	3                       @ DW_AT_decl_file
	.byte	178                     @ DW_AT_decl_line
	.byte	1                       @ DW_AT_prototyped
	.byte	1                       @ DW_AT_external
	.byte	13                      @ Abbrev [13] 0x12d:0x13 DW_TAG_subprogram
	.long	.Lfunc_begin4           @ DW_AT_low_pc
	.long	.Lfunc_end4             @ DW_AT_high_pc
	.byte	1                       @ DW_AT_frame_base
	.byte	93
	.long	.Linfo_string19         @ DW_AT_name
	.byte	3                       @ DW_AT_decl_file
	.byte	204                     @ DW_AT_decl_line
	.byte	1                       @ DW_AT_prototyped
	.byte	1                       @ DW_AT_external
	.byte	14                      @ Abbrev [14] 0x140:0x36 DW_TAG_subprogram
	.long	.Lfunc_begin5           @ DW_AT_low_pc
	.long	.Lfunc_end5             @ DW_AT_high_pc
	.byte	1                       @ DW_AT_frame_base
	.byte	93
	.long	.Linfo_string20         @ DW_AT_name
	.byte	3                       @ DW_AT_decl_file
	.byte	233                     @ DW_AT_decl_line
	.byte	1                       @ DW_AT_prototyped
	.long	374                     @ DW_AT_type
	.byte	1                       @ DW_AT_external
	.byte	15                      @ Abbrev [15] 0x157:0xf DW_TAG_formal_parameter
	.long	.Ldebug_loc0            @ DW_AT_location
	.long	.Linfo_string26         @ DW_AT_name
	.byte	3                       @ DW_AT_decl_file
	.byte	233                     @ DW_AT_decl_line
	.long	165                     @ DW_AT_type
	.byte	16                      @ Abbrev [16] 0x166:0xf DW_TAG_variable
	.long	.Ldebug_loc1            @ DW_AT_location
	.long	.Linfo_string27         @ DW_AT_name
	.byte	3                       @ DW_AT_decl_file
	.byte	235                     @ DW_AT_decl_line
	.long	374                     @ DW_AT_type
	.byte	0                       @ End Of Children Mark
	.byte	6                       @ Abbrev [6] 0x176:0xc DW_TAG_typedef
	.long	38                      @ DW_AT_type
	.long	.Linfo_string21         @ DW_AT_name
	.byte	1                       @ DW_AT_decl_file
	.short	587                     @ DW_AT_decl_line
	.byte	10                      @ Abbrev [10] 0x182:0xb DW_TAG_typedef
	.long	60                      @ DW_AT_type
	.long	.Linfo_string24         @ DW_AT_name
	.byte	2                       @ DW_AT_decl_file
	.byte	62                      @ DW_AT_decl_line
	.byte	0                       @ End Of Children Mark
.Ldebug_info_end0:
	.section	.debug_ranges,"",%progbits
.Ldebug_ranges0:
	.long	.Lfunc_begin0
	.long	.Lfunc_end0
	.long	.Lfunc_begin1
	.long	.Lfunc_end1
	.long	.Lfunc_begin2
	.long	.Lfunc_end2
	.long	.Lfunc_begin3
	.long	.Lfunc_end3
	.long	.Lfunc_begin4
	.long	.Lfunc_end4
	.long	.Lfunc_begin5
	.long	.Lfunc_end5
	.long	0
	.long	0
	.section	.debug_macinfo,"",%progbits
	.byte	0                       @ End Of Macro List Mark

	.ident	"Component: ARM Compiler 6.12 Tool: armclang [5d624a00]"
	.section	".note.GNU-stack","",%progbits
	.eabi_attribute	30, 3	@ Tag_ABI_optimization_goals
	.ARM_attribute	16, 1	@ Tag_AV_eba
	.section	.debug_line,"",%progbits
.Lline_table_start0:
