	.text
	.syntax unified
	.eabi_attribute	67, "2.09"	@ Tag_conformance
	.cpu	cortex-m4
	.eabi_attribute	6, 13	@ Tag_CPU_arch
	.eabi_attribute	7, 77	@ Tag_CPU_arch_profile
	.eabi_attribute	8, 0	@ Tag_ARM_ISA_use
	.eabi_attribute	9, 2	@ Tag_THUMB_ISA_use
	.fpu	fpv4-sp-d16
	.eabi_attribute	27, 1	@ Tag_ABI_HardFP_use
	.eabi_attribute	36, 1	@ Tag_FP_HP_extension
	.eabi_attribute	34, 1	@ Tag_CPU_unaligned_access
	.eabi_attribute	17, 1	@ Tag_ABI_PCS_GOT_use
	.eabi_attribute	20, 2	@ Tag_ABI_FP_denormal
	.eabi_attribute	21, 0	@ Tag_ABI_FP_exceptions
	.eabi_attribute	23, 1	@ Tag_ABI_FP_number_model
	.eabi_attribute	24, 1	@ Tag_ABI_align_needed
	.eabi_attribute	25, 1	@ Tag_ABI_align_preserved
	.eabi_attribute	28, 1	@ Tag_ABI_VFP_args
	.eabi_attribute	38, 1	@ Tag_ABI_FP_16bit_format
	.eabi_attribute	18, 2	@ Tag_ABI_PCS_wchar_t
	.eabi_attribute	26, 1	@ Tag_ABI_enum_size
	.eabi_attribute	14, 0	@ Tag_ABI_PCS_R9_use
	.file	"system_stm32f4xx.c"
	.file	1 "C:\\Keil\\ARM\\ARMCLANG\\Bin\\..\\include" "stdint.h"
	.file	2 "F:\\SkyDrive\\OtvoreniProjekti\\HotelSaplast\\fw\\KontrolerHotela\\HC070318\\Project" "../Libraries/CMSIS/Device/ST/STM32F4xx/Source/Templates/system_stm32f4xx.c"
	.file	3 "F:\\SkyDrive\\OtvoreniProjekti\\HotelSaplast\\fw\\KontrolerHotela\\HC070318\\Project" "../Libraries/CMSIS/Device/ST/STM32F4xx/Include\\stm32f4xx.h"
	.file	4 "C:/Keil\\ARM\\CMSIS\\Include" "core_cm4.h"
	.section	.text.SystemInit,"ax",%progbits
	.hidden	SystemInit              @ -- Begin function SystemInit
	.globl	SystemInit
	.p2align	1
	.type	SystemInit,%function
	.code	16                      @ @SystemInit
	.thumb_func
SystemInit:
.Lfunc_begin0:
	.loc	2 476 0                 @ ../Libraries/CMSIS/Device/ST/STM32F4xx/Source/Templates/system_stm32f4xx.c:476:0
	.fnstart
	.cfi_sections .debug_frame
	.cfi_startproc
@ %bb.0:
	.pad	#8
	sub	sp, #8
	.cfi_def_cfa_offset 8
	movw	r12, #60680
	movw	r0, #65535
	movt	r12, #57344
	movt	r0, #65270
.Ltmp0:
	.loc	2 479 16 prologue_end   @ ../Libraries/CMSIS/Device/ST/STM32F4xx/Source/Templates/system_stm32f4xx.c:479:16
	ldr.w	r1, [r12, #128]
	orr	r1, r1, #15728640
	str.w	r1, [r12, #128]
	movw	r1, #14336
	movt	r1, #16386
	.loc	2 483 11                @ ../Libraries/CMSIS/Device/ST/STM32F4xx/Source/Templates/system_stm32f4xx.c:483:11
	ldr	r2, [r1]
	orr	r2, r2, #1
	str	r2, [r1]
	movs	r2, #0
	.loc	2 486 13                @ ../Libraries/CMSIS/Device/ST/STM32F4xx/Source/Templates/system_stm32f4xx.c:486:13
	str	r2, [r1, #8]
	.loc	2 489 11                @ ../Libraries/CMSIS/Device/ST/STM32F4xx/Source/Templates/system_stm32f4xx.c:489:11
	ldr	r3, [r1]
	ands	r0, r3
	str	r0, [r1]
	movw	r0, #12304
	movt	r0, #9216
	.loc	2 492 16                @ ../Libraries/CMSIS/Device/ST/STM32F4xx/Source/Templates/system_stm32f4xx.c:492:16
	str	r0, [r1, #4]
	.loc	2 495 11                @ ../Libraries/CMSIS/Device/ST/STM32F4xx/Source/Templates/system_stm32f4xx.c:495:11
	ldr	r0, [r1]
	bic	r0, r0, #262144
	str	r0, [r1]
	.loc	2 498 12                @ ../Libraries/CMSIS/Device/ST/STM32F4xx/Source/Templates/system_stm32f4xx.c:498:12
	str	r2, [r1, #12]
.Ltmp1:
	.loc	2 652 17                @ ../Libraries/CMSIS/Device/ST/STM32F4xx/Source/Templates/system_stm32f4xx.c:652:17
	str	r2, [sp, #4]
	.loc	2 652 37 is_stmt 0      @ ../Libraries/CMSIS/Device/ST/STM32F4xx/Source/Templates/system_stm32f4xx.c:652:37
	str	r2, [sp]
	.loc	2 655 11 is_stmt 1      @ ../Libraries/CMSIS/Device/ST/STM32F4xx/Source/Templates/system_stm32f4xx.c:655:11
	ldr	r0, [r1]
	orr	r0, r0, #65536
	str	r0, [r1]
	.p2align	2
.LBB0_1:                                @ =>This Inner Loop Header: Depth=1
.Ltmp2:
	.loc	2 660 22                @ ../Libraries/CMSIS/Device/ST/STM32F4xx/Source/Templates/system_stm32f4xx.c:660:22
	ldr	r0, [r1]
	.loc	2 660 25 is_stmt 0      @ ../Libraries/CMSIS/Device/ST/STM32F4xx/Source/Templates/system_stm32f4xx.c:660:25
	and	r0, r0, #131072
	.loc	2 660 15                @ ../Libraries/CMSIS/Device/ST/STM32F4xx/Source/Templates/system_stm32f4xx.c:660:15
	str	r0, [sp]
	.loc	2 661 19 is_stmt 1      @ ../Libraries/CMSIS/Device/ST/STM32F4xx/Source/Templates/system_stm32f4xx.c:661:19
	ldr	r0, [sp, #4]
	adds	r0, #1
	str	r0, [sp, #4]
.Ltmp3:
	.loc	2 662 12                @ ../Libraries/CMSIS/Device/ST/STM32F4xx/Source/Templates/system_stm32f4xx.c:662:12
	ldr	r0, [sp]
	.loc	2 662 28 is_stmt 0      @ ../Libraries/CMSIS/Device/ST/STM32F4xx/Source/Templates/system_stm32f4xx.c:662:28
	cbnz	r0, .LBB0_3
@ %bb.2:                                @   in Loop: Header=BB0_1 Depth=1
	.loc	2 662 32                @ ../Libraries/CMSIS/Device/ST/STM32F4xx/Source/Templates/system_stm32f4xx.c:662:32
	ldr	r0, [sp, #4]
.Ltmp4:
	.loc	2 662 3                 @ ../Libraries/CMSIS/Device/ST/STM32F4xx/Source/Templates/system_stm32f4xx.c:662:3
	cmp.w	r0, #20480
	bne	.LBB0_1
.Ltmp5:
.LBB0_3:
	.loc	2 664 13 is_stmt 1      @ ../Libraries/CMSIS/Device/ST/STM32F4xx/Source/Templates/system_stm32f4xx.c:664:13
	ldr	r0, [r1]
.Ltmp6:
	.loc	2 664 7 is_stmt 0       @ ../Libraries/CMSIS/Device/ST/STM32F4xx/Source/Templates/system_stm32f4xx.c:664:7
	lsls	r0, r0, #14
	ite	pl
	movpl	r0, #0
	movmi	r0, #1
.Ltmp7:
	.loc	2 0 0                   @ ../Libraries/CMSIS/Device/ST/STM32F4xx/Source/Templates/system_stm32f4xx.c:0:0
	str	r0, [sp]
.Ltmp8:
	.loc	2 673 7 is_stmt 1       @ ../Libraries/CMSIS/Device/ST/STM32F4xx/Source/Templates/system_stm32f4xx.c:673:7
	ldr	r0, [sp]
.Ltmp9:
	.loc	2 673 7 is_stmt 0       @ ../Libraries/CMSIS/Device/ST/STM32F4xx/Source/Templates/system_stm32f4xx.c:673:7
	cmp	r0, #1
	bne	.LBB0_12
@ %bb.4:
.Ltmp10:
	.loc	2 676 18 is_stmt 1      @ ../Libraries/CMSIS/Device/ST/STM32F4xx/Source/Templates/system_stm32f4xx.c:676:18
	ldr	r0, [r1, #64]
	movw	r2, #28672
	movt	r2, #16384
	orr	r0, r0, #268435456
	str	r0, [r1, #64]
	.loc	2 677 13                @ ../Libraries/CMSIS/Device/ST/STM32F4xx/Source/Templates/system_stm32f4xx.c:677:13
	ldr	r0, [r2]
	orr	r0, r0, #49152
	str	r0, [r2]
	.loc	2 680 15                @ ../Libraries/CMSIS/Device/ST/STM32F4xx/Source/Templates/system_stm32f4xx.c:680:15
	ldr	r0, [r1, #8]
	str	r0, [r1, #8]
	.loc	2 684 15                @ ../Libraries/CMSIS/Device/ST/STM32F4xx/Source/Templates/system_stm32f4xx.c:684:15
	ldr	r0, [r1, #8]
	orr	r0, r0, #32768
	str	r0, [r1, #8]
	.loc	2 687 15                @ ../Libraries/CMSIS/Device/ST/STM32F4xx/Source/Templates/system_stm32f4xx.c:687:15
	ldr	r0, [r1, #8]
	orr	r0, r0, #5120
	str	r0, [r1, #8]
	movw	r0, #23064
	movt	r0, #1856
	.loc	2 700 18                @ ../Libraries/CMSIS/Device/ST/STM32F4xx/Source/Templates/system_stm32f4xx.c:700:18
	str	r0, [r1, #4]
	.loc	2 711 13                @ ../Libraries/CMSIS/Device/ST/STM32F4xx/Source/Templates/system_stm32f4xx.c:711:13
	ldr	r0, [r1]
	orr	r0, r0, #16777216
	str	r0, [r1]
	.p2align	2
.LBB0_5:                                @ =>This Inner Loop Header: Depth=1
	.loc	2 714 17                @ ../Libraries/CMSIS/Device/ST/STM32F4xx/Source/Templates/system_stm32f4xx.c:714:17
	ldr	r0, [r1]
	.loc	2 714 5 is_stmt 0       @ ../Libraries/CMSIS/Device/ST/STM32F4xx/Source/Templates/system_stm32f4xx.c:714:5
	lsls	r0, r0, #6
	bpl	.LBB0_5
@ %bb.6:
	.loc	2 720 13 is_stmt 1      @ ../Libraries/CMSIS/Device/ST/STM32F4xx/Source/Templates/system_stm32f4xx.c:720:13
	ldr	r0, [r2]
	orr	r0, r0, #65536
	str	r0, [r2]
	.p2align	2
.LBB0_7:                                @ =>This Inner Loop Header: Depth=1
	.loc	2 721 17                @ ../Libraries/CMSIS/Device/ST/STM32F4xx/Source/Templates/system_stm32f4xx.c:721:17
	ldr	r0, [r2, #4]
	.loc	2 721 5 is_stmt 0       @ ../Libraries/CMSIS/Device/ST/STM32F4xx/Source/Templates/system_stm32f4xx.c:721:5
	lsls	r0, r0, #15
	bpl	.LBB0_7
@ %bb.8:
	.loc	2 724 13 is_stmt 1      @ ../Libraries/CMSIS/Device/ST/STM32F4xx/Source/Templates/system_stm32f4xx.c:724:13
	ldr	r0, [r2]
	orr	r0, r0, #131072
	str	r0, [r2]
	.p2align	2
.LBB0_9:                                @ =>This Inner Loop Header: Depth=1
	.loc	2 725 17                @ ../Libraries/CMSIS/Device/ST/STM32F4xx/Source/Templates/system_stm32f4xx.c:725:17
	ldr	r0, [r2, #4]
	.loc	2 725 5 is_stmt 0       @ ../Libraries/CMSIS/Device/ST/STM32F4xx/Source/Templates/system_stm32f4xx.c:725:5
	lsls	r0, r0, #14
	bpl	.LBB0_9
@ %bb.10:
	.loc	2 0 5                   @ ../Libraries/CMSIS/Device/ST/STM32F4xx/Source/Templates/system_stm32f4xx.c:0:5
	movw	r0, #1797
	.loc	2 729 16 is_stmt 1      @ ../Libraries/CMSIS/Device/ST/STM32F4xx/Source/Templates/system_stm32f4xx.c:729:16
	str.w	r0, [r1, #1024]
	.loc	2 743 15                @ ../Libraries/CMSIS/Device/ST/STM32F4xx/Source/Templates/system_stm32f4xx.c:743:15
	ldr	r0, [r1, #8]
	bic	r0, r0, #3
	str	r0, [r1, #8]
	.loc	2 744 15                @ ../Libraries/CMSIS/Device/ST/STM32F4xx/Source/Templates/system_stm32f4xx.c:744:15
	ldr	r0, [r1, #8]
	orr	r0, r0, #2
	str	r0, [r1, #8]
	.p2align	2
.LBB0_11:                               @ =>This Inner Loop Header: Depth=1
	.loc	2 747 18                @ ../Libraries/CMSIS/Device/ST/STM32F4xx/Source/Templates/system_stm32f4xx.c:747:18
	ldr	r0, [r1, #8]
	.loc	2 747 23 is_stmt 0      @ ../Libraries/CMSIS/Device/ST/STM32F4xx/Source/Templates/system_stm32f4xx.c:747:23
	and	r0, r0, #12
	.loc	2 747 5                 @ ../Libraries/CMSIS/Device/ST/STM32F4xx/Source/Templates/system_stm32f4xx.c:747:5
	cmp	r0, #8
	bne	.LBB0_11
.Ltmp11:
.LBB0_12:
	.loc	2 0 5                   @ ../Libraries/CMSIS/Device/ST/STM32F4xx/Source/Templates/system_stm32f4xx.c:0:5
	movw	r0, #32768
	movt	r0, #2048
	.loc	2 512 13 is_stmt 1      @ ../Libraries/CMSIS/Device/ST/STM32F4xx/Source/Templates/system_stm32f4xx.c:512:13
	str.w	r0, [r12]
	.loc	2 514 1                 @ ../Libraries/CMSIS/Device/ST/STM32F4xx/Source/Templates/system_stm32f4xx.c:514:1
	add	sp, #8
	bx	lr
.Ltmp12:
.Lfunc_end0:
	.size	SystemInit, .Lfunc_end0-SystemInit
	.cfi_endproc
	.cantunwind
	.fnend
                                        @ -- End function
	.section	.text.SystemCoreClockUpdate,"ax",%progbits
	.hidden	SystemCoreClockUpdate   @ -- Begin function SystemCoreClockUpdate
	.globl	SystemCoreClockUpdate
	.p2align	1
	.type	SystemCoreClockUpdate,%function
	.code	16                      @ @SystemCoreClockUpdate
	.thumb_func
SystemCoreClockUpdate:
.Lfunc_begin1:
	.loc	2 553 0                 @ ../Libraries/CMSIS/Device/ST/STM32F4xx/Source/Templates/system_stm32f4xx.c:553:0
	.fnstart
	.cfi_startproc
@ %bb.0:
	movw	r0, #14340
	movt	r0, #16386
.Ltmp13:
	@DEBUG_VALUE: SystemCoreClockUpdate:pllm <- 2
	@DEBUG_VALUE: SystemCoreClockUpdate:pllsource <- 0
	@DEBUG_VALUE: SystemCoreClockUpdate:pllp <- 2
	@DEBUG_VALUE: SystemCoreClockUpdate:pllvco <- 0
	@DEBUG_VALUE: SystemCoreClockUpdate:tmp <- 0
	.loc	2 559 14 prologue_end   @ ../Libraries/CMSIS/Device/ST/STM32F4xx/Source/Templates/system_stm32f4xx.c:559:14
	ldr	r1, [r0, #4]
	.loc	2 559 19 is_stmt 0      @ ../Libraries/CMSIS/Device/ST/STM32F4xx/Source/Templates/system_stm32f4xx.c:559:19
	and	r2, r1, #12
.Ltmp14:
	@DEBUG_VALUE: SystemCoreClockUpdate:tmp <- $r2
	.loc	2 0 19                  @ ../Libraries/CMSIS/Device/ST/STM32F4xx/Source/Templates/system_stm32f4xx.c:0:19
	movw	r1, #9216
	movt	r1, #244
	.loc	2 561 3 is_stmt 1       @ ../Libraries/CMSIS/Device/ST/STM32F4xx/Source/Templates/system_stm32f4xx.c:561:3
	cmp	r2, #8
	beq	.LBB1_3
.Ltmp15:
@ %bb.1:
	@DEBUG_VALUE: SystemCoreClockUpdate:tmp <- $r2
	cmp	r2, #4
	bne	.LBB1_4
.Ltmp16:
@ %bb.2:
	@DEBUG_VALUE: SystemCoreClockUpdate:tmp <- $r2
	.loc	2 0 3 is_stmt 0         @ ../Libraries/CMSIS/Device/ST/STM32F4xx/Source/Templates/system_stm32f4xx.c:0:3
	movw	r1, #13824
	movt	r1, #366
	b	.LBB1_4
.Ltmp17:
.LBB1_3:
	@DEBUG_VALUE: SystemCoreClockUpdate:tmp <- $r2
	.loc	2 573 25 is_stmt 1      @ ../Libraries/CMSIS/Device/ST/STM32F4xx/Source/Templates/system_stm32f4xx.c:573:25
	ldr	r2, [r0]
.Ltmp18:
	.loc	2 0 25 is_stmt 0        @ ../Libraries/CMSIS/Device/ST/STM32F4xx/Source/Templates/system_stm32f4xx.c:0:25
	movs	r3, #2
	.loc	2 577 11 is_stmt 1      @ ../Libraries/CMSIS/Device/ST/STM32F4xx/Source/Templates/system_stm32f4xx.c:577:11
	lsls	r2, r2, #9
	movw	r2, #13824
	movt	r2, #366
	it	pl
	movpl	r2, r1
.Ltmp19:
	@DEBUG_VALUE: SystemCoreClockUpdate:pllsource <- undef
	.loc	2 574 19                @ ../Libraries/CMSIS/Device/ST/STM32F4xx/Source/Templates/system_stm32f4xx.c:574:19
	ldr	r1, [r0]
	.loc	2 574 27 is_stmt 0      @ ../Libraries/CMSIS/Device/ST/STM32F4xx/Source/Templates/system_stm32f4xx.c:574:27
	and	r1, r1, #63
.Ltmp20:
	@DEBUG_VALUE: SystemCoreClockUpdate:pllm <- $r1
	.loc	2 0 0                   @ ../Libraries/CMSIS/Device/ST/STM32F4xx/Source/Templates/system_stm32f4xx.c:0:0
	udiv	r1, r2, r1
.Ltmp21:
	ldr	r2, [r0]
	ubfx	r2, r2, #6, #9
	muls	r1, r2, r1
.Ltmp22:
	@DEBUG_VALUE: SystemCoreClockUpdate:pllvco <- $r1
	.loc	2 602 22 is_stmt 1      @ ../Libraries/CMSIS/Device/ST/STM32F4xx/Source/Templates/system_stm32f4xx.c:602:22
	ldr	r2, [r0]
	.loc	2 602 62 is_stmt 0      @ ../Libraries/CMSIS/Device/ST/STM32F4xx/Source/Templates/system_stm32f4xx.c:602:62
	ubfx	r2, r2, #16, #2
	add.w	r2, r3, r2, lsl #1
.Ltmp23:
	@DEBUG_VALUE: SystemCoreClockUpdate:pllp <- $r2
	.loc	2 603 31 is_stmt 1      @ ../Libraries/CMSIS/Device/ST/STM32F4xx/Source/Templates/system_stm32f4xx.c:603:31
	udiv	r1, r1, r2
.Ltmp24:
.LBB1_4:
	.loc	2 0 0 is_stmt 0         @ ../Libraries/CMSIS/Device/ST/STM32F4xx/Source/Templates/system_stm32f4xx.c:0:0
	movw	r2, :lower16:SystemCoreClock
.Ltmp25:
	.loc	2 633 9 is_stmt 1       @ ../Libraries/CMSIS/Device/ST/STM32F4xx/Source/Templates/system_stm32f4xx.c:633:9
	movw	r3, :lower16:AHBPrescTable
.Ltmp26:
	.loc	2 0 0 is_stmt 0         @ ../Libraries/CMSIS/Device/ST/STM32F4xx/Source/Templates/system_stm32f4xx.c:0:0
	movt	r2, :upper16:SystemCoreClock
.Ltmp27:
	.loc	2 633 9                 @ ../Libraries/CMSIS/Device/ST/STM32F4xx/Source/Templates/system_stm32f4xx.c:633:9
	movt	r3, :upper16:AHBPrescTable
.Ltmp28:
	.loc	2 0 0                   @ ../Libraries/CMSIS/Device/ST/STM32F4xx/Source/Templates/system_stm32f4xx.c:0:0
	str	r1, [r2]
.Ltmp29:
	.loc	2 633 30                @ ../Libraries/CMSIS/Device/ST/STM32F4xx/Source/Templates/system_stm32f4xx.c:633:30
	ldr	r0, [r0, #4]
	.loc	2 633 52                @ ../Libraries/CMSIS/Device/ST/STM32F4xx/Source/Templates/system_stm32f4xx.c:633:52
	ubfx	r0, r0, #4, #4
	.loc	2 633 9                 @ ../Libraries/CMSIS/Device/ST/STM32F4xx/Source/Templates/system_stm32f4xx.c:633:9
	ldrb	r0, [r3, r0]
.Ltmp30:
	@DEBUG_VALUE: SystemCoreClockUpdate:tmp <- $r0
	.loc	2 635 19 is_stmt 1      @ ../Libraries/CMSIS/Device/ST/STM32F4xx/Source/Templates/system_stm32f4xx.c:635:19
	lsr.w	r0, r1, r0
.Ltmp31:
	str	r0, [r2]
	.loc	2 636 1                 @ ../Libraries/CMSIS/Device/ST/STM32F4xx/Source/Templates/system_stm32f4xx.c:636:1
	bx	lr
.Ltmp32:
.Lfunc_end1:
	.size	SystemCoreClockUpdate, .Lfunc_end1-SystemCoreClockUpdate
	.cfi_endproc
	.cantunwind
	.fnend
                                        @ -- End function
	.hidden	SystemCoreClock         @ @SystemCoreClock
	.type	SystemCoreClock,%object
	.section	.data.SystemCoreClock,"aw",%progbits
	.globl	SystemCoreClock
	.p2align	2
SystemCoreClock:
	.long	180000000               @ 0xaba9500
	.size	SystemCoreClock, 4

	.hidden	AHBPrescTable           @ @AHBPrescTable
	.type	AHBPrescTable,%object
	.section	.rodata.AHBPrescTable,"a",%progbits
	.globl	AHBPrescTable
AHBPrescTable:
	.ascii	"\000\000\000\000\000\000\000\000\001\002\003\004\006\007\b\t"
	.size	AHBPrescTable, 16

	.section	.debug_str,"MS",%progbits,1
.Linfo_string0:
	.asciz	"Component: ARM Compiler 6.12 Tool: armclang [5d624a00]" @ string offset=0
.Linfo_string1:
	.asciz	"../Libraries/CMSIS/Device/ST/STM32F4xx/Source/Templates\\system_stm32f4xx.c" @ string offset=55
.Linfo_string2:
	.asciz	"F:\\SkyDrive\\OtvoreniProjekti\\HotelSaplast\\fw\\KontrolerHotela\\HC070318\\Project" @ string offset=130
.Linfo_string3:
	.asciz	"SystemCoreClock"       @ string offset=208
.Linfo_string4:
	.asciz	"unsigned int"          @ string offset=224
.Linfo_string5:
	.asciz	"uint32_t"              @ string offset=237
.Linfo_string6:
	.asciz	"AHBPrescTable"         @ string offset=246
.Linfo_string7:
	.asciz	"unsigned char"         @ string offset=260
.Linfo_string8:
	.asciz	"uint8_t"               @ string offset=274
.Linfo_string9:
	.asciz	"__ARRAY_SIZE_TYPE__"   @ string offset=282
.Linfo_string10:
	.asciz	"RESET"                 @ string offset=302
.Linfo_string11:
	.asciz	"SET"                   @ string offset=308
.Linfo_string12:
	.asciz	"CPUID"                 @ string offset=312
.Linfo_string13:
	.asciz	"ICSR"                  @ string offset=318
.Linfo_string14:
	.asciz	"VTOR"                  @ string offset=323
.Linfo_string15:
	.asciz	"AIRCR"                 @ string offset=328
.Linfo_string16:
	.asciz	"SCR"                   @ string offset=334
.Linfo_string17:
	.asciz	"CCR"                   @ string offset=338
.Linfo_string18:
	.asciz	"SHP"                   @ string offset=342
.Linfo_string19:
	.asciz	"SHCSR"                 @ string offset=346
.Linfo_string20:
	.asciz	"CFSR"                  @ string offset=352
.Linfo_string21:
	.asciz	"HFSR"                  @ string offset=357
.Linfo_string22:
	.asciz	"DFSR"                  @ string offset=362
.Linfo_string23:
	.asciz	"MMFAR"                 @ string offset=367
.Linfo_string24:
	.asciz	"BFAR"                  @ string offset=373
.Linfo_string25:
	.asciz	"AFSR"                  @ string offset=378
.Linfo_string26:
	.asciz	"PFR"                   @ string offset=383
.Linfo_string27:
	.asciz	"DFR"                   @ string offset=387
.Linfo_string28:
	.asciz	"ADR"                   @ string offset=391
.Linfo_string29:
	.asciz	"MMFR"                  @ string offset=395
.Linfo_string30:
	.asciz	"ISAR"                  @ string offset=400
.Linfo_string31:
	.asciz	"RESERVED0"             @ string offset=405
.Linfo_string32:
	.asciz	"CPACR"                 @ string offset=415
.Linfo_string33:
	.asciz	"SCB_Type"              @ string offset=421
.Linfo_string34:
	.asciz	"CR"                    @ string offset=430
.Linfo_string35:
	.asciz	"PLLCFGR"               @ string offset=433
.Linfo_string36:
	.asciz	"CFGR"                  @ string offset=441
.Linfo_string37:
	.asciz	"CIR"                   @ string offset=446
.Linfo_string38:
	.asciz	"AHB1RSTR"              @ string offset=450
.Linfo_string39:
	.asciz	"AHB2RSTR"              @ string offset=459
.Linfo_string40:
	.asciz	"AHB3RSTR"              @ string offset=468
.Linfo_string41:
	.asciz	"APB1RSTR"              @ string offset=477
.Linfo_string42:
	.asciz	"APB2RSTR"              @ string offset=486
.Linfo_string43:
	.asciz	"RESERVED1"             @ string offset=495
.Linfo_string44:
	.asciz	"AHB1ENR"               @ string offset=505
.Linfo_string45:
	.asciz	"AHB2ENR"               @ string offset=513
.Linfo_string46:
	.asciz	"AHB3ENR"               @ string offset=521
.Linfo_string47:
	.asciz	"RESERVED2"             @ string offset=529
.Linfo_string48:
	.asciz	"APB1ENR"               @ string offset=539
.Linfo_string49:
	.asciz	"APB2ENR"               @ string offset=547
.Linfo_string50:
	.asciz	"RESERVED3"             @ string offset=555
.Linfo_string51:
	.asciz	"AHB1LPENR"             @ string offset=565
.Linfo_string52:
	.asciz	"AHB2LPENR"             @ string offset=575
.Linfo_string53:
	.asciz	"AHB3LPENR"             @ string offset=585
.Linfo_string54:
	.asciz	"RESERVED4"             @ string offset=595
.Linfo_string55:
	.asciz	"APB1LPENR"             @ string offset=605
.Linfo_string56:
	.asciz	"APB2LPENR"             @ string offset=615
.Linfo_string57:
	.asciz	"RESERVED5"             @ string offset=625
.Linfo_string58:
	.asciz	"BDCR"                  @ string offset=635
.Linfo_string59:
	.asciz	"CSR"                   @ string offset=640
.Linfo_string60:
	.asciz	"RESERVED6"             @ string offset=644
.Linfo_string61:
	.asciz	"SSCGR"                 @ string offset=654
.Linfo_string62:
	.asciz	"PLLI2SCFGR"            @ string offset=660
.Linfo_string63:
	.asciz	"PLLSAICFGR"            @ string offset=671
.Linfo_string64:
	.asciz	"DCKCFGR"               @ string offset=682
.Linfo_string65:
	.asciz	"CKGATENR"              @ string offset=690
.Linfo_string66:
	.asciz	"DCKCFGR2"              @ string offset=699
.Linfo_string67:
	.asciz	"RCC_TypeDef"           @ string offset=708
.Linfo_string68:
	.asciz	"unsigned short"        @ string offset=720
.Linfo_string69:
	.asciz	"uint16_t"              @ string offset=735
.Linfo_string70:
	.asciz	"PWR_TypeDef"           @ string offset=744
.Linfo_string71:
	.asciz	"ACR"                   @ string offset=756
.Linfo_string72:
	.asciz	"KEYR"                  @ string offset=760
.Linfo_string73:
	.asciz	"OPTKEYR"               @ string offset=765
.Linfo_string74:
	.asciz	"SR"                    @ string offset=773
.Linfo_string75:
	.asciz	"OPTCR"                 @ string offset=776
.Linfo_string76:
	.asciz	"OPTCR1"                @ string offset=782
.Linfo_string77:
	.asciz	"FLASH_TypeDef"         @ string offset=789
.Linfo_string78:
	.asciz	"SetSysClock"           @ string offset=803
.Linfo_string79:
	.asciz	"StartUpCounter"        @ string offset=815
.Linfo_string80:
	.asciz	"HSEStatus"             @ string offset=830
.Linfo_string81:
	.asciz	"SystemInit"            @ string offset=840
.Linfo_string82:
	.asciz	"SystemCoreClockUpdate" @ string offset=851
.Linfo_string83:
	.asciz	"pllm"                  @ string offset=873
.Linfo_string84:
	.asciz	"pllsource"             @ string offset=878
.Linfo_string85:
	.asciz	"pllp"                  @ string offset=888
.Linfo_string86:
	.asciz	"pllvco"                @ string offset=893
.Linfo_string87:
	.asciz	"tmp"                   @ string offset=900
	.section	.debug_loc,"",%progbits
.Ldebug_loc0:
	.long	.Ltmp13
	.long	.Ltmp20
	.short	1                       @ Loc expr size
	.byte	50                      @ DW_OP_lit2
	.long	.Ltmp20
	.long	.Ltmp21
	.short	1                       @ Loc expr size
	.byte	81                      @ DW_OP_reg1
	.long	0
	.long	0
.Ldebug_loc1:
	.long	.Ltmp13
	.long	.Ltmp19
	.short	1                       @ Loc expr size
	.byte	48                      @ DW_OP_lit0
	.long	0
	.long	0
.Ldebug_loc2:
	.long	.Ltmp13
	.long	.Ltmp23
	.short	1                       @ Loc expr size
	.byte	50                      @ DW_OP_lit2
	.long	.Ltmp23
	.long	.Ltmp24
	.short	1                       @ Loc expr size
	.byte	82                      @ DW_OP_reg2
	.long	0
	.long	0
.Ldebug_loc3:
	.long	.Ltmp13
	.long	.Ltmp22
	.short	1                       @ Loc expr size
	.byte	48                      @ DW_OP_lit0
	.long	.Ltmp22
	.long	.Ltmp24
	.short	1                       @ Loc expr size
	.byte	81                      @ DW_OP_reg1
	.long	0
	.long	0
.Ldebug_loc4:
	.long	.Ltmp13
	.long	.Ltmp14
	.short	1                       @ Loc expr size
	.byte	48                      @ DW_OP_lit0
	.long	.Ltmp14
	.long	.Ltmp18
	.short	1                       @ Loc expr size
	.byte	82                      @ DW_OP_reg2
	.long	.Ltmp30
	.long	.Ltmp31
	.short	1                       @ Loc expr size
	.byte	80                      @ DW_OP_reg0
	.long	0
	.long	0
	.section	.debug_abbrev,"",%progbits
	.byte	1                       @ Abbreviation Code
	.byte	17                      @ DW_TAG_compile_unit
	.byte	1                       @ DW_CHILDREN_yes
	.byte	37                      @ DW_AT_producer
	.byte	14                      @ DW_FORM_strp
	.byte	19                      @ DW_AT_language
	.byte	5                       @ DW_FORM_data2
	.byte	3                       @ DW_AT_name
	.byte	14                      @ DW_FORM_strp
	.byte	16                      @ DW_AT_stmt_list
	.byte	6                       @ DW_FORM_data4
	.byte	27                      @ DW_AT_comp_dir
	.byte	14                      @ DW_FORM_strp
	.byte	17                      @ DW_AT_low_pc
	.byte	1                       @ DW_FORM_addr
	.byte	85                      @ DW_AT_ranges
	.byte	6                       @ DW_FORM_data4
	.byte	0                       @ EOM(1)
	.byte	0                       @ EOM(2)
	.byte	2                       @ Abbreviation Code
	.byte	52                      @ DW_TAG_variable
	.byte	0                       @ DW_CHILDREN_no
	.byte	3                       @ DW_AT_name
	.byte	14                      @ DW_FORM_strp
	.byte	73                      @ DW_AT_type
	.byte	19                      @ DW_FORM_ref4
	.byte	63                      @ DW_AT_external
	.byte	12                      @ DW_FORM_flag
	.byte	58                      @ DW_AT_decl_file
	.byte	11                      @ DW_FORM_data1
	.byte	59                      @ DW_AT_decl_line
	.byte	5                       @ DW_FORM_data2
	.byte	2                       @ DW_AT_location
	.byte	10                      @ DW_FORM_block1
	.byte	0                       @ EOM(1)
	.byte	0                       @ EOM(2)
	.byte	3                       @ Abbreviation Code
	.byte	22                      @ DW_TAG_typedef
	.byte	0                       @ DW_CHILDREN_no
	.byte	73                      @ DW_AT_type
	.byte	19                      @ DW_FORM_ref4
	.byte	3                       @ DW_AT_name
	.byte	14                      @ DW_FORM_strp
	.byte	58                      @ DW_AT_decl_file
	.byte	11                      @ DW_FORM_data1
	.byte	59                      @ DW_AT_decl_line
	.byte	11                      @ DW_FORM_data1
	.byte	0                       @ EOM(1)
	.byte	0                       @ EOM(2)
	.byte	4                       @ Abbreviation Code
	.byte	36                      @ DW_TAG_base_type
	.byte	0                       @ DW_CHILDREN_no
	.byte	3                       @ DW_AT_name
	.byte	14                      @ DW_FORM_strp
	.byte	62                      @ DW_AT_encoding
	.byte	11                      @ DW_FORM_data1
	.byte	11                      @ DW_AT_byte_size
	.byte	11                      @ DW_FORM_data1
	.byte	0                       @ EOM(1)
	.byte	0                       @ EOM(2)
	.byte	5                       @ Abbreviation Code
	.byte	1                       @ DW_TAG_array_type
	.byte	1                       @ DW_CHILDREN_yes
	.byte	73                      @ DW_AT_type
	.byte	19                      @ DW_FORM_ref4
	.byte	0                       @ EOM(1)
	.byte	0                       @ EOM(2)
	.byte	6                       @ Abbreviation Code
	.byte	33                      @ DW_TAG_subrange_type
	.byte	0                       @ DW_CHILDREN_no
	.byte	73                      @ DW_AT_type
	.byte	19                      @ DW_FORM_ref4
	.byte	55                      @ DW_AT_count
	.byte	11                      @ DW_FORM_data1
	.byte	0                       @ EOM(1)
	.byte	0                       @ EOM(2)
	.byte	7                       @ Abbreviation Code
	.byte	38                      @ DW_TAG_const_type
	.byte	0                       @ DW_CHILDREN_no
	.byte	73                      @ DW_AT_type
	.byte	19                      @ DW_FORM_ref4
	.byte	0                       @ EOM(1)
	.byte	0                       @ EOM(2)
	.byte	8                       @ Abbreviation Code
	.byte	53                      @ DW_TAG_volatile_type
	.byte	0                       @ DW_CHILDREN_no
	.byte	73                      @ DW_AT_type
	.byte	19                      @ DW_FORM_ref4
	.byte	0                       @ EOM(1)
	.byte	0                       @ EOM(2)
	.byte	9                       @ Abbreviation Code
	.byte	36                      @ DW_TAG_base_type
	.byte	0                       @ DW_CHILDREN_no
	.byte	3                       @ DW_AT_name
	.byte	14                      @ DW_FORM_strp
	.byte	11                      @ DW_AT_byte_size
	.byte	11                      @ DW_FORM_data1
	.byte	62                      @ DW_AT_encoding
	.byte	11                      @ DW_FORM_data1
	.byte	0                       @ EOM(1)
	.byte	0                       @ EOM(2)
	.byte	10                      @ Abbreviation Code
	.byte	4                       @ DW_TAG_enumeration_type
	.byte	1                       @ DW_CHILDREN_yes
	.byte	73                      @ DW_AT_type
	.byte	19                      @ DW_FORM_ref4
	.byte	11                      @ DW_AT_byte_size
	.byte	11                      @ DW_FORM_data1
	.byte	58                      @ DW_AT_decl_file
	.byte	11                      @ DW_FORM_data1
	.byte	59                      @ DW_AT_decl_line
	.byte	5                       @ DW_FORM_data2
	.byte	0                       @ EOM(1)
	.byte	0                       @ EOM(2)
	.byte	11                      @ Abbreviation Code
	.byte	40                      @ DW_TAG_enumerator
	.byte	0                       @ DW_CHILDREN_no
	.byte	3                       @ DW_AT_name
	.byte	14                      @ DW_FORM_strp
	.byte	28                      @ DW_AT_const_value
	.byte	15                      @ DW_FORM_udata
	.byte	0                       @ EOM(1)
	.byte	0                       @ EOM(2)
	.byte	12                      @ Abbreviation Code
	.byte	15                      @ DW_TAG_pointer_type
	.byte	0                       @ DW_CHILDREN_no
	.byte	73                      @ DW_AT_type
	.byte	19                      @ DW_FORM_ref4
	.byte	0                       @ EOM(1)
	.byte	0                       @ EOM(2)
	.byte	13                      @ Abbreviation Code
	.byte	22                      @ DW_TAG_typedef
	.byte	0                       @ DW_CHILDREN_no
	.byte	73                      @ DW_AT_type
	.byte	19                      @ DW_FORM_ref4
	.byte	3                       @ DW_AT_name
	.byte	14                      @ DW_FORM_strp
	.byte	58                      @ DW_AT_decl_file
	.byte	11                      @ DW_FORM_data1
	.byte	59                      @ DW_AT_decl_line
	.byte	5                       @ DW_FORM_data2
	.byte	0                       @ EOM(1)
	.byte	0                       @ EOM(2)
	.byte	14                      @ Abbreviation Code
	.byte	19                      @ DW_TAG_structure_type
	.byte	1                       @ DW_CHILDREN_yes
	.byte	11                      @ DW_AT_byte_size
	.byte	11                      @ DW_FORM_data1
	.byte	58                      @ DW_AT_decl_file
	.byte	11                      @ DW_FORM_data1
	.byte	59                      @ DW_AT_decl_line
	.byte	5                       @ DW_FORM_data2
	.byte	0                       @ EOM(1)
	.byte	0                       @ EOM(2)
	.byte	15                      @ Abbreviation Code
	.byte	13                      @ DW_TAG_member
	.byte	0                       @ DW_CHILDREN_no
	.byte	3                       @ DW_AT_name
	.byte	14                      @ DW_FORM_strp
	.byte	73                      @ DW_AT_type
	.byte	19                      @ DW_FORM_ref4
	.byte	58                      @ DW_AT_decl_file
	.byte	11                      @ DW_FORM_data1
	.byte	59                      @ DW_AT_decl_line
	.byte	5                       @ DW_FORM_data2
	.byte	56                      @ DW_AT_data_member_location
	.byte	11                      @ DW_FORM_data1
	.byte	0                       @ EOM(1)
	.byte	0                       @ EOM(2)
	.byte	16                      @ Abbreviation Code
	.byte	46                      @ DW_TAG_subprogram
	.byte	1                       @ DW_CHILDREN_yes
	.byte	3                       @ DW_AT_name
	.byte	14                      @ DW_FORM_strp
	.byte	58                      @ DW_AT_decl_file
	.byte	11                      @ DW_FORM_data1
	.byte	59                      @ DW_AT_decl_line
	.byte	5                       @ DW_FORM_data2
	.byte	39                      @ DW_AT_prototyped
	.byte	12                      @ DW_FORM_flag
	.byte	32                      @ DW_AT_inline
	.byte	11                      @ DW_FORM_data1
	.byte	0                       @ EOM(1)
	.byte	0                       @ EOM(2)
	.byte	17                      @ Abbreviation Code
	.byte	52                      @ DW_TAG_variable
	.byte	0                       @ DW_CHILDREN_no
	.byte	3                       @ DW_AT_name
	.byte	14                      @ DW_FORM_strp
	.byte	58                      @ DW_AT_decl_file
	.byte	11                      @ DW_FORM_data1
	.byte	59                      @ DW_AT_decl_line
	.byte	5                       @ DW_FORM_data2
	.byte	73                      @ DW_AT_type
	.byte	19                      @ DW_FORM_ref4
	.byte	0                       @ EOM(1)
	.byte	0                       @ EOM(2)
	.byte	18                      @ Abbreviation Code
	.byte	46                      @ DW_TAG_subprogram
	.byte	1                       @ DW_CHILDREN_yes
	.byte	17                      @ DW_AT_low_pc
	.byte	1                       @ DW_FORM_addr
	.byte	18                      @ DW_AT_high_pc
	.byte	1                       @ DW_FORM_addr
	.byte	64                      @ DW_AT_frame_base
	.byte	10                      @ DW_FORM_block1
	.byte	3                       @ DW_AT_name
	.byte	14                      @ DW_FORM_strp
	.byte	58                      @ DW_AT_decl_file
	.byte	11                      @ DW_FORM_data1
	.byte	59                      @ DW_AT_decl_line
	.byte	5                       @ DW_FORM_data2
	.byte	39                      @ DW_AT_prototyped
	.byte	12                      @ DW_FORM_flag
	.byte	63                      @ DW_AT_external
	.byte	12                      @ DW_FORM_flag
	.byte	0                       @ EOM(1)
	.byte	0                       @ EOM(2)
	.byte	19                      @ Abbreviation Code
	.byte	29                      @ DW_TAG_inlined_subroutine
	.byte	1                       @ DW_CHILDREN_yes
	.byte	49                      @ DW_AT_abstract_origin
	.byte	19                      @ DW_FORM_ref4
	.byte	17                      @ DW_AT_low_pc
	.byte	1                       @ DW_FORM_addr
	.byte	18                      @ DW_AT_high_pc
	.byte	1                       @ DW_FORM_addr
	.byte	88                      @ DW_AT_call_file
	.byte	11                      @ DW_FORM_data1
	.byte	89                      @ DW_AT_call_line
	.byte	5                       @ DW_FORM_data2
	.byte	0                       @ EOM(1)
	.byte	0                       @ EOM(2)
	.byte	20                      @ Abbreviation Code
	.byte	52                      @ DW_TAG_variable
	.byte	0                       @ DW_CHILDREN_no
	.byte	2                       @ DW_AT_location
	.byte	10                      @ DW_FORM_block1
	.byte	49                      @ DW_AT_abstract_origin
	.byte	19                      @ DW_FORM_ref4
	.byte	0                       @ EOM(1)
	.byte	0                       @ EOM(2)
	.byte	21                      @ Abbreviation Code
	.byte	52                      @ DW_TAG_variable
	.byte	0                       @ DW_CHILDREN_no
	.byte	2                       @ DW_AT_location
	.byte	6                       @ DW_FORM_data4
	.byte	3                       @ DW_AT_name
	.byte	14                      @ DW_FORM_strp
	.byte	58                      @ DW_AT_decl_file
	.byte	11                      @ DW_FORM_data1
	.byte	59                      @ DW_AT_decl_line
	.byte	5                       @ DW_FORM_data2
	.byte	73                      @ DW_AT_type
	.byte	19                      @ DW_FORM_ref4
	.byte	0                       @ EOM(1)
	.byte	0                       @ EOM(2)
	.byte	0                       @ EOM(3)
	.section	.debug_info,"",%progbits
.Lcu_begin0:
	.long	.Ldebug_info_end0-.Ldebug_info_start0 @ Length of Unit
.Ldebug_info_start0:
	.short	3                       @ DWARF version number
	.long	.debug_abbrev           @ Offset Into Abbrev. Section
	.byte	4                       @ Address Size (in bytes)
	.byte	1                       @ Abbrev [1] 0xb:0x557 DW_TAG_compile_unit
	.long	.Linfo_string0          @ DW_AT_producer
	.short	12                      @ DW_AT_language
	.long	.Linfo_string1          @ DW_AT_name
	.long	.Lline_table_start0     @ DW_AT_stmt_list
	.long	.Linfo_string2          @ DW_AT_comp_dir
	.long	0                       @ DW_AT_low_pc
	.long	.Ldebug_ranges0         @ DW_AT_ranges
	.byte	2                       @ Abbrev [2] 0x26:0x13 DW_TAG_variable
	.long	.Linfo_string3          @ DW_AT_name
	.long	57                      @ DW_AT_type
	.byte	1                       @ DW_AT_external
	.byte	2                       @ DW_AT_decl_file
	.short	433                     @ DW_AT_decl_line
	.byte	5                       @ DW_AT_location
	.byte	3
	.long	SystemCoreClock
	.byte	3                       @ Abbrev [3] 0x39:0xb DW_TAG_typedef
	.long	68                      @ DW_AT_type
	.long	.Linfo_string5          @ DW_AT_name
	.byte	1                       @ DW_AT_decl_file
	.byte	64                      @ DW_AT_decl_line
	.byte	4                       @ Abbrev [4] 0x44:0x7 DW_TAG_base_type
	.long	.Linfo_string4          @ DW_AT_name
	.byte	7                       @ DW_AT_encoding
	.byte	4                       @ DW_AT_byte_size
	.byte	2                       @ Abbrev [2] 0x4b:0x13 DW_TAG_variable
	.long	.Linfo_string6          @ DW_AT_name
	.long	94                      @ DW_AT_type
	.byte	1                       @ DW_AT_external
	.byte	2                       @ DW_AT_decl_file
	.short	444                     @ DW_AT_decl_line
	.byte	5                       @ DW_AT_location
	.byte	3
	.long	AHBPrescTable
	.byte	5                       @ Abbrev [5] 0x5e:0xc DW_TAG_array_type
	.long	106                     @ DW_AT_type
	.byte	6                       @ Abbrev [6] 0x63:0x6 DW_TAG_subrange_type
	.long	134                     @ DW_AT_type
	.byte	16                      @ DW_AT_count
	.byte	0                       @ End Of Children Mark
	.byte	7                       @ Abbrev [7] 0x6a:0x5 DW_TAG_const_type
	.long	111                     @ DW_AT_type
	.byte	8                       @ Abbrev [8] 0x6f:0x5 DW_TAG_volatile_type
	.long	116                     @ DW_AT_type
	.byte	3                       @ Abbrev [3] 0x74:0xb DW_TAG_typedef
	.long	127                     @ DW_AT_type
	.long	.Linfo_string8          @ DW_AT_name
	.byte	1                       @ DW_AT_decl_file
	.byte	62                      @ DW_AT_decl_line
	.byte	4                       @ Abbrev [4] 0x7f:0x7 DW_TAG_base_type
	.long	.Linfo_string7          @ DW_AT_name
	.byte	8                       @ DW_AT_encoding
	.byte	1                       @ DW_AT_byte_size
	.byte	9                       @ Abbrev [9] 0x86:0x7 DW_TAG_base_type
	.long	.Linfo_string9          @ DW_AT_name
	.byte	8                       @ DW_AT_byte_size
	.byte	7                       @ DW_AT_encoding
	.byte	10                      @ Abbrev [10] 0x8d:0x16 DW_TAG_enumeration_type
	.long	127                     @ DW_AT_type
	.byte	1                       @ DW_AT_byte_size
	.byte	3                       @ DW_AT_decl_file
	.short	587                     @ DW_AT_decl_line
	.byte	11                      @ Abbrev [11] 0x96:0x6 DW_TAG_enumerator
	.long	.Linfo_string10         @ DW_AT_name
	.byte	0                       @ DW_AT_const_value
	.byte	11                      @ Abbrev [11] 0x9c:0x6 DW_TAG_enumerator
	.long	.Linfo_string11         @ DW_AT_name
	.byte	1                       @ DW_AT_const_value
	.byte	0                       @ End Of Children Mark
	.byte	12                      @ Abbrev [12] 0xa3:0x5 DW_TAG_pointer_type
	.long	168                     @ DW_AT_type
	.byte	13                      @ Abbrev [13] 0xa8:0xc DW_TAG_typedef
	.long	180                     @ DW_AT_type
	.long	.Linfo_string33         @ DW_AT_name
	.byte	4                       @ DW_AT_decl_file
	.short	376                     @ DW_AT_decl_line
	.byte	14                      @ Abbrev [14] 0xb4:0x117 DW_TAG_structure_type
	.byte	140                     @ DW_AT_byte_size
	.byte	4                       @ DW_AT_decl_file
	.short	353                     @ DW_AT_decl_line
	.byte	15                      @ Abbrev [15] 0xb9:0xd DW_TAG_member
	.long	.Linfo_string12         @ DW_AT_name
	.long	459                     @ DW_AT_type
	.byte	4                       @ DW_AT_decl_file
	.short	355                     @ DW_AT_decl_line
	.byte	0                       @ DW_AT_data_member_location
	.byte	15                      @ Abbrev [15] 0xc6:0xd DW_TAG_member
	.long	.Linfo_string13         @ DW_AT_name
	.long	464                     @ DW_AT_type
	.byte	4                       @ DW_AT_decl_file
	.short	356                     @ DW_AT_decl_line
	.byte	4                       @ DW_AT_data_member_location
	.byte	15                      @ Abbrev [15] 0xd3:0xd DW_TAG_member
	.long	.Linfo_string14         @ DW_AT_name
	.long	464                     @ DW_AT_type
	.byte	4                       @ DW_AT_decl_file
	.short	357                     @ DW_AT_decl_line
	.byte	8                       @ DW_AT_data_member_location
	.byte	15                      @ Abbrev [15] 0xe0:0xd DW_TAG_member
	.long	.Linfo_string15         @ DW_AT_name
	.long	464                     @ DW_AT_type
	.byte	4                       @ DW_AT_decl_file
	.short	358                     @ DW_AT_decl_line
	.byte	12                      @ DW_AT_data_member_location
	.byte	15                      @ Abbrev [15] 0xed:0xd DW_TAG_member
	.long	.Linfo_string16         @ DW_AT_name
	.long	464                     @ DW_AT_type
	.byte	4                       @ DW_AT_decl_file
	.short	359                     @ DW_AT_decl_line
	.byte	16                      @ DW_AT_data_member_location
	.byte	15                      @ Abbrev [15] 0xfa:0xd DW_TAG_member
	.long	.Linfo_string17         @ DW_AT_name
	.long	464                     @ DW_AT_type
	.byte	4                       @ DW_AT_decl_file
	.short	360                     @ DW_AT_decl_line
	.byte	20                      @ DW_AT_data_member_location
	.byte	15                      @ Abbrev [15] 0x107:0xd DW_TAG_member
	.long	.Linfo_string18         @ DW_AT_name
	.long	469                     @ DW_AT_type
	.byte	4                       @ DW_AT_decl_file
	.short	361                     @ DW_AT_decl_line
	.byte	24                      @ DW_AT_data_member_location
	.byte	15                      @ Abbrev [15] 0x114:0xd DW_TAG_member
	.long	.Linfo_string19         @ DW_AT_name
	.long	464                     @ DW_AT_type
	.byte	4                       @ DW_AT_decl_file
	.short	362                     @ DW_AT_decl_line
	.byte	36                      @ DW_AT_data_member_location
	.byte	15                      @ Abbrev [15] 0x121:0xd DW_TAG_member
	.long	.Linfo_string20         @ DW_AT_name
	.long	464                     @ DW_AT_type
	.byte	4                       @ DW_AT_decl_file
	.short	363                     @ DW_AT_decl_line
	.byte	40                      @ DW_AT_data_member_location
	.byte	15                      @ Abbrev [15] 0x12e:0xd DW_TAG_member
	.long	.Linfo_string21         @ DW_AT_name
	.long	464                     @ DW_AT_type
	.byte	4                       @ DW_AT_decl_file
	.short	364                     @ DW_AT_decl_line
	.byte	44                      @ DW_AT_data_member_location
	.byte	15                      @ Abbrev [15] 0x13b:0xd DW_TAG_member
	.long	.Linfo_string22         @ DW_AT_name
	.long	464                     @ DW_AT_type
	.byte	4                       @ DW_AT_decl_file
	.short	365                     @ DW_AT_decl_line
	.byte	48                      @ DW_AT_data_member_location
	.byte	15                      @ Abbrev [15] 0x148:0xd DW_TAG_member
	.long	.Linfo_string23         @ DW_AT_name
	.long	464                     @ DW_AT_type
	.byte	4                       @ DW_AT_decl_file
	.short	366                     @ DW_AT_decl_line
	.byte	52                      @ DW_AT_data_member_location
	.byte	15                      @ Abbrev [15] 0x155:0xd DW_TAG_member
	.long	.Linfo_string24         @ DW_AT_name
	.long	464                     @ DW_AT_type
	.byte	4                       @ DW_AT_decl_file
	.short	367                     @ DW_AT_decl_line
	.byte	56                      @ DW_AT_data_member_location
	.byte	15                      @ Abbrev [15] 0x162:0xd DW_TAG_member
	.long	.Linfo_string25         @ DW_AT_name
	.long	464                     @ DW_AT_type
	.byte	4                       @ DW_AT_decl_file
	.short	368                     @ DW_AT_decl_line
	.byte	60                      @ DW_AT_data_member_location
	.byte	15                      @ Abbrev [15] 0x16f:0xd DW_TAG_member
	.long	.Linfo_string26         @ DW_AT_name
	.long	481                     @ DW_AT_type
	.byte	4                       @ DW_AT_decl_file
	.short	369                     @ DW_AT_decl_line
	.byte	64                      @ DW_AT_data_member_location
	.byte	15                      @ Abbrev [15] 0x17c:0xd DW_TAG_member
	.long	.Linfo_string27         @ DW_AT_name
	.long	459                     @ DW_AT_type
	.byte	4                       @ DW_AT_decl_file
	.short	370                     @ DW_AT_decl_line
	.byte	72                      @ DW_AT_data_member_location
	.byte	15                      @ Abbrev [15] 0x189:0xd DW_TAG_member
	.long	.Linfo_string28         @ DW_AT_name
	.long	459                     @ DW_AT_type
	.byte	4                       @ DW_AT_decl_file
	.short	371                     @ DW_AT_decl_line
	.byte	76                      @ DW_AT_data_member_location
	.byte	15                      @ Abbrev [15] 0x196:0xd DW_TAG_member
	.long	.Linfo_string29         @ DW_AT_name
	.long	493                     @ DW_AT_type
	.byte	4                       @ DW_AT_decl_file
	.short	372                     @ DW_AT_decl_line
	.byte	80                      @ DW_AT_data_member_location
	.byte	15                      @ Abbrev [15] 0x1a3:0xd DW_TAG_member
	.long	.Linfo_string30         @ DW_AT_name
	.long	505                     @ DW_AT_type
	.byte	4                       @ DW_AT_decl_file
	.short	373                     @ DW_AT_decl_line
	.byte	96                      @ DW_AT_data_member_location
	.byte	15                      @ Abbrev [15] 0x1b0:0xd DW_TAG_member
	.long	.Linfo_string31         @ DW_AT_name
	.long	517                     @ DW_AT_type
	.byte	4                       @ DW_AT_decl_file
	.short	374                     @ DW_AT_decl_line
	.byte	116                     @ DW_AT_data_member_location
	.byte	15                      @ Abbrev [15] 0x1bd:0xd DW_TAG_member
	.long	.Linfo_string32         @ DW_AT_name
	.long	464                     @ DW_AT_type
	.byte	4                       @ DW_AT_decl_file
	.short	375                     @ DW_AT_decl_line
	.byte	136                     @ DW_AT_data_member_location
	.byte	0                       @ End Of Children Mark
	.byte	7                       @ Abbrev [7] 0x1cb:0x5 DW_TAG_const_type
	.long	464                     @ DW_AT_type
	.byte	8                       @ Abbrev [8] 0x1d0:0x5 DW_TAG_volatile_type
	.long	57                      @ DW_AT_type
	.byte	5                       @ Abbrev [5] 0x1d5:0xc DW_TAG_array_type
	.long	111                     @ DW_AT_type
	.byte	6                       @ Abbrev [6] 0x1da:0x6 DW_TAG_subrange_type
	.long	134                     @ DW_AT_type
	.byte	12                      @ DW_AT_count
	.byte	0                       @ End Of Children Mark
	.byte	5                       @ Abbrev [5] 0x1e1:0xc DW_TAG_array_type
	.long	459                     @ DW_AT_type
	.byte	6                       @ Abbrev [6] 0x1e6:0x6 DW_TAG_subrange_type
	.long	134                     @ DW_AT_type
	.byte	2                       @ DW_AT_count
	.byte	0                       @ End Of Children Mark
	.byte	5                       @ Abbrev [5] 0x1ed:0xc DW_TAG_array_type
	.long	459                     @ DW_AT_type
	.byte	6                       @ Abbrev [6] 0x1f2:0x6 DW_TAG_subrange_type
	.long	134                     @ DW_AT_type
	.byte	4                       @ DW_AT_count
	.byte	0                       @ End Of Children Mark
	.byte	5                       @ Abbrev [5] 0x1f9:0xc DW_TAG_array_type
	.long	459                     @ DW_AT_type
	.byte	6                       @ Abbrev [6] 0x1fe:0x6 DW_TAG_subrange_type
	.long	134                     @ DW_AT_type
	.byte	5                       @ DW_AT_count
	.byte	0                       @ End Of Children Mark
	.byte	5                       @ Abbrev [5] 0x205:0xc DW_TAG_array_type
	.long	57                      @ DW_AT_type
	.byte	6                       @ Abbrev [6] 0x20a:0x6 DW_TAG_subrange_type
	.long	134                     @ DW_AT_type
	.byte	5                       @ DW_AT_count
	.byte	0                       @ End Of Children Mark
	.byte	12                      @ Abbrev [12] 0x211:0x5 DW_TAG_pointer_type
	.long	534                     @ DW_AT_type
	.byte	13                      @ Abbrev [13] 0x216:0xc DW_TAG_typedef
	.long	546                     @ DW_AT_type
	.long	.Linfo_string67         @ DW_AT_name
	.byte	3                       @ DW_AT_decl_file
	.short	1266                    @ DW_AT_decl_line
	.byte	14                      @ Abbrev [14] 0x222:0x1c0 DW_TAG_structure_type
	.byte	152                     @ DW_AT_byte_size
	.byte	3                       @ DW_AT_decl_file
	.short	1229                    @ DW_AT_decl_line
	.byte	15                      @ Abbrev [15] 0x227:0xd DW_TAG_member
	.long	.Linfo_string34         @ DW_AT_name
	.long	464                     @ DW_AT_type
	.byte	3                       @ DW_AT_decl_file
	.short	1231                    @ DW_AT_decl_line
	.byte	0                       @ DW_AT_data_member_location
	.byte	15                      @ Abbrev [15] 0x234:0xd DW_TAG_member
	.long	.Linfo_string35         @ DW_AT_name
	.long	464                     @ DW_AT_type
	.byte	3                       @ DW_AT_decl_file
	.short	1232                    @ DW_AT_decl_line
	.byte	4                       @ DW_AT_data_member_location
	.byte	15                      @ Abbrev [15] 0x241:0xd DW_TAG_member
	.long	.Linfo_string36         @ DW_AT_name
	.long	464                     @ DW_AT_type
	.byte	3                       @ DW_AT_decl_file
	.short	1233                    @ DW_AT_decl_line
	.byte	8                       @ DW_AT_data_member_location
	.byte	15                      @ Abbrev [15] 0x24e:0xd DW_TAG_member
	.long	.Linfo_string37         @ DW_AT_name
	.long	464                     @ DW_AT_type
	.byte	3                       @ DW_AT_decl_file
	.short	1234                    @ DW_AT_decl_line
	.byte	12                      @ DW_AT_data_member_location
	.byte	15                      @ Abbrev [15] 0x25b:0xd DW_TAG_member
	.long	.Linfo_string38         @ DW_AT_name
	.long	464                     @ DW_AT_type
	.byte	3                       @ DW_AT_decl_file
	.short	1235                    @ DW_AT_decl_line
	.byte	16                      @ DW_AT_data_member_location
	.byte	15                      @ Abbrev [15] 0x268:0xd DW_TAG_member
	.long	.Linfo_string39         @ DW_AT_name
	.long	464                     @ DW_AT_type
	.byte	3                       @ DW_AT_decl_file
	.short	1236                    @ DW_AT_decl_line
	.byte	20                      @ DW_AT_data_member_location
	.byte	15                      @ Abbrev [15] 0x275:0xd DW_TAG_member
	.long	.Linfo_string40         @ DW_AT_name
	.long	464                     @ DW_AT_type
	.byte	3                       @ DW_AT_decl_file
	.short	1237                    @ DW_AT_decl_line
	.byte	24                      @ DW_AT_data_member_location
	.byte	15                      @ Abbrev [15] 0x282:0xd DW_TAG_member
	.long	.Linfo_string31         @ DW_AT_name
	.long	57                      @ DW_AT_type
	.byte	3                       @ DW_AT_decl_file
	.short	1238                    @ DW_AT_decl_line
	.byte	28                      @ DW_AT_data_member_location
	.byte	15                      @ Abbrev [15] 0x28f:0xd DW_TAG_member
	.long	.Linfo_string41         @ DW_AT_name
	.long	464                     @ DW_AT_type
	.byte	3                       @ DW_AT_decl_file
	.short	1239                    @ DW_AT_decl_line
	.byte	32                      @ DW_AT_data_member_location
	.byte	15                      @ Abbrev [15] 0x29c:0xd DW_TAG_member
	.long	.Linfo_string42         @ DW_AT_name
	.long	464                     @ DW_AT_type
	.byte	3                       @ DW_AT_decl_file
	.short	1240                    @ DW_AT_decl_line
	.byte	36                      @ DW_AT_data_member_location
	.byte	15                      @ Abbrev [15] 0x2a9:0xd DW_TAG_member
	.long	.Linfo_string43         @ DW_AT_name
	.long	994                     @ DW_AT_type
	.byte	3                       @ DW_AT_decl_file
	.short	1241                    @ DW_AT_decl_line
	.byte	40                      @ DW_AT_data_member_location
	.byte	15                      @ Abbrev [15] 0x2b6:0xd DW_TAG_member
	.long	.Linfo_string44         @ DW_AT_name
	.long	464                     @ DW_AT_type
	.byte	3                       @ DW_AT_decl_file
	.short	1242                    @ DW_AT_decl_line
	.byte	48                      @ DW_AT_data_member_location
	.byte	15                      @ Abbrev [15] 0x2c3:0xd DW_TAG_member
	.long	.Linfo_string45         @ DW_AT_name
	.long	464                     @ DW_AT_type
	.byte	3                       @ DW_AT_decl_file
	.short	1243                    @ DW_AT_decl_line
	.byte	52                      @ DW_AT_data_member_location
	.byte	15                      @ Abbrev [15] 0x2d0:0xd DW_TAG_member
	.long	.Linfo_string46         @ DW_AT_name
	.long	464                     @ DW_AT_type
	.byte	3                       @ DW_AT_decl_file
	.short	1244                    @ DW_AT_decl_line
	.byte	56                      @ DW_AT_data_member_location
	.byte	15                      @ Abbrev [15] 0x2dd:0xd DW_TAG_member
	.long	.Linfo_string47         @ DW_AT_name
	.long	57                      @ DW_AT_type
	.byte	3                       @ DW_AT_decl_file
	.short	1245                    @ DW_AT_decl_line
	.byte	60                      @ DW_AT_data_member_location
	.byte	15                      @ Abbrev [15] 0x2ea:0xd DW_TAG_member
	.long	.Linfo_string48         @ DW_AT_name
	.long	464                     @ DW_AT_type
	.byte	3                       @ DW_AT_decl_file
	.short	1246                    @ DW_AT_decl_line
	.byte	64                      @ DW_AT_data_member_location
	.byte	15                      @ Abbrev [15] 0x2f7:0xd DW_TAG_member
	.long	.Linfo_string49         @ DW_AT_name
	.long	464                     @ DW_AT_type
	.byte	3                       @ DW_AT_decl_file
	.short	1247                    @ DW_AT_decl_line
	.byte	68                      @ DW_AT_data_member_location
	.byte	15                      @ Abbrev [15] 0x304:0xd DW_TAG_member
	.long	.Linfo_string50         @ DW_AT_name
	.long	994                     @ DW_AT_type
	.byte	3                       @ DW_AT_decl_file
	.short	1248                    @ DW_AT_decl_line
	.byte	72                      @ DW_AT_data_member_location
	.byte	15                      @ Abbrev [15] 0x311:0xd DW_TAG_member
	.long	.Linfo_string51         @ DW_AT_name
	.long	464                     @ DW_AT_type
	.byte	3                       @ DW_AT_decl_file
	.short	1249                    @ DW_AT_decl_line
	.byte	80                      @ DW_AT_data_member_location
	.byte	15                      @ Abbrev [15] 0x31e:0xd DW_TAG_member
	.long	.Linfo_string52         @ DW_AT_name
	.long	464                     @ DW_AT_type
	.byte	3                       @ DW_AT_decl_file
	.short	1250                    @ DW_AT_decl_line
	.byte	84                      @ DW_AT_data_member_location
	.byte	15                      @ Abbrev [15] 0x32b:0xd DW_TAG_member
	.long	.Linfo_string53         @ DW_AT_name
	.long	464                     @ DW_AT_type
	.byte	3                       @ DW_AT_decl_file
	.short	1251                    @ DW_AT_decl_line
	.byte	88                      @ DW_AT_data_member_location
	.byte	15                      @ Abbrev [15] 0x338:0xd DW_TAG_member
	.long	.Linfo_string54         @ DW_AT_name
	.long	57                      @ DW_AT_type
	.byte	3                       @ DW_AT_decl_file
	.short	1252                    @ DW_AT_decl_line
	.byte	92                      @ DW_AT_data_member_location
	.byte	15                      @ Abbrev [15] 0x345:0xd DW_TAG_member
	.long	.Linfo_string55         @ DW_AT_name
	.long	464                     @ DW_AT_type
	.byte	3                       @ DW_AT_decl_file
	.short	1253                    @ DW_AT_decl_line
	.byte	96                      @ DW_AT_data_member_location
	.byte	15                      @ Abbrev [15] 0x352:0xd DW_TAG_member
	.long	.Linfo_string56         @ DW_AT_name
	.long	464                     @ DW_AT_type
	.byte	3                       @ DW_AT_decl_file
	.short	1254                    @ DW_AT_decl_line
	.byte	100                     @ DW_AT_data_member_location
	.byte	15                      @ Abbrev [15] 0x35f:0xd DW_TAG_member
	.long	.Linfo_string57         @ DW_AT_name
	.long	994                     @ DW_AT_type
	.byte	3                       @ DW_AT_decl_file
	.short	1255                    @ DW_AT_decl_line
	.byte	104                     @ DW_AT_data_member_location
	.byte	15                      @ Abbrev [15] 0x36c:0xd DW_TAG_member
	.long	.Linfo_string58         @ DW_AT_name
	.long	464                     @ DW_AT_type
	.byte	3                       @ DW_AT_decl_file
	.short	1256                    @ DW_AT_decl_line
	.byte	112                     @ DW_AT_data_member_location
	.byte	15                      @ Abbrev [15] 0x379:0xd DW_TAG_member
	.long	.Linfo_string59         @ DW_AT_name
	.long	464                     @ DW_AT_type
	.byte	3                       @ DW_AT_decl_file
	.short	1257                    @ DW_AT_decl_line
	.byte	116                     @ DW_AT_data_member_location
	.byte	15                      @ Abbrev [15] 0x386:0xd DW_TAG_member
	.long	.Linfo_string60         @ DW_AT_name
	.long	994                     @ DW_AT_type
	.byte	3                       @ DW_AT_decl_file
	.short	1258                    @ DW_AT_decl_line
	.byte	120                     @ DW_AT_data_member_location
	.byte	15                      @ Abbrev [15] 0x393:0xd DW_TAG_member
	.long	.Linfo_string61         @ DW_AT_name
	.long	464                     @ DW_AT_type
	.byte	3                       @ DW_AT_decl_file
	.short	1259                    @ DW_AT_decl_line
	.byte	128                     @ DW_AT_data_member_location
	.byte	15                      @ Abbrev [15] 0x3a0:0xd DW_TAG_member
	.long	.Linfo_string62         @ DW_AT_name
	.long	464                     @ DW_AT_type
	.byte	3                       @ DW_AT_decl_file
	.short	1260                    @ DW_AT_decl_line
	.byte	132                     @ DW_AT_data_member_location
	.byte	15                      @ Abbrev [15] 0x3ad:0xd DW_TAG_member
	.long	.Linfo_string63         @ DW_AT_name
	.long	464                     @ DW_AT_type
	.byte	3                       @ DW_AT_decl_file
	.short	1261                    @ DW_AT_decl_line
	.byte	136                     @ DW_AT_data_member_location
	.byte	15                      @ Abbrev [15] 0x3ba:0xd DW_TAG_member
	.long	.Linfo_string64         @ DW_AT_name
	.long	464                     @ DW_AT_type
	.byte	3                       @ DW_AT_decl_file
	.short	1262                    @ DW_AT_decl_line
	.byte	140                     @ DW_AT_data_member_location
	.byte	15                      @ Abbrev [15] 0x3c7:0xd DW_TAG_member
	.long	.Linfo_string65         @ DW_AT_name
	.long	464                     @ DW_AT_type
	.byte	3                       @ DW_AT_decl_file
	.short	1263                    @ DW_AT_decl_line
	.byte	144                     @ DW_AT_data_member_location
	.byte	15                      @ Abbrev [15] 0x3d4:0xd DW_TAG_member
	.long	.Linfo_string66         @ DW_AT_name
	.long	464                     @ DW_AT_type
	.byte	3                       @ DW_AT_decl_file
	.short	1264                    @ DW_AT_decl_line
	.byte	148                     @ DW_AT_data_member_location
	.byte	0                       @ End Of Children Mark
	.byte	5                       @ Abbrev [5] 0x3e2:0xc DW_TAG_array_type
	.long	57                      @ DW_AT_type
	.byte	6                       @ Abbrev [6] 0x3e7:0x6 DW_TAG_subrange_type
	.long	134                     @ DW_AT_type
	.byte	2                       @ DW_AT_count
	.byte	0                       @ End Of Children Mark
	.byte	3                       @ Abbrev [3] 0x3ee:0xb DW_TAG_typedef
	.long	1017                    @ DW_AT_type
	.long	.Linfo_string69         @ DW_AT_name
	.byte	1                       @ DW_AT_decl_file
	.byte	63                      @ DW_AT_decl_line
	.byte	4                       @ Abbrev [4] 0x3f9:0x7 DW_TAG_base_type
	.long	.Linfo_string68         @ DW_AT_name
	.byte	7                       @ DW_AT_encoding
	.byte	2                       @ DW_AT_byte_size
	.byte	12                      @ Abbrev [12] 0x400:0x5 DW_TAG_pointer_type
	.long	1029                    @ DW_AT_type
	.byte	13                      @ Abbrev [13] 0x405:0xc DW_TAG_typedef
	.long	1041                    @ DW_AT_type
	.long	.Linfo_string70         @ DW_AT_name
	.byte	3                       @ DW_AT_decl_file
	.short	1223                    @ DW_AT_decl_line
	.byte	14                      @ Abbrev [14] 0x411:0x20 DW_TAG_structure_type
	.byte	8                       @ DW_AT_byte_size
	.byte	3                       @ DW_AT_decl_file
	.short	1219                    @ DW_AT_decl_line
	.byte	15                      @ Abbrev [15] 0x416:0xd DW_TAG_member
	.long	.Linfo_string34         @ DW_AT_name
	.long	464                     @ DW_AT_type
	.byte	3                       @ DW_AT_decl_file
	.short	1221                    @ DW_AT_decl_line
	.byte	0                       @ DW_AT_data_member_location
	.byte	15                      @ Abbrev [15] 0x423:0xd DW_TAG_member
	.long	.Linfo_string59         @ DW_AT_name
	.long	464                     @ DW_AT_type
	.byte	3                       @ DW_AT_decl_file
	.short	1222                    @ DW_AT_decl_line
	.byte	4                       @ DW_AT_data_member_location
	.byte	0                       @ End Of Children Mark
	.byte	12                      @ Abbrev [12] 0x431:0x5 DW_TAG_pointer_type
	.long	1078                    @ DW_AT_type
	.byte	13                      @ Abbrev [13] 0x436:0xc DW_TAG_typedef
	.long	1090                    @ DW_AT_type
	.long	.Linfo_string77         @ DW_AT_name
	.byte	3                       @ DW_AT_decl_file
	.short	938                     @ DW_AT_decl_line
	.byte	14                      @ Abbrev [14] 0x442:0x61 DW_TAG_structure_type
	.byte	28                      @ DW_AT_byte_size
	.byte	3                       @ DW_AT_decl_file
	.short	929                     @ DW_AT_decl_line
	.byte	15                      @ Abbrev [15] 0x447:0xd DW_TAG_member
	.long	.Linfo_string71         @ DW_AT_name
	.long	464                     @ DW_AT_type
	.byte	3                       @ DW_AT_decl_file
	.short	931                     @ DW_AT_decl_line
	.byte	0                       @ DW_AT_data_member_location
	.byte	15                      @ Abbrev [15] 0x454:0xd DW_TAG_member
	.long	.Linfo_string72         @ DW_AT_name
	.long	464                     @ DW_AT_type
	.byte	3                       @ DW_AT_decl_file
	.short	932                     @ DW_AT_decl_line
	.byte	4                       @ DW_AT_data_member_location
	.byte	15                      @ Abbrev [15] 0x461:0xd DW_TAG_member
	.long	.Linfo_string73         @ DW_AT_name
	.long	464                     @ DW_AT_type
	.byte	3                       @ DW_AT_decl_file
	.short	933                     @ DW_AT_decl_line
	.byte	8                       @ DW_AT_data_member_location
	.byte	15                      @ Abbrev [15] 0x46e:0xd DW_TAG_member
	.long	.Linfo_string74         @ DW_AT_name
	.long	464                     @ DW_AT_type
	.byte	3                       @ DW_AT_decl_file
	.short	934                     @ DW_AT_decl_line
	.byte	12                      @ DW_AT_data_member_location
	.byte	15                      @ Abbrev [15] 0x47b:0xd DW_TAG_member
	.long	.Linfo_string34         @ DW_AT_name
	.long	464                     @ DW_AT_type
	.byte	3                       @ DW_AT_decl_file
	.short	935                     @ DW_AT_decl_line
	.byte	16                      @ DW_AT_data_member_location
	.byte	15                      @ Abbrev [15] 0x488:0xd DW_TAG_member
	.long	.Linfo_string75         @ DW_AT_name
	.long	464                     @ DW_AT_type
	.byte	3                       @ DW_AT_decl_file
	.short	936                     @ DW_AT_decl_line
	.byte	20                      @ DW_AT_data_member_location
	.byte	15                      @ Abbrev [15] 0x495:0xd DW_TAG_member
	.long	.Linfo_string76         @ DW_AT_name
	.long	464                     @ DW_AT_type
	.byte	3                       @ DW_AT_decl_file
	.short	937                     @ DW_AT_decl_line
	.byte	24                      @ DW_AT_data_member_location
	.byte	0                       @ End Of Children Mark
	.byte	16                      @ Abbrev [16] 0x4a3:0x23 DW_TAG_subprogram
	.long	.Linfo_string78         @ DW_AT_name
	.byte	2                       @ DW_AT_decl_file
	.short	646                     @ DW_AT_decl_line
	.byte	1                       @ DW_AT_prototyped
	.byte	1                       @ DW_AT_inline
	.byte	17                      @ Abbrev [17] 0x4ad:0xc DW_TAG_variable
	.long	.Linfo_string79         @ DW_AT_name
	.byte	2                       @ DW_AT_decl_file
	.short	652                     @ DW_AT_decl_line
	.long	464                     @ DW_AT_type
	.byte	17                      @ Abbrev [17] 0x4b9:0xc DW_TAG_variable
	.long	.Linfo_string80         @ DW_AT_name
	.byte	2                       @ DW_AT_decl_file
	.short	652                     @ DW_AT_decl_line
	.long	464                     @ DW_AT_type
	.byte	0                       @ End Of Children Mark
	.byte	18                      @ Abbrev [18] 0x4c6:0x36 DW_TAG_subprogram
	.long	.Lfunc_begin0           @ DW_AT_low_pc
	.long	.Lfunc_end0             @ DW_AT_high_pc
	.byte	1                       @ DW_AT_frame_base
	.byte	93
	.long	.Linfo_string81         @ DW_AT_name
	.byte	2                       @ DW_AT_decl_file
	.short	475                     @ DW_AT_decl_line
	.byte	1                       @ DW_AT_prototyped
	.byte	1                       @ DW_AT_external
	.byte	19                      @ Abbrev [19] 0x4da:0x21 DW_TAG_inlined_subroutine
	.long	1187                    @ DW_AT_abstract_origin
	.long	.Ltmp1                  @ DW_AT_low_pc
	.long	.Ltmp11                 @ DW_AT_high_pc
	.byte	2                       @ DW_AT_call_file
	.short	506                     @ DW_AT_call_line
	.byte	20                      @ Abbrev [20] 0x4ea:0x8 DW_TAG_variable
	.byte	2                       @ DW_AT_location
	.byte	145
	.byte	4
	.long	1197                    @ DW_AT_abstract_origin
	.byte	20                      @ Abbrev [20] 0x4f2:0x8 DW_TAG_variable
	.byte	2                       @ DW_AT_location
	.byte	145
	.byte	0
	.long	1209                    @ DW_AT_abstract_origin
	.byte	0                       @ End Of Children Mark
	.byte	0                       @ End Of Children Mark
	.byte	18                      @ Abbrev [18] 0x4fc:0x65 DW_TAG_subprogram
	.long	.Lfunc_begin1           @ DW_AT_low_pc
	.long	.Lfunc_end1             @ DW_AT_high_pc
	.byte	1                       @ DW_AT_frame_base
	.byte	93
	.long	.Linfo_string82         @ DW_AT_name
	.byte	2                       @ DW_AT_decl_file
	.short	552                     @ DW_AT_decl_line
	.byte	1                       @ DW_AT_prototyped
	.byte	1                       @ DW_AT_external
	.byte	21                      @ Abbrev [21] 0x510:0x10 DW_TAG_variable
	.long	.Ldebug_loc0            @ DW_AT_location
	.long	.Linfo_string83         @ DW_AT_name
	.byte	2                       @ DW_AT_decl_file
	.short	554                     @ DW_AT_decl_line
	.long	57                      @ DW_AT_type
	.byte	21                      @ Abbrev [21] 0x520:0x10 DW_TAG_variable
	.long	.Ldebug_loc1            @ DW_AT_location
	.long	.Linfo_string84         @ DW_AT_name
	.byte	2                       @ DW_AT_decl_file
	.short	554                     @ DW_AT_decl_line
	.long	57                      @ DW_AT_type
	.byte	21                      @ Abbrev [21] 0x530:0x10 DW_TAG_variable
	.long	.Ldebug_loc2            @ DW_AT_location
	.long	.Linfo_string85         @ DW_AT_name
	.byte	2                       @ DW_AT_decl_file
	.short	554                     @ DW_AT_decl_line
	.long	57                      @ DW_AT_type
	.byte	21                      @ Abbrev [21] 0x540:0x10 DW_TAG_variable
	.long	.Ldebug_loc3            @ DW_AT_location
	.long	.Linfo_string86         @ DW_AT_name
	.byte	2                       @ DW_AT_decl_file
	.short	554                     @ DW_AT_decl_line
	.long	57                      @ DW_AT_type
	.byte	21                      @ Abbrev [21] 0x550:0x10 DW_TAG_variable
	.long	.Ldebug_loc4            @ DW_AT_location
	.long	.Linfo_string87         @ DW_AT_name
	.byte	2                       @ DW_AT_decl_file
	.short	554                     @ DW_AT_decl_line
	.long	57                      @ DW_AT_type
	.byte	0                       @ End Of Children Mark
	.byte	0                       @ End Of Children Mark
.Ldebug_info_end0:
	.section	.debug_ranges,"",%progbits
.Ldebug_ranges0:
	.long	.Lfunc_begin0
	.long	.Lfunc_end0
	.long	.Lfunc_begin1
	.long	.Lfunc_end1
	.long	0
	.long	0
	.section	.debug_macinfo,"",%progbits
	.byte	0                       @ End Of Macro List Mark

	.ident	"Component: ARM Compiler 6.12 Tool: armclang [5d624a00]"
	.section	".note.GNU-stack","",%progbits
	.eabi_attribute	30, 3	@ Tag_ABI_optimization_goals
	.ARM_attribute	16, 1	@ Tag_AV_eba
	.section	.debug_line,"",%progbits
.Lline_table_start0:
