	.text
	.syntax unified
	.eabi_attribute	67, "2.09"	@ Tag_conformance
	.cpu	cortex-m4
	.eabi_attribute	6, 13	@ Tag_CPU_arch
	.eabi_attribute	7, 77	@ Tag_CPU_arch_profile
	.eabi_attribute	8, 0	@ Tag_ARM_ISA_use
	.eabi_attribute	9, 2	@ Tag_THUMB_ISA_use
	.fpu	fpv4-sp-d16
	.eabi_attribute	27, 1	@ Tag_ABI_HardFP_use
	.eabi_attribute	36, 1	@ Tag_FP_HP_extension
	.eabi_attribute	34, 1	@ Tag_CPU_unaligned_access
	.eabi_attribute	17, 1	@ Tag_ABI_PCS_GOT_use
	.eabi_attribute	20, 2	@ Tag_ABI_FP_denormal
	.eabi_attribute	21, 0	@ Tag_ABI_FP_exceptions
	.eabi_attribute	23, 1	@ Tag_ABI_FP_number_model
	.eabi_attribute	24, 1	@ Tag_ABI_align_needed
	.eabi_attribute	25, 1	@ Tag_ABI_align_preserved
	.eabi_attribute	28, 1	@ Tag_ABI_VFP_args
	.eabi_attribute	38, 1	@ Tag_ABI_FP_16bit_format
	.eabi_attribute	18, 2	@ Tag_ABI_PCS_wchar_t
	.eabi_attribute	26, 1	@ Tag_ABI_enum_size
	.eabi_attribute	14, 0	@ Tag_ABI_PCS_R9_use
	.file	"tftputils.c"
	.file	1 "F:\\SkyDrive\\OtvoreniProjekti\\HotelSaplast\\fw\\KontrolerHotela\\HC070318\\Project" "../User/TFTP_Server/tftpserver.h"
	.file	2 "F:\\SkyDrive\\OtvoreniProjekti\\HotelSaplast\\fw\\KontrolerHotela\\HC070318\\Project" "../Libraries/lwip-1.4.1/port/arch\\cc.h"
	.section	.text.tftp_decode_op,"ax",%progbits
	.hidden	tftp_decode_op          @ -- Begin function tftp_decode_op
	.globl	tftp_decode_op
	.p2align	1
	.type	tftp_decode_op,%function
	.code	16                      @ @tftp_decode_op
	.thumb_func
tftp_decode_op:
.Lfunc_begin0:
	.file	3 "F:\\SkyDrive\\OtvoreniProjekti\\HotelSaplast\\fw\\KontrolerHotela\\HC070318\\Project" "../User/TFTP_Server/tftputils.c"
	.loc	3 10 0                  @ ../User/TFTP_Server/tftputils.c:10:0
	.fnstart
	.cfi_sections .debug_frame
	.cfi_startproc
@ %bb.0:
	@DEBUG_VALUE: tftp_decode_op:buf <- $r0
	@DEBUG_VALUE: tftp_decode_op:buf <- $r0
	.loc	3 11 24 prologue_end    @ ../User/TFTP_Server/tftputils.c:11:24
	ldrb	r0, [r0, #1]
.Ltmp0:
	.loc	3 11 3 is_stmt 0        @ ../User/TFTP_Server/tftputils.c:11:3
	bx	lr
.Ltmp1:
.Lfunc_end0:
	.size	tftp_decode_op, .Lfunc_end0-tftp_decode_op
	.cfi_endproc
	.cantunwind
	.fnend
                                        @ -- End function
	.section	.text.tftp_extract_block,"ax",%progbits
	.hidden	tftp_extract_block      @ -- Begin function tftp_extract_block
	.globl	tftp_extract_block
	.p2align	1
	.type	tftp_extract_block,%function
	.code	16                      @ @tftp_extract_block
	.thumb_func
tftp_extract_block:
.Lfunc_begin1:
	.loc	3 18 0 is_stmt 1        @ ../User/TFTP_Server/tftputils.c:18:0
	.fnstart
	.cfi_startproc
@ %bb.0:
	@DEBUG_VALUE: tftp_extract_block:buf <- $r0
	@DEBUG_VALUE: tftp_extract_block:buf <- $r0
	@DEBUG_VALUE: tftp_extract_block:b <- $r0
	@DEBUG_VALUE: tftp_extract_block:b <- $r0
	.loc	3 20 10 prologue_end    @ ../User/TFTP_Server/tftputils.c:20:10
	ldrh	r0, [r0, #2]
	b	lwip_ntohs
.Ltmp2:
.Lfunc_end1:
	.size	tftp_extract_block, .Lfunc_end1-tftp_extract_block
	.cfi_endproc
	.cantunwind
	.fnend
                                        @ -- End function
	.section	.text.tftp_extract_filename,"ax",%progbits
	.hidden	tftp_extract_filename   @ -- Begin function tftp_extract_filename
	.globl	tftp_extract_filename
	.p2align	1
	.type	tftp_extract_filename,%function
	.code	16                      @ @tftp_extract_filename
	.thumb_func
tftp_extract_filename:
.Lfunc_begin2:
	.loc	3 27 0                  @ ../User/TFTP_Server/tftputils.c:27:0
	.fnstart
	.cfi_startproc
@ %bb.0:
	@DEBUG_VALUE: tftp_extract_filename:fname <- $r0
	@DEBUG_VALUE: tftp_extract_filename:fname <- $r0
	@DEBUG_VALUE: tftp_extract_filename:buf <- $r1
	@DEBUG_VALUE: tftp_extract_filename:buf <- $r1
	.loc	3 28 21 prologue_end    @ ../User/TFTP_Server/tftputils.c:28:21
	adds	r1, #2
.Ltmp3:
	@DEBUG_VALUE: tftp_extract_filename:fname <- $r0
	.loc	3 28 3 is_stmt 0        @ ../User/TFTP_Server/tftputils.c:28:3
	b	strcpy
.Ltmp4:
.Lfunc_end2:
	.size	tftp_extract_filename, .Lfunc_end2-tftp_extract_filename
	.cfi_endproc
	.cantunwind
	.fnend
                                        @ -- End function
	.section	.text.tftp_set_opcode,"ax",%progbits
	.hidden	tftp_set_opcode         @ -- Begin function tftp_set_opcode
	.globl	tftp_set_opcode
	.p2align	1
	.type	tftp_set_opcode,%function
	.code	16                      @ @tftp_set_opcode
	.thumb_func
tftp_set_opcode:
.Lfunc_begin3:
	.loc	3 35 0 is_stmt 1        @ ../User/TFTP_Server/tftputils.c:35:0
	.fnstart
	.cfi_startproc
@ %bb.0:
	@DEBUG_VALUE: tftp_set_opcode:buffer <- $r0
	@DEBUG_VALUE: tftp_set_opcode:buffer <- $r0
	@DEBUG_VALUE: tftp_set_opcode:opcode <- $r1
	@DEBUG_VALUE: tftp_set_opcode:opcode <- $r1
	.loc	3 38 13 prologue_end    @ ../User/TFTP_Server/tftputils.c:38:13
	strb	r1, [r0, #1]
	movs	r1, #0
.Ltmp5:
	.loc	3 37 13                 @ ../User/TFTP_Server/tftputils.c:37:13
	strb	r1, [r0]
	.loc	3 39 1                  @ ../User/TFTP_Server/tftputils.c:39:1
	bx	lr
.Ltmp6:
.Lfunc_end3:
	.size	tftp_set_opcode, .Lfunc_end3-tftp_set_opcode
	.cfi_endproc
	.cantunwind
	.fnend
                                        @ -- End function
	.section	.text.tftp_set_errorcode,"ax",%progbits
	.hidden	tftp_set_errorcode      @ -- Begin function tftp_set_errorcode
	.globl	tftp_set_errorcode
	.p2align	1
	.type	tftp_set_errorcode,%function
	.code	16                      @ @tftp_set_errorcode
	.thumb_func
tftp_set_errorcode:
.Lfunc_begin4:
	.loc	3 45 0                  @ ../User/TFTP_Server/tftputils.c:45:0
	.fnstart
	.cfi_startproc
@ %bb.0:
	@DEBUG_VALUE: tftp_set_errorcode:buffer <- $r0
	@DEBUG_VALUE: tftp_set_errorcode:buffer <- $r0
	@DEBUG_VALUE: tftp_set_errorcode:errCode <- $r1
	@DEBUG_VALUE: tftp_set_errorcode:errCode <- $r1
	.loc	3 48 13 prologue_end    @ ../User/TFTP_Server/tftputils.c:48:13
	strb	r1, [r0, #3]
	movs	r1, #0
.Ltmp7:
	.loc	3 47 13                 @ ../User/TFTP_Server/tftputils.c:47:13
	strb	r1, [r0, #2]
	.loc	3 49 1                  @ ../User/TFTP_Server/tftputils.c:49:1
	bx	lr
.Ltmp8:
.Lfunc_end4:
	.size	tftp_set_errorcode, .Lfunc_end4-tftp_set_errorcode
	.cfi_endproc
	.cantunwind
	.fnend
                                        @ -- End function
	.section	.text.tftp_set_errormsg,"ax",%progbits
	.hidden	tftp_set_errormsg       @ -- Begin function tftp_set_errormsg
	.globl	tftp_set_errormsg
	.p2align	1
	.type	tftp_set_errormsg,%function
	.code	16                      @ @tftp_set_errormsg
	.thumb_func
tftp_set_errormsg:
.Lfunc_begin5:
	.loc	3 55 0                  @ ../User/TFTP_Server/tftputils.c:55:0
	.fnstart
	.cfi_startproc
@ %bb.0:
	@DEBUG_VALUE: tftp_set_errormsg:buffer <- $r0
	@DEBUG_VALUE: tftp_set_errormsg:buffer <- $r0
	@DEBUG_VALUE: tftp_set_errormsg:errormsg <- $r1
	@DEBUG_VALUE: tftp_set_errormsg:errormsg <- $r1
	.loc	3 56 17 prologue_end    @ ../User/TFTP_Server/tftputils.c:56:17
	adds	r0, #4
.Ltmp9:
	@DEBUG_VALUE: tftp_set_errormsg:errormsg <- $r1
	.loc	3 56 3 is_stmt 0        @ ../User/TFTP_Server/tftputils.c:56:3
	b	strcpy
.Ltmp10:
.Lfunc_end5:
	.size	tftp_set_errormsg, .Lfunc_end5-tftp_set_errormsg
	.cfi_endproc
	.cantunwind
	.fnend
                                        @ -- End function
	.section	.text.tftp_set_block,"ax",%progbits
	.hidden	tftp_set_block          @ -- Begin function tftp_set_block
	.globl	tftp_set_block
	.p2align	1
	.type	tftp_set_block,%function
	.code	16                      @ @tftp_set_block
	.thumb_func
tftp_set_block:
.Lfunc_begin6:
	.loc	3 63 0 is_stmt 1        @ ../User/TFTP_Server/tftputils.c:63:0
	.fnstart
	.cfi_startproc
@ %bb.0:
	.save	{r4, lr}
	push	{r4, lr}
	.cfi_def_cfa_offset 8
	.cfi_offset lr, -4
	.cfi_offset r4, -8
	@DEBUG_VALUE: tftp_set_block:packet <- $r0
	@DEBUG_VALUE: tftp_set_block:block <- $r1
.Ltmp11:
	@DEBUG_VALUE: tftp_set_block:p <- $r0
	mov	r4, r0
.Ltmp12:
	@DEBUG_VALUE: tftp_set_block:p <- $r4
	@DEBUG_VALUE: tftp_set_block:block <- $r1
	@DEBUG_VALUE: tftp_set_block:packet <- $r4
	.loc	3 66 10 prologue_end    @ ../User/TFTP_Server/tftputils.c:66:10
	mov	r0, r1
.Ltmp13:
	@DEBUG_VALUE: tftp_set_block:block <- $r0
	bl	lwip_htons
.Ltmp14:
	.loc	3 66 8 is_stmt 0        @ ../User/TFTP_Server/tftputils.c:66:8
	strh	r0, [r4, #2]
	.loc	3 67 1 is_stmt 1        @ ../User/TFTP_Server/tftputils.c:67:1
	pop	{r4, pc}
.Ltmp15:
.Lfunc_end6:
	.size	tftp_set_block, .Lfunc_end6-tftp_set_block
	.cfi_endproc
	.cantunwind
	.fnend
                                        @ -- End function
	.section	.text.tftp_set_data_message,"ax",%progbits
	.hidden	tftp_set_data_message   @ -- Begin function tftp_set_data_message
	.globl	tftp_set_data_message
	.p2align	1
	.type	tftp_set_data_message,%function
	.code	16                      @ @tftp_set_data_message
	.thumb_func
tftp_set_data_message:
.Lfunc_begin7:
	.loc	3 73 0                  @ ../User/TFTP_Server/tftputils.c:73:0
	.fnstart
	.cfi_startproc
@ %bb.0:
	@DEBUG_VALUE: tftp_set_data_message:packet <- $r0
	@DEBUG_VALUE: tftp_set_data_message:packet <- $r0
	@DEBUG_VALUE: tftp_set_data_message:buf <- $r1
	@DEBUG_VALUE: tftp_set_data_message:buf <- $r1
	@DEBUG_VALUE: tftp_set_data_message:buflen <- $r2
	@DEBUG_VALUE: tftp_set_data_message:buflen <- $r2
	.loc	3 74 17 prologue_end    @ ../User/TFTP_Server/tftputils.c:74:17
	adds	r0, #4
.Ltmp16:
	@DEBUG_VALUE: tftp_set_data_message:buflen <- $r2
	@DEBUG_VALUE: tftp_set_data_message:buf <- $r1
	.loc	3 74 3 is_stmt 0        @ ../User/TFTP_Server/tftputils.c:74:3
	b	__aeabi_memcpy
.Ltmp17:
.Lfunc_end7:
	.size	tftp_set_data_message, .Lfunc_end7-tftp_set_data_message
	.cfi_endproc
	.cantunwind
	.fnend
                                        @ -- End function
	.section	.text.tftp_is_correct_ack,"ax",%progbits
	.hidden	tftp_is_correct_ack     @ -- Begin function tftp_is_correct_ack
	.globl	tftp_is_correct_ack
	.p2align	1
	.type	tftp_is_correct_ack,%function
	.code	16                      @ @tftp_is_correct_ack
	.thumb_func
tftp_is_correct_ack:
.Lfunc_begin8:
	.loc	3 81 0 is_stmt 1        @ ../User/TFTP_Server/tftputils.c:81:0
	.fnstart
	.cfi_startproc
@ %bb.0:
	.save	{r4, lr}
	push	{r4, lr}
	.cfi_def_cfa_offset 8
	.cfi_offset lr, -4
	.cfi_offset r4, -8
	@DEBUG_VALUE: tftp_is_correct_ack:buf <- $r0
	@DEBUG_VALUE: tftp_is_correct_ack:block <- $r1
.Ltmp18:
	@DEBUG_VALUE: tftp_decode_op:buf <- $r0
	@DEBUG_VALUE: tftp_extract_block:buf <- $r0
	@DEBUG_VALUE: tftp_extract_block:b <- $r0
	mov	r4, r1
	@DEBUG_VALUE: tftp_extract_block:b <- $r0
	@DEBUG_VALUE: tftp_extract_block:buf <- $r0
	@DEBUG_VALUE: tftp_decode_op:buf <- $r0
.Ltmp19:
	@DEBUG_VALUE: tftp_is_correct_ack:block <- $r4
	@DEBUG_VALUE: tftp_is_correct_ack:buf <- $r0
	.loc	3 11 24 prologue_end    @ ../User/TFTP_Server/tftputils.c:11:24
	ldrb	r1, [r0, #1]
.Ltmp20:
	.loc	3 83 7                  @ ../User/TFTP_Server/tftputils.c:83:7
	cmp	r1, #4
	.loc	3 91 1                  @ ../User/TFTP_Server/tftputils.c:91:1
	itt	ne
	movne	r0, #0
.Ltmp21:
	popne	{r4, pc}
.Ltmp22:
	.loc	3 20 10                 @ ../User/TFTP_Server/tftputils.c:20:10
	ldrh	r0, [r0, #2]
	bl	lwip_ntohs
.Ltmp23:
	.loc	3 87 13                 @ ../User/TFTP_Server/tftputils.c:87:13
	subs	r0, r0, r4
	clz	r0, r0
	lsrs	r0, r0, #5
.Ltmp24:
	.loc	3 87 7 is_stmt 0        @ ../User/TFTP_Server/tftputils.c:87:7
	pop	{r4, pc}
.Ltmp25:
.Lfunc_end8:
	.size	tftp_is_correct_ack, .Lfunc_end8-tftp_is_correct_ack
	.cfi_endproc
	.cantunwind
	.fnend
                                        @ -- End function
	.section	.debug_str,"MS",%progbits,1
.Linfo_string0:
	.asciz	"Component: ARM Compiler 6.12 Tool: armclang [5d624a00]" @ string offset=0
.Linfo_string1:
	.asciz	"../User/TFTP_Server\\tftputils.c" @ string offset=55
.Linfo_string2:
	.asciz	"F:\\SkyDrive\\OtvoreniProjekti\\HotelSaplast\\fw\\KontrolerHotela\\HC070318\\Project" @ string offset=87
.Linfo_string3:
	.asciz	"unsigned char"         @ string offset=165
.Linfo_string4:
	.asciz	"TFTP_RRQ"              @ string offset=179
.Linfo_string5:
	.asciz	"TFTP_WRQ"              @ string offset=188
.Linfo_string6:
	.asciz	"TFTP_DATA"             @ string offset=197
.Linfo_string7:
	.asciz	"TFTP_ACK"              @ string offset=207
.Linfo_string8:
	.asciz	"TFTP_ERROR"            @ string offset=216
.Linfo_string9:
	.asciz	"TFTP_ERR_NOTDEFINED"   @ string offset=227
.Linfo_string10:
	.asciz	"TFTP_ERR_FILE_NOT_FOUND" @ string offset=247
.Linfo_string11:
	.asciz	"TFTP_ERR_ACCESS_VIOLATION" @ string offset=271
.Linfo_string12:
	.asciz	"TFTP_ERR_DISKFULL"     @ string offset=297
.Linfo_string13:
	.asciz	"TFTP_ERR_ILLEGALOP"    @ string offset=315
.Linfo_string14:
	.asciz	"TFTP_ERR_UKNOWN_TRANSFER_ID" @ string offset=334
.Linfo_string15:
	.asciz	"TFTP_ERR_FILE_ALREADY_EXISTS" @ string offset=362
.Linfo_string16:
	.asciz	"TFTP_ERR_NO_SUCH_USER" @ string offset=391
.Linfo_string17:
	.asciz	"tftp_opcode"           @ string offset=413
.Linfo_string18:
	.asciz	"unsigned short"        @ string offset=425
.Linfo_string19:
	.asciz	"u16_t"                 @ string offset=440
.Linfo_string20:
	.asciz	"u8_t"                  @ string offset=446
.Linfo_string21:
	.asciz	"tftp_decode_op"        @ string offset=451
.Linfo_string22:
	.asciz	"buf"                   @ string offset=466
.Linfo_string23:
	.asciz	"char"                  @ string offset=470
.Linfo_string24:
	.asciz	"tftp_extract_block"    @ string offset=475
.Linfo_string25:
	.asciz	"b"                     @ string offset=494
.Linfo_string26:
	.asciz	"tftp_extract_filename" @ string offset=496
.Linfo_string27:
	.asciz	"tftp_set_opcode"       @ string offset=518
.Linfo_string28:
	.asciz	"tftp_set_errorcode"    @ string offset=534
.Linfo_string29:
	.asciz	"tftp_set_errormsg"     @ string offset=553
.Linfo_string30:
	.asciz	"tftp_set_block"        @ string offset=571
.Linfo_string31:
	.asciz	"tftp_set_data_message" @ string offset=586
.Linfo_string32:
	.asciz	"tftp_is_correct_ack"   @ string offset=608
.Linfo_string33:
	.asciz	"long unsigned int"     @ string offset=628
.Linfo_string34:
	.asciz	"u32_t"                 @ string offset=646
.Linfo_string35:
	.asciz	"fname"                 @ string offset=652
.Linfo_string36:
	.asciz	"buffer"                @ string offset=658
.Linfo_string37:
	.asciz	"opcode"                @ string offset=665
.Linfo_string38:
	.asciz	"errCode"               @ string offset=672
.Linfo_string39:
	.asciz	"tftp_errorcode"        @ string offset=680
.Linfo_string40:
	.asciz	"errormsg"              @ string offset=695
.Linfo_string41:
	.asciz	"packet"                @ string offset=704
.Linfo_string42:
	.asciz	"block"                 @ string offset=711
.Linfo_string43:
	.asciz	"p"                     @ string offset=717
.Linfo_string44:
	.asciz	"buflen"                @ string offset=719
.Linfo_string45:
	.asciz	"int"                   @ string offset=726
	.section	.debug_loc,"",%progbits
.Ldebug_loc0:
	.long	.Lfunc_begin0
	.long	.Ltmp0
	.short	1                       @ Loc expr size
	.byte	80                      @ DW_OP_reg0
	.long	0
	.long	0
.Ldebug_loc1:
	.long	.Lfunc_begin2
	.long	.Ltmp3
	.short	1                       @ Loc expr size
	.byte	81                      @ DW_OP_reg1
	.long	0
	.long	0
.Ldebug_loc2:
	.long	.Lfunc_begin3
	.long	.Ltmp5
	.short	1                       @ Loc expr size
	.byte	81                      @ DW_OP_reg1
	.long	0
	.long	0
.Ldebug_loc3:
	.long	.Lfunc_begin4
	.long	.Ltmp7
	.short	1                       @ Loc expr size
	.byte	81                      @ DW_OP_reg1
	.long	0
	.long	0
.Ldebug_loc4:
	.long	.Lfunc_begin5
	.long	.Ltmp9
	.short	1                       @ Loc expr size
	.byte	80                      @ DW_OP_reg0
	.long	0
	.long	0
.Ldebug_loc5:
	.long	.Lfunc_begin6
	.long	.Ltmp12
	.short	1                       @ Loc expr size
	.byte	80                      @ DW_OP_reg0
	.long	.Ltmp12
	.long	.Ltmp15
	.short	1                       @ Loc expr size
	.byte	84                      @ DW_OP_reg4
	.long	0
	.long	0
.Ldebug_loc6:
	.long	.Lfunc_begin6
	.long	.Ltmp13
	.short	1                       @ Loc expr size
	.byte	81                      @ DW_OP_reg1
	.long	.Ltmp13
	.long	.Ltmp14
	.short	1                       @ Loc expr size
	.byte	80                      @ DW_OP_reg0
	.long	0
	.long	0
.Ldebug_loc7:
	.long	.Ltmp11
	.long	.Ltmp12
	.short	1                       @ Loc expr size
	.byte	80                      @ DW_OP_reg0
	.long	.Ltmp12
	.long	.Ltmp15
	.short	1                       @ Loc expr size
	.byte	84                      @ DW_OP_reg4
	.long	0
	.long	0
.Ldebug_loc8:
	.long	.Lfunc_begin7
	.long	.Ltmp16
	.short	1                       @ Loc expr size
	.byte	80                      @ DW_OP_reg0
	.long	0
	.long	0
.Ldebug_loc9:
	.long	.Lfunc_begin8
	.long	.Ltmp21
	.short	1                       @ Loc expr size
	.byte	80                      @ DW_OP_reg0
	.long	0
	.long	0
.Ldebug_loc10:
	.long	.Lfunc_begin8
	.long	.Ltmp19
	.short	1                       @ Loc expr size
	.byte	81                      @ DW_OP_reg1
	.long	.Ltmp19
	.long	.Ltmp22
	.short	1                       @ Loc expr size
	.byte	84                      @ DW_OP_reg4
	.long	0
	.long	0
.Ldebug_loc11:
	.long	.Ltmp18
	.long	.Ltmp21
	.short	1                       @ Loc expr size
	.byte	80                      @ DW_OP_reg0
	.long	0
	.long	0
.Ldebug_loc12:
	.long	.Ltmp18
	.long	.Ltmp21
	.short	1                       @ Loc expr size
	.byte	80                      @ DW_OP_reg0
	.long	0
	.long	0
.Ldebug_loc13:
	.long	.Ltmp18
	.long	.Ltmp21
	.short	1                       @ Loc expr size
	.byte	80                      @ DW_OP_reg0
	.long	0
	.long	0
	.section	.debug_abbrev,"",%progbits
	.byte	1                       @ Abbreviation Code
	.byte	17                      @ DW_TAG_compile_unit
	.byte	1                       @ DW_CHILDREN_yes
	.byte	37                      @ DW_AT_producer
	.byte	14                      @ DW_FORM_strp
	.byte	19                      @ DW_AT_language
	.byte	5                       @ DW_FORM_data2
	.byte	3                       @ DW_AT_name
	.byte	14                      @ DW_FORM_strp
	.byte	16                      @ DW_AT_stmt_list
	.byte	6                       @ DW_FORM_data4
	.byte	27                      @ DW_AT_comp_dir
	.byte	14                      @ DW_FORM_strp
	.byte	17                      @ DW_AT_low_pc
	.byte	1                       @ DW_FORM_addr
	.byte	85                      @ DW_AT_ranges
	.byte	6                       @ DW_FORM_data4
	.byte	0                       @ EOM(1)
	.byte	0                       @ EOM(2)
	.byte	2                       @ Abbreviation Code
	.byte	4                       @ DW_TAG_enumeration_type
	.byte	1                       @ DW_CHILDREN_yes
	.byte	73                      @ DW_AT_type
	.byte	19                      @ DW_FORM_ref4
	.byte	11                      @ DW_AT_byte_size
	.byte	11                      @ DW_FORM_data1
	.byte	58                      @ DW_AT_decl_file
	.byte	11                      @ DW_FORM_data1
	.byte	59                      @ DW_AT_decl_line
	.byte	11                      @ DW_FORM_data1
	.byte	0                       @ EOM(1)
	.byte	0                       @ EOM(2)
	.byte	3                       @ Abbreviation Code
	.byte	40                      @ DW_TAG_enumerator
	.byte	0                       @ DW_CHILDREN_no
	.byte	3                       @ DW_AT_name
	.byte	14                      @ DW_FORM_strp
	.byte	28                      @ DW_AT_const_value
	.byte	15                      @ DW_FORM_udata
	.byte	0                       @ EOM(1)
	.byte	0                       @ EOM(2)
	.byte	4                       @ Abbreviation Code
	.byte	36                      @ DW_TAG_base_type
	.byte	0                       @ DW_CHILDREN_no
	.byte	3                       @ DW_AT_name
	.byte	14                      @ DW_FORM_strp
	.byte	62                      @ DW_AT_encoding
	.byte	11                      @ DW_FORM_data1
	.byte	11                      @ DW_AT_byte_size
	.byte	11                      @ DW_FORM_data1
	.byte	0                       @ EOM(1)
	.byte	0                       @ EOM(2)
	.byte	5                       @ Abbreviation Code
	.byte	22                      @ DW_TAG_typedef
	.byte	0                       @ DW_CHILDREN_no
	.byte	73                      @ DW_AT_type
	.byte	19                      @ DW_FORM_ref4
	.byte	3                       @ DW_AT_name
	.byte	14                      @ DW_FORM_strp
	.byte	58                      @ DW_AT_decl_file
	.byte	11                      @ DW_FORM_data1
	.byte	59                      @ DW_AT_decl_line
	.byte	11                      @ DW_FORM_data1
	.byte	0                       @ EOM(1)
	.byte	0                       @ EOM(2)
	.byte	6                       @ Abbreviation Code
	.byte	15                      @ DW_TAG_pointer_type
	.byte	0                       @ DW_CHILDREN_no
	.byte	73                      @ DW_AT_type
	.byte	19                      @ DW_FORM_ref4
	.byte	0                       @ EOM(1)
	.byte	0                       @ EOM(2)
	.byte	7                       @ Abbreviation Code
	.byte	46                      @ DW_TAG_subprogram
	.byte	1                       @ DW_CHILDREN_yes
	.byte	17                      @ DW_AT_low_pc
	.byte	1                       @ DW_FORM_addr
	.byte	18                      @ DW_AT_high_pc
	.byte	1                       @ DW_FORM_addr
	.byte	64                      @ DW_AT_frame_base
	.byte	10                      @ DW_FORM_block1
	.byte	49                      @ DW_AT_abstract_origin
	.byte	19                      @ DW_FORM_ref4
	.byte	0                       @ EOM(1)
	.byte	0                       @ EOM(2)
	.byte	8                       @ Abbreviation Code
	.byte	5                       @ DW_TAG_formal_parameter
	.byte	0                       @ DW_CHILDREN_no
	.byte	2                       @ DW_AT_location
	.byte	6                       @ DW_FORM_data4
	.byte	49                      @ DW_AT_abstract_origin
	.byte	19                      @ DW_FORM_ref4
	.byte	0                       @ EOM(1)
	.byte	0                       @ EOM(2)
	.byte	9                       @ Abbreviation Code
	.byte	5                       @ DW_TAG_formal_parameter
	.byte	0                       @ DW_CHILDREN_no
	.byte	2                       @ DW_AT_location
	.byte	10                      @ DW_FORM_block1
	.byte	49                      @ DW_AT_abstract_origin
	.byte	19                      @ DW_FORM_ref4
	.byte	0                       @ EOM(1)
	.byte	0                       @ EOM(2)
	.byte	10                      @ Abbreviation Code
	.byte	52                      @ DW_TAG_variable
	.byte	0                       @ DW_CHILDREN_no
	.byte	2                       @ DW_AT_location
	.byte	10                      @ DW_FORM_block1
	.byte	49                      @ DW_AT_abstract_origin
	.byte	19                      @ DW_FORM_ref4
	.byte	0                       @ EOM(1)
	.byte	0                       @ EOM(2)
	.byte	11                      @ Abbreviation Code
	.byte	46                      @ DW_TAG_subprogram
	.byte	1                       @ DW_CHILDREN_yes
	.byte	17                      @ DW_AT_low_pc
	.byte	1                       @ DW_FORM_addr
	.byte	18                      @ DW_AT_high_pc
	.byte	1                       @ DW_FORM_addr
	.byte	64                      @ DW_AT_frame_base
	.byte	10                      @ DW_FORM_block1
	.byte	3                       @ DW_AT_name
	.byte	14                      @ DW_FORM_strp
	.byte	58                      @ DW_AT_decl_file
	.byte	11                      @ DW_FORM_data1
	.byte	59                      @ DW_AT_decl_line
	.byte	11                      @ DW_FORM_data1
	.byte	39                      @ DW_AT_prototyped
	.byte	12                      @ DW_FORM_flag
	.byte	63                      @ DW_AT_external
	.byte	12                      @ DW_FORM_flag
	.byte	0                       @ EOM(1)
	.byte	0                       @ EOM(2)
	.byte	12                      @ Abbreviation Code
	.byte	5                       @ DW_TAG_formal_parameter
	.byte	0                       @ DW_CHILDREN_no
	.byte	2                       @ DW_AT_location
	.byte	10                      @ DW_FORM_block1
	.byte	3                       @ DW_AT_name
	.byte	14                      @ DW_FORM_strp
	.byte	58                      @ DW_AT_decl_file
	.byte	11                      @ DW_FORM_data1
	.byte	59                      @ DW_AT_decl_line
	.byte	11                      @ DW_FORM_data1
	.byte	73                      @ DW_AT_type
	.byte	19                      @ DW_FORM_ref4
	.byte	0                       @ EOM(1)
	.byte	0                       @ EOM(2)
	.byte	13                      @ Abbreviation Code
	.byte	5                       @ DW_TAG_formal_parameter
	.byte	0                       @ DW_CHILDREN_no
	.byte	2                       @ DW_AT_location
	.byte	6                       @ DW_FORM_data4
	.byte	3                       @ DW_AT_name
	.byte	14                      @ DW_FORM_strp
	.byte	58                      @ DW_AT_decl_file
	.byte	11                      @ DW_FORM_data1
	.byte	59                      @ DW_AT_decl_line
	.byte	11                      @ DW_FORM_data1
	.byte	73                      @ DW_AT_type
	.byte	19                      @ DW_FORM_ref4
	.byte	0                       @ EOM(1)
	.byte	0                       @ EOM(2)
	.byte	14                      @ Abbreviation Code
	.byte	52                      @ DW_TAG_variable
	.byte	0                       @ DW_CHILDREN_no
	.byte	2                       @ DW_AT_location
	.byte	6                       @ DW_FORM_data4
	.byte	3                       @ DW_AT_name
	.byte	14                      @ DW_FORM_strp
	.byte	58                      @ DW_AT_decl_file
	.byte	11                      @ DW_FORM_data1
	.byte	59                      @ DW_AT_decl_line
	.byte	11                      @ DW_FORM_data1
	.byte	73                      @ DW_AT_type
	.byte	19                      @ DW_FORM_ref4
	.byte	0                       @ EOM(1)
	.byte	0                       @ EOM(2)
	.byte	15                      @ Abbreviation Code
	.byte	46                      @ DW_TAG_subprogram
	.byte	1                       @ DW_CHILDREN_yes
	.byte	3                       @ DW_AT_name
	.byte	14                      @ DW_FORM_strp
	.byte	58                      @ DW_AT_decl_file
	.byte	11                      @ DW_FORM_data1
	.byte	59                      @ DW_AT_decl_line
	.byte	11                      @ DW_FORM_data1
	.byte	39                      @ DW_AT_prototyped
	.byte	12                      @ DW_FORM_flag
	.byte	73                      @ DW_AT_type
	.byte	19                      @ DW_FORM_ref4
	.byte	63                      @ DW_AT_external
	.byte	12                      @ DW_FORM_flag
	.byte	32                      @ DW_AT_inline
	.byte	11                      @ DW_FORM_data1
	.byte	0                       @ EOM(1)
	.byte	0                       @ EOM(2)
	.byte	16                      @ Abbreviation Code
	.byte	5                       @ DW_TAG_formal_parameter
	.byte	0                       @ DW_CHILDREN_no
	.byte	3                       @ DW_AT_name
	.byte	14                      @ DW_FORM_strp
	.byte	58                      @ DW_AT_decl_file
	.byte	11                      @ DW_FORM_data1
	.byte	59                      @ DW_AT_decl_line
	.byte	11                      @ DW_FORM_data1
	.byte	73                      @ DW_AT_type
	.byte	19                      @ DW_FORM_ref4
	.byte	0                       @ EOM(1)
	.byte	0                       @ EOM(2)
	.byte	17                      @ Abbreviation Code
	.byte	52                      @ DW_TAG_variable
	.byte	0                       @ DW_CHILDREN_no
	.byte	3                       @ DW_AT_name
	.byte	14                      @ DW_FORM_strp
	.byte	58                      @ DW_AT_decl_file
	.byte	11                      @ DW_FORM_data1
	.byte	59                      @ DW_AT_decl_line
	.byte	11                      @ DW_FORM_data1
	.byte	73                      @ DW_AT_type
	.byte	19                      @ DW_FORM_ref4
	.byte	0                       @ EOM(1)
	.byte	0                       @ EOM(2)
	.byte	18                      @ Abbreviation Code
	.byte	46                      @ DW_TAG_subprogram
	.byte	1                       @ DW_CHILDREN_yes
	.byte	17                      @ DW_AT_low_pc
	.byte	1                       @ DW_FORM_addr
	.byte	18                      @ DW_AT_high_pc
	.byte	1                       @ DW_FORM_addr
	.byte	64                      @ DW_AT_frame_base
	.byte	10                      @ DW_FORM_block1
	.byte	3                       @ DW_AT_name
	.byte	14                      @ DW_FORM_strp
	.byte	58                      @ DW_AT_decl_file
	.byte	11                      @ DW_FORM_data1
	.byte	59                      @ DW_AT_decl_line
	.byte	11                      @ DW_FORM_data1
	.byte	39                      @ DW_AT_prototyped
	.byte	12                      @ DW_FORM_flag
	.byte	73                      @ DW_AT_type
	.byte	19                      @ DW_FORM_ref4
	.byte	63                      @ DW_AT_external
	.byte	12                      @ DW_FORM_flag
	.byte	0                       @ EOM(1)
	.byte	0                       @ EOM(2)
	.byte	19                      @ Abbreviation Code
	.byte	29                      @ DW_TAG_inlined_subroutine
	.byte	1                       @ DW_CHILDREN_yes
	.byte	49                      @ DW_AT_abstract_origin
	.byte	19                      @ DW_FORM_ref4
	.byte	17                      @ DW_AT_low_pc
	.byte	1                       @ DW_FORM_addr
	.byte	18                      @ DW_AT_high_pc
	.byte	1                       @ DW_FORM_addr
	.byte	88                      @ DW_AT_call_file
	.byte	11                      @ DW_FORM_data1
	.byte	89                      @ DW_AT_call_line
	.byte	11                      @ DW_FORM_data1
	.byte	0                       @ EOM(1)
	.byte	0                       @ EOM(2)
	.byte	20                      @ Abbreviation Code
	.byte	52                      @ DW_TAG_variable
	.byte	0                       @ DW_CHILDREN_no
	.byte	2                       @ DW_AT_location
	.byte	6                       @ DW_FORM_data4
	.byte	49                      @ DW_AT_abstract_origin
	.byte	19                      @ DW_FORM_ref4
	.byte	0                       @ EOM(1)
	.byte	0                       @ EOM(2)
	.byte	0                       @ EOM(3)
	.section	.debug_info,"",%progbits
.Lcu_begin0:
	.long	.Ldebug_info_end0-.Ldebug_info_start0 @ Length of Unit
.Ldebug_info_start0:
	.short	3                       @ DWARF version number
	.long	.debug_abbrev           @ Offset Into Abbrev. Section
	.byte	4                       @ Address Size (in bytes)
	.byte	1                       @ Abbrev [1] 0xb:0x305 DW_TAG_compile_unit
	.long	.Linfo_string0          @ DW_AT_producer
	.short	12                      @ DW_AT_language
	.long	.Linfo_string1          @ DW_AT_name
	.long	.Lline_table_start0     @ DW_AT_stmt_list
	.long	.Linfo_string2          @ DW_AT_comp_dir
	.long	0                       @ DW_AT_low_pc
	.long	.Ldebug_ranges0         @ DW_AT_ranges
	.byte	2                       @ Abbrev [2] 0x26:0x27 DW_TAG_enumeration_type
	.long	77                      @ DW_AT_type
	.byte	1                       @ DW_AT_byte_size
	.byte	1                       @ DW_AT_decl_file
	.byte	20                      @ DW_AT_decl_line
	.byte	3                       @ Abbrev [3] 0x2e:0x6 DW_TAG_enumerator
	.long	.Linfo_string4          @ DW_AT_name
	.byte	1                       @ DW_AT_const_value
	.byte	3                       @ Abbrev [3] 0x34:0x6 DW_TAG_enumerator
	.long	.Linfo_string5          @ DW_AT_name
	.byte	2                       @ DW_AT_const_value
	.byte	3                       @ Abbrev [3] 0x3a:0x6 DW_TAG_enumerator
	.long	.Linfo_string6          @ DW_AT_name
	.byte	3                       @ DW_AT_const_value
	.byte	3                       @ Abbrev [3] 0x40:0x6 DW_TAG_enumerator
	.long	.Linfo_string7          @ DW_AT_name
	.byte	4                       @ DW_AT_const_value
	.byte	3                       @ Abbrev [3] 0x46:0x6 DW_TAG_enumerator
	.long	.Linfo_string8          @ DW_AT_name
	.byte	5                       @ DW_AT_const_value
	.byte	0                       @ End Of Children Mark
	.byte	4                       @ Abbrev [4] 0x4d:0x7 DW_TAG_base_type
	.long	.Linfo_string3          @ DW_AT_name
	.byte	8                       @ DW_AT_encoding
	.byte	1                       @ DW_AT_byte_size
	.byte	2                       @ Abbrev [2] 0x54:0x39 DW_TAG_enumeration_type
	.long	77                      @ DW_AT_type
	.byte	1                       @ DW_AT_byte_size
	.byte	1                       @ DW_AT_decl_file
	.byte	30                      @ DW_AT_decl_line
	.byte	3                       @ Abbrev [3] 0x5c:0x6 DW_TAG_enumerator
	.long	.Linfo_string9          @ DW_AT_name
	.byte	0                       @ DW_AT_const_value
	.byte	3                       @ Abbrev [3] 0x62:0x6 DW_TAG_enumerator
	.long	.Linfo_string10         @ DW_AT_name
	.byte	1                       @ DW_AT_const_value
	.byte	3                       @ Abbrev [3] 0x68:0x6 DW_TAG_enumerator
	.long	.Linfo_string11         @ DW_AT_name
	.byte	2                       @ DW_AT_const_value
	.byte	3                       @ Abbrev [3] 0x6e:0x6 DW_TAG_enumerator
	.long	.Linfo_string12         @ DW_AT_name
	.byte	3                       @ DW_AT_const_value
	.byte	3                       @ Abbrev [3] 0x74:0x6 DW_TAG_enumerator
	.long	.Linfo_string13         @ DW_AT_name
	.byte	4                       @ DW_AT_const_value
	.byte	3                       @ Abbrev [3] 0x7a:0x6 DW_TAG_enumerator
	.long	.Linfo_string14         @ DW_AT_name
	.byte	5                       @ DW_AT_const_value
	.byte	3                       @ Abbrev [3] 0x80:0x6 DW_TAG_enumerator
	.long	.Linfo_string15         @ DW_AT_name
	.byte	6                       @ DW_AT_const_value
	.byte	3                       @ Abbrev [3] 0x86:0x6 DW_TAG_enumerator
	.long	.Linfo_string16         @ DW_AT_name
	.byte	7                       @ DW_AT_const_value
	.byte	0                       @ End Of Children Mark
	.byte	5                       @ Abbrev [5] 0x8d:0xb DW_TAG_typedef
	.long	38                      @ DW_AT_type
	.long	.Linfo_string17         @ DW_AT_name
	.byte	1                       @ DW_AT_decl_file
	.byte	26                      @ DW_AT_decl_line
	.byte	6                       @ Abbrev [6] 0x98:0x5 DW_TAG_pointer_type
	.long	157                     @ DW_AT_type
	.byte	5                       @ Abbrev [5] 0x9d:0xb DW_TAG_typedef
	.long	168                     @ DW_AT_type
	.long	.Linfo_string19         @ DW_AT_name
	.byte	2                       @ DW_AT_decl_file
	.byte	39                      @ DW_AT_decl_line
	.byte	4                       @ Abbrev [4] 0xa8:0x7 DW_TAG_base_type
	.long	.Linfo_string18         @ DW_AT_name
	.byte	7                       @ DW_AT_encoding
	.byte	2                       @ DW_AT_byte_size
	.byte	5                       @ Abbrev [5] 0xaf:0xb DW_TAG_typedef
	.long	77                      @ DW_AT_type
	.long	.Linfo_string20         @ DW_AT_name
	.byte	2                       @ DW_AT_decl_file
	.byte	37                      @ DW_AT_decl_line
	.byte	7                       @ Abbrev [7] 0xba:0x19 DW_TAG_subprogram
	.long	.Lfunc_begin0           @ DW_AT_low_pc
	.long	.Lfunc_end0             @ DW_AT_high_pc
	.byte	1                       @ DW_AT_frame_base
	.byte	93
	.long	559                     @ DW_AT_abstract_origin
	.byte	8                       @ Abbrev [8] 0xc9:0x9 DW_TAG_formal_parameter
	.long	.Ldebug_loc0            @ DW_AT_location
	.long	573                     @ DW_AT_abstract_origin
	.byte	0                       @ End Of Children Mark
	.byte	7                       @ Abbrev [7] 0xd3:0x1e DW_TAG_subprogram
	.long	.Lfunc_begin1           @ DW_AT_low_pc
	.long	.Lfunc_end1             @ DW_AT_high_pc
	.byte	1                       @ DW_AT_frame_base
	.byte	93
	.long	597                     @ DW_AT_abstract_origin
	.byte	9                       @ Abbrev [9] 0xe2:0x7 DW_TAG_formal_parameter
	.byte	1                       @ DW_AT_location
	.byte	80
	.long	611                     @ DW_AT_abstract_origin
	.byte	10                      @ Abbrev [10] 0xe9:0x7 DW_TAG_variable
	.byte	1                       @ DW_AT_location
	.byte	80
	.long	622                     @ DW_AT_abstract_origin
	.byte	0                       @ End Of Children Mark
	.byte	11                      @ Abbrev [11] 0xf1:0x30 DW_TAG_subprogram
	.long	.Lfunc_begin2           @ DW_AT_low_pc
	.long	.Lfunc_end2             @ DW_AT_high_pc
	.byte	1                       @ DW_AT_frame_base
	.byte	93
	.long	.Linfo_string26         @ DW_AT_name
	.byte	3                       @ DW_AT_decl_file
	.byte	26                      @ DW_AT_decl_line
	.byte	1                       @ DW_AT_prototyped
	.byte	1                       @ DW_AT_external
	.byte	12                      @ Abbrev [12] 0x104:0xd DW_TAG_formal_parameter
	.byte	1                       @ DW_AT_location
	.byte	80
	.long	.Linfo_string35         @ DW_AT_name
	.byte	3                       @ DW_AT_decl_file
	.byte	26                      @ DW_AT_decl_line
	.long	585                     @ DW_AT_type
	.byte	13                      @ Abbrev [13] 0x111:0xf DW_TAG_formal_parameter
	.long	.Ldebug_loc1            @ DW_AT_location
	.long	.Linfo_string22         @ DW_AT_name
	.byte	3                       @ DW_AT_decl_file
	.byte	26                      @ DW_AT_decl_line
	.long	585                     @ DW_AT_type
	.byte	0                       @ End Of Children Mark
	.byte	11                      @ Abbrev [11] 0x121:0x30 DW_TAG_subprogram
	.long	.Lfunc_begin3           @ DW_AT_low_pc
	.long	.Lfunc_end3             @ DW_AT_high_pc
	.byte	1                       @ DW_AT_frame_base
	.byte	93
	.long	.Linfo_string27         @ DW_AT_name
	.byte	3                       @ DW_AT_decl_file
	.byte	34                      @ DW_AT_decl_line
	.byte	1                       @ DW_AT_prototyped
	.byte	1                       @ DW_AT_external
	.byte	12                      @ Abbrev [12] 0x134:0xd DW_TAG_formal_parameter
	.byte	1                       @ DW_AT_location
	.byte	80
	.long	.Linfo_string36         @ DW_AT_name
	.byte	3                       @ DW_AT_decl_file
	.byte	34                      @ DW_AT_decl_line
	.long	585                     @ DW_AT_type
	.byte	13                      @ Abbrev [13] 0x141:0xf DW_TAG_formal_parameter
	.long	.Ldebug_loc2            @ DW_AT_location
	.long	.Linfo_string37         @ DW_AT_name
	.byte	3                       @ DW_AT_decl_file
	.byte	34                      @ DW_AT_decl_line
	.long	141                     @ DW_AT_type
	.byte	0                       @ End Of Children Mark
	.byte	11                      @ Abbrev [11] 0x151:0x30 DW_TAG_subprogram
	.long	.Lfunc_begin4           @ DW_AT_low_pc
	.long	.Lfunc_end4             @ DW_AT_high_pc
	.byte	1                       @ DW_AT_frame_base
	.byte	93
	.long	.Linfo_string28         @ DW_AT_name
	.byte	3                       @ DW_AT_decl_file
	.byte	44                      @ DW_AT_decl_line
	.byte	1                       @ DW_AT_prototyped
	.byte	1                       @ DW_AT_external
	.byte	12                      @ Abbrev [12] 0x164:0xd DW_TAG_formal_parameter
	.byte	1                       @ DW_AT_location
	.byte	80
	.long	.Linfo_string36         @ DW_AT_name
	.byte	3                       @ DW_AT_decl_file
	.byte	44                      @ DW_AT_decl_line
	.long	585                     @ DW_AT_type
	.byte	13                      @ Abbrev [13] 0x171:0xf DW_TAG_formal_parameter
	.long	.Ldebug_loc3            @ DW_AT_location
	.long	.Linfo_string38         @ DW_AT_name
	.byte	3                       @ DW_AT_decl_file
	.byte	44                      @ DW_AT_decl_line
	.long	765                     @ DW_AT_type
	.byte	0                       @ End Of Children Mark
	.byte	11                      @ Abbrev [11] 0x181:0x30 DW_TAG_subprogram
	.long	.Lfunc_begin5           @ DW_AT_low_pc
	.long	.Lfunc_end5             @ DW_AT_high_pc
	.byte	1                       @ DW_AT_frame_base
	.byte	93
	.long	.Linfo_string29         @ DW_AT_name
	.byte	3                       @ DW_AT_decl_file
	.byte	54                      @ DW_AT_decl_line
	.byte	1                       @ DW_AT_prototyped
	.byte	1                       @ DW_AT_external
	.byte	13                      @ Abbrev [13] 0x194:0xf DW_TAG_formal_parameter
	.long	.Ldebug_loc4            @ DW_AT_location
	.long	.Linfo_string36         @ DW_AT_name
	.byte	3                       @ DW_AT_decl_file
	.byte	54                      @ DW_AT_decl_line
	.long	585                     @ DW_AT_type
	.byte	12                      @ Abbrev [12] 0x1a3:0xd DW_TAG_formal_parameter
	.byte	1                       @ DW_AT_location
	.byte	81
	.long	.Linfo_string40         @ DW_AT_name
	.byte	3                       @ DW_AT_decl_file
	.byte	54                      @ DW_AT_decl_line
	.long	585                     @ DW_AT_type
	.byte	0                       @ End Of Children Mark
	.byte	11                      @ Abbrev [11] 0x1b1:0x41 DW_TAG_subprogram
	.long	.Lfunc_begin6           @ DW_AT_low_pc
	.long	.Lfunc_end6             @ DW_AT_high_pc
	.byte	1                       @ DW_AT_frame_base
	.byte	93
	.long	.Linfo_string30         @ DW_AT_name
	.byte	3                       @ DW_AT_decl_file
	.byte	62                      @ DW_AT_decl_line
	.byte	1                       @ DW_AT_prototyped
	.byte	1                       @ DW_AT_external
	.byte	13                      @ Abbrev [13] 0x1c4:0xf DW_TAG_formal_parameter
	.long	.Ldebug_loc5            @ DW_AT_location
	.long	.Linfo_string41         @ DW_AT_name
	.byte	3                       @ DW_AT_decl_file
	.byte	62                      @ DW_AT_decl_line
	.long	585                     @ DW_AT_type
	.byte	13                      @ Abbrev [13] 0x1d3:0xf DW_TAG_formal_parameter
	.long	.Ldebug_loc6            @ DW_AT_location
	.long	.Linfo_string42         @ DW_AT_name
	.byte	3                       @ DW_AT_decl_file
	.byte	62                      @ DW_AT_decl_line
	.long	157                     @ DW_AT_type
	.byte	14                      @ Abbrev [14] 0x1e2:0xf DW_TAG_variable
	.long	.Ldebug_loc7            @ DW_AT_location
	.long	.Linfo_string43         @ DW_AT_name
	.byte	3                       @ DW_AT_decl_file
	.byte	65                      @ DW_AT_decl_line
	.long	152                     @ DW_AT_type
	.byte	0                       @ End Of Children Mark
	.byte	11                      @ Abbrev [11] 0x1f2:0x3d DW_TAG_subprogram
	.long	.Lfunc_begin7           @ DW_AT_low_pc
	.long	.Lfunc_end7             @ DW_AT_high_pc
	.byte	1                       @ DW_AT_frame_base
	.byte	93
	.long	.Linfo_string31         @ DW_AT_name
	.byte	3                       @ DW_AT_decl_file
	.byte	72                      @ DW_AT_decl_line
	.byte	1                       @ DW_AT_prototyped
	.byte	1                       @ DW_AT_external
	.byte	13                      @ Abbrev [13] 0x205:0xf DW_TAG_formal_parameter
	.long	.Ldebug_loc8            @ DW_AT_location
	.long	.Linfo_string41         @ DW_AT_name
	.byte	3                       @ DW_AT_decl_file
	.byte	72                      @ DW_AT_decl_line
	.long	585                     @ DW_AT_type
	.byte	12                      @ Abbrev [12] 0x214:0xd DW_TAG_formal_parameter
	.byte	1                       @ DW_AT_location
	.byte	81
	.long	.Linfo_string22         @ DW_AT_name
	.byte	3                       @ DW_AT_decl_file
	.byte	72                      @ DW_AT_decl_line
	.long	585                     @ DW_AT_type
	.byte	12                      @ Abbrev [12] 0x221:0xd DW_TAG_formal_parameter
	.byte	1                       @ DW_AT_location
	.byte	82
	.long	.Linfo_string44         @ DW_AT_name
	.byte	3                       @ DW_AT_decl_file
	.byte	72                      @ DW_AT_decl_line
	.long	776                     @ DW_AT_type
	.byte	0                       @ End Of Children Mark
	.byte	15                      @ Abbrev [15] 0x22f:0x1a DW_TAG_subprogram
	.long	.Linfo_string21         @ DW_AT_name
	.byte	3                       @ DW_AT_decl_file
	.byte	9                       @ DW_AT_decl_line
	.byte	1                       @ DW_AT_prototyped
	.long	141                     @ DW_AT_type
	.byte	1                       @ DW_AT_external
	.byte	1                       @ DW_AT_inline
	.byte	16                      @ Abbrev [16] 0x23d:0xb DW_TAG_formal_parameter
	.long	.Linfo_string22         @ DW_AT_name
	.byte	3                       @ DW_AT_decl_file
	.byte	9                       @ DW_AT_decl_line
	.long	585                     @ DW_AT_type
	.byte	0                       @ End Of Children Mark
	.byte	6                       @ Abbrev [6] 0x249:0x5 DW_TAG_pointer_type
	.long	590                     @ DW_AT_type
	.byte	4                       @ Abbrev [4] 0x24e:0x7 DW_TAG_base_type
	.long	.Linfo_string23         @ DW_AT_name
	.byte	8                       @ DW_AT_encoding
	.byte	1                       @ DW_AT_byte_size
	.byte	15                      @ Abbrev [15] 0x255:0x25 DW_TAG_subprogram
	.long	.Linfo_string24         @ DW_AT_name
	.byte	3                       @ DW_AT_decl_file
	.byte	17                      @ DW_AT_decl_line
	.byte	1                       @ DW_AT_prototyped
	.long	157                     @ DW_AT_type
	.byte	1                       @ DW_AT_external
	.byte	1                       @ DW_AT_inline
	.byte	16                      @ Abbrev [16] 0x263:0xb DW_TAG_formal_parameter
	.long	.Linfo_string22         @ DW_AT_name
	.byte	3                       @ DW_AT_decl_file
	.byte	17                      @ DW_AT_decl_line
	.long	585                     @ DW_AT_type
	.byte	17                      @ Abbrev [17] 0x26e:0xb DW_TAG_variable
	.long	.Linfo_string25         @ DW_AT_name
	.byte	3                       @ DW_AT_decl_file
	.byte	19                      @ DW_AT_decl_line
	.long	152                     @ DW_AT_type
	.byte	0                       @ End Of Children Mark
	.byte	18                      @ Abbrev [18] 0x27a:0x71 DW_TAG_subprogram
	.long	.Lfunc_begin8           @ DW_AT_low_pc
	.long	.Lfunc_end8             @ DW_AT_high_pc
	.byte	1                       @ DW_AT_frame_base
	.byte	93
	.long	.Linfo_string32         @ DW_AT_name
	.byte	3                       @ DW_AT_decl_file
	.byte	80                      @ DW_AT_decl_line
	.byte	1                       @ DW_AT_prototyped
	.long	747                     @ DW_AT_type
	.byte	1                       @ DW_AT_external
	.byte	13                      @ Abbrev [13] 0x291:0xf DW_TAG_formal_parameter
	.long	.Ldebug_loc9            @ DW_AT_location
	.long	.Linfo_string22         @ DW_AT_name
	.byte	3                       @ DW_AT_decl_file
	.byte	80                      @ DW_AT_decl_line
	.long	585                     @ DW_AT_type
	.byte	13                      @ Abbrev [13] 0x2a0:0xf DW_TAG_formal_parameter
	.long	.Ldebug_loc10           @ DW_AT_location
	.long	.Linfo_string42         @ DW_AT_name
	.byte	3                       @ DW_AT_decl_file
	.byte	80                      @ DW_AT_decl_line
	.long	776                     @ DW_AT_type
	.byte	19                      @ Abbrev [19] 0x2af:0x19 DW_TAG_inlined_subroutine
	.long	559                     @ DW_AT_abstract_origin
	.long	.Ltmp19                 @ DW_AT_low_pc
	.long	.Ltmp20                 @ DW_AT_high_pc
	.byte	3                       @ DW_AT_call_file
	.byte	83                      @ DW_AT_call_line
	.byte	8                       @ Abbrev [8] 0x2be:0x9 DW_TAG_formal_parameter
	.long	.Ldebug_loc11           @ DW_AT_location
	.long	573                     @ DW_AT_abstract_origin
	.byte	0                       @ End Of Children Mark
	.byte	19                      @ Abbrev [19] 0x2c8:0x22 DW_TAG_inlined_subroutine
	.long	597                     @ DW_AT_abstract_origin
	.long	.Ltmp22                 @ DW_AT_low_pc
	.long	.Ltmp23                 @ DW_AT_high_pc
	.byte	3                       @ DW_AT_call_file
	.byte	87                      @ DW_AT_call_line
	.byte	8                       @ Abbrev [8] 0x2d7:0x9 DW_TAG_formal_parameter
	.long	.Ldebug_loc12           @ DW_AT_location
	.long	611                     @ DW_AT_abstract_origin
	.byte	20                      @ Abbrev [20] 0x2e0:0x9 DW_TAG_variable
	.long	.Ldebug_loc13           @ DW_AT_location
	.long	622                     @ DW_AT_abstract_origin
	.byte	0                       @ End Of Children Mark
	.byte	0                       @ End Of Children Mark
	.byte	5                       @ Abbrev [5] 0x2eb:0xb DW_TAG_typedef
	.long	758                     @ DW_AT_type
	.long	.Linfo_string34         @ DW_AT_name
	.byte	2                       @ DW_AT_decl_file
	.byte	41                      @ DW_AT_decl_line
	.byte	4                       @ Abbrev [4] 0x2f6:0x7 DW_TAG_base_type
	.long	.Linfo_string33         @ DW_AT_name
	.byte	7                       @ DW_AT_encoding
	.byte	4                       @ DW_AT_byte_size
	.byte	5                       @ Abbrev [5] 0x2fd:0xb DW_TAG_typedef
	.long	84                      @ DW_AT_type
	.long	.Linfo_string39         @ DW_AT_name
	.byte	1                       @ DW_AT_decl_file
	.byte	39                      @ DW_AT_decl_line
	.byte	4                       @ Abbrev [4] 0x308:0x7 DW_TAG_base_type
	.long	.Linfo_string45         @ DW_AT_name
	.byte	5                       @ DW_AT_encoding
	.byte	4                       @ DW_AT_byte_size
	.byte	0                       @ End Of Children Mark
.Ldebug_info_end0:
	.section	.debug_ranges,"",%progbits
.Ldebug_ranges0:
	.long	.Lfunc_begin0
	.long	.Lfunc_end0
	.long	.Lfunc_begin1
	.long	.Lfunc_end1
	.long	.Lfunc_begin2
	.long	.Lfunc_end2
	.long	.Lfunc_begin3
	.long	.Lfunc_end3
	.long	.Lfunc_begin4
	.long	.Lfunc_end4
	.long	.Lfunc_begin5
	.long	.Lfunc_end5
	.long	.Lfunc_begin6
	.long	.Lfunc_end6
	.long	.Lfunc_begin7
	.long	.Lfunc_end7
	.long	.Lfunc_begin8
	.long	.Lfunc_end8
	.long	0
	.long	0
	.section	.debug_macinfo,"",%progbits
	.byte	0                       @ End Of Macro List Mark

	.ident	"Component: ARM Compiler 6.12 Tool: armclang [5d624a00]"
	.section	".note.GNU-stack","",%progbits
	.eabi_attribute	30, 3	@ Tag_ABI_optimization_goals
	.ARM_attribute	16, 1	@ Tag_AV_eba
	.section	.debug_line,"",%progbits
.Lline_table_start0:
