	.text
	.syntax unified
	.eabi_attribute	67, "2.09"	@ Tag_conformance
	.cpu	cortex-m4
	.eabi_attribute	6, 13	@ Tag_CPU_arch
	.eabi_attribute	7, 77	@ Tag_CPU_arch_profile
	.eabi_attribute	8, 0	@ Tag_ARM_ISA_use
	.eabi_attribute	9, 2	@ Tag_THUMB_ISA_use
	.fpu	fpv4-sp-d16
	.eabi_attribute	27, 1	@ Tag_ABI_HardFP_use
	.eabi_attribute	36, 1	@ Tag_FP_HP_extension
	.eabi_attribute	34, 1	@ Tag_CPU_unaligned_access
	.eabi_attribute	17, 1	@ Tag_ABI_PCS_GOT_use
	.eabi_attribute	20, 2	@ Tag_ABI_FP_denormal
	.eabi_attribute	21, 0	@ Tag_ABI_FP_exceptions
	.eabi_attribute	23, 1	@ Tag_ABI_FP_number_model
	.eabi_attribute	24, 1	@ Tag_ABI_align_needed
	.eabi_attribute	25, 1	@ Tag_ABI_align_preserved
	.eabi_attribute	28, 1	@ Tag_ABI_VFP_args
	.eabi_attribute	38, 1	@ Tag_ABI_FP_16bit_format
	.eabi_attribute	18, 2	@ Tag_ABI_PCS_wchar_t
	.eabi_attribute	26, 1	@ Tag_ABI_enum_size
	.eabi_attribute	14, 0	@ Tag_ABI_PCS_R9_use
	.file	"timers.c"
	.file	1 "F:\\SkyDrive\\OtvoreniProjekti\\HotelSaplast\\fw\\KontrolerHotela\\HC070318\\Project" "../Libraries/lwip-1.4.1/src/include\\lwip/timers.h"
	.file	2 "F:\\SkyDrive\\OtvoreniProjekti\\HotelSaplast\\fw\\KontrolerHotela\\HC070318\\Project" "../Libraries/lwip-1.4.1/port/arch\\cc.h"
	.file	3 "F:\\SkyDrive\\OtvoreniProjekti\\HotelSaplast\\fw\\KontrolerHotela\\HC070318\\Project" "../Libraries/lwip-1.4.1/src/core/timers.c"
	.file	4 "F:\\SkyDrive\\OtvoreniProjekti\\HotelSaplast\\fw\\KontrolerHotela\\HC070318\\Project" "../Libraries/lwip-1.4.1/src/include\\lwip/memp.h"
	.section	.text.tcp_timer_needed,"ax",%progbits
	.hidden	tcp_timer_needed        @ -- Begin function tcp_timer_needed
	.globl	tcp_timer_needed
	.p2align	1
	.type	tcp_timer_needed,%function
	.code	16                      @ @tcp_timer_needed
	.thumb_func
tcp_timer_needed:
.Lfunc_begin0:
	.loc	3 105 0                 @ ../Libraries/lwip-1.4.1/src/core/timers.c:105:0
	.fnstart
	.cfi_sections .debug_frame
	.cfi_startproc
@ %bb.0:
	.loc	3 107 10 prologue_end   @ ../Libraries/lwip-1.4.1/src/core/timers.c:107:10
	movw	r0, :lower16:tcpip_tcp_timer_active
	movt	r0, :upper16:tcpip_tcp_timer_active
	ldrb	r1, [r0]
	.loc	3 107 33 is_stmt 0      @ ../Libraries/lwip-1.4.1/src/core/timers.c:107:33
	cbnz	r1, .LBB0_3
@ %bb.1:
	.loc	3 107 56                @ ../Libraries/lwip-1.4.1/src/core/timers.c:107:56
	movw	r1, :lower16:tcp_tw_pcbs
	.loc	3 107 37                @ ../Libraries/lwip-1.4.1/src/core/timers.c:107:37
	movw	r2, :lower16:tcp_active_pcbs
	.loc	3 107 56                @ ../Libraries/lwip-1.4.1/src/core/timers.c:107:56
	movt	r1, :upper16:tcp_tw_pcbs
	.loc	3 107 37                @ ../Libraries/lwip-1.4.1/src/core/timers.c:107:37
	movt	r2, :upper16:tcp_active_pcbs
	.loc	3 107 56                @ ../Libraries/lwip-1.4.1/src/core/timers.c:107:56
	ldr	r1, [r1]
	.loc	3 107 37                @ ../Libraries/lwip-1.4.1/src/core/timers.c:107:37
	ldr	r2, [r2]
	orrs	r1, r2
	.loc	3 107 53                @ ../Libraries/lwip-1.4.1/src/core/timers.c:107:53
	beq	.LBB0_3
@ %bb.2:
	.loc	3 0 53                  @ ../Libraries/lwip-1.4.1/src/core/timers.c:0:53
	movs	r1, #1
.Ltmp0:
	.loc	3 111 9 is_stmt 1       @ ../Libraries/lwip-1.4.1/src/core/timers.c:111:9
	movs	r2, #0
	.loc	3 110 32                @ ../Libraries/lwip-1.4.1/src/core/timers.c:110:32
	strb	r1, [r0]
	.loc	3 111 9                 @ ../Libraries/lwip-1.4.1/src/core/timers.c:111:9
	movw	r1, :lower16:tcpip_tcp_timer
	movs	r0, #250
	movt	r1, :upper16:tcpip_tcp_timer
	b	sys_timeout
.Ltmp1:
.LBB0_3:
	.loc	3 113 1                 @ ../Libraries/lwip-1.4.1/src/core/timers.c:113:1
	bx	lr
.Ltmp2:
.Lfunc_end0:
	.size	tcp_timer_needed, .Lfunc_end0-tcp_timer_needed
	.cfi_endproc
	.cantunwind
	.fnend
                                        @ -- End function
	.section	.text.sys_timeout,"ax",%progbits
	.hidden	sys_timeout             @ -- Begin function sys_timeout
	.globl	sys_timeout
	.p2align	1
	.type	sys_timeout,%function
	.code	16                      @ @sys_timeout
	.thumb_func
sys_timeout:
.Lfunc_begin1:
	.loc	3 279 0                 @ ../Libraries/lwip-1.4.1/src/core/timers.c:279:0
	.fnstart
	.cfi_startproc
@ %bb.0:
	.save	{r4, r5, r6, lr}
	push	{r4, r5, r6, lr}
	.cfi_def_cfa_offset 16
	.cfi_offset lr, -4
	.cfi_offset r6, -8
	.cfi_offset r5, -12
	.cfi_offset r4, -16
	@DEBUG_VALUE: sys_timeout:msecs <- $r0
	@DEBUG_VALUE: sys_timeout:handler <- $r1
	@DEBUG_VALUE: sys_timeout:arg <- $r2
	mov	r4, r0
.Ltmp3:
	@DEBUG_VALUE: sys_timeout:arg <- $r5
	@DEBUG_VALUE: sys_timeout:handler <- $r6
	@DEBUG_VALUE: sys_timeout:msecs <- $r4
	.loc	3 282 36 prologue_end   @ ../Libraries/lwip-1.4.1/src/core/timers.c:282:36
	movs	r0, #7
	mov	r5, r2
.Ltmp4:
	.loc	3 0 36 is_stmt 0        @ ../Libraries/lwip-1.4.1/src/core/timers.c:0:36
	mov	r6, r1
.Ltmp5:
	.loc	3 282 36                @ ../Libraries/lwip-1.4.1/src/core/timers.c:282:36
	bl	memp_malloc
.Ltmp6:
	@DEBUG_VALUE: sys_timeout:timeout <- $r0
	.loc	3 283 9 is_stmt 1       @ ../Libraries/lwip-1.4.1/src/core/timers.c:283:9
	cbz	r0, .LBB1_9
.Ltmp7:
@ %bb.1:
	@DEBUG_VALUE: sys_timeout:timeout <- $r0
	@DEBUG_VALUE: sys_timeout:msecs <- $r4
	.loc	3 0 9 is_stmt 0         @ ../Libraries/lwip-1.4.1/src/core/timers.c:0:9
	movs	r1, #0
	.loc	3 288 19 is_stmt 1      @ ../Libraries/lwip-1.4.1/src/core/timers.c:288:19
	stm.w	r0, {r1, r4, r6}
.Ltmp8:
	.loc	3 298 9                 @ ../Libraries/lwip-1.4.1/src/core/timers.c:298:9
	movw	r1, :lower16:next_timeout
.Ltmp9:
	.loc	3 290 18                @ ../Libraries/lwip-1.4.1/src/core/timers.c:290:18
	str	r5, [r0, #12]
.Ltmp10:
	.loc	3 298 9                 @ ../Libraries/lwip-1.4.1/src/core/timers.c:298:9
	movt	r1, :upper16:next_timeout
	ldr	r2, [r1]
.Ltmp11:
	.loc	3 298 9 is_stmt 0       @ ../Libraries/lwip-1.4.1/src/core/timers.c:298:9
	cbz	r2, .LBB1_8
.Ltmp12:
@ %bb.2:
	@DEBUG_VALUE: sys_timeout:timeout <- $r0
	@DEBUG_VALUE: sys_timeout:msecs <- $r4
	.loc	3 304 23 is_stmt 1      @ ../Libraries/lwip-1.4.1/src/core/timers.c:304:23
	ldr	r3, [r2, #4]
.Ltmp13:
	.loc	3 304 9 is_stmt 0       @ ../Libraries/lwip-1.4.1/src/core/timers.c:304:9
	cmp	r3, r4
	bls	.LBB1_4
.Ltmp14:
@ %bb.3:
	@DEBUG_VALUE: sys_timeout:timeout <- $r0
	@DEBUG_VALUE: sys_timeout:msecs <- $r4
	.loc	3 306 28 is_stmt 1      @ ../Libraries/lwip-1.4.1/src/core/timers.c:306:28
	subs	r1, r3, r4
	str	r1, [r2, #4]
	movw	r1, :lower16:next_timeout
	.loc	3 307 23                @ ../Libraries/lwip-1.4.1/src/core/timers.c:307:23
	str	r2, [r0]
	movt	r1, :upper16:next_timeout
	b	.LBB1_8
.Ltmp15:
	.p2align	2
.LBB1_4:                                @ =>This Inner Loop Header: Depth=1
	@DEBUG_VALUE: sys_timeout:timeout <- $r0
	@DEBUG_VALUE: sys_timeout:msecs <- $r4
	.loc	3 314 27                @ ../Libraries/lwip-1.4.1/src/core/timers.c:314:27
	subs	r4, r4, r3
.Ltmp16:
	.loc	3 0 0 is_stmt 0         @ ../Libraries/lwip-1.4.1/src/core/timers.c:0:0
	mov	r1, r2
.Ltmp17:
	@DEBUG_VALUE: sys_timeout:t <- $r1
	.loc	3 314 27                @ ../Libraries/lwip-1.4.1/src/core/timers.c:314:27
	str	r4, [r0, #4]
.Ltmp18:
	.loc	3 315 20 is_stmt 1      @ ../Libraries/lwip-1.4.1/src/core/timers.c:315:20
	ldr	r2, [r2]
	.loc	3 315 33 is_stmt 0      @ ../Libraries/lwip-1.4.1/src/core/timers.c:315:33
	cbz	r2, .LBB1_7
.Ltmp19:
@ %bb.5:                                @   in Loop: Header=BB1_4 Depth=1
	@DEBUG_VALUE: sys_timeout:t <- $r1
	@DEBUG_VALUE: sys_timeout:timeout <- $r0
	.loc	3 315 45                @ ../Libraries/lwip-1.4.1/src/core/timers.c:315:45
	ldr	r3, [r2, #4]
.Ltmp20:
	.loc	3 315 17                @ ../Libraries/lwip-1.4.1/src/core/timers.c:315:17
	cmp	r3, r4
	bls	.LBB1_4
.Ltmp21:
@ %bb.6:
	@DEBUG_VALUE: sys_timeout:t <- $r1
	@DEBUG_VALUE: sys_timeout:timeout <- $r0
	.loc	3 319 35 is_stmt 1      @ ../Libraries/lwip-1.4.1/src/core/timers.c:319:35
	subs	r3, r3, r4
	str	r3, [r2, #4]
.Ltmp22:
.LBB1_7:
	@DEBUG_VALUE: sys_timeout:t <- $r1
	@DEBUG_VALUE: sys_timeout:timeout <- $r0
	.loc	3 321 31                @ ../Libraries/lwip-1.4.1/src/core/timers.c:321:31
	str	r2, [r0]
.Ltmp23:
.LBB1_8:
	@DEBUG_VALUE: sys_timeout:timeout <- $r0
	.loc	3 0 0 is_stmt 0         @ ../Libraries/lwip-1.4.1/src/core/timers.c:0:0
	str	r0, [r1]
.Ltmp24:
.LBB1_9:
	@DEBUG_VALUE: sys_timeout:timeout <- $r0
	.loc	3 327 1 is_stmt 1       @ ../Libraries/lwip-1.4.1/src/core/timers.c:327:1
	pop	{r4, r5, r6, pc}
.Ltmp25:
.Lfunc_end1:
	.size	sys_timeout, .Lfunc_end1-sys_timeout
	.cfi_endproc
	.cantunwind
	.fnend
                                        @ -- End function
	.section	.text.tcpip_tcp_timer,"ax",%progbits
	.p2align	1               @ -- Begin function tcpip_tcp_timer
	.type	tcpip_tcp_timer,%function
	.code	16                      @ @tcpip_tcp_timer
	.thumb_func
tcpip_tcp_timer:
.Lfunc_begin2:
	.loc	3 80 0                  @ ../Libraries/lwip-1.4.1/src/core/timers.c:80:0
	.fnstart
	.cfi_startproc
@ %bb.0:
	.save	{r7, lr}
	push	{r7, lr}
	.cfi_def_cfa_offset 8
	.cfi_offset lr, -4
	.cfi_offset r7, -8
	@DEBUG_VALUE: tcpip_tcp_timer:arg <- $r0
.Ltmp26:
	.loc	3 84 5 prologue_end     @ ../Libraries/lwip-1.4.1/src/core/timers.c:84:5
	bl	tcp_tmr
.Ltmp27:
	.loc	3 86 28                 @ ../Libraries/lwip-1.4.1/src/core/timers.c:86:28
	movw	r0, :lower16:tcp_tw_pcbs
	.loc	3 86 9 is_stmt 0        @ ../Libraries/lwip-1.4.1/src/core/timers.c:86:9
	movw	r1, :lower16:tcp_active_pcbs
	.loc	3 86 28                 @ ../Libraries/lwip-1.4.1/src/core/timers.c:86:28
	movt	r0, :upper16:tcp_tw_pcbs
	.loc	3 86 9                  @ ../Libraries/lwip-1.4.1/src/core/timers.c:86:9
	movt	r1, :upper16:tcp_active_pcbs
	.loc	3 86 28                 @ ../Libraries/lwip-1.4.1/src/core/timers.c:86:28
	ldr	r0, [r0]
	.loc	3 86 9                  @ ../Libraries/lwip-1.4.1/src/core/timers.c:86:9
	ldr	r1, [r1]
	orrs	r0, r1
	.loc	3 86 25                 @ ../Libraries/lwip-1.4.1/src/core/timers.c:86:25
	beq	.LBB2_2
@ %bb.1:
.Ltmp28:
	.loc	3 89 9 is_stmt 1        @ ../Libraries/lwip-1.4.1/src/core/timers.c:89:9
	movw	r1, :lower16:tcpip_tcp_timer
	movs	r0, #250
	movs	r2, #0
	movt	r1, :upper16:tcpip_tcp_timer
	pop.w	{r7, lr}
	b	sys_timeout
.Ltmp29:
.LBB2_2:
	.loc	3 94 32                 @ ../Libraries/lwip-1.4.1/src/core/timers.c:94:32
	movw	r0, :lower16:tcpip_tcp_timer_active
	movs	r1, #0
	movt	r0, :upper16:tcpip_tcp_timer_active
	strb	r1, [r0]
.Ltmp30:
	.loc	3 96 1                  @ ../Libraries/lwip-1.4.1/src/core/timers.c:96:1
	pop	{r7, pc}
.Ltmp31:
.Lfunc_end2:
	.size	tcpip_tcp_timer, .Lfunc_end2-tcpip_tcp_timer
	.cfi_endproc
	.cantunwind
	.fnend
                                        @ -- End function
	.section	.text.sys_timeouts_init,"ax",%progbits
	.hidden	sys_timeouts_init       @ -- Begin function sys_timeouts_init
	.globl	sys_timeouts_init
	.p2align	1
	.type	sys_timeouts_init,%function
	.code	16                      @ @sys_timeouts_init
	.thumb_func
sys_timeouts_init:
.Lfunc_begin3:
	.loc	3 234 0                 @ ../Libraries/lwip-1.4.1/src/core/timers.c:234:0
	.fnstart
	.cfi_startproc
@ %bb.0:
	.save	{r7, lr}
	push	{r7, lr}
	.cfi_def_cfa_offset 8
	.cfi_offset lr, -4
	.cfi_offset r7, -8
.Ltmp32:
	.loc	3 236 5 prologue_end    @ ../Libraries/lwip-1.4.1/src/core/timers.c:236:5
	movw	r1, :lower16:ip_reass_timer
	mov.w	r0, #1000
	movs	r2, #0
	movt	r1, :upper16:ip_reass_timer
	bl	sys_timeout
	.loc	3 239 5                 @ ../Libraries/lwip-1.4.1/src/core/timers.c:239:5
	movw	r1, :lower16:arp_timer
	movw	r0, #5000
	movs	r2, #0
	movt	r1, :upper16:arp_timer
	bl	sys_timeout
	.loc	3 257 26                @ ../Libraries/lwip-1.4.1/src/core/timers.c:257:26
	bl	sys_now
	.loc	3 257 24 is_stmt 0      @ ../Libraries/lwip-1.4.1/src/core/timers.c:257:24
	movw	r1, :lower16:timeouts_last_time
	movt	r1, :upper16:timeouts_last_time
	str	r0, [r1]
	.loc	3 259 1 is_stmt 1       @ ../Libraries/lwip-1.4.1/src/core/timers.c:259:1
	pop	{r7, pc}
.Ltmp33:
.Lfunc_end3:
	.size	sys_timeouts_init, .Lfunc_end3-sys_timeouts_init
	.cfi_endproc
	.cantunwind
	.fnend
                                        @ -- End function
	.section	.text.ip_reass_timer,"ax",%progbits
	.p2align	1               @ -- Begin function ip_reass_timer
	.type	ip_reass_timer,%function
	.code	16                      @ @ip_reass_timer
	.thumb_func
ip_reass_timer:
.Lfunc_begin4:
	.loc	3 125 0                 @ ../Libraries/lwip-1.4.1/src/core/timers.c:125:0
	.fnstart
	.cfi_startproc
@ %bb.0:
	.save	{r7, lr}
	push	{r7, lr}
	.cfi_def_cfa_offset 8
	.cfi_offset lr, -4
	.cfi_offset r7, -8
	@DEBUG_VALUE: ip_reass_timer:arg <- $r0
.Ltmp34:
	.loc	3 128 5 prologue_end    @ ../Libraries/lwip-1.4.1/src/core/timers.c:128:5
	bl	ip_reass_tmr
.Ltmp35:
	.loc	3 129 5                 @ ../Libraries/lwip-1.4.1/src/core/timers.c:129:5
	movw	r1, :lower16:ip_reass_timer
	mov.w	r0, #1000
	movs	r2, #0
	movt	r1, :upper16:ip_reass_timer
	pop.w	{r7, lr}
	b	sys_timeout
.Ltmp36:
.Lfunc_end4:
	.size	ip_reass_timer, .Lfunc_end4-ip_reass_timer
	.cfi_endproc
	.cantunwind
	.fnend
                                        @ -- End function
	.section	.text.arp_timer,"ax",%progbits
	.p2align	1               @ -- Begin function arp_timer
	.type	arp_timer,%function
	.code	16                      @ @arp_timer
	.thumb_func
arp_timer:
.Lfunc_begin5:
	.loc	3 142 0                 @ ../Libraries/lwip-1.4.1/src/core/timers.c:142:0
	.fnstart
	.cfi_startproc
@ %bb.0:
	.save	{r7, lr}
	push	{r7, lr}
	.cfi_def_cfa_offset 8
	.cfi_offset lr, -4
	.cfi_offset r7, -8
	@DEBUG_VALUE: arp_timer:arg <- $r0
.Ltmp37:
	.loc	3 145 5 prologue_end    @ ../Libraries/lwip-1.4.1/src/core/timers.c:145:5
	bl	etharp_tmr
.Ltmp38:
	.loc	3 146 5                 @ ../Libraries/lwip-1.4.1/src/core/timers.c:146:5
	movw	r1, :lower16:arp_timer
	movw	r0, #5000
	movs	r2, #0
	movt	r1, :upper16:arp_timer
	pop.w	{r7, lr}
	b	sys_timeout
.Ltmp39:
.Lfunc_end5:
	.size	arp_timer, .Lfunc_end5-arp_timer
	.cfi_endproc
	.cantunwind
	.fnend
                                        @ -- End function
	.section	.text.sys_untimeout,"ax",%progbits
	.hidden	sys_untimeout           @ -- Begin function sys_untimeout
	.globl	sys_untimeout
	.p2align	1
	.type	sys_untimeout,%function
	.code	16                      @ @sys_untimeout
	.thumb_func
sys_untimeout:
.Lfunc_begin6:
	.loc	3 341 0                 @ ../Libraries/lwip-1.4.1/src/core/timers.c:341:0
	.fnstart
	.cfi_startproc
@ %bb.0:
	.save	{r7, lr}
	push	{r7, lr}
	.cfi_def_cfa_offset 8
	.cfi_offset lr, -4
	.cfi_offset r7, -8
	@DEBUG_VALUE: sys_untimeout:handler <- $r0
	@DEBUG_VALUE: sys_untimeout:arg <- $r1
	@DEBUG_VALUE: sys_untimeout:handler <- $r0
.Ltmp40:
	.loc	3 344 9 prologue_end    @ ../Libraries/lwip-1.4.1/src/core/timers.c:344:9
	movw	r12, :lower16:next_timeout
	movt	r12, :upper16:next_timeout
	ldr.w	r2, [r12]
.Ltmp41:
	.loc	3 344 9 is_stmt 0       @ ../Libraries/lwip-1.4.1/src/core/timers.c:344:9
	cbz	r2, .LBB6_5
.Ltmp42:
@ %bb.1:
	@DEBUG_VALUE: sys_untimeout:arg <- $r1
	@DEBUG_VALUE: sys_untimeout:handler <- $r0
	.loc	3 0 9                   @ ../Libraries/lwip-1.4.1/src/core/timers.c:0:9
	mov	lr, r1
.Ltmp43:
	@DEBUG_VALUE: sys_untimeout:arg <- $lr
	@DEBUG_VALUE: sys_untimeout:arg <- $lr
	movs	r3, #0
.Ltmp44:
	.p2align	2
.LBB6_2:                                @ =>This Inner Loop Header: Depth=1
	@DEBUG_VALUE: sys_untimeout:arg <- $lr
	@DEBUG_VALUE: sys_untimeout:handler <- $r0
	mov	r1, r2
.Ltmp45:
	@DEBUG_VALUE: sys_untimeout:t <- $r1
	@DEBUG_VALUE: sys_untimeout:prev_t <- $r3
	.loc	3 351 17 is_stmt 1      @ ../Libraries/lwip-1.4.1/src/core/timers.c:351:17
	ldr	r2, [r2, #8]
	.loc	3 351 31 is_stmt 0      @ ../Libraries/lwip-1.4.1/src/core/timers.c:351:31
	cmp	r2, r0
	bne	.LBB6_4
.Ltmp46:
@ %bb.3:                                @   in Loop: Header=BB6_2 Depth=1
	@DEBUG_VALUE: sys_untimeout:prev_t <- $r3
	@DEBUG_VALUE: sys_untimeout:t <- $r1
	@DEBUG_VALUE: sys_untimeout:arg <- $lr
	@DEBUG_VALUE: sys_untimeout:handler <- $r0
	.loc	3 351 38                @ ../Libraries/lwip-1.4.1/src/core/timers.c:351:38
	ldr	r2, [r1, #12]
.Ltmp47:
	.loc	3 351 13                @ ../Libraries/lwip-1.4.1/src/core/timers.c:351:13
	cmp	r2, lr
	beq	.LBB6_6
.Ltmp48:
.LBB6_4:                                @   in Loop: Header=BB6_2 Depth=1
	@DEBUG_VALUE: sys_untimeout:prev_t <- $r3
	@DEBUG_VALUE: sys_untimeout:t <- $r1
	@DEBUG_VALUE: sys_untimeout:arg <- $lr
	@DEBUG_VALUE: sys_untimeout:handler <- $r0
	.loc	3 349 73 is_stmt 1      @ ../Libraries/lwip-1.4.1/src/core/timers.c:349:73
	ldr	r2, [r1]
.Ltmp49:
	@DEBUG_VALUE: sys_untimeout:t <- $r2
	.loc	3 0 73 is_stmt 0        @ ../Libraries/lwip-1.4.1/src/core/timers.c:0:73
	mov	r3, r1
.Ltmp50:
	.loc	3 349 5                 @ ../Libraries/lwip-1.4.1/src/core/timers.c:349:5
	cmp	r2, #0
	bne	.LBB6_2
.Ltmp51:
.LBB6_5:
	@DEBUG_VALUE: sys_untimeout:handler <- $r0
	.loc	3 373 1 is_stmt 1       @ ../Libraries/lwip-1.4.1/src/core/timers.c:373:1
	pop	{r7, pc}
.Ltmp52:
.LBB6_6:
	@DEBUG_VALUE: sys_untimeout:prev_t <- $r3
	@DEBUG_VALUE: sys_untimeout:t <- $r1
	@DEBUG_VALUE: sys_untimeout:arg <- $lr
	@DEBUG_VALUE: sys_untimeout:handler <- $r0
	.loc	3 355 17                @ ../Libraries/lwip-1.4.1/src/core/timers.c:355:17
	cmp	r3, #0
	it	ne
	movne	r12, r3
.Ltmp53:
	.loc	3 0 0 is_stmt 0         @ ../Libraries/lwip-1.4.1/src/core/timers.c:0:0
	ldr	r0, [r1]
.Ltmp54:
	str.w	r0, [r12]
.Ltmp55:
	.loc	3 364 20 is_stmt 1      @ ../Libraries/lwip-1.4.1/src/core/timers.c:364:20
	ldr	r0, [r1]
.Ltmp56:
	.loc	3 364 17 is_stmt 0      @ ../Libraries/lwip-1.4.1/src/core/timers.c:364:17
	cbz	r0, .LBB6_8
.Ltmp57:
@ %bb.7:
	@DEBUG_VALUE: sys_untimeout:prev_t <- $r3
	@DEBUG_VALUE: sys_untimeout:t <- $r1
	@DEBUG_VALUE: sys_untimeout:arg <- $lr
	.loc	3 366 37 is_stmt 1      @ ../Libraries/lwip-1.4.1/src/core/timers.c:366:37
	ldr	r2, [r1, #4]
	.loc	3 366 31 is_stmt 0      @ ../Libraries/lwip-1.4.1/src/core/timers.c:366:31
	ldr	r3, [r0, #4]
.Ltmp58:
	add	r2, r3
	str	r2, [r0, #4]
.Ltmp59:
.LBB6_8:
	@DEBUG_VALUE: sys_untimeout:t <- $r1
	@DEBUG_VALUE: sys_untimeout:arg <- $lr
	.loc	3 368 13 is_stmt 1      @ ../Libraries/lwip-1.4.1/src/core/timers.c:368:13
	movs	r0, #7
	pop.w	{r7, lr}
.Ltmp60:
	b	memp_free
.Ltmp61:
.Lfunc_end6:
	.size	sys_untimeout, .Lfunc_end6-sys_untimeout
	.cfi_endproc
	.cantunwind
	.fnend
                                        @ -- End function
	.section	.text.sys_check_timeouts,"ax",%progbits
	.hidden	sys_check_timeouts      @ -- Begin function sys_check_timeouts
	.globl	sys_check_timeouts
	.p2align	1
	.type	sys_check_timeouts,%function
	.code	16                      @ @sys_check_timeouts
	.thumb_func
sys_check_timeouts:
.Lfunc_begin7:
	.loc	3 385 0                 @ ../Libraries/lwip-1.4.1/src/core/timers.c:385:0
	.fnstart
	.cfi_startproc
@ %bb.0:
	.save	{r4, r5, r6, r7, r8, r9, r10, r11, lr}
	push.w	{r4, r5, r6, r7, r8, r9, r10, r11, lr}
	.cfi_def_cfa_offset 36
	.cfi_offset lr, -4
	.cfi_offset r11, -8
	.cfi_offset r10, -12
	.cfi_offset r9, -16
	.cfi_offset r8, -20
	.cfi_offset r7, -24
	.cfi_offset r6, -28
	.cfi_offset r5, -32
	.cfi_offset r4, -36
	.pad	#4
	sub	sp, #4
	.cfi_def_cfa_offset 40
.Ltmp62:
	.loc	3 386 9 prologue_end    @ ../Libraries/lwip-1.4.1/src/core/timers.c:386:9
	movw	r10, :lower16:next_timeout
	movt	r10, :upper16:next_timeout
	ldr.w	r0, [r10]
.Ltmp63:
	.loc	3 386 9 is_stmt 0       @ ../Libraries/lwip-1.4.1/src/core/timers.c:386:9
	cbz	r0, .LBB7_8
@ %bb.1:
.Ltmp64:
	.loc	3 395 15 is_stmt 1      @ ../Libraries/lwip-1.4.1/src/core/timers.c:395:15
	bl	sys_now
	.loc	3 397 22                @ ../Libraries/lwip-1.4.1/src/core/timers.c:397:22
	movw	r8, :lower16:timeouts_last_time
	.loc	3 395 15                @ ../Libraries/lwip-1.4.1/src/core/timers.c:395:15
	mov	r11, r0
.Ltmp65:
	@DEBUG_VALUE: now <- $r11
	.loc	3 0 15 is_stmt 0        @ ../Libraries/lwip-1.4.1/src/core/timers.c:0:15
	movw	r9, :lower16:pbuf_free_ooseq_pending
	.loc	3 397 22 is_stmt 1      @ ../Libraries/lwip-1.4.1/src/core/timers.c:397:22
	movt	r8, :upper16:timeouts_last_time
	movt	r9, :upper16:pbuf_free_ooseq_pending
	ldr.w	r0, [r8]
	.loc	3 397 20 is_stmt 0      @ ../Libraries/lwip-1.4.1/src/core/timers.c:397:20
	sub.w	r7, r11, r0
.Ltmp66:
	@DEBUG_VALUE: diff <- $r7
	.loc	3 0 20                  @ ../Libraries/lwip-1.4.1/src/core/timers.c:0:20
	b	.LBB7_5
.Ltmp67:
	.p2align	2
.LBB7_2:                                @   in Loop: Header=BB7_5 Depth=1
	@DEBUG_VALUE: tmptimeout <- $r1
	@DEBUG_VALUE: diff <- $r7
	@DEBUG_VALUE: now <- $r11
	.loc	3 405 44 is_stmt 1      @ ../Libraries/lwip-1.4.1/src/core/timers.c:405:44
	ldr	r4, [r1, #4]
.Ltmp68:
	.loc	3 405 17 is_stmt 0      @ ../Libraries/lwip-1.4.1/src/core/timers.c:405:17
	cmp	r7, r4
	blo	.LBB7_8
.Ltmp69:
@ %bb.3:                                @   in Loop: Header=BB7_5 Depth=1
	@DEBUG_VALUE: tmptimeout <- $r1
	@DEBUG_VALUE: diff <- $r7
	@DEBUG_VALUE: now <- $r11
	@DEBUG_VALUE: had_one <- 1
	.loc	3 409 36 is_stmt 1      @ ../Libraries/lwip-1.4.1/src/core/timers.c:409:36
	str.w	r11, [r8]
	.loc	3 411 44                @ ../Libraries/lwip-1.4.1/src/core/timers.c:411:44
	ldr	r0, [r1]
	.loc	3 411 30 is_stmt 0      @ ../Libraries/lwip-1.4.1/src/core/timers.c:411:30
	str.w	r0, [r10]
.Ltmp70:
	@DEBUG_VALUE: arg <- undef
	@DEBUG_VALUE: handler <- undef
	.loc	3 421 17 is_stmt 1      @ ../Libraries/lwip-1.4.1/src/core/timers.c:421:17
	movs	r0, #7
	.loc	3 412 39                @ ../Libraries/lwip-1.4.1/src/core/timers.c:412:39
	ldrd	r6, r5, [r1, #8]
	.loc	3 421 17                @ ../Libraries/lwip-1.4.1/src/core/timers.c:421:17
	bl	memp_free
.Ltmp71:
	.loc	3 410 22                @ ../Libraries/lwip-1.4.1/src/core/timers.c:410:22
	subs	r7, r7, r4
.Ltmp72:
	@DEBUG_VALUE: diff <- $r7
	.loc	3 422 21                @ ../Libraries/lwip-1.4.1/src/core/timers.c:422:21
	cbz	r6, .LBB7_5
.Ltmp73:
@ %bb.4:                                @   in Loop: Header=BB7_5 Depth=1
	@DEBUG_VALUE: diff <- $r7
	@DEBUG_VALUE: now <- $r11
	.loc	3 424 21                @ ../Libraries/lwip-1.4.1/src/core/timers.c:424:21
	mov	r0, r5
	blx	r6
.Ltmp74:
.LBB7_5:                                @ =>This Inner Loop Header: Depth=1
	@DEBUG_VALUE: diff <- $r7
	@DEBUG_VALUE: now <- $r11
	@DEBUG_VALUE: diff <- $r7
	.loc	3 401 13                @ ../Libraries/lwip-1.4.1/src/core/timers.c:401:13
	ldrb.w	r0, [r9]
.Ltmp75:
	.loc	3 401 13 is_stmt 0      @ ../Libraries/lwip-1.4.1/src/core/timers.c:401:13
	cbz	r0, .LBB7_7
.Ltmp76:
@ %bb.6:                                @   in Loop: Header=BB7_5 Depth=1
	@DEBUG_VALUE: diff <- $r7
	@DEBUG_VALUE: now <- $r11
	.loc	3 401 13                @ ../Libraries/lwip-1.4.1/src/core/timers.c:401:13
	bl	pbuf_free_ooseq
.Ltmp77:
.LBB7_7:                                @   in Loop: Header=BB7_5 Depth=1
	@DEBUG_VALUE: diff <- $r7
	@DEBUG_VALUE: now <- $r11
	@DEBUG_VALUE: had_one <- 0
	.loc	3 404 26 is_stmt 1      @ ../Libraries/lwip-1.4.1/src/core/timers.c:404:26
	ldr.w	r1, [r10]
.Ltmp78:
	@DEBUG_VALUE: tmptimeout <- $r1
	.loc	3 405 28                @ ../Libraries/lwip-1.4.1/src/core/timers.c:405:28
	cmp	r1, #0
	bne	.LBB7_2
.Ltmp79:
.LBB7_8:
	.loc	3 431 1                 @ ../Libraries/lwip-1.4.1/src/core/timers.c:431:1
	add	sp, #4
	pop.w	{r4, r5, r6, r7, r8, r9, r10, r11, pc}
.Ltmp80:
.Lfunc_end7:
	.size	sys_check_timeouts, .Lfunc_end7-sys_check_timeouts
	.cfi_endproc
	.cantunwind
	.fnend
                                        @ -- End function
	.section	.text.sys_restart_timeouts,"ax",%progbits
	.hidden	sys_restart_timeouts    @ -- Begin function sys_restart_timeouts
	.globl	sys_restart_timeouts
	.p2align	1
	.type	sys_restart_timeouts,%function
	.code	16                      @ @sys_restart_timeouts
	.thumb_func
sys_restart_timeouts:
.Lfunc_begin8:
	.loc	3 440 0                 @ ../Libraries/lwip-1.4.1/src/core/timers.c:440:0
	.fnstart
	.cfi_startproc
@ %bb.0:
	.save	{r7, lr}
	push	{r7, lr}
	.cfi_def_cfa_offset 8
	.cfi_offset lr, -4
	.cfi_offset r7, -8
.Ltmp81:
	.loc	3 441 26 prologue_end   @ ../Libraries/lwip-1.4.1/src/core/timers.c:441:26
	bl	sys_now
	.loc	3 441 24 is_stmt 0      @ ../Libraries/lwip-1.4.1/src/core/timers.c:441:24
	movw	r1, :lower16:timeouts_last_time
	movt	r1, :upper16:timeouts_last_time
	str	r0, [r1]
	.loc	3 442 1 is_stmt 1       @ ../Libraries/lwip-1.4.1/src/core/timers.c:442:1
	pop	{r7, pc}
.Ltmp82:
.Lfunc_end8:
	.size	sys_restart_timeouts, .Lfunc_end8-sys_restart_timeouts
	.cfi_endproc
	.cantunwind
	.fnend
                                        @ -- End function
	.type	tcpip_tcp_timer_active,%object @ @tcpip_tcp_timer_active
	.section	.bss.tcpip_tcp_timer_active,"aw",%nobits
	.p2align	2
tcpip_tcp_timer_active:
	.byte	0                       @ 0x0
	.size	tcpip_tcp_timer_active, 1

	.type	timeouts_last_time,%object @ @timeouts_last_time
	.section	.bss.timeouts_last_time,"aw",%nobits
	.p2align	2
timeouts_last_time:
	.long	0                       @ 0x0
	.size	timeouts_last_time, 4

	.type	next_timeout,%object    @ @next_timeout
	.section	.bss.next_timeout,"aw",%nobits
	.p2align	2
next_timeout:
	.long	0
	.size	next_timeout, 4

	.section	.debug_str,"MS",%progbits,1
.Linfo_string0:
	.asciz	"Component: ARM Compiler 6.12 Tool: armclang [5d624a00]" @ string offset=0
.Linfo_string1:
	.asciz	"../Libraries/lwip-1.4.1/src/core\\timers.c" @ string offset=55
.Linfo_string2:
	.asciz	"F:\\SkyDrive\\OtvoreniProjekti\\HotelSaplast\\fw\\KontrolerHotela\\HC070318\\Project" @ string offset=97
.Linfo_string3:
	.asciz	"next_timeout"          @ string offset=175
.Linfo_string4:
	.asciz	"next"                  @ string offset=188
.Linfo_string5:
	.asciz	"time"                  @ string offset=193
.Linfo_string6:
	.asciz	"long unsigned int"     @ string offset=198
.Linfo_string7:
	.asciz	"u32_t"                 @ string offset=216
.Linfo_string8:
	.asciz	"h"                     @ string offset=222
.Linfo_string9:
	.asciz	"sys_timeout_handler"   @ string offset=224
.Linfo_string10:
	.asciz	"arg"                   @ string offset=244
.Linfo_string11:
	.asciz	"sys_timeo"             @ string offset=248
.Linfo_string12:
	.asciz	"timeouts_last_time"    @ string offset=258
.Linfo_string13:
	.asciz	"tcpip_tcp_timer_active" @ string offset=277
.Linfo_string14:
	.asciz	"int"                   @ string offset=300
.Linfo_string15:
	.asciz	"unsigned char"         @ string offset=304
.Linfo_string16:
	.asciz	"MEMP_RAW_PCB"          @ string offset=318
.Linfo_string17:
	.asciz	"MEMP_UDP_PCB"          @ string offset=331
.Linfo_string18:
	.asciz	"MEMP_TCP_PCB"          @ string offset=344
.Linfo_string19:
	.asciz	"MEMP_TCP_PCB_LISTEN"   @ string offset=357
.Linfo_string20:
	.asciz	"MEMP_TCP_SEG"          @ string offset=377
.Linfo_string21:
	.asciz	"MEMP_REASSDATA"        @ string offset=390
.Linfo_string22:
	.asciz	"MEMP_FRAG_PBUF"        @ string offset=405
.Linfo_string23:
	.asciz	"MEMP_SYS_TIMEOUT"      @ string offset=420
.Linfo_string24:
	.asciz	"MEMP_PBUF"             @ string offset=437
.Linfo_string25:
	.asciz	"MEMP_PBUF_POOL"        @ string offset=447
.Linfo_string26:
	.asciz	"MEMP_MAX"              @ string offset=462
.Linfo_string27:
	.asciz	"tcp_timer_needed"      @ string offset=471
.Linfo_string28:
	.asciz	"sys_timeout"           @ string offset=488
.Linfo_string29:
	.asciz	"tcpip_tcp_timer"       @ string offset=500
.Linfo_string30:
	.asciz	"sys_timeouts_init"     @ string offset=516
.Linfo_string31:
	.asciz	"ip_reass_timer"        @ string offset=534
.Linfo_string32:
	.asciz	"arp_timer"             @ string offset=549
.Linfo_string33:
	.asciz	"sys_untimeout"         @ string offset=559
.Linfo_string34:
	.asciz	"sys_check_timeouts"    @ string offset=573
.Linfo_string35:
	.asciz	"sys_restart_timeouts"  @ string offset=592
.Linfo_string36:
	.asciz	"msecs"                 @ string offset=613
.Linfo_string37:
	.asciz	"handler"               @ string offset=619
.Linfo_string38:
	.asciz	"timeout"               @ string offset=627
.Linfo_string39:
	.asciz	"t"                     @ string offset=635
.Linfo_string40:
	.asciz	"prev_t"                @ string offset=637
.Linfo_string41:
	.asciz	"now"                   @ string offset=644
.Linfo_string42:
	.asciz	"diff"                  @ string offset=648
.Linfo_string43:
	.asciz	"tmptimeout"            @ string offset=653
.Linfo_string44:
	.asciz	"had_one"               @ string offset=664
.Linfo_string45:
	.asciz	"u8_t"                  @ string offset=672
	.section	.debug_loc,"",%progbits
.Ldebug_loc0:
	.long	.Lfunc_begin1
	.long	.Ltmp3
	.short	1                       @ Loc expr size
	.byte	80                      @ DW_OP_reg0
	.long	.Ltmp3
	.long	.Ltmp16
	.short	1                       @ Loc expr size
	.byte	84                      @ DW_OP_reg4
	.long	0
	.long	0
.Ldebug_loc1:
	.long	.Lfunc_begin1
	.long	.Ltmp3
	.short	1                       @ Loc expr size
	.byte	81                      @ DW_OP_reg1
	.long	.Ltmp3
	.long	.Ltmp5
	.short	1                       @ Loc expr size
	.byte	86                      @ DW_OP_reg6
	.long	0
	.long	0
.Ldebug_loc2:
	.long	.Lfunc_begin1
	.long	.Ltmp3
	.short	1                       @ Loc expr size
	.byte	82                      @ DW_OP_reg2
	.long	.Ltmp3
	.long	.Ltmp4
	.short	1                       @ Loc expr size
	.byte	85                      @ DW_OP_reg5
	.long	0
	.long	0
.Ldebug_loc3:
	.long	.Ltmp6
	.long	.Lfunc_end1
	.short	1                       @ Loc expr size
	.byte	80                      @ DW_OP_reg0
	.long	0
	.long	0
.Ldebug_loc4:
	.long	.Ltmp17
	.long	.Ltmp23
	.short	1                       @ Loc expr size
	.byte	81                      @ DW_OP_reg1
	.long	0
	.long	0
.Ldebug_loc5:
	.long	.Lfunc_begin2
	.long	.Ltmp27
	.short	1                       @ Loc expr size
	.byte	80                      @ DW_OP_reg0
	.long	0
	.long	0
.Ldebug_loc6:
	.long	.Lfunc_begin4
	.long	.Ltmp35
	.short	1                       @ Loc expr size
	.byte	80                      @ DW_OP_reg0
	.long	0
	.long	0
.Ldebug_loc7:
	.long	.Lfunc_begin5
	.long	.Ltmp38
	.short	1                       @ Loc expr size
	.byte	80                      @ DW_OP_reg0
	.long	0
	.long	0
.Ldebug_loc8:
	.long	.Lfunc_begin6
	.long	.Ltmp54
	.short	1                       @ Loc expr size
	.byte	80                      @ DW_OP_reg0
	.long	0
	.long	0
.Ldebug_loc9:
	.long	.Lfunc_begin6
	.long	.Ltmp43
	.short	1                       @ Loc expr size
	.byte	81                      @ DW_OP_reg1
	.long	.Ltmp43
	.long	.Ltmp51
	.short	1                       @ Loc expr size
	.byte	94                      @ DW_OP_reg14
	.long	.Ltmp52
	.long	.Ltmp60
	.short	1                       @ Loc expr size
	.byte	94                      @ DW_OP_reg14
	.long	0
	.long	0
.Ldebug_loc10:
	.long	.Ltmp45
	.long	.Ltmp49
	.short	1                       @ Loc expr size
	.byte	81                      @ DW_OP_reg1
	.long	.Ltmp49
	.long	.Ltmp51
	.short	1                       @ Loc expr size
	.byte	82                      @ DW_OP_reg2
	.long	.Ltmp52
	.long	.Lfunc_end6
	.short	1                       @ Loc expr size
	.byte	81                      @ DW_OP_reg1
	.long	0
	.long	0
.Ldebug_loc11:
	.long	.Ltmp45
	.long	.Ltmp50
	.short	1                       @ Loc expr size
	.byte	83                      @ DW_OP_reg3
	.long	.Ltmp52
	.long	.Ltmp58
	.short	1                       @ Loc expr size
	.byte	83                      @ DW_OP_reg3
	.long	0
	.long	0
.Ldebug_loc12:
	.long	.Ltmp65
	.long	.Ltmp79
	.short	1                       @ Loc expr size
	.byte	91                      @ DW_OP_reg11
	.long	0
	.long	0
.Ldebug_loc13:
	.long	.Ltmp66
	.long	.Ltmp79
	.short	1                       @ Loc expr size
	.byte	87                      @ DW_OP_reg7
	.long	0
	.long	0
.Ldebug_loc14:
	.long	.Ltmp67
	.long	.Ltmp71
	.short	1                       @ Loc expr size
	.byte	81                      @ DW_OP_reg1
	.long	.Ltmp78
	.long	.Ltmp79
	.short	1                       @ Loc expr size
	.byte	81                      @ DW_OP_reg1
	.long	0
	.long	0
.Ldebug_loc15:
	.long	.Ltmp69
	.long	.Ltmp77
	.short	1                       @ Loc expr size
	.byte	49                      @ DW_OP_lit1
	.long	.Ltmp77
	.long	.Lfunc_end7
	.short	1                       @ Loc expr size
	.byte	48                      @ DW_OP_lit0
	.long	0
	.long	0
	.section	.debug_abbrev,"",%progbits
	.byte	1                       @ Abbreviation Code
	.byte	17                      @ DW_TAG_compile_unit
	.byte	1                       @ DW_CHILDREN_yes
	.byte	37                      @ DW_AT_producer
	.byte	14                      @ DW_FORM_strp
	.byte	19                      @ DW_AT_language
	.byte	5                       @ DW_FORM_data2
	.byte	3                       @ DW_AT_name
	.byte	14                      @ DW_FORM_strp
	.byte	16                      @ DW_AT_stmt_list
	.byte	6                       @ DW_FORM_data4
	.byte	27                      @ DW_AT_comp_dir
	.byte	14                      @ DW_FORM_strp
	.byte	17                      @ DW_AT_low_pc
	.byte	1                       @ DW_FORM_addr
	.byte	85                      @ DW_AT_ranges
	.byte	6                       @ DW_FORM_data4
	.byte	0                       @ EOM(1)
	.byte	0                       @ EOM(2)
	.byte	2                       @ Abbreviation Code
	.byte	52                      @ DW_TAG_variable
	.byte	0                       @ DW_CHILDREN_no
	.byte	3                       @ DW_AT_name
	.byte	14                      @ DW_FORM_strp
	.byte	73                      @ DW_AT_type
	.byte	19                      @ DW_FORM_ref4
	.byte	58                      @ DW_AT_decl_file
	.byte	11                      @ DW_FORM_data1
	.byte	59                      @ DW_AT_decl_line
	.byte	11                      @ DW_FORM_data1
	.byte	2                       @ DW_AT_location
	.byte	10                      @ DW_FORM_block1
	.byte	0                       @ EOM(1)
	.byte	0                       @ EOM(2)
	.byte	3                       @ Abbreviation Code
	.byte	15                      @ DW_TAG_pointer_type
	.byte	0                       @ DW_CHILDREN_no
	.byte	73                      @ DW_AT_type
	.byte	19                      @ DW_FORM_ref4
	.byte	0                       @ EOM(1)
	.byte	0                       @ EOM(2)
	.byte	4                       @ Abbreviation Code
	.byte	19                      @ DW_TAG_structure_type
	.byte	1                       @ DW_CHILDREN_yes
	.byte	3                       @ DW_AT_name
	.byte	14                      @ DW_FORM_strp
	.byte	11                      @ DW_AT_byte_size
	.byte	11                      @ DW_FORM_data1
	.byte	58                      @ DW_AT_decl_file
	.byte	11                      @ DW_FORM_data1
	.byte	59                      @ DW_AT_decl_line
	.byte	11                      @ DW_FORM_data1
	.byte	0                       @ EOM(1)
	.byte	0                       @ EOM(2)
	.byte	5                       @ Abbreviation Code
	.byte	13                      @ DW_TAG_member
	.byte	0                       @ DW_CHILDREN_no
	.byte	3                       @ DW_AT_name
	.byte	14                      @ DW_FORM_strp
	.byte	73                      @ DW_AT_type
	.byte	19                      @ DW_FORM_ref4
	.byte	58                      @ DW_AT_decl_file
	.byte	11                      @ DW_FORM_data1
	.byte	59                      @ DW_AT_decl_line
	.byte	11                      @ DW_FORM_data1
	.byte	56                      @ DW_AT_data_member_location
	.byte	11                      @ DW_FORM_data1
	.byte	0                       @ EOM(1)
	.byte	0                       @ EOM(2)
	.byte	6                       @ Abbreviation Code
	.byte	22                      @ DW_TAG_typedef
	.byte	0                       @ DW_CHILDREN_no
	.byte	73                      @ DW_AT_type
	.byte	19                      @ DW_FORM_ref4
	.byte	3                       @ DW_AT_name
	.byte	14                      @ DW_FORM_strp
	.byte	58                      @ DW_AT_decl_file
	.byte	11                      @ DW_FORM_data1
	.byte	59                      @ DW_AT_decl_line
	.byte	11                      @ DW_FORM_data1
	.byte	0                       @ EOM(1)
	.byte	0                       @ EOM(2)
	.byte	7                       @ Abbreviation Code
	.byte	36                      @ DW_TAG_base_type
	.byte	0                       @ DW_CHILDREN_no
	.byte	3                       @ DW_AT_name
	.byte	14                      @ DW_FORM_strp
	.byte	62                      @ DW_AT_encoding
	.byte	11                      @ DW_FORM_data1
	.byte	11                      @ DW_AT_byte_size
	.byte	11                      @ DW_FORM_data1
	.byte	0                       @ EOM(1)
	.byte	0                       @ EOM(2)
	.byte	8                       @ Abbreviation Code
	.byte	21                      @ DW_TAG_subroutine_type
	.byte	1                       @ DW_CHILDREN_yes
	.byte	39                      @ DW_AT_prototyped
	.byte	12                      @ DW_FORM_flag
	.byte	0                       @ EOM(1)
	.byte	0                       @ EOM(2)
	.byte	9                       @ Abbreviation Code
	.byte	5                       @ DW_TAG_formal_parameter
	.byte	0                       @ DW_CHILDREN_no
	.byte	73                      @ DW_AT_type
	.byte	19                      @ DW_FORM_ref4
	.byte	0                       @ EOM(1)
	.byte	0                       @ EOM(2)
	.byte	10                      @ Abbreviation Code
	.byte	15                      @ DW_TAG_pointer_type
	.byte	0                       @ DW_CHILDREN_no
	.byte	0                       @ EOM(1)
	.byte	0                       @ EOM(2)
	.byte	11                      @ Abbreviation Code
	.byte	4                       @ DW_TAG_enumeration_type
	.byte	1                       @ DW_CHILDREN_yes
	.byte	73                      @ DW_AT_type
	.byte	19                      @ DW_FORM_ref4
	.byte	11                      @ DW_AT_byte_size
	.byte	11                      @ DW_FORM_data1
	.byte	58                      @ DW_AT_decl_file
	.byte	11                      @ DW_FORM_data1
	.byte	59                      @ DW_AT_decl_line
	.byte	11                      @ DW_FORM_data1
	.byte	0                       @ EOM(1)
	.byte	0                       @ EOM(2)
	.byte	12                      @ Abbreviation Code
	.byte	40                      @ DW_TAG_enumerator
	.byte	0                       @ DW_CHILDREN_no
	.byte	3                       @ DW_AT_name
	.byte	14                      @ DW_FORM_strp
	.byte	28                      @ DW_AT_const_value
	.byte	15                      @ DW_FORM_udata
	.byte	0                       @ EOM(1)
	.byte	0                       @ EOM(2)
	.byte	13                      @ Abbreviation Code
	.byte	46                      @ DW_TAG_subprogram
	.byte	0                       @ DW_CHILDREN_no
	.byte	17                      @ DW_AT_low_pc
	.byte	1                       @ DW_FORM_addr
	.byte	18                      @ DW_AT_high_pc
	.byte	1                       @ DW_FORM_addr
	.byte	64                      @ DW_AT_frame_base
	.byte	10                      @ DW_FORM_block1
	.byte	3                       @ DW_AT_name
	.byte	14                      @ DW_FORM_strp
	.byte	58                      @ DW_AT_decl_file
	.byte	11                      @ DW_FORM_data1
	.byte	59                      @ DW_AT_decl_line
	.byte	11                      @ DW_FORM_data1
	.byte	39                      @ DW_AT_prototyped
	.byte	12                      @ DW_FORM_flag
	.byte	63                      @ DW_AT_external
	.byte	12                      @ DW_FORM_flag
	.byte	0                       @ EOM(1)
	.byte	0                       @ EOM(2)
	.byte	14                      @ Abbreviation Code
	.byte	46                      @ DW_TAG_subprogram
	.byte	1                       @ DW_CHILDREN_yes
	.byte	17                      @ DW_AT_low_pc
	.byte	1                       @ DW_FORM_addr
	.byte	18                      @ DW_AT_high_pc
	.byte	1                       @ DW_FORM_addr
	.byte	64                      @ DW_AT_frame_base
	.byte	10                      @ DW_FORM_block1
	.byte	3                       @ DW_AT_name
	.byte	14                      @ DW_FORM_strp
	.byte	58                      @ DW_AT_decl_file
	.byte	11                      @ DW_FORM_data1
	.byte	59                      @ DW_AT_decl_line
	.byte	5                       @ DW_FORM_data2
	.byte	39                      @ DW_AT_prototyped
	.byte	12                      @ DW_FORM_flag
	.byte	63                      @ DW_AT_external
	.byte	12                      @ DW_FORM_flag
	.byte	0                       @ EOM(1)
	.byte	0                       @ EOM(2)
	.byte	15                      @ Abbreviation Code
	.byte	5                       @ DW_TAG_formal_parameter
	.byte	0                       @ DW_CHILDREN_no
	.byte	2                       @ DW_AT_location
	.byte	6                       @ DW_FORM_data4
	.byte	3                       @ DW_AT_name
	.byte	14                      @ DW_FORM_strp
	.byte	58                      @ DW_AT_decl_file
	.byte	11                      @ DW_FORM_data1
	.byte	59                      @ DW_AT_decl_line
	.byte	5                       @ DW_FORM_data2
	.byte	73                      @ DW_AT_type
	.byte	19                      @ DW_FORM_ref4
	.byte	0                       @ EOM(1)
	.byte	0                       @ EOM(2)
	.byte	16                      @ Abbreviation Code
	.byte	52                      @ DW_TAG_variable
	.byte	0                       @ DW_CHILDREN_no
	.byte	2                       @ DW_AT_location
	.byte	6                       @ DW_FORM_data4
	.byte	3                       @ DW_AT_name
	.byte	14                      @ DW_FORM_strp
	.byte	58                      @ DW_AT_decl_file
	.byte	11                      @ DW_FORM_data1
	.byte	59                      @ DW_AT_decl_line
	.byte	5                       @ DW_FORM_data2
	.byte	73                      @ DW_AT_type
	.byte	19                      @ DW_FORM_ref4
	.byte	0                       @ EOM(1)
	.byte	0                       @ EOM(2)
	.byte	17                      @ Abbreviation Code
	.byte	46                      @ DW_TAG_subprogram
	.byte	1                       @ DW_CHILDREN_yes
	.byte	17                      @ DW_AT_low_pc
	.byte	1                       @ DW_FORM_addr
	.byte	18                      @ DW_AT_high_pc
	.byte	1                       @ DW_FORM_addr
	.byte	64                      @ DW_AT_frame_base
	.byte	10                      @ DW_FORM_block1
	.byte	3                       @ DW_AT_name
	.byte	14                      @ DW_FORM_strp
	.byte	58                      @ DW_AT_decl_file
	.byte	11                      @ DW_FORM_data1
	.byte	59                      @ DW_AT_decl_line
	.byte	11                      @ DW_FORM_data1
	.byte	39                      @ DW_AT_prototyped
	.byte	12                      @ DW_FORM_flag
	.byte	0                       @ EOM(1)
	.byte	0                       @ EOM(2)
	.byte	18                      @ Abbreviation Code
	.byte	5                       @ DW_TAG_formal_parameter
	.byte	0                       @ DW_CHILDREN_no
	.byte	2                       @ DW_AT_location
	.byte	6                       @ DW_FORM_data4
	.byte	3                       @ DW_AT_name
	.byte	14                      @ DW_FORM_strp
	.byte	58                      @ DW_AT_decl_file
	.byte	11                      @ DW_FORM_data1
	.byte	59                      @ DW_AT_decl_line
	.byte	11                      @ DW_FORM_data1
	.byte	73                      @ DW_AT_type
	.byte	19                      @ DW_FORM_ref4
	.byte	0                       @ EOM(1)
	.byte	0                       @ EOM(2)
	.byte	19                      @ Abbreviation Code
	.byte	11                      @ DW_TAG_lexical_block
	.byte	1                       @ DW_CHILDREN_yes
	.byte	17                      @ DW_AT_low_pc
	.byte	1                       @ DW_FORM_addr
	.byte	18                      @ DW_AT_high_pc
	.byte	1                       @ DW_FORM_addr
	.byte	0                       @ EOM(1)
	.byte	0                       @ EOM(2)
	.byte	20                      @ Abbreviation Code
	.byte	52                      @ DW_TAG_variable
	.byte	0                       @ DW_CHILDREN_no
	.byte	3                       @ DW_AT_name
	.byte	14                      @ DW_FORM_strp
	.byte	58                      @ DW_AT_decl_file
	.byte	11                      @ DW_FORM_data1
	.byte	59                      @ DW_AT_decl_line
	.byte	5                       @ DW_FORM_data2
	.byte	73                      @ DW_AT_type
	.byte	19                      @ DW_FORM_ref4
	.byte	0                       @ EOM(1)
	.byte	0                       @ EOM(2)
	.byte	21                      @ Abbreviation Code
	.byte	46                      @ DW_TAG_subprogram
	.byte	0                       @ DW_CHILDREN_no
	.byte	17                      @ DW_AT_low_pc
	.byte	1                       @ DW_FORM_addr
	.byte	18                      @ DW_AT_high_pc
	.byte	1                       @ DW_FORM_addr
	.byte	64                      @ DW_AT_frame_base
	.byte	10                      @ DW_FORM_block1
	.byte	3                       @ DW_AT_name
	.byte	14                      @ DW_FORM_strp
	.byte	58                      @ DW_AT_decl_file
	.byte	11                      @ DW_FORM_data1
	.byte	59                      @ DW_AT_decl_line
	.byte	5                       @ DW_FORM_data2
	.byte	39                      @ DW_AT_prototyped
	.byte	12                      @ DW_FORM_flag
	.byte	63                      @ DW_AT_external
	.byte	12                      @ DW_FORM_flag
	.byte	0                       @ EOM(1)
	.byte	0                       @ EOM(2)
	.byte	0                       @ EOM(3)
	.section	.debug_info,"",%progbits
.Lcu_begin0:
	.long	.Ldebug_info_end0-.Ldebug_info_start0 @ Length of Unit
.Ldebug_info_start0:
	.short	3                       @ DWARF version number
	.long	.debug_abbrev           @ Offset Into Abbrev. Section
	.byte	4                       @ Address Size (in bytes)
	.byte	1                       @ Abbrev [1] 0xb:0x2f2 DW_TAG_compile_unit
	.long	.Linfo_string0          @ DW_AT_producer
	.short	12                      @ DW_AT_language
	.long	.Linfo_string1          @ DW_AT_name
	.long	.Lline_table_start0     @ DW_AT_stmt_list
	.long	.Linfo_string2          @ DW_AT_comp_dir
	.long	0                       @ DW_AT_low_pc
	.long	.Ldebug_ranges0         @ DW_AT_ranges
	.byte	2                       @ Abbrev [2] 0x26:0x11 DW_TAG_variable
	.long	.Linfo_string3          @ DW_AT_name
	.long	55                      @ DW_AT_type
	.byte	3                       @ DW_AT_decl_file
	.byte	64                      @ DW_AT_decl_line
	.byte	5                       @ DW_AT_location
	.byte	3
	.long	next_timeout
	.byte	3                       @ Abbrev [3] 0x37:0x5 DW_TAG_pointer_type
	.long	60                      @ DW_AT_type
	.byte	4                       @ Abbrev [4] 0x3c:0x39 DW_TAG_structure_type
	.long	.Linfo_string11         @ DW_AT_name
	.byte	16                      @ DW_AT_byte_size
	.byte	1                       @ DW_AT_decl_file
	.byte	67                      @ DW_AT_decl_line
	.byte	5                       @ Abbrev [5] 0x44:0xc DW_TAG_member
	.long	.Linfo_string4          @ DW_AT_name
	.long	55                      @ DW_AT_type
	.byte	1                       @ DW_AT_decl_file
	.byte	68                      @ DW_AT_decl_line
	.byte	0                       @ DW_AT_data_member_location
	.byte	5                       @ Abbrev [5] 0x50:0xc DW_TAG_member
	.long	.Linfo_string5          @ DW_AT_name
	.long	117                     @ DW_AT_type
	.byte	1                       @ DW_AT_decl_file
	.byte	69                      @ DW_AT_decl_line
	.byte	4                       @ DW_AT_data_member_location
	.byte	5                       @ Abbrev [5] 0x5c:0xc DW_TAG_member
	.long	.Linfo_string8          @ DW_AT_name
	.long	135                     @ DW_AT_type
	.byte	1                       @ DW_AT_decl_file
	.byte	70                      @ DW_AT_decl_line
	.byte	8                       @ DW_AT_data_member_location
	.byte	5                       @ Abbrev [5] 0x68:0xc DW_TAG_member
	.long	.Linfo_string10         @ DW_AT_name
	.long	159                     @ DW_AT_type
	.byte	1                       @ DW_AT_decl_file
	.byte	71                      @ DW_AT_decl_line
	.byte	12                      @ DW_AT_data_member_location
	.byte	0                       @ End Of Children Mark
	.byte	6                       @ Abbrev [6] 0x75:0xb DW_TAG_typedef
	.long	128                     @ DW_AT_type
	.long	.Linfo_string7          @ DW_AT_name
	.byte	2                       @ DW_AT_decl_file
	.byte	41                      @ DW_AT_decl_line
	.byte	7                       @ Abbrev [7] 0x80:0x7 DW_TAG_base_type
	.long	.Linfo_string6          @ DW_AT_name
	.byte	7                       @ DW_AT_encoding
	.byte	4                       @ DW_AT_byte_size
	.byte	6                       @ Abbrev [6] 0x87:0xb DW_TAG_typedef
	.long	146                     @ DW_AT_type
	.long	.Linfo_string9          @ DW_AT_name
	.byte	1                       @ DW_AT_decl_file
	.byte	65                      @ DW_AT_decl_line
	.byte	3                       @ Abbrev [3] 0x92:0x5 DW_TAG_pointer_type
	.long	151                     @ DW_AT_type
	.byte	8                       @ Abbrev [8] 0x97:0x8 DW_TAG_subroutine_type
	.byte	1                       @ DW_AT_prototyped
	.byte	9                       @ Abbrev [9] 0x99:0x5 DW_TAG_formal_parameter
	.long	159                     @ DW_AT_type
	.byte	0                       @ End Of Children Mark
	.byte	10                      @ Abbrev [10] 0x9f:0x1 DW_TAG_pointer_type
	.byte	2                       @ Abbrev [2] 0xa0:0x11 DW_TAG_variable
	.long	.Linfo_string12         @ DW_AT_name
	.long	117                     @ DW_AT_type
	.byte	3                       @ DW_AT_decl_file
	.byte	66                      @ DW_AT_decl_line
	.byte	5                       @ DW_AT_location
	.byte	3
	.long	timeouts_last_time
	.byte	2                       @ Abbrev [2] 0xb1:0x16 DW_TAG_variable
	.long	.Linfo_string13         @ DW_AT_name
	.long	199                     @ DW_AT_type
	.byte	3                       @ DW_AT_decl_file
	.byte	71                      @ DW_AT_decl_line
	.byte	10                      @ DW_AT_location
	.byte	3
	.long	tcpip_tcp_timer_active
	.byte	6
	.byte	49
	.byte	30
	.byte	48
	.byte	34
	.byte	7                       @ Abbrev [7] 0xc7:0x7 DW_TAG_base_type
	.long	.Linfo_string14         @ DW_AT_name
	.byte	5                       @ DW_AT_encoding
	.byte	4                       @ DW_AT_byte_size
	.byte	11                      @ Abbrev [11] 0xce:0x4b DW_TAG_enumeration_type
	.long	281                     @ DW_AT_type
	.byte	1                       @ DW_AT_byte_size
	.byte	4                       @ DW_AT_decl_file
	.byte	43                      @ DW_AT_decl_line
	.byte	12                      @ Abbrev [12] 0xd6:0x6 DW_TAG_enumerator
	.long	.Linfo_string16         @ DW_AT_name
	.byte	0                       @ DW_AT_const_value
	.byte	12                      @ Abbrev [12] 0xdc:0x6 DW_TAG_enumerator
	.long	.Linfo_string17         @ DW_AT_name
	.byte	1                       @ DW_AT_const_value
	.byte	12                      @ Abbrev [12] 0xe2:0x6 DW_TAG_enumerator
	.long	.Linfo_string18         @ DW_AT_name
	.byte	2                       @ DW_AT_const_value
	.byte	12                      @ Abbrev [12] 0xe8:0x6 DW_TAG_enumerator
	.long	.Linfo_string19         @ DW_AT_name
	.byte	3                       @ DW_AT_const_value
	.byte	12                      @ Abbrev [12] 0xee:0x6 DW_TAG_enumerator
	.long	.Linfo_string20         @ DW_AT_name
	.byte	4                       @ DW_AT_const_value
	.byte	12                      @ Abbrev [12] 0xf4:0x6 DW_TAG_enumerator
	.long	.Linfo_string21         @ DW_AT_name
	.byte	5                       @ DW_AT_const_value
	.byte	12                      @ Abbrev [12] 0xfa:0x6 DW_TAG_enumerator
	.long	.Linfo_string22         @ DW_AT_name
	.byte	6                       @ DW_AT_const_value
	.byte	12                      @ Abbrev [12] 0x100:0x6 DW_TAG_enumerator
	.long	.Linfo_string23         @ DW_AT_name
	.byte	7                       @ DW_AT_const_value
	.byte	12                      @ Abbrev [12] 0x106:0x6 DW_TAG_enumerator
	.long	.Linfo_string24         @ DW_AT_name
	.byte	8                       @ DW_AT_const_value
	.byte	12                      @ Abbrev [12] 0x10c:0x6 DW_TAG_enumerator
	.long	.Linfo_string25         @ DW_AT_name
	.byte	9                       @ DW_AT_const_value
	.byte	12                      @ Abbrev [12] 0x112:0x6 DW_TAG_enumerator
	.long	.Linfo_string26         @ DW_AT_name
	.byte	10                      @ DW_AT_const_value
	.byte	0                       @ End Of Children Mark
	.byte	7                       @ Abbrev [7] 0x119:0x7 DW_TAG_base_type
	.long	.Linfo_string15         @ DW_AT_name
	.byte	8                       @ DW_AT_encoding
	.byte	1                       @ DW_AT_byte_size
	.byte	13                      @ Abbrev [13] 0x120:0x13 DW_TAG_subprogram
	.long	.Lfunc_begin0           @ DW_AT_low_pc
	.long	.Lfunc_end0             @ DW_AT_high_pc
	.byte	1                       @ DW_AT_frame_base
	.byte	93
	.long	.Linfo_string27         @ DW_AT_name
	.byte	3                       @ DW_AT_decl_file
	.byte	104                     @ DW_AT_decl_line
	.byte	1                       @ DW_AT_prototyped
	.byte	1                       @ DW_AT_external
	.byte	14                      @ Abbrev [14] 0x133:0x65 DW_TAG_subprogram
	.long	.Lfunc_begin1           @ DW_AT_low_pc
	.long	.Lfunc_end1             @ DW_AT_high_pc
	.byte	1                       @ DW_AT_frame_base
	.byte	93
	.long	.Linfo_string28         @ DW_AT_name
	.byte	3                       @ DW_AT_decl_file
	.short	277                     @ DW_AT_decl_line
	.byte	1                       @ DW_AT_prototyped
	.byte	1                       @ DW_AT_external
	.byte	15                      @ Abbrev [15] 0x147:0x10 DW_TAG_formal_parameter
	.long	.Ldebug_loc0            @ DW_AT_location
	.long	.Linfo_string36         @ DW_AT_name
	.byte	3                       @ DW_AT_decl_file
	.short	277                     @ DW_AT_decl_line
	.long	117                     @ DW_AT_type
	.byte	15                      @ Abbrev [15] 0x157:0x10 DW_TAG_formal_parameter
	.long	.Ldebug_loc1            @ DW_AT_location
	.long	.Linfo_string37         @ DW_AT_name
	.byte	3                       @ DW_AT_decl_file
	.short	277                     @ DW_AT_decl_line
	.long	135                     @ DW_AT_type
	.byte	15                      @ Abbrev [15] 0x167:0x10 DW_TAG_formal_parameter
	.long	.Ldebug_loc2            @ DW_AT_location
	.long	.Linfo_string10         @ DW_AT_name
	.byte	3                       @ DW_AT_decl_file
	.short	277                     @ DW_AT_decl_line
	.long	159                     @ DW_AT_type
	.byte	16                      @ Abbrev [16] 0x177:0x10 DW_TAG_variable
	.long	.Ldebug_loc3            @ DW_AT_location
	.long	.Linfo_string38         @ DW_AT_name
	.byte	3                       @ DW_AT_decl_file
	.short	280                     @ DW_AT_decl_line
	.long	55                      @ DW_AT_type
	.byte	16                      @ Abbrev [16] 0x187:0x10 DW_TAG_variable
	.long	.Ldebug_loc4            @ DW_AT_location
	.long	.Linfo_string39         @ DW_AT_name
	.byte	3                       @ DW_AT_decl_file
	.short	280                     @ DW_AT_decl_line
	.long	55                      @ DW_AT_type
	.byte	0                       @ End Of Children Mark
	.byte	17                      @ Abbrev [17] 0x198:0x22 DW_TAG_subprogram
	.long	.Lfunc_begin2           @ DW_AT_low_pc
	.long	.Lfunc_end2             @ DW_AT_high_pc
	.byte	1                       @ DW_AT_frame_base
	.byte	93
	.long	.Linfo_string29         @ DW_AT_name
	.byte	3                       @ DW_AT_decl_file
	.byte	79                      @ DW_AT_decl_line
	.byte	1                       @ DW_AT_prototyped
	.byte	18                      @ Abbrev [18] 0x1aa:0xf DW_TAG_formal_parameter
	.long	.Ldebug_loc5            @ DW_AT_location
	.long	.Linfo_string10         @ DW_AT_name
	.byte	3                       @ DW_AT_decl_file
	.byte	79                      @ DW_AT_decl_line
	.long	159                     @ DW_AT_type
	.byte	0                       @ End Of Children Mark
	.byte	13                      @ Abbrev [13] 0x1ba:0x13 DW_TAG_subprogram
	.long	.Lfunc_begin3           @ DW_AT_low_pc
	.long	.Lfunc_end3             @ DW_AT_high_pc
	.byte	1                       @ DW_AT_frame_base
	.byte	93
	.long	.Linfo_string30         @ DW_AT_name
	.byte	3                       @ DW_AT_decl_file
	.byte	233                     @ DW_AT_decl_line
	.byte	1                       @ DW_AT_prototyped
	.byte	1                       @ DW_AT_external
	.byte	17                      @ Abbrev [17] 0x1cd:0x22 DW_TAG_subprogram
	.long	.Lfunc_begin4           @ DW_AT_low_pc
	.long	.Lfunc_end4             @ DW_AT_high_pc
	.byte	1                       @ DW_AT_frame_base
	.byte	93
	.long	.Linfo_string31         @ DW_AT_name
	.byte	3                       @ DW_AT_decl_file
	.byte	124                     @ DW_AT_decl_line
	.byte	1                       @ DW_AT_prototyped
	.byte	18                      @ Abbrev [18] 0x1df:0xf DW_TAG_formal_parameter
	.long	.Ldebug_loc6            @ DW_AT_location
	.long	.Linfo_string10         @ DW_AT_name
	.byte	3                       @ DW_AT_decl_file
	.byte	124                     @ DW_AT_decl_line
	.long	159                     @ DW_AT_type
	.byte	0                       @ End Of Children Mark
	.byte	17                      @ Abbrev [17] 0x1ef:0x22 DW_TAG_subprogram
	.long	.Lfunc_begin5           @ DW_AT_low_pc
	.long	.Lfunc_end5             @ DW_AT_high_pc
	.byte	1                       @ DW_AT_frame_base
	.byte	93
	.long	.Linfo_string32         @ DW_AT_name
	.byte	3                       @ DW_AT_decl_file
	.byte	141                     @ DW_AT_decl_line
	.byte	1                       @ DW_AT_prototyped
	.byte	18                      @ Abbrev [18] 0x201:0xf DW_TAG_formal_parameter
	.long	.Ldebug_loc7            @ DW_AT_location
	.long	.Linfo_string10         @ DW_AT_name
	.byte	3                       @ DW_AT_decl_file
	.byte	141                     @ DW_AT_decl_line
	.long	159                     @ DW_AT_type
	.byte	0                       @ End Of Children Mark
	.byte	14                      @ Abbrev [14] 0x211:0x55 DW_TAG_subprogram
	.long	.Lfunc_begin6           @ DW_AT_low_pc
	.long	.Lfunc_end6             @ DW_AT_high_pc
	.byte	1                       @ DW_AT_frame_base
	.byte	93
	.long	.Linfo_string33         @ DW_AT_name
	.byte	3                       @ DW_AT_decl_file
	.short	340                     @ DW_AT_decl_line
	.byte	1                       @ DW_AT_prototyped
	.byte	1                       @ DW_AT_external
	.byte	15                      @ Abbrev [15] 0x225:0x10 DW_TAG_formal_parameter
	.long	.Ldebug_loc8            @ DW_AT_location
	.long	.Linfo_string37         @ DW_AT_name
	.byte	3                       @ DW_AT_decl_file
	.short	340                     @ DW_AT_decl_line
	.long	135                     @ DW_AT_type
	.byte	15                      @ Abbrev [15] 0x235:0x10 DW_TAG_formal_parameter
	.long	.Ldebug_loc9            @ DW_AT_location
	.long	.Linfo_string10         @ DW_AT_name
	.byte	3                       @ DW_AT_decl_file
	.short	340                     @ DW_AT_decl_line
	.long	159                     @ DW_AT_type
	.byte	16                      @ Abbrev [16] 0x245:0x10 DW_TAG_variable
	.long	.Ldebug_loc10           @ DW_AT_location
	.long	.Linfo_string39         @ DW_AT_name
	.byte	3                       @ DW_AT_decl_file
	.short	342                     @ DW_AT_decl_line
	.long	55                      @ DW_AT_type
	.byte	16                      @ Abbrev [16] 0x255:0x10 DW_TAG_variable
	.long	.Ldebug_loc11           @ DW_AT_location
	.long	.Linfo_string40         @ DW_AT_name
	.byte	3                       @ DW_AT_decl_file
	.short	342                     @ DW_AT_decl_line
	.long	55                      @ DW_AT_type
	.byte	0                       @ End Of Children Mark
	.byte	14                      @ Abbrev [14] 0x266:0x77 DW_TAG_subprogram
	.long	.Lfunc_begin7           @ DW_AT_low_pc
	.long	.Lfunc_end7             @ DW_AT_high_pc
	.byte	1                       @ DW_AT_frame_base
	.byte	93
	.long	.Linfo_string34         @ DW_AT_name
	.byte	3                       @ DW_AT_decl_file
	.short	384                     @ DW_AT_decl_line
	.byte	1                       @ DW_AT_prototyped
	.byte	1                       @ DW_AT_external
	.byte	19                      @ Abbrev [19] 0x27a:0x62 DW_TAG_lexical_block
	.long	.Ltmp64                 @ DW_AT_low_pc
	.long	.Ltmp79                 @ DW_AT_high_pc
	.byte	16                      @ Abbrev [16] 0x283:0x10 DW_TAG_variable
	.long	.Ldebug_loc12           @ DW_AT_location
	.long	.Linfo_string41         @ DW_AT_name
	.byte	3                       @ DW_AT_decl_file
	.short	393                     @ DW_AT_decl_line
	.long	117                     @ DW_AT_type
	.byte	16                      @ Abbrev [16] 0x293:0x10 DW_TAG_variable
	.long	.Ldebug_loc13           @ DW_AT_location
	.long	.Linfo_string42         @ DW_AT_name
	.byte	3                       @ DW_AT_decl_file
	.short	389                     @ DW_AT_decl_line
	.long	117                     @ DW_AT_type
	.byte	16                      @ Abbrev [16] 0x2a3:0x10 DW_TAG_variable
	.long	.Ldebug_loc14           @ DW_AT_location
	.long	.Linfo_string43         @ DW_AT_name
	.byte	3                       @ DW_AT_decl_file
	.short	388                     @ DW_AT_decl_line
	.long	55                      @ DW_AT_type
	.byte	16                      @ Abbrev [16] 0x2b3:0x10 DW_TAG_variable
	.long	.Ldebug_loc15           @ DW_AT_location
	.long	.Linfo_string44         @ DW_AT_name
	.byte	3                       @ DW_AT_decl_file
	.short	392                     @ DW_AT_decl_line
	.long	753                     @ DW_AT_type
	.byte	20                      @ Abbrev [20] 0x2c3:0xc DW_TAG_variable
	.long	.Linfo_string10         @ DW_AT_name
	.byte	3                       @ DW_AT_decl_file
	.short	391                     @ DW_AT_decl_line
	.long	159                     @ DW_AT_type
	.byte	20                      @ Abbrev [20] 0x2cf:0xc DW_TAG_variable
	.long	.Linfo_string37         @ DW_AT_name
	.byte	3                       @ DW_AT_decl_file
	.short	390                     @ DW_AT_decl_line
	.long	135                     @ DW_AT_type
	.byte	0                       @ End Of Children Mark
	.byte	0                       @ End Of Children Mark
	.byte	21                      @ Abbrev [21] 0x2dd:0x14 DW_TAG_subprogram
	.long	.Lfunc_begin8           @ DW_AT_low_pc
	.long	.Lfunc_end8             @ DW_AT_high_pc
	.byte	1                       @ DW_AT_frame_base
	.byte	93
	.long	.Linfo_string35         @ DW_AT_name
	.byte	3                       @ DW_AT_decl_file
	.short	439                     @ DW_AT_decl_line
	.byte	1                       @ DW_AT_prototyped
	.byte	1                       @ DW_AT_external
	.byte	6                       @ Abbrev [6] 0x2f1:0xb DW_TAG_typedef
	.long	281                     @ DW_AT_type
	.long	.Linfo_string45         @ DW_AT_name
	.byte	2                       @ DW_AT_decl_file
	.byte	37                      @ DW_AT_decl_line
	.byte	0                       @ End Of Children Mark
.Ldebug_info_end0:
	.section	.debug_ranges,"",%progbits
.Ldebug_ranges0:
	.long	.Lfunc_begin0
	.long	.Lfunc_end0
	.long	.Lfunc_begin1
	.long	.Lfunc_end1
	.long	.Lfunc_begin2
	.long	.Lfunc_end2
	.long	.Lfunc_begin3
	.long	.Lfunc_end3
	.long	.Lfunc_begin4
	.long	.Lfunc_end4
	.long	.Lfunc_begin5
	.long	.Lfunc_end5
	.long	.Lfunc_begin6
	.long	.Lfunc_end6
	.long	.Lfunc_begin7
	.long	.Lfunc_end7
	.long	.Lfunc_begin8
	.long	.Lfunc_end8
	.long	0
	.long	0
	.section	.debug_macinfo,"",%progbits
	.byte	0                       @ End Of Macro List Mark

	.ident	"Component: ARM Compiler 6.12 Tool: armclang [5d624a00]"
	.section	".note.GNU-stack","",%progbits
	.eabi_attribute	30, 3	@ Tag_ABI_optimization_goals
	.ARM_attribute	16, 1	@ Tag_AV_eba
	.section	.debug_line,"",%progbits
.Lline_table_start0:
