	.text
	.syntax unified
	.eabi_attribute	67, "2.09"	@ Tag_conformance
	.cpu	cortex-m4
	.eabi_attribute	6, 13	@ Tag_CPU_arch
	.eabi_attribute	7, 77	@ Tag_CPU_arch_profile
	.eabi_attribute	8, 0	@ Tag_ARM_ISA_use
	.eabi_attribute	9, 2	@ Tag_THUMB_ISA_use
	.fpu	fpv4-sp-d16
	.eabi_attribute	27, 1	@ Tag_ABI_HardFP_use
	.eabi_attribute	36, 1	@ Tag_FP_HP_extension
	.eabi_attribute	34, 1	@ Tag_CPU_unaligned_access
	.eabi_attribute	17, 1	@ Tag_ABI_PCS_GOT_use
	.eabi_attribute	20, 2	@ Tag_ABI_FP_denormal
	.eabi_attribute	21, 0	@ Tag_ABI_FP_exceptions
	.eabi_attribute	23, 1	@ Tag_ABI_FP_number_model
	.eabi_attribute	24, 1	@ Tag_ABI_align_needed
	.eabi_attribute	25, 1	@ Tag_ABI_align_preserved
	.eabi_attribute	28, 1	@ Tag_ABI_VFP_args
	.eabi_attribute	38, 1	@ Tag_ABI_FP_16bit_format
	.eabi_attribute	18, 2	@ Tag_ABI_PCS_wchar_t
	.eabi_attribute	26, 1	@ Tag_ABI_enum_size
	.eabi_attribute	14, 0	@ Tag_ABI_PCS_R9_use
	.file	"Uart.c"
	.file	1 "C:\\Keil\\ARM\\ARMCLANG\\Bin\\..\\include" "stdint.h"
	.file	2 "F:\\SkyDrive\\OtvoreniProjekti\\HotelSaplast\\fw\\KontrolerHotela\\HC070318\\Project" "../Driver/Uart.c"
	.file	3 "F:\\SkyDrive\\OtvoreniProjekti\\HotelSaplast\\fw\\KontrolerHotela\\HC070318\\Project" "../Libraries/CMSIS/Device/ST/STM32F4xx/Include\\stm32f4xx.h"
	.file	4 "F:\\SkyDrive\\OtvoreniProjekti\\HotelSaplast\\fw\\KontrolerHotela\\HC070318\\Project" "../Libraries/STM32F4xx_StdPeriph_Driver/inc\\stm32f4xx_gpio.h"
	.section	.text.uart_init,"ax",%progbits
	.hidden	uart_init               @ -- Begin function uart_init
	.globl	uart_init
	.p2align	2
	.type	uart_init,%function
	.code	16                      @ @uart_init
	.thumb_func
uart_init:
.Lfunc_begin0:
	.loc	2 32 0                  @ ../Driver/Uart.c:32:0
	.fnstart
	.cfi_sections .debug_frame
	.cfi_startproc
@ %bb.0:
	.save	{r4, r5, r6, lr}
	push	{r4, r5, r6, lr}
	.cfi_def_cfa_offset 16
	.cfi_offset lr, -4
	.cfi_offset r6, -8
	.cfi_offset r5, -12
	.cfi_offset r4, -16
	.pad	#32
	sub	sp, #32
	.cfi_def_cfa_offset 48
	@DEBUG_VALUE: uart_init:baudrate <- $r0
	mov	r5, r0
.Ltmp0:
	@DEBUG_VALUE: uart_init:baudrate <- $r5
	.loc	2 37 2 prologue_end     @ ../Driver/Uart.c:37:2
	movs	r0, #8
	movs	r1, #1
	bl	RCC_AHB1PeriphClockCmd
	.loc	2 39 2                  @ ../Driver/Uart.c:39:2
	mov.w	r0, #131072
	movs	r1, #1
	bl	RCC_APB1PeriphClockCmd
	movw	r0, #514
	movw	r4, #3072
	add	r6, sp, #4
	movt	r0, #256
	movt	r4, #16386
	.loc	2 46 2                  @ ../Driver/Uart.c:46:2
	mov	r1, r6
	.loc	2 41 32                 @ ../Driver/Uart.c:41:32
	str	r0, [sp, #8]
	movs	r0, #32
	.loc	2 45 32                 @ ../Driver/Uart.c:45:32
	str	r0, [sp, #4]
.Ltmp1:
	@DEBUG_VALUE: uart_init:GPIO_InitStructure <- [DW_OP_plus_uconst 4, DW_OP_deref] $sp
	.loc	2 46 2                  @ ../Driver/Uart.c:46:2
	mov	r0, r4
	bl	GPIO_Init
	movs	r0, #64
	.loc	2 51 2                  @ ../Driver/Uart.c:51:2
	mov	r1, r6
	.loc	2 49 31                 @ ../Driver/Uart.c:49:31
	str	r0, [sp, #4]
	movw	r0, #514
	.loc	2 48 32                 @ ../Driver/Uart.c:48:32
	strh.w	r0, [sp, #8]
	.loc	2 51 2                  @ ../Driver/Uart.c:51:2
	mov	r0, r4
	bl	GPIO_Init
	.loc	2 53 2                  @ ../Driver/Uart.c:53:2
	mov	r0, r4
	movs	r1, #5
	movs	r2, #7
	bl	GPIO_PinAFConfig
	.loc	2 54 2                  @ ../Driver/Uart.c:54:2
	mov	r0, r4
	movs	r1, #6
	movs	r2, #7
	bl	GPIO_PinAFConfig
	.loc	2 56 5                  @ ../Driver/Uart.c:56:5
	sub.w	r0, r5, #48
	cmp	r0, #8
	bhi	.LBB0_11
.Ltmp2:
@ %bb.1:
	@DEBUG_VALUE: uart_init:GPIO_InitStructure <- [DW_OP_plus_uconst 4, DW_OP_deref] $sp
	@DEBUG_VALUE: uart_init:baudrate <- $r5
	.loc	2 0 5 is_stmt 0         @ ../Driver/Uart.c:0:5
.LCPI0_0:
	tbb	[pc, r0]
.Ltmp3:
@ %bb.2:
.LJTI0_0:
	.byte	(.LBB0_3-(.LCPI0_0+4))/2
	.byte	(.LBB0_4-(.LCPI0_0+4))/2
	.byte	(.LBB0_5-(.LCPI0_0+4))/2
	.byte	(.LBB0_6-(.LCPI0_0+4))/2
	.byte	(.LBB0_7-(.LCPI0_0+4))/2
	.byte	(.LBB0_8-(.LCPI0_0+4))/2
	.byte	(.LBB0_13-(.LCPI0_0+4))/2
	.byte	(.LBB0_9-(.LCPI0_0+4))/2
	.byte	(.LBB0_10-(.LCPI0_0+4))/2
	.p2align	1
.LBB0_3:
.Ltmp4:
	@DEBUG_VALUE: uart_init:GPIO_InitStructure <- [DW_OP_plus_uconst 4, DW_OP_deref] $sp
	@DEBUG_VALUE: uart_init:baudrate <- $r5
	mov.w	r0, #2400
	b	.LBB0_14
.Ltmp5:
.LBB0_4:
	@DEBUG_VALUE: uart_init:GPIO_InitStructure <- [DW_OP_plus_uconst 4, DW_OP_deref] $sp
	@DEBUG_VALUE: uart_init:baudrate <- $r5
	mov.w	r0, #4800
	b	.LBB0_14
.Ltmp6:
.LBB0_5:
	@DEBUG_VALUE: uart_init:GPIO_InitStructure <- [DW_OP_plus_uconst 4, DW_OP_deref] $sp
	@DEBUG_VALUE: uart_init:baudrate <- $r5
	mov.w	r0, #9600
	b	.LBB0_14
.Ltmp7:
.LBB0_6:
	@DEBUG_VALUE: uart_init:GPIO_InitStructure <- [DW_OP_plus_uconst 4, DW_OP_deref] $sp
	@DEBUG_VALUE: uart_init:baudrate <- $r5
	mov.w	r0, #19200
	b	.LBB0_14
.Ltmp8:
.LBB0_7:
	@DEBUG_VALUE: uart_init:GPIO_InitStructure <- [DW_OP_plus_uconst 4, DW_OP_deref] $sp
	@DEBUG_VALUE: uart_init:baudrate <- $r5
	mov.w	r0, #38400
	b	.LBB0_14
.Ltmp9:
.LBB0_8:
	@DEBUG_VALUE: uart_init:GPIO_InitStructure <- [DW_OP_plus_uconst 4, DW_OP_deref] $sp
	@DEBUG_VALUE: uart_init:baudrate <- $r5
	movw	r0, #56700
	b	.LBB0_14
.Ltmp10:
.LBB0_9:
	@DEBUG_VALUE: uart_init:GPIO_InitStructure <- [DW_OP_plus_uconst 4, DW_OP_deref] $sp
	@DEBUG_VALUE: uart_init:baudrate <- $r5
	mov.w	r0, #230400
	b	.LBB0_14
.Ltmp11:
.LBB0_10:
	@DEBUG_VALUE: uart_init:GPIO_InitStructure <- [DW_OP_plus_uconst 4, DW_OP_deref] $sp
	@DEBUG_VALUE: uart_init:baudrate <- $r5
	mov.w	r0, #460800
	b	.LBB0_14
.Ltmp12:
.LBB0_11:
	@DEBUG_VALUE: uart_init:GPIO_InitStructure <- [DW_OP_plus_uconst 4, DW_OP_deref] $sp
	@DEBUG_VALUE: uart_init:baudrate <- $r5
	.loc	2 65 10 is_stmt 1       @ ../Driver/Uart.c:65:10
	cmp	r5, #57
	bne	.LBB0_13
.Ltmp13:
@ %bb.12:
	@DEBUG_VALUE: uart_init:GPIO_InitStructure <- [DW_OP_plus_uconst 4, DW_OP_deref] $sp
	@DEBUG_VALUE: uart_init:baudrate <- $r5
	.loc	2 0 10 is_stmt 0        @ ../Driver/Uart.c:0:10
	mov.w	r0, #921600
	b	.LBB0_14
.Ltmp14:
.LBB0_13:
	@DEBUG_VALUE: uart_init:GPIO_InitStructure <- [DW_OP_plus_uconst 4, DW_OP_deref] $sp
	@DEBUG_VALUE: uart_init:baudrate <- $r5
	mov.w	r0, #115200
.Ltmp15:
.LBB0_14:
	@DEBUG_VALUE: uart_init:GPIO_InitStructure <- [DW_OP_plus_uconst 4, DW_OP_deref] $sp
	@DEBUG_VALUE: uart_init:baudrate <- $r5
	str	r0, [sp, #16]
	movs	r0, #0
.Ltmp16:
	.loc	2 73 2 is_stmt 1        @ ../Driver/Uart.c:73:2
	sub.w	r4, r4, #116736
	add	r1, sp, #16
	.loc	2 71 48                 @ ../Driver/Uart.c:71:48
	strh.w	r0, [sp, #28]
	.loc	2 68 39                 @ ../Driver/Uart.c:68:39
	str	r0, [sp, #20]
	mov.w	r0, #786432
	.loc	2 70 35                 @ ../Driver/Uart.c:70:35
	str	r0, [sp, #24]
.Ltmp17:
	@DEBUG_VALUE: uart_init:USART_InitStructure <- [DW_OP_plus_uconst 16, DW_OP_deref] $sp
	.loc	2 73 2                  @ ../Driver/Uart.c:73:2
	mov	r0, r4
	bl	USART_Init
	movs	r0, #38
	movt	r0, #257
	.loc	2 75 37                 @ ../Driver/Uart.c:75:37
	str	r0, [sp, #12]
.Ltmp18:
	@DEBUG_VALUE: uart_init:NVIC_InitStructure <- [DW_OP_plus_uconst 12, DW_OP_deref] $sp
	.loc	2 0 37 is_stmt 0        @ ../Driver/Uart.c:0:37
	add	r0, sp, #12
	.loc	2 79 2 is_stmt 1        @ ../Driver/Uart.c:79:2
	bl	NVIC_Init
	.loc	2 81 2                  @ ../Driver/Uart.c:81:2
	mov	r0, r4
	movs	r1, #1
	bl	USART_Cmd
	.loc	2 82 2                  @ ../Driver/Uart.c:82:2
	mov	r0, r4
	movw	r1, #1317
	movs	r2, #1
	bl	USART_ITConfig
	.loc	2 83 1                  @ ../Driver/Uart.c:83:1
	add	sp, #32
.Ltmp19:
	pop	{r4, r5, r6, pc}
.Ltmp20:
.Lfunc_end0:
	.size	uart_init, .Lfunc_end0-uart_init
	.cfi_endproc
	.cantunwind
	.fnend
                                        @ -- End function
	.section	.text.nvic_config,"ax",%progbits
	.hidden	nvic_config             @ -- Begin function nvic_config
	.globl	nvic_config
	.p2align	1
	.type	nvic_config,%function
	.code	16                      @ @nvic_config
	.thumb_func
nvic_config:
.Lfunc_begin1:
	.loc	2 86 0                  @ ../Driver/Uart.c:86:0
	.fnstart
	.cfi_startproc
@ %bb.0:
	.loc	2 89 2 prologue_end     @ ../Driver/Uart.c:89:2
	mov.w	r0, #1280
	b	NVIC_PriorityGroupConfig
.Ltmp21:
.Lfunc_end1:
	.size	nvic_config, .Lfunc_end1-nvic_config
	.cfi_endproc
	.cantunwind
	.fnend
                                        @ -- End function
	.section	.text.RS485_Send_Data,"ax",%progbits
	.hidden	RS485_Send_Data         @ -- Begin function RS485_Send_Data
	.globl	RS485_Send_Data
	.p2align	1
	.type	RS485_Send_Data,%function
	.code	16                      @ @RS485_Send_Data
	.thumb_func
RS485_Send_Data:
.Lfunc_begin2:
	.loc	2 93 0                  @ ../Driver/Uart.c:93:0
	.fnstart
	.cfi_startproc
@ %bb.0:
	.save	{r4, r5, r6, r7, r8, lr}
	push.w	{r4, r5, r6, r7, r8, lr}
	.cfi_def_cfa_offset 24
	.cfi_offset lr, -4
	.cfi_offset r8, -8
	.cfi_offset r7, -12
	.cfi_offset r6, -16
	.cfi_offset r5, -20
	.cfi_offset r4, -24
	@DEBUG_VALUE: RS485_Send_Data:buf <- $r0
	@DEBUG_VALUE: RS485_Send_Data:len <- $r1
	movw	r5, #17408
	mov	r6, r1
	mov	r7, r0
.Ltmp22:
	@DEBUG_VALUE: RS485_Send_Data:len <- $r6
	@DEBUG_VALUE: RS485_Send_Data:buf <- $r7
	.loc	2 96 2 prologue_end     @ ../Driver/Uart.c:96:2
	movs	r1, #16
	movs	r2, #1
	movt	r5, #16384
	add.w	r8, r5, #117760
	mov	r0, r8
	bl	GPIO_WriteBit
.Ltmp23:
	@DEBUG_VALUE: RS485_Send_Data:t <- 0
	.loc	2 97 4                  @ ../Driver/Uart.c:97:4
	cbz	r6, .LBB2_4
.Ltmp24:
@ %bb.1:
	@DEBUG_VALUE: RS485_Send_Data:buf <- $r7
	@DEBUG_VALUE: RS485_Send_Data:len <- $r6
	.loc	2 0 4 is_stmt 0         @ ../Driver/Uart.c:0:4
	movs	r4, #0
.Ltmp25:
	@DEBUG_VALUE: RS485_Send_Data:t <- $r4
	.p2align	2
.LBB2_2:                                @ =>This Inner Loop Header: Depth=1
	@DEBUG_VALUE: RS485_Send_Data:t <- $r4
	@DEBUG_VALUE: RS485_Send_Data:buf <- $r7
	@DEBUG_VALUE: RS485_Send_Data:len <- $r6
	.loc	2 99 9 is_stmt 1        @ ../Driver/Uart.c:99:9
	mov	r0, r5
	movs	r1, #64
	bl	USART_GetFlagStatus
	.loc	2 99 3 is_stmt 0        @ ../Driver/Uart.c:99:3
	cmp	r0, #0
	beq	.LBB2_2
.Ltmp26:
@ %bb.3:                                @   in Loop: Header=BB2_2 Depth=1
	@DEBUG_VALUE: RS485_Send_Data:t <- $r4
	@DEBUG_VALUE: RS485_Send_Data:buf <- $r7
	@DEBUG_VALUE: RS485_Send_Data:len <- $r6
	.loc	2 100 26 is_stmt 1      @ ../Driver/Uart.c:100:26
	ldrb	r1, [r7, r4]
	.loc	2 100 3 is_stmt 0       @ ../Driver/Uart.c:100:3
	mov	r0, r5
	bl	USART_SendData
.Ltmp27:
	.loc	2 97 25 is_stmt 1       @ ../Driver/Uart.c:97:25
	adds	r4, #1
.Ltmp28:
	@DEBUG_VALUE: RS485_Send_Data:t <- [DW_OP_plus_uconst 1, DW_OP_stack_value] undef
	.loc	2 97 4 is_stmt 0        @ ../Driver/Uart.c:97:4
	cmp	r4, r6
	bne	.LBB2_2
.Ltmp29:
	.p2align	2
.LBB2_4:                                @ =>This Inner Loop Header: Depth=1
	@DEBUG_VALUE: RS485_Send_Data:buf <- $r7
	@DEBUG_VALUE: RS485_Send_Data:len <- $r6
	.loc	2 103 8 is_stmt 1       @ ../Driver/Uart.c:103:8
	mov	r0, r5
	movs	r1, #64
	bl	USART_GetFlagStatus
	.loc	2 103 2 is_stmt 0       @ ../Driver/Uart.c:103:2
	cmp	r0, #0
	beq	.LBB2_4
.Ltmp30:
@ %bb.5:
	@DEBUG_VALUE: RS485_Send_Data:buf <- $r7
	@DEBUG_VALUE: RS485_Send_Data:len <- $r6
	.loc	2 104 2 is_stmt 1       @ ../Driver/Uart.c:104:2
	mov	r0, r8
	movs	r1, #16
	movs	r2, #0
	pop.w	{r4, r5, r6, r7, r8, lr}
.Ltmp31:
	b	GPIO_WriteBit
.Ltmp32:
.Lfunc_end2:
	.size	RS485_Send_Data, .Lfunc_end2-RS485_Send_Data
	.cfi_endproc
	.cantunwind
	.fnend
                                        @ -- End function
	.section	.text.RS485ModeGpio_Init,"ax",%progbits
	.hidden	RS485ModeGpio_Init      @ -- Begin function RS485ModeGpio_Init
	.globl	RS485ModeGpio_Init
	.p2align	1
	.type	RS485ModeGpio_Init,%function
	.code	16                      @ @RS485ModeGpio_Init
	.thumb_func
RS485ModeGpio_Init:
.Lfunc_begin3:
	.loc	2 108 0                 @ ../Driver/Uart.c:108:0
	.fnstart
	.cfi_startproc
@ %bb.0:
	.save	{r4, lr}
	push	{r4, lr}
	.cfi_def_cfa_offset 8
	.cfi_offset lr, -4
	.cfi_offset r4, -8
	.pad	#8
	sub	sp, #8
	.cfi_def_cfa_offset 16
.Ltmp33:
	.loc	2 111 2 prologue_end    @ ../Driver/Uart.c:111:2
	movs	r0, #16
	movs	r1, #1
	movs	r4, #16
	bl	RCC_AHB1PeriphClockCmd
	movw	r0, #769
	mov	r1, sp
	.loc	2 117 30                @ ../Driver/Uart.c:117:30
	strd	r4, r0, [sp]
.Ltmp34:
	@DEBUG_VALUE: RS485ModeGpio_Init:GPIO_InitStructure <- [DW_OP_deref] $sp
	.loc	2 0 30 is_stmt 0        @ ../Driver/Uart.c:0:30
	movw	r0, #4096
	movt	r0, #16386
	.loc	2 118 2 is_stmt 1       @ ../Driver/Uart.c:118:2
	bl	GPIO_Init
	.loc	2 119 1                 @ ../Driver/Uart.c:119:1
	add	sp, #8
.Ltmp35:
	pop	{r4, pc}
.Ltmp36:
.Lfunc_end3:
	.size	RS485ModeGpio_Init, .Lfunc_end3-RS485ModeGpio_Init
	.cfi_endproc
	.cantunwind
	.fnend
                                        @ -- End function
	.hidden	rs485_rx_cnt            @ @rs485_rx_cnt
	.type	rs485_rx_cnt,%object
	.section	.bss.rs485_rx_cnt,"aw",%nobits
	.globl	rs485_rx_cnt
	.p2align	1
rs485_rx_cnt:
	.short	0                       @ 0x0
	.size	rs485_rx_cnt, 2

	.hidden	p_comm_buffer           @ @p_comm_buffer
	.type	p_comm_buffer,%object
	.section	.bss.p_comm_buffer,"aw",%nobits
	.globl	p_comm_buffer
	.p2align	2
p_comm_buffer:
	.long	0
	.size	p_comm_buffer, 4

	.hidden	rx_buffer               @ @rx_buffer
	.type	rx_buffer,%object
	.section	.bss.rx_buffer,"aw",%nobits
	.globl	rx_buffer
rx_buffer:
	.zero	256
	.size	rx_buffer, 256

	.hidden	tx_buffer               @ @tx_buffer
	.type	tx_buffer,%object
	.section	.bss.tx_buffer,"aw",%nobits
	.globl	tx_buffer
tx_buffer:
	.zero	256
	.size	tx_buffer, 256

	.file	5 "F:\\SkyDrive\\OtvoreniProjekti\\HotelSaplast\\fw\\KontrolerHotela\\HC070318\\Project" "../Libraries/STM32F4xx_StdPeriph_Driver/inc\\stm32f4xx_usart.h"
	.file	6 "F:\\SkyDrive\\OtvoreniProjekti\\HotelSaplast\\fw\\KontrolerHotela\\HC070318\\Project" "../Libraries/STM32F4xx_StdPeriph_Driver/inc\\misc.h"
	.section	.debug_str,"MS",%progbits,1
.Linfo_string0:
	.asciz	"Component: ARM Compiler 6.12 Tool: armclang [5d624a00]" @ string offset=0
.Linfo_string1:
	.asciz	"../Driver\\Uart.c"     @ string offset=55
.Linfo_string2:
	.asciz	"F:\\SkyDrive\\OtvoreniProjekti\\HotelSaplast\\fw\\KontrolerHotela\\HC070318\\Project" @ string offset=72
.Linfo_string3:
	.asciz	"rs485_rx_cnt"          @ string offset=150
.Linfo_string4:
	.asciz	"unsigned short"        @ string offset=163
.Linfo_string5:
	.asciz	"uint16_t"              @ string offset=178
.Linfo_string6:
	.asciz	"p_comm_buffer"         @ string offset=187
.Linfo_string7:
	.asciz	"unsigned char"         @ string offset=201
.Linfo_string8:
	.asciz	"uint8_t"               @ string offset=215
.Linfo_string9:
	.asciz	"rx_buffer"             @ string offset=223
.Linfo_string10:
	.asciz	"__ARRAY_SIZE_TYPE__"   @ string offset=233
.Linfo_string11:
	.asciz	"tx_buffer"             @ string offset=253
.Linfo_string12:
	.asciz	"DISABLE"               @ string offset=263
.Linfo_string13:
	.asciz	"ENABLE"                @ string offset=271
.Linfo_string14:
	.asciz	"GPIO_Mode_IN"          @ string offset=278
.Linfo_string15:
	.asciz	"GPIO_Mode_OUT"         @ string offset=291
.Linfo_string16:
	.asciz	"GPIO_Mode_AF"          @ string offset=305
.Linfo_string17:
	.asciz	"GPIO_Mode_AN"          @ string offset=318
.Linfo_string18:
	.asciz	"GPIO_Low_Speed"        @ string offset=331
.Linfo_string19:
	.asciz	"GPIO_Medium_Speed"     @ string offset=346
.Linfo_string20:
	.asciz	"GPIO_Fast_Speed"       @ string offset=364
.Linfo_string21:
	.asciz	"GPIO_High_Speed"       @ string offset=380
.Linfo_string22:
	.asciz	"GPIO_OType_PP"         @ string offset=396
.Linfo_string23:
	.asciz	"GPIO_OType_OD"         @ string offset=410
.Linfo_string24:
	.asciz	"GPIO_PuPd_NOPULL"      @ string offset=424
.Linfo_string25:
	.asciz	"GPIO_PuPd_UP"          @ string offset=441
.Linfo_string26:
	.asciz	"GPIO_PuPd_DOWN"        @ string offset=454
.Linfo_string27:
	.asciz	"signed char"           @ string offset=469
.Linfo_string28:
	.asciz	"NonMaskableInt_IRQn"   @ string offset=481
.Linfo_string29:
	.asciz	"MemoryManagement_IRQn" @ string offset=501
.Linfo_string30:
	.asciz	"BusFault_IRQn"         @ string offset=523
.Linfo_string31:
	.asciz	"UsageFault_IRQn"       @ string offset=537
.Linfo_string32:
	.asciz	"SVCall_IRQn"           @ string offset=553
.Linfo_string33:
	.asciz	"DebugMonitor_IRQn"     @ string offset=565
.Linfo_string34:
	.asciz	"PendSV_IRQn"           @ string offset=583
.Linfo_string35:
	.asciz	"SysTick_IRQn"          @ string offset=595
.Linfo_string36:
	.asciz	"WWDG_IRQn"             @ string offset=608
.Linfo_string37:
	.asciz	"PVD_IRQn"              @ string offset=618
.Linfo_string38:
	.asciz	"TAMP_STAMP_IRQn"       @ string offset=627
.Linfo_string39:
	.asciz	"RTC_WKUP_IRQn"         @ string offset=643
.Linfo_string40:
	.asciz	"FLASH_IRQn"            @ string offset=657
.Linfo_string41:
	.asciz	"RCC_IRQn"              @ string offset=668
.Linfo_string42:
	.asciz	"EXTI0_IRQn"            @ string offset=677
.Linfo_string43:
	.asciz	"EXTI1_IRQn"            @ string offset=688
.Linfo_string44:
	.asciz	"EXTI2_IRQn"            @ string offset=699
.Linfo_string45:
	.asciz	"EXTI3_IRQn"            @ string offset=710
.Linfo_string46:
	.asciz	"EXTI4_IRQn"            @ string offset=721
.Linfo_string47:
	.asciz	"DMA1_Stream0_IRQn"     @ string offset=732
.Linfo_string48:
	.asciz	"DMA1_Stream1_IRQn"     @ string offset=750
.Linfo_string49:
	.asciz	"DMA1_Stream2_IRQn"     @ string offset=768
.Linfo_string50:
	.asciz	"DMA1_Stream3_IRQn"     @ string offset=786
.Linfo_string51:
	.asciz	"DMA1_Stream4_IRQn"     @ string offset=804
.Linfo_string52:
	.asciz	"DMA1_Stream5_IRQn"     @ string offset=822
.Linfo_string53:
	.asciz	"DMA1_Stream6_IRQn"     @ string offset=840
.Linfo_string54:
	.asciz	"ADC_IRQn"              @ string offset=858
.Linfo_string55:
	.asciz	"CAN1_TX_IRQn"          @ string offset=867
.Linfo_string56:
	.asciz	"CAN1_RX0_IRQn"         @ string offset=880
.Linfo_string57:
	.asciz	"CAN1_RX1_IRQn"         @ string offset=894
.Linfo_string58:
	.asciz	"CAN1_SCE_IRQn"         @ string offset=908
.Linfo_string59:
	.asciz	"EXTI9_5_IRQn"          @ string offset=922
.Linfo_string60:
	.asciz	"TIM1_BRK_TIM9_IRQn"    @ string offset=935
.Linfo_string61:
	.asciz	"TIM1_UP_TIM10_IRQn"    @ string offset=954
.Linfo_string62:
	.asciz	"TIM1_TRG_COM_TIM11_IRQn" @ string offset=973
.Linfo_string63:
	.asciz	"TIM1_CC_IRQn"          @ string offset=997
.Linfo_string64:
	.asciz	"TIM2_IRQn"             @ string offset=1010
.Linfo_string65:
	.asciz	"TIM3_IRQn"             @ string offset=1020
.Linfo_string66:
	.asciz	"TIM4_IRQn"             @ string offset=1030
.Linfo_string67:
	.asciz	"I2C1_EV_IRQn"          @ string offset=1040
.Linfo_string68:
	.asciz	"I2C1_ER_IRQn"          @ string offset=1053
.Linfo_string69:
	.asciz	"I2C2_EV_IRQn"          @ string offset=1066
.Linfo_string70:
	.asciz	"I2C2_ER_IRQn"          @ string offset=1079
.Linfo_string71:
	.asciz	"SPI1_IRQn"             @ string offset=1092
.Linfo_string72:
	.asciz	"SPI2_IRQn"             @ string offset=1102
.Linfo_string73:
	.asciz	"USART1_IRQn"           @ string offset=1112
.Linfo_string74:
	.asciz	"USART2_IRQn"           @ string offset=1124
.Linfo_string75:
	.asciz	"USART3_IRQn"           @ string offset=1136
.Linfo_string76:
	.asciz	"EXTI15_10_IRQn"        @ string offset=1148
.Linfo_string77:
	.asciz	"RTC_Alarm_IRQn"        @ string offset=1163
.Linfo_string78:
	.asciz	"OTG_FS_WKUP_IRQn"      @ string offset=1178
.Linfo_string79:
	.asciz	"TIM8_BRK_TIM12_IRQn"   @ string offset=1195
.Linfo_string80:
	.asciz	"TIM8_UP_TIM13_IRQn"    @ string offset=1215
.Linfo_string81:
	.asciz	"TIM8_TRG_COM_TIM14_IRQn" @ string offset=1234
.Linfo_string82:
	.asciz	"TIM8_CC_IRQn"          @ string offset=1258
.Linfo_string83:
	.asciz	"DMA1_Stream7_IRQn"     @ string offset=1271
.Linfo_string84:
	.asciz	"FMC_IRQn"              @ string offset=1289
.Linfo_string85:
	.asciz	"SDIO_IRQn"             @ string offset=1298
.Linfo_string86:
	.asciz	"TIM5_IRQn"             @ string offset=1308
.Linfo_string87:
	.asciz	"SPI3_IRQn"             @ string offset=1318
.Linfo_string88:
	.asciz	"UART4_IRQn"            @ string offset=1328
.Linfo_string89:
	.asciz	"UART5_IRQn"            @ string offset=1339
.Linfo_string90:
	.asciz	"TIM6_DAC_IRQn"         @ string offset=1350
.Linfo_string91:
	.asciz	"TIM7_IRQn"             @ string offset=1364
.Linfo_string92:
	.asciz	"DMA2_Stream0_IRQn"     @ string offset=1374
.Linfo_string93:
	.asciz	"DMA2_Stream1_IRQn"     @ string offset=1392
.Linfo_string94:
	.asciz	"DMA2_Stream2_IRQn"     @ string offset=1410
.Linfo_string95:
	.asciz	"DMA2_Stream3_IRQn"     @ string offset=1428
.Linfo_string96:
	.asciz	"DMA2_Stream4_IRQn"     @ string offset=1446
.Linfo_string97:
	.asciz	"ETH_IRQn"              @ string offset=1464
.Linfo_string98:
	.asciz	"ETH_WKUP_IRQn"         @ string offset=1473
.Linfo_string99:
	.asciz	"CAN2_TX_IRQn"          @ string offset=1487
.Linfo_string100:
	.asciz	"CAN2_RX0_IRQn"         @ string offset=1500
.Linfo_string101:
	.asciz	"CAN2_RX1_IRQn"         @ string offset=1514
.Linfo_string102:
	.asciz	"CAN2_SCE_IRQn"         @ string offset=1528
.Linfo_string103:
	.asciz	"OTG_FS_IRQn"           @ string offset=1542
.Linfo_string104:
	.asciz	"DMA2_Stream5_IRQn"     @ string offset=1554
.Linfo_string105:
	.asciz	"DMA2_Stream6_IRQn"     @ string offset=1572
.Linfo_string106:
	.asciz	"DMA2_Stream7_IRQn"     @ string offset=1590
.Linfo_string107:
	.asciz	"USART6_IRQn"           @ string offset=1608
.Linfo_string108:
	.asciz	"I2C3_EV_IRQn"          @ string offset=1620
.Linfo_string109:
	.asciz	"I2C3_ER_IRQn"          @ string offset=1633
.Linfo_string110:
	.asciz	"OTG_HS_EP1_OUT_IRQn"   @ string offset=1646
.Linfo_string111:
	.asciz	"OTG_HS_EP1_IN_IRQn"    @ string offset=1666
.Linfo_string112:
	.asciz	"OTG_HS_WKUP_IRQn"      @ string offset=1685
.Linfo_string113:
	.asciz	"OTG_HS_IRQn"           @ string offset=1702
.Linfo_string114:
	.asciz	"DCMI_IRQn"             @ string offset=1714
.Linfo_string115:
	.asciz	"CRYP_IRQn"             @ string offset=1724
.Linfo_string116:
	.asciz	"HASH_RNG_IRQn"         @ string offset=1734
.Linfo_string117:
	.asciz	"FPU_IRQn"              @ string offset=1748
.Linfo_string118:
	.asciz	"UART7_IRQn"            @ string offset=1757
.Linfo_string119:
	.asciz	"UART8_IRQn"            @ string offset=1768
.Linfo_string120:
	.asciz	"SPI4_IRQn"             @ string offset=1779
.Linfo_string121:
	.asciz	"SPI5_IRQn"             @ string offset=1789
.Linfo_string122:
	.asciz	"SPI6_IRQn"             @ string offset=1799
.Linfo_string123:
	.asciz	"SAI1_IRQn"             @ string offset=1809
.Linfo_string124:
	.asciz	"LTDC_IRQn"             @ string offset=1819
.Linfo_string125:
	.asciz	"LTDC_ER_IRQn"          @ string offset=1829
.Linfo_string126:
	.asciz	"DMA2D_IRQn"            @ string offset=1842
.Linfo_string127:
	.asciz	"IRQn"                  @ string offset=1853
.Linfo_string128:
	.asciz	"Bit_RESET"             @ string offset=1858
.Linfo_string129:
	.asciz	"Bit_SET"               @ string offset=1868
.Linfo_string130:
	.asciz	"RESET"                 @ string offset=1876
.Linfo_string131:
	.asciz	"SET"                   @ string offset=1882
.Linfo_string132:
	.asciz	"unsigned int"          @ string offset=1886
.Linfo_string133:
	.asciz	"uint32_t"              @ string offset=1899
.Linfo_string134:
	.asciz	"MODER"                 @ string offset=1908
.Linfo_string135:
	.asciz	"OTYPER"                @ string offset=1914
.Linfo_string136:
	.asciz	"OSPEEDR"               @ string offset=1921
.Linfo_string137:
	.asciz	"PUPDR"                 @ string offset=1929
.Linfo_string138:
	.asciz	"IDR"                   @ string offset=1935
.Linfo_string139:
	.asciz	"ODR"                   @ string offset=1939
.Linfo_string140:
	.asciz	"BSRRL"                 @ string offset=1943
.Linfo_string141:
	.asciz	"BSRRH"                 @ string offset=1949
.Linfo_string142:
	.asciz	"LCKR"                  @ string offset=1955
.Linfo_string143:
	.asciz	"AFR"                   @ string offset=1960
.Linfo_string144:
	.asciz	"GPIO_TypeDef"          @ string offset=1964
.Linfo_string145:
	.asciz	"SR"                    @ string offset=1977
.Linfo_string146:
	.asciz	"RESERVED0"             @ string offset=1980
.Linfo_string147:
	.asciz	"DR"                    @ string offset=1990
.Linfo_string148:
	.asciz	"RESERVED1"             @ string offset=1993
.Linfo_string149:
	.asciz	"BRR"                   @ string offset=2003
.Linfo_string150:
	.asciz	"RESERVED2"             @ string offset=2007
.Linfo_string151:
	.asciz	"CR1"                   @ string offset=2017
.Linfo_string152:
	.asciz	"RESERVED3"             @ string offset=2021
.Linfo_string153:
	.asciz	"CR2"                   @ string offset=2031
.Linfo_string154:
	.asciz	"RESERVED4"             @ string offset=2035
.Linfo_string155:
	.asciz	"CR3"                   @ string offset=2045
.Linfo_string156:
	.asciz	"RESERVED5"             @ string offset=2049
.Linfo_string157:
	.asciz	"GTPR"                  @ string offset=2059
.Linfo_string158:
	.asciz	"RESERVED6"             @ string offset=2064
.Linfo_string159:
	.asciz	"USART_TypeDef"         @ string offset=2074
.Linfo_string160:
	.asciz	"uart_init"             @ string offset=2088
.Linfo_string161:
	.asciz	"nvic_config"           @ string offset=2098
.Linfo_string162:
	.asciz	"RS485_Send_Data"       @ string offset=2110
.Linfo_string163:
	.asciz	"RS485ModeGpio_Init"    @ string offset=2126
.Linfo_string164:
	.asciz	"baudrate"              @ string offset=2145
.Linfo_string165:
	.asciz	"GPIO_InitStructure"    @ string offset=2154
.Linfo_string166:
	.asciz	"GPIO_Pin"              @ string offset=2173
.Linfo_string167:
	.asciz	"GPIO_Mode"             @ string offset=2182
.Linfo_string168:
	.asciz	"GPIOMode_TypeDef"      @ string offset=2192
.Linfo_string169:
	.asciz	"GPIO_Speed"            @ string offset=2209
.Linfo_string170:
	.asciz	"GPIOSpeed_TypeDef"     @ string offset=2220
.Linfo_string171:
	.asciz	"GPIO_OType"            @ string offset=2238
.Linfo_string172:
	.asciz	"GPIOOType_TypeDef"     @ string offset=2249
.Linfo_string173:
	.asciz	"GPIO_PuPd"             @ string offset=2267
.Linfo_string174:
	.asciz	"GPIOPuPd_TypeDef"      @ string offset=2277
.Linfo_string175:
	.asciz	"GPIO_InitTypeDef"      @ string offset=2294
.Linfo_string176:
	.asciz	"USART_InitStructure"   @ string offset=2311
.Linfo_string177:
	.asciz	"USART_BaudRate"        @ string offset=2331
.Linfo_string178:
	.asciz	"USART_WordLength"      @ string offset=2346
.Linfo_string179:
	.asciz	"USART_StopBits"        @ string offset=2363
.Linfo_string180:
	.asciz	"USART_Parity"          @ string offset=2378
.Linfo_string181:
	.asciz	"USART_Mode"            @ string offset=2391
.Linfo_string182:
	.asciz	"USART_HardwareFlowControl" @ string offset=2402
.Linfo_string183:
	.asciz	"USART_InitTypeDef"     @ string offset=2428
.Linfo_string184:
	.asciz	"NVIC_InitStructure"    @ string offset=2446
.Linfo_string185:
	.asciz	"NVIC_IRQChannel"       @ string offset=2465
.Linfo_string186:
	.asciz	"NVIC_IRQChannelPreemptionPriority" @ string offset=2481
.Linfo_string187:
	.asciz	"NVIC_IRQChannelSubPriority" @ string offset=2515
.Linfo_string188:
	.asciz	"NVIC_IRQChannelCmd"    @ string offset=2542
.Linfo_string189:
	.asciz	"FunctionalState"       @ string offset=2561
.Linfo_string190:
	.asciz	"NVIC_InitTypeDef"      @ string offset=2577
.Linfo_string191:
	.asciz	"buf"                   @ string offset=2594
.Linfo_string192:
	.asciz	"len"                   @ string offset=2598
.Linfo_string193:
	.asciz	"t"                     @ string offset=2602
	.section	.debug_loc,"",%progbits
.Ldebug_loc0:
	.long	.Lfunc_begin0
	.long	.Ltmp0
	.short	1                       @ Loc expr size
	.byte	80                      @ DW_OP_reg0
	.long	.Ltmp0
	.long	.Ltmp3
	.short	1                       @ Loc expr size
	.byte	85                      @ DW_OP_reg5
	.long	.Ltmp4
	.long	.Ltmp20
	.short	1                       @ Loc expr size
	.byte	85                      @ DW_OP_reg5
	.long	0
	.long	0
.Ldebug_loc1:
	.long	.Ltmp1
	.long	.Ltmp3
	.short	2                       @ Loc expr size
	.byte	125                     @ DW_OP_breg13
	.byte	4                       @ 4
	.long	.Ltmp4
	.long	.Ltmp19
	.short	2                       @ Loc expr size
	.byte	125                     @ DW_OP_breg13
	.byte	4                       @ 4
	.long	0
	.long	0
.Ldebug_loc2:
	.long	.Ltmp17
	.long	.Ltmp19
	.short	2                       @ Loc expr size
	.byte	125                     @ DW_OP_breg13
	.byte	16                      @ 16
	.long	0
	.long	0
.Ldebug_loc3:
	.long	.Ltmp18
	.long	.Ltmp19
	.short	2                       @ Loc expr size
	.byte	125                     @ DW_OP_breg13
	.byte	12                      @ 12
	.long	0
	.long	0
.Ldebug_loc4:
	.long	.Lfunc_begin2
	.long	.Ltmp22
	.short	1                       @ Loc expr size
	.byte	80                      @ DW_OP_reg0
	.long	.Ltmp22
	.long	.Ltmp31
	.short	1                       @ Loc expr size
	.byte	87                      @ DW_OP_reg7
	.long	0
	.long	0
.Ldebug_loc5:
	.long	.Lfunc_begin2
	.long	.Ltmp22
	.short	1                       @ Loc expr size
	.byte	81                      @ DW_OP_reg1
	.long	.Ltmp22
	.long	.Ltmp31
	.short	1                       @ Loc expr size
	.byte	86                      @ DW_OP_reg6
	.long	0
	.long	0
.Ldebug_loc6:
	.long	.Ltmp23
	.long	.Ltmp25
	.short	1                       @ Loc expr size
	.byte	48                      @ DW_OP_lit0
	.long	.Ltmp25
	.long	.Ltmp28
	.short	1                       @ Loc expr size
	.byte	84                      @ DW_OP_reg4
	.long	0
	.long	0
.Ldebug_loc7:
	.long	.Ltmp34
	.long	.Ltmp35
	.short	2                       @ Loc expr size
	.byte	125                     @ DW_OP_breg13
	.byte	0                       @ 0
	.long	0
	.long	0
	.section	.debug_abbrev,"",%progbits
	.byte	1                       @ Abbreviation Code
	.byte	17                      @ DW_TAG_compile_unit
	.byte	1                       @ DW_CHILDREN_yes
	.byte	37                      @ DW_AT_producer
	.byte	14                      @ DW_FORM_strp
	.byte	19                      @ DW_AT_language
	.byte	5                       @ DW_FORM_data2
	.byte	3                       @ DW_AT_name
	.byte	14                      @ DW_FORM_strp
	.byte	16                      @ DW_AT_stmt_list
	.byte	6                       @ DW_FORM_data4
	.byte	27                      @ DW_AT_comp_dir
	.byte	14                      @ DW_FORM_strp
	.byte	17                      @ DW_AT_low_pc
	.byte	1                       @ DW_FORM_addr
	.byte	85                      @ DW_AT_ranges
	.byte	6                       @ DW_FORM_data4
	.byte	0                       @ EOM(1)
	.byte	0                       @ EOM(2)
	.byte	2                       @ Abbreviation Code
	.byte	52                      @ DW_TAG_variable
	.byte	0                       @ DW_CHILDREN_no
	.byte	3                       @ DW_AT_name
	.byte	14                      @ DW_FORM_strp
	.byte	73                      @ DW_AT_type
	.byte	19                      @ DW_FORM_ref4
	.byte	63                      @ DW_AT_external
	.byte	12                      @ DW_FORM_flag
	.byte	58                      @ DW_AT_decl_file
	.byte	11                      @ DW_FORM_data1
	.byte	59                      @ DW_AT_decl_line
	.byte	11                      @ DW_FORM_data1
	.byte	2                       @ DW_AT_location
	.byte	10                      @ DW_FORM_block1
	.byte	0                       @ EOM(1)
	.byte	0                       @ EOM(2)
	.byte	3                       @ Abbreviation Code
	.byte	22                      @ DW_TAG_typedef
	.byte	0                       @ DW_CHILDREN_no
	.byte	73                      @ DW_AT_type
	.byte	19                      @ DW_FORM_ref4
	.byte	3                       @ DW_AT_name
	.byte	14                      @ DW_FORM_strp
	.byte	58                      @ DW_AT_decl_file
	.byte	11                      @ DW_FORM_data1
	.byte	59                      @ DW_AT_decl_line
	.byte	11                      @ DW_FORM_data1
	.byte	0                       @ EOM(1)
	.byte	0                       @ EOM(2)
	.byte	4                       @ Abbreviation Code
	.byte	36                      @ DW_TAG_base_type
	.byte	0                       @ DW_CHILDREN_no
	.byte	3                       @ DW_AT_name
	.byte	14                      @ DW_FORM_strp
	.byte	62                      @ DW_AT_encoding
	.byte	11                      @ DW_FORM_data1
	.byte	11                      @ DW_AT_byte_size
	.byte	11                      @ DW_FORM_data1
	.byte	0                       @ EOM(1)
	.byte	0                       @ EOM(2)
	.byte	5                       @ Abbreviation Code
	.byte	15                      @ DW_TAG_pointer_type
	.byte	0                       @ DW_CHILDREN_no
	.byte	73                      @ DW_AT_type
	.byte	19                      @ DW_FORM_ref4
	.byte	0                       @ EOM(1)
	.byte	0                       @ EOM(2)
	.byte	6                       @ Abbreviation Code
	.byte	1                       @ DW_TAG_array_type
	.byte	1                       @ DW_CHILDREN_yes
	.byte	73                      @ DW_AT_type
	.byte	19                      @ DW_FORM_ref4
	.byte	0                       @ EOM(1)
	.byte	0                       @ EOM(2)
	.byte	7                       @ Abbreviation Code
	.byte	33                      @ DW_TAG_subrange_type
	.byte	0                       @ DW_CHILDREN_no
	.byte	73                      @ DW_AT_type
	.byte	19                      @ DW_FORM_ref4
	.byte	55                      @ DW_AT_count
	.byte	5                       @ DW_FORM_data2
	.byte	0                       @ EOM(1)
	.byte	0                       @ EOM(2)
	.byte	8                       @ Abbreviation Code
	.byte	36                      @ DW_TAG_base_type
	.byte	0                       @ DW_CHILDREN_no
	.byte	3                       @ DW_AT_name
	.byte	14                      @ DW_FORM_strp
	.byte	11                      @ DW_AT_byte_size
	.byte	11                      @ DW_FORM_data1
	.byte	62                      @ DW_AT_encoding
	.byte	11                      @ DW_FORM_data1
	.byte	0                       @ EOM(1)
	.byte	0                       @ EOM(2)
	.byte	9                       @ Abbreviation Code
	.byte	4                       @ DW_TAG_enumeration_type
	.byte	1                       @ DW_CHILDREN_yes
	.byte	73                      @ DW_AT_type
	.byte	19                      @ DW_FORM_ref4
	.byte	11                      @ DW_AT_byte_size
	.byte	11                      @ DW_FORM_data1
	.byte	58                      @ DW_AT_decl_file
	.byte	11                      @ DW_FORM_data1
	.byte	59                      @ DW_AT_decl_line
	.byte	5                       @ DW_FORM_data2
	.byte	0                       @ EOM(1)
	.byte	0                       @ EOM(2)
	.byte	10                      @ Abbreviation Code
	.byte	40                      @ DW_TAG_enumerator
	.byte	0                       @ DW_CHILDREN_no
	.byte	3                       @ DW_AT_name
	.byte	14                      @ DW_FORM_strp
	.byte	28                      @ DW_AT_const_value
	.byte	15                      @ DW_FORM_udata
	.byte	0                       @ EOM(1)
	.byte	0                       @ EOM(2)
	.byte	11                      @ Abbreviation Code
	.byte	4                       @ DW_TAG_enumeration_type
	.byte	1                       @ DW_CHILDREN_yes
	.byte	73                      @ DW_AT_type
	.byte	19                      @ DW_FORM_ref4
	.byte	11                      @ DW_AT_byte_size
	.byte	11                      @ DW_FORM_data1
	.byte	58                      @ DW_AT_decl_file
	.byte	11                      @ DW_FORM_data1
	.byte	59                      @ DW_AT_decl_line
	.byte	11                      @ DW_FORM_data1
	.byte	0                       @ EOM(1)
	.byte	0                       @ EOM(2)
	.byte	12                      @ Abbreviation Code
	.byte	4                       @ DW_TAG_enumeration_type
	.byte	1                       @ DW_CHILDREN_yes
	.byte	73                      @ DW_AT_type
	.byte	19                      @ DW_FORM_ref4
	.byte	3                       @ DW_AT_name
	.byte	14                      @ DW_FORM_strp
	.byte	11                      @ DW_AT_byte_size
	.byte	11                      @ DW_FORM_data1
	.byte	58                      @ DW_AT_decl_file
	.byte	11                      @ DW_FORM_data1
	.byte	59                      @ DW_AT_decl_line
	.byte	11                      @ DW_FORM_data1
	.byte	0                       @ EOM(1)
	.byte	0                       @ EOM(2)
	.byte	13                      @ Abbreviation Code
	.byte	40                      @ DW_TAG_enumerator
	.byte	0                       @ DW_CHILDREN_no
	.byte	3                       @ DW_AT_name
	.byte	14                      @ DW_FORM_strp
	.byte	28                      @ DW_AT_const_value
	.byte	13                      @ DW_FORM_sdata
	.byte	0                       @ EOM(1)
	.byte	0                       @ EOM(2)
	.byte	14                      @ Abbreviation Code
	.byte	22                      @ DW_TAG_typedef
	.byte	0                       @ DW_CHILDREN_no
	.byte	73                      @ DW_AT_type
	.byte	19                      @ DW_FORM_ref4
	.byte	3                       @ DW_AT_name
	.byte	14                      @ DW_FORM_strp
	.byte	58                      @ DW_AT_decl_file
	.byte	11                      @ DW_FORM_data1
	.byte	59                      @ DW_AT_decl_line
	.byte	5                       @ DW_FORM_data2
	.byte	0                       @ EOM(1)
	.byte	0                       @ EOM(2)
	.byte	15                      @ Abbreviation Code
	.byte	19                      @ DW_TAG_structure_type
	.byte	1                       @ DW_CHILDREN_yes
	.byte	11                      @ DW_AT_byte_size
	.byte	11                      @ DW_FORM_data1
	.byte	58                      @ DW_AT_decl_file
	.byte	11                      @ DW_FORM_data1
	.byte	59                      @ DW_AT_decl_line
	.byte	5                       @ DW_FORM_data2
	.byte	0                       @ EOM(1)
	.byte	0                       @ EOM(2)
	.byte	16                      @ Abbreviation Code
	.byte	13                      @ DW_TAG_member
	.byte	0                       @ DW_CHILDREN_no
	.byte	3                       @ DW_AT_name
	.byte	14                      @ DW_FORM_strp
	.byte	73                      @ DW_AT_type
	.byte	19                      @ DW_FORM_ref4
	.byte	58                      @ DW_AT_decl_file
	.byte	11                      @ DW_FORM_data1
	.byte	59                      @ DW_AT_decl_line
	.byte	5                       @ DW_FORM_data2
	.byte	56                      @ DW_AT_data_member_location
	.byte	11                      @ DW_FORM_data1
	.byte	0                       @ EOM(1)
	.byte	0                       @ EOM(2)
	.byte	17                      @ Abbreviation Code
	.byte	53                      @ DW_TAG_volatile_type
	.byte	0                       @ DW_CHILDREN_no
	.byte	73                      @ DW_AT_type
	.byte	19                      @ DW_FORM_ref4
	.byte	0                       @ EOM(1)
	.byte	0                       @ EOM(2)
	.byte	18                      @ Abbreviation Code
	.byte	33                      @ DW_TAG_subrange_type
	.byte	0                       @ DW_CHILDREN_no
	.byte	73                      @ DW_AT_type
	.byte	19                      @ DW_FORM_ref4
	.byte	55                      @ DW_AT_count
	.byte	11                      @ DW_FORM_data1
	.byte	0                       @ EOM(1)
	.byte	0                       @ EOM(2)
	.byte	19                      @ Abbreviation Code
	.byte	46                      @ DW_TAG_subprogram
	.byte	1                       @ DW_CHILDREN_yes
	.byte	17                      @ DW_AT_low_pc
	.byte	1                       @ DW_FORM_addr
	.byte	18                      @ DW_AT_high_pc
	.byte	1                       @ DW_FORM_addr
	.byte	64                      @ DW_AT_frame_base
	.byte	10                      @ DW_FORM_block1
	.byte	3                       @ DW_AT_name
	.byte	14                      @ DW_FORM_strp
	.byte	58                      @ DW_AT_decl_file
	.byte	11                      @ DW_FORM_data1
	.byte	59                      @ DW_AT_decl_line
	.byte	11                      @ DW_FORM_data1
	.byte	39                      @ DW_AT_prototyped
	.byte	12                      @ DW_FORM_flag
	.byte	63                      @ DW_AT_external
	.byte	12                      @ DW_FORM_flag
	.byte	0                       @ EOM(1)
	.byte	0                       @ EOM(2)
	.byte	20                      @ Abbreviation Code
	.byte	5                       @ DW_TAG_formal_parameter
	.byte	0                       @ DW_CHILDREN_no
	.byte	2                       @ DW_AT_location
	.byte	6                       @ DW_FORM_data4
	.byte	3                       @ DW_AT_name
	.byte	14                      @ DW_FORM_strp
	.byte	58                      @ DW_AT_decl_file
	.byte	11                      @ DW_FORM_data1
	.byte	59                      @ DW_AT_decl_line
	.byte	11                      @ DW_FORM_data1
	.byte	73                      @ DW_AT_type
	.byte	19                      @ DW_FORM_ref4
	.byte	0                       @ EOM(1)
	.byte	0                       @ EOM(2)
	.byte	21                      @ Abbreviation Code
	.byte	52                      @ DW_TAG_variable
	.byte	0                       @ DW_CHILDREN_no
	.byte	2                       @ DW_AT_location
	.byte	6                       @ DW_FORM_data4
	.byte	3                       @ DW_AT_name
	.byte	14                      @ DW_FORM_strp
	.byte	58                      @ DW_AT_decl_file
	.byte	11                      @ DW_FORM_data1
	.byte	59                      @ DW_AT_decl_line
	.byte	11                      @ DW_FORM_data1
	.byte	73                      @ DW_AT_type
	.byte	19                      @ DW_FORM_ref4
	.byte	0                       @ EOM(1)
	.byte	0                       @ EOM(2)
	.byte	22                      @ Abbreviation Code
	.byte	46                      @ DW_TAG_subprogram
	.byte	0                       @ DW_CHILDREN_no
	.byte	17                      @ DW_AT_low_pc
	.byte	1                       @ DW_FORM_addr
	.byte	18                      @ DW_AT_high_pc
	.byte	1                       @ DW_FORM_addr
	.byte	64                      @ DW_AT_frame_base
	.byte	10                      @ DW_FORM_block1
	.byte	3                       @ DW_AT_name
	.byte	14                      @ DW_FORM_strp
	.byte	58                      @ DW_AT_decl_file
	.byte	11                      @ DW_FORM_data1
	.byte	59                      @ DW_AT_decl_line
	.byte	11                      @ DW_FORM_data1
	.byte	39                      @ DW_AT_prototyped
	.byte	12                      @ DW_FORM_flag
	.byte	63                      @ DW_AT_external
	.byte	12                      @ DW_FORM_flag
	.byte	0                       @ EOM(1)
	.byte	0                       @ EOM(2)
	.byte	23                      @ Abbreviation Code
	.byte	19                      @ DW_TAG_structure_type
	.byte	1                       @ DW_CHILDREN_yes
	.byte	11                      @ DW_AT_byte_size
	.byte	11                      @ DW_FORM_data1
	.byte	58                      @ DW_AT_decl_file
	.byte	11                      @ DW_FORM_data1
	.byte	59                      @ DW_AT_decl_line
	.byte	11                      @ DW_FORM_data1
	.byte	0                       @ EOM(1)
	.byte	0                       @ EOM(2)
	.byte	24                      @ Abbreviation Code
	.byte	13                      @ DW_TAG_member
	.byte	0                       @ DW_CHILDREN_no
	.byte	3                       @ DW_AT_name
	.byte	14                      @ DW_FORM_strp
	.byte	73                      @ DW_AT_type
	.byte	19                      @ DW_FORM_ref4
	.byte	58                      @ DW_AT_decl_file
	.byte	11                      @ DW_FORM_data1
	.byte	59                      @ DW_AT_decl_line
	.byte	11                      @ DW_FORM_data1
	.byte	56                      @ DW_AT_data_member_location
	.byte	11                      @ DW_FORM_data1
	.byte	0                       @ EOM(1)
	.byte	0                       @ EOM(2)
	.byte	0                       @ EOM(3)
	.section	.debug_info,"",%progbits
.Lcu_begin0:
	.long	.Ldebug_info_end0-.Ldebug_info_start0 @ Length of Unit
.Ldebug_info_start0:
	.short	3                       @ DWARF version number
	.long	.debug_abbrev           @ Offset Into Abbrev. Section
	.byte	4                       @ Address Size (in bytes)
	.byte	1                       @ Abbrev [1] 0xb:0x746 DW_TAG_compile_unit
	.long	.Linfo_string0          @ DW_AT_producer
	.short	12                      @ DW_AT_language
	.long	.Linfo_string1          @ DW_AT_name
	.long	.Lline_table_start0     @ DW_AT_stmt_list
	.long	.Linfo_string2          @ DW_AT_comp_dir
	.long	0                       @ DW_AT_low_pc
	.long	.Ldebug_ranges0         @ DW_AT_ranges
	.byte	2                       @ Abbrev [2] 0x26:0x12 DW_TAG_variable
	.long	.Linfo_string3          @ DW_AT_name
	.long	56                      @ DW_AT_type
	.byte	1                       @ DW_AT_external
	.byte	2                       @ DW_AT_decl_file
	.byte	23                      @ DW_AT_decl_line
	.byte	5                       @ DW_AT_location
	.byte	3
	.long	rs485_rx_cnt
	.byte	3                       @ Abbrev [3] 0x38:0xb DW_TAG_typedef
	.long	67                      @ DW_AT_type
	.long	.Linfo_string5          @ DW_AT_name
	.byte	1                       @ DW_AT_decl_file
	.byte	63                      @ DW_AT_decl_line
	.byte	4                       @ Abbrev [4] 0x43:0x7 DW_TAG_base_type
	.long	.Linfo_string4          @ DW_AT_name
	.byte	7                       @ DW_AT_encoding
	.byte	2                       @ DW_AT_byte_size
	.byte	2                       @ Abbrev [2] 0x4a:0x12 DW_TAG_variable
	.long	.Linfo_string6          @ DW_AT_name
	.long	92                      @ DW_AT_type
	.byte	1                       @ DW_AT_external
	.byte	2                       @ DW_AT_decl_file
	.byte	24                      @ DW_AT_decl_line
	.byte	5                       @ DW_AT_location
	.byte	3
	.long	p_comm_buffer
	.byte	5                       @ Abbrev [5] 0x5c:0x5 DW_TAG_pointer_type
	.long	97                      @ DW_AT_type
	.byte	3                       @ Abbrev [3] 0x61:0xb DW_TAG_typedef
	.long	108                     @ DW_AT_type
	.long	.Linfo_string8          @ DW_AT_name
	.byte	1                       @ DW_AT_decl_file
	.byte	62                      @ DW_AT_decl_line
	.byte	4                       @ Abbrev [4] 0x6c:0x7 DW_TAG_base_type
	.long	.Linfo_string7          @ DW_AT_name
	.byte	8                       @ DW_AT_encoding
	.byte	1                       @ DW_AT_byte_size
	.byte	2                       @ Abbrev [2] 0x73:0x12 DW_TAG_variable
	.long	.Linfo_string9          @ DW_AT_name
	.long	133                     @ DW_AT_type
	.byte	1                       @ DW_AT_external
	.byte	2                       @ DW_AT_decl_file
	.byte	25                      @ DW_AT_decl_line
	.byte	5                       @ DW_AT_location
	.byte	3
	.long	rx_buffer
	.byte	6                       @ Abbrev [6] 0x85:0xd DW_TAG_array_type
	.long	97                      @ DW_AT_type
	.byte	7                       @ Abbrev [7] 0x8a:0x7 DW_TAG_subrange_type
	.long	146                     @ DW_AT_type
	.short	256                     @ DW_AT_count
	.byte	0                       @ End Of Children Mark
	.byte	8                       @ Abbrev [8] 0x92:0x7 DW_TAG_base_type
	.long	.Linfo_string10         @ DW_AT_name
	.byte	8                       @ DW_AT_byte_size
	.byte	7                       @ DW_AT_encoding
	.byte	2                       @ Abbrev [2] 0x99:0x12 DW_TAG_variable
	.long	.Linfo_string11         @ DW_AT_name
	.long	133                     @ DW_AT_type
	.byte	1                       @ DW_AT_external
	.byte	2                       @ DW_AT_decl_file
	.byte	26                      @ DW_AT_decl_line
	.byte	5                       @ DW_AT_location
	.byte	3
	.long	tx_buffer
	.byte	9                       @ Abbrev [9] 0xab:0x16 DW_TAG_enumeration_type
	.long	108                     @ DW_AT_type
	.byte	1                       @ DW_AT_byte_size
	.byte	3                       @ DW_AT_decl_file
	.short	589                     @ DW_AT_decl_line
	.byte	10                      @ Abbrev [10] 0xb4:0x6 DW_TAG_enumerator
	.long	.Linfo_string12         @ DW_AT_name
	.byte	0                       @ DW_AT_const_value
	.byte	10                      @ Abbrev [10] 0xba:0x6 DW_TAG_enumerator
	.long	.Linfo_string13         @ DW_AT_name
	.byte	1                       @ DW_AT_const_value
	.byte	0                       @ End Of Children Mark
	.byte	11                      @ Abbrev [11] 0xc1:0x21 DW_TAG_enumeration_type
	.long	108                     @ DW_AT_type
	.byte	1                       @ DW_AT_byte_size
	.byte	4                       @ DW_AT_decl_file
	.byte	65                      @ DW_AT_decl_line
	.byte	10                      @ Abbrev [10] 0xc9:0x6 DW_TAG_enumerator
	.long	.Linfo_string14         @ DW_AT_name
	.byte	0                       @ DW_AT_const_value
	.byte	10                      @ Abbrev [10] 0xcf:0x6 DW_TAG_enumerator
	.long	.Linfo_string15         @ DW_AT_name
	.byte	1                       @ DW_AT_const_value
	.byte	10                      @ Abbrev [10] 0xd5:0x6 DW_TAG_enumerator
	.long	.Linfo_string16         @ DW_AT_name
	.byte	2                       @ DW_AT_const_value
	.byte	10                      @ Abbrev [10] 0xdb:0x6 DW_TAG_enumerator
	.long	.Linfo_string17         @ DW_AT_name
	.byte	3                       @ DW_AT_const_value
	.byte	0                       @ End Of Children Mark
	.byte	11                      @ Abbrev [11] 0xe2:0x21 DW_TAG_enumeration_type
	.long	108                     @ DW_AT_type
	.byte	1                       @ DW_AT_byte_size
	.byte	4                       @ DW_AT_decl_file
	.byte	89                      @ DW_AT_decl_line
	.byte	10                      @ Abbrev [10] 0xea:0x6 DW_TAG_enumerator
	.long	.Linfo_string18         @ DW_AT_name
	.byte	0                       @ DW_AT_const_value
	.byte	10                      @ Abbrev [10] 0xf0:0x6 DW_TAG_enumerator
	.long	.Linfo_string19         @ DW_AT_name
	.byte	1                       @ DW_AT_const_value
	.byte	10                      @ Abbrev [10] 0xf6:0x6 DW_TAG_enumerator
	.long	.Linfo_string20         @ DW_AT_name
	.byte	2                       @ DW_AT_const_value
	.byte	10                      @ Abbrev [10] 0xfc:0x6 DW_TAG_enumerator
	.long	.Linfo_string21         @ DW_AT_name
	.byte	3                       @ DW_AT_const_value
	.byte	0                       @ End Of Children Mark
	.byte	11                      @ Abbrev [11] 0x103:0x15 DW_TAG_enumeration_type
	.long	108                     @ DW_AT_type
	.byte	1                       @ DW_AT_byte_size
	.byte	4                       @ DW_AT_decl_file
	.byte	78                      @ DW_AT_decl_line
	.byte	10                      @ Abbrev [10] 0x10b:0x6 DW_TAG_enumerator
	.long	.Linfo_string22         @ DW_AT_name
	.byte	0                       @ DW_AT_const_value
	.byte	10                      @ Abbrev [10] 0x111:0x6 DW_TAG_enumerator
	.long	.Linfo_string23         @ DW_AT_name
	.byte	1                       @ DW_AT_const_value
	.byte	0                       @ End Of Children Mark
	.byte	11                      @ Abbrev [11] 0x118:0x1b DW_TAG_enumeration_type
	.long	108                     @ DW_AT_type
	.byte	1                       @ DW_AT_byte_size
	.byte	4                       @ DW_AT_decl_file
	.byte	109                     @ DW_AT_decl_line
	.byte	10                      @ Abbrev [10] 0x120:0x6 DW_TAG_enumerator
	.long	.Linfo_string24         @ DW_AT_name
	.byte	0                       @ DW_AT_const_value
	.byte	10                      @ Abbrev [10] 0x126:0x6 DW_TAG_enumerator
	.long	.Linfo_string25         @ DW_AT_name
	.byte	1                       @ DW_AT_const_value
	.byte	10                      @ Abbrev [10] 0x12c:0x6 DW_TAG_enumerator
	.long	.Linfo_string26         @ DW_AT_name
	.byte	2                       @ DW_AT_const_value
	.byte	0                       @ End Of Children Mark
	.byte	12                      @ Abbrev [12] 0x133:0x27a DW_TAG_enumeration_type
	.long	941                     @ DW_AT_type
	.long	.Linfo_string127        @ DW_AT_name
	.byte	1                       @ DW_AT_byte_size
	.byte	3                       @ DW_AT_decl_file
	.byte	180                     @ DW_AT_decl_line
	.byte	13                      @ Abbrev [13] 0x13f:0x6 DW_TAG_enumerator
	.long	.Linfo_string28         @ DW_AT_name
	.byte	114                     @ DW_AT_const_value
	.byte	13                      @ Abbrev [13] 0x145:0x6 DW_TAG_enumerator
	.long	.Linfo_string29         @ DW_AT_name
	.byte	116                     @ DW_AT_const_value
	.byte	13                      @ Abbrev [13] 0x14b:0x6 DW_TAG_enumerator
	.long	.Linfo_string30         @ DW_AT_name
	.byte	117                     @ DW_AT_const_value
	.byte	13                      @ Abbrev [13] 0x151:0x6 DW_TAG_enumerator
	.long	.Linfo_string31         @ DW_AT_name
	.byte	118                     @ DW_AT_const_value
	.byte	13                      @ Abbrev [13] 0x157:0x6 DW_TAG_enumerator
	.long	.Linfo_string32         @ DW_AT_name
	.byte	123                     @ DW_AT_const_value
	.byte	13                      @ Abbrev [13] 0x15d:0x6 DW_TAG_enumerator
	.long	.Linfo_string33         @ DW_AT_name
	.byte	124                     @ DW_AT_const_value
	.byte	13                      @ Abbrev [13] 0x163:0x6 DW_TAG_enumerator
	.long	.Linfo_string34         @ DW_AT_name
	.byte	126                     @ DW_AT_const_value
	.byte	13                      @ Abbrev [13] 0x169:0x6 DW_TAG_enumerator
	.long	.Linfo_string35         @ DW_AT_name
	.byte	127                     @ DW_AT_const_value
	.byte	13                      @ Abbrev [13] 0x16f:0x6 DW_TAG_enumerator
	.long	.Linfo_string36         @ DW_AT_name
	.byte	0                       @ DW_AT_const_value
	.byte	13                      @ Abbrev [13] 0x175:0x6 DW_TAG_enumerator
	.long	.Linfo_string37         @ DW_AT_name
	.byte	1                       @ DW_AT_const_value
	.byte	13                      @ Abbrev [13] 0x17b:0x6 DW_TAG_enumerator
	.long	.Linfo_string38         @ DW_AT_name
	.byte	2                       @ DW_AT_const_value
	.byte	13                      @ Abbrev [13] 0x181:0x6 DW_TAG_enumerator
	.long	.Linfo_string39         @ DW_AT_name
	.byte	3                       @ DW_AT_const_value
	.byte	13                      @ Abbrev [13] 0x187:0x6 DW_TAG_enumerator
	.long	.Linfo_string40         @ DW_AT_name
	.byte	4                       @ DW_AT_const_value
	.byte	13                      @ Abbrev [13] 0x18d:0x6 DW_TAG_enumerator
	.long	.Linfo_string41         @ DW_AT_name
	.byte	5                       @ DW_AT_const_value
	.byte	13                      @ Abbrev [13] 0x193:0x6 DW_TAG_enumerator
	.long	.Linfo_string42         @ DW_AT_name
	.byte	6                       @ DW_AT_const_value
	.byte	13                      @ Abbrev [13] 0x199:0x6 DW_TAG_enumerator
	.long	.Linfo_string43         @ DW_AT_name
	.byte	7                       @ DW_AT_const_value
	.byte	13                      @ Abbrev [13] 0x19f:0x6 DW_TAG_enumerator
	.long	.Linfo_string44         @ DW_AT_name
	.byte	8                       @ DW_AT_const_value
	.byte	13                      @ Abbrev [13] 0x1a5:0x6 DW_TAG_enumerator
	.long	.Linfo_string45         @ DW_AT_name
	.byte	9                       @ DW_AT_const_value
	.byte	13                      @ Abbrev [13] 0x1ab:0x6 DW_TAG_enumerator
	.long	.Linfo_string46         @ DW_AT_name
	.byte	10                      @ DW_AT_const_value
	.byte	13                      @ Abbrev [13] 0x1b1:0x6 DW_TAG_enumerator
	.long	.Linfo_string47         @ DW_AT_name
	.byte	11                      @ DW_AT_const_value
	.byte	13                      @ Abbrev [13] 0x1b7:0x6 DW_TAG_enumerator
	.long	.Linfo_string48         @ DW_AT_name
	.byte	12                      @ DW_AT_const_value
	.byte	13                      @ Abbrev [13] 0x1bd:0x6 DW_TAG_enumerator
	.long	.Linfo_string49         @ DW_AT_name
	.byte	13                      @ DW_AT_const_value
	.byte	13                      @ Abbrev [13] 0x1c3:0x6 DW_TAG_enumerator
	.long	.Linfo_string50         @ DW_AT_name
	.byte	14                      @ DW_AT_const_value
	.byte	13                      @ Abbrev [13] 0x1c9:0x6 DW_TAG_enumerator
	.long	.Linfo_string51         @ DW_AT_name
	.byte	15                      @ DW_AT_const_value
	.byte	13                      @ Abbrev [13] 0x1cf:0x6 DW_TAG_enumerator
	.long	.Linfo_string52         @ DW_AT_name
	.byte	16                      @ DW_AT_const_value
	.byte	13                      @ Abbrev [13] 0x1d5:0x6 DW_TAG_enumerator
	.long	.Linfo_string53         @ DW_AT_name
	.byte	17                      @ DW_AT_const_value
	.byte	13                      @ Abbrev [13] 0x1db:0x6 DW_TAG_enumerator
	.long	.Linfo_string54         @ DW_AT_name
	.byte	18                      @ DW_AT_const_value
	.byte	13                      @ Abbrev [13] 0x1e1:0x6 DW_TAG_enumerator
	.long	.Linfo_string55         @ DW_AT_name
	.byte	19                      @ DW_AT_const_value
	.byte	13                      @ Abbrev [13] 0x1e7:0x6 DW_TAG_enumerator
	.long	.Linfo_string56         @ DW_AT_name
	.byte	20                      @ DW_AT_const_value
	.byte	13                      @ Abbrev [13] 0x1ed:0x6 DW_TAG_enumerator
	.long	.Linfo_string57         @ DW_AT_name
	.byte	21                      @ DW_AT_const_value
	.byte	13                      @ Abbrev [13] 0x1f3:0x6 DW_TAG_enumerator
	.long	.Linfo_string58         @ DW_AT_name
	.byte	22                      @ DW_AT_const_value
	.byte	13                      @ Abbrev [13] 0x1f9:0x6 DW_TAG_enumerator
	.long	.Linfo_string59         @ DW_AT_name
	.byte	23                      @ DW_AT_const_value
	.byte	13                      @ Abbrev [13] 0x1ff:0x6 DW_TAG_enumerator
	.long	.Linfo_string60         @ DW_AT_name
	.byte	24                      @ DW_AT_const_value
	.byte	13                      @ Abbrev [13] 0x205:0x6 DW_TAG_enumerator
	.long	.Linfo_string61         @ DW_AT_name
	.byte	25                      @ DW_AT_const_value
	.byte	13                      @ Abbrev [13] 0x20b:0x6 DW_TAG_enumerator
	.long	.Linfo_string62         @ DW_AT_name
	.byte	26                      @ DW_AT_const_value
	.byte	13                      @ Abbrev [13] 0x211:0x6 DW_TAG_enumerator
	.long	.Linfo_string63         @ DW_AT_name
	.byte	27                      @ DW_AT_const_value
	.byte	13                      @ Abbrev [13] 0x217:0x6 DW_TAG_enumerator
	.long	.Linfo_string64         @ DW_AT_name
	.byte	28                      @ DW_AT_const_value
	.byte	13                      @ Abbrev [13] 0x21d:0x6 DW_TAG_enumerator
	.long	.Linfo_string65         @ DW_AT_name
	.byte	29                      @ DW_AT_const_value
	.byte	13                      @ Abbrev [13] 0x223:0x6 DW_TAG_enumerator
	.long	.Linfo_string66         @ DW_AT_name
	.byte	30                      @ DW_AT_const_value
	.byte	13                      @ Abbrev [13] 0x229:0x6 DW_TAG_enumerator
	.long	.Linfo_string67         @ DW_AT_name
	.byte	31                      @ DW_AT_const_value
	.byte	13                      @ Abbrev [13] 0x22f:0x6 DW_TAG_enumerator
	.long	.Linfo_string68         @ DW_AT_name
	.byte	32                      @ DW_AT_const_value
	.byte	13                      @ Abbrev [13] 0x235:0x6 DW_TAG_enumerator
	.long	.Linfo_string69         @ DW_AT_name
	.byte	33                      @ DW_AT_const_value
	.byte	13                      @ Abbrev [13] 0x23b:0x6 DW_TAG_enumerator
	.long	.Linfo_string70         @ DW_AT_name
	.byte	34                      @ DW_AT_const_value
	.byte	13                      @ Abbrev [13] 0x241:0x6 DW_TAG_enumerator
	.long	.Linfo_string71         @ DW_AT_name
	.byte	35                      @ DW_AT_const_value
	.byte	13                      @ Abbrev [13] 0x247:0x6 DW_TAG_enumerator
	.long	.Linfo_string72         @ DW_AT_name
	.byte	36                      @ DW_AT_const_value
	.byte	13                      @ Abbrev [13] 0x24d:0x6 DW_TAG_enumerator
	.long	.Linfo_string73         @ DW_AT_name
	.byte	37                      @ DW_AT_const_value
	.byte	13                      @ Abbrev [13] 0x253:0x6 DW_TAG_enumerator
	.long	.Linfo_string74         @ DW_AT_name
	.byte	38                      @ DW_AT_const_value
	.byte	13                      @ Abbrev [13] 0x259:0x6 DW_TAG_enumerator
	.long	.Linfo_string75         @ DW_AT_name
	.byte	39                      @ DW_AT_const_value
	.byte	13                      @ Abbrev [13] 0x25f:0x6 DW_TAG_enumerator
	.long	.Linfo_string76         @ DW_AT_name
	.byte	40                      @ DW_AT_const_value
	.byte	13                      @ Abbrev [13] 0x265:0x6 DW_TAG_enumerator
	.long	.Linfo_string77         @ DW_AT_name
	.byte	41                      @ DW_AT_const_value
	.byte	13                      @ Abbrev [13] 0x26b:0x6 DW_TAG_enumerator
	.long	.Linfo_string78         @ DW_AT_name
	.byte	42                      @ DW_AT_const_value
	.byte	13                      @ Abbrev [13] 0x271:0x6 DW_TAG_enumerator
	.long	.Linfo_string79         @ DW_AT_name
	.byte	43                      @ DW_AT_const_value
	.byte	13                      @ Abbrev [13] 0x277:0x6 DW_TAG_enumerator
	.long	.Linfo_string80         @ DW_AT_name
	.byte	44                      @ DW_AT_const_value
	.byte	13                      @ Abbrev [13] 0x27d:0x6 DW_TAG_enumerator
	.long	.Linfo_string81         @ DW_AT_name
	.byte	45                      @ DW_AT_const_value
	.byte	13                      @ Abbrev [13] 0x283:0x6 DW_TAG_enumerator
	.long	.Linfo_string82         @ DW_AT_name
	.byte	46                      @ DW_AT_const_value
	.byte	13                      @ Abbrev [13] 0x289:0x6 DW_TAG_enumerator
	.long	.Linfo_string83         @ DW_AT_name
	.byte	47                      @ DW_AT_const_value
	.byte	13                      @ Abbrev [13] 0x28f:0x6 DW_TAG_enumerator
	.long	.Linfo_string84         @ DW_AT_name
	.byte	48                      @ DW_AT_const_value
	.byte	13                      @ Abbrev [13] 0x295:0x6 DW_TAG_enumerator
	.long	.Linfo_string85         @ DW_AT_name
	.byte	49                      @ DW_AT_const_value
	.byte	13                      @ Abbrev [13] 0x29b:0x6 DW_TAG_enumerator
	.long	.Linfo_string86         @ DW_AT_name
	.byte	50                      @ DW_AT_const_value
	.byte	13                      @ Abbrev [13] 0x2a1:0x6 DW_TAG_enumerator
	.long	.Linfo_string87         @ DW_AT_name
	.byte	51                      @ DW_AT_const_value
	.byte	13                      @ Abbrev [13] 0x2a7:0x6 DW_TAG_enumerator
	.long	.Linfo_string88         @ DW_AT_name
	.byte	52                      @ DW_AT_const_value
	.byte	13                      @ Abbrev [13] 0x2ad:0x6 DW_TAG_enumerator
	.long	.Linfo_string89         @ DW_AT_name
	.byte	53                      @ DW_AT_const_value
	.byte	13                      @ Abbrev [13] 0x2b3:0x6 DW_TAG_enumerator
	.long	.Linfo_string90         @ DW_AT_name
	.byte	54                      @ DW_AT_const_value
	.byte	13                      @ Abbrev [13] 0x2b9:0x6 DW_TAG_enumerator
	.long	.Linfo_string91         @ DW_AT_name
	.byte	55                      @ DW_AT_const_value
	.byte	13                      @ Abbrev [13] 0x2bf:0x6 DW_TAG_enumerator
	.long	.Linfo_string92         @ DW_AT_name
	.byte	56                      @ DW_AT_const_value
	.byte	13                      @ Abbrev [13] 0x2c5:0x6 DW_TAG_enumerator
	.long	.Linfo_string93         @ DW_AT_name
	.byte	57                      @ DW_AT_const_value
	.byte	13                      @ Abbrev [13] 0x2cb:0x6 DW_TAG_enumerator
	.long	.Linfo_string94         @ DW_AT_name
	.byte	58                      @ DW_AT_const_value
	.byte	13                      @ Abbrev [13] 0x2d1:0x6 DW_TAG_enumerator
	.long	.Linfo_string95         @ DW_AT_name
	.byte	59                      @ DW_AT_const_value
	.byte	13                      @ Abbrev [13] 0x2d7:0x6 DW_TAG_enumerator
	.long	.Linfo_string96         @ DW_AT_name
	.byte	60                      @ DW_AT_const_value
	.byte	13                      @ Abbrev [13] 0x2dd:0x6 DW_TAG_enumerator
	.long	.Linfo_string97         @ DW_AT_name
	.byte	61                      @ DW_AT_const_value
	.byte	13                      @ Abbrev [13] 0x2e3:0x6 DW_TAG_enumerator
	.long	.Linfo_string98         @ DW_AT_name
	.byte	62                      @ DW_AT_const_value
	.byte	13                      @ Abbrev [13] 0x2e9:0x6 DW_TAG_enumerator
	.long	.Linfo_string99         @ DW_AT_name
	.byte	63                      @ DW_AT_const_value
	.byte	13                      @ Abbrev [13] 0x2ef:0x7 DW_TAG_enumerator
	.long	.Linfo_string100        @ DW_AT_name
	.asciz	"\300"                  @ DW_AT_const_value
	.byte	13                      @ Abbrev [13] 0x2f6:0x7 DW_TAG_enumerator
	.long	.Linfo_string101        @ DW_AT_name
	.asciz	"\301"                  @ DW_AT_const_value
	.byte	13                      @ Abbrev [13] 0x2fd:0x7 DW_TAG_enumerator
	.long	.Linfo_string102        @ DW_AT_name
	.asciz	"\302"                  @ DW_AT_const_value
	.byte	13                      @ Abbrev [13] 0x304:0x7 DW_TAG_enumerator
	.long	.Linfo_string103        @ DW_AT_name
	.asciz	"\303"                  @ DW_AT_const_value
	.byte	13                      @ Abbrev [13] 0x30b:0x7 DW_TAG_enumerator
	.long	.Linfo_string104        @ DW_AT_name
	.asciz	"\304"                  @ DW_AT_const_value
	.byte	13                      @ Abbrev [13] 0x312:0x7 DW_TAG_enumerator
	.long	.Linfo_string105        @ DW_AT_name
	.asciz	"\305"                  @ DW_AT_const_value
	.byte	13                      @ Abbrev [13] 0x319:0x7 DW_TAG_enumerator
	.long	.Linfo_string106        @ DW_AT_name
	.asciz	"\306"                  @ DW_AT_const_value
	.byte	13                      @ Abbrev [13] 0x320:0x7 DW_TAG_enumerator
	.long	.Linfo_string107        @ DW_AT_name
	.asciz	"\307"                  @ DW_AT_const_value
	.byte	13                      @ Abbrev [13] 0x327:0x7 DW_TAG_enumerator
	.long	.Linfo_string108        @ DW_AT_name
	.asciz	"\310"                  @ DW_AT_const_value
	.byte	13                      @ Abbrev [13] 0x32e:0x7 DW_TAG_enumerator
	.long	.Linfo_string109        @ DW_AT_name
	.asciz	"\311"                  @ DW_AT_const_value
	.byte	13                      @ Abbrev [13] 0x335:0x7 DW_TAG_enumerator
	.long	.Linfo_string110        @ DW_AT_name
	.asciz	"\312"                  @ DW_AT_const_value
	.byte	13                      @ Abbrev [13] 0x33c:0x7 DW_TAG_enumerator
	.long	.Linfo_string111        @ DW_AT_name
	.asciz	"\313"                  @ DW_AT_const_value
	.byte	13                      @ Abbrev [13] 0x343:0x7 DW_TAG_enumerator
	.long	.Linfo_string112        @ DW_AT_name
	.asciz	"\314"                  @ DW_AT_const_value
	.byte	13                      @ Abbrev [13] 0x34a:0x7 DW_TAG_enumerator
	.long	.Linfo_string113        @ DW_AT_name
	.asciz	"\315"                  @ DW_AT_const_value
	.byte	13                      @ Abbrev [13] 0x351:0x7 DW_TAG_enumerator
	.long	.Linfo_string114        @ DW_AT_name
	.asciz	"\316"                  @ DW_AT_const_value
	.byte	13                      @ Abbrev [13] 0x358:0x7 DW_TAG_enumerator
	.long	.Linfo_string115        @ DW_AT_name
	.asciz	"\317"                  @ DW_AT_const_value
	.byte	13                      @ Abbrev [13] 0x35f:0x7 DW_TAG_enumerator
	.long	.Linfo_string116        @ DW_AT_name
	.asciz	"\320"                  @ DW_AT_const_value
	.byte	13                      @ Abbrev [13] 0x366:0x7 DW_TAG_enumerator
	.long	.Linfo_string117        @ DW_AT_name
	.asciz	"\321"                  @ DW_AT_const_value
	.byte	13                      @ Abbrev [13] 0x36d:0x7 DW_TAG_enumerator
	.long	.Linfo_string118        @ DW_AT_name
	.asciz	"\322"                  @ DW_AT_const_value
	.byte	13                      @ Abbrev [13] 0x374:0x7 DW_TAG_enumerator
	.long	.Linfo_string119        @ DW_AT_name
	.asciz	"\323"                  @ DW_AT_const_value
	.byte	13                      @ Abbrev [13] 0x37b:0x7 DW_TAG_enumerator
	.long	.Linfo_string120        @ DW_AT_name
	.asciz	"\324"                  @ DW_AT_const_value
	.byte	13                      @ Abbrev [13] 0x382:0x7 DW_TAG_enumerator
	.long	.Linfo_string121        @ DW_AT_name
	.asciz	"\325"                  @ DW_AT_const_value
	.byte	13                      @ Abbrev [13] 0x389:0x7 DW_TAG_enumerator
	.long	.Linfo_string122        @ DW_AT_name
	.asciz	"\326"                  @ DW_AT_const_value
	.byte	13                      @ Abbrev [13] 0x390:0x7 DW_TAG_enumerator
	.long	.Linfo_string123        @ DW_AT_name
	.asciz	"\327"                  @ DW_AT_const_value
	.byte	13                      @ Abbrev [13] 0x397:0x7 DW_TAG_enumerator
	.long	.Linfo_string124        @ DW_AT_name
	.asciz	"\330"                  @ DW_AT_const_value
	.byte	13                      @ Abbrev [13] 0x39e:0x7 DW_TAG_enumerator
	.long	.Linfo_string125        @ DW_AT_name
	.asciz	"\331"                  @ DW_AT_const_value
	.byte	13                      @ Abbrev [13] 0x3a5:0x7 DW_TAG_enumerator
	.long	.Linfo_string126        @ DW_AT_name
	.asciz	"\332"                  @ DW_AT_const_value
	.byte	0                       @ End Of Children Mark
	.byte	4                       @ Abbrev [4] 0x3ad:0x7 DW_TAG_base_type
	.long	.Linfo_string27         @ DW_AT_name
	.byte	6                       @ DW_AT_encoding
	.byte	1                       @ DW_AT_byte_size
	.byte	11                      @ Abbrev [11] 0x3b4:0x15 DW_TAG_enumeration_type
	.long	108                     @ DW_AT_type
	.byte	1                       @ DW_AT_byte_size
	.byte	4                       @ DW_AT_decl_file
	.byte	121                     @ DW_AT_decl_line
	.byte	10                      @ Abbrev [10] 0x3bc:0x6 DW_TAG_enumerator
	.long	.Linfo_string128        @ DW_AT_name
	.byte	0                       @ DW_AT_const_value
	.byte	10                      @ Abbrev [10] 0x3c2:0x6 DW_TAG_enumerator
	.long	.Linfo_string129        @ DW_AT_name
	.byte	1                       @ DW_AT_const_value
	.byte	0                       @ End Of Children Mark
	.byte	9                       @ Abbrev [9] 0x3c9:0x16 DW_TAG_enumeration_type
	.long	108                     @ DW_AT_type
	.byte	1                       @ DW_AT_byte_size
	.byte	3                       @ DW_AT_decl_file
	.short	587                     @ DW_AT_decl_line
	.byte	10                      @ Abbrev [10] 0x3d2:0x6 DW_TAG_enumerator
	.long	.Linfo_string130        @ DW_AT_name
	.byte	0                       @ DW_AT_const_value
	.byte	10                      @ Abbrev [10] 0x3d8:0x6 DW_TAG_enumerator
	.long	.Linfo_string131        @ DW_AT_name
	.byte	1                       @ DW_AT_const_value
	.byte	0                       @ End Of Children Mark
	.byte	3                       @ Abbrev [3] 0x3df:0xb DW_TAG_typedef
	.long	1002                    @ DW_AT_type
	.long	.Linfo_string133        @ DW_AT_name
	.byte	1                       @ DW_AT_decl_file
	.byte	64                      @ DW_AT_decl_line
	.byte	4                       @ Abbrev [4] 0x3ea:0x7 DW_TAG_base_type
	.long	.Linfo_string132        @ DW_AT_name
	.byte	7                       @ DW_AT_encoding
	.byte	4                       @ DW_AT_byte_size
	.byte	5                       @ Abbrev [5] 0x3f1:0x5 DW_TAG_pointer_type
	.long	1014                    @ DW_AT_type
	.byte	14                      @ Abbrev [14] 0x3f6:0xc DW_TAG_typedef
	.long	1026                    @ DW_AT_type
	.long	.Linfo_string144        @ DW_AT_name
	.byte	3                       @ DW_AT_decl_file
	.short	1091                    @ DW_AT_decl_line
	.byte	15                      @ Abbrev [15] 0x402:0x88 DW_TAG_structure_type
	.byte	40                      @ DW_AT_byte_size
	.byte	3                       @ DW_AT_decl_file
	.short	1079                    @ DW_AT_decl_line
	.byte	16                      @ Abbrev [16] 0x407:0xd DW_TAG_member
	.long	.Linfo_string134        @ DW_AT_name
	.long	1162                    @ DW_AT_type
	.byte	3                       @ DW_AT_decl_file
	.short	1081                    @ DW_AT_decl_line
	.byte	0                       @ DW_AT_data_member_location
	.byte	16                      @ Abbrev [16] 0x414:0xd DW_TAG_member
	.long	.Linfo_string135        @ DW_AT_name
	.long	1162                    @ DW_AT_type
	.byte	3                       @ DW_AT_decl_file
	.short	1082                    @ DW_AT_decl_line
	.byte	4                       @ DW_AT_data_member_location
	.byte	16                      @ Abbrev [16] 0x421:0xd DW_TAG_member
	.long	.Linfo_string136        @ DW_AT_name
	.long	1162                    @ DW_AT_type
	.byte	3                       @ DW_AT_decl_file
	.short	1083                    @ DW_AT_decl_line
	.byte	8                       @ DW_AT_data_member_location
	.byte	16                      @ Abbrev [16] 0x42e:0xd DW_TAG_member
	.long	.Linfo_string137        @ DW_AT_name
	.long	1162                    @ DW_AT_type
	.byte	3                       @ DW_AT_decl_file
	.short	1084                    @ DW_AT_decl_line
	.byte	12                      @ DW_AT_data_member_location
	.byte	16                      @ Abbrev [16] 0x43b:0xd DW_TAG_member
	.long	.Linfo_string138        @ DW_AT_name
	.long	1162                    @ DW_AT_type
	.byte	3                       @ DW_AT_decl_file
	.short	1085                    @ DW_AT_decl_line
	.byte	16                      @ DW_AT_data_member_location
	.byte	16                      @ Abbrev [16] 0x448:0xd DW_TAG_member
	.long	.Linfo_string139        @ DW_AT_name
	.long	1162                    @ DW_AT_type
	.byte	3                       @ DW_AT_decl_file
	.short	1086                    @ DW_AT_decl_line
	.byte	20                      @ DW_AT_data_member_location
	.byte	16                      @ Abbrev [16] 0x455:0xd DW_TAG_member
	.long	.Linfo_string140        @ DW_AT_name
	.long	1167                    @ DW_AT_type
	.byte	3                       @ DW_AT_decl_file
	.short	1087                    @ DW_AT_decl_line
	.byte	24                      @ DW_AT_data_member_location
	.byte	16                      @ Abbrev [16] 0x462:0xd DW_TAG_member
	.long	.Linfo_string141        @ DW_AT_name
	.long	1167                    @ DW_AT_type
	.byte	3                       @ DW_AT_decl_file
	.short	1088                    @ DW_AT_decl_line
	.byte	26                      @ DW_AT_data_member_location
	.byte	16                      @ Abbrev [16] 0x46f:0xd DW_TAG_member
	.long	.Linfo_string142        @ DW_AT_name
	.long	1162                    @ DW_AT_type
	.byte	3                       @ DW_AT_decl_file
	.short	1089                    @ DW_AT_decl_line
	.byte	28                      @ DW_AT_data_member_location
	.byte	16                      @ Abbrev [16] 0x47c:0xd DW_TAG_member
	.long	.Linfo_string143        @ DW_AT_name
	.long	1172                    @ DW_AT_type
	.byte	3                       @ DW_AT_decl_file
	.short	1090                    @ DW_AT_decl_line
	.byte	32                      @ DW_AT_data_member_location
	.byte	0                       @ End Of Children Mark
	.byte	17                      @ Abbrev [17] 0x48a:0x5 DW_TAG_volatile_type
	.long	991                     @ DW_AT_type
	.byte	17                      @ Abbrev [17] 0x48f:0x5 DW_TAG_volatile_type
	.long	56                      @ DW_AT_type
	.byte	6                       @ Abbrev [6] 0x494:0xc DW_TAG_array_type
	.long	1162                    @ DW_AT_type
	.byte	18                      @ Abbrev [18] 0x499:0x6 DW_TAG_subrange_type
	.long	146                     @ DW_AT_type
	.byte	2                       @ DW_AT_count
	.byte	0                       @ End Of Children Mark
	.byte	5                       @ Abbrev [5] 0x4a0:0x5 DW_TAG_pointer_type
	.long	1189                    @ DW_AT_type
	.byte	14                      @ Abbrev [14] 0x4a5:0xc DW_TAG_typedef
	.long	1201                    @ DW_AT_type
	.long	.Linfo_string159        @ DW_AT_name
	.byte	3                       @ DW_AT_decl_file
	.short	1514                    @ DW_AT_decl_line
	.byte	15                      @ Abbrev [15] 0x4b1:0xbc DW_TAG_structure_type
	.byte	28                      @ DW_AT_byte_size
	.byte	3                       @ DW_AT_decl_file
	.short	1498                    @ DW_AT_decl_line
	.byte	16                      @ Abbrev [16] 0x4b6:0xd DW_TAG_member
	.long	.Linfo_string145        @ DW_AT_name
	.long	1167                    @ DW_AT_type
	.byte	3                       @ DW_AT_decl_file
	.short	1500                    @ DW_AT_decl_line
	.byte	0                       @ DW_AT_data_member_location
	.byte	16                      @ Abbrev [16] 0x4c3:0xd DW_TAG_member
	.long	.Linfo_string146        @ DW_AT_name
	.long	56                      @ DW_AT_type
	.byte	3                       @ DW_AT_decl_file
	.short	1501                    @ DW_AT_decl_line
	.byte	2                       @ DW_AT_data_member_location
	.byte	16                      @ Abbrev [16] 0x4d0:0xd DW_TAG_member
	.long	.Linfo_string147        @ DW_AT_name
	.long	1167                    @ DW_AT_type
	.byte	3                       @ DW_AT_decl_file
	.short	1502                    @ DW_AT_decl_line
	.byte	4                       @ DW_AT_data_member_location
	.byte	16                      @ Abbrev [16] 0x4dd:0xd DW_TAG_member
	.long	.Linfo_string148        @ DW_AT_name
	.long	56                      @ DW_AT_type
	.byte	3                       @ DW_AT_decl_file
	.short	1503                    @ DW_AT_decl_line
	.byte	6                       @ DW_AT_data_member_location
	.byte	16                      @ Abbrev [16] 0x4ea:0xd DW_TAG_member
	.long	.Linfo_string149        @ DW_AT_name
	.long	1167                    @ DW_AT_type
	.byte	3                       @ DW_AT_decl_file
	.short	1504                    @ DW_AT_decl_line
	.byte	8                       @ DW_AT_data_member_location
	.byte	16                      @ Abbrev [16] 0x4f7:0xd DW_TAG_member
	.long	.Linfo_string150        @ DW_AT_name
	.long	56                      @ DW_AT_type
	.byte	3                       @ DW_AT_decl_file
	.short	1505                    @ DW_AT_decl_line
	.byte	10                      @ DW_AT_data_member_location
	.byte	16                      @ Abbrev [16] 0x504:0xd DW_TAG_member
	.long	.Linfo_string151        @ DW_AT_name
	.long	1167                    @ DW_AT_type
	.byte	3                       @ DW_AT_decl_file
	.short	1506                    @ DW_AT_decl_line
	.byte	12                      @ DW_AT_data_member_location
	.byte	16                      @ Abbrev [16] 0x511:0xd DW_TAG_member
	.long	.Linfo_string152        @ DW_AT_name
	.long	56                      @ DW_AT_type
	.byte	3                       @ DW_AT_decl_file
	.short	1507                    @ DW_AT_decl_line
	.byte	14                      @ DW_AT_data_member_location
	.byte	16                      @ Abbrev [16] 0x51e:0xd DW_TAG_member
	.long	.Linfo_string153        @ DW_AT_name
	.long	1167                    @ DW_AT_type
	.byte	3                       @ DW_AT_decl_file
	.short	1508                    @ DW_AT_decl_line
	.byte	16                      @ DW_AT_data_member_location
	.byte	16                      @ Abbrev [16] 0x52b:0xd DW_TAG_member
	.long	.Linfo_string154        @ DW_AT_name
	.long	56                      @ DW_AT_type
	.byte	3                       @ DW_AT_decl_file
	.short	1509                    @ DW_AT_decl_line
	.byte	18                      @ DW_AT_data_member_location
	.byte	16                      @ Abbrev [16] 0x538:0xd DW_TAG_member
	.long	.Linfo_string155        @ DW_AT_name
	.long	1167                    @ DW_AT_type
	.byte	3                       @ DW_AT_decl_file
	.short	1510                    @ DW_AT_decl_line
	.byte	20                      @ DW_AT_data_member_location
	.byte	16                      @ Abbrev [16] 0x545:0xd DW_TAG_member
	.long	.Linfo_string156        @ DW_AT_name
	.long	56                      @ DW_AT_type
	.byte	3                       @ DW_AT_decl_file
	.short	1511                    @ DW_AT_decl_line
	.byte	22                      @ DW_AT_data_member_location
	.byte	16                      @ Abbrev [16] 0x552:0xd DW_TAG_member
	.long	.Linfo_string157        @ DW_AT_name
	.long	1167                    @ DW_AT_type
	.byte	3                       @ DW_AT_decl_file
	.short	1512                    @ DW_AT_decl_line
	.byte	24                      @ DW_AT_data_member_location
	.byte	16                      @ Abbrev [16] 0x55f:0xd DW_TAG_member
	.long	.Linfo_string158        @ DW_AT_name
	.long	56                      @ DW_AT_type
	.byte	3                       @ DW_AT_decl_file
	.short	1513                    @ DW_AT_decl_line
	.byte	26                      @ DW_AT_data_member_location
	.byte	0                       @ End Of Children Mark
	.byte	19                      @ Abbrev [19] 0x56d:0x50 DW_TAG_subprogram
	.long	.Lfunc_begin0           @ DW_AT_low_pc
	.long	.Lfunc_end0             @ DW_AT_high_pc
	.byte	1                       @ DW_AT_frame_base
	.byte	93
	.long	.Linfo_string160        @ DW_AT_name
	.byte	2                       @ DW_AT_decl_file
	.byte	31                      @ DW_AT_decl_line
	.byte	1                       @ DW_AT_prototyped
	.byte	1                       @ DW_AT_external
	.byte	20                      @ Abbrev [20] 0x580:0xf DW_TAG_formal_parameter
	.long	.Ldebug_loc0            @ DW_AT_location
	.long	.Linfo_string164        @ DW_AT_name
	.byte	2                       @ DW_AT_decl_file
	.byte	31                      @ DW_AT_decl_line
	.long	97                      @ DW_AT_type
	.byte	21                      @ Abbrev [21] 0x58f:0xf DW_TAG_variable
	.long	.Ldebug_loc1            @ DW_AT_location
	.long	.Linfo_string165        @ DW_AT_name
	.byte	2                       @ DW_AT_decl_file
	.byte	35                      @ DW_AT_decl_line
	.long	1588                    @ DW_AT_type
	.byte	21                      @ Abbrev [21] 0x59e:0xf DW_TAG_variable
	.long	.Ldebug_loc2            @ DW_AT_location
	.long	.Linfo_string176        @ DW_AT_name
	.byte	2                       @ DW_AT_decl_file
	.byte	33                      @ DW_AT_decl_line
	.long	1708                    @ DW_AT_type
	.byte	21                      @ Abbrev [21] 0x5ad:0xf DW_TAG_variable
	.long	.Ldebug_loc3            @ DW_AT_location
	.long	.Linfo_string184        @ DW_AT_name
	.byte	2                       @ DW_AT_decl_file
	.byte	34                      @ DW_AT_decl_line
	.long	1796                    @ DW_AT_type
	.byte	0                       @ End Of Children Mark
	.byte	22                      @ Abbrev [22] 0x5bd:0x13 DW_TAG_subprogram
	.long	.Lfunc_begin1           @ DW_AT_low_pc
	.long	.Lfunc_end1             @ DW_AT_high_pc
	.byte	1                       @ DW_AT_frame_base
	.byte	93
	.long	.Linfo_string161        @ DW_AT_name
	.byte	2                       @ DW_AT_decl_file
	.byte	85                      @ DW_AT_decl_line
	.byte	1                       @ DW_AT_prototyped
	.byte	1                       @ DW_AT_external
	.byte	19                      @ Abbrev [19] 0x5d0:0x41 DW_TAG_subprogram
	.long	.Lfunc_begin2           @ DW_AT_low_pc
	.long	.Lfunc_end2             @ DW_AT_high_pc
	.byte	1                       @ DW_AT_frame_base
	.byte	93
	.long	.Linfo_string162        @ DW_AT_name
	.byte	2                       @ DW_AT_decl_file
	.byte	92                      @ DW_AT_decl_line
	.byte	1                       @ DW_AT_prototyped
	.byte	1                       @ DW_AT_external
	.byte	20                      @ Abbrev [20] 0x5e3:0xf DW_TAG_formal_parameter
	.long	.Ldebug_loc4            @ DW_AT_location
	.long	.Linfo_string191        @ DW_AT_name
	.byte	2                       @ DW_AT_decl_file
	.byte	92                      @ DW_AT_decl_line
	.long	92                      @ DW_AT_type
	.byte	20                      @ Abbrev [20] 0x5f2:0xf DW_TAG_formal_parameter
	.long	.Ldebug_loc5            @ DW_AT_location
	.long	.Linfo_string192        @ DW_AT_name
	.byte	2                       @ DW_AT_decl_file
	.byte	92                      @ DW_AT_decl_line
	.long	56                      @ DW_AT_type
	.byte	21                      @ Abbrev [21] 0x601:0xf DW_TAG_variable
	.long	.Ldebug_loc6            @ DW_AT_location
	.long	.Linfo_string193        @ DW_AT_name
	.byte	2                       @ DW_AT_decl_file
	.byte	94                      @ DW_AT_decl_line
	.long	56                      @ DW_AT_type
	.byte	0                       @ End Of Children Mark
	.byte	19                      @ Abbrev [19] 0x611:0x23 DW_TAG_subprogram
	.long	.Lfunc_begin3           @ DW_AT_low_pc
	.long	.Lfunc_end3             @ DW_AT_high_pc
	.byte	1                       @ DW_AT_frame_base
	.byte	93
	.long	.Linfo_string163        @ DW_AT_name
	.byte	2                       @ DW_AT_decl_file
	.byte	107                     @ DW_AT_decl_line
	.byte	1                       @ DW_AT_prototyped
	.byte	1                       @ DW_AT_external
	.byte	21                      @ Abbrev [21] 0x624:0xf DW_TAG_variable
	.long	.Ldebug_loc7            @ DW_AT_location
	.long	.Linfo_string165        @ DW_AT_name
	.byte	2                       @ DW_AT_decl_file
	.byte	109                     @ DW_AT_decl_line
	.long	1588                    @ DW_AT_type
	.byte	0                       @ End Of Children Mark
	.byte	3                       @ Abbrev [3] 0x634:0xb DW_TAG_typedef
	.long	1599                    @ DW_AT_type
	.long	.Linfo_string175        @ DW_AT_name
	.byte	4                       @ DW_AT_decl_file
	.byte	148                     @ DW_AT_decl_line
	.byte	23                      @ Abbrev [23] 0x63f:0x41 DW_TAG_structure_type
	.byte	8                       @ DW_AT_byte_size
	.byte	4                       @ DW_AT_decl_file
	.byte	132                     @ DW_AT_decl_line
	.byte	24                      @ Abbrev [24] 0x643:0xc DW_TAG_member
	.long	.Linfo_string166        @ DW_AT_name
	.long	991                     @ DW_AT_type
	.byte	4                       @ DW_AT_decl_file
	.byte	134                     @ DW_AT_decl_line
	.byte	0                       @ DW_AT_data_member_location
	.byte	24                      @ Abbrev [24] 0x64f:0xc DW_TAG_member
	.long	.Linfo_string167        @ DW_AT_name
	.long	1664                    @ DW_AT_type
	.byte	4                       @ DW_AT_decl_file
	.byte	137                     @ DW_AT_decl_line
	.byte	4                       @ DW_AT_data_member_location
	.byte	24                      @ Abbrev [24] 0x65b:0xc DW_TAG_member
	.long	.Linfo_string169        @ DW_AT_name
	.long	1675                    @ DW_AT_type
	.byte	4                       @ DW_AT_decl_file
	.byte	140                     @ DW_AT_decl_line
	.byte	5                       @ DW_AT_data_member_location
	.byte	24                      @ Abbrev [24] 0x667:0xc DW_TAG_member
	.long	.Linfo_string171        @ DW_AT_name
	.long	1686                    @ DW_AT_type
	.byte	4                       @ DW_AT_decl_file
	.byte	143                     @ DW_AT_decl_line
	.byte	6                       @ DW_AT_data_member_location
	.byte	24                      @ Abbrev [24] 0x673:0xc DW_TAG_member
	.long	.Linfo_string173        @ DW_AT_name
	.long	1697                    @ DW_AT_type
	.byte	4                       @ DW_AT_decl_file
	.byte	146                     @ DW_AT_decl_line
	.byte	7                       @ DW_AT_data_member_location
	.byte	0                       @ End Of Children Mark
	.byte	3                       @ Abbrev [3] 0x680:0xb DW_TAG_typedef
	.long	193                     @ DW_AT_type
	.long	.Linfo_string168        @ DW_AT_name
	.byte	4                       @ DW_AT_decl_file
	.byte	71                      @ DW_AT_decl_line
	.byte	3                       @ Abbrev [3] 0x68b:0xb DW_TAG_typedef
	.long	226                     @ DW_AT_type
	.long	.Linfo_string170        @ DW_AT_name
	.byte	4                       @ DW_AT_decl_file
	.byte	95                      @ DW_AT_decl_line
	.byte	3                       @ Abbrev [3] 0x696:0xb DW_TAG_typedef
	.long	259                     @ DW_AT_type
	.long	.Linfo_string172        @ DW_AT_name
	.byte	4                       @ DW_AT_decl_file
	.byte	82                      @ DW_AT_decl_line
	.byte	3                       @ Abbrev [3] 0x6a1:0xb DW_TAG_typedef
	.long	280                     @ DW_AT_type
	.long	.Linfo_string174        @ DW_AT_name
	.byte	4                       @ DW_AT_decl_file
	.byte	114                     @ DW_AT_decl_line
	.byte	3                       @ Abbrev [3] 0x6ac:0xb DW_TAG_typedef
	.long	1719                    @ DW_AT_type
	.long	.Linfo_string183        @ DW_AT_name
	.byte	5                       @ DW_AT_decl_file
	.byte	81                      @ DW_AT_decl_line
	.byte	23                      @ Abbrev [23] 0x6b7:0x4d DW_TAG_structure_type
	.byte	16                      @ DW_AT_byte_size
	.byte	5                       @ DW_AT_decl_file
	.byte	54                      @ DW_AT_decl_line
	.byte	24                      @ Abbrev [24] 0x6bb:0xc DW_TAG_member
	.long	.Linfo_string177        @ DW_AT_name
	.long	991                     @ DW_AT_type
	.byte	5                       @ DW_AT_decl_file
	.byte	56                      @ DW_AT_decl_line
	.byte	0                       @ DW_AT_data_member_location
	.byte	24                      @ Abbrev [24] 0x6c7:0xc DW_TAG_member
	.long	.Linfo_string178        @ DW_AT_name
	.long	56                      @ DW_AT_type
	.byte	5                       @ DW_AT_decl_file
	.byte	62                      @ DW_AT_decl_line
	.byte	4                       @ DW_AT_data_member_location
	.byte	24                      @ Abbrev [24] 0x6d3:0xc DW_TAG_member
	.long	.Linfo_string179        @ DW_AT_name
	.long	56                      @ DW_AT_type
	.byte	5                       @ DW_AT_decl_file
	.byte	65                      @ DW_AT_decl_line
	.byte	6                       @ DW_AT_data_member_location
	.byte	24                      @ Abbrev [24] 0x6df:0xc DW_TAG_member
	.long	.Linfo_string180        @ DW_AT_name
	.long	56                      @ DW_AT_type
	.byte	5                       @ DW_AT_decl_file
	.byte	68                      @ DW_AT_decl_line
	.byte	8                       @ DW_AT_data_member_location
	.byte	24                      @ Abbrev [24] 0x6eb:0xc DW_TAG_member
	.long	.Linfo_string181        @ DW_AT_name
	.long	56                      @ DW_AT_type
	.byte	5                       @ DW_AT_decl_file
	.byte	75                      @ DW_AT_decl_line
	.byte	10                      @ DW_AT_data_member_location
	.byte	24                      @ Abbrev [24] 0x6f7:0xc DW_TAG_member
	.long	.Linfo_string182        @ DW_AT_name
	.long	56                      @ DW_AT_type
	.byte	5                       @ DW_AT_decl_file
	.byte	78                      @ DW_AT_decl_line
	.byte	12                      @ DW_AT_data_member_location
	.byte	0                       @ End Of Children Mark
	.byte	3                       @ Abbrev [3] 0x704:0xb DW_TAG_typedef
	.long	1807                    @ DW_AT_type
	.long	.Linfo_string190        @ DW_AT_name
	.byte	6                       @ DW_AT_decl_file
	.byte	74                      @ DW_AT_decl_line
	.byte	23                      @ Abbrev [23] 0x70f:0x35 DW_TAG_structure_type
	.byte	4                       @ DW_AT_byte_size
	.byte	6                       @ DW_AT_decl_file
	.byte	54                      @ DW_AT_decl_line
	.byte	24                      @ Abbrev [24] 0x713:0xc DW_TAG_member
	.long	.Linfo_string185        @ DW_AT_name
	.long	97                      @ DW_AT_type
	.byte	6                       @ DW_AT_decl_file
	.byte	56                      @ DW_AT_decl_line
	.byte	0                       @ DW_AT_data_member_location
	.byte	24                      @ Abbrev [24] 0x71f:0xc DW_TAG_member
	.long	.Linfo_string186        @ DW_AT_name
	.long	97                      @ DW_AT_type
	.byte	6                       @ DW_AT_decl_file
	.byte	61                      @ DW_AT_decl_line
	.byte	1                       @ DW_AT_data_member_location
	.byte	24                      @ Abbrev [24] 0x72b:0xc DW_TAG_member
	.long	.Linfo_string187        @ DW_AT_name
	.long	97                      @ DW_AT_type
	.byte	6                       @ DW_AT_decl_file
	.byte	66                      @ DW_AT_decl_line
	.byte	2                       @ DW_AT_data_member_location
	.byte	24                      @ Abbrev [24] 0x737:0xc DW_TAG_member
	.long	.Linfo_string188        @ DW_AT_name
	.long	1860                    @ DW_AT_type
	.byte	6                       @ DW_AT_decl_file
	.byte	71                      @ DW_AT_decl_line
	.byte	3                       @ DW_AT_data_member_location
	.byte	0                       @ End Of Children Mark
	.byte	14                      @ Abbrev [14] 0x744:0xc DW_TAG_typedef
	.long	171                     @ DW_AT_type
	.long	.Linfo_string189        @ DW_AT_name
	.byte	3                       @ DW_AT_decl_file
	.short	589                     @ DW_AT_decl_line
	.byte	0                       @ End Of Children Mark
.Ldebug_info_end0:
	.section	.debug_ranges,"",%progbits
.Ldebug_ranges0:
	.long	.Lfunc_begin0
	.long	.Lfunc_end0
	.long	.Lfunc_begin1
	.long	.Lfunc_end1
	.long	.Lfunc_begin2
	.long	.Lfunc_end2
	.long	.Lfunc_begin3
	.long	.Lfunc_end3
	.long	0
	.long	0
	.section	.debug_macinfo,"",%progbits
	.byte	0                       @ End Of Macro List Mark

	.ident	"Component: ARM Compiler 6.12 Tool: armclang [5d624a00]"
	.section	".note.GNU-stack","",%progbits
	.eabi_attribute	30, 3	@ Tag_ABI_optimization_goals
	.ARM_attribute	16, 1	@ Tag_AV_eba
	.section	.debug_line,"",%progbits
.Lline_table_start0:
