	.text
	.syntax unified
	.eabi_attribute	67, "2.09"	@ Tag_conformance
	.cpu	cortex-m4
	.eabi_attribute	6, 13	@ Tag_CPU_arch
	.eabi_attribute	7, 77	@ Tag_CPU_arch_profile
	.eabi_attribute	8, 0	@ Tag_ARM_ISA_use
	.eabi_attribute	9, 2	@ Tag_THUMB_ISA_use
	.fpu	fpv4-sp-d16
	.eabi_attribute	27, 1	@ Tag_ABI_HardFP_use
	.eabi_attribute	36, 1	@ Tag_FP_HP_extension
	.eabi_attribute	34, 1	@ Tag_CPU_unaligned_access
	.eabi_attribute	17, 1	@ Tag_ABI_PCS_GOT_use
	.eabi_attribute	20, 2	@ Tag_ABI_FP_denormal
	.eabi_attribute	21, 0	@ Tag_ABI_FP_exceptions
	.eabi_attribute	23, 1	@ Tag_ABI_FP_number_model
	.eabi_attribute	24, 1	@ Tag_ABI_align_needed
	.eabi_attribute	25, 1	@ Tag_ABI_align_preserved
	.eabi_attribute	28, 1	@ Tag_ABI_VFP_args
	.eabi_attribute	38, 1	@ Tag_ABI_FP_16bit_format
	.eabi_attribute	18, 2	@ Tag_ABI_PCS_wchar_t
	.eabi_attribute	26, 1	@ Tag_ABI_enum_size
	.eabi_attribute	14, 0	@ Tag_ABI_PCS_R9_use
	.file	"W25Q16.c"
	.file	1 "C:\\Keil\\ARM\\ARMCLANG\\Bin\\..\\include" "stdint.h"
	.file	2 "F:\\SkyDrive\\OtvoreniProjekti\\HotelSaplast\\fw\\KontrolerHotela\\HC070318\\Project" "../Driver/W25Q16.c"
	.file	3 "F:\\SkyDrive\\OtvoreniProjekti\\HotelSaplast\\fw\\KontrolerHotela\\HC070318\\Project" "../Libraries/STM32F4xx_StdPeriph_Driver/inc\\stm32f4xx_gpio.h"
	.file	4 "F:\\SkyDrive\\OtvoreniProjekti\\HotelSaplast\\fw\\KontrolerHotela\\HC070318\\Project" "../Libraries/CMSIS/Device/ST/STM32F4xx/Include\\stm32f4xx.h"
	.section	.text.W25Qxx_GpioInit,"ax",%progbits
	.hidden	W25Qxx_GpioInit         @ -- Begin function W25Qxx_GpioInit
	.globl	W25Qxx_GpioInit
	.p2align	1
	.type	W25Qxx_GpioInit,%function
	.code	16                      @ @W25Qxx_GpioInit
	.thumb_func
W25Qxx_GpioInit:
.Lfunc_begin0:
	.loc	2 19 0                  @ ../Driver/W25Q16.c:19:0
	.fnstart
	.cfi_sections .debug_frame
	.cfi_startproc
@ %bb.0:
	.save	{r4, r5, r6, r7, r8, r9, lr}
	push.w	{r4, r5, r6, r7, r8, r9, lr}
	.cfi_def_cfa_offset 28
	.cfi_offset lr, -4
	.cfi_offset r9, -8
	.cfi_offset r8, -12
	.cfi_offset r7, -16
	.cfi_offset r6, -20
	.cfi_offset r5, -24
	.cfi_offset r4, -28
	.pad	#28
	sub	sp, #28
	.cfi_def_cfa_offset 56
.Ltmp0:
	.loc	2 23 2 prologue_end     @ ../Driver/W25Q16.c:23:2
	movs	r0, #96
	movs	r1, #1
	mov.w	r8, #1
	bl	RCC_AHB1PeriphClockCmd
	.loc	2 25 2                  @ ../Driver/W25Q16.c:25:2
	mov.w	r0, #1048576
	movs	r1, #1
	bl	RCC_APB2PeriphClockCmd
	movw	r4, #20480
	movw	r0, #514
	.loc	2 32 2                  @ ../Driver/W25Q16.c:32:2
	movs	r1, #8
	movs	r2, #5
	mov.w	r9, #8
	movt	r4, #16385
	.loc	2 27 31                 @ ../Driver/W25Q16.c:27:31
	str	r0, [sp, #24]
	.loc	2 32 2                  @ ../Driver/W25Q16.c:32:2
	add.w	r5, r4, #50176
	mov	r0, r5
	bl	GPIO_PinAFConfig
	mov.w	r0, #256
	add	r6, sp, #20
	.loc	2 33 30                 @ ../Driver/W25Q16.c:33:30
	str	r0, [sp, #20]
.Ltmp1:
	@DEBUG_VALUE: W25Qxx_GpioInit:GPIO_InitStructure <- [DW_OP_plus_uconst 20, DW_OP_deref] $sp
	.loc	2 34 2                  @ ../Driver/W25Q16.c:34:2
	mov	r0, r5
	mov	r1, r6
	bl	GPIO_Init
	.loc	2 36 2                  @ ../Driver/W25Q16.c:36:2
	mov	r0, r5
	movs	r1, #9
	movs	r2, #5
	bl	GPIO_PinAFConfig
	mov.w	r0, #512
	.loc	2 38 2                  @ ../Driver/W25Q16.c:38:2
	mov	r1, r6
	.loc	2 37 30                 @ ../Driver/W25Q16.c:37:30
	str	r0, [sp, #20]
	.loc	2 38 2                  @ ../Driver/W25Q16.c:38:2
	mov	r0, r5
	bl	GPIO_Init
	.loc	2 40 2                  @ ../Driver/W25Q16.c:40:2
	mov	r0, r5
	movs	r1, #7
	movs	r2, #5
	movs	r7, #7
	bl	GPIO_PinAFConfig
	movs	r0, #128
	.loc	2 42 2                  @ ../Driver/W25Q16.c:42:2
	mov	r1, r6
	.loc	2 41 30                 @ ../Driver/W25Q16.c:41:30
	str	r0, [sp, #20]
	.loc	2 42 2                  @ ../Driver/W25Q16.c:42:2
	mov	r0, r5
	bl	GPIO_Init
	.loc	2 47 2                  @ ../Driver/W25Q16.c:47:2
	add.w	r0, r4, #51200
	mov	r1, r6
	.loc	2 45 31                 @ ../Driver/W25Q16.c:45:31
	strb.w	r8, [sp, #27]
	.loc	2 44 31                 @ ../Driver/W25Q16.c:44:31
	strb.w	r8, [sp, #24]
	.loc	2 46 30                 @ ../Driver/W25Q16.c:46:30
	str.w	r9, [sp, #20]
	.loc	2 47 2                  @ ../Driver/W25Q16.c:47:2
	bl	GPIO_Init
	mov.w	r0, #33554432
	.loc	2 58 38                 @ ../Driver/W25Q16.c:58:38
	strh.w	r7, [sp, #16]
	.loc	2 56 42                 @ ../Driver/W25Q16.c:56:42
	str.w	r9, [sp, #12]
	mov	r1, sp
	.loc	2 54 29                 @ ../Driver/W25Q16.c:54:29
	str	r0, [sp, #8]
	movs	r0, #0
	.loc	2 52 33                 @ ../Driver/W25Q16.c:52:33
	str	r0, [sp, #4]
	mov.w	r0, #17039360
	.loc	2 50 34                 @ ../Driver/W25Q16.c:50:34
	str	r0, [sp]
.Ltmp2:
	@DEBUG_VALUE: W25Qxx_GpioInit:SPI_InitStructure <- [DW_OP_deref] $sp
	.loc	2 59 2                  @ ../Driver/W25Q16.c:59:2
	mov	r0, r4
	bl	SPI_Init
	.loc	2 60 2                  @ ../Driver/W25Q16.c:60:2
	mov	r0, r4
	movs	r1, #1
	bl	SPI_Cmd
	.loc	2 61 1                  @ ../Driver/W25Q16.c:61:1
	add	sp, #28
.Ltmp3:
	pop.w	{r4, r5, r6, r7, r8, r9, pc}
.Ltmp4:
.Lfunc_end0:
	.size	W25Qxx_GpioInit, .Lfunc_end0-W25Qxx_GpioInit
	.cfi_endproc
	.cantunwind
	.fnend
                                        @ -- End function
	.section	.text.W25Qxx_ReadWrite,"ax",%progbits
	.hidden	W25Qxx_ReadWrite        @ -- Begin function W25Qxx_ReadWrite
	.globl	W25Qxx_ReadWrite
	.p2align	1
	.type	W25Qxx_ReadWrite,%function
	.code	16                      @ @W25Qxx_ReadWrite
	.thumb_func
W25Qxx_ReadWrite:
.Lfunc_begin1:
	.loc	2 65 0                  @ ../Driver/W25Q16.c:65:0
	.fnstart
	.cfi_startproc
@ %bb.0:
	.save	{r4, r5, r7, lr}
	push	{r4, r5, r7, lr}
	.cfi_def_cfa_offset 16
	.cfi_offset lr, -4
	.cfi_offset r7, -8
	.cfi_offset r5, -12
	.cfi_offset r4, -16
	@DEBUG_VALUE: W25Qxx_ReadWrite:Byte <- $r0
	movw	r4, #20480
	mov	r5, r0
.Ltmp5:
	@DEBUG_VALUE: W25Qxx_ReadWrite:Byte <- $r5
	movt	r4, #16385
.Ltmp6:
	.p2align	2
.LBB1_1:                                @ =>This Inner Loop Header: Depth=1
	@DEBUG_VALUE: W25Qxx_ReadWrite:Byte <- $r5
	.loc	2 67 9 prologue_end     @ ../Driver/W25Q16.c:67:9
	mov	r0, r4
	movs	r1, #2
	bl	SPI_I2S_GetFlagStatus
	.loc	2 67 2 is_stmt 0        @ ../Driver/W25Q16.c:67:2
	cmp	r0, #0
	beq	.LBB1_1
.Ltmp7:
@ %bb.2:
	@DEBUG_VALUE: W25Qxx_ReadWrite:Byte <- $r5
	.loc	2 68 2 is_stmt 1        @ ../Driver/W25Q16.c:68:2
	mov	r0, r4
	mov	r1, r5
	bl	SPI_I2S_SendData
.Ltmp8:
	.p2align	2
.LBB1_3:                                @ =>This Inner Loop Header: Depth=1
	@DEBUG_VALUE: W25Qxx_ReadWrite:Byte <- $r5
	.loc	2 69 9                  @ ../Driver/W25Q16.c:69:9
	mov	r0, r4
	movs	r1, #1
	bl	SPI_I2S_GetFlagStatus
	.loc	2 69 2 is_stmt 0        @ ../Driver/W25Q16.c:69:2
	cmp	r0, #0
	beq	.LBB1_3
.Ltmp9:
@ %bb.4:
	@DEBUG_VALUE: W25Qxx_ReadWrite:Byte <- $r5
	.loc	2 70 9 is_stmt 1        @ ../Driver/W25Q16.c:70:9
	mov	r0, r4
	bl	SPI_I2S_ReceiveData
	.loc	2 70 2 is_stmt 0        @ ../Driver/W25Q16.c:70:2
	uxtb	r0, r0
	pop	{r4, r5, r7, pc}
.Ltmp10:
.Lfunc_end1:
	.size	W25Qxx_ReadWrite, .Lfunc_end1-W25Qxx_ReadWrite
	.cfi_endproc
	.cantunwind
	.fnend
                                        @ -- End function
	.section	.text.W25Qxx_ReadId,"ax",%progbits
	.hidden	W25Qxx_ReadId           @ -- Begin function W25Qxx_ReadId
	.globl	W25Qxx_ReadId
	.p2align	1
	.type	W25Qxx_ReadId,%function
	.code	16                      @ @W25Qxx_ReadId
	.thumb_func
W25Qxx_ReadId:
.Lfunc_begin2:
	.loc	2 75 0 is_stmt 1        @ ../Driver/W25Q16.c:75:0
	.fnstart
	.cfi_startproc
@ %bb.0:
	.save	{r4, r5, r6, lr}
	push	{r4, r5, r6, lr}
	.cfi_def_cfa_offset 16
	.cfi_offset lr, -4
	.cfi_offset r6, -8
	.cfi_offset r5, -12
	.cfi_offset r4, -16
.Ltmp11:
	@DEBUG_VALUE: W25Qxx_ReadId:ID <- 0
	movw	r4, #6144
.Ltmp12:
	.loc	2 79 2 prologue_end     @ ../Driver/W25Q16.c:79:2
	movs	r1, #8
	movt	r4, #16386
	mov	r0, r4
	bl	GPIO_ResetBits
	.loc	2 80 2                  @ ../Driver/W25Q16.c:80:2
	movs	r0, #159
	bl	W25Qxx_ReadWrite
	movs	r6, #0
.Ltmp13:
	@DEBUG_VALUE: W25Qxx_ReadId:i <- 0
	.loc	2 0 2 is_stmt 0         @ ../Driver/W25Q16.c:0:2
	movs	r5, #0
	.p2align	2
.LBB2_1:                                @ =>This Inner Loop Header: Depth=1
.Ltmp14:
	@DEBUG_VALUE: W25Qxx_ReadId:ID <- undef
	@DEBUG_VALUE: W25Qxx_ReadId:i <- $r6
	.loc	2 84 9 is_stmt 1        @ ../Driver/W25Q16.c:84:9
	movs	r0, #255
	bl	W25Qxx_ReadWrite
.Ltmp15:
	.loc	2 81 22                 @ ../Driver/W25Q16.c:81:22
	adds	r6, #1
.Ltmp16:
	@DEBUG_VALUE: W25Qxx_ReadId:i <- $r6
	.loc	2 84 6                  @ ../Driver/W25Q16.c:84:6
	orr.w	r5, r0, r5, lsl #8
.Ltmp17:
	@DEBUG_VALUE: W25Qxx_ReadId:ID <- $r5
	.loc	2 81 2                  @ ../Driver/W25Q16.c:81:2
	cmp	r6, #3
	blo	.LBB2_1
.Ltmp18:
@ %bb.2:
	@DEBUG_VALUE: W25Qxx_ReadId:ID <- $r5
	@DEBUG_VALUE: W25Qxx_ReadId:i <- $r6
	.loc	2 86 2                  @ ../Driver/W25Q16.c:86:2
	mov	r0, r4
	movs	r1, #8
	bl	GPIO_SetBits
	.loc	2 87 2                  @ ../Driver/W25Q16.c:87:2
	mov	r0, r5
	pop	{r4, r5, r6, pc}
.Ltmp19:
.Lfunc_end2:
	.size	W25Qxx_ReadId, .Lfunc_end2-W25Qxx_ReadId
	.cfi_endproc
	.cantunwind
	.fnend
                                        @ -- End function
	.section	.text.W25Qxx_Init,"ax",%progbits
	.hidden	W25Qxx_Init             @ -- Begin function W25Qxx_Init
	.globl	W25Qxx_Init
	.p2align	1
	.type	W25Qxx_Init,%function
	.code	16                      @ @W25Qxx_Init
	.thumb_func
W25Qxx_Init:
.Lfunc_begin3:
	.loc	2 92 0                  @ ../Driver/W25Q16.c:92:0
	.fnstart
	.cfi_startproc
@ %bb.0:
	.save	{r7, lr}
	push	{r7, lr}
	.cfi_def_cfa_offset 8
	.cfi_offset lr, -4
	.cfi_offset r7, -8
.Ltmp20:
	.loc	2 93 2 prologue_end     @ ../Driver/W25Q16.c:93:2
	bl	W25Qxx_GpioInit
	.loc	2 94 15                 @ ../Driver/W25Q16.c:94:15
	bl	W25Qxx_ReadId
	.loc	2 94 13 is_stmt 0       @ ../Driver/W25Q16.c:94:13
	movw	r1, :lower16:SPIFlashID
	movt	r1, :upper16:SPIFlashID
	str	r0, [r1]
	.loc	2 96 1 is_stmt 1        @ ../Driver/W25Q16.c:96:1
	pop	{r7, pc}
.Ltmp21:
.Lfunc_end3:
	.size	W25Qxx_Init, .Lfunc_end3-W25Qxx_Init
	.cfi_endproc
	.cantunwind
	.fnend
                                        @ -- End function
	.section	.text.W25Qxx_ReadStatus,"ax",%progbits
	.hidden	W25Qxx_ReadStatus       @ -- Begin function W25Qxx_ReadStatus
	.globl	W25Qxx_ReadStatus
	.p2align	1
	.type	W25Qxx_ReadStatus,%function
	.code	16                      @ @W25Qxx_ReadStatus
	.thumb_func
W25Qxx_ReadStatus:
.Lfunc_begin4:
	.loc	2 100 0                 @ ../Driver/W25Q16.c:100:0
	.fnstart
	.cfi_startproc
@ %bb.0:
	.save	{r4, r5, r7, lr}
	push	{r4, r5, r7, lr}
	.cfi_def_cfa_offset 16
	.cfi_offset lr, -4
	.cfi_offset r7, -8
	.cfi_offset r5, -12
	.cfi_offset r4, -16
	movw	r4, #6144
.Ltmp22:
	.loc	2 102 2 prologue_end    @ ../Driver/W25Q16.c:102:2
	movs	r1, #8
	movt	r4, #16386
	mov	r0, r4
	bl	GPIO_ResetBits
	.loc	2 103 2                 @ ../Driver/W25Q16.c:103:2
	movs	r0, #5
	bl	W25Qxx_ReadWrite
	.loc	2 104 13                @ ../Driver/W25Q16.c:104:13
	movs	r0, #255
	bl	W25Qxx_ReadWrite
	mov	r5, r0
.Ltmp23:
	@DEBUG_VALUE: W25Qxx_ReadStatus:ReadData <- undef
	.loc	2 105 2                 @ ../Driver/W25Q16.c:105:2
	mov	r0, r4
	movs	r1, #8
	bl	GPIO_SetBits
	.loc	2 106 2                 @ ../Driver/W25Q16.c:106:2
	mov	r0, r5
	pop	{r4, r5, r7, pc}
.Ltmp24:
.Lfunc_end4:
	.size	W25Qxx_ReadStatus, .Lfunc_end4-W25Qxx_ReadStatus
	.cfi_endproc
	.cantunwind
	.fnend
                                        @ -- End function
	.section	.text.W25Qxx_WaitBusy,"ax",%progbits
	.hidden	W25Qxx_WaitBusy         @ -- Begin function W25Qxx_WaitBusy
	.globl	W25Qxx_WaitBusy
	.p2align	1
	.type	W25Qxx_WaitBusy,%function
	.code	16                      @ @W25Qxx_WaitBusy
	.thumb_func
W25Qxx_WaitBusy:
.Lfunc_begin5:
	.loc	2 111 0                 @ ../Driver/W25Q16.c:111:0
	.fnstart
	.cfi_startproc
@ %bb.0:
	.save	{r7, lr}
	push	{r7, lr}
	.cfi_def_cfa_offset 8
	.cfi_offset lr, -4
	.cfi_offset r7, -8
	.p2align	2
.LBB5_1:                                @ =>This Inner Loop Header: Depth=1
.Ltmp25:
	.loc	2 112 9 prologue_end    @ ../Driver/W25Q16.c:112:9
	bl	W25Qxx_ReadStatus
	.loc	2 112 2 is_stmt 0       @ ../Driver/W25Q16.c:112:2
	lsls	r0, r0, #31
	bne	.LBB5_1
@ %bb.2:
	.loc	2 113 1 is_stmt 1       @ ../Driver/W25Q16.c:113:1
	pop	{r7, pc}
.Ltmp26:
.Lfunc_end5:
	.size	W25Qxx_WaitBusy, .Lfunc_end5-W25Qxx_WaitBusy
	.cfi_endproc
	.cantunwind
	.fnend
                                        @ -- End function
	.section	.text.W25Qxx_WriteEnable,"ax",%progbits
	.hidden	W25Qxx_WriteEnable      @ -- Begin function W25Qxx_WriteEnable
	.globl	W25Qxx_WriteEnable
	.p2align	1
	.type	W25Qxx_WriteEnable,%function
	.code	16                      @ @W25Qxx_WriteEnable
	.thumb_func
W25Qxx_WriteEnable:
.Lfunc_begin6:
	.loc	2 118 0                 @ ../Driver/W25Q16.c:118:0
	.fnstart
	.cfi_startproc
@ %bb.0:
	.save	{r4, lr}
	push	{r4, lr}
	.cfi_def_cfa_offset 8
	.cfi_offset lr, -4
	.cfi_offset r4, -8
	movw	r4, #6144
.Ltmp27:
	.loc	2 119 2 prologue_end    @ ../Driver/W25Q16.c:119:2
	movs	r1, #8
	movt	r4, #16386
	mov	r0, r4
	bl	GPIO_ResetBits
	.loc	2 120 2                 @ ../Driver/W25Q16.c:120:2
	movs	r0, #6
	bl	W25Qxx_ReadWrite
	.loc	2 121 2                 @ ../Driver/W25Q16.c:121:2
	mov	r0, r4
	movs	r1, #8
	bl	GPIO_SetBits
	.p2align	2
.LBB6_1:                                @ =>This Inner Loop Header: Depth=1
	.loc	2 122 11                @ ../Driver/W25Q16.c:122:11
	bl	W25Qxx_ReadStatus
	.loc	2 122 2 is_stmt 0       @ ../Driver/W25Q16.c:122:2
	lsls	r0, r0, #30
	bpl	.LBB6_1
@ %bb.2:
	.loc	2 123 1 is_stmt 1       @ ../Driver/W25Q16.c:123:1
	pop	{r4, pc}
.Ltmp28:
.Lfunc_end6:
	.size	W25Qxx_WriteEnable, .Lfunc_end6-W25Qxx_WriteEnable
	.cfi_endproc
	.cantunwind
	.fnend
                                        @ -- End function
	.section	.text.W25Qxx_WriteDisable,"ax",%progbits
	.hidden	W25Qxx_WriteDisable     @ -- Begin function W25Qxx_WriteDisable
	.globl	W25Qxx_WriteDisable
	.p2align	1
	.type	W25Qxx_WriteDisable,%function
	.code	16                      @ @W25Qxx_WriteDisable
	.thumb_func
W25Qxx_WriteDisable:
.Lfunc_begin7:
	.loc	2 128 0                 @ ../Driver/W25Q16.c:128:0
	.fnstart
	.cfi_startproc
@ %bb.0:
	.save	{r4, lr}
	push	{r4, lr}
	.cfi_def_cfa_offset 8
	.cfi_offset lr, -4
	.cfi_offset r4, -8
	movw	r4, #6144
.Ltmp29:
	.loc	2 129 2 prologue_end    @ ../Driver/W25Q16.c:129:2
	movs	r1, #8
	movt	r4, #16386
	mov	r0, r4
	bl	GPIO_ResetBits
	.loc	2 130 2                 @ ../Driver/W25Q16.c:130:2
	movs	r0, #4
	bl	W25Qxx_ReadWrite
	.loc	2 131 2                 @ ../Driver/W25Q16.c:131:2
	mov	r0, r4
	movs	r1, #8
	bl	GPIO_SetBits
	.p2align	2
.LBB7_1:                                @ =>This Inner Loop Header: Depth=1
	.loc	2 132 9                 @ ../Driver/W25Q16.c:132:9
	bl	W25Qxx_ReadStatus
	.loc	2 132 2 is_stmt 0       @ ../Driver/W25Q16.c:132:2
	lsls	r0, r0, #30
	bmi	.LBB7_1
@ %bb.2:
	.loc	2 133 1 is_stmt 1       @ ../Driver/W25Q16.c:133:1
	pop	{r4, pc}
.Ltmp30:
.Lfunc_end7:
	.size	W25Qxx_WriteDisable, .Lfunc_end7-W25Qxx_WriteDisable
	.cfi_endproc
	.cantunwind
	.fnend
                                        @ -- End function
	.section	.text.W25Qxx_SectorErase,"ax",%progbits
	.hidden	W25Qxx_SectorErase      @ -- Begin function W25Qxx_SectorErase
	.globl	W25Qxx_SectorErase
	.p2align	1
	.type	W25Qxx_SectorErase,%function
	.code	16                      @ @W25Qxx_SectorErase
	.thumb_func
W25Qxx_SectorErase:
.Lfunc_begin8:
	.loc	2 137 0                 @ ../Driver/W25Q16.c:137:0
	.fnstart
	.cfi_startproc
@ %bb.0:
	.save	{r4, r5, r6, lr}
	push	{r4, r5, r6, lr}
	.cfi_def_cfa_offset 16
	.cfi_offset lr, -4
	.cfi_offset r6, -8
	.cfi_offset r5, -12
	.cfi_offset r4, -16
	@DEBUG_VALUE: W25Qxx_SectorErase:Addr <- $r0
	@DEBUG_VALUE: W25Qxx_SectorErase:size <- $r1
	mov	r4, r1
	mov	r5, r0
.Ltmp31:
	@DEBUG_VALUE: W25Qxx_SectorErase:size <- $r4
	@DEBUG_VALUE: W25Qxx_SectorErase:Addr <- $r5
	.loc	2 139 2 prologue_end    @ ../Driver/W25Q16.c:139:2
	bl	W25Qxx_WriteEnable
	movw	r6, #6144
	.loc	2 140 2                 @ ../Driver/W25Q16.c:140:2
	movs	r1, #8
	movt	r6, #16386
	mov	r0, r6
	bl	GPIO_ResetBits
	.loc	2 141 2                 @ ../Driver/W25Q16.c:141:2
	mov	r0, r4
.Ltmp32:
	@DEBUG_VALUE: W25Qxx_SectorErase:size <- $r0
	bl	W25Qxx_ReadWrite
.Ltmp33:
	.loc	2 142 2                 @ ../Driver/W25Q16.c:142:2
	ubfx	r0, r5, #16, #8
	bl	W25Qxx_ReadWrite
	.loc	2 143 2                 @ ../Driver/W25Q16.c:143:2
	ubfx	r0, r5, #8, #8
	bl	W25Qxx_ReadWrite
	.loc	2 144 2                 @ ../Driver/W25Q16.c:144:2
	movs	r0, #0
	bl	W25Qxx_ReadWrite
	.loc	2 145 2                 @ ../Driver/W25Q16.c:145:2
	mov	r0, r6
	movs	r1, #8
	bl	GPIO_SetBits
.Ltmp34:
	.p2align	2
.LBB8_1:                                @ =>This Inner Loop Header: Depth=1
	@DEBUG_VALUE: W25Qxx_SectorErase:Addr <- $r5
	.loc	2 112 9                 @ ../Driver/W25Q16.c:112:9
	bl	W25Qxx_ReadStatus
	.loc	2 112 2 is_stmt 0       @ ../Driver/W25Q16.c:112:2
	lsls	r0, r0, #31
	bne	.LBB8_1
.Ltmp35:
@ %bb.2:
	@DEBUG_VALUE: W25Qxx_SectorErase:Addr <- $r5
	.loc	2 147 2 is_stmt 1       @ ../Driver/W25Q16.c:147:2
	pop.w	{r4, r5, r6, lr}
.Ltmp36:
	b	W25Qxx_WriteDisable
.Ltmp37:
.Lfunc_end8:
	.size	W25Qxx_SectorErase, .Lfunc_end8-W25Qxx_SectorErase
	.cfi_endproc
	.cantunwind
	.fnend
                                        @ -- End function
	.section	.text.W25Qxx_Read,"ax",%progbits
	.hidden	W25Qxx_Read             @ -- Begin function W25Qxx_Read
	.globl	W25Qxx_Read
	.p2align	1
	.type	W25Qxx_Read,%function
	.code	16                      @ @W25Qxx_Read
	.thumb_func
W25Qxx_Read:
.Lfunc_begin9:
	.loc	2 152 0                 @ ../Driver/W25Q16.c:152:0
	.fnstart
	.cfi_startproc
@ %bb.0:
	@DEBUG_VALUE: W25Qxx_Read:Addr <- $r0
	@DEBUG_VALUE: W25Qxx_Read:Buf <- $r1
	@DEBUG_VALUE: W25Qxx_Read:Len <- $r2
	.loc	2 153 6 prologue_end    @ ../Driver/W25Q16.c:153:6
	cbz	r2, .LBB9_4
.Ltmp38:
@ %bb.1:
	@DEBUG_VALUE: W25Qxx_Read:Len <- $r2
	@DEBUG_VALUE: W25Qxx_Read:Buf <- $r1
	@DEBUG_VALUE: W25Qxx_Read:Addr <- $r0
	.save	{r4, r5, r6, r7, lr}
	push	{r4, r5, r6, r7, lr}
	.cfi_def_cfa_offset 20
	.cfi_offset lr, -4
	.cfi_offset r7, -8
	.cfi_offset r6, -12
	.cfi_offset r5, -16
	.cfi_offset r4, -20
	.pad	#4
	sub	sp, #4
	.cfi_def_cfa_offset 24
	movw	r6, #6144
	mov	r5, r1
.Ltmp39:
	@DEBUG_VALUE: W25Qxx_Read:Buf <- $r5
	@DEBUG_VALUE: W25Qxx_Read:Buf <- $r5
	.loc	2 0 6 is_stmt 0         @ ../Driver/W25Q16.c:0:6
	mov	r7, r0
.Ltmp40:
	@DEBUG_VALUE: W25Qxx_Read:Addr <- $r7
	@DEBUG_VALUE: W25Qxx_Read:Addr <- $r7
	.loc	2 155 2 is_stmt 1       @ ../Driver/W25Q16.c:155:2
	movs	r1, #8
	mov	r4, r2
.Ltmp41:
	@DEBUG_VALUE: W25Qxx_Read:Len <- $r4
	@DEBUG_VALUE: W25Qxx_Read:Len <- $r4
	.loc	2 0 2 is_stmt 0         @ ../Driver/W25Q16.c:0:2
	movt	r6, #16386
	.loc	2 155 2                 @ ../Driver/W25Q16.c:155:2
	mov	r0, r6
	bl	GPIO_ResetBits
	.loc	2 156 2 is_stmt 1       @ ../Driver/W25Q16.c:156:2
	movs	r0, #3
	bl	W25Qxx_ReadWrite
	.loc	2 157 2                 @ ../Driver/W25Q16.c:157:2
	ubfx	r0, r7, #16, #8
	bl	W25Qxx_ReadWrite
	.loc	2 158 2                 @ ../Driver/W25Q16.c:158:2
	ubfx	r0, r7, #8, #8
	bl	W25Qxx_ReadWrite
	.loc	2 159 2                 @ ../Driver/W25Q16.c:159:2
	uxtb	r0, r7
	bl	W25Qxx_ReadWrite
.Ltmp42:
	.p2align	2
.LBB9_2:                                @ =>This Inner Loop Header: Depth=1
	@DEBUG_VALUE: W25Qxx_Read:Len <- $r4
	@DEBUG_VALUE: W25Qxx_Read:Addr <- $r7
	@DEBUG_VALUE: W25Qxx_Read:Buf <- $r5
	@DEBUG_VALUE: W25Qxx_Read:Buf <- $r5
	@DEBUG_VALUE: W25Qxx_Read:Len <- $r4
	.loc	2 163 12                @ ../Driver/W25Q16.c:163:12
	movs	r0, #0
	bl	W25Qxx_ReadWrite
	.loc	2 163 10 is_stmt 0      @ ../Driver/W25Q16.c:163:10
	strb	r0, [r5], #1
.Ltmp43:
	.loc	2 162 6 is_stmt 1       @ ../Driver/W25Q16.c:162:6
	subs	r4, #1
.Ltmp44:
	@DEBUG_VALUE: W25Qxx_Read:Len <- $r4
	.loc	2 160 2                 @ ../Driver/W25Q16.c:160:2
	bne	.LBB9_2
.Ltmp45:
@ %bb.3:
	@DEBUG_VALUE: W25Qxx_Read:Len <- $r4
	@DEBUG_VALUE: W25Qxx_Read:Addr <- $r7
	.loc	2 165 2                 @ ../Driver/W25Q16.c:165:2
	mov	r0, r6
	movs	r1, #8
	add	sp, #4
	pop.w	{r4, r5, r6, r7, lr}
.Ltmp46:
	b	GPIO_SetBits
.LBB9_4:
.Ltmp47:
	@DEBUG_VALUE: W25Qxx_Read:Len <- $r2
	@DEBUG_VALUE: W25Qxx_Read:Buf <- $r1
	@DEBUG_VALUE: W25Qxx_Read:Addr <- $r0
	.loc	2 166 1                 @ ../Driver/W25Q16.c:166:1
	bx	lr
.Ltmp48:
.Lfunc_end9:
	.size	W25Qxx_Read, .Lfunc_end9-W25Qxx_Read
	.cfi_endproc
	.cantunwind
	.fnend
                                        @ -- End function
	.section	.text.W25Qxx_Write,"ax",%progbits
	.hidden	W25Qxx_Write            @ -- Begin function W25Qxx_Write
	.globl	W25Qxx_Write
	.p2align	1
	.type	W25Qxx_Write,%function
	.code	16                      @ @W25Qxx_Write
	.thumb_func
W25Qxx_Write:
.Lfunc_begin10:
	.loc	2 171 0                 @ ../Driver/W25Q16.c:171:0
	.fnstart
	.cfi_startproc
@ %bb.0:
	.save	{r4, r5, r6, r7, r8, r9, lr}
	push.w	{r4, r5, r6, r7, r8, r9, lr}
	.cfi_def_cfa_offset 28
	.cfi_offset lr, -4
	.cfi_offset r9, -8
	.cfi_offset r8, -12
	.cfi_offset r7, -16
	.cfi_offset r6, -20
	.cfi_offset r5, -24
	.cfi_offset r4, -28
	.pad	#4
	sub	sp, #4
	.cfi_def_cfa_offset 32
	@DEBUG_VALUE: W25Qxx_Write:Addr <- $r0
	@DEBUG_VALUE: W25Qxx_Write:Buf <- $r1
	@DEBUG_VALUE: W25Qxx_Write:Len <- $r2
.Ltmp49:
	.loc	2 173 6 prologue_end    @ ../Driver/W25Q16.c:173:6
	cmp	r2, #0
	beq	.LBB10_10
.Ltmp50:
@ %bb.1:
	@DEBUG_VALUE: W25Qxx_Write:Len <- $r2
	@DEBUG_VALUE: W25Qxx_Write:Buf <- $r1
	@DEBUG_VALUE: W25Qxx_Write:Addr <- $r0
	.loc	2 0 6 is_stmt 0         @ ../Driver/W25Q16.c:0:6
	movw	r8, #6144
	mov	r7, r2
.Ltmp51:
	@DEBUG_VALUE: W25Qxx_Write:Len <- $r7
	@DEBUG_VALUE: W25Qxx_Write:Len <- $r7
	mov	r4, r1
.Ltmp52:
	@DEBUG_VALUE: W25Qxx_Write:Buf <- $r4
	@DEBUG_VALUE: W25Qxx_Write:Buf <- $r4
	mov	r5, r0
.Ltmp53:
	@DEBUG_VALUE: W25Qxx_Write:Addr <- $r5
	@DEBUG_VALUE: W25Qxx_Write:Addr <- $r5
	movt	r8, #16386
.Ltmp54:
	.p2align	2
.LBB10_2:                               @ =>This Loop Header: Depth=1
                                        @     Child Loop BB10_6 Depth 2
                                        @     Child Loop BB10_8 Depth 2
	@DEBUG_VALUE: W25Qxx_Write:Addr <- $r5
	@DEBUG_VALUE: W25Qxx_Write:Buf <- $r4
	@DEBUG_VALUE: W25Qxx_Write:Len <- $r7
	@DEBUG_VALUE: W25Qxx_Write:Addr <- $r5
	@DEBUG_VALUE: W25Qxx_Write:Buf <- $r4
	@DEBUG_VALUE: W25Qxx_Write:Len <- $r7
	@DEBUG_VALUE: W25Qxx_Write:num <- 256
	.loc	2 179 7 is_stmt 1       @ ../Driver/W25Q16.c:179:7
	lsls	r0, r5, #20
	bne	.LBB10_4
.Ltmp55:
@ %bb.3:                                @   in Loop: Header=BB10_2 Depth=1
	@DEBUG_VALUE: W25Qxx_Write:Addr <- $r5
	@DEBUG_VALUE: W25Qxx_Write:Buf <- $r4
	@DEBUG_VALUE: W25Qxx_Write:Len <- $r7
	.loc	2 181 4                 @ ../Driver/W25Q16.c:181:4
	mov	r0, r5
	movs	r1, #32
	bl	W25Qxx_SectorErase
.Ltmp56:
.LBB10_4:                               @   in Loop: Header=BB10_2 Depth=1
	@DEBUG_VALUE: W25Qxx_Write:Addr <- $r5
	@DEBUG_VALUE: W25Qxx_Write:Buf <- $r4
	@DEBUG_VALUE: W25Qxx_Write:Len <- $r7
	.loc	2 184 3                 @ ../Driver/W25Q16.c:184:3
	bl	W25Qxx_WriteEnable
	.loc	2 188 3                 @ ../Driver/W25Q16.c:188:3
	mov	r0, r8
	movs	r1, #8
	bl	GPIO_ResetBits
	.loc	2 189 3                 @ ../Driver/W25Q16.c:189:3
	movs	r0, #2
	bl	W25Qxx_ReadWrite
	.loc	2 190 3                 @ ../Driver/W25Q16.c:190:3
	ubfx	r0, r5, #16, #8
	bl	W25Qxx_ReadWrite
	.loc	2 191 3                 @ ../Driver/W25Q16.c:191:3
	ubfx	r0, r5, #8, #8
	bl	W25Qxx_ReadWrite
.Ltmp57:
	.loc	2 185 12                @ ../Driver/W25Q16.c:185:12
	uxtb	r6, r5
.Ltmp58:
	.loc	2 192 3                 @ ../Driver/W25Q16.c:192:3
	mov	r0, r6
	bl	W25Qxx_ReadWrite
	.loc	2 185 7                 @ ../Driver/W25Q16.c:185:7
	cmp	r6, #0
	it	eq
	moveq.w	r6, #256
.Ltmp59:
	@DEBUG_VALUE: W25Qxx_Write:num <- $r6
	.loc	2 186 7                 @ ../Driver/W25Q16.c:186:7
	mov	r0, r6
	cmp	r6, r7
	it	hi
	movhi	r0, r7
.Ltmp60:
	@DEBUG_VALUE: W25Qxx_Write:num <- $r0
	.loc	2 193 8                 @ ../Driver/W25Q16.c:193:8
	add	r5, r0
.Ltmp61:
	@DEBUG_VALUE: W25Qxx_Write:Addr <- $r5
	.loc	2 187 7                 @ ../Driver/W25Q16.c:187:7
	sub.w	r9, r7, r0
.Ltmp62:
	@DEBUG_VALUE: W25Qxx_Write:Len <- $r9
	.loc	2 195 3                 @ ../Driver/W25Q16.c:195:3
	cbz	r0, .LBB10_7
.Ltmp63:
@ %bb.5:                                @   in Loop: Header=BB10_2 Depth=1
	@DEBUG_VALUE: W25Qxx_Write:Len <- $r9
	@DEBUG_VALUE: W25Qxx_Write:num <- $r0
	@DEBUG_VALUE: W25Qxx_Write:Addr <- $r5
	@DEBUG_VALUE: W25Qxx_Write:Buf <- $r4
	.loc	2 195 13 is_stmt 0      @ ../Driver/W25Q16.c:195:13
	mvns	r0, r7
.Ltmp64:
	mvns	r1, r6
	cmp	r0, r1
	it	hi
	movhi	r1, r0
	adds	r6, r1, #1
.Ltmp65:
	.p2align	2
.LBB10_6:                               @   Parent Loop BB10_2 Depth=1
                                        @ =>  This Inner Loop Header: Depth=2
	@DEBUG_VALUE: W25Qxx_Write:Len <- $r9
	@DEBUG_VALUE: W25Qxx_Write:Addr <- $r5
	@DEBUG_VALUE: W25Qxx_Write:Buf <- $r4
	@DEBUG_VALUE: W25Qxx_Write:Buf <- $r4
	@DEBUG_VALUE: W25Qxx_Write:num <- undef
	.loc	2 197 24 is_stmt 1      @ ../Driver/W25Q16.c:197:24
	ldrb	r0, [r4], #1
.Ltmp66:
	.loc	2 197 7 is_stmt 0       @ ../Driver/W25Q16.c:197:7
	bl	W25Qxx_ReadWrite
.Ltmp67:
	@DEBUG_VALUE: W25Qxx_Write:num <- [DW_OP_constu 1, DW_OP_minus, DW_OP_stack_value] undef
	.loc	2 195 3 is_stmt 1       @ ../Driver/W25Q16.c:195:3
	adds	r6, #1
	bne	.LBB10_6
.Ltmp68:
.LBB10_7:                               @   in Loop: Header=BB10_2 Depth=1
	@DEBUG_VALUE: W25Qxx_Write:Len <- $r9
	@DEBUG_VALUE: W25Qxx_Write:Addr <- $r5
	@DEBUG_VALUE: W25Qxx_Write:Buf <- $r4
	.loc	2 200 3                 @ ../Driver/W25Q16.c:200:3
	mov	r0, r8
	movs	r1, #8
	bl	GPIO_SetBits
.Ltmp69:
	.p2align	2
.LBB10_8:                               @   Parent Loop BB10_2 Depth=1
                                        @ =>  This Inner Loop Header: Depth=2
	@DEBUG_VALUE: W25Qxx_Write:Len <- $r9
	@DEBUG_VALUE: W25Qxx_Write:Addr <- $r5
	@DEBUG_VALUE: W25Qxx_Write:Buf <- $r4
	.loc	2 112 9                 @ ../Driver/W25Q16.c:112:9
	bl	W25Qxx_ReadStatus
	.loc	2 112 2 is_stmt 0       @ ../Driver/W25Q16.c:112:2
	lsls	r0, r0, #31
	bne	.LBB10_8
.Ltmp70:
@ %bb.9:                                @   in Loop: Header=BB10_2 Depth=1
	@DEBUG_VALUE: W25Qxx_Write:Len <- $r9
	@DEBUG_VALUE: W25Qxx_Write:Addr <- $r5
	@DEBUG_VALUE: W25Qxx_Write:Buf <- $r4
	.loc	2 202 3 is_stmt 1       @ ../Driver/W25Q16.c:202:3
	bl	W25Qxx_WriteDisable
.Ltmp71:
	.loc	2 175 2                 @ ../Driver/W25Q16.c:175:2
	cmp.w	r9, #0
	mov	r7, r9
.Ltmp72:
	@DEBUG_VALUE: W25Qxx_Write:Len <- $r7
	bne	.LBB10_2
.Ltmp73:
.LBB10_10:
	.loc	2 204 1                 @ ../Driver/W25Q16.c:204:1
	add	sp, #4
	pop.w	{r4, r5, r6, r7, r8, r9, pc}
.Ltmp74:
.Lfunc_end10:
	.size	W25Qxx_Write, .Lfunc_end10-W25Qxx_Write
	.cfi_endproc
	.cantunwind
	.fnend
                                        @ -- End function
	.hidden	SPIFlashID              @ @SPIFlashID
	.type	SPIFlashID,%object
	.section	.bss.SPIFlashID,"aw",%nobits
	.globl	SPIFlashID
	.p2align	2
SPIFlashID:
	.long	0                       @ 0x0
	.size	SPIFlashID, 4

	.hidden	next_address            @ @next_address
	.type	next_address,%object
	.section	.bss.next_address,"aw",%nobits
	.globl	next_address
	.p2align	2
next_address:
	.long	0                       @ 0x0
	.size	next_address, 4

	.file	5 "F:\\SkyDrive\\OtvoreniProjekti\\HotelSaplast\\fw\\KontrolerHotela\\HC070318\\Project" "../Libraries/STM32F4xx_StdPeriph_Driver/inc\\stm32f4xx_spi.h"
	.section	.debug_str,"MS",%progbits,1
.Linfo_string0:
	.asciz	"Component: ARM Compiler 6.12 Tool: armclang [5d624a00]" @ string offset=0
.Linfo_string1:
	.asciz	"../Driver\\W25Q16.c"   @ string offset=55
.Linfo_string2:
	.asciz	"F:\\SkyDrive\\OtvoreniProjekti\\HotelSaplast\\fw\\KontrolerHotela\\HC070318\\Project" @ string offset=74
.Linfo_string3:
	.asciz	"SPIFlashID"            @ string offset=152
.Linfo_string4:
	.asciz	"unsigned int"          @ string offset=163
.Linfo_string5:
	.asciz	"uint32_t"              @ string offset=176
.Linfo_string6:
	.asciz	"next_address"          @ string offset=185
.Linfo_string7:
	.asciz	"unsigned char"         @ string offset=198
.Linfo_string8:
	.asciz	"GPIO_Mode_IN"          @ string offset=212
.Linfo_string9:
	.asciz	"GPIO_Mode_OUT"         @ string offset=225
.Linfo_string10:
	.asciz	"GPIO_Mode_AF"          @ string offset=239
.Linfo_string11:
	.asciz	"GPIO_Mode_AN"          @ string offset=252
.Linfo_string12:
	.asciz	"GPIO_Low_Speed"        @ string offset=265
.Linfo_string13:
	.asciz	"GPIO_Medium_Speed"     @ string offset=280
.Linfo_string14:
	.asciz	"GPIO_Fast_Speed"       @ string offset=298
.Linfo_string15:
	.asciz	"GPIO_High_Speed"       @ string offset=314
.Linfo_string16:
	.asciz	"GPIO_OType_PP"         @ string offset=330
.Linfo_string17:
	.asciz	"GPIO_OType_OD"         @ string offset=344
.Linfo_string18:
	.asciz	"GPIO_PuPd_NOPULL"      @ string offset=358
.Linfo_string19:
	.asciz	"GPIO_PuPd_UP"          @ string offset=375
.Linfo_string20:
	.asciz	"GPIO_PuPd_DOWN"        @ string offset=388
.Linfo_string21:
	.asciz	"DISABLE"               @ string offset=403
.Linfo_string22:
	.asciz	"ENABLE"                @ string offset=411
.Linfo_string23:
	.asciz	"RESET"                 @ string offset=418
.Linfo_string24:
	.asciz	"SET"                   @ string offset=424
.Linfo_string25:
	.asciz	"MODER"                 @ string offset=428
.Linfo_string26:
	.asciz	"OTYPER"                @ string offset=434
.Linfo_string27:
	.asciz	"OSPEEDR"               @ string offset=441
.Linfo_string28:
	.asciz	"PUPDR"                 @ string offset=449
.Linfo_string29:
	.asciz	"IDR"                   @ string offset=455
.Linfo_string30:
	.asciz	"ODR"                   @ string offset=459
.Linfo_string31:
	.asciz	"BSRRL"                 @ string offset=463
.Linfo_string32:
	.asciz	"unsigned short"        @ string offset=469
.Linfo_string33:
	.asciz	"uint16_t"              @ string offset=484
.Linfo_string34:
	.asciz	"BSRRH"                 @ string offset=493
.Linfo_string35:
	.asciz	"LCKR"                  @ string offset=499
.Linfo_string36:
	.asciz	"AFR"                   @ string offset=504
.Linfo_string37:
	.asciz	"__ARRAY_SIZE_TYPE__"   @ string offset=508
.Linfo_string38:
	.asciz	"GPIO_TypeDef"          @ string offset=528
.Linfo_string39:
	.asciz	"uint8_t"               @ string offset=541
.Linfo_string40:
	.asciz	"CR1"                   @ string offset=549
.Linfo_string41:
	.asciz	"RESERVED0"             @ string offset=553
.Linfo_string42:
	.asciz	"CR2"                   @ string offset=563
.Linfo_string43:
	.asciz	"RESERVED1"             @ string offset=567
.Linfo_string44:
	.asciz	"SR"                    @ string offset=577
.Linfo_string45:
	.asciz	"RESERVED2"             @ string offset=580
.Linfo_string46:
	.asciz	"DR"                    @ string offset=590
.Linfo_string47:
	.asciz	"RESERVED3"             @ string offset=593
.Linfo_string48:
	.asciz	"CRCPR"                 @ string offset=603
.Linfo_string49:
	.asciz	"RESERVED4"             @ string offset=609
.Linfo_string50:
	.asciz	"RXCRCR"                @ string offset=619
.Linfo_string51:
	.asciz	"RESERVED5"             @ string offset=626
.Linfo_string52:
	.asciz	"TXCRCR"                @ string offset=636
.Linfo_string53:
	.asciz	"RESERVED6"             @ string offset=643
.Linfo_string54:
	.asciz	"I2SCFGR"               @ string offset=653
.Linfo_string55:
	.asciz	"RESERVED7"             @ string offset=661
.Linfo_string56:
	.asciz	"I2SPR"                 @ string offset=671
.Linfo_string57:
	.asciz	"RESERVED8"             @ string offset=677
.Linfo_string58:
	.asciz	"SPI_TypeDef"           @ string offset=687
.Linfo_string59:
	.asciz	"W25Qxx_WaitBusy"       @ string offset=699
.Linfo_string60:
	.asciz	"W25Qxx_GpioInit"       @ string offset=715
.Linfo_string61:
	.asciz	"W25Qxx_ReadWrite"      @ string offset=731
.Linfo_string62:
	.asciz	"W25Qxx_ReadId"         @ string offset=748
.Linfo_string63:
	.asciz	"W25Qxx_Init"           @ string offset=762
.Linfo_string64:
	.asciz	"W25Qxx_ReadStatus"     @ string offset=774
.Linfo_string65:
	.asciz	"W25Qxx_WriteEnable"    @ string offset=792
.Linfo_string66:
	.asciz	"W25Qxx_WriteDisable"   @ string offset=811
.Linfo_string67:
	.asciz	"W25Qxx_SectorErase"    @ string offset=831
.Linfo_string68:
	.asciz	"W25Qxx_Read"           @ string offset=850
.Linfo_string69:
	.asciz	"W25Qxx_Write"          @ string offset=862
.Linfo_string70:
	.asciz	"GPIO_InitStructure"    @ string offset=875
.Linfo_string71:
	.asciz	"GPIO_Pin"              @ string offset=894
.Linfo_string72:
	.asciz	"GPIO_Mode"             @ string offset=903
.Linfo_string73:
	.asciz	"GPIOMode_TypeDef"      @ string offset=913
.Linfo_string74:
	.asciz	"GPIO_Speed"            @ string offset=930
.Linfo_string75:
	.asciz	"GPIOSpeed_TypeDef"     @ string offset=941
.Linfo_string76:
	.asciz	"GPIO_OType"            @ string offset=959
.Linfo_string77:
	.asciz	"GPIOOType_TypeDef"     @ string offset=970
.Linfo_string78:
	.asciz	"GPIO_PuPd"             @ string offset=988
.Linfo_string79:
	.asciz	"GPIOPuPd_TypeDef"      @ string offset=998
.Linfo_string80:
	.asciz	"GPIO_InitTypeDef"      @ string offset=1015
.Linfo_string81:
	.asciz	"SPI_InitStructure"     @ string offset=1032
.Linfo_string82:
	.asciz	"SPI_Direction"         @ string offset=1050
.Linfo_string83:
	.asciz	"SPI_Mode"              @ string offset=1064
.Linfo_string84:
	.asciz	"SPI_DataSize"          @ string offset=1073
.Linfo_string85:
	.asciz	"SPI_CPOL"              @ string offset=1086
.Linfo_string86:
	.asciz	"SPI_CPHA"              @ string offset=1095
.Linfo_string87:
	.asciz	"SPI_NSS"               @ string offset=1104
.Linfo_string88:
	.asciz	"SPI_BaudRatePrescaler" @ string offset=1112
.Linfo_string89:
	.asciz	"SPI_FirstBit"          @ string offset=1134
.Linfo_string90:
	.asciz	"SPI_CRCPolynomial"     @ string offset=1147
.Linfo_string91:
	.asciz	"SPI_InitTypeDef"       @ string offset=1165
.Linfo_string92:
	.asciz	"Byte"                  @ string offset=1181
.Linfo_string93:
	.asciz	"ID"                    @ string offset=1186
.Linfo_string94:
	.asciz	"i"                     @ string offset=1189
.Linfo_string95:
	.asciz	"ReadData"              @ string offset=1191
.Linfo_string96:
	.asciz	"u8"                    @ string offset=1200
.Linfo_string97:
	.asciz	"Addr"                  @ string offset=1203
.Linfo_string98:
	.asciz	"size"                  @ string offset=1208
.Linfo_string99:
	.asciz	"Buf"                   @ string offset=1213
.Linfo_string100:
	.asciz	"Len"                   @ string offset=1217
.Linfo_string101:
	.asciz	"num"                   @ string offset=1221
	.section	.debug_loc,"",%progbits
.Ldebug_loc0:
	.long	.Ltmp1
	.long	.Ltmp3
	.short	2                       @ Loc expr size
	.byte	125                     @ DW_OP_breg13
	.byte	20                      @ 20
	.long	0
	.long	0
.Ldebug_loc1:
	.long	.Ltmp2
	.long	.Ltmp3
	.short	2                       @ Loc expr size
	.byte	125                     @ DW_OP_breg13
	.byte	0                       @ 0
	.long	0
	.long	0
.Ldebug_loc2:
	.long	.Lfunc_begin1
	.long	.Ltmp5
	.short	1                       @ Loc expr size
	.byte	80                      @ DW_OP_reg0
	.long	.Ltmp5
	.long	.Ltmp10
	.short	1                       @ Loc expr size
	.byte	85                      @ DW_OP_reg5
	.long	0
	.long	0
.Ldebug_loc3:
	.long	.Ltmp11
	.long	.Ltmp14
	.short	1                       @ Loc expr size
	.byte	48                      @ DW_OP_lit0
	.long	.Ltmp17
	.long	.Ltmp19
	.short	1                       @ Loc expr size
	.byte	85                      @ DW_OP_reg5
	.long	0
	.long	0
.Ldebug_loc4:
	.long	.Ltmp13
	.long	.Ltmp14
	.short	1                       @ Loc expr size
	.byte	48                      @ DW_OP_lit0
	.long	.Ltmp14
	.long	.Ltmp19
	.short	1                       @ Loc expr size
	.byte	86                      @ DW_OP_reg6
	.long	0
	.long	0
.Ldebug_loc5:
	.long	.Lfunc_begin8
	.long	.Ltmp31
	.short	1                       @ Loc expr size
	.byte	80                      @ DW_OP_reg0
	.long	.Ltmp31
	.long	.Ltmp36
	.short	1                       @ Loc expr size
	.byte	85                      @ DW_OP_reg5
	.long	0
	.long	0
.Ldebug_loc6:
	.long	.Lfunc_begin8
	.long	.Ltmp31
	.short	1                       @ Loc expr size
	.byte	81                      @ DW_OP_reg1
	.long	.Ltmp31
	.long	.Ltmp32
	.short	1                       @ Loc expr size
	.byte	84                      @ DW_OP_reg4
	.long	.Ltmp32
	.long	.Ltmp33
	.short	1                       @ Loc expr size
	.byte	80                      @ DW_OP_reg0
	.long	0
	.long	0
.Ldebug_loc7:
	.long	.Lfunc_begin9
	.long	.Ltmp40
	.short	1                       @ Loc expr size
	.byte	80                      @ DW_OP_reg0
	.long	.Ltmp40
	.long	.Ltmp46
	.short	1                       @ Loc expr size
	.byte	87                      @ DW_OP_reg7
	.long	.Ltmp47
	.long	.Lfunc_end9
	.short	1                       @ Loc expr size
	.byte	80                      @ DW_OP_reg0
	.long	0
	.long	0
.Ldebug_loc8:
	.long	.Lfunc_begin9
	.long	.Ltmp39
	.short	1                       @ Loc expr size
	.byte	81                      @ DW_OP_reg1
	.long	.Ltmp39
	.long	.Ltmp43
	.short	1                       @ Loc expr size
	.byte	85                      @ DW_OP_reg5
	.long	.Ltmp47
	.long	.Lfunc_end9
	.short	1                       @ Loc expr size
	.byte	81                      @ DW_OP_reg1
	.long	0
	.long	0
.Ldebug_loc9:
	.long	.Lfunc_begin9
	.long	.Ltmp41
	.short	1                       @ Loc expr size
	.byte	82                      @ DW_OP_reg2
	.long	.Ltmp41
	.long	.Ltmp46
	.short	1                       @ Loc expr size
	.byte	84                      @ DW_OP_reg4
	.long	.Ltmp47
	.long	.Lfunc_end9
	.short	1                       @ Loc expr size
	.byte	82                      @ DW_OP_reg2
	.long	0
	.long	0
.Ldebug_loc10:
	.long	.Lfunc_begin10
	.long	.Ltmp53
	.short	1                       @ Loc expr size
	.byte	80                      @ DW_OP_reg0
	.long	.Ltmp53
	.long	.Ltmp73
	.short	1                       @ Loc expr size
	.byte	85                      @ DW_OP_reg5
	.long	0
	.long	0
.Ldebug_loc11:
	.long	.Lfunc_begin10
	.long	.Ltmp52
	.short	1                       @ Loc expr size
	.byte	81                      @ DW_OP_reg1
	.long	.Ltmp52
	.long	.Ltmp66
	.short	1                       @ Loc expr size
	.byte	84                      @ DW_OP_reg4
	.long	.Ltmp68
	.long	.Ltmp73
	.short	1                       @ Loc expr size
	.byte	84                      @ DW_OP_reg4
	.long	0
	.long	0
.Ldebug_loc12:
	.long	.Lfunc_begin10
	.long	.Ltmp51
	.short	1                       @ Loc expr size
	.byte	82                      @ DW_OP_reg2
	.long	.Ltmp51
	.long	.Ltmp62
	.short	1                       @ Loc expr size
	.byte	87                      @ DW_OP_reg7
	.long	.Ltmp62
	.long	.Ltmp72
	.short	1                       @ Loc expr size
	.byte	89                      @ DW_OP_reg9
	.long	.Ltmp72
	.long	.Ltmp73
	.short	1                       @ Loc expr size
	.byte	87                      @ DW_OP_reg7
	.long	0
	.long	0
.Ldebug_loc13:
	.long	.Ltmp54
	.long	.Ltmp59
	.short	3                       @ Loc expr size
	.byte	16                      @ DW_OP_constu
	.byte	128                     @ 256
	.byte	2                       @ 
	.long	.Ltmp59
	.long	.Ltmp60
	.short	1                       @ Loc expr size
	.byte	86                      @ DW_OP_reg6
	.long	.Ltmp60
	.long	.Ltmp64
	.short	1                       @ Loc expr size
	.byte	80                      @ DW_OP_reg0
	.long	0
	.long	0
	.section	.debug_abbrev,"",%progbits
	.byte	1                       @ Abbreviation Code
	.byte	17                      @ DW_TAG_compile_unit
	.byte	1                       @ DW_CHILDREN_yes
	.byte	37                      @ DW_AT_producer
	.byte	14                      @ DW_FORM_strp
	.byte	19                      @ DW_AT_language
	.byte	5                       @ DW_FORM_data2
	.byte	3                       @ DW_AT_name
	.byte	14                      @ DW_FORM_strp
	.byte	16                      @ DW_AT_stmt_list
	.byte	6                       @ DW_FORM_data4
	.byte	27                      @ DW_AT_comp_dir
	.byte	14                      @ DW_FORM_strp
	.byte	17                      @ DW_AT_low_pc
	.byte	1                       @ DW_FORM_addr
	.byte	85                      @ DW_AT_ranges
	.byte	6                       @ DW_FORM_data4
	.byte	0                       @ EOM(1)
	.byte	0                       @ EOM(2)
	.byte	2                       @ Abbreviation Code
	.byte	52                      @ DW_TAG_variable
	.byte	0                       @ DW_CHILDREN_no
	.byte	3                       @ DW_AT_name
	.byte	14                      @ DW_FORM_strp
	.byte	73                      @ DW_AT_type
	.byte	19                      @ DW_FORM_ref4
	.byte	63                      @ DW_AT_external
	.byte	12                      @ DW_FORM_flag
	.byte	58                      @ DW_AT_decl_file
	.byte	11                      @ DW_FORM_data1
	.byte	59                      @ DW_AT_decl_line
	.byte	11                      @ DW_FORM_data1
	.byte	2                       @ DW_AT_location
	.byte	10                      @ DW_FORM_block1
	.byte	0                       @ EOM(1)
	.byte	0                       @ EOM(2)
	.byte	3                       @ Abbreviation Code
	.byte	53                      @ DW_TAG_volatile_type
	.byte	0                       @ DW_CHILDREN_no
	.byte	73                      @ DW_AT_type
	.byte	19                      @ DW_FORM_ref4
	.byte	0                       @ EOM(1)
	.byte	0                       @ EOM(2)
	.byte	4                       @ Abbreviation Code
	.byte	22                      @ DW_TAG_typedef
	.byte	0                       @ DW_CHILDREN_no
	.byte	73                      @ DW_AT_type
	.byte	19                      @ DW_FORM_ref4
	.byte	3                       @ DW_AT_name
	.byte	14                      @ DW_FORM_strp
	.byte	58                      @ DW_AT_decl_file
	.byte	11                      @ DW_FORM_data1
	.byte	59                      @ DW_AT_decl_line
	.byte	11                      @ DW_FORM_data1
	.byte	0                       @ EOM(1)
	.byte	0                       @ EOM(2)
	.byte	5                       @ Abbreviation Code
	.byte	36                      @ DW_TAG_base_type
	.byte	0                       @ DW_CHILDREN_no
	.byte	3                       @ DW_AT_name
	.byte	14                      @ DW_FORM_strp
	.byte	62                      @ DW_AT_encoding
	.byte	11                      @ DW_FORM_data1
	.byte	11                      @ DW_AT_byte_size
	.byte	11                      @ DW_FORM_data1
	.byte	0                       @ EOM(1)
	.byte	0                       @ EOM(2)
	.byte	6                       @ Abbreviation Code
	.byte	4                       @ DW_TAG_enumeration_type
	.byte	1                       @ DW_CHILDREN_yes
	.byte	73                      @ DW_AT_type
	.byte	19                      @ DW_FORM_ref4
	.byte	11                      @ DW_AT_byte_size
	.byte	11                      @ DW_FORM_data1
	.byte	58                      @ DW_AT_decl_file
	.byte	11                      @ DW_FORM_data1
	.byte	59                      @ DW_AT_decl_line
	.byte	11                      @ DW_FORM_data1
	.byte	0                       @ EOM(1)
	.byte	0                       @ EOM(2)
	.byte	7                       @ Abbreviation Code
	.byte	40                      @ DW_TAG_enumerator
	.byte	0                       @ DW_CHILDREN_no
	.byte	3                       @ DW_AT_name
	.byte	14                      @ DW_FORM_strp
	.byte	28                      @ DW_AT_const_value
	.byte	15                      @ DW_FORM_udata
	.byte	0                       @ EOM(1)
	.byte	0                       @ EOM(2)
	.byte	8                       @ Abbreviation Code
	.byte	4                       @ DW_TAG_enumeration_type
	.byte	1                       @ DW_CHILDREN_yes
	.byte	73                      @ DW_AT_type
	.byte	19                      @ DW_FORM_ref4
	.byte	11                      @ DW_AT_byte_size
	.byte	11                      @ DW_FORM_data1
	.byte	58                      @ DW_AT_decl_file
	.byte	11                      @ DW_FORM_data1
	.byte	59                      @ DW_AT_decl_line
	.byte	5                       @ DW_FORM_data2
	.byte	0                       @ EOM(1)
	.byte	0                       @ EOM(2)
	.byte	9                       @ Abbreviation Code
	.byte	15                      @ DW_TAG_pointer_type
	.byte	0                       @ DW_CHILDREN_no
	.byte	73                      @ DW_AT_type
	.byte	19                      @ DW_FORM_ref4
	.byte	0                       @ EOM(1)
	.byte	0                       @ EOM(2)
	.byte	10                      @ Abbreviation Code
	.byte	22                      @ DW_TAG_typedef
	.byte	0                       @ DW_CHILDREN_no
	.byte	73                      @ DW_AT_type
	.byte	19                      @ DW_FORM_ref4
	.byte	3                       @ DW_AT_name
	.byte	14                      @ DW_FORM_strp
	.byte	58                      @ DW_AT_decl_file
	.byte	11                      @ DW_FORM_data1
	.byte	59                      @ DW_AT_decl_line
	.byte	5                       @ DW_FORM_data2
	.byte	0                       @ EOM(1)
	.byte	0                       @ EOM(2)
	.byte	11                      @ Abbreviation Code
	.byte	19                      @ DW_TAG_structure_type
	.byte	1                       @ DW_CHILDREN_yes
	.byte	11                      @ DW_AT_byte_size
	.byte	11                      @ DW_FORM_data1
	.byte	58                      @ DW_AT_decl_file
	.byte	11                      @ DW_FORM_data1
	.byte	59                      @ DW_AT_decl_line
	.byte	5                       @ DW_FORM_data2
	.byte	0                       @ EOM(1)
	.byte	0                       @ EOM(2)
	.byte	12                      @ Abbreviation Code
	.byte	13                      @ DW_TAG_member
	.byte	0                       @ DW_CHILDREN_no
	.byte	3                       @ DW_AT_name
	.byte	14                      @ DW_FORM_strp
	.byte	73                      @ DW_AT_type
	.byte	19                      @ DW_FORM_ref4
	.byte	58                      @ DW_AT_decl_file
	.byte	11                      @ DW_FORM_data1
	.byte	59                      @ DW_AT_decl_line
	.byte	5                       @ DW_FORM_data2
	.byte	56                      @ DW_AT_data_member_location
	.byte	11                      @ DW_FORM_data1
	.byte	0                       @ EOM(1)
	.byte	0                       @ EOM(2)
	.byte	13                      @ Abbreviation Code
	.byte	1                       @ DW_TAG_array_type
	.byte	1                       @ DW_CHILDREN_yes
	.byte	73                      @ DW_AT_type
	.byte	19                      @ DW_FORM_ref4
	.byte	0                       @ EOM(1)
	.byte	0                       @ EOM(2)
	.byte	14                      @ Abbreviation Code
	.byte	33                      @ DW_TAG_subrange_type
	.byte	0                       @ DW_CHILDREN_no
	.byte	73                      @ DW_AT_type
	.byte	19                      @ DW_FORM_ref4
	.byte	55                      @ DW_AT_count
	.byte	11                      @ DW_FORM_data1
	.byte	0                       @ EOM(1)
	.byte	0                       @ EOM(2)
	.byte	15                      @ Abbreviation Code
	.byte	36                      @ DW_TAG_base_type
	.byte	0                       @ DW_CHILDREN_no
	.byte	3                       @ DW_AT_name
	.byte	14                      @ DW_FORM_strp
	.byte	11                      @ DW_AT_byte_size
	.byte	11                      @ DW_FORM_data1
	.byte	62                      @ DW_AT_encoding
	.byte	11                      @ DW_FORM_data1
	.byte	0                       @ EOM(1)
	.byte	0                       @ EOM(2)
	.byte	16                      @ Abbreviation Code
	.byte	46                      @ DW_TAG_subprogram
	.byte	1                       @ DW_CHILDREN_yes
	.byte	17                      @ DW_AT_low_pc
	.byte	1                       @ DW_FORM_addr
	.byte	18                      @ DW_AT_high_pc
	.byte	1                       @ DW_FORM_addr
	.byte	64                      @ DW_AT_frame_base
	.byte	10                      @ DW_FORM_block1
	.byte	3                       @ DW_AT_name
	.byte	14                      @ DW_FORM_strp
	.byte	58                      @ DW_AT_decl_file
	.byte	11                      @ DW_FORM_data1
	.byte	59                      @ DW_AT_decl_line
	.byte	11                      @ DW_FORM_data1
	.byte	39                      @ DW_AT_prototyped
	.byte	12                      @ DW_FORM_flag
	.byte	63                      @ DW_AT_external
	.byte	12                      @ DW_FORM_flag
	.byte	0                       @ EOM(1)
	.byte	0                       @ EOM(2)
	.byte	17                      @ Abbreviation Code
	.byte	52                      @ DW_TAG_variable
	.byte	0                       @ DW_CHILDREN_no
	.byte	2                       @ DW_AT_location
	.byte	6                       @ DW_FORM_data4
	.byte	3                       @ DW_AT_name
	.byte	14                      @ DW_FORM_strp
	.byte	58                      @ DW_AT_decl_file
	.byte	11                      @ DW_FORM_data1
	.byte	59                      @ DW_AT_decl_line
	.byte	11                      @ DW_FORM_data1
	.byte	73                      @ DW_AT_type
	.byte	19                      @ DW_FORM_ref4
	.byte	0                       @ EOM(1)
	.byte	0                       @ EOM(2)
	.byte	18                      @ Abbreviation Code
	.byte	46                      @ DW_TAG_subprogram
	.byte	1                       @ DW_CHILDREN_yes
	.byte	17                      @ DW_AT_low_pc
	.byte	1                       @ DW_FORM_addr
	.byte	18                      @ DW_AT_high_pc
	.byte	1                       @ DW_FORM_addr
	.byte	64                      @ DW_AT_frame_base
	.byte	10                      @ DW_FORM_block1
	.byte	3                       @ DW_AT_name
	.byte	14                      @ DW_FORM_strp
	.byte	58                      @ DW_AT_decl_file
	.byte	11                      @ DW_FORM_data1
	.byte	59                      @ DW_AT_decl_line
	.byte	11                      @ DW_FORM_data1
	.byte	39                      @ DW_AT_prototyped
	.byte	12                      @ DW_FORM_flag
	.byte	73                      @ DW_AT_type
	.byte	19                      @ DW_FORM_ref4
	.byte	63                      @ DW_AT_external
	.byte	12                      @ DW_FORM_flag
	.byte	0                       @ EOM(1)
	.byte	0                       @ EOM(2)
	.byte	19                      @ Abbreviation Code
	.byte	5                       @ DW_TAG_formal_parameter
	.byte	0                       @ DW_CHILDREN_no
	.byte	2                       @ DW_AT_location
	.byte	6                       @ DW_FORM_data4
	.byte	3                       @ DW_AT_name
	.byte	14                      @ DW_FORM_strp
	.byte	58                      @ DW_AT_decl_file
	.byte	11                      @ DW_FORM_data1
	.byte	59                      @ DW_AT_decl_line
	.byte	11                      @ DW_FORM_data1
	.byte	73                      @ DW_AT_type
	.byte	19                      @ DW_FORM_ref4
	.byte	0                       @ EOM(1)
	.byte	0                       @ EOM(2)
	.byte	20                      @ Abbreviation Code
	.byte	46                      @ DW_TAG_subprogram
	.byte	0                       @ DW_CHILDREN_no
	.byte	17                      @ DW_AT_low_pc
	.byte	1                       @ DW_FORM_addr
	.byte	18                      @ DW_AT_high_pc
	.byte	1                       @ DW_FORM_addr
	.byte	64                      @ DW_AT_frame_base
	.byte	10                      @ DW_FORM_block1
	.byte	3                       @ DW_AT_name
	.byte	14                      @ DW_FORM_strp
	.byte	58                      @ DW_AT_decl_file
	.byte	11                      @ DW_FORM_data1
	.byte	59                      @ DW_AT_decl_line
	.byte	11                      @ DW_FORM_data1
	.byte	39                      @ DW_AT_prototyped
	.byte	12                      @ DW_FORM_flag
	.byte	63                      @ DW_AT_external
	.byte	12                      @ DW_FORM_flag
	.byte	0                       @ EOM(1)
	.byte	0                       @ EOM(2)
	.byte	21                      @ Abbreviation Code
	.byte	52                      @ DW_TAG_variable
	.byte	0                       @ DW_CHILDREN_no
	.byte	3                       @ DW_AT_name
	.byte	14                      @ DW_FORM_strp
	.byte	58                      @ DW_AT_decl_file
	.byte	11                      @ DW_FORM_data1
	.byte	59                      @ DW_AT_decl_line
	.byte	11                      @ DW_FORM_data1
	.byte	73                      @ DW_AT_type
	.byte	19                      @ DW_FORM_ref4
	.byte	0                       @ EOM(1)
	.byte	0                       @ EOM(2)
	.byte	22                      @ Abbreviation Code
	.byte	46                      @ DW_TAG_subprogram
	.byte	0                       @ DW_CHILDREN_no
	.byte	17                      @ DW_AT_low_pc
	.byte	1                       @ DW_FORM_addr
	.byte	18                      @ DW_AT_high_pc
	.byte	1                       @ DW_FORM_addr
	.byte	64                      @ DW_AT_frame_base
	.byte	10                      @ DW_FORM_block1
	.byte	49                      @ DW_AT_abstract_origin
	.byte	19                      @ DW_FORM_ref4
	.byte	0                       @ EOM(1)
	.byte	0                       @ EOM(2)
	.byte	23                      @ Abbreviation Code
	.byte	46                      @ DW_TAG_subprogram
	.byte	0                       @ DW_CHILDREN_no
	.byte	3                       @ DW_AT_name
	.byte	14                      @ DW_FORM_strp
	.byte	58                      @ DW_AT_decl_file
	.byte	11                      @ DW_FORM_data1
	.byte	59                      @ DW_AT_decl_line
	.byte	11                      @ DW_FORM_data1
	.byte	39                      @ DW_AT_prototyped
	.byte	12                      @ DW_FORM_flag
	.byte	63                      @ DW_AT_external
	.byte	12                      @ DW_FORM_flag
	.byte	32                      @ DW_AT_inline
	.byte	11                      @ DW_FORM_data1
	.byte	0                       @ EOM(1)
	.byte	0                       @ EOM(2)
	.byte	24                      @ Abbreviation Code
	.byte	29                      @ DW_TAG_inlined_subroutine
	.byte	0                       @ DW_CHILDREN_no
	.byte	49                      @ DW_AT_abstract_origin
	.byte	19                      @ DW_FORM_ref4
	.byte	17                      @ DW_AT_low_pc
	.byte	1                       @ DW_FORM_addr
	.byte	18                      @ DW_AT_high_pc
	.byte	1                       @ DW_FORM_addr
	.byte	88                      @ DW_AT_call_file
	.byte	11                      @ DW_FORM_data1
	.byte	89                      @ DW_AT_call_line
	.byte	11                      @ DW_FORM_data1
	.byte	0                       @ EOM(1)
	.byte	0                       @ EOM(2)
	.byte	25                      @ Abbreviation Code
	.byte	19                      @ DW_TAG_structure_type
	.byte	1                       @ DW_CHILDREN_yes
	.byte	11                      @ DW_AT_byte_size
	.byte	11                      @ DW_FORM_data1
	.byte	58                      @ DW_AT_decl_file
	.byte	11                      @ DW_FORM_data1
	.byte	59                      @ DW_AT_decl_line
	.byte	11                      @ DW_FORM_data1
	.byte	0                       @ EOM(1)
	.byte	0                       @ EOM(2)
	.byte	26                      @ Abbreviation Code
	.byte	13                      @ DW_TAG_member
	.byte	0                       @ DW_CHILDREN_no
	.byte	3                       @ DW_AT_name
	.byte	14                      @ DW_FORM_strp
	.byte	73                      @ DW_AT_type
	.byte	19                      @ DW_FORM_ref4
	.byte	58                      @ DW_AT_decl_file
	.byte	11                      @ DW_FORM_data1
	.byte	59                      @ DW_AT_decl_line
	.byte	11                      @ DW_FORM_data1
	.byte	56                      @ DW_AT_data_member_location
	.byte	11                      @ DW_FORM_data1
	.byte	0                       @ EOM(1)
	.byte	0                       @ EOM(2)
	.byte	0                       @ EOM(3)
	.section	.debug_info,"",%progbits
.Lcu_begin0:
	.long	.Ldebug_info_end0-.Ldebug_info_start0 @ Length of Unit
.Ldebug_info_start0:
	.short	3                       @ DWARF version number
	.long	.debug_abbrev           @ Offset Into Abbrev. Section
	.byte	4                       @ Address Size (in bytes)
	.byte	1                       @ Abbrev [1] 0xb:0x5b5 DW_TAG_compile_unit
	.long	.Linfo_string0          @ DW_AT_producer
	.short	12                      @ DW_AT_language
	.long	.Linfo_string1          @ DW_AT_name
	.long	.Lline_table_start0     @ DW_AT_stmt_list
	.long	.Linfo_string2          @ DW_AT_comp_dir
	.long	0                       @ DW_AT_low_pc
	.long	.Ldebug_ranges0         @ DW_AT_ranges
	.byte	2                       @ Abbrev [2] 0x26:0x12 DW_TAG_variable
	.long	.Linfo_string3          @ DW_AT_name
	.long	56                      @ DW_AT_type
	.byte	1                       @ DW_AT_external
	.byte	2                       @ DW_AT_decl_file
	.byte	14                      @ DW_AT_decl_line
	.byte	5                       @ DW_AT_location
	.byte	3
	.long	SPIFlashID
	.byte	3                       @ Abbrev [3] 0x38:0x5 DW_TAG_volatile_type
	.long	61                      @ DW_AT_type
	.byte	4                       @ Abbrev [4] 0x3d:0xb DW_TAG_typedef
	.long	72                      @ DW_AT_type
	.long	.Linfo_string5          @ DW_AT_name
	.byte	1                       @ DW_AT_decl_file
	.byte	64                      @ DW_AT_decl_line
	.byte	5                       @ Abbrev [5] 0x48:0x7 DW_TAG_base_type
	.long	.Linfo_string4          @ DW_AT_name
	.byte	7                       @ DW_AT_encoding
	.byte	4                       @ DW_AT_byte_size
	.byte	2                       @ Abbrev [2] 0x4f:0x12 DW_TAG_variable
	.long	.Linfo_string6          @ DW_AT_name
	.long	56                      @ DW_AT_type
	.byte	1                       @ DW_AT_external
	.byte	2                       @ DW_AT_decl_file
	.byte	15                      @ DW_AT_decl_line
	.byte	5                       @ DW_AT_location
	.byte	3
	.long	next_address
	.byte	6                       @ Abbrev [6] 0x61:0x21 DW_TAG_enumeration_type
	.long	130                     @ DW_AT_type
	.byte	1                       @ DW_AT_byte_size
	.byte	3                       @ DW_AT_decl_file
	.byte	65                      @ DW_AT_decl_line
	.byte	7                       @ Abbrev [7] 0x69:0x6 DW_TAG_enumerator
	.long	.Linfo_string8          @ DW_AT_name
	.byte	0                       @ DW_AT_const_value
	.byte	7                       @ Abbrev [7] 0x6f:0x6 DW_TAG_enumerator
	.long	.Linfo_string9          @ DW_AT_name
	.byte	1                       @ DW_AT_const_value
	.byte	7                       @ Abbrev [7] 0x75:0x6 DW_TAG_enumerator
	.long	.Linfo_string10         @ DW_AT_name
	.byte	2                       @ DW_AT_const_value
	.byte	7                       @ Abbrev [7] 0x7b:0x6 DW_TAG_enumerator
	.long	.Linfo_string11         @ DW_AT_name
	.byte	3                       @ DW_AT_const_value
	.byte	0                       @ End Of Children Mark
	.byte	5                       @ Abbrev [5] 0x82:0x7 DW_TAG_base_type
	.long	.Linfo_string7          @ DW_AT_name
	.byte	8                       @ DW_AT_encoding
	.byte	1                       @ DW_AT_byte_size
	.byte	6                       @ Abbrev [6] 0x89:0x21 DW_TAG_enumeration_type
	.long	130                     @ DW_AT_type
	.byte	1                       @ DW_AT_byte_size
	.byte	3                       @ DW_AT_decl_file
	.byte	89                      @ DW_AT_decl_line
	.byte	7                       @ Abbrev [7] 0x91:0x6 DW_TAG_enumerator
	.long	.Linfo_string12         @ DW_AT_name
	.byte	0                       @ DW_AT_const_value
	.byte	7                       @ Abbrev [7] 0x97:0x6 DW_TAG_enumerator
	.long	.Linfo_string13         @ DW_AT_name
	.byte	1                       @ DW_AT_const_value
	.byte	7                       @ Abbrev [7] 0x9d:0x6 DW_TAG_enumerator
	.long	.Linfo_string14         @ DW_AT_name
	.byte	2                       @ DW_AT_const_value
	.byte	7                       @ Abbrev [7] 0xa3:0x6 DW_TAG_enumerator
	.long	.Linfo_string15         @ DW_AT_name
	.byte	3                       @ DW_AT_const_value
	.byte	0                       @ End Of Children Mark
	.byte	6                       @ Abbrev [6] 0xaa:0x15 DW_TAG_enumeration_type
	.long	130                     @ DW_AT_type
	.byte	1                       @ DW_AT_byte_size
	.byte	3                       @ DW_AT_decl_file
	.byte	78                      @ DW_AT_decl_line
	.byte	7                       @ Abbrev [7] 0xb2:0x6 DW_TAG_enumerator
	.long	.Linfo_string16         @ DW_AT_name
	.byte	0                       @ DW_AT_const_value
	.byte	7                       @ Abbrev [7] 0xb8:0x6 DW_TAG_enumerator
	.long	.Linfo_string17         @ DW_AT_name
	.byte	1                       @ DW_AT_const_value
	.byte	0                       @ End Of Children Mark
	.byte	6                       @ Abbrev [6] 0xbf:0x1b DW_TAG_enumeration_type
	.long	130                     @ DW_AT_type
	.byte	1                       @ DW_AT_byte_size
	.byte	3                       @ DW_AT_decl_file
	.byte	109                     @ DW_AT_decl_line
	.byte	7                       @ Abbrev [7] 0xc7:0x6 DW_TAG_enumerator
	.long	.Linfo_string18         @ DW_AT_name
	.byte	0                       @ DW_AT_const_value
	.byte	7                       @ Abbrev [7] 0xcd:0x6 DW_TAG_enumerator
	.long	.Linfo_string19         @ DW_AT_name
	.byte	1                       @ DW_AT_const_value
	.byte	7                       @ Abbrev [7] 0xd3:0x6 DW_TAG_enumerator
	.long	.Linfo_string20         @ DW_AT_name
	.byte	2                       @ DW_AT_const_value
	.byte	0                       @ End Of Children Mark
	.byte	8                       @ Abbrev [8] 0xda:0x16 DW_TAG_enumeration_type
	.long	130                     @ DW_AT_type
	.byte	1                       @ DW_AT_byte_size
	.byte	4                       @ DW_AT_decl_file
	.short	589                     @ DW_AT_decl_line
	.byte	7                       @ Abbrev [7] 0xe3:0x6 DW_TAG_enumerator
	.long	.Linfo_string21         @ DW_AT_name
	.byte	0                       @ DW_AT_const_value
	.byte	7                       @ Abbrev [7] 0xe9:0x6 DW_TAG_enumerator
	.long	.Linfo_string22         @ DW_AT_name
	.byte	1                       @ DW_AT_const_value
	.byte	0                       @ End Of Children Mark
	.byte	8                       @ Abbrev [8] 0xf0:0x16 DW_TAG_enumeration_type
	.long	130                     @ DW_AT_type
	.byte	1                       @ DW_AT_byte_size
	.byte	4                       @ DW_AT_decl_file
	.short	587                     @ DW_AT_decl_line
	.byte	7                       @ Abbrev [7] 0xf9:0x6 DW_TAG_enumerator
	.long	.Linfo_string23         @ DW_AT_name
	.byte	0                       @ DW_AT_const_value
	.byte	7                       @ Abbrev [7] 0xff:0x6 DW_TAG_enumerator
	.long	.Linfo_string24         @ DW_AT_name
	.byte	1                       @ DW_AT_const_value
	.byte	0                       @ End Of Children Mark
	.byte	9                       @ Abbrev [9] 0x106:0x5 DW_TAG_pointer_type
	.long	267                     @ DW_AT_type
	.byte	10                      @ Abbrev [10] 0x10b:0xc DW_TAG_typedef
	.long	279                     @ DW_AT_type
	.long	.Linfo_string38         @ DW_AT_name
	.byte	4                       @ DW_AT_decl_file
	.short	1091                    @ DW_AT_decl_line
	.byte	11                      @ Abbrev [11] 0x117:0x88 DW_TAG_structure_type
	.byte	40                      @ DW_AT_byte_size
	.byte	4                       @ DW_AT_decl_file
	.short	1079                    @ DW_AT_decl_line
	.byte	12                      @ Abbrev [12] 0x11c:0xd DW_TAG_member
	.long	.Linfo_string25         @ DW_AT_name
	.long	56                      @ DW_AT_type
	.byte	4                       @ DW_AT_decl_file
	.short	1081                    @ DW_AT_decl_line
	.byte	0                       @ DW_AT_data_member_location
	.byte	12                      @ Abbrev [12] 0x129:0xd DW_TAG_member
	.long	.Linfo_string26         @ DW_AT_name
	.long	56                      @ DW_AT_type
	.byte	4                       @ DW_AT_decl_file
	.short	1082                    @ DW_AT_decl_line
	.byte	4                       @ DW_AT_data_member_location
	.byte	12                      @ Abbrev [12] 0x136:0xd DW_TAG_member
	.long	.Linfo_string27         @ DW_AT_name
	.long	56                      @ DW_AT_type
	.byte	4                       @ DW_AT_decl_file
	.short	1083                    @ DW_AT_decl_line
	.byte	8                       @ DW_AT_data_member_location
	.byte	12                      @ Abbrev [12] 0x143:0xd DW_TAG_member
	.long	.Linfo_string28         @ DW_AT_name
	.long	56                      @ DW_AT_type
	.byte	4                       @ DW_AT_decl_file
	.short	1084                    @ DW_AT_decl_line
	.byte	12                      @ DW_AT_data_member_location
	.byte	12                      @ Abbrev [12] 0x150:0xd DW_TAG_member
	.long	.Linfo_string29         @ DW_AT_name
	.long	56                      @ DW_AT_type
	.byte	4                       @ DW_AT_decl_file
	.short	1085                    @ DW_AT_decl_line
	.byte	16                      @ DW_AT_data_member_location
	.byte	12                      @ Abbrev [12] 0x15d:0xd DW_TAG_member
	.long	.Linfo_string30         @ DW_AT_name
	.long	56                      @ DW_AT_type
	.byte	4                       @ DW_AT_decl_file
	.short	1086                    @ DW_AT_decl_line
	.byte	20                      @ DW_AT_data_member_location
	.byte	12                      @ Abbrev [12] 0x16a:0xd DW_TAG_member
	.long	.Linfo_string31         @ DW_AT_name
	.long	415                     @ DW_AT_type
	.byte	4                       @ DW_AT_decl_file
	.short	1087                    @ DW_AT_decl_line
	.byte	24                      @ DW_AT_data_member_location
	.byte	12                      @ Abbrev [12] 0x177:0xd DW_TAG_member
	.long	.Linfo_string34         @ DW_AT_name
	.long	415                     @ DW_AT_type
	.byte	4                       @ DW_AT_decl_file
	.short	1088                    @ DW_AT_decl_line
	.byte	26                      @ DW_AT_data_member_location
	.byte	12                      @ Abbrev [12] 0x184:0xd DW_TAG_member
	.long	.Linfo_string35         @ DW_AT_name
	.long	56                      @ DW_AT_type
	.byte	4                       @ DW_AT_decl_file
	.short	1089                    @ DW_AT_decl_line
	.byte	28                      @ DW_AT_data_member_location
	.byte	12                      @ Abbrev [12] 0x191:0xd DW_TAG_member
	.long	.Linfo_string36         @ DW_AT_name
	.long	438                     @ DW_AT_type
	.byte	4                       @ DW_AT_decl_file
	.short	1090                    @ DW_AT_decl_line
	.byte	32                      @ DW_AT_data_member_location
	.byte	0                       @ End Of Children Mark
	.byte	3                       @ Abbrev [3] 0x19f:0x5 DW_TAG_volatile_type
	.long	420                     @ DW_AT_type
	.byte	4                       @ Abbrev [4] 0x1a4:0xb DW_TAG_typedef
	.long	431                     @ DW_AT_type
	.long	.Linfo_string33         @ DW_AT_name
	.byte	1                       @ DW_AT_decl_file
	.byte	63                      @ DW_AT_decl_line
	.byte	5                       @ Abbrev [5] 0x1af:0x7 DW_TAG_base_type
	.long	.Linfo_string32         @ DW_AT_name
	.byte	7                       @ DW_AT_encoding
	.byte	2                       @ DW_AT_byte_size
	.byte	13                      @ Abbrev [13] 0x1b6:0xc DW_TAG_array_type
	.long	56                      @ DW_AT_type
	.byte	14                      @ Abbrev [14] 0x1bb:0x6 DW_TAG_subrange_type
	.long	450                     @ DW_AT_type
	.byte	2                       @ DW_AT_count
	.byte	0                       @ End Of Children Mark
	.byte	15                      @ Abbrev [15] 0x1c2:0x7 DW_TAG_base_type
	.long	.Linfo_string37         @ DW_AT_name
	.byte	8                       @ DW_AT_byte_size
	.byte	7                       @ DW_AT_encoding
	.byte	4                       @ Abbrev [4] 0x1c9:0xb DW_TAG_typedef
	.long	130                     @ DW_AT_type
	.long	.Linfo_string39         @ DW_AT_name
	.byte	1                       @ DW_AT_decl_file
	.byte	62                      @ DW_AT_decl_line
	.byte	9                       @ Abbrev [9] 0x1d4:0x5 DW_TAG_pointer_type
	.long	473                     @ DW_AT_type
	.byte	10                      @ Abbrev [10] 0x1d9:0xc DW_TAG_typedef
	.long	485                     @ DW_AT_type
	.long	.Linfo_string58         @ DW_AT_name
	.byte	4                       @ DW_AT_decl_file
	.short	1390                    @ DW_AT_decl_line
	.byte	11                      @ Abbrev [11] 0x1e5:0xf0 DW_TAG_structure_type
	.byte	36                      @ DW_AT_byte_size
	.byte	4                       @ DW_AT_decl_file
	.short	1370                    @ DW_AT_decl_line
	.byte	12                      @ Abbrev [12] 0x1ea:0xd DW_TAG_member
	.long	.Linfo_string40         @ DW_AT_name
	.long	415                     @ DW_AT_type
	.byte	4                       @ DW_AT_decl_file
	.short	1372                    @ DW_AT_decl_line
	.byte	0                       @ DW_AT_data_member_location
	.byte	12                      @ Abbrev [12] 0x1f7:0xd DW_TAG_member
	.long	.Linfo_string41         @ DW_AT_name
	.long	420                     @ DW_AT_type
	.byte	4                       @ DW_AT_decl_file
	.short	1373                    @ DW_AT_decl_line
	.byte	2                       @ DW_AT_data_member_location
	.byte	12                      @ Abbrev [12] 0x204:0xd DW_TAG_member
	.long	.Linfo_string42         @ DW_AT_name
	.long	415                     @ DW_AT_type
	.byte	4                       @ DW_AT_decl_file
	.short	1374                    @ DW_AT_decl_line
	.byte	4                       @ DW_AT_data_member_location
	.byte	12                      @ Abbrev [12] 0x211:0xd DW_TAG_member
	.long	.Linfo_string43         @ DW_AT_name
	.long	420                     @ DW_AT_type
	.byte	4                       @ DW_AT_decl_file
	.short	1375                    @ DW_AT_decl_line
	.byte	6                       @ DW_AT_data_member_location
	.byte	12                      @ Abbrev [12] 0x21e:0xd DW_TAG_member
	.long	.Linfo_string44         @ DW_AT_name
	.long	415                     @ DW_AT_type
	.byte	4                       @ DW_AT_decl_file
	.short	1376                    @ DW_AT_decl_line
	.byte	8                       @ DW_AT_data_member_location
	.byte	12                      @ Abbrev [12] 0x22b:0xd DW_TAG_member
	.long	.Linfo_string45         @ DW_AT_name
	.long	420                     @ DW_AT_type
	.byte	4                       @ DW_AT_decl_file
	.short	1377                    @ DW_AT_decl_line
	.byte	10                      @ DW_AT_data_member_location
	.byte	12                      @ Abbrev [12] 0x238:0xd DW_TAG_member
	.long	.Linfo_string46         @ DW_AT_name
	.long	415                     @ DW_AT_type
	.byte	4                       @ DW_AT_decl_file
	.short	1378                    @ DW_AT_decl_line
	.byte	12                      @ DW_AT_data_member_location
	.byte	12                      @ Abbrev [12] 0x245:0xd DW_TAG_member
	.long	.Linfo_string47         @ DW_AT_name
	.long	420                     @ DW_AT_type
	.byte	4                       @ DW_AT_decl_file
	.short	1379                    @ DW_AT_decl_line
	.byte	14                      @ DW_AT_data_member_location
	.byte	12                      @ Abbrev [12] 0x252:0xd DW_TAG_member
	.long	.Linfo_string48         @ DW_AT_name
	.long	415                     @ DW_AT_type
	.byte	4                       @ DW_AT_decl_file
	.short	1380                    @ DW_AT_decl_line
	.byte	16                      @ DW_AT_data_member_location
	.byte	12                      @ Abbrev [12] 0x25f:0xd DW_TAG_member
	.long	.Linfo_string49         @ DW_AT_name
	.long	420                     @ DW_AT_type
	.byte	4                       @ DW_AT_decl_file
	.short	1381                    @ DW_AT_decl_line
	.byte	18                      @ DW_AT_data_member_location
	.byte	12                      @ Abbrev [12] 0x26c:0xd DW_TAG_member
	.long	.Linfo_string50         @ DW_AT_name
	.long	415                     @ DW_AT_type
	.byte	4                       @ DW_AT_decl_file
	.short	1382                    @ DW_AT_decl_line
	.byte	20                      @ DW_AT_data_member_location
	.byte	12                      @ Abbrev [12] 0x279:0xd DW_TAG_member
	.long	.Linfo_string51         @ DW_AT_name
	.long	420                     @ DW_AT_type
	.byte	4                       @ DW_AT_decl_file
	.short	1383                    @ DW_AT_decl_line
	.byte	22                      @ DW_AT_data_member_location
	.byte	12                      @ Abbrev [12] 0x286:0xd DW_TAG_member
	.long	.Linfo_string52         @ DW_AT_name
	.long	415                     @ DW_AT_type
	.byte	4                       @ DW_AT_decl_file
	.short	1384                    @ DW_AT_decl_line
	.byte	24                      @ DW_AT_data_member_location
	.byte	12                      @ Abbrev [12] 0x293:0xd DW_TAG_member
	.long	.Linfo_string53         @ DW_AT_name
	.long	420                     @ DW_AT_type
	.byte	4                       @ DW_AT_decl_file
	.short	1385                    @ DW_AT_decl_line
	.byte	26                      @ DW_AT_data_member_location
	.byte	12                      @ Abbrev [12] 0x2a0:0xd DW_TAG_member
	.long	.Linfo_string54         @ DW_AT_name
	.long	415                     @ DW_AT_type
	.byte	4                       @ DW_AT_decl_file
	.short	1386                    @ DW_AT_decl_line
	.byte	28                      @ DW_AT_data_member_location
	.byte	12                      @ Abbrev [12] 0x2ad:0xd DW_TAG_member
	.long	.Linfo_string55         @ DW_AT_name
	.long	420                     @ DW_AT_type
	.byte	4                       @ DW_AT_decl_file
	.short	1387                    @ DW_AT_decl_line
	.byte	30                      @ DW_AT_data_member_location
	.byte	12                      @ Abbrev [12] 0x2ba:0xd DW_TAG_member
	.long	.Linfo_string56         @ DW_AT_name
	.long	415                     @ DW_AT_type
	.byte	4                       @ DW_AT_decl_file
	.short	1388                    @ DW_AT_decl_line
	.byte	32                      @ DW_AT_data_member_location
	.byte	12                      @ Abbrev [12] 0x2c7:0xd DW_TAG_member
	.long	.Linfo_string57         @ DW_AT_name
	.long	420                     @ DW_AT_type
	.byte	4                       @ DW_AT_decl_file
	.short	1389                    @ DW_AT_decl_line
	.byte	34                      @ DW_AT_data_member_location
	.byte	0                       @ End Of Children Mark
	.byte	16                      @ Abbrev [16] 0x2d5:0x32 DW_TAG_subprogram
	.long	.Lfunc_begin0           @ DW_AT_low_pc
	.long	.Lfunc_end0             @ DW_AT_high_pc
	.byte	1                       @ DW_AT_frame_base
	.byte	93
	.long	.Linfo_string60         @ DW_AT_name
	.byte	2                       @ DW_AT_decl_file
	.byte	18                      @ DW_AT_decl_line
	.byte	1                       @ DW_AT_prototyped
	.byte	1                       @ DW_AT_external
	.byte	17                      @ Abbrev [17] 0x2e8:0xf DW_TAG_variable
	.long	.Ldebug_loc0            @ DW_AT_location
	.long	.Linfo_string70         @ DW_AT_name
	.byte	2                       @ DW_AT_decl_file
	.byte	20                      @ DW_AT_decl_line
	.long	1210                    @ DW_AT_type
	.byte	17                      @ Abbrev [17] 0x2f7:0xf DW_TAG_variable
	.long	.Ldebug_loc1            @ DW_AT_location
	.long	.Linfo_string81         @ DW_AT_name
	.byte	2                       @ DW_AT_decl_file
	.byte	21                      @ DW_AT_decl_line
	.long	1330                    @ DW_AT_type
	.byte	0                       @ End Of Children Mark
	.byte	18                      @ Abbrev [18] 0x307:0x27 DW_TAG_subprogram
	.long	.Lfunc_begin1           @ DW_AT_low_pc
	.long	.Lfunc_end1             @ DW_AT_high_pc
	.byte	1                       @ DW_AT_frame_base
	.byte	93
	.long	.Linfo_string61         @ DW_AT_name
	.byte	2                       @ DW_AT_decl_file
	.byte	64                      @ DW_AT_decl_line
	.byte	1                       @ DW_AT_prototyped
	.long	457                     @ DW_AT_type
	.byte	1                       @ DW_AT_external
	.byte	19                      @ Abbrev [19] 0x31e:0xf DW_TAG_formal_parameter
	.long	.Ldebug_loc2            @ DW_AT_location
	.long	.Linfo_string92         @ DW_AT_name
	.byte	2                       @ DW_AT_decl_file
	.byte	64                      @ DW_AT_decl_line
	.long	457                     @ DW_AT_type
	.byte	0                       @ End Of Children Mark
	.byte	18                      @ Abbrev [18] 0x32e:0x36 DW_TAG_subprogram
	.long	.Lfunc_begin2           @ DW_AT_low_pc
	.long	.Lfunc_end2             @ DW_AT_high_pc
	.byte	1                       @ DW_AT_frame_base
	.byte	93
	.long	.Linfo_string62         @ DW_AT_name
	.byte	2                       @ DW_AT_decl_file
	.byte	74                      @ DW_AT_decl_line
	.byte	1                       @ DW_AT_prototyped
	.long	61                      @ DW_AT_type
	.byte	1                       @ DW_AT_external
	.byte	17                      @ Abbrev [17] 0x345:0xf DW_TAG_variable
	.long	.Ldebug_loc3            @ DW_AT_location
	.long	.Linfo_string93         @ DW_AT_name
	.byte	2                       @ DW_AT_decl_file
	.byte	76                      @ DW_AT_decl_line
	.long	61                      @ DW_AT_type
	.byte	17                      @ Abbrev [17] 0x354:0xf DW_TAG_variable
	.long	.Ldebug_loc4            @ DW_AT_location
	.long	.Linfo_string94         @ DW_AT_name
	.byte	2                       @ DW_AT_decl_file
	.byte	77                      @ DW_AT_decl_line
	.long	457                     @ DW_AT_type
	.byte	0                       @ End Of Children Mark
	.byte	20                      @ Abbrev [20] 0x364:0x13 DW_TAG_subprogram
	.long	.Lfunc_begin3           @ DW_AT_low_pc
	.long	.Lfunc_end3             @ DW_AT_high_pc
	.byte	1                       @ DW_AT_frame_base
	.byte	93
	.long	.Linfo_string63         @ DW_AT_name
	.byte	2                       @ DW_AT_decl_file
	.byte	91                      @ DW_AT_decl_line
	.byte	1                       @ DW_AT_prototyped
	.byte	1                       @ DW_AT_external
	.byte	18                      @ Abbrev [18] 0x377:0x23 DW_TAG_subprogram
	.long	.Lfunc_begin4           @ DW_AT_low_pc
	.long	.Lfunc_end4             @ DW_AT_high_pc
	.byte	1                       @ DW_AT_frame_base
	.byte	93
	.long	.Linfo_string64         @ DW_AT_name
	.byte	2                       @ DW_AT_decl_file
	.byte	99                      @ DW_AT_decl_line
	.byte	1                       @ DW_AT_prototyped
	.long	457                     @ DW_AT_type
	.byte	1                       @ DW_AT_external
	.byte	21                      @ Abbrev [21] 0x38e:0xb DW_TAG_variable
	.long	.Linfo_string95         @ DW_AT_name
	.byte	2                       @ DW_AT_decl_file
	.byte	101                     @ DW_AT_decl_line
	.long	1454                    @ DW_AT_type
	.byte	0                       @ End Of Children Mark
	.byte	22                      @ Abbrev [22] 0x39a:0xf DW_TAG_subprogram
	.long	.Lfunc_begin5           @ DW_AT_low_pc
	.long	.Lfunc_end5             @ DW_AT_high_pc
	.byte	1                       @ DW_AT_frame_base
	.byte	93
	.long	975                     @ DW_AT_abstract_origin
	.byte	20                      @ Abbrev [20] 0x3a9:0x13 DW_TAG_subprogram
	.long	.Lfunc_begin6           @ DW_AT_low_pc
	.long	.Lfunc_end6             @ DW_AT_high_pc
	.byte	1                       @ DW_AT_frame_base
	.byte	93
	.long	.Linfo_string65         @ DW_AT_name
	.byte	2                       @ DW_AT_decl_file
	.byte	117                     @ DW_AT_decl_line
	.byte	1                       @ DW_AT_prototyped
	.byte	1                       @ DW_AT_external
	.byte	20                      @ Abbrev [20] 0x3bc:0x13 DW_TAG_subprogram
	.long	.Lfunc_begin7           @ DW_AT_low_pc
	.long	.Lfunc_end7             @ DW_AT_high_pc
	.byte	1                       @ DW_AT_frame_base
	.byte	93
	.long	.Linfo_string66         @ DW_AT_name
	.byte	2                       @ DW_AT_decl_file
	.byte	127                     @ DW_AT_decl_line
	.byte	1                       @ DW_AT_prototyped
	.byte	1                       @ DW_AT_external
	.byte	23                      @ Abbrev [23] 0x3cf:0xa DW_TAG_subprogram
	.long	.Linfo_string59         @ DW_AT_name
	.byte	2                       @ DW_AT_decl_file
	.byte	110                     @ DW_AT_decl_line
	.byte	1                       @ DW_AT_prototyped
	.byte	1                       @ DW_AT_external
	.byte	1                       @ DW_AT_inline
	.byte	16                      @ Abbrev [16] 0x3d9:0x41 DW_TAG_subprogram
	.long	.Lfunc_begin8           @ DW_AT_low_pc
	.long	.Lfunc_end8             @ DW_AT_high_pc
	.byte	1                       @ DW_AT_frame_base
	.byte	93
	.long	.Linfo_string67         @ DW_AT_name
	.byte	2                       @ DW_AT_decl_file
	.byte	136                     @ DW_AT_decl_line
	.byte	1                       @ DW_AT_prototyped
	.byte	1                       @ DW_AT_external
	.byte	19                      @ Abbrev [19] 0x3ec:0xf DW_TAG_formal_parameter
	.long	.Ldebug_loc5            @ DW_AT_location
	.long	.Linfo_string97         @ DW_AT_name
	.byte	2                       @ DW_AT_decl_file
	.byte	136                     @ DW_AT_decl_line
	.long	61                      @ DW_AT_type
	.byte	19                      @ Abbrev [19] 0x3fb:0xf DW_TAG_formal_parameter
	.long	.Ldebug_loc6            @ DW_AT_location
	.long	.Linfo_string98         @ DW_AT_name
	.byte	2                       @ DW_AT_decl_file
	.byte	136                     @ DW_AT_decl_line
	.long	457                     @ DW_AT_type
	.byte	24                      @ Abbrev [24] 0x40a:0xf DW_TAG_inlined_subroutine
	.long	975                     @ DW_AT_abstract_origin
	.long	.Ltmp34                 @ DW_AT_low_pc
	.long	.Ltmp35                 @ DW_AT_high_pc
	.byte	2                       @ DW_AT_call_file
	.byte	146                     @ DW_AT_call_line
	.byte	0                       @ End Of Children Mark
	.byte	16                      @ Abbrev [16] 0x41a:0x41 DW_TAG_subprogram
	.long	.Lfunc_begin9           @ DW_AT_low_pc
	.long	.Lfunc_end9             @ DW_AT_high_pc
	.byte	1                       @ DW_AT_frame_base
	.byte	93
	.long	.Linfo_string68         @ DW_AT_name
	.byte	2                       @ DW_AT_decl_file
	.byte	151                     @ DW_AT_decl_line
	.byte	1                       @ DW_AT_prototyped
	.byte	1                       @ DW_AT_external
	.byte	19                      @ Abbrev [19] 0x42d:0xf DW_TAG_formal_parameter
	.long	.Ldebug_loc7            @ DW_AT_location
	.long	.Linfo_string97         @ DW_AT_name
	.byte	2                       @ DW_AT_decl_file
	.byte	151                     @ DW_AT_decl_line
	.long	61                      @ DW_AT_type
	.byte	19                      @ Abbrev [19] 0x43c:0xf DW_TAG_formal_parameter
	.long	.Ldebug_loc8            @ DW_AT_location
	.long	.Linfo_string99         @ DW_AT_name
	.byte	2                       @ DW_AT_decl_file
	.byte	151                     @ DW_AT_decl_line
	.long	1466                    @ DW_AT_type
	.byte	19                      @ Abbrev [19] 0x44b:0xf DW_TAG_formal_parameter
	.long	.Ldebug_loc9            @ DW_AT_location
	.long	.Linfo_string100        @ DW_AT_name
	.byte	2                       @ DW_AT_decl_file
	.byte	151                     @ DW_AT_decl_line
	.long	61                      @ DW_AT_type
	.byte	0                       @ End Of Children Mark
	.byte	16                      @ Abbrev [16] 0x45b:0x5f DW_TAG_subprogram
	.long	.Lfunc_begin10          @ DW_AT_low_pc
	.long	.Lfunc_end10            @ DW_AT_high_pc
	.byte	1                       @ DW_AT_frame_base
	.byte	93
	.long	.Linfo_string69         @ DW_AT_name
	.byte	2                       @ DW_AT_decl_file
	.byte	170                     @ DW_AT_decl_line
	.byte	1                       @ DW_AT_prototyped
	.byte	1                       @ DW_AT_external
	.byte	19                      @ Abbrev [19] 0x46e:0xf DW_TAG_formal_parameter
	.long	.Ldebug_loc10           @ DW_AT_location
	.long	.Linfo_string97         @ DW_AT_name
	.byte	2                       @ DW_AT_decl_file
	.byte	170                     @ DW_AT_decl_line
	.long	61                      @ DW_AT_type
	.byte	19                      @ Abbrev [19] 0x47d:0xf DW_TAG_formal_parameter
	.long	.Ldebug_loc11           @ DW_AT_location
	.long	.Linfo_string99         @ DW_AT_name
	.byte	2                       @ DW_AT_decl_file
	.byte	170                     @ DW_AT_decl_line
	.long	1466                    @ DW_AT_type
	.byte	19                      @ Abbrev [19] 0x48c:0xf DW_TAG_formal_parameter
	.long	.Ldebug_loc12           @ DW_AT_location
	.long	.Linfo_string100        @ DW_AT_name
	.byte	2                       @ DW_AT_decl_file
	.byte	170                     @ DW_AT_decl_line
	.long	61                      @ DW_AT_type
	.byte	17                      @ Abbrev [17] 0x49b:0xf DW_TAG_variable
	.long	.Ldebug_loc13           @ DW_AT_location
	.long	.Linfo_string101        @ DW_AT_name
	.byte	2                       @ DW_AT_decl_file
	.byte	172                     @ DW_AT_decl_line
	.long	61                      @ DW_AT_type
	.byte	24                      @ Abbrev [24] 0x4aa:0xf DW_TAG_inlined_subroutine
	.long	975                     @ DW_AT_abstract_origin
	.long	.Ltmp69                 @ DW_AT_low_pc
	.long	.Ltmp70                 @ DW_AT_high_pc
	.byte	2                       @ DW_AT_call_file
	.byte	201                     @ DW_AT_call_line
	.byte	0                       @ End Of Children Mark
	.byte	4                       @ Abbrev [4] 0x4ba:0xb DW_TAG_typedef
	.long	1221                    @ DW_AT_type
	.long	.Linfo_string80         @ DW_AT_name
	.byte	3                       @ DW_AT_decl_file
	.byte	148                     @ DW_AT_decl_line
	.byte	25                      @ Abbrev [25] 0x4c5:0x41 DW_TAG_structure_type
	.byte	8                       @ DW_AT_byte_size
	.byte	3                       @ DW_AT_decl_file
	.byte	132                     @ DW_AT_decl_line
	.byte	26                      @ Abbrev [26] 0x4c9:0xc DW_TAG_member
	.long	.Linfo_string71         @ DW_AT_name
	.long	61                      @ DW_AT_type
	.byte	3                       @ DW_AT_decl_file
	.byte	134                     @ DW_AT_decl_line
	.byte	0                       @ DW_AT_data_member_location
	.byte	26                      @ Abbrev [26] 0x4d5:0xc DW_TAG_member
	.long	.Linfo_string72         @ DW_AT_name
	.long	1286                    @ DW_AT_type
	.byte	3                       @ DW_AT_decl_file
	.byte	137                     @ DW_AT_decl_line
	.byte	4                       @ DW_AT_data_member_location
	.byte	26                      @ Abbrev [26] 0x4e1:0xc DW_TAG_member
	.long	.Linfo_string74         @ DW_AT_name
	.long	1297                    @ DW_AT_type
	.byte	3                       @ DW_AT_decl_file
	.byte	140                     @ DW_AT_decl_line
	.byte	5                       @ DW_AT_data_member_location
	.byte	26                      @ Abbrev [26] 0x4ed:0xc DW_TAG_member
	.long	.Linfo_string76         @ DW_AT_name
	.long	1308                    @ DW_AT_type
	.byte	3                       @ DW_AT_decl_file
	.byte	143                     @ DW_AT_decl_line
	.byte	6                       @ DW_AT_data_member_location
	.byte	26                      @ Abbrev [26] 0x4f9:0xc DW_TAG_member
	.long	.Linfo_string78         @ DW_AT_name
	.long	1319                    @ DW_AT_type
	.byte	3                       @ DW_AT_decl_file
	.byte	146                     @ DW_AT_decl_line
	.byte	7                       @ DW_AT_data_member_location
	.byte	0                       @ End Of Children Mark
	.byte	4                       @ Abbrev [4] 0x506:0xb DW_TAG_typedef
	.long	97                      @ DW_AT_type
	.long	.Linfo_string73         @ DW_AT_name
	.byte	3                       @ DW_AT_decl_file
	.byte	71                      @ DW_AT_decl_line
	.byte	4                       @ Abbrev [4] 0x511:0xb DW_TAG_typedef
	.long	137                     @ DW_AT_type
	.long	.Linfo_string75         @ DW_AT_name
	.byte	3                       @ DW_AT_decl_file
	.byte	95                      @ DW_AT_decl_line
	.byte	4                       @ Abbrev [4] 0x51c:0xb DW_TAG_typedef
	.long	170                     @ DW_AT_type
	.long	.Linfo_string77         @ DW_AT_name
	.byte	3                       @ DW_AT_decl_file
	.byte	82                      @ DW_AT_decl_line
	.byte	4                       @ Abbrev [4] 0x527:0xb DW_TAG_typedef
	.long	191                     @ DW_AT_type
	.long	.Linfo_string79         @ DW_AT_name
	.byte	3                       @ DW_AT_decl_file
	.byte	114                     @ DW_AT_decl_line
	.byte	4                       @ Abbrev [4] 0x532:0xb DW_TAG_typedef
	.long	1341                    @ DW_AT_type
	.long	.Linfo_string91         @ DW_AT_name
	.byte	5                       @ DW_AT_decl_file
	.byte	85                      @ DW_AT_decl_line
	.byte	25                      @ Abbrev [25] 0x53d:0x71 DW_TAG_structure_type
	.byte	18                      @ DW_AT_byte_size
	.byte	5                       @ DW_AT_decl_file
	.byte	54                      @ DW_AT_decl_line
	.byte	26                      @ Abbrev [26] 0x541:0xc DW_TAG_member
	.long	.Linfo_string82         @ DW_AT_name
	.long	420                     @ DW_AT_type
	.byte	5                       @ DW_AT_decl_file
	.byte	56                      @ DW_AT_decl_line
	.byte	0                       @ DW_AT_data_member_location
	.byte	26                      @ Abbrev [26] 0x54d:0xc DW_TAG_member
	.long	.Linfo_string83         @ DW_AT_name
	.long	420                     @ DW_AT_type
	.byte	5                       @ DW_AT_decl_file
	.byte	59                      @ DW_AT_decl_line
	.byte	2                       @ DW_AT_data_member_location
	.byte	26                      @ Abbrev [26] 0x559:0xc DW_TAG_member
	.long	.Linfo_string84         @ DW_AT_name
	.long	420                     @ DW_AT_type
	.byte	5                       @ DW_AT_decl_file
	.byte	62                      @ DW_AT_decl_line
	.byte	4                       @ DW_AT_data_member_location
	.byte	26                      @ Abbrev [26] 0x565:0xc DW_TAG_member
	.long	.Linfo_string85         @ DW_AT_name
	.long	420                     @ DW_AT_type
	.byte	5                       @ DW_AT_decl_file
	.byte	65                      @ DW_AT_decl_line
	.byte	6                       @ DW_AT_data_member_location
	.byte	26                      @ Abbrev [26] 0x571:0xc DW_TAG_member
	.long	.Linfo_string86         @ DW_AT_name
	.long	420                     @ DW_AT_type
	.byte	5                       @ DW_AT_decl_file
	.byte	68                      @ DW_AT_decl_line
	.byte	8                       @ DW_AT_data_member_location
	.byte	26                      @ Abbrev [26] 0x57d:0xc DW_TAG_member
	.long	.Linfo_string87         @ DW_AT_name
	.long	420                     @ DW_AT_type
	.byte	5                       @ DW_AT_decl_file
	.byte	71                      @ DW_AT_decl_line
	.byte	10                      @ DW_AT_data_member_location
	.byte	26                      @ Abbrev [26] 0x589:0xc DW_TAG_member
	.long	.Linfo_string88         @ DW_AT_name
	.long	420                     @ DW_AT_type
	.byte	5                       @ DW_AT_decl_file
	.byte	75                      @ DW_AT_decl_line
	.byte	12                      @ DW_AT_data_member_location
	.byte	26                      @ Abbrev [26] 0x595:0xc DW_TAG_member
	.long	.Linfo_string89         @ DW_AT_name
	.long	420                     @ DW_AT_type
	.byte	5                       @ DW_AT_decl_file
	.byte	81                      @ DW_AT_decl_line
	.byte	14                      @ DW_AT_data_member_location
	.byte	26                      @ Abbrev [26] 0x5a1:0xc DW_TAG_member
	.long	.Linfo_string90         @ DW_AT_name
	.long	420                     @ DW_AT_type
	.byte	5                       @ DW_AT_decl_file
	.byte	84                      @ DW_AT_decl_line
	.byte	16                      @ DW_AT_data_member_location
	.byte	0                       @ End Of Children Mark
	.byte	10                      @ Abbrev [10] 0x5ae:0xc DW_TAG_typedef
	.long	457                     @ DW_AT_type
	.long	.Linfo_string96         @ DW_AT_name
	.byte	4                       @ DW_AT_decl_file
	.short	573                     @ DW_AT_decl_line
	.byte	9                       @ Abbrev [9] 0x5ba:0x5 DW_TAG_pointer_type
	.long	457                     @ DW_AT_type
	.byte	0                       @ End Of Children Mark
.Ldebug_info_end0:
	.section	.debug_ranges,"",%progbits
.Ldebug_ranges0:
	.long	.Lfunc_begin0
	.long	.Lfunc_end0
	.long	.Lfunc_begin1
	.long	.Lfunc_end1
	.long	.Lfunc_begin2
	.long	.Lfunc_end2
	.long	.Lfunc_begin3
	.long	.Lfunc_end3
	.long	.Lfunc_begin4
	.long	.Lfunc_end4
	.long	.Lfunc_begin5
	.long	.Lfunc_end5
	.long	.Lfunc_begin6
	.long	.Lfunc_end6
	.long	.Lfunc_begin7
	.long	.Lfunc_end7
	.long	.Lfunc_begin8
	.long	.Lfunc_end8
	.long	.Lfunc_begin9
	.long	.Lfunc_end9
	.long	.Lfunc_begin10
	.long	.Lfunc_end10
	.long	0
	.long	0
	.section	.debug_macinfo,"",%progbits
	.byte	0                       @ End Of Macro List Mark

	.ident	"Component: ARM Compiler 6.12 Tool: armclang [5d624a00]"
	.section	".note.GNU-stack","",%progbits
	.eabi_attribute	30, 3	@ Tag_ABI_optimization_goals
	.ARM_attribute	16, 1	@ Tag_AV_eba
	.section	.debug_line,"",%progbits
.Lline_table_start0:
