	.text
	.syntax unified
	.eabi_attribute	67, "2.09"	@ Tag_conformance
	.cpu	cortex-m3
	.eabi_attribute	6, 10	@ Tag_CPU_arch
	.eabi_attribute	7, 77	@ Tag_CPU_arch_profile
	.eabi_attribute	8, 0	@ Tag_ARM_ISA_use
	.eabi_attribute	9, 2	@ Tag_THUMB_ISA_use
	.eabi_attribute	34, 1	@ Tag_CPU_unaligned_access
	.eabi_attribute	17, 1	@ Tag_ABI_PCS_GOT_use
	.eabi_attribute	20, 2	@ Tag_ABI_FP_denormal
	.eabi_attribute	21, 0	@ Tag_ABI_FP_exceptions
	.eabi_attribute	23, 1	@ Tag_ABI_FP_number_model
	.eabi_attribute	24, 1	@ Tag_ABI_align_needed
	.eabi_attribute	25, 1	@ Tag_ABI_align_preserved
	.eabi_attribute	38, 1	@ Tag_ABI_FP_16bit_format
	.eabi_attribute	18, 4	@ Tag_ABI_PCS_wchar_t
	.eabi_attribute	26, 2	@ Tag_ABI_enum_size
	.eabi_attribute	14, 0	@ Tag_ABI_PCS_R9_use
	.file	"common.c"
	.section	.text.Bcd2Dec,"ax",%progbits
	.hidden	Bcd2Dec                 @ -- Begin function Bcd2Dec
	.globl	Bcd2Dec
	.p2align	2
	.type	Bcd2Dec,%function
	.code	16                      @ @Bcd2Dec
	.thumb_func
Bcd2Dec:
.Lfunc_begin0:
	.file	1 "../Src" "common.c"
	.loc	1 36 0                  @ ../Src/common.c:36:0
	.fnstart
	.cfi_sections .debug_frame
	.cfi_startproc
@ %bb.0:
	@DEBUG_VALUE: Bcd2Dec:bcd <- $r0
	@DEBUG_VALUE: Bcd2Dec:bcd <- $r0
	.loc	1 37 36 prologue_end    @ ../Src/common.c:37:36
	and	r1, r0, #15
	.loc	1 37 15 is_stmt 0       @ ../Src/common.c:37:15
	lsrs	r0, r0, #4
.Ltmp0:
	.loc	1 37 22                 @ ../Src/common.c:37:22
	add.w	r0, r0, r0, lsl #2
	.loc	1 37 29                 @ ../Src/common.c:37:29
	add.w	r0, r1, r0, lsl #1
	.loc	1 37 2                  @ ../Src/common.c:37:2
	uxtb	r0, r0
	bx	lr
.Ltmp1:
.Lfunc_end0:
	.size	Bcd2Dec, .Lfunc_end0-Bcd2Dec
	.cfi_endproc
	.cantunwind
	.fnend
                                        @ -- End function
	.section	.text.Dec2Bcd,"ax",%progbits
	.hidden	Dec2Bcd                 @ -- Begin function Dec2Bcd
	.globl	Dec2Bcd
	.p2align	2
	.type	Dec2Bcd,%function
	.code	16                      @ @Dec2Bcd
	.thumb_func
Dec2Bcd:
.Lfunc_begin1:
	.loc	1 42 0 is_stmt 1        @ ../Src/common.c:42:0
	.fnstart
	.cfi_startproc
@ %bb.0:
	@DEBUG_VALUE: Dec2Bcd:dec <- $r0
	@DEBUG_VALUE: Dec2Bcd:dec <- $r0
	@DEBUG_VALUE: Dec2Bcd:r <- 0
	.loc	1 45 2 prologue_end     @ ../Src/common.c:45:2
	cmp	r0, #10
	blo	.LBB1_2
.Ltmp2:
@ %bb.1:
	@DEBUG_VALUE: Dec2Bcd:dec <- $r0
	subs	r0, #10
.Ltmp3:
	uxtb	r1, r0
	movw	r2, #52429
	movt	r2, #52428
	umull	r1, r2, r1, r2
	lsrs	r2, r2, #3
	.loc	1 53 9                  @ ../Src/common.c:53:9
	movs	r1, #16
	add.w	r1, r1, r2, lsl #4
	.loc	1 45 2                  @ ../Src/common.c:45:2
	add.w	r2, r2, r2, lsl #2
	sub.w	r0, r0, r2, lsl #1
	b	.LBB1_3
.LBB1_2:
.Ltmp4:
	@DEBUG_VALUE: Dec2Bcd:dec <- $r0
	.loc	1 0 2 is_stmt 0         @ ../Src/common.c:0:2
	movs	r1, #0
.Ltmp5:
.LBB1_3:
	.loc	1 53 9 is_stmt 1        @ ../Src/common.c:53:9
	add	r0, r1
	.loc	1 53 2 is_stmt 0        @ ../Src/common.c:53:2
	uxtb	r0, r0
	bx	lr
.Ltmp6:
.Lfunc_end1:
	.size	Dec2Bcd, .Lfunc_end1-Dec2Bcd
	.cfi_endproc
	.cantunwind
	.fnend
                                        @ -- End function
	.section	.text.CalcCRC,"ax",%progbits
	.hidden	CalcCRC                 @ -- Begin function CalcCRC
	.globl	CalcCRC
	.p2align	2
	.type	CalcCRC,%function
	.code	16                      @ @CalcCRC
	.thumb_func
CalcCRC:
.Lfunc_begin2:
	.loc	1 58 0 is_stmt 1        @ ../Src/common.c:58:0
	.fnstart
	.cfi_startproc
@ %bb.0:
	@DEBUG_VALUE: CalcCRC:buff <- $r0
	@DEBUG_VALUE: CalcCRC:buff <- $r0
	@DEBUG_VALUE: CalcCRC:size <- $r1
	@DEBUG_VALUE: CalcCRC:size <- $r1
	@DEBUG_VALUE: CalcCRC:h <- $r1
	@DEBUG_VALUE: CalcCRC:h <- $r1
	@DEBUG_VALUE: CalcCRC:g <- 0
	.loc	1 62 5 prologue_end     @ ../Src/common.c:62:5
	rsbs	r2, r1, #0
	movs	r1, #0
.Ltmp7:
	.p2align	2
.LBB2_1:                                @ =>This Inner Loop Header: Depth=1
	@DEBUG_VALUE: CalcCRC:buff <- $r0
	@DEBUG_VALUE: CalcCRC:buff <- $r0
	@DEBUG_VALUE: CalcCRC:g <- $r1
	.loc	1 64 14                 @ ../Src/common.c:64:14
	ldrb	r3, [r0], #1
.Ltmp8:
	.loc	1 64 11 is_stmt 0       @ ../Src/common.c:64:11
	add	r1, r3
.Ltmp9:
	@DEBUG_VALUE: CalcCRC:g <- $r1
	@DEBUG_VALUE: CalcCRC:buff <- $r0
	.loc	1 68 14 is_stmt 1       @ ../Src/common.c:68:14
	adds	r2, #1
.Ltmp10:
	.loc	1 68 5 is_stmt 0        @ ../Src/common.c:68:5
	bne	.LBB2_1
.Ltmp11:
@ %bb.2:
	@DEBUG_VALUE: CalcCRC:g <- $r1
	@DEBUG_VALUE: CalcCRC:buff <- $r0
	.loc	1 70 8 is_stmt 1        @ ../Src/common.c:70:8
	rsbs	r0, r1, #0
.Ltmp12:
	.loc	1 70 2 is_stmt 0        @ ../Src/common.c:70:2
	uxtb	r0, r0
	bx	lr
.Ltmp13:
.Lfunc_end2:
	.size	CalcCRC, .Lfunc_end2-CalcCRC
	.cfi_endproc
	.cantunwind
	.fnend
                                        @ -- End function
	.section	.text.Int2Str,"ax",%progbits
	.hidden	Int2Str                 @ -- Begin function Int2Str
	.globl	Int2Str
	.p2align	2
	.type	Int2Str,%function
	.code	16                      @ @Int2Str
	.thumb_func
Int2Str:
.Lfunc_begin3:
	.loc	1 74 0 is_stmt 1        @ ../Src/common.c:74:0
	.fnstart
	.cfi_startproc
@ %bb.0:
	.save	{r4, r5, r6, lr}
	push	{r4, r5, r6, lr}
	.cfi_def_cfa_offset 16
	.cfi_offset lr, -4
	.cfi_offset r6, -8
	.cfi_offset r5, -12
	.cfi_offset r4, -16
	@DEBUG_VALUE: Int2Str:p_str <- $r0
	@DEBUG_VALUE: Int2Str:p_str <- $r0
	@DEBUG_VALUE: Int2Str:intnum <- $r1
	movw	r12, #51712
	movt	r12, #15258
	movs	r3, #0
	movs	r2, #10
.Ltmp14:
	@DEBUG_VALUE: Int2Str:i <- 0
	@DEBUG_VALUE: Int2Str:status <- 0
	@DEBUG_VALUE: Int2Str:pos <- 0
	@DEBUG_VALUE: Int2Str:divider <- 1000000000
	movw	lr, #52429
	movt	lr, #52428
	movs	r4, #0
.Ltmp15:
	.p2align	2
.LBB3_1:                                @ =>This Inner Loop Header: Depth=1
	@DEBUG_VALUE: Int2Str:intnum <- $r1
	@DEBUG_VALUE: Int2Str:p_str <- $r0
	@DEBUG_VALUE: Int2Str:intnum <- $r1
	.loc	1 79 26 prologue_end    @ ../Src/common.c:79:26
	udiv	r5, r1, r12
	.loc	1 79 18 is_stmt 0       @ ../Src/common.c:79:18
	add.w	r6, r5, #48
	.loc	1 79 16                 @ ../Src/common.c:79:16
	strb	r6, [r0, r4]
	mls	r1, r5, r12, r1
.Ltmp16:
	@DEBUG_VALUE: Int2Str:status <- $r3
	@DEBUG_VALUE: Int2Str:pos <- $r4
	@DEBUG_VALUE: Int2Str:divider <- $r12
	@DEBUG_VALUE: Int2Str:intnum <- $r1
	.loc	1 79 18                 @ ../Src/common.c:79:18
	uxtb	r5, r5
	.loc	1 79 12                 @ ../Src/common.c:79:12
	adds	r6, r4, #1
.Ltmp17:
	@DEBUG_VALUE: Int2Str:pos <- $r6
	.loc	1 84 7 is_stmt 1        @ ../Src/common.c:84:7
	cmp	r5, #0
	mov	r4, r5
	it	ne
	movne	r4, r6
	cmp	r3, #0
	it	ne
	movne	r4, r6
.Ltmp18:
	@DEBUG_VALUE: Int2Str:pos <- $r4
	.loc	1 84 39 is_stmt 0       @ ../Src/common.c:84:39
	orrs	r5, r3
.Ltmp19:
	.loc	1 84 7                  @ ../Src/common.c:84:7
	it	ne
	movne	r5, #1
	add	r3, r5
.Ltmp20:
	@DEBUG_VALUE: Int2Str:status <- $r3
	.loc	1 82 11 is_stmt 1       @ ../Src/common.c:82:11
	umull	r6, r5, r12, lr
	lsr.w	r12, r5, #3
.Ltmp21:
	@DEBUG_VALUE: Int2Str:divider <- $r12
	.loc	1 77 17                 @ ../Src/common.c:77:17
	subs	r2, #1
.Ltmp22:
	.loc	1 77 2 is_stmt 0        @ ../Src/common.c:77:2
	bne	.LBB3_1
.Ltmp23:
@ %bb.2:
	@DEBUG_VALUE: Int2Str:divider <- $r12
	@DEBUG_VALUE: Int2Str:pos <- $r4
	@DEBUG_VALUE: Int2Str:status <- $r3
	@DEBUG_VALUE: Int2Str:intnum <- $r1
	@DEBUG_VALUE: Int2Str:p_str <- $r0
	.loc	1 93 1 is_stmt 1        @ ../Src/common.c:93:1
	pop	{r4, r5, r6, pc}
.Ltmp24:
.Lfunc_end3:
	.size	Int2Str, .Lfunc_end3-Int2Str
	.cfi_endproc
	.cantunwind
	.fnend
                                        @ -- End function
	.section	.text.Int2StrSized,"ax",%progbits
	.hidden	Int2StrSized            @ -- Begin function Int2StrSized
	.globl	Int2StrSized
	.p2align	2
	.type	Int2StrSized,%function
	.code	16                      @ @Int2StrSized
	.thumb_func
Int2StrSized:
.Lfunc_begin4:
	.loc	1 97 0                  @ ../Src/common.c:97:0
	.fnstart
	.cfi_startproc
@ %bb.0:
	.save	{r4, r5, r6, r7, r8, lr}
	push.w	{r4, r5, r6, r7, r8, lr}
	.cfi_def_cfa_offset 24
	.cfi_offset lr, -4
	.cfi_offset r8, -8
	.cfi_offset r7, -12
	.cfi_offset r6, -16
	.cfi_offset r5, -20
	.cfi_offset r4, -24
	.pad	#16
	sub	sp, #16
	.cfi_def_cfa_offset 40
	@DEBUG_VALUE: Int2StrSized:p_str <- $r0
	@DEBUG_VALUE: Int2StrSized:intnum <- $r1
	@DEBUG_VALUE: Int2StrSized:size <- $r2
	mov	r4, r2
	mov	r7, r1
	mov	r8, r0
.Ltmp25:
	@DEBUG_VALUE: Int2StrSized:pos <- 0
	@DEBUG_VALUE: Int2StrSized:divider <- 1000000000
	@DEBUG_VALUE: Int2StrSized:size <- $r4
	@DEBUG_VALUE: Int2StrSized:intnum <- $r7
	@DEBUG_VALUE: Int2StrSized:p_str <- $r8
	mov	r6, sp
.Ltmp26:
	.loc	1 101 2 prologue_end    @ ../Src/common.c:101:2
	mov	r0, r6
	movs	r1, #16
	bl	ClearBuffer
	movw	r0, #51712
	movt	r0, #15258
	movs	r1, #0
.Ltmp27:
	@DEBUG_VALUE: Int2StrSized:i <- 0
	.loc	1 0 2 is_stmt 0         @ ../Src/common.c:0:2
	movw	r2, #52429
	movt	r2, #52428
.Ltmp28:
	.p2align	2
.LBB4_1:                                @ =>This Inner Loop Header: Depth=1
	@DEBUG_VALUE: Int2StrSized:p_str <- $r8
	@DEBUG_VALUE: Int2StrSized:intnum <- $r7
	@DEBUG_VALUE: Int2StrSized:size <- $r4
	@DEBUG_VALUE: Int2StrSized:intnum <- $r7
	.loc	1 105 27 is_stmt 1      @ ../Src/common.c:105:27
	udiv	r3, r7, r0
.Ltmp29:
	@DEBUG_VALUE: Int2StrSized:pos <- $r1
	@DEBUG_VALUE: Int2StrSized:divider <- $r0
	.loc	1 105 19 is_stmt 0      @ ../Src/common.c:105:19
	add.w	r5, r3, #48
	.loc	1 105 17                @ ../Src/common.c:105:17
	strb	r5, [r6, r1]
	mls	r7, r3, r0, r7
.Ltmp30:
	@DEBUG_VALUE: Int2StrSized:intnum <- $r7
	.loc	1 107 11 is_stmt 1      @ ../Src/common.c:107:11
	umull	r0, r3, r0, r2
.Ltmp31:
	lsrs	r0, r3, #3
.Ltmp32:
	@DEBUG_VALUE: Int2StrSized:divider <- $r0
	.loc	1 105 13                @ ../Src/common.c:105:13
	adds	r1, #1
.Ltmp33:
	@DEBUG_VALUE: Int2StrSized:i <- $r1
	@DEBUG_VALUE: Int2StrSized:pos <- $r1
	.loc	1 103 2                 @ ../Src/common.c:103:2
	cmp	r1, #10
	bne	.LBB4_1
.Ltmp34:
@ %bb.2:
	@DEBUG_VALUE: Int2StrSized:i <- $r1
	@DEBUG_VALUE: Int2StrSized:divider <- $r0
	@DEBUG_VALUE: Int2StrSized:pos <- $r1
	@DEBUG_VALUE: Int2StrSized:p_str <- $r8
	@DEBUG_VALUE: Int2StrSized:intnum <- $r7
	@DEBUG_VALUE: Int2StrSized:size <- $r4
	.loc	1 112 2                 @ ../Src/common.c:112:2
	cbz	r4, .LBB4_5
.Ltmp35:
@ %bb.3:
	@DEBUG_VALUE: Int2StrSized:i <- $r1
	@DEBUG_VALUE: Int2StrSized:divider <- $r0
	@DEBUG_VALUE: Int2StrSized:pos <- $r1
	@DEBUG_VALUE: Int2StrSized:p_str <- $r8
	@DEBUG_VALUE: Int2StrSized:intnum <- $r7
	@DEBUG_VALUE: Int2StrSized:size <- $r4
	.loc	1 0 2 is_stmt 0         @ ../Src/common.c:0:2
	movs	r0, #9
.Ltmp36:
	.p2align	2
.LBB4_4:                                @ =>This Inner Loop Header: Depth=1
	@DEBUG_VALUE: Int2StrSized:i <- $r1
	@DEBUG_VALUE: Int2StrSized:pos <- $r1
	@DEBUG_VALUE: Int2StrSized:p_str <- $r8
	@DEBUG_VALUE: Int2StrSized:intnum <- $r7
	@DEBUG_VALUE: Int2StrSized:size <- $r4
	@DEBUG_VALUE: Int2StrSized:pos <- [DW_OP_constu 1, DW_OP_minus, DW_OP_stack_value] $r0
	.loc	1 114 22 is_stmt 1      @ ../Src/common.c:114:22
	ldrb	r1, [r6, r0]
.Ltmp37:
	.loc	1 112 8                 @ ../Src/common.c:112:8
	uxtb	r2, r4
.Ltmp38:
	@DEBUG_VALUE: Int2StrSized:size <- $r2
	.loc	1 114 3                 @ ../Src/common.c:114:3
	add	r2, r8
.Ltmp39:
	.loc	1 114 20 is_stmt 0      @ ../Src/common.c:114:20
	strb	r1, [r2, #-1]
	.loc	1 115 7 is_stmt 1       @ ../Src/common.c:115:7
	subs	r4, #1
.Ltmp40:
	.loc	1 112 2                 @ ../Src/common.c:112:2
	tst.w	r4, #255
	it	ne
	subsne.w	r0, r0, #1
.Ltmp41:
	@DEBUG_VALUE: Int2StrSized:pos <- $r0
	.loc	1 0 2 is_stmt 0         @ ../Src/common.c:0:2
	bne	.LBB4_4
.Ltmp42:
.LBB4_5:
	@DEBUG_VALUE: Int2StrSized:p_str <- $r8
	@DEBUG_VALUE: Int2StrSized:intnum <- $r7
	.loc	1 118 1 is_stmt 1       @ ../Src/common.c:118:1
	add	sp, #16
	pop.w	{r4, r5, r6, r7, r8, pc}
.Ltmp43:
.Lfunc_end4:
	.size	Int2StrSized, .Lfunc_end4-Int2StrSized
	.cfi_endproc
	.cantunwind
	.fnend
                                        @ -- End function
	.section	.text.ClearBuffer,"ax",%progbits
	.hidden	ClearBuffer             @ -- Begin function ClearBuffer
	.globl	ClearBuffer
	.p2align	2
	.type	ClearBuffer,%function
	.code	16                      @ @ClearBuffer
	.thumb_func
ClearBuffer:
.Lfunc_begin5:
	.loc	1 155 0                 @ ../Src/common.c:155:0
	.fnstart
	.cfi_startproc
@ %bb.0:
	@DEBUG_VALUE: ClearBuffer:buffer <- $r0
	@DEBUG_VALUE: ClearBuffer:buffer <- $r0
	@DEBUG_VALUE: ClearBuffer:size <- $r1
	@DEBUG_VALUE: ClearBuffer:size <- $r1
	@DEBUG_VALUE: ClearBuffer:t <- 0
	.loc	1 158 2 prologue_end    @ ../Src/common.c:158:2
	cmp	r1, #0
	.loc	1 159 1                 @ ../Src/common.c:159:1
	it	eq
	bxeq	lr
	.save	{r7, lr}
	push	{r7, lr}
	.cfi_def_cfa_offset 8
	.cfi_offset lr, -4
	.cfi_offset r7, -8
	.loc	1 158 30                @ ../Src/common.c:158:30
	bl	__aeabi_memclr
.Ltmp44:
	.loc	1 0 30 is_stmt 0        @ ../Src/common.c:0:30
	pop.w	{r7, lr}
	.loc	1 159 1 is_stmt 1       @ ../Src/common.c:159:1
	bx	lr
.Ltmp45:
.Lfunc_end5:
	.size	ClearBuffer, .Lfunc_end5-ClearBuffer
	.cfi_endproc
	.cantunwind
	.fnend
                                        @ -- End function
	.section	.text.Str2Hex,"ax",%progbits
	.hidden	Str2Hex                 @ -- Begin function Str2Hex
	.globl	Str2Hex
	.p2align	2
	.type	Str2Hex,%function
	.code	16                      @ @Str2Hex
	.thumb_func
Str2Hex:
.Lfunc_begin6:
	.loc	1 122 0                 @ ../Src/common.c:122:0
	.fnstart
	.cfi_startproc
@ %bb.0:
	.save	{r4, r5, r6, r7, lr}
	push	{r4, r5, r6, r7, lr}
	.cfi_def_cfa_offset 20
	.cfi_offset lr, -4
	.cfi_offset r7, -8
	.cfi_offset r6, -12
	.cfi_offset r5, -16
	.cfi_offset r4, -20
	@DEBUG_VALUE: Str2Hex:p_str <- $r0
	@DEBUG_VALUE: Str2Hex:p_str <- $r0
	@DEBUG_VALUE: Str2Hex:lenght <- $r1
	@DEBUG_VALUE: Str2Hex:lenght <- $r1
	@DEBUG_VALUE: Str2Hex:p_hex <- $r2
	@DEBUG_VALUE: Str2Hex:p_hex <- $r2
.Ltmp46:
	@DEBUG_VALUE: Str2Hex:hex_cnt <- 0
	@DEBUG_VALUE: Str2Hex:str_cnt <- 0
	.loc	1 125 2 prologue_end    @ ../Src/common.c:125:2
	cmp	r1, #0
	.loc	1 136 1                 @ ../Src/common.c:136:1
	it	eq
	popeq	{r4, r5, r6, r7, pc}
.Ltmp47:
	.loc	1 127 7                 @ ../Src/common.c:127:7
	adds	r0, #1
.Ltmp48:
	.loc	1 0 7 is_stmt 0         @ ../Src/common.c:0:7
	movs	r3, #0
	mvn	r12, #111
	movw	lr, #65535
	mov	r4, r2
.Ltmp49:
	.p2align	2
.LBB6_1:                                @ =>This Inner Loop Header: Depth=1
	@DEBUG_VALUE: Str2Hex:p_hex <- $r2
	@DEBUG_VALUE: Str2Hex:lenght <- $r1
	@DEBUG_VALUE: Str2Hex:p_str <- $r0
	.loc	1 127 7                 @ ../Src/common.c:127:7
	ldrb	r5, [r0, #-1]
	.loc	1 127 22                @ ../Src/common.c:127:22
	sub.w	r6, r5, #48
	.loc	1 128 25 is_stmt 1      @ ../Src/common.c:128:25
	lsls	r7, r6, #4
.Ltmp50:
	.loc	1 127 6                 @ ../Src/common.c:127:6
	cmp	r6, #9
	it	hi
	addhi.w	r7, r12, r5, lsl #4
	strb	r7, [r4]
.Ltmp51:
	.loc	1 130 7                 @ ../Src/common.c:130:7
	ldrb	r5, [r0]
	.loc	1 130 22 is_stmt 0      @ ../Src/common.c:130:22
	sub.w	r6, r5, #48
.Ltmp52:
	.loc	1 130 6                 @ ../Src/common.c:130:6
	cmp	r6, #10
	blo	.LBB6_3
.Ltmp53:
@ %bb.2:                                @   in Loop: Header=BB6_1 Depth=1
	@DEBUG_VALUE: Str2Hex:p_hex <- $r2
	@DEBUG_VALUE: Str2Hex:lenght <- $r1
	@DEBUG_VALUE: Str2Hex:p_str <- $r0
	.loc	1 130 53                @ ../Src/common.c:130:53
	sub.w	r6, r5, #65
	uxtb	r6, r6
	cmp	r6, #6
	mvn	r6, #86
	it	lo
	mvnlo	r6, #54
	add	r5, r6
	.loc	1 130 50                @ ../Src/common.c:130:50
	ldrb	r6, [r4]
	add	r6, r5
	mov	r5, r4
	b	.LBB6_4
.Ltmp54:
	.p2align	2
.LBB6_3:                                @   in Loop: Header=BB6_1 Depth=1
	@DEBUG_VALUE: Str2Hex:p_hex <- $r2
	@DEBUG_VALUE: Str2Hex:lenght <- $r1
	@DEBUG_VALUE: Str2Hex:p_str <- $r0
	@DEBUG_VALUE: Str2Hex:hex_cnt <- $r3
	.loc	1 131 8 is_stmt 1       @ ../Src/common.c:131:8
	adds	r5, r2, r3
	.loc	1 131 23 is_stmt 0      @ ../Src/common.c:131:23
	ldrb	r7, [r4]
	add	r6, r7
.Ltmp55:
.LBB6_4:                                @   in Loop: Header=BB6_1 Depth=1
	@DEBUG_VALUE: Str2Hex:p_hex <- $r2
	@DEBUG_VALUE: Str2Hex:lenght <- $r1
	@DEBUG_VALUE: Str2Hex:p_str <- $r0
	.loc	1 0 23                  @ ../Src/common.c:0:23
	strb	r6, [r5]
	.loc	1 125 2 is_stmt 1       @ ../Src/common.c:125:2
	adds	r4, #1
	adds	r0, #2
.Ltmp56:
	.loc	1 134 3                 @ ../Src/common.c:134:3
	subs	r1, #1
.Ltmp57:
	.loc	1 133 3                 @ ../Src/common.c:133:3
	adds	r3, #1
.Ltmp58:
	@DEBUG_VALUE: Str2Hex:hex_cnt <- $r3
	.loc	1 125 2                 @ ../Src/common.c:125:2
	tst.w	r1, lr
	bne	.LBB6_1
.Ltmp59:
@ %bb.5:
	@DEBUG_VALUE: Str2Hex:hex_cnt <- $r3
	@DEBUG_VALUE: Str2Hex:p_hex <- $r2
	.loc	1 136 1                 @ ../Src/common.c:136:1
	pop	{r4, r5, r6, r7, pc}
.Ltmp60:
.Lfunc_end6:
	.size	Str2Hex, .Lfunc_end6-Str2Hex
	.cfi_endproc
	.cantunwind
	.fnend
                                        @ -- End function
	.section	.text.Hex2Str,"ax",%progbits
	.hidden	Hex2Str                 @ -- Begin function Hex2Str
	.globl	Hex2Str
	.p2align	2
	.type	Hex2Str,%function
	.code	16                      @ @Hex2Str
	.thumb_func
Hex2Str:
.Lfunc_begin7:
	.loc	1 139 0                 @ ../Src/common.c:139:0
	.fnstart
	.cfi_startproc
@ %bb.0:
	.save	{r4, r5, r7, lr}
	push	{r4, r5, r7, lr}
	.cfi_def_cfa_offset 16
	.cfi_offset lr, -4
	.cfi_offset r7, -8
	.cfi_offset r5, -12
	.cfi_offset r4, -16
	@DEBUG_VALUE: Hex2Str:p_hex <- $r0
	@DEBUG_VALUE: Hex2Str:p_hex <- $r0
	@DEBUG_VALUE: Hex2Str:lenght <- $r1
	@DEBUG_VALUE: Hex2Str:lenght <- $r1
	@DEBUG_VALUE: Hex2Str:p_str <- $r2
	@DEBUG_VALUE: Hex2Str:p_str <- $r2
.Ltmp61:
	@DEBUG_VALUE: Hex2Str:hex_cnt <- 0
	@DEBUG_VALUE: Hex2Str:str_cnt <- 0
	.loc	1 142 2 prologue_end    @ ../Src/common.c:142:2
	cmp	r1, #0
	.loc	1 153 1                 @ ../Src/common.c:153:1
	it	eq
	popeq	{r4, r5, r7, pc}
.Ltmp62:
	.loc	1 144 7                 @ ../Src/common.c:144:7
	adds	r2, #1
.Ltmp63:
	.loc	1 0 7 is_stmt 0         @ ../Src/common.c:0:7
	mov.w	r12, #55
	mov.w	lr, #48
	movw	r3, #65535
.Ltmp64:
	.p2align	2
.LBB7_1:                                @ =>This Inner Loop Header: Depth=1
	@DEBUG_VALUE: Hex2Str:p_str <- $r2
	@DEBUG_VALUE: Hex2Str:lenght <- $r1
	@DEBUG_VALUE: Hex2Str:p_hex <- $r0
	.loc	1 144 7                 @ ../Src/common.c:144:7
	ldrb	r4, [r0]
	.loc	1 145 48 is_stmt 1      @ ../Src/common.c:145:48
	orr.w	r5, lr, r4, lsr #4
.Ltmp65:
	.loc	1 144 6                 @ ../Src/common.c:144:6
	cmp	r4, #159
	it	hi
	addhi.w	r5, r12, r4, lsr #4
	strb	r5, [r2, #-1]
.Ltmp66:
	.loc	1 147 7                 @ ../Src/common.c:147:7
	ldrb	r4, [r0], #1
.Ltmp67:
	.loc	1 147 22 is_stmt 0      @ ../Src/common.c:147:22
	and	r4, r4, #15
	.loc	1 148 50 is_stmt 1      @ ../Src/common.c:148:50
	orr	r5, r4, #48
.Ltmp68:
	.loc	1 147 6                 @ ../Src/common.c:147:6
	cmp	r4, #9
	it	hi
	addhi.w	r5, r4, #55
	strb	r5, [r2]
.Ltmp69:
	.loc	1 142 2                 @ ../Src/common.c:142:2
	adds	r2, #2
.Ltmp70:
	.loc	1 151 3                 @ ../Src/common.c:151:3
	subs	r1, #1
.Ltmp71:
	.loc	1 142 2                 @ ../Src/common.c:142:2
	tst	r1, r3
	bne	.LBB7_1
@ %bb.2:
	.loc	1 153 1                 @ ../Src/common.c:153:1
	pop	{r4, r5, r7, pc}
.Ltmp72:
.Lfunc_end7:
	.size	Hex2Str, .Lfunc_end7-Hex2Str
	.cfi_endproc
	.cantunwind
	.fnend
                                        @ -- End function
	.section	.text.Str2Int,"ax",%progbits
	.hidden	Str2Int                 @ -- Begin function Str2Int
	.globl	Str2Int
	.p2align	2
	.type	Str2Int,%function
	.code	16                      @ @Str2Int
	.thumb_func
Str2Int:
.Lfunc_begin8:
	.loc	1 163 0                 @ ../Src/common.c:163:0
	.fnstart
	.cfi_startproc
@ %bb.0:
	.save	{r4, lr}
	push	{r4, lr}
	.cfi_def_cfa_offset 8
	.cfi_offset lr, -4
	.cfi_offset r4, -8
	@DEBUG_VALUE: Str2Int:p_inputstr <- $r0
	@DEBUG_VALUE: Str2Int:p_inputstr <- $r0
	@DEBUG_VALUE: Str2Int:p_intnum <- $r1
	@DEBUG_VALUE: Str2Int:p_intnum <- $r1
.Ltmp73:
	@DEBUG_VALUE: Str2Int:i <- 0
	@DEBUG_VALUE: Str2Int:res <- 0
	@DEBUG_VALUE: Str2Int:val <- 0
	.loc	1 167 8 prologue_end    @ ../Src/common.c:167:8
	ldrb	r2, [r0]
	.loc	1 167 30 is_stmt 0      @ ../Src/common.c:167:30
	cmp	r2, #48
	bne	.LBB8_13
.Ltmp74:
@ %bb.1:
	@DEBUG_VALUE: Str2Int:p_intnum <- $r1
	@DEBUG_VALUE: Str2Int:p_inputstr <- $r0
	.loc	1 0 30                  @ ../Src/common.c:0:30
	ldrb	r2, [r0, #1]
	.loc	1 167 57                @ ../Src/common.c:167:57
	orr	r2, r2, #32
	cmp	r2, #120
	bne	.LBB8_13
.Ltmp75:
@ %bb.2:
	@DEBUG_VALUE: Str2Int:p_intnum <- $r1
	@DEBUG_VALUE: Str2Int:p_inputstr <- $r0
	.loc	1 0 57                  @ ../Src/common.c:0:57
	movs	r4, #2
	mov.w	r12, #0
.Ltmp76:
	.p2align	2
.LBB8_3:                                @ =>This Inner Loop Header: Depth=1
	@DEBUG_VALUE: Str2Int:p_intnum <- $r1
	@DEBUG_VALUE: Str2Int:p_inputstr <- $r0
	@DEBUG_VALUE: Str2Int:i <- $r4
	.loc	1 170 26 is_stmt 1      @ ../Src/common.c:170:26
	ldrb	r2, [r0, r4]
	.loc	1 170 5 is_stmt 0       @ ../Src/common.c:170:5
	cbz	r2, .LBB8_12
.Ltmp77:
@ %bb.4:                                @   in Loop: Header=BB8_3 Depth=1
	@DEBUG_VALUE: Str2Int:i <- $r4
	@DEBUG_VALUE: Str2Int:p_intnum <- $r1
	@DEBUG_VALUE: Str2Int:p_inputstr <- $r0
	.loc	1 172 11 is_stmt 1      @ ../Src/common.c:172:11
	cmp	r2, #65
	blo	.LBB8_7
.Ltmp78:
@ %bb.5:                                @   in Loop: Header=BB8_3 Depth=1
	@DEBUG_VALUE: Str2Int:i <- $r4
	@DEBUG_VALUE: Str2Int:p_intnum <- $r1
	@DEBUG_VALUE: Str2Int:p_inputstr <- $r0
	cmp	r2, #71
	bhs	.LBB8_9
.Ltmp79:
@ %bb.6:                                @   in Loop: Header=BB8_3 Depth=1
	@DEBUG_VALUE: Str2Int:i <- $r4
	@DEBUG_VALUE: Str2Int:p_intnum <- $r1
	@DEBUG_VALUE: Str2Int:p_inputstr <- $r0
	.loc	1 0 11 is_stmt 0        @ ../Src/common.c:0:11
	mvn	lr, #54
	b	.LBB8_11
.Ltmp80:
	.p2align	2
.LBB8_7:                                @   in Loop: Header=BB8_3 Depth=1
	@DEBUG_VALUE: Str2Int:i <- $r4
	@DEBUG_VALUE: Str2Int:p_intnum <- $r1
	@DEBUG_VALUE: Str2Int:p_inputstr <- $r0
	.loc	1 172 11                @ ../Src/common.c:172:11
	sub.w	r3, r2, #48
	uxtb	r3, r3
	cmp	r3, #9
	bhi	.LBB8_12
.Ltmp81:
@ %bb.8:                                @   in Loop: Header=BB8_3 Depth=1
	@DEBUG_VALUE: Str2Int:i <- $r4
	@DEBUG_VALUE: Str2Int:p_intnum <- $r1
	@DEBUG_VALUE: Str2Int:p_inputstr <- $r0
	.loc	1 0 11                  @ ../Src/common.c:0:11
	mvn	lr, #47
	b	.LBB8_11
.Ltmp82:
	.p2align	2
.LBB8_9:                                @   in Loop: Header=BB8_3 Depth=1
	@DEBUG_VALUE: Str2Int:i <- $r4
	@DEBUG_VALUE: Str2Int:p_intnum <- $r1
	@DEBUG_VALUE: Str2Int:p_inputstr <- $r0
	.loc	1 172 11                @ ../Src/common.c:172:11
	sub.w	r3, r2, #97
	uxtb	r3, r3
	cmp	r3, #6
	bhs	.LBB8_12
.Ltmp83:
@ %bb.10:                               @   in Loop: Header=BB8_3 Depth=1
	@DEBUG_VALUE: Str2Int:i <- $r4
	@DEBUG_VALUE: Str2Int:p_intnum <- $r1
	@DEBUG_VALUE: Str2Int:p_inputstr <- $r0
	.loc	1 0 11                  @ ../Src/common.c:0:11
	mvn	lr, #86
.Ltmp84:
.LBB8_11:                               @   in Loop: Header=BB8_3 Depth=1
	@DEBUG_VALUE: Str2Int:i <- $r4
	@DEBUG_VALUE: Str2Int:p_intnum <- $r1
	@DEBUG_VALUE: Str2Int:p_inputstr <- $r0
	@DEBUG_VALUE: Str2Int:val <- $r12
	.loc	1 174 29 is_stmt 1      @ ../Src/common.c:174:29
	add	r2, lr
	.loc	1 174 27 is_stmt 0      @ ../Src/common.c:174:27
	add.w	r12, r2, r12, lsl #4
.Ltmp85:
	@DEBUG_VALUE: Str2Int:val <- $r12
	.loc	1 182 8 is_stmt 1       @ ../Src/common.c:182:8
	adds	r4, #1
.Ltmp86:
	@DEBUG_VALUE: Str2Int:i <- $r4
	.loc	1 170 22                @ ../Src/common.c:170:22
	cmp	r4, #11
	blo	.LBB8_3
.Ltmp87:
.LBB8_12:
	@DEBUG_VALUE: Str2Int:i <- $r4
	@DEBUG_VALUE: Str2Int:p_intnum <- $r1
	@DEBUG_VALUE: Str2Int:p_inputstr <- $r0
	@DEBUG_VALUE: Str2Int:res <- 0
	.loc	1 186 9                 @ ../Src/common.c:186:9
	ldrb	r0, [r0, r4]
.Ltmp88:
	.loc	1 186 9 is_stmt 0       @ ../Src/common.c:186:9
	cmp	r0, #0
	itt	ne
	movne	r0, #0
.Ltmp89:
	@DEBUG_VALUE: Str2Int:res <- $r0
	.loc	1 228 3 is_stmt 1       @ ../Src/common.c:228:3
	popne	{r4, pc}
.Ltmp90:
	.loc	1 0 3 is_stmt 0         @ ../Src/common.c:0:3
	b	.LBB8_24
.Ltmp91:
.LBB8_13:
	@DEBUG_VALUE: Str2Int:p_intnum <- $r1
	@DEBUG_VALUE: Str2Int:p_inputstr <- $r0
	mov.w	r12, #0
	movs	r3, #0
.Ltmp92:
	.p2align	2
.LBB8_14:                               @ =>This Inner Loop Header: Depth=1
	@DEBUG_VALUE: Str2Int:p_intnum <- $r1
	@DEBUG_VALUE: Str2Int:p_inputstr <- $r0
	@DEBUG_VALUE: Str2Int:i <- $r3
	@DEBUG_VALUE: Str2Int:res <- 0
	.loc	1 196 11 is_stmt 1      @ ../Src/common.c:196:11
	ldrb	r2, [r0, r3]
.Ltmp93:
	.loc	1 196 11 is_stmt 0      @ ../Src/common.c:196:11
	cmp	r2, #107
	beq	.LBB8_27
.Ltmp94:
@ %bb.15:                               @   in Loop: Header=BB8_14 Depth=1
	@DEBUG_VALUE: Str2Int:i <- $r3
	@DEBUG_VALUE: Str2Int:p_intnum <- $r1
	@DEBUG_VALUE: Str2Int:p_inputstr <- $r0
	.loc	1 0 11                  @ ../Src/common.c:0:11
	cbz	r2, .LBB8_24
.Ltmp95:
@ %bb.16:                               @   in Loop: Header=BB8_14 Depth=1
	@DEBUG_VALUE: Str2Int:i <- $r3
	@DEBUG_VALUE: Str2Int:p_intnum <- $r1
	@DEBUG_VALUE: Str2Int:p_inputstr <- $r0
	.loc	1 202 67 is_stmt 1      @ ../Src/common.c:202:67
	cbz	r3, .LBB8_18
.Ltmp96:
@ %bb.17:                               @   in Loop: Header=BB8_14 Depth=1
	@DEBUG_VALUE: Str2Int:i <- $r3
	@DEBUG_VALUE: Str2Int:p_intnum <- $r1
	@DEBUG_VALUE: Str2Int:p_inputstr <- $r0
	cmp	r2, #75
	beq	.LBB8_28
.Ltmp97:
.LBB8_18:                               @   in Loop: Header=BB8_14 Depth=1
	@DEBUG_VALUE: Str2Int:i <- $r3
	@DEBUG_VALUE: Str2Int:p_intnum <- $r1
	@DEBUG_VALUE: Str2Int:p_inputstr <- $r0
	.loc	1 208 40                @ ../Src/common.c:208:40
	cmp	r2, #109
	beq	.LBB8_25
.Ltmp98:
@ %bb.19:                               @   in Loop: Header=BB8_14 Depth=1
	@DEBUG_VALUE: Str2Int:i <- $r3
	@DEBUG_VALUE: Str2Int:p_intnum <- $r1
	@DEBUG_VALUE: Str2Int:p_inputstr <- $r0
	.loc	1 208 67 is_stmt 0      @ ../Src/common.c:208:67
	cbz	r3, .LBB8_21
.Ltmp99:
@ %bb.20:                               @   in Loop: Header=BB8_14 Depth=1
	@DEBUG_VALUE: Str2Int:i <- $r3
	@DEBUG_VALUE: Str2Int:p_intnum <- $r1
	@DEBUG_VALUE: Str2Int:p_inputstr <- $r0
	cmp	r2, #77
	beq	.LBB8_26
.Ltmp100:
.LBB8_21:                               @   in Loop: Header=BB8_14 Depth=1
	@DEBUG_VALUE: Str2Int:i <- $r3
	@DEBUG_VALUE: Str2Int:p_intnum <- $r1
	@DEBUG_VALUE: Str2Int:p_inputstr <- $r0
	.loc	1 214 16 is_stmt 1      @ ../Src/common.c:214:16
	sub.w	r4, r2, #48
	uxtb	r4, r4
	cmp	r4, #9
	bhi	.LBB8_23
.Ltmp101:
@ %bb.22:                               @   in Loop: Header=BB8_14 Depth=1
	@DEBUG_VALUE: Str2Int:i <- $r3
	@DEBUG_VALUE: Str2Int:p_intnum <- $r1
	@DEBUG_VALUE: Str2Int:p_inputstr <- $r0
	.loc	1 216 19                @ ../Src/common.c:216:19
	add.w	r4, r12, r12, lsl #2
	.loc	1 216 27 is_stmt 0      @ ../Src/common.c:216:27
	add.w	r2, r2, r4, lsl #1
	.loc	1 216 25                @ ../Src/common.c:216:25
	sub.w	r12, r2, #48
.Ltmp102:
	@DEBUG_VALUE: Str2Int:val <- $r12
	.loc	1 224 8 is_stmt 1       @ ../Src/common.c:224:8
	adds	r3, #1
.Ltmp103:
	@DEBUG_VALUE: Str2Int:res <- 0
	@DEBUG_VALUE: Str2Int:i <- $r3
	.loc	1 194 5                 @ ../Src/common.c:194:5
	cmp	r3, #11
	blo	.LBB8_14
.Ltmp104:
.LBB8_23:
	@DEBUG_VALUE: Str2Int:i <- $r3
	@DEBUG_VALUE: Str2Int:p_intnum <- $r1
	@DEBUG_VALUE: Str2Int:p_inputstr <- $r0
	.loc	1 0 5 is_stmt 0         @ ../Src/common.c:0:5
	movs	r0, #0
.Ltmp105:
	@DEBUG_VALUE: Str2Int:res <- $r0
	.loc	1 228 3 is_stmt 1       @ ../Src/common.c:228:3
	pop	{r4, pc}
.Ltmp106:
.LBB8_24:
	@DEBUG_VALUE: Str2Int:p_intnum <- $r1
	@DEBUG_VALUE: Str2Int:val <- $r12
	.loc	1 0 3 is_stmt 0         @ ../Src/common.c:0:3
	str.w	r12, [r1]
	movs	r0, #1
.Ltmp107:
	@DEBUG_VALUE: Str2Int:res <- 1
	@DEBUG_VALUE: Str2Int:res <- $r0
	.loc	1 228 3                 @ ../Src/common.c:228:3
	pop	{r4, pc}
.Ltmp108:
.LBB8_25:
	@DEBUG_VALUE: Str2Int:i <- $r3
	@DEBUG_VALUE: Str2Int:p_intnum <- $r1
	@DEBUG_VALUE: Str2Int:p_inputstr <- $r0
	.loc	1 208 16 is_stmt 1      @ ../Src/common.c:208:16
	cmp	r3, #0
	itt	eq
	moveq	r0, #0
.Ltmp109:
	@DEBUG_VALUE: Str2Int:res <- $r0
	.loc	1 228 3                 @ ../Src/common.c:228:3
	popeq	{r4, pc}
.Ltmp110:
.LBB8_26:
	@DEBUG_VALUE: Str2Int:i <- $r3
	@DEBUG_VALUE: Str2Int:p_intnum <- $r1
	.loc	1 210 19                @ ../Src/common.c:210:19
	lsl.w	r0, r12, #20
.Ltmp111:
	.loc	1 165 12                @ ../Src/common.c:165:12
	b	.LBB8_29
.Ltmp112:
.LBB8_27:
	@DEBUG_VALUE: Str2Int:i <- $r3
	@DEBUG_VALUE: Str2Int:p_intnum <- $r1
	@DEBUG_VALUE: Str2Int:p_inputstr <- $r0
	.loc	1 202 16                @ ../Src/common.c:202:16
	cmp	r3, #0
	itt	eq
	moveq	r0, #0
.Ltmp113:
	@DEBUG_VALUE: Str2Int:res <- $r0
	.loc	1 228 3                 @ ../Src/common.c:228:3
	popeq	{r4, pc}
.Ltmp114:
.LBB8_28:
	@DEBUG_VALUE: Str2Int:i <- $r3
	@DEBUG_VALUE: Str2Int:p_intnum <- $r1
	.loc	1 204 19                @ ../Src/common.c:204:19
	lsl.w	r0, r12, #10
.Ltmp115:
.LBB8_29:
	@DEBUG_VALUE: Str2Int:i <- $r3
	@DEBUG_VALUE: Str2Int:p_intnum <- $r1
	@DEBUG_VALUE: Str2Int:val <- $r0
	.loc	1 0 19 is_stmt 0        @ ../Src/common.c:0:19
	str	r0, [r1]
	movs	r0, #1
.Ltmp116:
	@DEBUG_VALUE: Str2Int:res <- 1
	@DEBUG_VALUE: Str2Int:res <- $r0
	.loc	1 228 3 is_stmt 1       @ ../Src/common.c:228:3
	pop	{r4, pc}
.Ltmp117:
.Lfunc_end8:
	.size	Str2Int, .Lfunc_end8-Str2Int
	.cfi_endproc
	.cantunwind
	.fnend
                                        @ -- End function
	.section	.text.CharToBin,"ax",%progbits
	.hidden	CharToBin               @ -- Begin function CharToBin
	.globl	CharToBin
	.p2align	2
	.type	CharToBin,%function
	.code	16                      @ @CharToBin
	.thumb_func
CharToBin:
.Lfunc_begin9:
	.loc	1 233 0                 @ ../Src/common.c:233:0
	.fnstart
	.cfi_startproc
@ %bb.0:
	.save	{r7, lr}
	push	{r7, lr}
	.cfi_def_cfa_offset 8
	.cfi_offset lr, -4
	.cfi_offset r7, -8
	@DEBUG_VALUE: CharToBin:c <- $r0
	@DEBUG_VALUE: CharToBin:c <- $r0
	@DEBUG_VALUE: CharToBin:out <- $r1
	@DEBUG_VALUE: CharToBin:out <- $r1
.Ltmp118:
	.loc	1 235 10 prologue_end   @ ../Src/common.c:235:10
	movw	r2, #513
	movt	r2, #2052
	umull	r2, r3, r0, r2
	.loc	1 235 43 is_stmt 0      @ ../Src/common.c:235:43
	mov.w	r12, #16843009
	and.w	r2, r12, r2, lsr #7
	.loc	1 234 53 is_stmt 1      @ ../Src/common.c:234:53
	orr	lr, r2, #808464432
	.loc	1 235 10                @ ../Src/common.c:235:10
	movw	r2, #8208
	movt	r2, #32832
	mla	r0, r0, r2, r3
.Ltmp119:
	.loc	1 235 43 is_stmt 0      @ ../Src/common.c:235:43
	and.w	r0, r12, r0, lsr #7
	.loc	1 234 53 is_stmt 1      @ ../Src/common.c:234:53
	orr	r0, r0, #808464432
	.loc	1 234 28 is_stmt 0      @ ../Src/common.c:234:28
	strd	lr, r0, [r1]
	.loc	1 236 1 is_stmt 1       @ ../Src/common.c:236:1
	pop	{r7, pc}
.Ltmp120:
.Lfunc_end9:
	.size	CharToBin, .Lfunc_end9-CharToBin
	.cfi_endproc
	.cantunwind
	.fnend
                                        @ -- End function
	.section	.text.BaseToPower,"ax",%progbits
	.hidden	BaseToPower             @ -- Begin function BaseToPower
	.globl	BaseToPower
	.p2align	2
	.type	BaseToPower,%function
	.code	16                      @ @BaseToPower
	.thumb_func
BaseToPower:
.Lfunc_begin10:
	.loc	1 241 0                 @ ../Src/common.c:241:0
	.fnstart
	.cfi_startproc
@ %bb.0:
	@DEBUG_VALUE: BaseToPower:base <- $r0
	@DEBUG_VALUE: BaseToPower:base <- $r0
	@DEBUG_VALUE: BaseToPower:power <- $r1
	@DEBUG_VALUE: BaseToPower:power <- $r1
	@DEBUG_VALUE: BaseToPower:result <- 1
	@DEBUG_VALUE: BaseToPower:base <- $r0
	movs	r2, #1
.Ltmp121:
	.loc	1 244 2 prologue_end    @ ../Src/common.c:244:2
	cbz	r1, .LBB10_2
.Ltmp122:
	.p2align	2
.LBB10_1:                               @ =>This Inner Loop Header: Depth=1
	@DEBUG_VALUE: BaseToPower:power <- $r1
	@DEBUG_VALUE: BaseToPower:base <- $r0
	@DEBUG_VALUE: BaseToPower:result <- $r2
	.loc	1 244 24 is_stmt 0      @ ../Src/common.c:244:24
	muls	r2, r0, r2
.Ltmp123:
	@DEBUG_VALUE: BaseToPower:result <- $r2
	.loc	1 244 13                @ ../Src/common.c:244:13
	subs	r1, #1
.Ltmp124:
	.loc	1 244 2                 @ ../Src/common.c:244:2
	tst.w	r1, #255
	bne	.LBB10_1
.Ltmp125:
.LBB10_2:
	@DEBUG_VALUE: BaseToPower:base <- $r0
	.loc	1 245 2 is_stmt 1       @ ../Src/common.c:245:2
	mov	r0, r2
	bx	lr
.Ltmp126:
.Lfunc_end10:
	.size	BaseToPower, .Lfunc_end10-BaseToPower
	.cfi_endproc
	.cantunwind
	.fnend
                                        @ -- End function
	.file	2 "C:\\Keil\\ARM\\ARMCLANG\\Bin\\..\\include" "stdint.h"
	.section	.debug_str,"MS",%progbits,1
.Linfo_string0:
	.asciz	"Component: ARM Compiler 6.10.1 Tool: armclang [5d143200]" @ string offset=0
.Linfo_string1:
	.asciz	"../Src\\common.c"      @ string offset=57
.Linfo_string2:
	.asciz	"F:\\SkyDrive\\OtvoreniProjekti\\HotelSaplast\\fw\\RoomController\\DE-170318\\MDK-ARM" @ string offset=73
.Linfo_string3:
	.asciz	"long long unsigned int" @ string offset=151
.Linfo_string4:
	.asciz	"Bcd2Dec"               @ string offset=174
.Linfo_string5:
	.asciz	"unsigned char"         @ string offset=182
.Linfo_string6:
	.asciz	"uint8_t"               @ string offset=196
.Linfo_string7:
	.asciz	"Dec2Bcd"               @ string offset=204
.Linfo_string8:
	.asciz	"CalcCRC"               @ string offset=212
.Linfo_string9:
	.asciz	"Int2Str"               @ string offset=220
.Linfo_string10:
	.asciz	"Int2StrSized"          @ string offset=228
.Linfo_string11:
	.asciz	"ClearBuffer"           @ string offset=241
.Linfo_string12:
	.asciz	"Str2Hex"               @ string offset=253
.Linfo_string13:
	.asciz	"Hex2Str"               @ string offset=261
.Linfo_string14:
	.asciz	"Str2Int"               @ string offset=269
.Linfo_string15:
	.asciz	"unsigned int"          @ string offset=277
.Linfo_string16:
	.asciz	"uint32_t"              @ string offset=290
.Linfo_string17:
	.asciz	"CharToBin"             @ string offset=299
.Linfo_string18:
	.asciz	"BaseToPower"           @ string offset=309
.Linfo_string19:
	.asciz	"bcd"                   @ string offset=321
.Linfo_string20:
	.asciz	"dec"                   @ string offset=325
.Linfo_string21:
	.asciz	"r"                     @ string offset=329
.Linfo_string22:
	.asciz	"buff"                  @ string offset=331
.Linfo_string23:
	.asciz	"size"                  @ string offset=336
.Linfo_string24:
	.asciz	"h"                     @ string offset=341
.Linfo_string25:
	.asciz	"g"                     @ string offset=343
.Linfo_string26:
	.asciz	"p_str"                 @ string offset=345
.Linfo_string27:
	.asciz	"intnum"                @ string offset=351
.Linfo_string28:
	.asciz	"i"                     @ string offset=358
.Linfo_string29:
	.asciz	"status"                @ string offset=360
.Linfo_string30:
	.asciz	"pos"                   @ string offset=367
.Linfo_string31:
	.asciz	"divider"               @ string offset=371
.Linfo_string32:
	.asciz	"result"                @ string offset=379
.Linfo_string33:
	.asciz	"sizetype"              @ string offset=386
.Linfo_string34:
	.asciz	"buffer"                @ string offset=395
.Linfo_string35:
	.asciz	"unsigned short"        @ string offset=402
.Linfo_string36:
	.asciz	"uint16_t"              @ string offset=417
.Linfo_string37:
	.asciz	"t"                     @ string offset=426
.Linfo_string38:
	.asciz	"lenght"                @ string offset=428
.Linfo_string39:
	.asciz	"p_hex"                 @ string offset=435
.Linfo_string40:
	.asciz	"hex_cnt"               @ string offset=441
.Linfo_string41:
	.asciz	"str_cnt"               @ string offset=449
.Linfo_string42:
	.asciz	"p_inputstr"            @ string offset=457
.Linfo_string43:
	.asciz	"p_intnum"              @ string offset=468
.Linfo_string44:
	.asciz	"res"                   @ string offset=477
.Linfo_string45:
	.asciz	"val"                   @ string offset=481
.Linfo_string46:
	.asciz	"c"                     @ string offset=485
.Linfo_string47:
	.asciz	"out"                   @ string offset=487
.Linfo_string48:
	.asciz	"char"                  @ string offset=491
.Linfo_string49:
	.asciz	"base"                  @ string offset=496
.Linfo_string50:
	.asciz	"power"                 @ string offset=501
	.section	.debug_loc,"",%progbits
.Ldebug_loc0:
	.long	.Lfunc_begin0
	.long	.Ltmp0
	.short	1                       @ Loc expr size
	.byte	80                      @ DW_OP_reg0
	.long	0
	.long	0
.Ldebug_loc1:
	.long	.Lfunc_begin1
	.long	.Ltmp3
	.short	1                       @ Loc expr size
	.byte	80                      @ DW_OP_reg0
	.long	.Ltmp4
	.long	.Ltmp5
	.short	1                       @ Loc expr size
	.byte	80                      @ DW_OP_reg0
	.long	0
	.long	0
.Ldebug_loc2:
	.long	.Lfunc_begin2
	.long	.Ltmp8
	.short	1                       @ Loc expr size
	.byte	80                      @ DW_OP_reg0
	.long	.Ltmp9
	.long	.Ltmp12
	.short	1                       @ Loc expr size
	.byte	80                      @ DW_OP_reg0
	.long	0
	.long	0
.Ldebug_loc3:
	.long	.Lfunc_begin2
	.long	.Ltmp7
	.short	1                       @ Loc expr size
	.byte	81                      @ DW_OP_reg1
	.long	0
	.long	0
.Ldebug_loc4:
	.long	.Lfunc_begin2
	.long	.Ltmp7
	.short	1                       @ Loc expr size
	.byte	81                      @ DW_OP_reg1
	.long	0
	.long	0
.Ldebug_loc5:
	.long	.Lfunc_begin2
	.long	.Ltmp7
	.short	2                       @ Loc expr size
	.byte	16                      @ DW_OP_constu
	.byte	0                       @ 0
	.long	.Ltmp7
	.long	.Lfunc_end2
	.short	1                       @ Loc expr size
	.byte	81                      @ DW_OP_reg1
	.long	0
	.long	0
.Ldebug_loc6:
	.long	.Lfunc_begin3
	.long	.Lfunc_end3
	.short	1                       @ Loc expr size
	.byte	80                      @ DW_OP_reg0
	.long	0
	.long	0
.Ldebug_loc7:
	.long	.Lfunc_begin3
	.long	.Lfunc_end3
	.short	1                       @ Loc expr size
	.byte	81                      @ DW_OP_reg1
	.long	0
	.long	0
.Ldebug_loc8:
	.long	.Ltmp14
	.long	.Lfunc_end3
	.short	2                       @ Loc expr size
	.byte	16                      @ DW_OP_constu
	.byte	0                       @ 0
	.long	0
	.long	0
.Ldebug_loc9:
	.long	.Ltmp14
	.long	.Ltmp16
	.short	2                       @ Loc expr size
	.byte	16                      @ DW_OP_constu
	.byte	0                       @ 0
	.long	.Ltmp16
	.long	.Lfunc_end3
	.short	1                       @ Loc expr size
	.byte	83                      @ DW_OP_reg3
	.long	0
	.long	0
.Ldebug_loc10:
	.long	.Ltmp14
	.long	.Ltmp16
	.short	2                       @ Loc expr size
	.byte	16                      @ DW_OP_constu
	.byte	0                       @ 0
	.long	.Ltmp16
	.long	.Ltmp17
	.short	1                       @ Loc expr size
	.byte	84                      @ DW_OP_reg4
	.long	.Ltmp17
	.long	.Ltmp18
	.short	1                       @ Loc expr size
	.byte	86                      @ DW_OP_reg6
	.long	.Ltmp18
	.long	.Ltmp24
	.short	1                       @ Loc expr size
	.byte	84                      @ DW_OP_reg4
	.long	0
	.long	0
.Ldebug_loc11:
	.long	.Ltmp14
	.long	.Ltmp16
	.short	6                       @ Loc expr size
	.byte	16                      @ DW_OP_constu
	.byte	128                     @ 1000000000
	.byte	148                     @ 
	.byte	235                     @ 
	.byte	220                     @ 
	.byte	3                       @ 
	.long	.Ltmp16
	.long	.Lfunc_end3
	.short	1                       @ Loc expr size
	.byte	92                      @ DW_OP_reg12
	.long	0
	.long	0
.Ldebug_loc12:
	.long	.Lfunc_begin4
	.long	.Ltmp25
	.short	1                       @ Loc expr size
	.byte	80                      @ DW_OP_reg0
	.long	.Ltmp25
	.long	.Ltmp43
	.short	1                       @ Loc expr size
	.byte	88                      @ DW_OP_reg8
	.long	0
	.long	0
.Ldebug_loc13:
	.long	.Lfunc_begin4
	.long	.Ltmp25
	.short	1                       @ Loc expr size
	.byte	81                      @ DW_OP_reg1
	.long	.Ltmp25
	.long	.Ltmp43
	.short	1                       @ Loc expr size
	.byte	87                      @ DW_OP_reg7
	.long	0
	.long	0
.Ldebug_loc14:
	.long	.Lfunc_begin4
	.long	.Ltmp25
	.short	1                       @ Loc expr size
	.byte	82                      @ DW_OP_reg2
	.long	.Ltmp25
	.long	.Ltmp38
	.short	1                       @ Loc expr size
	.byte	84                      @ DW_OP_reg4
	.long	.Ltmp38
	.long	.Ltmp39
	.short	1                       @ Loc expr size
	.byte	82                      @ DW_OP_reg2
	.long	0
	.long	0
.Ldebug_loc15:
	.long	.Ltmp25
	.long	.Ltmp29
	.short	2                       @ Loc expr size
	.byte	16                      @ DW_OP_constu
	.byte	0                       @ 0
	.long	.Ltmp29
	.long	.Ltmp36
	.short	1                       @ Loc expr size
	.byte	81                      @ DW_OP_reg1
	.long	.Ltmp41
	.long	.Ltmp42
	.short	1                       @ Loc expr size
	.byte	80                      @ DW_OP_reg0
	.long	0
	.long	0
.Ldebug_loc16:
	.long	.Ltmp25
	.long	.Ltmp29
	.short	6                       @ Loc expr size
	.byte	16                      @ DW_OP_constu
	.byte	128                     @ 1000000000
	.byte	148                     @ 
	.byte	235                     @ 
	.byte	220                     @ 
	.byte	3                       @ 
	.long	.Ltmp29
	.long	.Ltmp31
	.short	1                       @ Loc expr size
	.byte	80                      @ DW_OP_reg0
	.long	.Ltmp32
	.long	.Ltmp36
	.short	1                       @ Loc expr size
	.byte	80                      @ DW_OP_reg0
	.long	0
	.long	0
.Ldebug_loc17:
	.long	.Ltmp27
	.long	.Ltmp33
	.short	2                       @ Loc expr size
	.byte	16                      @ DW_OP_constu
	.byte	0                       @ 0
	.long	.Ltmp33
	.long	.Ltmp37
	.short	1                       @ Loc expr size
	.byte	81                      @ DW_OP_reg1
	.long	0
	.long	0
.Ldebug_loc18:
	.long	.Lfunc_begin5
	.long	.Ltmp44
	.short	1                       @ Loc expr size
	.byte	80                      @ DW_OP_reg0
	.long	0
	.long	0
.Ldebug_loc19:
	.long	.Lfunc_begin5
	.long	.Ltmp44
	.short	1                       @ Loc expr size
	.byte	81                      @ DW_OP_reg1
	.long	0
	.long	0
.Ldebug_loc20:
	.long	.Lfunc_begin6
	.long	.Ltmp48
	.short	1                       @ Loc expr size
	.byte	80                      @ DW_OP_reg0
	.long	.Ltmp49
	.long	.Ltmp56
	.short	1                       @ Loc expr size
	.byte	80                      @ DW_OP_reg0
	.long	0
	.long	0
.Ldebug_loc21:
	.long	.Lfunc_begin6
	.long	.Ltmp57
	.short	1                       @ Loc expr size
	.byte	81                      @ DW_OP_reg1
	.long	0
	.long	0
.Ldebug_loc22:
	.long	.Ltmp46
	.long	.Ltmp54
	.short	2                       @ Loc expr size
	.byte	16                      @ DW_OP_constu
	.byte	0                       @ 0
	.long	.Ltmp54
	.long	.Ltmp55
	.short	1                       @ Loc expr size
	.byte	83                      @ DW_OP_reg3
	.long	.Ltmp58
	.long	.Lfunc_end6
	.short	1                       @ Loc expr size
	.byte	83                      @ DW_OP_reg3
	.long	0
	.long	0
.Ldebug_loc23:
	.long	.Lfunc_begin7
	.long	.Ltmp67
	.short	1                       @ Loc expr size
	.byte	80                      @ DW_OP_reg0
	.long	0
	.long	0
.Ldebug_loc24:
	.long	.Lfunc_begin7
	.long	.Ltmp71
	.short	1                       @ Loc expr size
	.byte	81                      @ DW_OP_reg1
	.long	0
	.long	0
.Ldebug_loc25:
	.long	.Lfunc_begin7
	.long	.Ltmp63
	.short	1                       @ Loc expr size
	.byte	82                      @ DW_OP_reg2
	.long	.Ltmp64
	.long	.Ltmp70
	.short	1                       @ Loc expr size
	.byte	82                      @ DW_OP_reg2
	.long	0
	.long	0
.Ldebug_loc26:
	.long	.Lfunc_begin8
	.long	.Ltmp88
	.short	1                       @ Loc expr size
	.byte	80                      @ DW_OP_reg0
	.long	.Ltmp91
	.long	.Ltmp105
	.short	1                       @ Loc expr size
	.byte	80                      @ DW_OP_reg0
	.long	.Ltmp108
	.long	.Ltmp109
	.short	1                       @ Loc expr size
	.byte	80                      @ DW_OP_reg0
	.long	.Ltmp112
	.long	.Ltmp113
	.short	1                       @ Loc expr size
	.byte	80                      @ DW_OP_reg0
	.long	0
	.long	0
.Ldebug_loc27:
	.long	.Ltmp73
	.long	.Ltmp76
	.short	2                       @ Loc expr size
	.byte	16                      @ DW_OP_constu
	.byte	0                       @ 0
	.long	.Ltmp76
	.long	.Ltmp90
	.short	1                       @ Loc expr size
	.byte	84                      @ DW_OP_reg4
	.long	.Ltmp92
	.long	.Ltmp106
	.short	1                       @ Loc expr size
	.byte	83                      @ DW_OP_reg3
	.long	.Ltmp108
	.long	.Lfunc_end8
	.short	1                       @ Loc expr size
	.byte	83                      @ DW_OP_reg3
	.long	0
	.long	0
.Ldebug_loc28:
	.long	.Ltmp73
	.long	.Ltmp89
	.short	2                       @ Loc expr size
	.byte	16                      @ DW_OP_constu
	.byte	0                       @ 0
	.long	.Ltmp89
	.long	.Ltmp91
	.short	1                       @ Loc expr size
	.byte	80                      @ DW_OP_reg0
	.long	.Ltmp92
	.long	.Ltmp105
	.short	2                       @ Loc expr size
	.byte	16                      @ DW_OP_constu
	.byte	0                       @ 0
	.long	.Ltmp105
	.long	.Ltmp106
	.short	1                       @ Loc expr size
	.byte	80                      @ DW_OP_reg0
	.long	.Ltmp107
	.long	.Ltmp107
	.short	2                       @ Loc expr size
	.byte	16                      @ DW_OP_constu
	.byte	1                       @ 1
	.long	.Ltmp107
	.long	.Ltmp108
	.short	1                       @ Loc expr size
	.byte	80                      @ DW_OP_reg0
	.long	.Ltmp109
	.long	.Ltmp110
	.short	1                       @ Loc expr size
	.byte	80                      @ DW_OP_reg0
	.long	.Ltmp113
	.long	.Ltmp114
	.short	1                       @ Loc expr size
	.byte	80                      @ DW_OP_reg0
	.long	.Ltmp116
	.long	.Ltmp116
	.short	2                       @ Loc expr size
	.byte	16                      @ DW_OP_constu
	.byte	1                       @ 1
	.long	.Ltmp116
	.long	.Lfunc_end8
	.short	1                       @ Loc expr size
	.byte	80                      @ DW_OP_reg0
	.long	0
	.long	0
.Ldebug_loc29:
	.long	.Ltmp73
	.long	.Ltmp84
	.short	2                       @ Loc expr size
	.byte	16                      @ DW_OP_constu
	.byte	0                       @ 0
	.long	.Ltmp84
	.long	.Ltmp87
	.short	1                       @ Loc expr size
	.byte	92                      @ DW_OP_reg12
	.long	.Ltmp102
	.long	.Ltmp104
	.short	1                       @ Loc expr size
	.byte	92                      @ DW_OP_reg12
	.long	.Ltmp106
	.long	.Ltmp108
	.short	1                       @ Loc expr size
	.byte	92                      @ DW_OP_reg12
	.long	.Ltmp115
	.long	.Ltmp116
	.short	1                       @ Loc expr size
	.byte	80                      @ DW_OP_reg0
	.long	0
	.long	0
.Ldebug_loc30:
	.long	.Lfunc_begin9
	.long	.Ltmp119
	.short	1                       @ Loc expr size
	.byte	80                      @ DW_OP_reg0
	.long	0
	.long	0
.Ldebug_loc31:
	.long	.Lfunc_begin10
	.long	.Ltmp124
	.short	1                       @ Loc expr size
	.byte	81                      @ DW_OP_reg1
	.long	0
	.long	0
.Ldebug_loc32:
	.long	.Lfunc_begin10
	.long	.Ltmp122
	.short	2                       @ Loc expr size
	.byte	16                      @ DW_OP_constu
	.byte	1                       @ 1
	.long	.Ltmp122
	.long	.Ltmp125
	.short	1                       @ Loc expr size
	.byte	82                      @ DW_OP_reg2
	.long	0
	.long	0
	.section	.debug_abbrev,"",%progbits
	.byte	1                       @ Abbreviation Code
	.byte	17                      @ DW_TAG_compile_unit
	.byte	1                       @ DW_CHILDREN_yes
	.byte	37                      @ DW_AT_producer
	.byte	14                      @ DW_FORM_strp
	.byte	19                      @ DW_AT_language
	.byte	5                       @ DW_FORM_data2
	.byte	3                       @ DW_AT_name
	.byte	14                      @ DW_FORM_strp
	.byte	16                      @ DW_AT_stmt_list
	.byte	6                       @ DW_FORM_data4
	.byte	27                      @ DW_AT_comp_dir
	.byte	14                      @ DW_FORM_strp
	.ascii	"\264B"                 @ DW_AT_GNU_pubnames
	.byte	12                      @ DW_FORM_flag
	.byte	17                      @ DW_AT_low_pc
	.byte	1                       @ DW_FORM_addr
	.byte	85                      @ DW_AT_ranges
	.byte	6                       @ DW_FORM_data4
	.byte	0                       @ EOM(1)
	.byte	0                       @ EOM(2)
	.byte	2                       @ Abbreviation Code
	.byte	15                      @ DW_TAG_pointer_type
	.byte	0                       @ DW_CHILDREN_no
	.byte	73                      @ DW_AT_type
	.byte	19                      @ DW_FORM_ref4
	.byte	0                       @ EOM(1)
	.byte	0                       @ EOM(2)
	.byte	3                       @ Abbreviation Code
	.byte	36                      @ DW_TAG_base_type
	.byte	0                       @ DW_CHILDREN_no
	.byte	3                       @ DW_AT_name
	.byte	14                      @ DW_FORM_strp
	.byte	62                      @ DW_AT_encoding
	.byte	11                      @ DW_FORM_data1
	.byte	11                      @ DW_AT_byte_size
	.byte	11                      @ DW_FORM_data1
	.byte	0                       @ EOM(1)
	.byte	0                       @ EOM(2)
	.byte	4                       @ Abbreviation Code
	.byte	46                      @ DW_TAG_subprogram
	.byte	1                       @ DW_CHILDREN_yes
	.byte	17                      @ DW_AT_low_pc
	.byte	1                       @ DW_FORM_addr
	.byte	18                      @ DW_AT_high_pc
	.byte	1                       @ DW_FORM_addr
	.byte	64                      @ DW_AT_frame_base
	.byte	10                      @ DW_FORM_block1
	.byte	3                       @ DW_AT_name
	.byte	14                      @ DW_FORM_strp
	.byte	58                      @ DW_AT_decl_file
	.byte	11                      @ DW_FORM_data1
	.byte	59                      @ DW_AT_decl_line
	.byte	11                      @ DW_FORM_data1
	.byte	39                      @ DW_AT_prototyped
	.byte	12                      @ DW_FORM_flag
	.byte	73                      @ DW_AT_type
	.byte	19                      @ DW_FORM_ref4
	.byte	63                      @ DW_AT_external
	.byte	12                      @ DW_FORM_flag
	.byte	0                       @ EOM(1)
	.byte	0                       @ EOM(2)
	.byte	5                       @ Abbreviation Code
	.byte	5                       @ DW_TAG_formal_parameter
	.byte	0                       @ DW_CHILDREN_no
	.byte	2                       @ DW_AT_location
	.byte	6                       @ DW_FORM_data4
	.byte	3                       @ DW_AT_name
	.byte	14                      @ DW_FORM_strp
	.byte	58                      @ DW_AT_decl_file
	.byte	11                      @ DW_FORM_data1
	.byte	59                      @ DW_AT_decl_line
	.byte	11                      @ DW_FORM_data1
	.byte	73                      @ DW_AT_type
	.byte	19                      @ DW_FORM_ref4
	.byte	0                       @ EOM(1)
	.byte	0                       @ EOM(2)
	.byte	6                       @ Abbreviation Code
	.byte	52                      @ DW_TAG_variable
	.byte	0                       @ DW_CHILDREN_no
	.byte	28                      @ DW_AT_const_value
	.byte	15                      @ DW_FORM_udata
	.byte	3                       @ DW_AT_name
	.byte	14                      @ DW_FORM_strp
	.byte	58                      @ DW_AT_decl_file
	.byte	11                      @ DW_FORM_data1
	.byte	59                      @ DW_AT_decl_line
	.byte	11                      @ DW_FORM_data1
	.byte	73                      @ DW_AT_type
	.byte	19                      @ DW_FORM_ref4
	.byte	0                       @ EOM(1)
	.byte	0                       @ EOM(2)
	.byte	7                       @ Abbreviation Code
	.byte	52                      @ DW_TAG_variable
	.byte	0                       @ DW_CHILDREN_no
	.byte	2                       @ DW_AT_location
	.byte	6                       @ DW_FORM_data4
	.byte	3                       @ DW_AT_name
	.byte	14                      @ DW_FORM_strp
	.byte	58                      @ DW_AT_decl_file
	.byte	11                      @ DW_FORM_data1
	.byte	59                      @ DW_AT_decl_line
	.byte	11                      @ DW_FORM_data1
	.byte	73                      @ DW_AT_type
	.byte	19                      @ DW_FORM_ref4
	.byte	0                       @ EOM(1)
	.byte	0                       @ EOM(2)
	.byte	8                       @ Abbreviation Code
	.byte	46                      @ DW_TAG_subprogram
	.byte	1                       @ DW_CHILDREN_yes
	.byte	17                      @ DW_AT_low_pc
	.byte	1                       @ DW_FORM_addr
	.byte	18                      @ DW_AT_high_pc
	.byte	1                       @ DW_FORM_addr
	.byte	64                      @ DW_AT_frame_base
	.byte	10                      @ DW_FORM_block1
	.byte	3                       @ DW_AT_name
	.byte	14                      @ DW_FORM_strp
	.byte	58                      @ DW_AT_decl_file
	.byte	11                      @ DW_FORM_data1
	.byte	59                      @ DW_AT_decl_line
	.byte	11                      @ DW_FORM_data1
	.byte	39                      @ DW_AT_prototyped
	.byte	12                      @ DW_FORM_flag
	.byte	63                      @ DW_AT_external
	.byte	12                      @ DW_FORM_flag
	.byte	0                       @ EOM(1)
	.byte	0                       @ EOM(2)
	.byte	9                       @ Abbreviation Code
	.byte	52                      @ DW_TAG_variable
	.byte	0                       @ DW_CHILDREN_no
	.byte	2                       @ DW_AT_location
	.byte	10                      @ DW_FORM_block1
	.byte	3                       @ DW_AT_name
	.byte	14                      @ DW_FORM_strp
	.byte	58                      @ DW_AT_decl_file
	.byte	11                      @ DW_FORM_data1
	.byte	59                      @ DW_AT_decl_line
	.byte	11                      @ DW_FORM_data1
	.byte	73                      @ DW_AT_type
	.byte	19                      @ DW_FORM_ref4
	.byte	0                       @ EOM(1)
	.byte	0                       @ EOM(2)
	.byte	10                      @ Abbreviation Code
	.byte	5                       @ DW_TAG_formal_parameter
	.byte	0                       @ DW_CHILDREN_no
	.byte	2                       @ DW_AT_location
	.byte	10                      @ DW_FORM_block1
	.byte	3                       @ DW_AT_name
	.byte	14                      @ DW_FORM_strp
	.byte	58                      @ DW_AT_decl_file
	.byte	11                      @ DW_FORM_data1
	.byte	59                      @ DW_AT_decl_line
	.byte	11                      @ DW_FORM_data1
	.byte	73                      @ DW_AT_type
	.byte	19                      @ DW_FORM_ref4
	.byte	0                       @ EOM(1)
	.byte	0                       @ EOM(2)
	.byte	11                      @ Abbreviation Code
	.byte	22                      @ DW_TAG_typedef
	.byte	0                       @ DW_CHILDREN_no
	.byte	73                      @ DW_AT_type
	.byte	19                      @ DW_FORM_ref4
	.byte	3                       @ DW_AT_name
	.byte	14                      @ DW_FORM_strp
	.byte	58                      @ DW_AT_decl_file
	.byte	11                      @ DW_FORM_data1
	.byte	59                      @ DW_AT_decl_line
	.byte	11                      @ DW_FORM_data1
	.byte	0                       @ EOM(1)
	.byte	0                       @ EOM(2)
	.byte	12                      @ Abbreviation Code
	.byte	1                       @ DW_TAG_array_type
	.byte	1                       @ DW_CHILDREN_yes
	.byte	73                      @ DW_AT_type
	.byte	19                      @ DW_FORM_ref4
	.byte	0                       @ EOM(1)
	.byte	0                       @ EOM(2)
	.byte	13                      @ Abbreviation Code
	.byte	33                      @ DW_TAG_subrange_type
	.byte	0                       @ DW_CHILDREN_no
	.byte	73                      @ DW_AT_type
	.byte	19                      @ DW_FORM_ref4
	.byte	55                      @ DW_AT_count
	.byte	11                      @ DW_FORM_data1
	.byte	0                       @ EOM(1)
	.byte	0                       @ EOM(2)
	.byte	14                      @ Abbreviation Code
	.byte	36                      @ DW_TAG_base_type
	.byte	0                       @ DW_CHILDREN_no
	.byte	3                       @ DW_AT_name
	.byte	14                      @ DW_FORM_strp
	.byte	11                      @ DW_AT_byte_size
	.byte	11                      @ DW_FORM_data1
	.byte	62                      @ DW_AT_encoding
	.byte	11                      @ DW_FORM_data1
	.byte	0                       @ EOM(1)
	.byte	0                       @ EOM(2)
	.byte	0                       @ EOM(3)
	.section	.debug_info,"",%progbits
.Lcu_begin0:
	.long	1004                    @ Length of Unit
	.short	3                       @ DWARF version number
	.long	.debug_abbrev           @ Offset Into Abbrev. Section
	.byte	4                       @ Address Size (in bytes)
	.byte	1                       @ Abbrev [1] 0xb:0x3e5 DW_TAG_compile_unit
	.long	.Linfo_string0          @ DW_AT_producer
	.short	12                      @ DW_AT_language
	.long	.Linfo_string1          @ DW_AT_name
	.long	.Lline_table_start0     @ DW_AT_stmt_list
	.long	.Linfo_string2          @ DW_AT_comp_dir
	.byte	1                       @ DW_AT_GNU_pubnames
	.long	0                       @ DW_AT_low_pc
	.long	.Ldebug_ranges0         @ DW_AT_ranges
	.byte	2                       @ Abbrev [2] 0x27:0x5 DW_TAG_pointer_type
	.long	44                      @ DW_AT_type
	.byte	3                       @ Abbrev [3] 0x2c:0x7 DW_TAG_base_type
	.long	.Linfo_string3          @ DW_AT_name
	.byte	7                       @ DW_AT_encoding
	.byte	8                       @ DW_AT_byte_size
	.byte	4                       @ Abbrev [4] 0x33:0x27 DW_TAG_subprogram
	.long	.Lfunc_begin0           @ DW_AT_low_pc
	.long	.Lfunc_end0             @ DW_AT_high_pc
	.byte	1                       @ DW_AT_frame_base
	.byte	93
	.long	.Linfo_string4          @ DW_AT_name
	.byte	1                       @ DW_AT_decl_file
	.byte	35                      @ DW_AT_decl_line
	.byte	1                       @ DW_AT_prototyped
	.long	912                     @ DW_AT_type
	.byte	1                       @ DW_AT_external
	.byte	5                       @ Abbrev [5] 0x4a:0xf DW_TAG_formal_parameter
	.long	.Ldebug_loc0            @ DW_AT_location
	.long	.Linfo_string19         @ DW_AT_name
	.byte	1                       @ DW_AT_decl_file
	.byte	35                      @ DW_AT_decl_line
	.long	912                     @ DW_AT_type
	.byte	0                       @ End Of Children Mark
	.byte	4                       @ Abbrev [4] 0x5a:0x33 DW_TAG_subprogram
	.long	.Lfunc_begin1           @ DW_AT_low_pc
	.long	.Lfunc_end1             @ DW_AT_high_pc
	.byte	1                       @ DW_AT_frame_base
	.byte	93
	.long	.Linfo_string7          @ DW_AT_name
	.byte	1                       @ DW_AT_decl_file
	.byte	41                      @ DW_AT_decl_line
	.byte	1                       @ DW_AT_prototyped
	.long	912                     @ DW_AT_type
	.byte	1                       @ DW_AT_external
	.byte	5                       @ Abbrev [5] 0x71:0xf DW_TAG_formal_parameter
	.long	.Ldebug_loc1            @ DW_AT_location
	.long	.Linfo_string20         @ DW_AT_name
	.byte	1                       @ DW_AT_decl_file
	.byte	41                      @ DW_AT_decl_line
	.long	912                     @ DW_AT_type
	.byte	6                       @ Abbrev [6] 0x80:0xc DW_TAG_variable
	.byte	0                       @ DW_AT_const_value
	.long	.Linfo_string21         @ DW_AT_name
	.byte	1                       @ DW_AT_decl_file
	.byte	43                      @ DW_AT_decl_line
	.long	930                     @ DW_AT_type
	.byte	0                       @ End Of Children Mark
	.byte	4                       @ Abbrev [4] 0x8d:0x54 DW_TAG_subprogram
	.long	.Lfunc_begin2           @ DW_AT_low_pc
	.long	.Lfunc_end2             @ DW_AT_high_pc
	.byte	1                       @ DW_AT_frame_base
	.byte	93
	.long	.Linfo_string8          @ DW_AT_name
	.byte	1                       @ DW_AT_decl_file
	.byte	57                      @ DW_AT_decl_line
	.byte	1                       @ DW_AT_prototyped
	.long	912                     @ DW_AT_type
	.byte	1                       @ DW_AT_external
	.byte	5                       @ Abbrev [5] 0xa4:0xf DW_TAG_formal_parameter
	.long	.Ldebug_loc2            @ DW_AT_location
	.long	.Linfo_string22         @ DW_AT_name
	.byte	1                       @ DW_AT_decl_file
	.byte	57                      @ DW_AT_decl_line
	.long	948                     @ DW_AT_type
	.byte	5                       @ Abbrev [5] 0xb3:0xf DW_TAG_formal_parameter
	.long	.Ldebug_loc3            @ DW_AT_location
	.long	.Linfo_string23         @ DW_AT_name
	.byte	1                       @ DW_AT_decl_file
	.byte	57                      @ DW_AT_decl_line
	.long	912                     @ DW_AT_type
	.byte	7                       @ Abbrev [7] 0xc2:0xf DW_TAG_variable
	.long	.Ldebug_loc4            @ DW_AT_location
	.long	.Linfo_string24         @ DW_AT_name
	.byte	1                       @ DW_AT_decl_file
	.byte	60                      @ DW_AT_decl_line
	.long	930                     @ DW_AT_type
	.byte	7                       @ Abbrev [7] 0xd1:0xf DW_TAG_variable
	.long	.Ldebug_loc5            @ DW_AT_location
	.long	.Linfo_string25         @ DW_AT_name
	.byte	1                       @ DW_AT_decl_file
	.byte	59                      @ DW_AT_decl_line
	.long	930                     @ DW_AT_type
	.byte	0                       @ End Of Children Mark
	.byte	8                       @ Abbrev [8] 0xe1:0x6e DW_TAG_subprogram
	.long	.Lfunc_begin3           @ DW_AT_low_pc
	.long	.Lfunc_end3             @ DW_AT_high_pc
	.byte	1                       @ DW_AT_frame_base
	.byte	93
	.long	.Linfo_string9          @ DW_AT_name
	.byte	1                       @ DW_AT_decl_file
	.byte	73                      @ DW_AT_decl_line
	.byte	1                       @ DW_AT_prototyped
	.byte	1                       @ DW_AT_external
	.byte	5                       @ Abbrev [5] 0xf4:0xf DW_TAG_formal_parameter
	.long	.Ldebug_loc6            @ DW_AT_location
	.long	.Linfo_string26         @ DW_AT_name
	.byte	1                       @ DW_AT_decl_file
	.byte	73                      @ DW_AT_decl_line
	.long	948                     @ DW_AT_type
	.byte	5                       @ Abbrev [5] 0x103:0xf DW_TAG_formal_parameter
	.long	.Ldebug_loc7            @ DW_AT_location
	.long	.Linfo_string27         @ DW_AT_name
	.byte	1                       @ DW_AT_decl_file
	.byte	73                      @ DW_AT_decl_line
	.long	930                     @ DW_AT_type
	.byte	7                       @ Abbrev [7] 0x112:0xf DW_TAG_variable
	.long	.Ldebug_loc8            @ DW_AT_location
	.long	.Linfo_string28         @ DW_AT_name
	.byte	1                       @ DW_AT_decl_file
	.byte	75                      @ DW_AT_decl_line
	.long	930                     @ DW_AT_type
	.byte	7                       @ Abbrev [7] 0x121:0xf DW_TAG_variable
	.long	.Ldebug_loc9            @ DW_AT_location
	.long	.Linfo_string29         @ DW_AT_name
	.byte	1                       @ DW_AT_decl_file
	.byte	75                      @ DW_AT_decl_line
	.long	930                     @ DW_AT_type
	.byte	7                       @ Abbrev [7] 0x130:0xf DW_TAG_variable
	.long	.Ldebug_loc10           @ DW_AT_location
	.long	.Linfo_string30         @ DW_AT_name
	.byte	1                       @ DW_AT_decl_file
	.byte	75                      @ DW_AT_decl_line
	.long	930                     @ DW_AT_type
	.byte	7                       @ Abbrev [7] 0x13f:0xf DW_TAG_variable
	.long	.Ldebug_loc11           @ DW_AT_location
	.long	.Linfo_string31         @ DW_AT_name
	.byte	1                       @ DW_AT_decl_file
	.byte	75                      @ DW_AT_decl_line
	.long	930                     @ DW_AT_type
	.byte	0                       @ End Of Children Mark
	.byte	8                       @ Abbrev [8] 0x14f:0x7c DW_TAG_subprogram
	.long	.Lfunc_begin4           @ DW_AT_low_pc
	.long	.Lfunc_end4             @ DW_AT_high_pc
	.byte	1                       @ DW_AT_frame_base
	.byte	93
	.long	.Linfo_string10         @ DW_AT_name
	.byte	1                       @ DW_AT_decl_file
	.byte	96                      @ DW_AT_decl_line
	.byte	1                       @ DW_AT_prototyped
	.byte	1                       @ DW_AT_external
	.byte	5                       @ Abbrev [5] 0x162:0xf DW_TAG_formal_parameter
	.long	.Ldebug_loc12           @ DW_AT_location
	.long	.Linfo_string26         @ DW_AT_name
	.byte	1                       @ DW_AT_decl_file
	.byte	96                      @ DW_AT_decl_line
	.long	948                     @ DW_AT_type
	.byte	5                       @ Abbrev [5] 0x171:0xf DW_TAG_formal_parameter
	.long	.Ldebug_loc13           @ DW_AT_location
	.long	.Linfo_string27         @ DW_AT_name
	.byte	1                       @ DW_AT_decl_file
	.byte	96                      @ DW_AT_decl_line
	.long	930                     @ DW_AT_type
	.byte	5                       @ Abbrev [5] 0x180:0xf DW_TAG_formal_parameter
	.long	.Ldebug_loc14           @ DW_AT_location
	.long	.Linfo_string23         @ DW_AT_name
	.byte	1                       @ DW_AT_decl_file
	.byte	96                      @ DW_AT_decl_line
	.long	912                     @ DW_AT_type
	.byte	9                       @ Abbrev [9] 0x18f:0xe DW_TAG_variable
	.byte	2                       @ DW_AT_location
	.byte	145
	.byte	0
	.long	.Linfo_string32         @ DW_AT_name
	.byte	1                       @ DW_AT_decl_file
	.byte	98                      @ DW_AT_decl_line
	.long	953                     @ DW_AT_type
	.byte	7                       @ Abbrev [7] 0x19d:0xf DW_TAG_variable
	.long	.Ldebug_loc15           @ DW_AT_location
	.long	.Linfo_string30         @ DW_AT_name
	.byte	1                       @ DW_AT_decl_file
	.byte	99                      @ DW_AT_decl_line
	.long	930                     @ DW_AT_type
	.byte	7                       @ Abbrev [7] 0x1ac:0xf DW_TAG_variable
	.long	.Ldebug_loc16           @ DW_AT_location
	.long	.Linfo_string31         @ DW_AT_name
	.byte	1                       @ DW_AT_decl_file
	.byte	99                      @ DW_AT_decl_line
	.long	930                     @ DW_AT_type
	.byte	7                       @ Abbrev [7] 0x1bb:0xf DW_TAG_variable
	.long	.Ldebug_loc17           @ DW_AT_location
	.long	.Linfo_string28         @ DW_AT_name
	.byte	1                       @ DW_AT_decl_file
	.byte	99                      @ DW_AT_decl_line
	.long	930                     @ DW_AT_type
	.byte	0                       @ End Of Children Mark
	.byte	8                       @ Abbrev [8] 0x1cb:0x3e DW_TAG_subprogram
	.long	.Lfunc_begin5           @ DW_AT_low_pc
	.long	.Lfunc_end5             @ DW_AT_high_pc
	.byte	1                       @ DW_AT_frame_base
	.byte	93
	.long	.Linfo_string11         @ DW_AT_name
	.byte	1                       @ DW_AT_decl_file
	.byte	154                     @ DW_AT_decl_line
	.byte	1                       @ DW_AT_prototyped
	.byte	1                       @ DW_AT_external
	.byte	5                       @ Abbrev [5] 0x1de:0xf DW_TAG_formal_parameter
	.long	.Ldebug_loc18           @ DW_AT_location
	.long	.Linfo_string34         @ DW_AT_name
	.byte	1                       @ DW_AT_decl_file
	.byte	154                     @ DW_AT_decl_line
	.long	948                     @ DW_AT_type
	.byte	5                       @ Abbrev [5] 0x1ed:0xf DW_TAG_formal_parameter
	.long	.Ldebug_loc19           @ DW_AT_location
	.long	.Linfo_string23         @ DW_AT_name
	.byte	1                       @ DW_AT_decl_file
	.byte	154                     @ DW_AT_decl_line
	.long	972                     @ DW_AT_type
	.byte	6                       @ Abbrev [6] 0x1fc:0xc DW_TAG_variable
	.byte	0                       @ DW_AT_const_value
	.long	.Linfo_string37         @ DW_AT_name
	.byte	1                       @ DW_AT_decl_file
	.byte	156                     @ DW_AT_decl_line
	.long	930                     @ DW_AT_type
	.byte	0                       @ End Of Children Mark
	.byte	8                       @ Abbrev [8] 0x209:0x5a DW_TAG_subprogram
	.long	.Lfunc_begin6           @ DW_AT_low_pc
	.long	.Lfunc_end6             @ DW_AT_high_pc
	.byte	1                       @ DW_AT_frame_base
	.byte	93
	.long	.Linfo_string12         @ DW_AT_name
	.byte	1                       @ DW_AT_decl_file
	.byte	121                     @ DW_AT_decl_line
	.byte	1                       @ DW_AT_prototyped
	.byte	1                       @ DW_AT_external
	.byte	5                       @ Abbrev [5] 0x21c:0xf DW_TAG_formal_parameter
	.long	.Ldebug_loc20           @ DW_AT_location
	.long	.Linfo_string26         @ DW_AT_name
	.byte	1                       @ DW_AT_decl_file
	.byte	121                     @ DW_AT_decl_line
	.long	948                     @ DW_AT_type
	.byte	5                       @ Abbrev [5] 0x22b:0xf DW_TAG_formal_parameter
	.long	.Ldebug_loc21           @ DW_AT_location
	.long	.Linfo_string38         @ DW_AT_name
	.byte	1                       @ DW_AT_decl_file
	.byte	121                     @ DW_AT_decl_line
	.long	972                     @ DW_AT_type
	.byte	10                      @ Abbrev [10] 0x23a:0xd DW_TAG_formal_parameter
	.byte	1                       @ DW_AT_location
	.byte	82
	.long	.Linfo_string39         @ DW_AT_name
	.byte	1                       @ DW_AT_decl_file
	.byte	121                     @ DW_AT_decl_line
	.long	948                     @ DW_AT_type
	.byte	7                       @ Abbrev [7] 0x247:0xf DW_TAG_variable
	.long	.Ldebug_loc22           @ DW_AT_location
	.long	.Linfo_string40         @ DW_AT_name
	.byte	1                       @ DW_AT_decl_file
	.byte	123                     @ DW_AT_decl_line
	.long	930                     @ DW_AT_type
	.byte	6                       @ Abbrev [6] 0x256:0xc DW_TAG_variable
	.byte	0                       @ DW_AT_const_value
	.long	.Linfo_string41         @ DW_AT_name
	.byte	1                       @ DW_AT_decl_file
	.byte	123                     @ DW_AT_decl_line
	.long	930                     @ DW_AT_type
	.byte	0                       @ End Of Children Mark
	.byte	8                       @ Abbrev [8] 0x263:0x59 DW_TAG_subprogram
	.long	.Lfunc_begin7           @ DW_AT_low_pc
	.long	.Lfunc_end7             @ DW_AT_high_pc
	.byte	1                       @ DW_AT_frame_base
	.byte	93
	.long	.Linfo_string13         @ DW_AT_name
	.byte	1                       @ DW_AT_decl_file
	.byte	138                     @ DW_AT_decl_line
	.byte	1                       @ DW_AT_prototyped
	.byte	1                       @ DW_AT_external
	.byte	5                       @ Abbrev [5] 0x276:0xf DW_TAG_formal_parameter
	.long	.Ldebug_loc23           @ DW_AT_location
	.long	.Linfo_string39         @ DW_AT_name
	.byte	1                       @ DW_AT_decl_file
	.byte	138                     @ DW_AT_decl_line
	.long	948                     @ DW_AT_type
	.byte	5                       @ Abbrev [5] 0x285:0xf DW_TAG_formal_parameter
	.long	.Ldebug_loc24           @ DW_AT_location
	.long	.Linfo_string38         @ DW_AT_name
	.byte	1                       @ DW_AT_decl_file
	.byte	138                     @ DW_AT_decl_line
	.long	972                     @ DW_AT_type
	.byte	5                       @ Abbrev [5] 0x294:0xf DW_TAG_formal_parameter
	.long	.Ldebug_loc25           @ DW_AT_location
	.long	.Linfo_string26         @ DW_AT_name
	.byte	1                       @ DW_AT_decl_file
	.byte	138                     @ DW_AT_decl_line
	.long	948                     @ DW_AT_type
	.byte	6                       @ Abbrev [6] 0x2a3:0xc DW_TAG_variable
	.byte	0                       @ DW_AT_const_value
	.long	.Linfo_string40         @ DW_AT_name
	.byte	1                       @ DW_AT_decl_file
	.byte	140                     @ DW_AT_decl_line
	.long	930                     @ DW_AT_type
	.byte	6                       @ Abbrev [6] 0x2af:0xc DW_TAG_variable
	.byte	0                       @ DW_AT_const_value
	.long	.Linfo_string41         @ DW_AT_name
	.byte	1                       @ DW_AT_decl_file
	.byte	140                     @ DW_AT_decl_line
	.long	930                     @ DW_AT_type
	.byte	0                       @ End Of Children Mark
	.byte	4                       @ Abbrev [4] 0x2bc:0x61 DW_TAG_subprogram
	.long	.Lfunc_begin8           @ DW_AT_low_pc
	.long	.Lfunc_end8             @ DW_AT_high_pc
	.byte	1                       @ DW_AT_frame_base
	.byte	93
	.long	.Linfo_string14         @ DW_AT_name
	.byte	1                       @ DW_AT_decl_file
	.byte	162                     @ DW_AT_decl_line
	.byte	1                       @ DW_AT_prototyped
	.long	930                     @ DW_AT_type
	.byte	1                       @ DW_AT_external
	.byte	5                       @ Abbrev [5] 0x2d3:0xf DW_TAG_formal_parameter
	.long	.Ldebug_loc26           @ DW_AT_location
	.long	.Linfo_string42         @ DW_AT_name
	.byte	1                       @ DW_AT_decl_file
	.byte	162                     @ DW_AT_decl_line
	.long	948                     @ DW_AT_type
	.byte	10                      @ Abbrev [10] 0x2e2:0xd DW_TAG_formal_parameter
	.byte	1                       @ DW_AT_location
	.byte	81
	.long	.Linfo_string43         @ DW_AT_name
	.byte	1                       @ DW_AT_decl_file
	.byte	162                     @ DW_AT_decl_line
	.long	990                     @ DW_AT_type
	.byte	7                       @ Abbrev [7] 0x2ef:0xf DW_TAG_variable
	.long	.Ldebug_loc27           @ DW_AT_location
	.long	.Linfo_string28         @ DW_AT_name
	.byte	1                       @ DW_AT_decl_file
	.byte	164                     @ DW_AT_decl_line
	.long	930                     @ DW_AT_type
	.byte	7                       @ Abbrev [7] 0x2fe:0xf DW_TAG_variable
	.long	.Ldebug_loc28           @ DW_AT_location
	.long	.Linfo_string44         @ DW_AT_name
	.byte	1                       @ DW_AT_decl_file
	.byte	164                     @ DW_AT_decl_line
	.long	930                     @ DW_AT_type
	.byte	7                       @ Abbrev [7] 0x30d:0xf DW_TAG_variable
	.long	.Ldebug_loc29           @ DW_AT_location
	.long	.Linfo_string45         @ DW_AT_name
	.byte	1                       @ DW_AT_decl_file
	.byte	165                     @ DW_AT_decl_line
	.long	930                     @ DW_AT_type
	.byte	0                       @ End Of Children Mark
	.byte	8                       @ Abbrev [8] 0x31d:0x30 DW_TAG_subprogram
	.long	.Lfunc_begin9           @ DW_AT_low_pc
	.long	.Lfunc_end9             @ DW_AT_high_pc
	.byte	1                       @ DW_AT_frame_base
	.byte	93
	.long	.Linfo_string17         @ DW_AT_name
	.byte	1                       @ DW_AT_decl_file
	.byte	232                     @ DW_AT_decl_line
	.byte	1                       @ DW_AT_prototyped
	.byte	1                       @ DW_AT_external
	.byte	5                       @ Abbrev [5] 0x330:0xf DW_TAG_formal_parameter
	.long	.Ldebug_loc30           @ DW_AT_location
	.long	.Linfo_string46         @ DW_AT_name
	.byte	1                       @ DW_AT_decl_file
	.byte	232                     @ DW_AT_decl_line
	.long	923                     @ DW_AT_type
	.byte	10                      @ Abbrev [10] 0x33f:0xd DW_TAG_formal_parameter
	.byte	1                       @ DW_AT_location
	.byte	81
	.long	.Linfo_string47         @ DW_AT_name
	.byte	1                       @ DW_AT_decl_file
	.byte	232                     @ DW_AT_decl_line
	.long	995                     @ DW_AT_type
	.byte	0                       @ End Of Children Mark
	.byte	4                       @ Abbrev [4] 0x34d:0x43 DW_TAG_subprogram
	.long	.Lfunc_begin10          @ DW_AT_low_pc
	.long	.Lfunc_end10            @ DW_AT_high_pc
	.byte	1                       @ DW_AT_frame_base
	.byte	93
	.long	.Linfo_string18         @ DW_AT_name
	.byte	1                       @ DW_AT_decl_file
	.byte	240                     @ DW_AT_decl_line
	.byte	1                       @ DW_AT_prototyped
	.long	930                     @ DW_AT_type
	.byte	1                       @ DW_AT_external
	.byte	10                      @ Abbrev [10] 0x364:0xd DW_TAG_formal_parameter
	.byte	1                       @ DW_AT_location
	.byte	80
	.long	.Linfo_string49         @ DW_AT_name
	.byte	1                       @ DW_AT_decl_file
	.byte	240                     @ DW_AT_decl_line
	.long	912                     @ DW_AT_type
	.byte	5                       @ Abbrev [5] 0x371:0xf DW_TAG_formal_parameter
	.long	.Ldebug_loc31           @ DW_AT_location
	.long	.Linfo_string50         @ DW_AT_name
	.byte	1                       @ DW_AT_decl_file
	.byte	240                     @ DW_AT_decl_line
	.long	912                     @ DW_AT_type
	.byte	7                       @ Abbrev [7] 0x380:0xf DW_TAG_variable
	.long	.Ldebug_loc32           @ DW_AT_location
	.long	.Linfo_string32         @ DW_AT_name
	.byte	1                       @ DW_AT_decl_file
	.byte	242                     @ DW_AT_decl_line
	.long	930                     @ DW_AT_type
	.byte	0                       @ End Of Children Mark
	.byte	11                      @ Abbrev [11] 0x390:0xb DW_TAG_typedef
	.long	923                     @ DW_AT_type
	.long	.Linfo_string6          @ DW_AT_name
	.byte	2                       @ DW_AT_decl_file
	.byte	62                      @ DW_AT_decl_line
	.byte	3                       @ Abbrev [3] 0x39b:0x7 DW_TAG_base_type
	.long	.Linfo_string5          @ DW_AT_name
	.byte	8                       @ DW_AT_encoding
	.byte	1                       @ DW_AT_byte_size
	.byte	11                      @ Abbrev [11] 0x3a2:0xb DW_TAG_typedef
	.long	941                     @ DW_AT_type
	.long	.Linfo_string16         @ DW_AT_name
	.byte	2                       @ DW_AT_decl_file
	.byte	64                      @ DW_AT_decl_line
	.byte	3                       @ Abbrev [3] 0x3ad:0x7 DW_TAG_base_type
	.long	.Linfo_string15         @ DW_AT_name
	.byte	7                       @ DW_AT_encoding
	.byte	4                       @ DW_AT_byte_size
	.byte	2                       @ Abbrev [2] 0x3b4:0x5 DW_TAG_pointer_type
	.long	912                     @ DW_AT_type
	.byte	12                      @ Abbrev [12] 0x3b9:0xc DW_TAG_array_type
	.long	912                     @ DW_AT_type
	.byte	13                      @ Abbrev [13] 0x3be:0x6 DW_TAG_subrange_type
	.long	965                     @ DW_AT_type
	.byte	16                      @ DW_AT_count
	.byte	0                       @ End Of Children Mark
	.byte	14                      @ Abbrev [14] 0x3c5:0x7 DW_TAG_base_type
	.long	.Linfo_string33         @ DW_AT_name
	.byte	8                       @ DW_AT_byte_size
	.byte	7                       @ DW_AT_encoding
	.byte	11                      @ Abbrev [11] 0x3cc:0xb DW_TAG_typedef
	.long	983                     @ DW_AT_type
	.long	.Linfo_string36         @ DW_AT_name
	.byte	2                       @ DW_AT_decl_file
	.byte	63                      @ DW_AT_decl_line
	.byte	3                       @ Abbrev [3] 0x3d7:0x7 DW_TAG_base_type
	.long	.Linfo_string35         @ DW_AT_name
	.byte	7                       @ DW_AT_encoding
	.byte	2                       @ DW_AT_byte_size
	.byte	2                       @ Abbrev [2] 0x3de:0x5 DW_TAG_pointer_type
	.long	930                     @ DW_AT_type
	.byte	2                       @ Abbrev [2] 0x3e3:0x5 DW_TAG_pointer_type
	.long	1000                    @ DW_AT_type
	.byte	3                       @ Abbrev [3] 0x3e8:0x7 DW_TAG_base_type
	.long	.Linfo_string48         @ DW_AT_name
	.byte	8                       @ DW_AT_encoding
	.byte	1                       @ DW_AT_byte_size
	.byte	0                       @ End Of Children Mark
	.section	.debug_ranges,"",%progbits
.Ldebug_ranges0:
	.long	.Lfunc_begin0
	.long	.Lfunc_end0
	.long	.Lfunc_begin1
	.long	.Lfunc_end1
	.long	.Lfunc_begin2
	.long	.Lfunc_end2
	.long	.Lfunc_begin3
	.long	.Lfunc_end3
	.long	.Lfunc_begin4
	.long	.Lfunc_end4
	.long	.Lfunc_begin5
	.long	.Lfunc_end5
	.long	.Lfunc_begin6
	.long	.Lfunc_end6
	.long	.Lfunc_begin7
	.long	.Lfunc_end7
	.long	.Lfunc_begin8
	.long	.Lfunc_end8
	.long	.Lfunc_begin9
	.long	.Lfunc_end9
	.long	.Lfunc_begin10
	.long	.Lfunc_end10
	.long	0
	.long	0
	.section	.debug_macinfo,"",%progbits
.Lcu_macro_begin0:
	.byte	0                       @ End Of Macro List Mark
	.section	.debug_pubnames,"",%progbits
	.long	.LpubNames_end0-.LpubNames_begin0 @ Length of Public Names Info
.LpubNames_begin0:
	.short	2                       @ DWARF Version
	.long	.Lcu_begin0             @ Offset of Compilation Unit Info
	.long	1008                    @ Compilation Unit Length
	.long	521                     @ DIE offset
	.asciz	"Str2Hex"               @ External Name
	.long	459                     @ DIE offset
	.asciz	"ClearBuffer"           @ External Name
	.long	611                     @ DIE offset
	.asciz	"Hex2Str"               @ External Name
	.long	335                     @ DIE offset
	.asciz	"Int2StrSized"          @ External Name
	.long	225                     @ DIE offset
	.asciz	"Int2Str"               @ External Name
	.long	51                      @ DIE offset
	.asciz	"Bcd2Dec"               @ External Name
	.long	90                      @ DIE offset
	.asciz	"Dec2Bcd"               @ External Name
	.long	700                     @ DIE offset
	.asciz	"Str2Int"               @ External Name
	.long	797                     @ DIE offset
	.asciz	"CharToBin"             @ External Name
	.long	141                     @ DIE offset
	.asciz	"CalcCRC"               @ External Name
	.long	845                     @ DIE offset
	.asciz	"BaseToPower"           @ External Name
	.long	0                       @ End Mark
.LpubNames_end0:
	.section	.debug_pubtypes,"",%progbits
	.long	.LpubTypes_end0-.LpubTypes_begin0 @ Length of Public Types Info
.LpubTypes_begin0:
	.short	2                       @ DWARF Version
	.long	.Lcu_begin0             @ Offset of Compilation Unit Info
	.long	1008                    @ Compilation Unit Length
	.long	44                      @ DIE offset
	.asciz	"long long unsigned int" @ External Name
	.long	930                     @ DIE offset
	.asciz	"uint32_t"              @ External Name
	.long	972                     @ DIE offset
	.asciz	"uint16_t"              @ External Name
	.long	912                     @ DIE offset
	.asciz	"uint8_t"               @ External Name
	.long	923                     @ DIE offset
	.asciz	"unsigned char"         @ External Name
	.long	983                     @ DIE offset
	.asciz	"unsigned short"        @ External Name
	.long	941                     @ DIE offset
	.asciz	"unsigned int"          @ External Name
	.long	1000                    @ DIE offset
	.asciz	"char"                  @ External Name
	.long	0                       @ End Mark
.LpubTypes_end0:

	.ident	"Component: ARM Compiler 6.10.1 Tool: armclang [5d143200]"
	.section	".note.GNU-stack","",%progbits
	.eabi_attribute	30, 1	@ Tag_ABI_optimization_goals
	.ARM_attribute	16, 1	@ Tag_AV_eba
	.section	.debug_line,"",%progbits
.Lline_table_start0:
