	.text
	.syntax unified
	.eabi_attribute	67, "2.09"	@ Tag_conformance
	.cpu	cortex-m3
	.eabi_attribute	6, 10	@ Tag_CPU_arch
	.eabi_attribute	7, 77	@ Tag_CPU_arch_profile
	.eabi_attribute	8, 0	@ Tag_ARM_ISA_use
	.eabi_attribute	9, 2	@ Tag_THUMB_ISA_use
	.eabi_attribute	34, 1	@ Tag_CPU_unaligned_access
	.eabi_attribute	17, 1	@ Tag_ABI_PCS_GOT_use
	.eabi_attribute	20, 2	@ Tag_ABI_FP_denormal
	.eabi_attribute	21, 0	@ Tag_ABI_FP_exceptions
	.eabi_attribute	23, 1	@ Tag_ABI_FP_number_model
	.eabi_attribute	24, 1	@ Tag_ABI_align_needed
	.eabi_attribute	25, 1	@ Tag_ABI_align_preserved
	.eabi_attribute	38, 1	@ Tag_ABI_FP_16bit_format
	.eabi_attribute	18, 4	@ Tag_ABI_PCS_wchar_t
	.eabi_attribute	26, 2	@ Tag_ABI_enum_size
	.eabi_attribute	14, 0	@ Tag_ABI_PCS_R9_use
	.file	"stm32f1xx_hal.c"
	.file	1 "C:\\Keil\\ARM\\ARMCLANG\\Bin\\..\\include" "stdint.h"
	.file	2 "../Drivers/STM32F1xx_HAL_Driver/Src" "stm32f1xx_hal.c"
	.file	3 "../Drivers/STM32F1xx_HAL_Driver/Inc" "stm32f1xx_hal_def.h"
	.file	4 "../Drivers/CMSIS/Device/ST/STM32F1xx/Include" "stm32f103xb.h"
	.file	5 "C:/Keil/ARM/PACK/ARM/CMSIS/5.0.0/CMSIS/Include" "core_cm3.h"
	.section	.text.HAL_Init,"ax",%progbits
	.hidden	HAL_Init                @ -- Begin function HAL_Init
	.globl	HAL_Init
	.p2align	2
	.type	HAL_Init,%function
	.code	16                      @ @HAL_Init
	.thumb_func
HAL_Init:
.Lfunc_begin0:
	.loc	2 159 0                 @ ../Drivers/STM32F1xx_HAL_Driver/Src/stm32f1xx_hal.c:159:0
	.fnstart
	.cfi_sections .debug_frame
	.cfi_startproc
@ %bb.0:
	.save	{r7, lr}
	push	{r7, lr}
	.cfi_def_cfa_offset 8
	.cfi_offset lr, -4
	.cfi_offset r7, -8
.Ltmp0:
	.loc	2 168 3 prologue_end    @ ../Drivers/STM32F1xx_HAL_Driver/Src/stm32f1xx_hal.c:168:3
	movw	r0, #8192
	movt	r0, #16386
	ldr	r1, [r0]
	orr	r1, r1, #16
	str	r1, [r0]
	.loc	2 173 3                 @ ../Drivers/STM32F1xx_HAL_Driver/Src/stm32f1xx_hal.c:173:3
	movs	r0, #3
	bl	HAL_NVIC_SetPriorityGrouping
	.loc	2 176 3                 @ ../Drivers/STM32F1xx_HAL_Driver/Src/stm32f1xx_hal.c:176:3
	movs	r0, #0
	bl	HAL_InitTick
	.loc	2 179 3                 @ ../Drivers/STM32F1xx_HAL_Driver/Src/stm32f1xx_hal.c:179:3
	bl	HAL_MspInit
	.loc	2 182 3                 @ ../Drivers/STM32F1xx_HAL_Driver/Src/stm32f1xx_hal.c:182:3
	movs	r0, #0
	pop	{r7, pc}
.Ltmp1:
.Lfunc_end0:
	.size	HAL_Init, .Lfunc_end0-HAL_Init
	.cfi_endproc
	.cantunwind
	.fnend
                                        @ -- End function
	.section	.text.HAL_InitTick,"ax",%progbits
	.hidden	HAL_InitTick            @ -- Begin function HAL_InitTick
	.weak	HAL_InitTick
	.p2align	2
	.type	HAL_InitTick,%function
	.code	16                      @ @HAL_InitTick
	.thumb_func
HAL_InitTick:
.Lfunc_begin1:
	.loc	2 251 0                 @ ../Drivers/STM32F1xx_HAL_Driver/Src/stm32f1xx_hal.c:251:0
	.fnstart
	.cfi_startproc
@ %bb.0:
	.save	{r4, lr}
	push	{r4, lr}
	.cfi_def_cfa_offset 8
	.cfi_offset lr, -4
	.cfi_offset r4, -8
	@DEBUG_VALUE: HAL_InitTick:TickPriority <- $r0
	mov	r4, r0
.Ltmp2:
	@DEBUG_VALUE: HAL_InitTick:TickPriority <- $r4
	.loc	2 253 22 prologue_end   @ ../Drivers/STM32F1xx_HAL_Driver/Src/stm32f1xx_hal.c:253:22
	movw	r0, :lower16:SystemCoreClock
	movt	r0, :upper16:SystemCoreClock
	ldr	r0, [r0]
	.loc	2 253 37 is_stmt 0      @ ../Drivers/STM32F1xx_HAL_Driver/Src/stm32f1xx_hal.c:253:37
	movw	r1, #19923
	movt	r1, #4194
	umull	r0, r1, r0, r1
	lsrs	r0, r1, #6
	.loc	2 253 3                 @ ../Drivers/STM32F1xx_HAL_Driver/Src/stm32f1xx_hal.c:253:3
	bl	HAL_SYSTICK_Config
	.loc	2 256 3 is_stmt 1       @ ../Drivers/STM32F1xx_HAL_Driver/Src/stm32f1xx_hal.c:256:3
	mov.w	r0, #-1
	mov	r1, r4
.Ltmp3:
	@DEBUG_VALUE: HAL_InitTick:TickPriority <- $r1
	movs	r2, #0
	bl	HAL_NVIC_SetPriority
.Ltmp4:
	.loc	2 259 3                 @ ../Drivers/STM32F1xx_HAL_Driver/Src/stm32f1xx_hal.c:259:3
	movs	r0, #0
	pop	{r4, pc}
.Ltmp5:
.Lfunc_end1:
	.size	HAL_InitTick, .Lfunc_end1-HAL_InitTick
	.cfi_endproc
	.cantunwind
	.fnend
                                        @ -- End function
	.section	.text.HAL_MspInit,"ax",%progbits
	.hidden	HAL_MspInit             @ -- Begin function HAL_MspInit
	.weak	HAL_MspInit
	.p2align	2
	.type	HAL_MspInit,%function
	.code	16                      @ @HAL_MspInit
	.thumb_func
HAL_MspInit:
.Lfunc_begin2:
	.loc	2 217 0                 @ ../Drivers/STM32F1xx_HAL_Driver/Src/stm32f1xx_hal.c:217:0
	.fnstart
	.cfi_startproc
@ %bb.0:
	.loc	2 221 1 prologue_end    @ ../Drivers/STM32F1xx_HAL_Driver/Src/stm32f1xx_hal.c:221:1
	bx	lr
.Ltmp6:
.Lfunc_end2:
	.size	HAL_MspInit, .Lfunc_end2-HAL_MspInit
	.cfi_endproc
	.cantunwind
	.fnend
                                        @ -- End function
	.section	.text.HAL_DeInit,"ax",%progbits
	.hidden	HAL_DeInit              @ -- Begin function HAL_DeInit
	.globl	HAL_DeInit
	.p2align	2
	.type	HAL_DeInit,%function
	.code	16                      @ @HAL_DeInit
	.thumb_func
HAL_DeInit:
.Lfunc_begin3:
	.loc	2 192 0                 @ ../Drivers/STM32F1xx_HAL_Driver/Src/stm32f1xx_hal.c:192:0
	.fnstart
	.cfi_startproc
@ %bb.0:
	.save	{r7, lr}
	push	{r7, lr}
	.cfi_def_cfa_offset 8
	.cfi_offset lr, -4
	.cfi_offset r7, -8
	movw	r0, #4108
	movt	r0, #16386
.Ltmp7:
	.loc	2 194 3 prologue_end    @ ../Drivers/STM32F1xx_HAL_Driver/Src/stm32f1xx_hal.c:194:3
	mov.w	r1, #-1
	str	r1, [r0]
	movs	r2, #0
	.loc	2 195 3                 @ ../Drivers/STM32F1xx_HAL_Driver/Src/stm32f1xx_hal.c:195:3
	str	r2, [r0, #4]
	.loc	2 197 3                 @ ../Drivers/STM32F1xx_HAL_Driver/Src/stm32f1xx_hal.c:197:3
	str	r1, [r0]
	.loc	2 198 3                 @ ../Drivers/STM32F1xx_HAL_Driver/Src/stm32f1xx_hal.c:198:3
	str	r2, [r0]
	.loc	2 206 3                 @ ../Drivers/STM32F1xx_HAL_Driver/Src/stm32f1xx_hal.c:206:3
	bl	HAL_MspDeInit
	.loc	2 209 3                 @ ../Drivers/STM32F1xx_HAL_Driver/Src/stm32f1xx_hal.c:209:3
	movs	r0, #0
	pop	{r7, pc}
.Ltmp8:
.Lfunc_end3:
	.size	HAL_DeInit, .Lfunc_end3-HAL_DeInit
	.cfi_endproc
	.cantunwind
	.fnend
                                        @ -- End function
	.section	.text.HAL_MspDeInit,"ax",%progbits
	.hidden	HAL_MspDeInit           @ -- Begin function HAL_MspDeInit
	.weak	HAL_MspDeInit
	.p2align	2
	.type	HAL_MspDeInit,%function
	.code	16                      @ @HAL_MspDeInit
	.thumb_func
HAL_MspDeInit:
.Lfunc_begin4:
	.loc	2 228 0                 @ ../Drivers/STM32F1xx_HAL_Driver/Src/stm32f1xx_hal.c:228:0
	.fnstart
	.cfi_startproc
@ %bb.0:
	.loc	2 232 1 prologue_end    @ ../Drivers/STM32F1xx_HAL_Driver/Src/stm32f1xx_hal.c:232:1
	bx	lr
.Ltmp9:
.Lfunc_end4:
	.size	HAL_MspDeInit, .Lfunc_end4-HAL_MspDeInit
	.cfi_endproc
	.cantunwind
	.fnend
                                        @ -- End function
	.section	.text.HAL_IncTick,"ax",%progbits
	.hidden	HAL_IncTick             @ -- Begin function HAL_IncTick
	.weak	HAL_IncTick
	.p2align	2
	.type	HAL_IncTick,%function
	.code	16                      @ @HAL_IncTick
	.thumb_func
HAL_IncTick:
.Lfunc_begin5:
	.loc	2 299 0                 @ ../Drivers/STM32F1xx_HAL_Driver/Src/stm32f1xx_hal.c:299:0
	.fnstart
	.cfi_startproc
@ %bb.0:
	.loc	2 300 9 prologue_end    @ ../Drivers/STM32F1xx_HAL_Driver/Src/stm32f1xx_hal.c:300:9
	movw	r0, :lower16:uwTick
	movt	r0, :upper16:uwTick
	ldr	r1, [r0]
	adds	r1, #1
	str	r1, [r0]
	.loc	2 301 1                 @ ../Drivers/STM32F1xx_HAL_Driver/Src/stm32f1xx_hal.c:301:1
	bx	lr
.Ltmp10:
.Lfunc_end5:
	.size	HAL_IncTick, .Lfunc_end5-HAL_IncTick
	.cfi_endproc
	.cantunwind
	.fnend
                                        @ -- End function
	.section	.text.HAL_GetTick,"ax",%progbits
	.hidden	HAL_GetTick             @ -- Begin function HAL_GetTick
	.weak	HAL_GetTick
	.p2align	2
	.type	HAL_GetTick,%function
	.code	16                      @ @HAL_GetTick
	.thumb_func
HAL_GetTick:
.Lfunc_begin6:
	.loc	2 310 0                 @ ../Drivers/STM32F1xx_HAL_Driver/Src/stm32f1xx_hal.c:310:0
	.fnstart
	.cfi_startproc
@ %bb.0:
	.loc	2 311 10 prologue_end   @ ../Drivers/STM32F1xx_HAL_Driver/Src/stm32f1xx_hal.c:311:10
	movw	r0, :lower16:uwTick
	movt	r0, :upper16:uwTick
	ldr	r0, [r0]
	.loc	2 311 3 is_stmt 0       @ ../Drivers/STM32F1xx_HAL_Driver/Src/stm32f1xx_hal.c:311:3
	bx	lr
.Ltmp11:
.Lfunc_end6:
	.size	HAL_GetTick, .Lfunc_end6-HAL_GetTick
	.cfi_endproc
	.cantunwind
	.fnend
                                        @ -- End function
	.section	.text.HAL_Delay,"ax",%progbits
	.hidden	HAL_Delay               @ -- Begin function HAL_Delay
	.weak	HAL_Delay
	.p2align	2
	.type	HAL_Delay,%function
	.code	16                      @ @HAL_Delay
	.thumb_func
HAL_Delay:
.Lfunc_begin7:
	.loc	2 326 0 is_stmt 1       @ ../Drivers/STM32F1xx_HAL_Driver/Src/stm32f1xx_hal.c:326:0
	.fnstart
	.cfi_startproc
@ %bb.0:
	.save	{r4, r5, r7, lr}
	push	{r4, r5, r7, lr}
	.cfi_def_cfa_offset 16
	.cfi_offset lr, -4
	.cfi_offset r7, -8
	.cfi_offset r5, -12
	.cfi_offset r4, -16
	.pad	#8
	sub	sp, #8
	.cfi_def_cfa_offset 24
	@DEBUG_VALUE: HAL_Delay:Delay <- $r0
	@DEBUG_VALUE: HAL_Delay:Delay <- $r0
	str	r0, [sp, #4]
.Ltmp12:
	.loc	2 327 24 prologue_end   @ ../Drivers/STM32F1xx_HAL_Driver/Src/stm32f1xx_hal.c:327:24
	bl	HAL_GetTick
.Ltmp13:
	mov	r4, r0
.Ltmp14:
	@DEBUG_VALUE: HAL_Delay:tickstart <- $r4
	.loc	2 328 19                @ ../Drivers/STM32F1xx_HAL_Driver/Src/stm32f1xx_hal.c:328:19
	ldr	r0, [sp, #4]
.Ltmp15:
	@DEBUG_VALUE: HAL_Delay:wait <- $r0
	@DEBUG_VALUE: HAL_Delay:Delay <- $r0
	.loc	2 333 10                @ ../Drivers/STM32F1xx_HAL_Driver/Src/stm32f1xx_hal.c:333:10
	adds	r5, r0, #1
.Ltmp16:
	.loc	2 331 7                 @ ../Drivers/STM32F1xx_HAL_Driver/Src/stm32f1xx_hal.c:331:7
	it	eq
	moveq	r5, r0
.Ltmp17:
	@DEBUG_VALUE: HAL_Delay:wait <- $r5
	.p2align	2
.LBB7_1:                                @ =>This Inner Loop Header: Depth=1
	@DEBUG_VALUE: HAL_Delay:wait <- $r5
	@DEBUG_VALUE: HAL_Delay:tickstart <- $r4
	@DEBUG_VALUE: HAL_Delay:Delay <- $r0
	.loc	2 336 10                @ ../Drivers/STM32F1xx_HAL_Driver/Src/stm32f1xx_hal.c:336:10
	bl	HAL_GetTick
.Ltmp18:
	.loc	2 336 24 is_stmt 0      @ ../Drivers/STM32F1xx_HAL_Driver/Src/stm32f1xx_hal.c:336:24
	subs	r0, r0, r4
	.loc	2 336 3                 @ ../Drivers/STM32F1xx_HAL_Driver/Src/stm32f1xx_hal.c:336:3
	cmp	r0, r5
	blo	.LBB7_1
.Ltmp19:
@ %bb.2:
	@DEBUG_VALUE: HAL_Delay:wait <- $r5
	@DEBUG_VALUE: HAL_Delay:tickstart <- $r4
	.loc	2 339 1 is_stmt 1       @ ../Drivers/STM32F1xx_HAL_Driver/Src/stm32f1xx_hal.c:339:1
	add	sp, #8
	pop	{r4, r5, r7, pc}
.Ltmp20:
.Lfunc_end7:
	.size	HAL_Delay, .Lfunc_end7-HAL_Delay
	.cfi_endproc
	.cantunwind
	.fnend
                                        @ -- End function
	.section	.text.HAL_SuspendTick,"ax",%progbits
	.hidden	HAL_SuspendTick         @ -- Begin function HAL_SuspendTick
	.weak	HAL_SuspendTick
	.p2align	2
	.type	HAL_SuspendTick,%function
	.code	16                      @ @HAL_SuspendTick
	.thumb_func
HAL_SuspendTick:
.Lfunc_begin8:
	.loc	2 352 0                 @ ../Drivers/STM32F1xx_HAL_Driver/Src/stm32f1xx_hal.c:352:0
	.fnstart
	.cfi_startproc
@ %bb.0:
	.loc	2 354 3 prologue_end    @ ../Drivers/STM32F1xx_HAL_Driver/Src/stm32f1xx_hal.c:354:3
	movw	r0, #57360
	movt	r0, #57344
	ldr	r1, [r0]
	bic	r1, r1, #2
	str	r1, [r0]
	.loc	2 355 1                 @ ../Drivers/STM32F1xx_HAL_Driver/Src/stm32f1xx_hal.c:355:1
	bx	lr
.Ltmp21:
.Lfunc_end8:
	.size	HAL_SuspendTick, .Lfunc_end8-HAL_SuspendTick
	.cfi_endproc
	.cantunwind
	.fnend
                                        @ -- End function
	.section	.text.HAL_ResumeTick,"ax",%progbits
	.hidden	HAL_ResumeTick          @ -- Begin function HAL_ResumeTick
	.weak	HAL_ResumeTick
	.p2align	2
	.type	HAL_ResumeTick,%function
	.code	16                      @ @HAL_ResumeTick
	.thumb_func
HAL_ResumeTick:
.Lfunc_begin9:
	.loc	2 368 0                 @ ../Drivers/STM32F1xx_HAL_Driver/Src/stm32f1xx_hal.c:368:0
	.fnstart
	.cfi_startproc
@ %bb.0:
	.loc	2 370 3 prologue_end    @ ../Drivers/STM32F1xx_HAL_Driver/Src/stm32f1xx_hal.c:370:3
	movw	r0, #57360
	movt	r0, #57344
	ldr	r1, [r0]
	orr	r1, r1, #2
	str	r1, [r0]
	.loc	2 371 1                 @ ../Drivers/STM32F1xx_HAL_Driver/Src/stm32f1xx_hal.c:371:1
	bx	lr
.Ltmp22:
.Lfunc_end9:
	.size	HAL_ResumeTick, .Lfunc_end9-HAL_ResumeTick
	.cfi_endproc
	.cantunwind
	.fnend
                                        @ -- End function
	.section	.text.HAL_GetHalVersion,"ax",%progbits
	.hidden	HAL_GetHalVersion       @ -- Begin function HAL_GetHalVersion
	.globl	HAL_GetHalVersion
	.p2align	2
	.type	HAL_GetHalVersion,%function
	.code	16                      @ @HAL_GetHalVersion
	.thumb_func
HAL_GetHalVersion:
.Lfunc_begin10:
	.loc	2 378 0                 @ ../Drivers/STM32F1xx_HAL_Driver/Src/stm32f1xx_hal.c:378:0
	.fnstart
	.cfi_startproc
@ %bb.0:
	.loc	2 379 2 prologue_end    @ ../Drivers/STM32F1xx_HAL_Driver/Src/stm32f1xx_hal.c:379:2
	movw	r0, #256
	movt	r0, #257
	bx	lr
.Ltmp23:
.Lfunc_end10:
	.size	HAL_GetHalVersion, .Lfunc_end10-HAL_GetHalVersion
	.cfi_endproc
	.cantunwind
	.fnend
                                        @ -- End function
	.section	.text.HAL_GetREVID,"ax",%progbits
	.hidden	HAL_GetREVID            @ -- Begin function HAL_GetREVID
	.globl	HAL_GetREVID
	.p2align	2
	.type	HAL_GetREVID,%function
	.code	16                      @ @HAL_GetREVID
	.thumb_func
HAL_GetREVID:
.Lfunc_begin11:
	.loc	2 394 0                 @ ../Drivers/STM32F1xx_HAL_Driver/Src/stm32f1xx_hal.c:394:0
	.fnstart
	.cfi_startproc
@ %bb.0:
	.loc	2 395 19 prologue_end   @ ../Drivers/STM32F1xx_HAL_Driver/Src/stm32f1xx_hal.c:395:19
	movw	r0, #8192
	movt	r0, #57348
	ldr	r0, [r0]
	.loc	2 395 27 is_stmt 0      @ ../Drivers/STM32F1xx_HAL_Driver/Src/stm32f1xx_hal.c:395:27
	lsrs	r0, r0, #16
	.loc	2 395 3                 @ ../Drivers/STM32F1xx_HAL_Driver/Src/stm32f1xx_hal.c:395:3
	bx	lr
.Ltmp24:
.Lfunc_end11:
	.size	HAL_GetREVID, .Lfunc_end11-HAL_GetREVID
	.cfi_endproc
	.cantunwind
	.fnend
                                        @ -- End function
	.section	.text.HAL_GetDEVID,"ax",%progbits
	.hidden	HAL_GetDEVID            @ -- Begin function HAL_GetDEVID
	.globl	HAL_GetDEVID
	.p2align	2
	.type	HAL_GetDEVID,%function
	.code	16                      @ @HAL_GetDEVID
	.thumb_func
HAL_GetDEVID:
.Lfunc_begin12:
	.loc	2 410 0 is_stmt 1       @ ../Drivers/STM32F1xx_HAL_Driver/Src/stm32f1xx_hal.c:410:0
	.fnstart
	.cfi_startproc
@ %bb.0:
	.loc	2 411 20 prologue_end   @ ../Drivers/STM32F1xx_HAL_Driver/Src/stm32f1xx_hal.c:411:20
	movw	r0, #8192
	movt	r0, #57348
	ldr	r0, [r0]
	.loc	2 411 28 is_stmt 0      @ ../Drivers/STM32F1xx_HAL_Driver/Src/stm32f1xx_hal.c:411:28
	bfc	r0, #12, #20
	.loc	2 411 4                 @ ../Drivers/STM32F1xx_HAL_Driver/Src/stm32f1xx_hal.c:411:4
	bx	lr
.Ltmp25:
.Lfunc_end12:
	.size	HAL_GetDEVID, .Lfunc_end12-HAL_GetDEVID
	.cfi_endproc
	.cantunwind
	.fnend
                                        @ -- End function
	.section	.text.HAL_DBGMCU_EnableDBGSleepMode,"ax",%progbits
	.hidden	HAL_DBGMCU_EnableDBGSleepMode @ -- Begin function HAL_DBGMCU_EnableDBGSleepMode
	.globl	HAL_DBGMCU_EnableDBGSleepMode
	.p2align	2
	.type	HAL_DBGMCU_EnableDBGSleepMode,%function
	.code	16                      @ @HAL_DBGMCU_EnableDBGSleepMode
	.thumb_func
HAL_DBGMCU_EnableDBGSleepMode:
.Lfunc_begin13:
	.loc	2 419 0 is_stmt 1       @ ../Drivers/STM32F1xx_HAL_Driver/Src/stm32f1xx_hal.c:419:0
	.fnstart
	.cfi_startproc
@ %bb.0:
	.loc	2 420 3 prologue_end    @ ../Drivers/STM32F1xx_HAL_Driver/Src/stm32f1xx_hal.c:420:3
	movw	r0, #8196
	movt	r0, #57348
	ldr	r1, [r0]
	orr	r1, r1, #1
	str	r1, [r0]
	.loc	2 421 1                 @ ../Drivers/STM32F1xx_HAL_Driver/Src/stm32f1xx_hal.c:421:1
	bx	lr
.Ltmp26:
.Lfunc_end13:
	.size	HAL_DBGMCU_EnableDBGSleepMode, .Lfunc_end13-HAL_DBGMCU_EnableDBGSleepMode
	.cfi_endproc
	.cantunwind
	.fnend
                                        @ -- End function
	.section	.text.HAL_DBGMCU_DisableDBGSleepMode,"ax",%progbits
	.hidden	HAL_DBGMCU_DisableDBGSleepMode @ -- Begin function HAL_DBGMCU_DisableDBGSleepMode
	.globl	HAL_DBGMCU_DisableDBGSleepMode
	.p2align	2
	.type	HAL_DBGMCU_DisableDBGSleepMode,%function
	.code	16                      @ @HAL_DBGMCU_DisableDBGSleepMode
	.thumb_func
HAL_DBGMCU_DisableDBGSleepMode:
.Lfunc_begin14:
	.loc	2 435 0                 @ ../Drivers/STM32F1xx_HAL_Driver/Src/stm32f1xx_hal.c:435:0
	.fnstart
	.cfi_startproc
@ %bb.0:
	.loc	2 436 3 prologue_end    @ ../Drivers/STM32F1xx_HAL_Driver/Src/stm32f1xx_hal.c:436:3
	movw	r0, #8196
	movt	r0, #57348
	ldr	r1, [r0]
	bic	r1, r1, #1
	str	r1, [r0]
	.loc	2 437 1                 @ ../Drivers/STM32F1xx_HAL_Driver/Src/stm32f1xx_hal.c:437:1
	bx	lr
.Ltmp27:
.Lfunc_end14:
	.size	HAL_DBGMCU_DisableDBGSleepMode, .Lfunc_end14-HAL_DBGMCU_DisableDBGSleepMode
	.cfi_endproc
	.cantunwind
	.fnend
                                        @ -- End function
	.section	.text.HAL_DBGMCU_EnableDBGStopMode,"ax",%progbits
	.hidden	HAL_DBGMCU_EnableDBGStopMode @ -- Begin function HAL_DBGMCU_EnableDBGStopMode
	.globl	HAL_DBGMCU_EnableDBGStopMode
	.p2align	2
	.type	HAL_DBGMCU_EnableDBGStopMode,%function
	.code	16                      @ @HAL_DBGMCU_EnableDBGStopMode
	.thumb_func
HAL_DBGMCU_EnableDBGStopMode:
.Lfunc_begin15:
	.loc	2 465 0                 @ ../Drivers/STM32F1xx_HAL_Driver/Src/stm32f1xx_hal.c:465:0
	.fnstart
	.cfi_startproc
@ %bb.0:
	.loc	2 466 3 prologue_end    @ ../Drivers/STM32F1xx_HAL_Driver/Src/stm32f1xx_hal.c:466:3
	movw	r0, #8196
	movt	r0, #57348
	ldr	r1, [r0]
	orr	r1, r1, #2
	str	r1, [r0]
	.loc	2 467 1                 @ ../Drivers/STM32F1xx_HAL_Driver/Src/stm32f1xx_hal.c:467:1
	bx	lr
.Ltmp28:
.Lfunc_end15:
	.size	HAL_DBGMCU_EnableDBGStopMode, .Lfunc_end15-HAL_DBGMCU_EnableDBGStopMode
	.cfi_endproc
	.cantunwind
	.fnend
                                        @ -- End function
	.section	.text.HAL_DBGMCU_DisableDBGStopMode,"ax",%progbits
	.hidden	HAL_DBGMCU_DisableDBGStopMode @ -- Begin function HAL_DBGMCU_DisableDBGStopMode
	.globl	HAL_DBGMCU_DisableDBGStopMode
	.p2align	2
	.type	HAL_DBGMCU_DisableDBGStopMode,%function
	.code	16                      @ @HAL_DBGMCU_DisableDBGStopMode
	.thumb_func
HAL_DBGMCU_DisableDBGStopMode:
.Lfunc_begin16:
	.loc	2 481 0                 @ ../Drivers/STM32F1xx_HAL_Driver/Src/stm32f1xx_hal.c:481:0
	.fnstart
	.cfi_startproc
@ %bb.0:
	.loc	2 482 3 prologue_end    @ ../Drivers/STM32F1xx_HAL_Driver/Src/stm32f1xx_hal.c:482:3
	movw	r0, #8196
	movt	r0, #57348
	ldr	r1, [r0]
	bic	r1, r1, #2
	str	r1, [r0]
	.loc	2 483 1                 @ ../Drivers/STM32F1xx_HAL_Driver/Src/stm32f1xx_hal.c:483:1
	bx	lr
.Ltmp29:
.Lfunc_end16:
	.size	HAL_DBGMCU_DisableDBGStopMode, .Lfunc_end16-HAL_DBGMCU_DisableDBGStopMode
	.cfi_endproc
	.cantunwind
	.fnend
                                        @ -- End function
	.section	.text.HAL_DBGMCU_EnableDBGStandbyMode,"ax",%progbits
	.hidden	HAL_DBGMCU_EnableDBGStandbyMode @ -- Begin function HAL_DBGMCU_EnableDBGStandbyMode
	.globl	HAL_DBGMCU_EnableDBGStandbyMode
	.p2align	2
	.type	HAL_DBGMCU_EnableDBGStandbyMode,%function
	.code	16                      @ @HAL_DBGMCU_EnableDBGStandbyMode
	.thumb_func
HAL_DBGMCU_EnableDBGStandbyMode:
.Lfunc_begin17:
	.loc	2 497 0                 @ ../Drivers/STM32F1xx_HAL_Driver/Src/stm32f1xx_hal.c:497:0
	.fnstart
	.cfi_startproc
@ %bb.0:
	.loc	2 498 3 prologue_end    @ ../Drivers/STM32F1xx_HAL_Driver/Src/stm32f1xx_hal.c:498:3
	movw	r0, #8196
	movt	r0, #57348
	ldr	r1, [r0]
	orr	r1, r1, #4
	str	r1, [r0]
	.loc	2 499 1                 @ ../Drivers/STM32F1xx_HAL_Driver/Src/stm32f1xx_hal.c:499:1
	bx	lr
.Ltmp30:
.Lfunc_end17:
	.size	HAL_DBGMCU_EnableDBGStandbyMode, .Lfunc_end17-HAL_DBGMCU_EnableDBGStandbyMode
	.cfi_endproc
	.cantunwind
	.fnend
                                        @ -- End function
	.section	.text.HAL_DBGMCU_DisableDBGStandbyMode,"ax",%progbits
	.hidden	HAL_DBGMCU_DisableDBGStandbyMode @ -- Begin function HAL_DBGMCU_DisableDBGStandbyMode
	.globl	HAL_DBGMCU_DisableDBGStandbyMode
	.p2align	2
	.type	HAL_DBGMCU_DisableDBGStandbyMode,%function
	.code	16                      @ @HAL_DBGMCU_DisableDBGStandbyMode
	.thumb_func
HAL_DBGMCU_DisableDBGStandbyMode:
.Lfunc_begin18:
	.loc	2 513 0                 @ ../Drivers/STM32F1xx_HAL_Driver/Src/stm32f1xx_hal.c:513:0
	.fnstart
	.cfi_startproc
@ %bb.0:
	.loc	2 514 3 prologue_end    @ ../Drivers/STM32F1xx_HAL_Driver/Src/stm32f1xx_hal.c:514:3
	movw	r0, #8196
	movt	r0, #57348
	ldr	r1, [r0]
	bic	r1, r1, #4
	str	r1, [r0]
	.loc	2 515 1                 @ ../Drivers/STM32F1xx_HAL_Driver/Src/stm32f1xx_hal.c:515:1
	bx	lr
.Ltmp31:
.Lfunc_end18:
	.size	HAL_DBGMCU_DisableDBGStandbyMode, .Lfunc_end18-HAL_DBGMCU_DisableDBGStandbyMode
	.cfi_endproc
	.cantunwind
	.fnend
                                        @ -- End function
	.section	.text.HAL_GetUID,"ax",%progbits
	.hidden	HAL_GetUID              @ -- Begin function HAL_GetUID
	.globl	HAL_GetUID
	.p2align	2
	.type	HAL_GetUID,%function
	.code	16                      @ @HAL_GetUID
	.thumb_func
HAL_GetUID:
.Lfunc_begin19:
	.loc	2 523 0                 @ ../Drivers/STM32F1xx_HAL_Driver/Src/stm32f1xx_hal.c:523:0
	.fnstart
	.cfi_startproc
@ %bb.0:
	@DEBUG_VALUE: HAL_GetUID:UID <- $r0
	movw	r1, #63464
	movt	r1, #8191
	@DEBUG_VALUE: HAL_GetUID:UID <- $r0
.Ltmp32:
	.loc	2 524 23 prologue_end   @ ../Drivers/STM32F1xx_HAL_Driver/Src/stm32f1xx_hal.c:524:23
	ldr	r2, [r1]
	.loc	2 524 10 is_stmt 0      @ ../Drivers/STM32F1xx_HAL_Driver/Src/stm32f1xx_hal.c:524:10
	str	r2, [r0]
	.loc	2 525 23 is_stmt 1      @ ../Drivers/STM32F1xx_HAL_Driver/Src/stm32f1xx_hal.c:525:23
	ldr	r2, [r1, #4]
	.loc	2 525 10 is_stmt 0      @ ../Drivers/STM32F1xx_HAL_Driver/Src/stm32f1xx_hal.c:525:10
	str	r2, [r0, #4]
	.loc	2 526 23 is_stmt 1      @ ../Drivers/STM32F1xx_HAL_Driver/Src/stm32f1xx_hal.c:526:23
	ldr	r1, [r1, #8]
	.loc	2 526 10 is_stmt 0      @ ../Drivers/STM32F1xx_HAL_Driver/Src/stm32f1xx_hal.c:526:10
	str	r1, [r0, #8]
	.loc	2 527 1 is_stmt 1       @ ../Drivers/STM32F1xx_HAL_Driver/Src/stm32f1xx_hal.c:527:1
	bx	lr
.Ltmp33:
.Lfunc_end19:
	.size	HAL_GetUID, .Lfunc_end19-HAL_GetUID
	.cfi_endproc
	.cantunwind
	.fnend
                                        @ -- End function
	.hidden	uwTick                  @ @uwTick
	.type	uwTick,%object
	.section	.bss.uwTick,"aw",%nobits
	.globl	uwTick
	.p2align	2
uwTick:
	.long	0                       @ 0x0
	.size	uwTick, 4

	.section	.debug_str,"MS",%progbits,1
.Linfo_string0:
	.asciz	"Component: ARM Compiler 6.10.1 Tool: armclang [5d143200]" @ string offset=0
.Linfo_string1:
	.asciz	"../Drivers/STM32F1xx_HAL_Driver/Src\\stm32f1xx_hal.c" @ string offset=57
.Linfo_string2:
	.asciz	"F:\\SkyDrive\\OtvoreniProjekti\\HotelSaplast\\fw\\RoomController\\DE-170318\\MDK-ARM" @ string offset=109
.Linfo_string3:
	.asciz	"uwTick"                @ string offset=187
.Linfo_string4:
	.asciz	"unsigned int"          @ string offset=194
.Linfo_string5:
	.asciz	"uint32_t"              @ string offset=207
.Linfo_string6:
	.asciz	"HAL_OK"                @ string offset=216
.Linfo_string7:
	.asciz	"HAL_ERROR"             @ string offset=223
.Linfo_string8:
	.asciz	"HAL_BUSY"              @ string offset=233
.Linfo_string9:
	.asciz	"HAL_TIMEOUT"           @ string offset=242
.Linfo_string10:
	.asciz	"int"                   @ string offset=254
.Linfo_string11:
	.asciz	"NonMaskableInt_IRQn"   @ string offset=258
.Linfo_string12:
	.asciz	"HardFault_IRQn"        @ string offset=278
.Linfo_string13:
	.asciz	"MemoryManagement_IRQn" @ string offset=293
.Linfo_string14:
	.asciz	"BusFault_IRQn"         @ string offset=315
.Linfo_string15:
	.asciz	"UsageFault_IRQn"       @ string offset=329
.Linfo_string16:
	.asciz	"SVCall_IRQn"           @ string offset=345
.Linfo_string17:
	.asciz	"DebugMonitor_IRQn"     @ string offset=357
.Linfo_string18:
	.asciz	"PendSV_IRQn"           @ string offset=375
.Linfo_string19:
	.asciz	"SysTick_IRQn"          @ string offset=387
.Linfo_string20:
	.asciz	"WWDG_IRQn"             @ string offset=400
.Linfo_string21:
	.asciz	"PVD_IRQn"              @ string offset=410
.Linfo_string22:
	.asciz	"TAMPER_IRQn"           @ string offset=419
.Linfo_string23:
	.asciz	"RTC_IRQn"              @ string offset=431
.Linfo_string24:
	.asciz	"FLASH_IRQn"            @ string offset=440
.Linfo_string25:
	.asciz	"RCC_IRQn"              @ string offset=451
.Linfo_string26:
	.asciz	"EXTI0_IRQn"            @ string offset=460
.Linfo_string27:
	.asciz	"EXTI1_IRQn"            @ string offset=471
.Linfo_string28:
	.asciz	"EXTI2_IRQn"            @ string offset=482
.Linfo_string29:
	.asciz	"EXTI3_IRQn"            @ string offset=493
.Linfo_string30:
	.asciz	"EXTI4_IRQn"            @ string offset=504
.Linfo_string31:
	.asciz	"DMA1_Channel1_IRQn"    @ string offset=515
.Linfo_string32:
	.asciz	"DMA1_Channel2_IRQn"    @ string offset=534
.Linfo_string33:
	.asciz	"DMA1_Channel3_IRQn"    @ string offset=553
.Linfo_string34:
	.asciz	"DMA1_Channel4_IRQn"    @ string offset=572
.Linfo_string35:
	.asciz	"DMA1_Channel5_IRQn"    @ string offset=591
.Linfo_string36:
	.asciz	"DMA1_Channel6_IRQn"    @ string offset=610
.Linfo_string37:
	.asciz	"DMA1_Channel7_IRQn"    @ string offset=629
.Linfo_string38:
	.asciz	"ADC1_2_IRQn"           @ string offset=648
.Linfo_string39:
	.asciz	"USB_HP_CAN1_TX_IRQn"   @ string offset=660
.Linfo_string40:
	.asciz	"USB_LP_CAN1_RX0_IRQn"  @ string offset=680
.Linfo_string41:
	.asciz	"CAN1_RX1_IRQn"         @ string offset=701
.Linfo_string42:
	.asciz	"CAN1_SCE_IRQn"         @ string offset=715
.Linfo_string43:
	.asciz	"EXTI9_5_IRQn"          @ string offset=729
.Linfo_string44:
	.asciz	"TIM1_BRK_IRQn"         @ string offset=742
.Linfo_string45:
	.asciz	"TIM1_UP_IRQn"          @ string offset=756
.Linfo_string46:
	.asciz	"TIM1_TRG_COM_IRQn"     @ string offset=769
.Linfo_string47:
	.asciz	"TIM1_CC_IRQn"          @ string offset=787
.Linfo_string48:
	.asciz	"TIM2_IRQn"             @ string offset=800
.Linfo_string49:
	.asciz	"TIM3_IRQn"             @ string offset=810
.Linfo_string50:
	.asciz	"TIM4_IRQn"             @ string offset=820
.Linfo_string51:
	.asciz	"I2C1_EV_IRQn"          @ string offset=830
.Linfo_string52:
	.asciz	"I2C1_ER_IRQn"          @ string offset=843
.Linfo_string53:
	.asciz	"I2C2_EV_IRQn"          @ string offset=856
.Linfo_string54:
	.asciz	"I2C2_ER_IRQn"          @ string offset=869
.Linfo_string55:
	.asciz	"SPI1_IRQn"             @ string offset=882
.Linfo_string56:
	.asciz	"SPI2_IRQn"             @ string offset=892
.Linfo_string57:
	.asciz	"USART1_IRQn"           @ string offset=902
.Linfo_string58:
	.asciz	"USART2_IRQn"           @ string offset=914
.Linfo_string59:
	.asciz	"USART3_IRQn"           @ string offset=926
.Linfo_string60:
	.asciz	"EXTI15_10_IRQn"        @ string offset=938
.Linfo_string61:
	.asciz	"RTC_Alarm_IRQn"        @ string offset=953
.Linfo_string62:
	.asciz	"USBWakeUp_IRQn"        @ string offset=968
.Linfo_string63:
	.asciz	"ACR"                   @ string offset=983
.Linfo_string64:
	.asciz	"KEYR"                  @ string offset=987
.Linfo_string65:
	.asciz	"OPTKEYR"               @ string offset=992
.Linfo_string66:
	.asciz	"SR"                    @ string offset=1000
.Linfo_string67:
	.asciz	"CR"                    @ string offset=1003
.Linfo_string68:
	.asciz	"AR"                    @ string offset=1006
.Linfo_string69:
	.asciz	"RESERVED"              @ string offset=1009
.Linfo_string70:
	.asciz	"OBR"                   @ string offset=1018
.Linfo_string71:
	.asciz	"WRPR"                  @ string offset=1022
.Linfo_string72:
	.asciz	"FLASH_TypeDef"         @ string offset=1027
.Linfo_string73:
	.asciz	"CFGR"                  @ string offset=1041
.Linfo_string74:
	.asciz	"CIR"                   @ string offset=1046
.Linfo_string75:
	.asciz	"APB2RSTR"              @ string offset=1050
.Linfo_string76:
	.asciz	"APB1RSTR"              @ string offset=1059
.Linfo_string77:
	.asciz	"AHBENR"                @ string offset=1068
.Linfo_string78:
	.asciz	"APB2ENR"               @ string offset=1075
.Linfo_string79:
	.asciz	"APB1ENR"               @ string offset=1083
.Linfo_string80:
	.asciz	"BDCR"                  @ string offset=1091
.Linfo_string81:
	.asciz	"CSR"                   @ string offset=1096
.Linfo_string82:
	.asciz	"RCC_TypeDef"           @ string offset=1100
.Linfo_string83:
	.asciz	"CTRL"                  @ string offset=1112
.Linfo_string84:
	.asciz	"LOAD"                  @ string offset=1117
.Linfo_string85:
	.asciz	"VAL"                   @ string offset=1122
.Linfo_string86:
	.asciz	"CALIB"                 @ string offset=1126
.Linfo_string87:
	.asciz	"SysTick_Type"          @ string offset=1132
.Linfo_string88:
	.asciz	"IDCODE"                @ string offset=1145
.Linfo_string89:
	.asciz	"DBGMCU_TypeDef"        @ string offset=1152
.Linfo_string90:
	.asciz	"HAL_Init"              @ string offset=1167
.Linfo_string91:
	.asciz	"HAL_StatusTypeDef"     @ string offset=1176
.Linfo_string92:
	.asciz	"HAL_InitTick"          @ string offset=1194
.Linfo_string93:
	.asciz	"HAL_MspInit"           @ string offset=1207
.Linfo_string94:
	.asciz	"HAL_DeInit"            @ string offset=1219
.Linfo_string95:
	.asciz	"HAL_MspDeInit"         @ string offset=1230
.Linfo_string96:
	.asciz	"HAL_IncTick"           @ string offset=1244
.Linfo_string97:
	.asciz	"HAL_GetTick"           @ string offset=1256
.Linfo_string98:
	.asciz	"HAL_Delay"             @ string offset=1268
.Linfo_string99:
	.asciz	"HAL_SuspendTick"       @ string offset=1278
.Linfo_string100:
	.asciz	"HAL_ResumeTick"        @ string offset=1294
.Linfo_string101:
	.asciz	"HAL_GetHalVersion"     @ string offset=1309
.Linfo_string102:
	.asciz	"HAL_GetREVID"          @ string offset=1327
.Linfo_string103:
	.asciz	"HAL_GetDEVID"          @ string offset=1340
.Linfo_string104:
	.asciz	"HAL_DBGMCU_EnableDBGSleepMode" @ string offset=1353
.Linfo_string105:
	.asciz	"HAL_DBGMCU_DisableDBGSleepMode" @ string offset=1383
.Linfo_string106:
	.asciz	"HAL_DBGMCU_EnableDBGStopMode" @ string offset=1414
.Linfo_string107:
	.asciz	"HAL_DBGMCU_DisableDBGStopMode" @ string offset=1443
.Linfo_string108:
	.asciz	"HAL_DBGMCU_EnableDBGStandbyMode" @ string offset=1473
.Linfo_string109:
	.asciz	"HAL_DBGMCU_DisableDBGStandbyMode" @ string offset=1505
.Linfo_string110:
	.asciz	"HAL_GetUID"            @ string offset=1538
.Linfo_string111:
	.asciz	"TickPriority"          @ string offset=1549
.Linfo_string112:
	.asciz	"Delay"                 @ string offset=1562
.Linfo_string113:
	.asciz	"tickstart"             @ string offset=1568
.Linfo_string114:
	.asciz	"wait"                  @ string offset=1578
.Linfo_string115:
	.asciz	"UID"                   @ string offset=1583
	.section	.debug_loc,"",%progbits
.Ldebug_loc0:
	.long	.Lfunc_begin1
	.long	.Ltmp2
	.short	1                       @ Loc expr size
	.byte	80                      @ DW_OP_reg0
	.long	.Ltmp2
	.long	.Ltmp3
	.short	1                       @ Loc expr size
	.byte	84                      @ DW_OP_reg4
	.long	.Ltmp3
	.long	.Ltmp4
	.short	1                       @ Loc expr size
	.byte	81                      @ DW_OP_reg1
	.long	0
	.long	0
.Ldebug_loc1:
	.long	.Lfunc_begin7
	.long	.Ltmp13
	.short	1                       @ Loc expr size
	.byte	80                      @ DW_OP_reg0
	.long	.Ltmp15
	.long	.Ltmp18
	.short	1                       @ Loc expr size
	.byte	80                      @ DW_OP_reg0
	.long	0
	.long	0
.Ldebug_loc2:
	.long	.Ltmp14
	.long	.Ltmp20
	.short	1                       @ Loc expr size
	.byte	84                      @ DW_OP_reg4
	.long	0
	.long	0
.Ldebug_loc3:
	.long	.Ltmp15
	.long	.Ltmp17
	.short	1                       @ Loc expr size
	.byte	80                      @ DW_OP_reg0
	.long	.Ltmp17
	.long	.Ltmp20
	.short	1                       @ Loc expr size
	.byte	85                      @ DW_OP_reg5
	.long	0
	.long	0
	.section	.debug_abbrev,"",%progbits
	.byte	1                       @ Abbreviation Code
	.byte	17                      @ DW_TAG_compile_unit
	.byte	1                       @ DW_CHILDREN_yes
	.byte	37                      @ DW_AT_producer
	.byte	14                      @ DW_FORM_strp
	.byte	19                      @ DW_AT_language
	.byte	5                       @ DW_FORM_data2
	.byte	3                       @ DW_AT_name
	.byte	14                      @ DW_FORM_strp
	.byte	16                      @ DW_AT_stmt_list
	.byte	6                       @ DW_FORM_data4
	.byte	27                      @ DW_AT_comp_dir
	.byte	14                      @ DW_FORM_strp
	.ascii	"\264B"                 @ DW_AT_GNU_pubnames
	.byte	12                      @ DW_FORM_flag
	.byte	17                      @ DW_AT_low_pc
	.byte	1                       @ DW_FORM_addr
	.byte	85                      @ DW_AT_ranges
	.byte	6                       @ DW_FORM_data4
	.byte	0                       @ EOM(1)
	.byte	0                       @ EOM(2)
	.byte	2                       @ Abbreviation Code
	.byte	52                      @ DW_TAG_variable
	.byte	0                       @ DW_CHILDREN_no
	.byte	3                       @ DW_AT_name
	.byte	14                      @ DW_FORM_strp
	.byte	73                      @ DW_AT_type
	.byte	19                      @ DW_FORM_ref4
	.byte	63                      @ DW_AT_external
	.byte	12                      @ DW_FORM_flag
	.byte	58                      @ DW_AT_decl_file
	.byte	11                      @ DW_FORM_data1
	.byte	59                      @ DW_AT_decl_line
	.byte	11                      @ DW_FORM_data1
	.byte	2                       @ DW_AT_location
	.byte	10                      @ DW_FORM_block1
	.byte	0                       @ EOM(1)
	.byte	0                       @ EOM(2)
	.byte	3                       @ Abbreviation Code
	.byte	53                      @ DW_TAG_volatile_type
	.byte	0                       @ DW_CHILDREN_no
	.byte	73                      @ DW_AT_type
	.byte	19                      @ DW_FORM_ref4
	.byte	0                       @ EOM(1)
	.byte	0                       @ EOM(2)
	.byte	4                       @ Abbreviation Code
	.byte	22                      @ DW_TAG_typedef
	.byte	0                       @ DW_CHILDREN_no
	.byte	73                      @ DW_AT_type
	.byte	19                      @ DW_FORM_ref4
	.byte	3                       @ DW_AT_name
	.byte	14                      @ DW_FORM_strp
	.byte	58                      @ DW_AT_decl_file
	.byte	11                      @ DW_FORM_data1
	.byte	59                      @ DW_AT_decl_line
	.byte	11                      @ DW_FORM_data1
	.byte	0                       @ EOM(1)
	.byte	0                       @ EOM(2)
	.byte	5                       @ Abbreviation Code
	.byte	36                      @ DW_TAG_base_type
	.byte	0                       @ DW_CHILDREN_no
	.byte	3                       @ DW_AT_name
	.byte	14                      @ DW_FORM_strp
	.byte	62                      @ DW_AT_encoding
	.byte	11                      @ DW_FORM_data1
	.byte	11                      @ DW_AT_byte_size
	.byte	11                      @ DW_FORM_data1
	.byte	0                       @ EOM(1)
	.byte	0                       @ EOM(2)
	.byte	6                       @ Abbreviation Code
	.byte	4                       @ DW_TAG_enumeration_type
	.byte	1                       @ DW_CHILDREN_yes
	.byte	73                      @ DW_AT_type
	.byte	19                      @ DW_FORM_ref4
	.byte	11                      @ DW_AT_byte_size
	.byte	11                      @ DW_FORM_data1
	.byte	58                      @ DW_AT_decl_file
	.byte	11                      @ DW_FORM_data1
	.byte	59                      @ DW_AT_decl_line
	.byte	11                      @ DW_FORM_data1
	.byte	0                       @ EOM(1)
	.byte	0                       @ EOM(2)
	.byte	7                       @ Abbreviation Code
	.byte	40                      @ DW_TAG_enumerator
	.byte	0                       @ DW_CHILDREN_no
	.byte	3                       @ DW_AT_name
	.byte	14                      @ DW_FORM_strp
	.byte	28                      @ DW_AT_const_value
	.byte	15                      @ DW_FORM_udata
	.byte	0                       @ EOM(1)
	.byte	0                       @ EOM(2)
	.byte	8                       @ Abbreviation Code
	.byte	40                      @ DW_TAG_enumerator
	.byte	0                       @ DW_CHILDREN_no
	.byte	3                       @ DW_AT_name
	.byte	14                      @ DW_FORM_strp
	.byte	28                      @ DW_AT_const_value
	.byte	13                      @ DW_FORM_sdata
	.byte	0                       @ EOM(1)
	.byte	0                       @ EOM(2)
	.byte	9                       @ Abbreviation Code
	.byte	15                      @ DW_TAG_pointer_type
	.byte	0                       @ DW_CHILDREN_no
	.byte	73                      @ DW_AT_type
	.byte	19                      @ DW_FORM_ref4
	.byte	0                       @ EOM(1)
	.byte	0                       @ EOM(2)
	.byte	10                      @ Abbreviation Code
	.byte	22                      @ DW_TAG_typedef
	.byte	0                       @ DW_CHILDREN_no
	.byte	73                      @ DW_AT_type
	.byte	19                      @ DW_FORM_ref4
	.byte	3                       @ DW_AT_name
	.byte	14                      @ DW_FORM_strp
	.byte	58                      @ DW_AT_decl_file
	.byte	11                      @ DW_FORM_data1
	.byte	59                      @ DW_AT_decl_line
	.byte	5                       @ DW_FORM_data2
	.byte	0                       @ EOM(1)
	.byte	0                       @ EOM(2)
	.byte	11                      @ Abbreviation Code
	.byte	19                      @ DW_TAG_structure_type
	.byte	1                       @ DW_CHILDREN_yes
	.byte	11                      @ DW_AT_byte_size
	.byte	11                      @ DW_FORM_data1
	.byte	58                      @ DW_AT_decl_file
	.byte	11                      @ DW_FORM_data1
	.byte	59                      @ DW_AT_decl_line
	.byte	5                       @ DW_FORM_data2
	.byte	0                       @ EOM(1)
	.byte	0                       @ EOM(2)
	.byte	12                      @ Abbreviation Code
	.byte	13                      @ DW_TAG_member
	.byte	0                       @ DW_CHILDREN_no
	.byte	3                       @ DW_AT_name
	.byte	14                      @ DW_FORM_strp
	.byte	73                      @ DW_AT_type
	.byte	19                      @ DW_FORM_ref4
	.byte	58                      @ DW_AT_decl_file
	.byte	11                      @ DW_FORM_data1
	.byte	59                      @ DW_AT_decl_line
	.byte	5                       @ DW_FORM_data2
	.byte	56                      @ DW_AT_data_member_location
	.byte	11                      @ DW_FORM_data1
	.byte	0                       @ EOM(1)
	.byte	0                       @ EOM(2)
	.byte	13                      @ Abbreviation Code
	.byte	38                      @ DW_TAG_const_type
	.byte	0                       @ DW_CHILDREN_no
	.byte	73                      @ DW_AT_type
	.byte	19                      @ DW_FORM_ref4
	.byte	0                       @ EOM(1)
	.byte	0                       @ EOM(2)
	.byte	14                      @ Abbreviation Code
	.byte	46                      @ DW_TAG_subprogram
	.byte	0                       @ DW_CHILDREN_no
	.byte	17                      @ DW_AT_low_pc
	.byte	1                       @ DW_FORM_addr
	.byte	18                      @ DW_AT_high_pc
	.byte	1                       @ DW_FORM_addr
	.byte	64                      @ DW_AT_frame_base
	.byte	10                      @ DW_FORM_block1
	.byte	3                       @ DW_AT_name
	.byte	14                      @ DW_FORM_strp
	.byte	58                      @ DW_AT_decl_file
	.byte	11                      @ DW_FORM_data1
	.byte	59                      @ DW_AT_decl_line
	.byte	11                      @ DW_FORM_data1
	.byte	39                      @ DW_AT_prototyped
	.byte	12                      @ DW_FORM_flag
	.byte	73                      @ DW_AT_type
	.byte	19                      @ DW_FORM_ref4
	.byte	63                      @ DW_AT_external
	.byte	12                      @ DW_FORM_flag
	.byte	0                       @ EOM(1)
	.byte	0                       @ EOM(2)
	.byte	15                      @ Abbreviation Code
	.byte	46                      @ DW_TAG_subprogram
	.byte	1                       @ DW_CHILDREN_yes
	.byte	17                      @ DW_AT_low_pc
	.byte	1                       @ DW_FORM_addr
	.byte	18                      @ DW_AT_high_pc
	.byte	1                       @ DW_FORM_addr
	.byte	64                      @ DW_AT_frame_base
	.byte	10                      @ DW_FORM_block1
	.byte	3                       @ DW_AT_name
	.byte	14                      @ DW_FORM_strp
	.byte	58                      @ DW_AT_decl_file
	.byte	11                      @ DW_FORM_data1
	.byte	59                      @ DW_AT_decl_line
	.byte	11                      @ DW_FORM_data1
	.byte	39                      @ DW_AT_prototyped
	.byte	12                      @ DW_FORM_flag
	.byte	73                      @ DW_AT_type
	.byte	19                      @ DW_FORM_ref4
	.byte	63                      @ DW_AT_external
	.byte	12                      @ DW_FORM_flag
	.byte	0                       @ EOM(1)
	.byte	0                       @ EOM(2)
	.byte	16                      @ Abbreviation Code
	.byte	5                       @ DW_TAG_formal_parameter
	.byte	0                       @ DW_CHILDREN_no
	.byte	2                       @ DW_AT_location
	.byte	6                       @ DW_FORM_data4
	.byte	3                       @ DW_AT_name
	.byte	14                      @ DW_FORM_strp
	.byte	58                      @ DW_AT_decl_file
	.byte	11                      @ DW_FORM_data1
	.byte	59                      @ DW_AT_decl_line
	.byte	11                      @ DW_FORM_data1
	.byte	73                      @ DW_AT_type
	.byte	19                      @ DW_FORM_ref4
	.byte	0                       @ EOM(1)
	.byte	0                       @ EOM(2)
	.byte	17                      @ Abbreviation Code
	.byte	46                      @ DW_TAG_subprogram
	.byte	0                       @ DW_CHILDREN_no
	.byte	17                      @ DW_AT_low_pc
	.byte	1                       @ DW_FORM_addr
	.byte	18                      @ DW_AT_high_pc
	.byte	1                       @ DW_FORM_addr
	.byte	64                      @ DW_AT_frame_base
	.byte	10                      @ DW_FORM_block1
	.byte	3                       @ DW_AT_name
	.byte	14                      @ DW_FORM_strp
	.byte	58                      @ DW_AT_decl_file
	.byte	11                      @ DW_FORM_data1
	.byte	59                      @ DW_AT_decl_line
	.byte	11                      @ DW_FORM_data1
	.byte	39                      @ DW_AT_prototyped
	.byte	12                      @ DW_FORM_flag
	.byte	63                      @ DW_AT_external
	.byte	12                      @ DW_FORM_flag
	.byte	0                       @ EOM(1)
	.byte	0                       @ EOM(2)
	.byte	18                      @ Abbreviation Code
	.byte	46                      @ DW_TAG_subprogram
	.byte	0                       @ DW_CHILDREN_no
	.byte	17                      @ DW_AT_low_pc
	.byte	1                       @ DW_FORM_addr
	.byte	18                      @ DW_AT_high_pc
	.byte	1                       @ DW_FORM_addr
	.byte	64                      @ DW_AT_frame_base
	.byte	10                      @ DW_FORM_block1
	.byte	3                       @ DW_AT_name
	.byte	14                      @ DW_FORM_strp
	.byte	58                      @ DW_AT_decl_file
	.byte	11                      @ DW_FORM_data1
	.byte	59                      @ DW_AT_decl_line
	.byte	5                       @ DW_FORM_data2
	.byte	39                      @ DW_AT_prototyped
	.byte	12                      @ DW_FORM_flag
	.byte	63                      @ DW_AT_external
	.byte	12                      @ DW_FORM_flag
	.byte	0                       @ EOM(1)
	.byte	0                       @ EOM(2)
	.byte	19                      @ Abbreviation Code
	.byte	46                      @ DW_TAG_subprogram
	.byte	0                       @ DW_CHILDREN_no
	.byte	17                      @ DW_AT_low_pc
	.byte	1                       @ DW_FORM_addr
	.byte	18                      @ DW_AT_high_pc
	.byte	1                       @ DW_FORM_addr
	.byte	64                      @ DW_AT_frame_base
	.byte	10                      @ DW_FORM_block1
	.byte	3                       @ DW_AT_name
	.byte	14                      @ DW_FORM_strp
	.byte	58                      @ DW_AT_decl_file
	.byte	11                      @ DW_FORM_data1
	.byte	59                      @ DW_AT_decl_line
	.byte	5                       @ DW_FORM_data2
	.byte	39                      @ DW_AT_prototyped
	.byte	12                      @ DW_FORM_flag
	.byte	73                      @ DW_AT_type
	.byte	19                      @ DW_FORM_ref4
	.byte	63                      @ DW_AT_external
	.byte	12                      @ DW_FORM_flag
	.byte	0                       @ EOM(1)
	.byte	0                       @ EOM(2)
	.byte	20                      @ Abbreviation Code
	.byte	46                      @ DW_TAG_subprogram
	.byte	1                       @ DW_CHILDREN_yes
	.byte	17                      @ DW_AT_low_pc
	.byte	1                       @ DW_FORM_addr
	.byte	18                      @ DW_AT_high_pc
	.byte	1                       @ DW_FORM_addr
	.byte	64                      @ DW_AT_frame_base
	.byte	10                      @ DW_FORM_block1
	.byte	3                       @ DW_AT_name
	.byte	14                      @ DW_FORM_strp
	.byte	58                      @ DW_AT_decl_file
	.byte	11                      @ DW_FORM_data1
	.byte	59                      @ DW_AT_decl_line
	.byte	5                       @ DW_FORM_data2
	.byte	39                      @ DW_AT_prototyped
	.byte	12                      @ DW_FORM_flag
	.byte	63                      @ DW_AT_external
	.byte	12                      @ DW_FORM_flag
	.byte	0                       @ EOM(1)
	.byte	0                       @ EOM(2)
	.byte	21                      @ Abbreviation Code
	.byte	5                       @ DW_TAG_formal_parameter
	.byte	0                       @ DW_CHILDREN_no
	.byte	2                       @ DW_AT_location
	.byte	6                       @ DW_FORM_data4
	.byte	3                       @ DW_AT_name
	.byte	14                      @ DW_FORM_strp
	.byte	58                      @ DW_AT_decl_file
	.byte	11                      @ DW_FORM_data1
	.byte	59                      @ DW_AT_decl_line
	.byte	5                       @ DW_FORM_data2
	.byte	73                      @ DW_AT_type
	.byte	19                      @ DW_FORM_ref4
	.byte	0                       @ EOM(1)
	.byte	0                       @ EOM(2)
	.byte	22                      @ Abbreviation Code
	.byte	52                      @ DW_TAG_variable
	.byte	0                       @ DW_CHILDREN_no
	.byte	2                       @ DW_AT_location
	.byte	6                       @ DW_FORM_data4
	.byte	3                       @ DW_AT_name
	.byte	14                      @ DW_FORM_strp
	.byte	58                      @ DW_AT_decl_file
	.byte	11                      @ DW_FORM_data1
	.byte	59                      @ DW_AT_decl_line
	.byte	5                       @ DW_FORM_data2
	.byte	73                      @ DW_AT_type
	.byte	19                      @ DW_FORM_ref4
	.byte	0                       @ EOM(1)
	.byte	0                       @ EOM(2)
	.byte	23                      @ Abbreviation Code
	.byte	5                       @ DW_TAG_formal_parameter
	.byte	0                       @ DW_CHILDREN_no
	.byte	2                       @ DW_AT_location
	.byte	10                      @ DW_FORM_block1
	.byte	3                       @ DW_AT_name
	.byte	14                      @ DW_FORM_strp
	.byte	58                      @ DW_AT_decl_file
	.byte	11                      @ DW_FORM_data1
	.byte	59                      @ DW_AT_decl_line
	.byte	5                       @ DW_FORM_data2
	.byte	73                      @ DW_AT_type
	.byte	19                      @ DW_FORM_ref4
	.byte	0                       @ EOM(1)
	.byte	0                       @ EOM(2)
	.byte	0                       @ EOM(3)
	.section	.debug_info,"",%progbits
.Lcu_begin0:
	.long	1379                    @ Length of Unit
	.short	3                       @ DWARF version number
	.long	.debug_abbrev           @ Offset Into Abbrev. Section
	.byte	4                       @ Address Size (in bytes)
	.byte	1                       @ Abbrev [1] 0xb:0x55c DW_TAG_compile_unit
	.long	.Linfo_string0          @ DW_AT_producer
	.short	12                      @ DW_AT_language
	.long	.Linfo_string1          @ DW_AT_name
	.long	.Lline_table_start0     @ DW_AT_stmt_list
	.long	.Linfo_string2          @ DW_AT_comp_dir
	.byte	1                       @ DW_AT_GNU_pubnames
	.long	0                       @ DW_AT_low_pc
	.long	.Ldebug_ranges0         @ DW_AT_ranges
	.byte	2                       @ Abbrev [2] 0x27:0x12 DW_TAG_variable
	.long	.Linfo_string3          @ DW_AT_name
	.long	57                      @ DW_AT_type
	.byte	1                       @ DW_AT_external
	.byte	2                       @ DW_AT_decl_file
	.byte	97                      @ DW_AT_decl_line
	.byte	5                       @ DW_AT_location
	.byte	3
	.long	uwTick
	.byte	3                       @ Abbrev [3] 0x39:0x5 DW_TAG_volatile_type
	.long	62                      @ DW_AT_type
	.byte	4                       @ Abbrev [4] 0x3e:0xb DW_TAG_typedef
	.long	73                      @ DW_AT_type
	.long	.Linfo_string5          @ DW_AT_name
	.byte	1                       @ DW_AT_decl_file
	.byte	64                      @ DW_AT_decl_line
	.byte	5                       @ Abbrev [5] 0x49:0x7 DW_TAG_base_type
	.long	.Linfo_string4          @ DW_AT_name
	.byte	7                       @ DW_AT_encoding
	.byte	4                       @ DW_AT_byte_size
	.byte	6                       @ Abbrev [6] 0x50:0x21 DW_TAG_enumeration_type
	.long	73                      @ DW_AT_type
	.byte	4                       @ DW_AT_byte_size
	.byte	3                       @ DW_AT_decl_file
	.byte	59                      @ DW_AT_decl_line
	.byte	7                       @ Abbrev [7] 0x58:0x6 DW_TAG_enumerator
	.long	.Linfo_string6          @ DW_AT_name
	.byte	0                       @ DW_AT_const_value
	.byte	7                       @ Abbrev [7] 0x5e:0x6 DW_TAG_enumerator
	.long	.Linfo_string7          @ DW_AT_name
	.byte	1                       @ DW_AT_const_value
	.byte	7                       @ Abbrev [7] 0x64:0x6 DW_TAG_enumerator
	.long	.Linfo_string8          @ DW_AT_name
	.byte	2                       @ DW_AT_const_value
	.byte	7                       @ Abbrev [7] 0x6a:0x6 DW_TAG_enumerator
	.long	.Linfo_string9          @ DW_AT_name
	.byte	3                       @ DW_AT_const_value
	.byte	0                       @ End Of Children Mark
	.byte	6                       @ Abbrev [6] 0x71:0x141 DW_TAG_enumeration_type
	.long	434                     @ DW_AT_type
	.byte	4                       @ DW_AT_byte_size
	.byte	4                       @ DW_AT_decl_file
	.byte	87                      @ DW_AT_decl_line
	.byte	8                       @ Abbrev [8] 0x79:0x6 DW_TAG_enumerator
	.long	.Linfo_string11         @ DW_AT_name
	.byte	114                     @ DW_AT_const_value
	.byte	8                       @ Abbrev [8] 0x7f:0x6 DW_TAG_enumerator
	.long	.Linfo_string12         @ DW_AT_name
	.byte	115                     @ DW_AT_const_value
	.byte	8                       @ Abbrev [8] 0x85:0x6 DW_TAG_enumerator
	.long	.Linfo_string13         @ DW_AT_name
	.byte	116                     @ DW_AT_const_value
	.byte	8                       @ Abbrev [8] 0x8b:0x6 DW_TAG_enumerator
	.long	.Linfo_string14         @ DW_AT_name
	.byte	117                     @ DW_AT_const_value
	.byte	8                       @ Abbrev [8] 0x91:0x6 DW_TAG_enumerator
	.long	.Linfo_string15         @ DW_AT_name
	.byte	118                     @ DW_AT_const_value
	.byte	8                       @ Abbrev [8] 0x97:0x6 DW_TAG_enumerator
	.long	.Linfo_string16         @ DW_AT_name
	.byte	123                     @ DW_AT_const_value
	.byte	8                       @ Abbrev [8] 0x9d:0x6 DW_TAG_enumerator
	.long	.Linfo_string17         @ DW_AT_name
	.byte	124                     @ DW_AT_const_value
	.byte	8                       @ Abbrev [8] 0xa3:0x6 DW_TAG_enumerator
	.long	.Linfo_string18         @ DW_AT_name
	.byte	126                     @ DW_AT_const_value
	.byte	8                       @ Abbrev [8] 0xa9:0x6 DW_TAG_enumerator
	.long	.Linfo_string19         @ DW_AT_name
	.byte	127                     @ DW_AT_const_value
	.byte	8                       @ Abbrev [8] 0xaf:0x6 DW_TAG_enumerator
	.long	.Linfo_string20         @ DW_AT_name
	.byte	0                       @ DW_AT_const_value
	.byte	8                       @ Abbrev [8] 0xb5:0x6 DW_TAG_enumerator
	.long	.Linfo_string21         @ DW_AT_name
	.byte	1                       @ DW_AT_const_value
	.byte	8                       @ Abbrev [8] 0xbb:0x6 DW_TAG_enumerator
	.long	.Linfo_string22         @ DW_AT_name
	.byte	2                       @ DW_AT_const_value
	.byte	8                       @ Abbrev [8] 0xc1:0x6 DW_TAG_enumerator
	.long	.Linfo_string23         @ DW_AT_name
	.byte	3                       @ DW_AT_const_value
	.byte	8                       @ Abbrev [8] 0xc7:0x6 DW_TAG_enumerator
	.long	.Linfo_string24         @ DW_AT_name
	.byte	4                       @ DW_AT_const_value
	.byte	8                       @ Abbrev [8] 0xcd:0x6 DW_TAG_enumerator
	.long	.Linfo_string25         @ DW_AT_name
	.byte	5                       @ DW_AT_const_value
	.byte	8                       @ Abbrev [8] 0xd3:0x6 DW_TAG_enumerator
	.long	.Linfo_string26         @ DW_AT_name
	.byte	6                       @ DW_AT_const_value
	.byte	8                       @ Abbrev [8] 0xd9:0x6 DW_TAG_enumerator
	.long	.Linfo_string27         @ DW_AT_name
	.byte	7                       @ DW_AT_const_value
	.byte	8                       @ Abbrev [8] 0xdf:0x6 DW_TAG_enumerator
	.long	.Linfo_string28         @ DW_AT_name
	.byte	8                       @ DW_AT_const_value
	.byte	8                       @ Abbrev [8] 0xe5:0x6 DW_TAG_enumerator
	.long	.Linfo_string29         @ DW_AT_name
	.byte	9                       @ DW_AT_const_value
	.byte	8                       @ Abbrev [8] 0xeb:0x6 DW_TAG_enumerator
	.long	.Linfo_string30         @ DW_AT_name
	.byte	10                      @ DW_AT_const_value
	.byte	8                       @ Abbrev [8] 0xf1:0x6 DW_TAG_enumerator
	.long	.Linfo_string31         @ DW_AT_name
	.byte	11                      @ DW_AT_const_value
	.byte	8                       @ Abbrev [8] 0xf7:0x6 DW_TAG_enumerator
	.long	.Linfo_string32         @ DW_AT_name
	.byte	12                      @ DW_AT_const_value
	.byte	8                       @ Abbrev [8] 0xfd:0x6 DW_TAG_enumerator
	.long	.Linfo_string33         @ DW_AT_name
	.byte	13                      @ DW_AT_const_value
	.byte	8                       @ Abbrev [8] 0x103:0x6 DW_TAG_enumerator
	.long	.Linfo_string34         @ DW_AT_name
	.byte	14                      @ DW_AT_const_value
	.byte	8                       @ Abbrev [8] 0x109:0x6 DW_TAG_enumerator
	.long	.Linfo_string35         @ DW_AT_name
	.byte	15                      @ DW_AT_const_value
	.byte	8                       @ Abbrev [8] 0x10f:0x6 DW_TAG_enumerator
	.long	.Linfo_string36         @ DW_AT_name
	.byte	16                      @ DW_AT_const_value
	.byte	8                       @ Abbrev [8] 0x115:0x6 DW_TAG_enumerator
	.long	.Linfo_string37         @ DW_AT_name
	.byte	17                      @ DW_AT_const_value
	.byte	8                       @ Abbrev [8] 0x11b:0x6 DW_TAG_enumerator
	.long	.Linfo_string38         @ DW_AT_name
	.byte	18                      @ DW_AT_const_value
	.byte	8                       @ Abbrev [8] 0x121:0x6 DW_TAG_enumerator
	.long	.Linfo_string39         @ DW_AT_name
	.byte	19                      @ DW_AT_const_value
	.byte	8                       @ Abbrev [8] 0x127:0x6 DW_TAG_enumerator
	.long	.Linfo_string40         @ DW_AT_name
	.byte	20                      @ DW_AT_const_value
	.byte	8                       @ Abbrev [8] 0x12d:0x6 DW_TAG_enumerator
	.long	.Linfo_string41         @ DW_AT_name
	.byte	21                      @ DW_AT_const_value
	.byte	8                       @ Abbrev [8] 0x133:0x6 DW_TAG_enumerator
	.long	.Linfo_string42         @ DW_AT_name
	.byte	22                      @ DW_AT_const_value
	.byte	8                       @ Abbrev [8] 0x139:0x6 DW_TAG_enumerator
	.long	.Linfo_string43         @ DW_AT_name
	.byte	23                      @ DW_AT_const_value
	.byte	8                       @ Abbrev [8] 0x13f:0x6 DW_TAG_enumerator
	.long	.Linfo_string44         @ DW_AT_name
	.byte	24                      @ DW_AT_const_value
	.byte	8                       @ Abbrev [8] 0x145:0x6 DW_TAG_enumerator
	.long	.Linfo_string45         @ DW_AT_name
	.byte	25                      @ DW_AT_const_value
	.byte	8                       @ Abbrev [8] 0x14b:0x6 DW_TAG_enumerator
	.long	.Linfo_string46         @ DW_AT_name
	.byte	26                      @ DW_AT_const_value
	.byte	8                       @ Abbrev [8] 0x151:0x6 DW_TAG_enumerator
	.long	.Linfo_string47         @ DW_AT_name
	.byte	27                      @ DW_AT_const_value
	.byte	8                       @ Abbrev [8] 0x157:0x6 DW_TAG_enumerator
	.long	.Linfo_string48         @ DW_AT_name
	.byte	28                      @ DW_AT_const_value
	.byte	8                       @ Abbrev [8] 0x15d:0x6 DW_TAG_enumerator
	.long	.Linfo_string49         @ DW_AT_name
	.byte	29                      @ DW_AT_const_value
	.byte	8                       @ Abbrev [8] 0x163:0x6 DW_TAG_enumerator
	.long	.Linfo_string50         @ DW_AT_name
	.byte	30                      @ DW_AT_const_value
	.byte	8                       @ Abbrev [8] 0x169:0x6 DW_TAG_enumerator
	.long	.Linfo_string51         @ DW_AT_name
	.byte	31                      @ DW_AT_const_value
	.byte	8                       @ Abbrev [8] 0x16f:0x6 DW_TAG_enumerator
	.long	.Linfo_string52         @ DW_AT_name
	.byte	32                      @ DW_AT_const_value
	.byte	8                       @ Abbrev [8] 0x175:0x6 DW_TAG_enumerator
	.long	.Linfo_string53         @ DW_AT_name
	.byte	33                      @ DW_AT_const_value
	.byte	8                       @ Abbrev [8] 0x17b:0x6 DW_TAG_enumerator
	.long	.Linfo_string54         @ DW_AT_name
	.byte	34                      @ DW_AT_const_value
	.byte	8                       @ Abbrev [8] 0x181:0x6 DW_TAG_enumerator
	.long	.Linfo_string55         @ DW_AT_name
	.byte	35                      @ DW_AT_const_value
	.byte	8                       @ Abbrev [8] 0x187:0x6 DW_TAG_enumerator
	.long	.Linfo_string56         @ DW_AT_name
	.byte	36                      @ DW_AT_const_value
	.byte	8                       @ Abbrev [8] 0x18d:0x6 DW_TAG_enumerator
	.long	.Linfo_string57         @ DW_AT_name
	.byte	37                      @ DW_AT_const_value
	.byte	8                       @ Abbrev [8] 0x193:0x6 DW_TAG_enumerator
	.long	.Linfo_string58         @ DW_AT_name
	.byte	38                      @ DW_AT_const_value
	.byte	8                       @ Abbrev [8] 0x199:0x6 DW_TAG_enumerator
	.long	.Linfo_string59         @ DW_AT_name
	.byte	39                      @ DW_AT_const_value
	.byte	8                       @ Abbrev [8] 0x19f:0x6 DW_TAG_enumerator
	.long	.Linfo_string60         @ DW_AT_name
	.byte	40                      @ DW_AT_const_value
	.byte	8                       @ Abbrev [8] 0x1a5:0x6 DW_TAG_enumerator
	.long	.Linfo_string61         @ DW_AT_name
	.byte	41                      @ DW_AT_const_value
	.byte	8                       @ Abbrev [8] 0x1ab:0x6 DW_TAG_enumerator
	.long	.Linfo_string62         @ DW_AT_name
	.byte	42                      @ DW_AT_const_value
	.byte	0                       @ End Of Children Mark
	.byte	5                       @ Abbrev [5] 0x1b2:0x7 DW_TAG_base_type
	.long	.Linfo_string10         @ DW_AT_name
	.byte	5                       @ DW_AT_encoding
	.byte	4                       @ DW_AT_byte_size
	.byte	9                       @ Abbrev [9] 0x1b9:0x5 DW_TAG_pointer_type
	.long	446                     @ DW_AT_type
	.byte	10                      @ Abbrev [10] 0x1be:0xc DW_TAG_typedef
	.long	458                     @ DW_AT_type
	.long	.Linfo_string72         @ DW_AT_name
	.byte	4                       @ DW_AT_decl_file
	.short	354                     @ DW_AT_decl_line
	.byte	11                      @ Abbrev [11] 0x1ca:0x7b DW_TAG_structure_type
	.byte	36                      @ DW_AT_byte_size
	.byte	4                       @ DW_AT_decl_file
	.short	343                     @ DW_AT_decl_line
	.byte	12                      @ Abbrev [12] 0x1cf:0xd DW_TAG_member
	.long	.Linfo_string63         @ DW_AT_name
	.long	57                      @ DW_AT_type
	.byte	4                       @ DW_AT_decl_file
	.short	345                     @ DW_AT_decl_line
	.byte	0                       @ DW_AT_data_member_location
	.byte	12                      @ Abbrev [12] 0x1dc:0xd DW_TAG_member
	.long	.Linfo_string64         @ DW_AT_name
	.long	57                      @ DW_AT_type
	.byte	4                       @ DW_AT_decl_file
	.short	346                     @ DW_AT_decl_line
	.byte	4                       @ DW_AT_data_member_location
	.byte	12                      @ Abbrev [12] 0x1e9:0xd DW_TAG_member
	.long	.Linfo_string65         @ DW_AT_name
	.long	57                      @ DW_AT_type
	.byte	4                       @ DW_AT_decl_file
	.short	347                     @ DW_AT_decl_line
	.byte	8                       @ DW_AT_data_member_location
	.byte	12                      @ Abbrev [12] 0x1f6:0xd DW_TAG_member
	.long	.Linfo_string66         @ DW_AT_name
	.long	57                      @ DW_AT_type
	.byte	4                       @ DW_AT_decl_file
	.short	348                     @ DW_AT_decl_line
	.byte	12                      @ DW_AT_data_member_location
	.byte	12                      @ Abbrev [12] 0x203:0xd DW_TAG_member
	.long	.Linfo_string67         @ DW_AT_name
	.long	57                      @ DW_AT_type
	.byte	4                       @ DW_AT_decl_file
	.short	349                     @ DW_AT_decl_line
	.byte	16                      @ DW_AT_data_member_location
	.byte	12                      @ Abbrev [12] 0x210:0xd DW_TAG_member
	.long	.Linfo_string68         @ DW_AT_name
	.long	57                      @ DW_AT_type
	.byte	4                       @ DW_AT_decl_file
	.short	350                     @ DW_AT_decl_line
	.byte	20                      @ DW_AT_data_member_location
	.byte	12                      @ Abbrev [12] 0x21d:0xd DW_TAG_member
	.long	.Linfo_string69         @ DW_AT_name
	.long	57                      @ DW_AT_type
	.byte	4                       @ DW_AT_decl_file
	.short	351                     @ DW_AT_decl_line
	.byte	24                      @ DW_AT_data_member_location
	.byte	12                      @ Abbrev [12] 0x22a:0xd DW_TAG_member
	.long	.Linfo_string70         @ DW_AT_name
	.long	57                      @ DW_AT_type
	.byte	4                       @ DW_AT_decl_file
	.short	352                     @ DW_AT_decl_line
	.byte	28                      @ DW_AT_data_member_location
	.byte	12                      @ Abbrev [12] 0x237:0xd DW_TAG_member
	.long	.Linfo_string71         @ DW_AT_name
	.long	57                      @ DW_AT_type
	.byte	4                       @ DW_AT_decl_file
	.short	353                     @ DW_AT_decl_line
	.byte	32                      @ DW_AT_data_member_location
	.byte	0                       @ End Of Children Mark
	.byte	9                       @ Abbrev [9] 0x245:0x5 DW_TAG_pointer_type
	.long	586                     @ DW_AT_type
	.byte	10                      @ Abbrev [10] 0x24a:0xc DW_TAG_typedef
	.long	598                     @ DW_AT_type
	.long	.Linfo_string82         @ DW_AT_name
	.byte	4                       @ DW_AT_decl_file
	.short	456                     @ DW_AT_decl_line
	.byte	11                      @ Abbrev [11] 0x256:0x88 DW_TAG_structure_type
	.byte	40                      @ DW_AT_byte_size
	.byte	4                       @ DW_AT_decl_file
	.short	442                     @ DW_AT_decl_line
	.byte	12                      @ Abbrev [12] 0x25b:0xd DW_TAG_member
	.long	.Linfo_string67         @ DW_AT_name
	.long	57                      @ DW_AT_type
	.byte	4                       @ DW_AT_decl_file
	.short	444                     @ DW_AT_decl_line
	.byte	0                       @ DW_AT_data_member_location
	.byte	12                      @ Abbrev [12] 0x268:0xd DW_TAG_member
	.long	.Linfo_string73         @ DW_AT_name
	.long	57                      @ DW_AT_type
	.byte	4                       @ DW_AT_decl_file
	.short	445                     @ DW_AT_decl_line
	.byte	4                       @ DW_AT_data_member_location
	.byte	12                      @ Abbrev [12] 0x275:0xd DW_TAG_member
	.long	.Linfo_string74         @ DW_AT_name
	.long	57                      @ DW_AT_type
	.byte	4                       @ DW_AT_decl_file
	.short	446                     @ DW_AT_decl_line
	.byte	8                       @ DW_AT_data_member_location
	.byte	12                      @ Abbrev [12] 0x282:0xd DW_TAG_member
	.long	.Linfo_string75         @ DW_AT_name
	.long	57                      @ DW_AT_type
	.byte	4                       @ DW_AT_decl_file
	.short	447                     @ DW_AT_decl_line
	.byte	12                      @ DW_AT_data_member_location
	.byte	12                      @ Abbrev [12] 0x28f:0xd DW_TAG_member
	.long	.Linfo_string76         @ DW_AT_name
	.long	57                      @ DW_AT_type
	.byte	4                       @ DW_AT_decl_file
	.short	448                     @ DW_AT_decl_line
	.byte	16                      @ DW_AT_data_member_location
	.byte	12                      @ Abbrev [12] 0x29c:0xd DW_TAG_member
	.long	.Linfo_string77         @ DW_AT_name
	.long	57                      @ DW_AT_type
	.byte	4                       @ DW_AT_decl_file
	.short	449                     @ DW_AT_decl_line
	.byte	20                      @ DW_AT_data_member_location
	.byte	12                      @ Abbrev [12] 0x2a9:0xd DW_TAG_member
	.long	.Linfo_string78         @ DW_AT_name
	.long	57                      @ DW_AT_type
	.byte	4                       @ DW_AT_decl_file
	.short	450                     @ DW_AT_decl_line
	.byte	24                      @ DW_AT_data_member_location
	.byte	12                      @ Abbrev [12] 0x2b6:0xd DW_TAG_member
	.long	.Linfo_string79         @ DW_AT_name
	.long	57                      @ DW_AT_type
	.byte	4                       @ DW_AT_decl_file
	.short	451                     @ DW_AT_decl_line
	.byte	28                      @ DW_AT_data_member_location
	.byte	12                      @ Abbrev [12] 0x2c3:0xd DW_TAG_member
	.long	.Linfo_string80         @ DW_AT_name
	.long	57                      @ DW_AT_type
	.byte	4                       @ DW_AT_decl_file
	.short	452                     @ DW_AT_decl_line
	.byte	32                      @ DW_AT_data_member_location
	.byte	12                      @ Abbrev [12] 0x2d0:0xd DW_TAG_member
	.long	.Linfo_string81         @ DW_AT_name
	.long	57                      @ DW_AT_type
	.byte	4                       @ DW_AT_decl_file
	.short	453                     @ DW_AT_decl_line
	.byte	36                      @ DW_AT_data_member_location
	.byte	0                       @ End Of Children Mark
	.byte	9                       @ Abbrev [9] 0x2de:0x5 DW_TAG_pointer_type
	.long	739                     @ DW_AT_type
	.byte	10                      @ Abbrev [10] 0x2e3:0xc DW_TAG_typedef
	.long	751                     @ DW_AT_type
	.long	.Linfo_string87         @ DW_AT_name
	.byte	5                       @ DW_AT_decl_file
	.short	698                     @ DW_AT_decl_line
	.byte	11                      @ Abbrev [11] 0x2ef:0x3a DW_TAG_structure_type
	.byte	16                      @ DW_AT_byte_size
	.byte	5                       @ DW_AT_decl_file
	.short	692                     @ DW_AT_decl_line
	.byte	12                      @ Abbrev [12] 0x2f4:0xd DW_TAG_member
	.long	.Linfo_string83         @ DW_AT_name
	.long	57                      @ DW_AT_type
	.byte	5                       @ DW_AT_decl_file
	.short	694                     @ DW_AT_decl_line
	.byte	0                       @ DW_AT_data_member_location
	.byte	12                      @ Abbrev [12] 0x301:0xd DW_TAG_member
	.long	.Linfo_string84         @ DW_AT_name
	.long	57                      @ DW_AT_type
	.byte	5                       @ DW_AT_decl_file
	.short	695                     @ DW_AT_decl_line
	.byte	4                       @ DW_AT_data_member_location
	.byte	12                      @ Abbrev [12] 0x30e:0xd DW_TAG_member
	.long	.Linfo_string85         @ DW_AT_name
	.long	57                      @ DW_AT_type
	.byte	5                       @ DW_AT_decl_file
	.short	696                     @ DW_AT_decl_line
	.byte	8                       @ DW_AT_data_member_location
	.byte	12                      @ Abbrev [12] 0x31b:0xd DW_TAG_member
	.long	.Linfo_string86         @ DW_AT_name
	.long	809                     @ DW_AT_type
	.byte	5                       @ DW_AT_decl_file
	.short	697                     @ DW_AT_decl_line
	.byte	12                      @ DW_AT_data_member_location
	.byte	0                       @ End Of Children Mark
	.byte	13                      @ Abbrev [13] 0x329:0x5 DW_TAG_const_type
	.long	57                      @ DW_AT_type
	.byte	9                       @ Abbrev [9] 0x32e:0x5 DW_TAG_pointer_type
	.long	819                     @ DW_AT_type
	.byte	10                      @ Abbrev [10] 0x333:0xc DW_TAG_typedef
	.long	831                     @ DW_AT_type
	.long	.Linfo_string89         @ DW_AT_name
	.byte	4                       @ DW_AT_decl_file
	.short	303                     @ DW_AT_decl_line
	.byte	11                      @ Abbrev [11] 0x33f:0x20 DW_TAG_structure_type
	.byte	8                       @ DW_AT_byte_size
	.byte	4                       @ DW_AT_decl_file
	.short	299                     @ DW_AT_decl_line
	.byte	12                      @ Abbrev [12] 0x344:0xd DW_TAG_member
	.long	.Linfo_string88         @ DW_AT_name
	.long	57                      @ DW_AT_type
	.byte	4                       @ DW_AT_decl_file
	.short	301                     @ DW_AT_decl_line
	.byte	0                       @ DW_AT_data_member_location
	.byte	12                      @ Abbrev [12] 0x351:0xd DW_TAG_member
	.long	.Linfo_string67         @ DW_AT_name
	.long	57                      @ DW_AT_type
	.byte	4                       @ DW_AT_decl_file
	.short	302                     @ DW_AT_decl_line
	.byte	4                       @ DW_AT_data_member_location
	.byte	0                       @ End Of Children Mark
	.byte	9                       @ Abbrev [9] 0x35f:0x5 DW_TAG_pointer_type
	.long	62                      @ DW_AT_type
	.byte	14                      @ Abbrev [14] 0x364:0x17 DW_TAG_subprogram
	.long	.Lfunc_begin0           @ DW_AT_low_pc
	.long	.Lfunc_end0             @ DW_AT_high_pc
	.byte	1                       @ DW_AT_frame_base
	.byte	93
	.long	.Linfo_string90         @ DW_AT_name
	.byte	2                       @ DW_AT_decl_file
	.byte	158                     @ DW_AT_decl_line
	.byte	1                       @ DW_AT_prototyped
	.long	1371                    @ DW_AT_type
	.byte	1                       @ DW_AT_external
	.byte	15                      @ Abbrev [15] 0x37b:0x27 DW_TAG_subprogram
	.long	.Lfunc_begin1           @ DW_AT_low_pc
	.long	.Lfunc_end1             @ DW_AT_high_pc
	.byte	1                       @ DW_AT_frame_base
	.byte	93
	.long	.Linfo_string92         @ DW_AT_name
	.byte	2                       @ DW_AT_decl_file
	.byte	250                     @ DW_AT_decl_line
	.byte	1                       @ DW_AT_prototyped
	.long	1371                    @ DW_AT_type
	.byte	1                       @ DW_AT_external
	.byte	16                      @ Abbrev [16] 0x392:0xf DW_TAG_formal_parameter
	.long	.Ldebug_loc0            @ DW_AT_location
	.long	.Linfo_string111        @ DW_AT_name
	.byte	2                       @ DW_AT_decl_file
	.byte	250                     @ DW_AT_decl_line
	.long	62                      @ DW_AT_type
	.byte	0                       @ End Of Children Mark
	.byte	17                      @ Abbrev [17] 0x3a2:0x13 DW_TAG_subprogram
	.long	.Lfunc_begin2           @ DW_AT_low_pc
	.long	.Lfunc_end2             @ DW_AT_high_pc
	.byte	1                       @ DW_AT_frame_base
	.byte	93
	.long	.Linfo_string93         @ DW_AT_name
	.byte	2                       @ DW_AT_decl_file
	.byte	216                     @ DW_AT_decl_line
	.byte	1                       @ DW_AT_prototyped
	.byte	1                       @ DW_AT_external
	.byte	14                      @ Abbrev [14] 0x3b5:0x17 DW_TAG_subprogram
	.long	.Lfunc_begin3           @ DW_AT_low_pc
	.long	.Lfunc_end3             @ DW_AT_high_pc
	.byte	1                       @ DW_AT_frame_base
	.byte	93
	.long	.Linfo_string94         @ DW_AT_name
	.byte	2                       @ DW_AT_decl_file
	.byte	191                     @ DW_AT_decl_line
	.byte	1                       @ DW_AT_prototyped
	.long	1371                    @ DW_AT_type
	.byte	1                       @ DW_AT_external
	.byte	17                      @ Abbrev [17] 0x3cc:0x13 DW_TAG_subprogram
	.long	.Lfunc_begin4           @ DW_AT_low_pc
	.long	.Lfunc_end4             @ DW_AT_high_pc
	.byte	1                       @ DW_AT_frame_base
	.byte	93
	.long	.Linfo_string95         @ DW_AT_name
	.byte	2                       @ DW_AT_decl_file
	.byte	227                     @ DW_AT_decl_line
	.byte	1                       @ DW_AT_prototyped
	.byte	1                       @ DW_AT_external
	.byte	18                      @ Abbrev [18] 0x3df:0x14 DW_TAG_subprogram
	.long	.Lfunc_begin5           @ DW_AT_low_pc
	.long	.Lfunc_end5             @ DW_AT_high_pc
	.byte	1                       @ DW_AT_frame_base
	.byte	93
	.long	.Linfo_string96         @ DW_AT_name
	.byte	2                       @ DW_AT_decl_file
	.short	298                     @ DW_AT_decl_line
	.byte	1                       @ DW_AT_prototyped
	.byte	1                       @ DW_AT_external
	.byte	19                      @ Abbrev [19] 0x3f3:0x18 DW_TAG_subprogram
	.long	.Lfunc_begin6           @ DW_AT_low_pc
	.long	.Lfunc_end6             @ DW_AT_high_pc
	.byte	1                       @ DW_AT_frame_base
	.byte	93
	.long	.Linfo_string97         @ DW_AT_name
	.byte	2                       @ DW_AT_decl_file
	.short	309                     @ DW_AT_decl_line
	.byte	1                       @ DW_AT_prototyped
	.long	62                      @ DW_AT_type
	.byte	1                       @ DW_AT_external
	.byte	20                      @ Abbrev [20] 0x40b:0x45 DW_TAG_subprogram
	.long	.Lfunc_begin7           @ DW_AT_low_pc
	.long	.Lfunc_end7             @ DW_AT_high_pc
	.byte	1                       @ DW_AT_frame_base
	.byte	93
	.long	.Linfo_string98         @ DW_AT_name
	.byte	2                       @ DW_AT_decl_file
	.short	325                     @ DW_AT_decl_line
	.byte	1                       @ DW_AT_prototyped
	.byte	1                       @ DW_AT_external
	.byte	21                      @ Abbrev [21] 0x41f:0x10 DW_TAG_formal_parameter
	.long	.Ldebug_loc1            @ DW_AT_location
	.long	.Linfo_string112        @ DW_AT_name
	.byte	2                       @ DW_AT_decl_file
	.short	325                     @ DW_AT_decl_line
	.long	57                      @ DW_AT_type
	.byte	22                      @ Abbrev [22] 0x42f:0x10 DW_TAG_variable
	.long	.Ldebug_loc2            @ DW_AT_location
	.long	.Linfo_string113        @ DW_AT_name
	.byte	2                       @ DW_AT_decl_file
	.short	327                     @ DW_AT_decl_line
	.long	62                      @ DW_AT_type
	.byte	22                      @ Abbrev [22] 0x43f:0x10 DW_TAG_variable
	.long	.Ldebug_loc3            @ DW_AT_location
	.long	.Linfo_string114        @ DW_AT_name
	.byte	2                       @ DW_AT_decl_file
	.short	328                     @ DW_AT_decl_line
	.long	62                      @ DW_AT_type
	.byte	0                       @ End Of Children Mark
	.byte	18                      @ Abbrev [18] 0x450:0x14 DW_TAG_subprogram
	.long	.Lfunc_begin8           @ DW_AT_low_pc
	.long	.Lfunc_end8             @ DW_AT_high_pc
	.byte	1                       @ DW_AT_frame_base
	.byte	93
	.long	.Linfo_string99         @ DW_AT_name
	.byte	2                       @ DW_AT_decl_file
	.short	351                     @ DW_AT_decl_line
	.byte	1                       @ DW_AT_prototyped
	.byte	1                       @ DW_AT_external
	.byte	18                      @ Abbrev [18] 0x464:0x14 DW_TAG_subprogram
	.long	.Lfunc_begin9           @ DW_AT_low_pc
	.long	.Lfunc_end9             @ DW_AT_high_pc
	.byte	1                       @ DW_AT_frame_base
	.byte	93
	.long	.Linfo_string100        @ DW_AT_name
	.byte	2                       @ DW_AT_decl_file
	.short	367                     @ DW_AT_decl_line
	.byte	1                       @ DW_AT_prototyped
	.byte	1                       @ DW_AT_external
	.byte	19                      @ Abbrev [19] 0x478:0x18 DW_TAG_subprogram
	.long	.Lfunc_begin10          @ DW_AT_low_pc
	.long	.Lfunc_end10            @ DW_AT_high_pc
	.byte	1                       @ DW_AT_frame_base
	.byte	93
	.long	.Linfo_string101        @ DW_AT_name
	.byte	2                       @ DW_AT_decl_file
	.short	377                     @ DW_AT_decl_line
	.byte	1                       @ DW_AT_prototyped
	.long	62                      @ DW_AT_type
	.byte	1                       @ DW_AT_external
	.byte	19                      @ Abbrev [19] 0x490:0x18 DW_TAG_subprogram
	.long	.Lfunc_begin11          @ DW_AT_low_pc
	.long	.Lfunc_end11            @ DW_AT_high_pc
	.byte	1                       @ DW_AT_frame_base
	.byte	93
	.long	.Linfo_string102        @ DW_AT_name
	.byte	2                       @ DW_AT_decl_file
	.short	393                     @ DW_AT_decl_line
	.byte	1                       @ DW_AT_prototyped
	.long	62                      @ DW_AT_type
	.byte	1                       @ DW_AT_external
	.byte	19                      @ Abbrev [19] 0x4a8:0x18 DW_TAG_subprogram
	.long	.Lfunc_begin12          @ DW_AT_low_pc
	.long	.Lfunc_end12            @ DW_AT_high_pc
	.byte	1                       @ DW_AT_frame_base
	.byte	93
	.long	.Linfo_string103        @ DW_AT_name
	.byte	2                       @ DW_AT_decl_file
	.short	409                     @ DW_AT_decl_line
	.byte	1                       @ DW_AT_prototyped
	.long	62                      @ DW_AT_type
	.byte	1                       @ DW_AT_external
	.byte	18                      @ Abbrev [18] 0x4c0:0x14 DW_TAG_subprogram
	.long	.Lfunc_begin13          @ DW_AT_low_pc
	.long	.Lfunc_end13            @ DW_AT_high_pc
	.byte	1                       @ DW_AT_frame_base
	.byte	93
	.long	.Linfo_string104        @ DW_AT_name
	.byte	2                       @ DW_AT_decl_file
	.short	418                     @ DW_AT_decl_line
	.byte	1                       @ DW_AT_prototyped
	.byte	1                       @ DW_AT_external
	.byte	18                      @ Abbrev [18] 0x4d4:0x14 DW_TAG_subprogram
	.long	.Lfunc_begin14          @ DW_AT_low_pc
	.long	.Lfunc_end14            @ DW_AT_high_pc
	.byte	1                       @ DW_AT_frame_base
	.byte	93
	.long	.Linfo_string105        @ DW_AT_name
	.byte	2                       @ DW_AT_decl_file
	.short	434                     @ DW_AT_decl_line
	.byte	1                       @ DW_AT_prototyped
	.byte	1                       @ DW_AT_external
	.byte	18                      @ Abbrev [18] 0x4e8:0x14 DW_TAG_subprogram
	.long	.Lfunc_begin15          @ DW_AT_low_pc
	.long	.Lfunc_end15            @ DW_AT_high_pc
	.byte	1                       @ DW_AT_frame_base
	.byte	93
	.long	.Linfo_string106        @ DW_AT_name
	.byte	2                       @ DW_AT_decl_file
	.short	464                     @ DW_AT_decl_line
	.byte	1                       @ DW_AT_prototyped
	.byte	1                       @ DW_AT_external
	.byte	18                      @ Abbrev [18] 0x4fc:0x14 DW_TAG_subprogram
	.long	.Lfunc_begin16          @ DW_AT_low_pc
	.long	.Lfunc_end16            @ DW_AT_high_pc
	.byte	1                       @ DW_AT_frame_base
	.byte	93
	.long	.Linfo_string107        @ DW_AT_name
	.byte	2                       @ DW_AT_decl_file
	.short	480                     @ DW_AT_decl_line
	.byte	1                       @ DW_AT_prototyped
	.byte	1                       @ DW_AT_external
	.byte	18                      @ Abbrev [18] 0x510:0x14 DW_TAG_subprogram
	.long	.Lfunc_begin17          @ DW_AT_low_pc
	.long	.Lfunc_end17            @ DW_AT_high_pc
	.byte	1                       @ DW_AT_frame_base
	.byte	93
	.long	.Linfo_string108        @ DW_AT_name
	.byte	2                       @ DW_AT_decl_file
	.short	496                     @ DW_AT_decl_line
	.byte	1                       @ DW_AT_prototyped
	.byte	1                       @ DW_AT_external
	.byte	18                      @ Abbrev [18] 0x524:0x14 DW_TAG_subprogram
	.long	.Lfunc_begin18          @ DW_AT_low_pc
	.long	.Lfunc_end18            @ DW_AT_high_pc
	.byte	1                       @ DW_AT_frame_base
	.byte	93
	.long	.Linfo_string109        @ DW_AT_name
	.byte	2                       @ DW_AT_decl_file
	.short	512                     @ DW_AT_decl_line
	.byte	1                       @ DW_AT_prototyped
	.byte	1                       @ DW_AT_external
	.byte	20                      @ Abbrev [20] 0x538:0x23 DW_TAG_subprogram
	.long	.Lfunc_begin19          @ DW_AT_low_pc
	.long	.Lfunc_end19            @ DW_AT_high_pc
	.byte	1                       @ DW_AT_frame_base
	.byte	93
	.long	.Linfo_string110        @ DW_AT_name
	.byte	2                       @ DW_AT_decl_file
	.short	522                     @ DW_AT_decl_line
	.byte	1                       @ DW_AT_prototyped
	.byte	1                       @ DW_AT_external
	.byte	23                      @ Abbrev [23] 0x54c:0xe DW_TAG_formal_parameter
	.byte	1                       @ DW_AT_location
	.byte	80
	.long	.Linfo_string115        @ DW_AT_name
	.byte	2                       @ DW_AT_decl_file
	.short	522                     @ DW_AT_decl_line
	.long	863                     @ DW_AT_type
	.byte	0                       @ End Of Children Mark
	.byte	4                       @ Abbrev [4] 0x55b:0xb DW_TAG_typedef
	.long	80                      @ DW_AT_type
	.long	.Linfo_string91         @ DW_AT_name
	.byte	3                       @ DW_AT_decl_file
	.byte	65                      @ DW_AT_decl_line
	.byte	0                       @ End Of Children Mark
	.section	.debug_ranges,"",%progbits
.Ldebug_ranges0:
	.long	.Lfunc_begin0
	.long	.Lfunc_end0
	.long	.Lfunc_begin1
	.long	.Lfunc_end1
	.long	.Lfunc_begin2
	.long	.Lfunc_end2
	.long	.Lfunc_begin3
	.long	.Lfunc_end3
	.long	.Lfunc_begin4
	.long	.Lfunc_end4
	.long	.Lfunc_begin5
	.long	.Lfunc_end5
	.long	.Lfunc_begin6
	.long	.Lfunc_end6
	.long	.Lfunc_begin7
	.long	.Lfunc_end7
	.long	.Lfunc_begin8
	.long	.Lfunc_end8
	.long	.Lfunc_begin9
	.long	.Lfunc_end9
	.long	.Lfunc_begin10
	.long	.Lfunc_end10
	.long	.Lfunc_begin11
	.long	.Lfunc_end11
	.long	.Lfunc_begin12
	.long	.Lfunc_end12
	.long	.Lfunc_begin13
	.long	.Lfunc_end13
	.long	.Lfunc_begin14
	.long	.Lfunc_end14
	.long	.Lfunc_begin15
	.long	.Lfunc_end15
	.long	.Lfunc_begin16
	.long	.Lfunc_end16
	.long	.Lfunc_begin17
	.long	.Lfunc_end17
	.long	.Lfunc_begin18
	.long	.Lfunc_end18
	.long	.Lfunc_begin19
	.long	.Lfunc_end19
	.long	0
	.long	0
	.section	.debug_macinfo,"",%progbits
.Lcu_macro_begin0:
	.byte	0                       @ End Of Macro List Mark
	.section	.debug_pubnames,"",%progbits
	.long	.LpubNames_end0-.LpubNames_begin0 @ Length of Public Names Info
.LpubNames_begin0:
	.short	2                       @ DWARF Version
	.long	.Lcu_begin0             @ Offset of Compilation Unit Info
	.long	1383                    @ Compilation Unit Length
	.long	1192                    @ DIE offset
	.asciz	"HAL_GetDEVID"          @ External Name
	.long	972                     @ DIE offset
	.asciz	"HAL_MspDeInit"         @ External Name
	.long	1104                    @ DIE offset
	.asciz	"HAL_SuspendTick"       @ External Name
	.long	1035                    @ DIE offset
	.asciz	"HAL_Delay"             @ External Name
	.long	1236                    @ DIE offset
	.asciz	"HAL_DBGMCU_DisableDBGSleepMode" @ External Name
	.long	1256                    @ DIE offset
	.asciz	"HAL_DBGMCU_EnableDBGStopMode" @ External Name
	.long	1316                    @ DIE offset
	.asciz	"HAL_DBGMCU_DisableDBGStandbyMode" @ External Name
	.long	868                     @ DIE offset
	.asciz	"HAL_Init"              @ External Name
	.long	1168                    @ DIE offset
	.asciz	"HAL_GetREVID"          @ External Name
	.long	1144                    @ DIE offset
	.asciz	"HAL_GetHalVersion"     @ External Name
	.long	1124                    @ DIE offset
	.asciz	"HAL_ResumeTick"        @ External Name
	.long	949                     @ DIE offset
	.asciz	"HAL_DeInit"            @ External Name
	.long	1276                    @ DIE offset
	.asciz	"HAL_DBGMCU_DisableDBGStopMode" @ External Name
	.long	891                     @ DIE offset
	.asciz	"HAL_InitTick"          @ External Name
	.long	1296                    @ DIE offset
	.asciz	"HAL_DBGMCU_EnableDBGStandbyMode" @ External Name
	.long	1336                    @ DIE offset
	.asciz	"HAL_GetUID"            @ External Name
	.long	39                      @ DIE offset
	.asciz	"uwTick"                @ External Name
	.long	930                     @ DIE offset
	.asciz	"HAL_MspInit"           @ External Name
	.long	991                     @ DIE offset
	.asciz	"HAL_IncTick"           @ External Name
	.long	1216                    @ DIE offset
	.asciz	"HAL_DBGMCU_EnableDBGSleepMode" @ External Name
	.long	1011                    @ DIE offset
	.asciz	"HAL_GetTick"           @ External Name
	.long	0                       @ End Mark
.LpubNames_end0:
	.section	.debug_pubtypes,"",%progbits
	.long	.LpubTypes_end0-.LpubTypes_begin0 @ Length of Public Types Info
.LpubTypes_begin0:
	.short	2                       @ DWARF Version
	.long	.Lcu_begin0             @ Offset of Compilation Unit Info
	.long	1383                    @ Compilation Unit Length
	.long	586                     @ DIE offset
	.asciz	"RCC_TypeDef"           @ External Name
	.long	819                     @ DIE offset
	.asciz	"DBGMCU_TypeDef"        @ External Name
	.long	62                      @ DIE offset
	.asciz	"uint32_t"              @ External Name
	.long	73                      @ DIE offset
	.asciz	"unsigned int"          @ External Name
	.long	1371                    @ DIE offset
	.asciz	"HAL_StatusTypeDef"     @ External Name
	.long	434                     @ DIE offset
	.asciz	"int"                   @ External Name
	.long	739                     @ DIE offset
	.asciz	"SysTick_Type"          @ External Name
	.long	446                     @ DIE offset
	.asciz	"FLASH_TypeDef"         @ External Name
	.long	0                       @ End Mark
.LpubTypes_end0:

	.ident	"Component: ARM Compiler 6.10.1 Tool: armclang [5d143200]"
	.section	".note.GNU-stack","",%progbits
	.eabi_attribute	30, 1	@ Tag_ABI_optimization_goals
	.ARM_attribute	16, 1	@ Tag_AV_eba
	.section	.debug_line,"",%progbits
.Lline_table_start0:
