	.text
	.syntax unified
	.eabi_attribute	67, "2.09"	@ Tag_conformance
	.cpu	cortex-m3
	.eabi_attribute	6, 10	@ Tag_CPU_arch
	.eabi_attribute	7, 77	@ Tag_CPU_arch_profile
	.eabi_attribute	8, 0	@ Tag_ARM_ISA_use
	.eabi_attribute	9, 2	@ Tag_THUMB_ISA_use
	.eabi_attribute	34, 1	@ Tag_CPU_unaligned_access
	.eabi_attribute	17, 1	@ Tag_ABI_PCS_GOT_use
	.eabi_attribute	20, 2	@ Tag_ABI_FP_denormal
	.eabi_attribute	21, 0	@ Tag_ABI_FP_exceptions
	.eabi_attribute	23, 1	@ Tag_ABI_FP_number_model
	.eabi_attribute	24, 1	@ Tag_ABI_align_needed
	.eabi_attribute	25, 1	@ Tag_ABI_align_preserved
	.eabi_attribute	38, 1	@ Tag_ABI_FP_16bit_format
	.eabi_attribute	18, 4	@ Tag_ABI_PCS_wchar_t
	.eabi_attribute	26, 2	@ Tag_ABI_enum_size
	.eabi_attribute	14, 0	@ Tag_ABI_PCS_R9_use
	.file	"stm32f1xx_it.c"
	.section	.text.NMI_Handler,"ax",%progbits
	.hidden	NMI_Handler             @ -- Begin function NMI_Handler
	.globl	NMI_Handler
	.p2align	2
	.type	NMI_Handler,%function
	.code	16                      @ @NMI_Handler
	.thumb_func
NMI_Handler:
.Lfunc_begin0:
	.file	1 "../Src" "stm32f1xx_it.c"
	.loc	1 53 0                  @ ../Src/stm32f1xx_it.c:53:0
	.fnstart
	.cfi_sections .debug_frame
	.cfi_startproc
@ %bb.0:
	.loc	1 55 1 prologue_end     @ ../Src/stm32f1xx_it.c:55:1
	bx	lr
.Ltmp0:
.Lfunc_end0:
	.size	NMI_Handler, .Lfunc_end0-NMI_Handler
	.cfi_endproc
	.cantunwind
	.fnend
                                        @ -- End function
	.section	.text.HardFault_Handler,"ax",%progbits
	.hidden	HardFault_Handler       @ -- Begin function HardFault_Handler
	.globl	HardFault_Handler
	.p2align	2
	.type	HardFault_Handler,%function
	.code	16                      @ @HardFault_Handler
	.thumb_func
HardFault_Handler:
.Lfunc_begin1:
	.loc	1 61 0                  @ ../Src/stm32f1xx_it.c:61:0
	.fnstart
	.cfi_startproc
@ %bb.0:
	.loc	1 63 1 prologue_end     @ ../Src/stm32f1xx_it.c:63:1
	bx	lr
.Ltmp1:
.Lfunc_end1:
	.size	HardFault_Handler, .Lfunc_end1-HardFault_Handler
	.cfi_endproc
	.cantunwind
	.fnend
                                        @ -- End function
	.section	.text.MemManage_Handler,"ax",%progbits
	.hidden	MemManage_Handler       @ -- Begin function MemManage_Handler
	.globl	MemManage_Handler
	.p2align	2
	.type	MemManage_Handler,%function
	.code	16                      @ @MemManage_Handler
	.thumb_func
MemManage_Handler:
.Lfunc_begin2:
	.loc	1 69 0                  @ ../Src/stm32f1xx_it.c:69:0
	.fnstart
	.cfi_startproc
@ %bb.0:
	.loc	1 71 1 prologue_end     @ ../Src/stm32f1xx_it.c:71:1
	bx	lr
.Ltmp2:
.Lfunc_end2:
	.size	MemManage_Handler, .Lfunc_end2-MemManage_Handler
	.cfi_endproc
	.cantunwind
	.fnend
                                        @ -- End function
	.section	.text.BusFault_Handler,"ax",%progbits
	.hidden	BusFault_Handler        @ -- Begin function BusFault_Handler
	.globl	BusFault_Handler
	.p2align	2
	.type	BusFault_Handler,%function
	.code	16                      @ @BusFault_Handler
	.thumb_func
BusFault_Handler:
.Lfunc_begin3:
	.loc	1 77 0                  @ ../Src/stm32f1xx_it.c:77:0
	.fnstart
	.cfi_startproc
@ %bb.0:
	.loc	1 79 1 prologue_end     @ ../Src/stm32f1xx_it.c:79:1
	bx	lr
.Ltmp3:
.Lfunc_end3:
	.size	BusFault_Handler, .Lfunc_end3-BusFault_Handler
	.cfi_endproc
	.cantunwind
	.fnend
                                        @ -- End function
	.section	.text.UsageFault_Handler,"ax",%progbits
	.hidden	UsageFault_Handler      @ -- Begin function UsageFault_Handler
	.globl	UsageFault_Handler
	.p2align	2
	.type	UsageFault_Handler,%function
	.code	16                      @ @UsageFault_Handler
	.thumb_func
UsageFault_Handler:
.Lfunc_begin4:
	.loc	1 85 0                  @ ../Src/stm32f1xx_it.c:85:0
	.fnstart
	.cfi_startproc
@ %bb.0:
	.loc	1 87 1 prologue_end     @ ../Src/stm32f1xx_it.c:87:1
	bx	lr
.Ltmp4:
.Lfunc_end4:
	.size	UsageFault_Handler, .Lfunc_end4-UsageFault_Handler
	.cfi_endproc
	.cantunwind
	.fnend
                                        @ -- End function
	.section	.text.SVC_Handler,"ax",%progbits
	.hidden	SVC_Handler             @ -- Begin function SVC_Handler
	.globl	SVC_Handler
	.p2align	2
	.type	SVC_Handler,%function
	.code	16                      @ @SVC_Handler
	.thumb_func
SVC_Handler:
.Lfunc_begin5:
	.loc	1 93 0                  @ ../Src/stm32f1xx_it.c:93:0
	.fnstart
	.cfi_startproc
@ %bb.0:
	.loc	1 95 1 prologue_end     @ ../Src/stm32f1xx_it.c:95:1
	bx	lr
.Ltmp5:
.Lfunc_end5:
	.size	SVC_Handler, .Lfunc_end5-SVC_Handler
	.cfi_endproc
	.cantunwind
	.fnend
                                        @ -- End function
	.section	.text.SysTick_Handler,"ax",%progbits
	.hidden	SysTick_Handler         @ -- Begin function SysTick_Handler
	.globl	SysTick_Handler
	.p2align	2
	.type	SysTick_Handler,%function
	.code	16                      @ @SysTick_Handler
	.thumb_func
SysTick_Handler:
.Lfunc_begin6:
	.loc	1 102 0                 @ ../Src/stm32f1xx_it.c:102:0
	.fnstart
	.cfi_startproc
@ %bb.0:
	.save	{r7, lr}
	push	{r7, lr}
	.cfi_def_cfa_offset 8
	.cfi_offset lr, -4
	.cfi_offset r7, -8
.Ltmp6:
	.loc	1 103 5 prologue_end    @ ../Src/stm32f1xx_it.c:103:5
	bl	HAL_IncTick
	.loc	1 104 5                 @ ../Src/stm32f1xx_it.c:104:5
	pop.w	{r7, lr}
	b	HAL_SYSTICK_IRQHandler
.Ltmp7:
.Lfunc_end6:
	.size	SysTick_Handler, .Lfunc_end6-SysTick_Handler
	.cfi_endproc
	.cantunwind
	.fnend
                                        @ -- End function
	.section	.text.USART1_IRQHandler,"ax",%progbits
	.hidden	USART1_IRQHandler       @ -- Begin function USART1_IRQHandler
	.globl	USART1_IRQHandler
	.p2align	2
	.type	USART1_IRQHandler,%function
	.code	16                      @ @USART1_IRQHandler
	.thumb_func
USART1_IRQHandler:
.Lfunc_begin7:
	.loc	1 118 0                 @ ../Src/stm32f1xx_it.c:118:0
	.fnstart
	.cfi_startproc
@ %bb.0:
	.loc	1 119 5 prologue_end    @ ../Src/stm32f1xx_it.c:119:5
	movw	r0, :lower16:huart1
	movt	r0, :upper16:huart1
	b	HAL_UART_IRQHandler
.Ltmp8:
.Lfunc_end7:
	.size	USART1_IRQHandler, .Lfunc_end7-USART1_IRQHandler
	.cfi_endproc
	.cantunwind
	.fnend
                                        @ -- End function
	.section	.text.DMA1_Channel4_IRQHandler,"ax",%progbits
	.hidden	DMA1_Channel4_IRQHandler @ -- Begin function DMA1_Channel4_IRQHandler
	.globl	DMA1_Channel4_IRQHandler
	.p2align	2
	.type	DMA1_Channel4_IRQHandler,%function
	.code	16                      @ @DMA1_Channel4_IRQHandler
	.thumb_func
DMA1_Channel4_IRQHandler:
.Lfunc_begin8:
	.loc	1 126 0                 @ ../Src/stm32f1xx_it.c:126:0
	.fnstart
	.cfi_startproc
@ %bb.0:
	.loc	1 127 5 prologue_end    @ ../Src/stm32f1xx_it.c:127:5
	movw	r0, :lower16:hdma_spi2_rx
	movt	r0, :upper16:hdma_spi2_rx
	b	HAL_DMA_IRQHandler
.Ltmp9:
.Lfunc_end8:
	.size	DMA1_Channel4_IRQHandler, .Lfunc_end8-DMA1_Channel4_IRQHandler
	.cfi_endproc
	.cantunwind
	.fnend
                                        @ -- End function
	.section	.text.DMA1_Channel5_IRQHandler,"ax",%progbits
	.hidden	DMA1_Channel5_IRQHandler @ -- Begin function DMA1_Channel5_IRQHandler
	.globl	DMA1_Channel5_IRQHandler
	.p2align	2
	.type	DMA1_Channel5_IRQHandler,%function
	.code	16                      @ @DMA1_Channel5_IRQHandler
	.thumb_func
DMA1_Channel5_IRQHandler:
.Lfunc_begin9:
	.loc	1 134 0                 @ ../Src/stm32f1xx_it.c:134:0
	.fnstart
	.cfi_startproc
@ %bb.0:
	.loc	1 135 5 prologue_end    @ ../Src/stm32f1xx_it.c:135:5
	movw	r0, :lower16:hdma_spi2_tx
	movt	r0, :upper16:hdma_spi2_tx
	b	HAL_DMA_IRQHandler
.Ltmp10:
.Lfunc_end9:
	.size	DMA1_Channel5_IRQHandler, .Lfunc_end9-DMA1_Channel5_IRQHandler
	.cfi_endproc
	.cantunwind
	.fnend
                                        @ -- End function
	.section	.debug_str,"MS",%progbits,1
.Linfo_string0:
	.asciz	"Component: ARM Compiler 6.10.1 Tool: armclang [5d143200]" @ string offset=0
.Linfo_string1:
	.asciz	"../Src\\stm32f1xx_it.c" @ string offset=57
.Linfo_string2:
	.asciz	"F:\\SkyDrive\\OtvoreniProjekti\\HotelSaplast\\fw\\RoomController\\DE-170318\\MDK-ARM" @ string offset=79
.Linfo_string3:
	.asciz	"NMI_Handler"           @ string offset=157
.Linfo_string4:
	.asciz	"HardFault_Handler"     @ string offset=169
.Linfo_string5:
	.asciz	"MemManage_Handler"     @ string offset=187
.Linfo_string6:
	.asciz	"BusFault_Handler"      @ string offset=205
.Linfo_string7:
	.asciz	"UsageFault_Handler"    @ string offset=222
.Linfo_string8:
	.asciz	"SVC_Handler"           @ string offset=241
.Linfo_string9:
	.asciz	"SysTick_Handler"       @ string offset=253
.Linfo_string10:
	.asciz	"USART1_IRQHandler"     @ string offset=269
.Linfo_string11:
	.asciz	"DMA1_Channel4_IRQHandler" @ string offset=287
.Linfo_string12:
	.asciz	"DMA1_Channel5_IRQHandler" @ string offset=312
	.section	.debug_abbrev,"",%progbits
	.byte	1                       @ Abbreviation Code
	.byte	17                      @ DW_TAG_compile_unit
	.byte	1                       @ DW_CHILDREN_yes
	.byte	37                      @ DW_AT_producer
	.byte	14                      @ DW_FORM_strp
	.byte	19                      @ DW_AT_language
	.byte	5                       @ DW_FORM_data2
	.byte	3                       @ DW_AT_name
	.byte	14                      @ DW_FORM_strp
	.byte	16                      @ DW_AT_stmt_list
	.byte	6                       @ DW_FORM_data4
	.byte	27                      @ DW_AT_comp_dir
	.byte	14                      @ DW_FORM_strp
	.ascii	"\264B"                 @ DW_AT_GNU_pubnames
	.byte	12                      @ DW_FORM_flag
	.byte	17                      @ DW_AT_low_pc
	.byte	1                       @ DW_FORM_addr
	.byte	85                      @ DW_AT_ranges
	.byte	6                       @ DW_FORM_data4
	.byte	0                       @ EOM(1)
	.byte	0                       @ EOM(2)
	.byte	2                       @ Abbreviation Code
	.byte	46                      @ DW_TAG_subprogram
	.byte	0                       @ DW_CHILDREN_no
	.byte	17                      @ DW_AT_low_pc
	.byte	1                       @ DW_FORM_addr
	.byte	18                      @ DW_AT_high_pc
	.byte	1                       @ DW_FORM_addr
	.byte	64                      @ DW_AT_frame_base
	.byte	10                      @ DW_FORM_block1
	.byte	3                       @ DW_AT_name
	.byte	14                      @ DW_FORM_strp
	.byte	58                      @ DW_AT_decl_file
	.byte	11                      @ DW_FORM_data1
	.byte	59                      @ DW_AT_decl_line
	.byte	11                      @ DW_FORM_data1
	.byte	39                      @ DW_AT_prototyped
	.byte	12                      @ DW_FORM_flag
	.byte	63                      @ DW_AT_external
	.byte	12                      @ DW_FORM_flag
	.byte	0                       @ EOM(1)
	.byte	0                       @ EOM(2)
	.byte	0                       @ EOM(3)
	.section	.debug_info,"",%progbits
.Lcu_begin0:
	.long	226                     @ Length of Unit
	.short	3                       @ DWARF version number
	.long	.debug_abbrev           @ Offset Into Abbrev. Section
	.byte	4                       @ Address Size (in bytes)
	.byte	1                       @ Abbrev [1] 0xb:0xdb DW_TAG_compile_unit
	.long	.Linfo_string0          @ DW_AT_producer
	.short	12                      @ DW_AT_language
	.long	.Linfo_string1          @ DW_AT_name
	.long	.Lline_table_start0     @ DW_AT_stmt_list
	.long	.Linfo_string2          @ DW_AT_comp_dir
	.byte	1                       @ DW_AT_GNU_pubnames
	.long	0                       @ DW_AT_low_pc
	.long	.Ldebug_ranges0         @ DW_AT_ranges
	.byte	2                       @ Abbrev [2] 0x27:0x13 DW_TAG_subprogram
	.long	.Lfunc_begin0           @ DW_AT_low_pc
	.long	.Lfunc_end0             @ DW_AT_high_pc
	.byte	1                       @ DW_AT_frame_base
	.byte	93
	.long	.Linfo_string3          @ DW_AT_name
	.byte	1                       @ DW_AT_decl_file
	.byte	52                      @ DW_AT_decl_line
	.byte	1                       @ DW_AT_prototyped
	.byte	1                       @ DW_AT_external
	.byte	2                       @ Abbrev [2] 0x3a:0x13 DW_TAG_subprogram
	.long	.Lfunc_begin1           @ DW_AT_low_pc
	.long	.Lfunc_end1             @ DW_AT_high_pc
	.byte	1                       @ DW_AT_frame_base
	.byte	93
	.long	.Linfo_string4          @ DW_AT_name
	.byte	1                       @ DW_AT_decl_file
	.byte	60                      @ DW_AT_decl_line
	.byte	1                       @ DW_AT_prototyped
	.byte	1                       @ DW_AT_external
	.byte	2                       @ Abbrev [2] 0x4d:0x13 DW_TAG_subprogram
	.long	.Lfunc_begin2           @ DW_AT_low_pc
	.long	.Lfunc_end2             @ DW_AT_high_pc
	.byte	1                       @ DW_AT_frame_base
	.byte	93
	.long	.Linfo_string5          @ DW_AT_name
	.byte	1                       @ DW_AT_decl_file
	.byte	68                      @ DW_AT_decl_line
	.byte	1                       @ DW_AT_prototyped
	.byte	1                       @ DW_AT_external
	.byte	2                       @ Abbrev [2] 0x60:0x13 DW_TAG_subprogram
	.long	.Lfunc_begin3           @ DW_AT_low_pc
	.long	.Lfunc_end3             @ DW_AT_high_pc
	.byte	1                       @ DW_AT_frame_base
	.byte	93
	.long	.Linfo_string6          @ DW_AT_name
	.byte	1                       @ DW_AT_decl_file
	.byte	76                      @ DW_AT_decl_line
	.byte	1                       @ DW_AT_prototyped
	.byte	1                       @ DW_AT_external
	.byte	2                       @ Abbrev [2] 0x73:0x13 DW_TAG_subprogram
	.long	.Lfunc_begin4           @ DW_AT_low_pc
	.long	.Lfunc_end4             @ DW_AT_high_pc
	.byte	1                       @ DW_AT_frame_base
	.byte	93
	.long	.Linfo_string7          @ DW_AT_name
	.byte	1                       @ DW_AT_decl_file
	.byte	84                      @ DW_AT_decl_line
	.byte	1                       @ DW_AT_prototyped
	.byte	1                       @ DW_AT_external
	.byte	2                       @ Abbrev [2] 0x86:0x13 DW_TAG_subprogram
	.long	.Lfunc_begin5           @ DW_AT_low_pc
	.long	.Lfunc_end5             @ DW_AT_high_pc
	.byte	1                       @ DW_AT_frame_base
	.byte	93
	.long	.Linfo_string8          @ DW_AT_name
	.byte	1                       @ DW_AT_decl_file
	.byte	92                      @ DW_AT_decl_line
	.byte	1                       @ DW_AT_prototyped
	.byte	1                       @ DW_AT_external
	.byte	2                       @ Abbrev [2] 0x99:0x13 DW_TAG_subprogram
	.long	.Lfunc_begin6           @ DW_AT_low_pc
	.long	.Lfunc_end6             @ DW_AT_high_pc
	.byte	1                       @ DW_AT_frame_base
	.byte	93
	.long	.Linfo_string9          @ DW_AT_name
	.byte	1                       @ DW_AT_decl_file
	.byte	101                     @ DW_AT_decl_line
	.byte	1                       @ DW_AT_prototyped
	.byte	1                       @ DW_AT_external
	.byte	2                       @ Abbrev [2] 0xac:0x13 DW_TAG_subprogram
	.long	.Lfunc_begin7           @ DW_AT_low_pc
	.long	.Lfunc_end7             @ DW_AT_high_pc
	.byte	1                       @ DW_AT_frame_base
	.byte	93
	.long	.Linfo_string10         @ DW_AT_name
	.byte	1                       @ DW_AT_decl_file
	.byte	117                     @ DW_AT_decl_line
	.byte	1                       @ DW_AT_prototyped
	.byte	1                       @ DW_AT_external
	.byte	2                       @ Abbrev [2] 0xbf:0x13 DW_TAG_subprogram
	.long	.Lfunc_begin8           @ DW_AT_low_pc
	.long	.Lfunc_end8             @ DW_AT_high_pc
	.byte	1                       @ DW_AT_frame_base
	.byte	93
	.long	.Linfo_string11         @ DW_AT_name
	.byte	1                       @ DW_AT_decl_file
	.byte	125                     @ DW_AT_decl_line
	.byte	1                       @ DW_AT_prototyped
	.byte	1                       @ DW_AT_external
	.byte	2                       @ Abbrev [2] 0xd2:0x13 DW_TAG_subprogram
	.long	.Lfunc_begin9           @ DW_AT_low_pc
	.long	.Lfunc_end9             @ DW_AT_high_pc
	.byte	1                       @ DW_AT_frame_base
	.byte	93
	.long	.Linfo_string12         @ DW_AT_name
	.byte	1                       @ DW_AT_decl_file
	.byte	133                     @ DW_AT_decl_line
	.byte	1                       @ DW_AT_prototyped
	.byte	1                       @ DW_AT_external
	.byte	0                       @ End Of Children Mark
	.section	.debug_ranges,"",%progbits
.Ldebug_ranges0:
	.long	.Lfunc_begin0
	.long	.Lfunc_end0
	.long	.Lfunc_begin1
	.long	.Lfunc_end1
	.long	.Lfunc_begin2
	.long	.Lfunc_end2
	.long	.Lfunc_begin3
	.long	.Lfunc_end3
	.long	.Lfunc_begin4
	.long	.Lfunc_end4
	.long	.Lfunc_begin5
	.long	.Lfunc_end5
	.long	.Lfunc_begin6
	.long	.Lfunc_end6
	.long	.Lfunc_begin7
	.long	.Lfunc_end7
	.long	.Lfunc_begin8
	.long	.Lfunc_end8
	.long	.Lfunc_begin9
	.long	.Lfunc_end9
	.long	0
	.long	0
	.section	.debug_macinfo,"",%progbits
.Lcu_macro_begin0:
	.byte	0                       @ End Of Macro List Mark
	.section	.debug_pubnames,"",%progbits
	.long	.LpubNames_end0-.LpubNames_begin0 @ Length of Public Names Info
.LpubNames_begin0:
	.short	2                       @ DWARF Version
	.long	.Lcu_begin0             @ Offset of Compilation Unit Info
	.long	230                     @ Compilation Unit Length
	.long	39                      @ DIE offset
	.asciz	"NMI_Handler"           @ External Name
	.long	96                      @ DIE offset
	.asciz	"BusFault_Handler"      @ External Name
	.long	77                      @ DIE offset
	.asciz	"MemManage_Handler"     @ External Name
	.long	153                     @ DIE offset
	.asciz	"SysTick_Handler"       @ External Name
	.long	58                      @ DIE offset
	.asciz	"HardFault_Handler"     @ External Name
	.long	134                     @ DIE offset
	.asciz	"SVC_Handler"           @ External Name
	.long	172                     @ DIE offset
	.asciz	"USART1_IRQHandler"     @ External Name
	.long	191                     @ DIE offset
	.asciz	"DMA1_Channel4_IRQHandler" @ External Name
	.long	210                     @ DIE offset
	.asciz	"DMA1_Channel5_IRQHandler" @ External Name
	.long	115                     @ DIE offset
	.asciz	"UsageFault_Handler"    @ External Name
	.long	0                       @ End Mark
.LpubNames_end0:
	.section	.debug_pubtypes,"",%progbits
	.long	.LpubTypes_end0-.LpubTypes_begin0 @ Length of Public Types Info
.LpubTypes_begin0:
	.short	2                       @ DWARF Version
	.long	.Lcu_begin0             @ Offset of Compilation Unit Info
	.long	230                     @ Compilation Unit Length
	.long	0                       @ End Mark
.LpubTypes_end0:

	.ident	"Component: ARM Compiler 6.10.1 Tool: armclang [5d143200]"
	.section	".note.GNU-stack","",%progbits
	.eabi_attribute	30, 1	@ Tag_ABI_optimization_goals
	.ARM_attribute	16, 1	@ Tag_AV_eba
	.section	.debug_line,"",%progbits
.Lline_table_start0:
